<?xml version="1.0" encoding="UTF-8"?>
<testsuites name="Run all test cases" time="2454.25" tests="40" failures="5" errors="0">
   <testsuite name="Run all test cases" tests="40" failures="5" errors="0" time="2454.25" skipped="0" timestamp="2022-01-15 21:49:03" hostname="ASUS - LAPTOP-O4I5TINJ" id="Test Suites/Run all test cases">
      <properties>
         <property name="deviceName" value=""/>
         <property name="devicePlatform" value=""/>
         <property name="logFolder" value="E:\\MoodleTestByKatalon\\Reports\\20220115_214848\\Run all test cases\\20220115_214848"/>
         <property name="logFiles" value="E:\\MoodleTestByKatalon\\Reports\\20220115_214848\\Run all test cases\\20220115_214848\\execution0.log"/>
         <property name="attachments" value="E:\\MoodleTestByKatalon\\Reports\\20220115_214848\\Run all test cases\\20220115_214848\\1642259487529.png, E:\\MoodleTestByKatalon\\Reports\\20220115_214848\\Run all test cases\\20220115_214848\\1642259487646.png, E:\\MoodleTestByKatalon\\Reports\\20220115_214848\\Run all test cases\\20220115_214848\\1642259801652.png, E:\\MoodleTestByKatalon\\Reports\\20220115_214848\\Run all test cases\\20220115_214848\\1642259801802.png, E:\\MoodleTestByKatalon\\Reports\\20220115_214848\\Run all test cases\\20220115_214848\\1642259912947.png, E:\\MoodleTestByKatalon\\Reports\\20220115_214848\\Run all test cases\\20220115_214848\\1642260197271.png, E:\\MoodleTestByKatalon\\Reports\\20220115_214848\\Run all test cases\\20220115_214848\\1642260311281.png"/>
         <property name="hostName" value="ASUS - LAPTOP-O4I5TINJ"/>
         <property name="os" value="Windows 10 64bit"/>
         <property name="katalonVersion" value="8.2.0.208"/>
         <property name="browser" value="Edge Chromium 97"/>
         <property name="hostAddress" value="192.168.11.1"/>
         <property name="sessionId" value="0f69732da10753687f4ea7434acc83c6"/>
         <property name="seleniumVersion" value="3.141.59"/>
         <property name="proxyInformation" value="ProxyInformation { proxyOption=NO_PROXY, proxyServerType=HTTP, username=, password=********, proxyServerAddress=, proxyServerPort=0, executionList=&quot;&quot;, isApplyToDesiredCapabilities=true }"/>
         <property name="platform" value="Windows 10"/>
      </properties>
      <testcase name="Test Cases/Phần thiết lập khác/Tạo Course tên là Sample Course For Permission" time="18.348" classname="Test Cases/Phần thiết lập khác/Tạo Course tên là Sample Course For Permission" status="PASSED">
         <system-out><![CDATA[2022-01-15 21:49:03 - [TEST_CASE][PASSED] - Test Cases/Phần thiết lập khác/Tạo Course tên là Sample Course For Permission: Test Cases/Phần thiết lập khác/Tạo Course tên là Sample Course For Permission

2022-01-15 21:49:03 - [TEST_STEP][PASSED] - callTestCase(findTestCase("Kiểm tra thẻ Site Administration/Đăng nhập thành công"), [:], STOP_ON_FAILURE): Call Test Case 'Test Cases/Kiểm tra thẻ Site Administration/Đăng nhập thành công' successfully

2022-01-15 21:49:04 - [TEST_CASE][PASSED] - Test Cases/Kiểm tra thẻ Site Administration/Đăng nhập thành công: Test Cases/Kiểm tra thẻ Site Administration/Đăng nhập thành công

2022-01-15 21:49:04 - [TEST_STEP][PASSED] - openBrowser(""): Browser is opened with url: ''

2022-01-15 21:49:04 - [MESSAGE][INFO] - Starting 'Edge Chromium' driver

2022-01-15 21:49:07 - [MESSAGE][INFO] - Action delay is set to 0 milliseconds

2022-01-15 21:49:08 - [MESSAGE][PASSED] - Browser is opened with url: ''

2022-01-15 21:49:08 - [TEST_STEP][PASSED] - navigateToUrl("http://localhost/"): Navigate to 'http://localhost/' successfully

2022-01-15 21:49:09 - [MESSAGE][PASSED] - Navigate to 'http://localhost/' successfully

2022-01-15 21:49:09 - [TEST_STEP][PASSED] - click(findTestObject("Object Repository/LoginObject/Page_Automation Testing Site/a_Log in")): Object: 'Object Repository/LoginObject/Page_Automation Testing Site/a_Log in' is clicked on

2022-01-15 21:49:10 - [MESSAGE][PASSED] - Object: 'Object Repository/LoginObject/Page_Automation Testing Site/a_Log in' is clicked on

2022-01-15 21:49:10 - [TEST_STEP][PASSED] - setText(findTestObject("Object Repository/LoginObject/Page_Automation Testing Site Log in to the site/input_Username_username"), "admin"): Text 'admin' is set on object 'Object Repository/LoginObject/Page_Automation Testing Site Log in to the site/input_Username_username'

2022-01-15 21:49:11 - [MESSAGE][PASSED] - Text 'admin' is set on object 'Object Repository/LoginObject/Page_Automation Testing Site Log in to the site/input_Username_username'

2022-01-15 21:49:11 - [TEST_STEP][PASSED] - setEncryptedText(findTestObject("Object Repository/LoginObject/Page_Automation Testing Site Log in to the site/input_Password_password"), "cnpXG5HhkrZpEXzNIGBMZQ=="): Text ****** has been set on object 'Object Repository/LoginObject/Page_Automation Testing Site Log in to the site/input_Password_password'

2022-01-15 21:49:11 - [MESSAGE][PASSED] - Text ****** has been set on object 'Object Repository/LoginObject/Page_Automation Testing Site Log in to the site/input_Password_password'

2022-01-15 21:49:11 - [TEST_STEP][PASSED] - click(findTestObject("Object Repository/LoginObject/Page_Automation Testing Site Log in to the site/button_Log in")): Object: 'Object Repository/LoginObject/Page_Automation Testing Site Log in to the site/button_Log in' is clicked on

2022-01-15 21:49:12 - [MESSAGE][PASSED] - Object: 'Object Repository/LoginObject/Page_Automation Testing Site Log in to the site/button_Log in' is clicked on

2022-01-15 21:49:12 - [TEST_STEP][PASSED] - verifyElementText(findTestObject("Object Repository/LoginObject/Page_Dashboard/span_Site administration"), "Site administration"): Actual text and expected text of test object 'Object Repository/LoginObject/Page_Dashboard/span_Site administration' are matched.

2022-01-15 21:49:14 - [MESSAGE][PASSED] - Actual text and expected text of test object 'Object Repository/LoginObject/Page_Dashboard/span_Site administration' are matched.

2022-01-15 21:49:14 - [MESSAGE][PASSED] - Call Test Case 'Test Cases/Kiểm tra thẻ Site Administration/Đăng nhập thành công' successfully

2022-01-15 21:49:14 - [TEST_STEP][PASSED] - click(findTestObject("Object Repository/AddSampleCourse/Page_Dashboard/span_Site home")): Object: 'Object Repository/AddSampleCourse/Page_Dashboard/span_Site home' is clicked on

2022-01-15 21:49:15 - [MESSAGE][PASSED] - Object: 'Object Repository/AddSampleCourse/Page_Dashboard/span_Site home' is clicked on

2022-01-15 21:49:15 - [TEST_STEP][PASSED] - if (verifyTextPresent("Sample Course For Permission", false, OPTIONAL) == true): Text 'Sample Course For Permission' is not present on page  (Root cause: com.kms.katalon.core.exception.StepFailedException: Text 'Sample Course For Permission' is not present on page 
	at com.kms.katalon.core.webui.keyword.internal.WebUIKeywordMain.stepFailed(WebUIKeywordMain.groovy:64)
	at com.kms.katalon.core.webui.keyword.builtin.VerifyTextPresentKeyword$_verifyTextPresent_closure1.doCall(VerifyTextPresentKeyword.groovy:79)
	at com.kms.katalon.core.webui.keyword.builtin.VerifyTextPresentKeyword$_verifyTextPresent_closure1.call(VerifyTextPresentKeyword.groovy)
	at com.kms.katalon.core.webui.keyword.internal.WebUIKeywordMain.runKeyword(WebUIKeywordMain.groovy:20)
	at com.kms.katalon.core.webui.keyword.builtin.VerifyTextPresentKeyword.verifyTextPresent(VerifyTextPresentKeyword.groovy:83)
	at com.kms.katalon.core.webui.keyword.builtin.VerifyTextPresentKeyword.execute(VerifyTextPresentKeyword.groovy:68)
	at com.kms.katalon.core.keyword.internal.KeywordExecutor.executeKeywordForPlatform(KeywordExecutor.groovy:74)
	at com.kms.katalon.core.webui.keyword.WebUiBuiltInKeywords.verifyTextPresent(WebUiBuiltInKeywords.groovy:1707)
	at com.kms.katalon.core.webui.keyword.WebUiBuiltInKeywords$verifyTextPresent$5.call(Unknown Source)
	at Tạo Course tên là Sample Course For Permission.run(Tạo Course tên là Sample Course For Permission:27)
	at com.kms.katalon.core.main.ScriptEngine.run(ScriptEngine.java:194)
	at com.kms.katalon.core.main.ScriptEngine.runScriptAsRawText(ScriptEngine.java:119)
	at com.kms.katalon.core.main.TestCaseExecutor.runScript(TestCaseExecutor.java:442)
	at com.kms.katalon.core.main.TestCaseExecutor.doExecute(TestCaseExecutor.java:433)
	at com.kms.katalon.core.main.TestCaseExecutor.processExecutionPhase(TestCaseExecutor.java:412)
	at com.kms.katalon.core.main.TestCaseExecutor.accessMainPhase(TestCaseExecutor.java:404)
	at com.kms.katalon.core.main.TestCaseExecutor.execute(TestCaseExecutor.java:281)
	at com.kms.katalon.core.main.TestSuiteExecutor.accessTestCaseMainPhase(TestSuiteExecutor.java:202)
	at com.kms.katalon.core.main.TestSuiteExecutor.accessTestSuiteMainPhase(TestSuiteExecutor.java:164)
	at com.kms.katalon.core.main.TestSuiteExecutor.execute(TestSuiteExecutor.java:105)
	at com.kms.katalon.core.main.TestCaseMain.startTestSuite(TestCaseMain.java:181)
	at com.kms.katalon.core.main.TestCaseMain$startTestSuite$0.call(Unknown Source)
	at TempTestSuite1642258128503.run(TempTestSuite1642258128503.groovy:36)
)

2022-01-15 21:49:16 - [MESSAGE][WARNING] - Text 'Sample Course For Permission' is not present on page  (Root cause: com.kms.katalon.core.exception.StepFailedException: Text 'Sample Course For Permission' is not present on page 
	at com.kms.katalon.core.webui.keyword.internal.WebUIKeywordMain.stepFailed(WebUIKeywordMain.groovy:64)
	at com.kms.katalon.core.webui.keyword.builtin.VerifyTextPresentKeyword$_verifyTextPresent_closure1.doCall(VerifyTextPresentKeyword.groovy:79)
	at com.kms.katalon.core.webui.keyword.builtin.VerifyTextPresentKeyword$_verifyTextPresent_closure1.call(VerifyTextPresentKeyword.groovy)
	at com.kms.katalon.core.webui.keyword.internal.WebUIKeywordMain.runKeyword(WebUIKeywordMain.groovy:20)
	at com.kms.katalon.core.webui.keyword.builtin.VerifyTextPresentKeyword.verifyTextPresent(VerifyTextPresentKeyword.groovy:83)
	at com.kms.katalon.core.webui.keyword.builtin.VerifyTextPresentKeyword.execute(VerifyTextPresentKeyword.groovy:68)
	at com.kms.katalon.core.keyword.internal.KeywordExecutor.executeKeywordForPlatform(KeywordExecutor.groovy:74)
	at com.kms.katalon.core.webui.keyword.WebUiBuiltInKeywords.verifyTextPresent(WebUiBuiltInKeywords.groovy:1707)
	at com.kms.katalon.core.webui.keyword.WebUiBuiltInKeywords$verifyTextPresent$5.call(Unknown Source)
	at Tạo Course tên là Sample Course For Permission.run(Tạo Course tên là Sample Course For Permission:27)
	at com.kms.katalon.core.main.ScriptEngine.run(ScriptEngine.java:194)
	at com.kms.katalon.core.main.ScriptEngine.runScriptAsRawText(ScriptEngine.java:119)
	at com.kms.katalon.core.main.TestCaseExecutor.runScript(TestCaseExecutor.java:442)
	at com.kms.katalon.core.main.TestCaseExecutor.doExecute(TestCaseExecutor.java:433)
	at com.kms.katalon.core.main.TestCaseExecutor.processExecutionPhase(TestCaseExecutor.java:412)
	at com.kms.katalon.core.main.TestCaseExecutor.accessMainPhase(TestCaseExecutor.java:404)
	at com.kms.katalon.core.main.TestCaseExecutor.execute(TestCaseExecutor.java:281)
	at com.kms.katalon.core.main.TestSuiteExecutor.accessTestCaseMainPhase(TestSuiteExecutor.java:202)
	at com.kms.katalon.core.main.TestSuiteExecutor.accessTestSuiteMainPhase(TestSuiteExecutor.java:164)
	at com.kms.katalon.core.main.TestSuiteExecutor.execute(TestSuiteExecutor.java:105)
	at com.kms.katalon.core.main.TestCaseMain.startTestSuite(TestCaseMain.java:181)
	at com.kms.katalon.core.main.TestCaseMain$startTestSuite$0.call(Unknown Source)
	at TempTestSuite1642258128503.run(TempTestSuite1642258128503.groovy:36)
)

2022-01-15 21:49:16 - [TEST_STEP][PASSED] - else: Text 'Sample Course For Permission' is present on page 

2022-01-15 21:49:16 - [TEST_STEP][PASSED] - click(findTestObject("Object Repository/AddSampleCourse/Page_Automation Testing Site/button_Add a new course")): Object: 'Object Repository/AddSampleCourse/Page_Automation Testing Site/button_Add a new course' is clicked on

2022-01-15 21:49:17 - [MESSAGE][PASSED] - Object: 'Object Repository/AddSampleCourse/Page_Automation Testing Site/button_Add a new course' is clicked on

2022-01-15 21:49:17 - [TEST_STEP][PASSED] - setText(findTestObject("Object Repository/AddSampleCourse/Page_SiteTesting Add a new course/input_Course full name_fullname"), "Sample Course For Permission"): Text 'Sample Course For Permission' is set on object 'Object Repository/AddSampleCourse/Page_SiteTesting Add a new course/input_Course full name_fullname'

2022-01-15 21:49:19 - [MESSAGE][PASSED] - Text 'Sample Course For Permission' is set on object 'Object Repository/AddSampleCourse/Page_SiteTesting Add a new course/input_Course full name_fullname'

2022-01-15 21:49:19 - [TEST_STEP][PASSED] - setText(findTestObject("Object Repository/AddSampleCourse/Page_SiteTesting Add a new course/input_Course short name_shortname"), "SampleC"): Text 'SampleC' is set on object 'Object Repository/AddSampleCourse/Page_SiteTesting Add a new course/input_Course short name_shortname'

2022-01-15 21:49:19 - [MESSAGE][PASSED] - Text 'SampleC' is set on object 'Object Repository/AddSampleCourse/Page_SiteTesting Add a new course/input_Course short name_shortname'

2022-01-15 21:49:19 - [TEST_STEP][PASSED] - click(findTestObject("Object Repository/AddSampleCourse/Page_SiteTesting Add a new course/input__saveandreturn")): Object: 'Object Repository/AddSampleCourse/Page_SiteTesting Add a new course/input__saveandreturn' is clicked on

2022-01-15 21:49:21 - [MESSAGE][PASSED] - Object: 'Object Repository/AddSampleCourse/Page_SiteTesting Add a new course/input__saveandreturn' is clicked on

2022-01-15 21:49:21 - [TEST_STEP][PASSED] - verifyTextPresent("Sample Course For Permission", false): Text 'Sample Course For Permission' is present on page 

2022-01-15 21:49:21 - [MESSAGE][PASSED] - Text 'Sample Course For Permission' is present on page]]></system-out>
         <system-err><![CDATA[]]></system-err>
      </testcase>
      <testcase name="Test Cases/Student/0. Setup student env" time="160.867" classname="Test Cases/Student/0. Setup student env" status="PASSED">
         <system-out><![CDATA[2022-01-15 21:49:21 - [TEST_CASE][PASSED] - Test Cases/Student/0. Setup student env: Test Cases/Student/0. Setup student env

2022-01-15 21:49:21 - [TEST_STEP][PASSED] - openBrowser(""): Browser is opened with url: ''

2022-01-15 21:49:21 - [MESSAGE][WARNING] - A browser is already opened. Closing browser and opening a new one

2022-01-15 21:49:22 - [MESSAGE][INFO] - Starting 'Edge Chromium' driver

2022-01-15 21:49:24 - [MESSAGE][INFO] - Action delay is set to 0 milliseconds

2022-01-15 21:49:25 - [MESSAGE][PASSED] - Browser is opened with url: ''

2022-01-15 21:49:25 - [TEST_STEP][PASSED] - navigateToUrl("http://localhost/"): Navigate to 'http://localhost/' successfully

2022-01-15 21:49:26 - [MESSAGE][PASSED] - Navigate to 'http://localhost/' successfully

2022-01-15 21:49:26 - [TEST_STEP][PASSED] - click(findTestObject("Object Repository/Page_Automation Testing Site/a_Log in")): Object: 'Object Repository/Page_Automation Testing Site/a_Log in' is clicked on

2022-01-15 21:49:27 - [MESSAGE][PASSED] - Object: 'Object Repository/Page_Automation Testing Site/a_Log in' is clicked on

2022-01-15 21:49:27 - [TEST_STEP][PASSED] - setText(findTestObject("Object Repository/Page_Automation Testing Site Log in to the site/input_Username_username"), "admin"): Text 'admin' is set on object 'Object Repository/Page_Automation Testing Site Log in to the site/input_Username_username'

2022-01-15 21:49:28 - [MESSAGE][PASSED] - Text 'admin' is set on object 'Object Repository/Page_Automation Testing Site Log in to the site/input_Username_username'

2022-01-15 21:49:28 - [TEST_STEP][PASSED] - setEncryptedText(findTestObject("Object Repository/Page_Automation Testing Site Log in to the site/input_Password_password"), "cnpXG5HhkrZpEXzNIGBMZQ=="): Text ****** has been set on object 'Object Repository/Page_Automation Testing Site Log in to the site/input_Password_password'

2022-01-15 21:49:28 - [MESSAGE][PASSED] - Text ****** has been set on object 'Object Repository/Page_Automation Testing Site Log in to the site/input_Password_password'

2022-01-15 21:49:28 - [TEST_STEP][PASSED] - click(findTestObject("Object Repository/Page_Automation Testing Site Log in to the site/button_Log in")): Object: 'Object Repository/Page_Automation Testing Site Log in to the site/button_Log in' is clicked on

2022-01-15 21:49:29 - [MESSAGE][PASSED] - Object: 'Object Repository/Page_Automation Testing Site Log in to the site/button_Log in' is clicked on

2022-01-15 21:49:29 - [TEST_STEP][PASSED] - click(findTestObject("Object Repository/Page_Course and category management/span_Site administration")): Object: 'Object Repository/Page_Course and category management/span_Site administration' is clicked on

2022-01-15 21:49:32 - [MESSAGE][PASSED] - Object: 'Object Repository/Page_Course and category management/span_Site administration' is clicked on

2022-01-15 21:49:32 - [TEST_STEP][PASSED] - click(findTestObject("Object Repository/Page_SiteTesting Administration Search/a_Courses")): Object: 'Object Repository/Page_SiteTesting Administration Search/a_Courses' is clicked on

2022-01-15 21:49:32 - [MESSAGE][PASSED] - Object: 'Object Repository/Page_SiteTesting Administration Search/a_Courses' is clicked on

2022-01-15 21:49:32 - [TEST_STEP][PASSED] - click(findTestObject("Object Repository/Page_SiteTesting Administration Search/a_Manage courses and categories")): Object: 'Object Repository/Page_SiteTesting Administration Search/a_Manage courses and categories' is clicked on

2022-01-15 21:49:33 - [MESSAGE][PASSED] - Object: 'Object Repository/Page_SiteTesting Administration Search/a_Manage courses and categories' is clicked on

2022-01-15 21:49:33 - [TEST_STEP][PASSED] - click(findTestObject("Object Repository/Page_Course and category management/a_Create new course")): Object: 'Object Repository/Page_Course and category management/a_Create new course' is clicked on

2022-01-15 21:50:04 - [MESSAGE][INFO] - Unable to find the element located by 'By.xpath: //div[@id='yui_3_17_2_1_1642147506792_57']/div/div/a'. Please recheck the objects properties to make sure the desired element is located. 

2022-01-15 21:50:04 - [MESSAGE][WARNING] - [SELF-HEALING] Failed to find element with id 'Object Repository/Page_Course and category management/a_Create new course'. Try using Self-healing.

2022-01-15 21:50:05 - [MESSAGE][WARNING] - [SELF-HEALING] The current locator of test object 'Object Repository/Page_Course and category management/a_Create new course' was broken. Propose an alternative one: '//a[contains(text(),'Create new course')]'.

2022-01-15 21:50:06 - [MESSAGE][PASSED] - Object: 'Object Repository/Page_Course and category management/a_Create new course' is clicked on

2022-01-15 21:50:06 - [TEST_STEP][PASSED] - setText(findTestObject("Object Repository/Page_SiteTesting Add a new course/input_Course full name_fullname"), "CNTN"): Text 'CNTN' is set on object 'Object Repository/Page_SiteTesting Add a new course/input_Course full name_fullname'

2022-01-15 21:50:07 - [MESSAGE][PASSED] - Text 'CNTN' is set on object 'Object Repository/Page_SiteTesting Add a new course/input_Course full name_fullname'

2022-01-15 21:50:07 - [TEST_STEP][PASSED] - setText(findTestObject("Object Repository/Page_SiteTesting Add a new course/input_Course short name_shortname"), "cntn"): Text 'cntn' is set on object 'Object Repository/Page_SiteTesting Add a new course/input_Course short name_shortname'

2022-01-15 21:50:08 - [MESSAGE][PASSED] - Text 'cntn' is set on object 'Object Repository/Page_SiteTesting Add a new course/input_Course short name_shortname'

2022-01-15 21:50:08 - [TEST_STEP][PASSED] - click(findTestObject("Object Repository/Page_SiteTesting Add a new course/input__saveanddisplay")): Object: 'Object Repository/Page_SiteTesting Add a new course/input__saveanddisplay' is clicked on

2022-01-15 21:50:09 - [MESSAGE][PASSED] - Object: 'Object Repository/Page_SiteTesting Add a new course/input__saveanddisplay' is clicked on

2022-01-15 21:50:09 - [TEST_STEP][PASSED] - click(findTestObject("Object Repository/Page_Grades View/span_General")): Object: 'Object Repository/Page_Grades View/span_General' is clicked on

2022-01-15 21:50:10 - [MESSAGE][PASSED] - Object: 'Object Repository/Page_Grades View/span_General' is clicked on

2022-01-15 21:50:10 - [TEST_STEP][PASSED] - scrollToPosition(0, 0): Browser is scrolled to position x = 0, y = 0

2022-01-15 21:50:10 - [MESSAGE][PASSED] - Browser is scrolled to position x = 0, y = 0

2022-01-15 21:50:10 - [TEST_STEP][PASSED] - click(findTestObject("Object Repository/Page_Course CNTN/button_Turn editing on")): Object: 'Object Repository/Page_Course CNTN/button_Turn editing on' is clicked on

2022-01-15 21:50:12 - [MESSAGE][PASSED] - Object: 'Object Repository/Page_Course CNTN/button_Turn editing on' is clicked on

2022-01-15 21:50:12 - [TEST_STEP][PASSED] - click(findTestObject("Object Repository/Page_Course CNTN/span_Add an activity or resource")): Object: 'Object Repository/Page_Course CNTN/span_Add an activity or resource' is clicked on

2022-01-15 21:50:12 - [MESSAGE][PASSED] - Object: 'Object Repository/Page_Course CNTN/span_Add an activity or resource' is clicked on

2022-01-15 21:50:12 - [TEST_STEP][PASSED] - click(findTestObject("Object Repository/Page_Course CNTN/div_Assignment")): Object: 'Object Repository/Page_Course CNTN/div_Assignment' is clicked on

2022-01-15 21:50:44 - [MESSAGE][INFO] - Unable to find the element located by 'By.xpath: //div[@id='all-6']/div/div/div/a/div[2]'. Please recheck the objects properties to make sure the desired element is located. 

2022-01-15 21:50:44 - [MESSAGE][WARNING] - [SELF-HEALING] Failed to find element with id 'Object Repository/Page_Course CNTN/div_Assignment'. Try using Self-healing.

2022-01-15 21:50:44 - [MESSAGE][WARNING] - [SELF-HEALING] The current locator of test object 'Object Repository/Page_Course CNTN/div_Assignment' was broken. Propose an alternative one: '(.//*[normalize-space(text()) and normalize-space(.)='Recommended'])[1]/following::div[9]'.

2022-01-15 21:50:45 - [MESSAGE][PASSED] - Object: 'Object Repository/Page_Course CNTN/div_Assignment' is clicked on

2022-01-15 21:50:45 - [TEST_STEP][PASSED] - setText(findTestObject("Object Repository/Page_Editing Assignment/input_Assignment name_name"), "assignment test"): Text 'assignment test' is set on object 'Object Repository/Page_Editing Assignment/input_Assignment name_name'

2022-01-15 21:50:46 - [MESSAGE][PASSED] - Text 'assignment test' is set on object 'Object Repository/Page_Editing Assignment/input_Assignment name_name'

2022-01-15 21:50:46 - [TEST_STEP][PASSED] - click(findTestObject("Object Repository/Page_Editing Assignment/input_File submissions_assignsubmission_fil_19d1d4")): Object: 'Object Repository/Page_Editing Assignment/input_File submissions_assignsubmission_fil_19d1d4' is clicked on

2022-01-15 21:50:47 - [MESSAGE][PASSED] - Object: 'Object Repository/Page_Editing Assignment/input_File submissions_assignsubmission_fil_19d1d4' is clicked on

2022-01-15 21:50:47 - [TEST_STEP][PASSED] - click(findTestObject("Object Repository/Page_Editing Assignment/input_Online text_assignsubmission_onlinete_900d47")): Object: 'Object Repository/Page_Editing Assignment/input_Online text_assignsubmission_onlinete_900d47' is clicked on

2022-01-15 21:50:47 - [MESSAGE][PASSED] - Object: 'Object Repository/Page_Editing Assignment/input_Online text_assignsubmission_onlinete_900d47' is clicked on

2022-01-15 21:50:47 - [TEST_STEP][PASSED] - click(findTestObject("Object Repository/Page_Editing Assignment/input_Upon activity completion_submitbutton2")): Object: 'Object Repository/Page_Editing Assignment/input_Upon activity completion_submitbutton2' is clicked on

2022-01-15 21:50:49 - [MESSAGE][PASSED] - Object: 'Object Repository/Page_Editing Assignment/input_Upon activity completion_submitbutton2' is clicked on

2022-01-15 21:50:49 - [TEST_STEP][PASSED] - click(findTestObject("Object Repository/Page_Course CNTN/span_Add an activity or resource_1")): Object: 'Object Repository/Page_Course CNTN/span_Add an activity or resource_1' is clicked on

2022-01-15 21:51:20 - [MESSAGE][INFO] - Unable to find the element located by 'By.xpath: //span[@id='yui_3_17_2_1_1642138852412_644']'. Please recheck the objects properties to make sure the desired element is located. 

2022-01-15 21:51:20 - [MESSAGE][WARNING] - [SELF-HEALING] Failed to find element with id 'Object Repository/Page_Course CNTN/span_Add an activity or resource_1'. Try using Self-healing.

2022-01-15 21:51:20 - [MESSAGE][WARNING] - [SELF-HEALING] The current locator of test object 'Object Repository/Page_Course CNTN/span_Add an activity or resource_1' was broken. Propose an alternative one: '(.//*[normalize-space(text()) and normalize-space(.)='Add file(s) here'])[1]/following::span[1]'.

2022-01-15 21:51:20 - [MESSAGE][PASSED] - Object: 'Object Repository/Page_Course CNTN/span_Add an activity or resource_1' is clicked on

2022-01-15 21:51:20 - [TEST_STEP][PASSED] - click(findTestObject("Object Repository/Page_Course CNTN/div_Chat")): Object: 'Object Repository/Page_Course CNTN/div_Chat' is clicked on

2022-01-15 21:51:22 - [MESSAGE][PASSED] - Object: 'Object Repository/Page_Course CNTN/div_Chat' is clicked on

2022-01-15 21:51:22 - [TEST_STEP][PASSED] - setText(findTestObject("Object Repository/Page_Editing Chat/input_Name of this chat room_name"), "chat test"): Text 'chat test' is set on object 'Object Repository/Page_Editing Chat/input_Name of this chat room_name'

2022-01-15 21:51:24 - [MESSAGE][PASSED] - Text 'chat test' is set on object 'Object Repository/Page_Editing Chat/input_Name of this chat room_name'

2022-01-15 21:51:24 - [TEST_STEP][PASSED] - click(findTestObject("Object Repository/Page_Editing Chat/input_Upon activity completion_submitbutton2")): Object: 'Object Repository/Page_Editing Chat/input_Upon activity completion_submitbutton2' is clicked on

2022-01-15 21:51:25 - [MESSAGE][PASSED] - Object: 'Object Repository/Page_Editing Chat/input_Upon activity completion_submitbutton2' is clicked on

2022-01-15 21:51:25 - [TEST_STEP][PASSED] - click(findTestObject("Object Repository/Page_Course CNTN/span_Add an activity or resource_1_2_3")): Object: 'Object Repository/Page_Course CNTN/span_Add an activity or resource_1_2_3' is clicked on

2022-01-15 21:51:56 - [MESSAGE][INFO] - Unable to find the element located by 'By.xpath: //span[@id='yui_3_17_2_1_1642147556110_611']'. Please recheck the objects properties to make sure the desired element is located. 

2022-01-15 21:51:56 - [MESSAGE][WARNING] - [SELF-HEALING] Failed to find element with id 'Object Repository/Page_Course CNTN/span_Add an activity or resource_1_2_3'. Try using Self-healing.

2022-01-15 21:51:56 - [MESSAGE][WARNING] - [SELF-HEALING] The current locator of test object 'Object Repository/Page_Course CNTN/span_Add an activity or resource_1_2_3' was broken. Propose an alternative one: '(.//*[normalize-space(text()) and normalize-space(.)='Add file(s) here'])[1]/following::span[1]'.

2022-01-15 21:51:56 - [MESSAGE][PASSED] - Object: 'Object Repository/Page_Course CNTN/span_Add an activity or resource_1_2_3' is clicked on

2022-01-15 21:51:56 - [TEST_STEP][PASSED] - click(findTestObject("Object Repository/Page_Course CNTN/div_Forum")): Object: 'Object Repository/Page_Course CNTN/div_Forum' is clicked on

2022-01-15 21:51:58 - [MESSAGE][PASSED] - Object: 'Object Repository/Page_Course CNTN/div_Forum' is clicked on

2022-01-15 21:51:58 - [TEST_STEP][PASSED] - setText(findTestObject("Object Repository/Page_Editing Forum/input_Forum name_name"), "forum test"): Text 'forum test' is set on object 'Object Repository/Page_Editing Forum/input_Forum name_name'

2022-01-15 21:52:00 - [MESSAGE][PASSED] - Text 'forum test' is set on object 'Object Repository/Page_Editing Forum/input_Forum name_name'

2022-01-15 21:52:00 - [TEST_STEP][PASSED] - click(findTestObject("Object Repository/Page_Editing Forum/input_Upon activity completion_submitbutton2")): Object: 'Object Repository/Page_Editing Forum/input_Upon activity completion_submitbutton2' is clicked on

2022-01-15 21:52:01 - [MESSAGE][PASSED] - Object: 'Object Repository/Page_Editing Forum/input_Upon activity completion_submitbutton2' is clicked on

2022-01-15 21:52:01 - [TEST_STEP][PASSED] - closeBrowser(): Browser is closed

2022-01-15 21:52:02 - [MESSAGE][PASSED] - Browser is closed]]></system-out>
         <system-err><![CDATA[]]></system-err>
      </testcase>
      <testcase name="Test Cases/Student/1. Join class" time="147.828" classname="Test Cases/Student/1. Join class" status="PASSED">
         <system-out><![CDATA[2022-01-15 21:52:02 - [TEST_CASE][PASSED] - Test Cases/Student/1. Join class: Test Cases/Student/1. Join class

2022-01-15 21:52:02 - [TEST_STEP][PASSED] - openBrowser(""): Browser is opened with url: ''

2022-01-15 21:52:02 - [MESSAGE][INFO] - Starting 'Edge Chromium' driver

2022-01-15 21:52:05 - [MESSAGE][INFO] - Action delay is set to 0 milliseconds

2022-01-15 21:52:05 - [MESSAGE][PASSED] - Browser is opened with url: ''

2022-01-15 21:52:05 - [TEST_STEP][PASSED] - navigateToUrl("http://localhost/"): Navigate to 'http://localhost/' successfully

2022-01-15 21:52:06 - [MESSAGE][PASSED] - Navigate to 'http://localhost/' successfully

2022-01-15 21:52:06 - [TEST_STEP][PASSED] - click(findTestObject("Object Repository/Page_Automation Testing Site/a_Log in")): Object: 'Object Repository/Page_Automation Testing Site/a_Log in' is clicked on

2022-01-15 21:52:07 - [MESSAGE][PASSED] - Object: 'Object Repository/Page_Automation Testing Site/a_Log in' is clicked on

2022-01-15 21:52:07 - [TEST_STEP][PASSED] - setText(findTestObject("Object Repository/Page_Automation Testing Site Log in to the site/input_Username_username"), "admin"): Text 'admin' is set on object 'Object Repository/Page_Automation Testing Site Log in to the site/input_Username_username'

2022-01-15 21:52:08 - [MESSAGE][PASSED] - Text 'admin' is set on object 'Object Repository/Page_Automation Testing Site Log in to the site/input_Username_username'

2022-01-15 21:52:08 - [TEST_STEP][PASSED] - setEncryptedText(findTestObject("Object Repository/Page_Automation Testing Site Log in to the site/input_Password_password"), "cnpXG5HhkrZpEXzNIGBMZQ=="): Text ****** has been set on object 'Object Repository/Page_Automation Testing Site Log in to the site/input_Password_password'

2022-01-15 21:52:08 - [MESSAGE][PASSED] - Text ****** has been set on object 'Object Repository/Page_Automation Testing Site Log in to the site/input_Password_password'

2022-01-15 21:52:08 - [TEST_STEP][PASSED] - click(findTestObject("Object Repository/Page_Automation Testing Site Log in to the site/button_Log in")): Object: 'Object Repository/Page_Automation Testing Site Log in to the site/button_Log in' is clicked on

2022-01-15 21:52:09 - [MESSAGE][PASSED] - Object: 'Object Repository/Page_Automation Testing Site Log in to the site/button_Log in' is clicked on

2022-01-15 21:52:09 - [TEST_STEP][PASSED] - click(findTestObject("Object Repository/Page_Dashboard/span_Site administration")): Object: 'Object Repository/Page_Dashboard/span_Site administration' is clicked on

2022-01-15 21:52:11 - [MESSAGE][PASSED] - Object: 'Object Repository/Page_Dashboard/span_Site administration' is clicked on

2022-01-15 21:52:11 - [TEST_STEP][PASSED] - click(findTestObject("Object Repository/Page_SiteTesting Administration Search/a_Users")): Object: 'Object Repository/Page_SiteTesting Administration Search/a_Users' is clicked on

2022-01-15 21:52:12 - [MESSAGE][PASSED] - Object: 'Object Repository/Page_SiteTesting Administration Search/a_Users' is clicked on

2022-01-15 21:52:12 - [TEST_STEP][PASSED] - click(findTestObject("Object Repository/Page_SiteTesting Administration Search/a_Add a new user")): Object: 'Object Repository/Page_SiteTesting Administration Search/a_Add a new user' is clicked on

2022-01-15 21:52:13 - [MESSAGE][PASSED] - Object: 'Object Repository/Page_SiteTesting Administration Search/a_Add a new user' is clicked on

2022-01-15 21:52:13 - [TEST_STEP][PASSED] - setText(findTestObject("Object Repository/Page_SiteTesting Administration Users Accou_a8eb60/input_Username_username"), "student"): Text 'student' is set on object 'Object Repository/Page_SiteTesting Administration Users Accou_a8eb60/input_Username_username'

2022-01-15 21:52:14 - [MESSAGE][PASSED] - Text 'student' is set on object 'Object Repository/Page_SiteTesting Administration Users Accou_a8eb60/input_Username_username'

2022-01-15 21:52:14 - [TEST_STEP][PASSED] - click(findTestObject("Object Repository/Page_SiteTesting Administration Users Accou_a8eb60/em_Click to enter text")): Object: 'Object Repository/Page_SiteTesting Administration Users Accou_a8eb60/em_Click to enter text' is clicked on

2022-01-15 21:52:46 - [MESSAGE][INFO] - Unable to find the element located by 'By.xpath: //a[@id='yui_3_17_2_1_1642121855075_766']/span/span/em'. Please recheck the objects properties to make sure the desired element is located. 

2022-01-15 21:52:46 - [MESSAGE][WARNING] - [SELF-HEALING] Failed to find element with id 'Object Repository/Page_SiteTesting Administration Users Accou_a8eb60/em_Click to enter text'. Try using Self-healing.

2022-01-15 21:52:46 - [MESSAGE][WARNING] - [SELF-HEALING] The current locator of test object 'Object Repository/Page_SiteTesting Administration Users Accou_a8eb60/em_Click to enter text' was broken. Propose an alternative one: '(.//*[normalize-space(text()) and normalize-space(.)='New password'])[1]/following::em[1]'.

2022-01-15 21:52:46 - [MESSAGE][PASSED] - Object: 'Object Repository/Page_SiteTesting Administration Users Accou_a8eb60/em_Click to enter text' is clicked on

2022-01-15 21:52:46 - [TEST_STEP][PASSED] - setEncryptedText(findTestObject("Object Repository/Page_SiteTesting Administration Users Accou_a8eb60/input_New password_newpassword"), "cnpXG5HhkrZpEXzNIGBMZQ=="): Text ****** has been set on object 'Object Repository/Page_SiteTesting Administration Users Accou_a8eb60/input_New password_newpassword'

2022-01-15 21:52:47 - [MESSAGE][PASSED] - Text ****** has been set on object 'Object Repository/Page_SiteTesting Administration Users Accou_a8eb60/input_New password_newpassword'

2022-01-15 21:52:47 - [TEST_STEP][PASSED] - setText(findTestObject("Object Repository/Page_SiteTesting Administration Users Accou_a8eb60/input_First name_firstname"), "a"): Text 'a' is set on object 'Object Repository/Page_SiteTesting Administration Users Accou_a8eb60/input_First name_firstname'

2022-01-15 21:52:48 - [MESSAGE][PASSED] - Text 'a' is set on object 'Object Repository/Page_SiteTesting Administration Users Accou_a8eb60/input_First name_firstname'

2022-01-15 21:52:48 - [TEST_STEP][PASSED] - setText(findTestObject("Object Repository/Page_SiteTesting Administration Users Accou_a8eb60/input_Surname_lastname"), "b"): Text 'b' is set on object 'Object Repository/Page_SiteTesting Administration Users Accou_a8eb60/input_Surname_lastname'

2022-01-15 21:52:49 - [MESSAGE][PASSED] - Text 'b' is set on object 'Object Repository/Page_SiteTesting Administration Users Accou_a8eb60/input_Surname_lastname'

2022-01-15 21:52:49 - [TEST_STEP][PASSED] - setText(findTestObject("Object Repository/Page_SiteTesting Administration Users Accou_a8eb60/input_Email address_email"), "c@gmail.com"): Text 'c@gmail.com' is set on object 'Object Repository/Page_SiteTesting Administration Users Accou_a8eb60/input_Email address_email'

2022-01-15 21:52:49 - [MESSAGE][PASSED] - Text 'c@gmail.com' is set on object 'Object Repository/Page_SiteTesting Administration Users Accou_a8eb60/input_Email address_email'

2022-01-15 21:52:49 - [TEST_STEP][PASSED] - click(findTestObject("Object Repository/Page_SiteTesting Administration Users Accou_a8eb60/input_Address_submitbutton")): Object: 'Object Repository/Page_SiteTesting Administration Users Accou_a8eb60/input_Address_submitbutton' is clicked on

2022-01-15 21:52:51 - [MESSAGE][PASSED] - Object: 'Object Repository/Page_SiteTesting Administration Users Accou_a8eb60/input_Address_submitbutton' is clicked on

2022-01-15 21:52:51 - [TEST_STEP][PASSED] - click(findTestObject("Object Repository/Page_SiteTesting Administration Search/span_Site home")): Object: 'Object Repository/Page_SiteTesting Administration Search/span_Site home' is clicked on

2022-01-15 21:52:52 - [MESSAGE][PASSED] - Object: 'Object Repository/Page_SiteTesting Administration Search/span_Site home' is clicked on

2022-01-15 21:52:52 - [TEST_STEP][PASSED] - click(findTestObject("Object Repository/Page_Automation Testing Site/a_CNTN")): Object: 'Object Repository/Page_Automation Testing Site/a_CNTN' is clicked on

2022-01-15 21:52:53 - [MESSAGE][PASSED] - Object: 'Object Repository/Page_Automation Testing Site/a_CNTN' is clicked on

2022-01-15 21:52:53 - [TEST_STEP][PASSED] - click(findTestObject("Object Repository/Page_Course CNTN/span_Participants")): Object: 'Object Repository/Page_Course CNTN/span_Participants' is clicked on

2022-01-15 21:52:54 - [MESSAGE][PASSED] - Object: 'Object Repository/Page_Course CNTN/span_Participants' is clicked on

2022-01-15 21:52:54 - [TEST_STEP][PASSED] - click(findTestObject("Object Repository/Page_cntn Participants/input_Participants_btn btn-secondary my-1")): Object: 'Object Repository/Page_cntn Participants/input_Participants_btn btn-secondary my-1' is clicked on

2022-01-15 21:52:55 - [MESSAGE][PASSED] - Object: 'Object Repository/Page_cntn Participants/input_Participants_btn btn-secondary my-1' is clicked on

2022-01-15 21:52:55 - [TEST_STEP][PASSED] - click(findTestObject("Object Repository/Page_cntn Participants/span_")): Object: 'Object Repository/Page_cntn Participants/span_' is clicked on

2022-01-15 21:53:26 - [MESSAGE][INFO] - Unable to find the element located by 'By.xpath: //span[@id='form_autocomplete_downarrow-1642122004951']'. Please recheck the objects properties to make sure the desired element is located. 

2022-01-15 21:53:26 - [MESSAGE][WARNING] - [SELF-HEALING] Failed to find element with id 'Object Repository/Page_cntn Participants/span_'. Try using Self-healing.

2022-01-15 21:53:26 - [MESSAGE][WARNING] - [SELF-HEALING] The current locator of test object 'Object Repository/Page_cntn Participants/span_' was broken. Propose an alternative one: '//div[@id='fitem_id_userlist']/div[2]/div[3]/span'.

2022-01-15 21:53:26 - [MESSAGE][PASSED] - Object: 'Object Repository/Page_cntn Participants/span_' is clicked on

2022-01-15 21:53:26 - [TEST_STEP][PASSED] - click(findTestObject("Object Repository/Page_cntn Participants/small_cgmail.com")): Object: 'Object Repository/Page_cntn Participants/small_cgmail.com' is clicked on

2022-01-15 21:53:57 - [MESSAGE][INFO] - Unable to find the element located by 'By.xpath: //li[@id='form_autocomplete_suggestions-1642122004951-0']/span/span[2]/small'. Please recheck the objects properties to make sure the desired element is located. 

2022-01-15 21:53:57 - [MESSAGE][WARNING] - [SELF-HEALING] Failed to find element with id 'Object Repository/Page_cntn Participants/small_cgmail.com'. Try using Self-healing.

2022-01-15 21:53:58 - [MESSAGE][WARNING] - [SELF-HEALING] The current locator of test object 'Object Repository/Page_cntn Participants/small_cgmail.com' was broken. Propose an alternative one: '(.//*[normalize-space(text()) and normalize-space(.)='a b'])[2]/following::small[1]'.

2022-01-15 21:53:58 - [MESSAGE][PASSED] - Object: 'Object Repository/Page_cntn Participants/small_cgmail.com' is clicked on

2022-01-15 21:53:58 - [TEST_STEP][PASSED] - click(findTestObject("Object Repository/Page_cntn Participants/button_Enrol users")): Object: 'Object Repository/Page_cntn Participants/button_Enrol users' is clicked on

2022-01-15 21:54:29 - [MESSAGE][INFO] - Unable to find the element located by 'By.xpath: //button[@id='yui_3_17_2_1_1642122004793_252']'. Please recheck the objects properties to make sure the desired element is located. 

2022-01-15 21:54:29 - [MESSAGE][WARNING] - [SELF-HEALING] Failed to find element with id 'Object Repository/Page_cntn Participants/button_Enrol users'. Try using Self-healing.

2022-01-15 21:54:29 - [MESSAGE][WARNING] - [SELF-HEALING] The current locator of test object 'Object Repository/Page_cntn Participants/button_Enrol users' was broken. Propose an alternative one: '(.//*[normalize-space(text()) and normalize-space(.)='Minute'])[1]/following::button[1]'.

2022-01-15 21:54:29 - [MESSAGE][PASSED] - Object: 'Object Repository/Page_cntn Participants/button_Enrol users' is clicked on

2022-01-15 21:54:29 - [TEST_STEP][PASSED] - closeBrowser(): Browser is closed

2022-01-15 21:54:30 - [MESSAGE][PASSED] - Browser is closed]]></system-out>
         <system-err><![CDATA[]]></system-err>
      </testcase>
      <testcase name="Test Cases/Student/3. Calendar/1. create calendar event" time="75.497" classname="Test Cases/Student/3. Calendar/1. create calendar event" status="PASSED">
         <system-out><![CDATA[2022-01-15 21:54:30 - [TEST_CASE][PASSED] - Test Cases/Student/3. Calendar/1. create calendar event: Test Cases/Student/3. Calendar/1. create calendar event

2022-01-15 21:54:30 - [TEST_STEP][PASSED] - callTestCase(findTestCase("Student/2. Login as student"), [:], STOP_ON_FAILURE): Call Test Case 'Test Cases/Student/2. Login as student' successfully

2022-01-15 21:54:30 - [TEST_CASE][PASSED] - Test Cases/Student/2. Login as student: Test Cases/Student/2. Login as student

2022-01-15 21:54:30 - [TEST_STEP][PASSED] - openBrowser(""): Browser is opened with url: ''

2022-01-15 21:54:30 - [MESSAGE][INFO] - Starting 'Edge Chromium' driver

2022-01-15 21:54:33 - [MESSAGE][INFO] - Action delay is set to 0 milliseconds

2022-01-15 21:54:33 - [MESSAGE][PASSED] - Browser is opened with url: ''

2022-01-15 21:54:33 - [TEST_STEP][PASSED] - navigateToUrl("http://localhost/"): Navigate to 'http://localhost/' successfully

2022-01-15 21:54:34 - [MESSAGE][PASSED] - Navigate to 'http://localhost/' successfully

2022-01-15 21:54:34 - [TEST_STEP][PASSED] - click(findTestObject("Object Repository/Page_Automation Testing Site/a_Log in")): Object: 'Object Repository/Page_Automation Testing Site/a_Log in' is clicked on

2022-01-15 21:54:35 - [MESSAGE][PASSED] - Object: 'Object Repository/Page_Automation Testing Site/a_Log in' is clicked on

2022-01-15 21:54:35 - [TEST_STEP][PASSED] - setText(findTestObject("Object Repository/Page_Automation Testing Site Log in to the site/input_Username_username"), "student"): Text 'student' is set on object 'Object Repository/Page_Automation Testing Site Log in to the site/input_Username_username'

2022-01-15 21:54:35 - [MESSAGE][PASSED] - Text 'student' is set on object 'Object Repository/Page_Automation Testing Site Log in to the site/input_Username_username'

2022-01-15 21:54:35 - [TEST_STEP][PASSED] - setEncryptedText(findTestObject("Object Repository/Page_Automation Testing Site Log in to the site/input_Password_password"), "cnpXG5HhkrZpEXzNIGBMZQ=="): Text ****** has been set on object 'Object Repository/Page_Automation Testing Site Log in to the site/input_Password_password'

2022-01-15 21:54:36 - [MESSAGE][PASSED] - Text ****** has been set on object 'Object Repository/Page_Automation Testing Site Log in to the site/input_Password_password'

2022-01-15 21:54:36 - [TEST_STEP][PASSED] - click(findTestObject("Object Repository/Page_Automation Testing Site Log in to the site/button_Log in")): Object: 'Object Repository/Page_Automation Testing Site Log in to the site/button_Log in' is clicked on

2022-01-15 21:54:37 - [MESSAGE][PASSED] - Object: 'Object Repository/Page_Automation Testing Site Log in to the site/button_Log in' is clicked on

2022-01-15 21:54:37 - [TEST_STEP][PASSED] - click(findTestObject("Object Repository/Page_Dashboard/span_Site home")): Object: 'Object Repository/Page_Dashboard/span_Site home' is clicked on

2022-01-15 21:55:08 - [MESSAGE][INFO] - Unable to find the element located by 'By.xpath: '. Please recheck the objects properties to make sure the desired element is located. 

2022-01-15 21:55:08 - [MESSAGE][WARNING] - [SELF-HEALING] Failed to find element with id 'Object Repository/Page_Dashboard/span_Site home'. Try using Self-healing.

2022-01-15 21:55:09 - [MESSAGE][WARNING] - [SELF-HEALING] The current locator of test object 'Object Repository/Page_Dashboard/span_Site home' was broken. Propose an alternative one: '//div[@id='nav-drawer']/nav/ul/li[2]/a/div/div/span[2]'.

2022-01-15 21:55:09 - [MESSAGE][PASSED] - Object: 'Object Repository/Page_Dashboard/span_Site home' is clicked on

2022-01-15 21:55:09 - [TEST_STEP][PASSED] - click(findTestObject("Object Repository/Page_Automation Testing Site/a_CNTN")): Object: 'Object Repository/Page_Automation Testing Site/a_CNTN' is clicked on

2022-01-15 21:55:10 - [MESSAGE][PASSED] - Object: 'Object Repository/Page_Automation Testing Site/a_CNTN' is clicked on

2022-01-15 21:55:10 - [MESSAGE][INFO] - 

2022-01-15 21:55:10 - [MESSAGE][INFO] - ===================== Self-healing Report ====================

2022-01-15 21:55:10 - [MESSAGE][INFO] - One of the failed test object locators has been recovered by Self-healing. Please refer to the Self-healing Insights tab for more details.

2022-01-15 21:55:10 - [MESSAGE][INFO] - To learn more about Self-healing, please read https://docs.katalon.com/katalon-studio/docs/self-healing.html

2022-01-15 21:55:10 - [MESSAGE][INFO] - ==============================================================

2022-01-15 21:55:10 - [MESSAGE][PASSED] - Call Test Case 'Test Cases/Student/2. Login as student' successfully

2022-01-15 21:55:10 - [TEST_STEP][PASSED] - navigateToUrl("http://localhost/calendar/view.php?view=month"): Navigate to 'http://localhost/calendar/view.php?view=month' successfully

2022-01-15 21:55:10 - [MESSAGE][PASSED] - Navigate to 'http://localhost/calendar/view.php?view=month' successfully

2022-01-15 21:55:10 - [TEST_STEP][PASSED] - click(findTestObject("Object Repository/Page_SiteTesting Calendar Detailed month vi_90ebed/button_New event")): Object: 'Object Repository/Page_SiteTesting Calendar Detailed month vi_90ebed/button_New event' is clicked on

2022-01-15 21:55:11 - [MESSAGE][PASSED] - Object: 'Object Repository/Page_SiteTesting Calendar Detailed month vi_90ebed/button_New event' is clicked on

2022-01-15 21:55:11 - [TEST_STEP][PASSED] - setText(findTestObject("Object Repository/Page_SiteTesting Calendar Detailed month vi_90ebed/input_Event title_name"), "new"): Text 'new' is set on object 'Object Repository/Page_SiteTesting Calendar Detailed month vi_90ebed/input_Event title_name'

2022-01-15 21:55:13 - [MESSAGE][PASSED] - Text 'new' is set on object 'Object Repository/Page_SiteTesting Calendar Detailed month vi_90ebed/input_Event title_name'

2022-01-15 21:55:13 - [TEST_STEP][PASSED] - click(findTestObject("Object Repository/Page_SiteTesting Calendar Detailed month vi_90ebed/button_Save")): Object: 'Object Repository/Page_SiteTesting Calendar Detailed month vi_90ebed/button_Save' is clicked on

2022-01-15 21:55:44 - [MESSAGE][INFO] - Unable to find the element located by 'By.xpath: //button[@type = 'button' and @class = 'btn btn-primary' and @data-action = 'save' and (text() = '

            Save
            
                
                
                
            
        ' or . = '

            Save
            
                
                
                
            
        ')]'. Please recheck the objects properties to make sure the desired element is located. 

2022-01-15 21:55:44 - [MESSAGE][WARNING] - [SELF-HEALING] Failed to find element with id 'Object Repository/Page_SiteTesting Calendar Detailed month vi_90ebed/button_Save'. Try using Self-healing.

2022-01-15 21:55:44 - [MESSAGE][WARNING] - [SELF-HEALING] The current locator of test object 'Object Repository/Page_SiteTesting Calendar Detailed month vi_90ebed/button_Save' was broken. Propose an alternative one: '(.//*[normalize-space(text()) and normalize-space(.)='Repeat weekly, creating altogether'])[1]/following::button[1]'.

2022-01-15 21:55:45 - [MESSAGE][PASSED] - Object: 'Object Repository/Page_SiteTesting Calendar Detailed month vi_90ebed/button_Save' is clicked on

2022-01-15 21:55:45 - [TEST_STEP][PASSED] - closeBrowser(): Browser is closed

2022-01-15 21:55:45 - [MESSAGE][PASSED] - Browser is closed]]></system-out>
         <system-err><![CDATA[]]></system-err>
      </testcase>
      <testcase name="Test Cases/Student/3. Calendar/3. create calendar empty title" time="73.955" classname="Test Cases/Student/3. Calendar/3. create calendar empty title" status="PASSED">
         <system-out><![CDATA[2022-01-15 21:55:45 - [TEST_CASE][PASSED] - Test Cases/Student/3. Calendar/3. create calendar empty title: Test Cases/Student/3. Calendar/3. create calendar empty title

2022-01-15 21:55:46 - [TEST_STEP][PASSED] - callTestCase(findTestCase("Student/2. Login as student"), [:], STOP_ON_FAILURE): Call Test Case 'Test Cases/Student/2. Login as student' successfully

2022-01-15 21:55:46 - [TEST_CASE][PASSED] - Test Cases/Student/2. Login as student: Test Cases/Student/2. Login as student

2022-01-15 21:55:46 - [TEST_STEP][PASSED] - openBrowser(""): Browser is opened with url: ''

2022-01-15 21:55:46 - [MESSAGE][INFO] - Starting 'Edge Chromium' driver

2022-01-15 21:55:48 - [MESSAGE][INFO] - Action delay is set to 0 milliseconds

2022-01-15 21:55:49 - [MESSAGE][PASSED] - Browser is opened with url: ''

2022-01-15 21:55:49 - [TEST_STEP][PASSED] - navigateToUrl("http://localhost/"): Navigate to 'http://localhost/' successfully

2022-01-15 21:55:49 - [MESSAGE][PASSED] - Navigate to 'http://localhost/' successfully

2022-01-15 21:55:49 - [TEST_STEP][PASSED] - click(findTestObject("Object Repository/Page_Automation Testing Site/a_Log in")): Object: 'Object Repository/Page_Automation Testing Site/a_Log in' is clicked on

2022-01-15 21:55:50 - [MESSAGE][PASSED] - Object: 'Object Repository/Page_Automation Testing Site/a_Log in' is clicked on

2022-01-15 21:55:50 - [TEST_STEP][PASSED] - setText(findTestObject("Object Repository/Page_Automation Testing Site Log in to the site/input_Username_username"), "student"): Text 'student' is set on object 'Object Repository/Page_Automation Testing Site Log in to the site/input_Username_username'

2022-01-15 21:55:51 - [MESSAGE][PASSED] - Text 'student' is set on object 'Object Repository/Page_Automation Testing Site Log in to the site/input_Username_username'

2022-01-15 21:55:51 - [TEST_STEP][PASSED] - setEncryptedText(findTestObject("Object Repository/Page_Automation Testing Site Log in to the site/input_Password_password"), "cnpXG5HhkrZpEXzNIGBMZQ=="): Text ****** has been set on object 'Object Repository/Page_Automation Testing Site Log in to the site/input_Password_password'

2022-01-15 21:55:52 - [MESSAGE][PASSED] - Text ****** has been set on object 'Object Repository/Page_Automation Testing Site Log in to the site/input_Password_password'

2022-01-15 21:55:52 - [TEST_STEP][PASSED] - click(findTestObject("Object Repository/Page_Automation Testing Site Log in to the site/button_Log in")): Object: 'Object Repository/Page_Automation Testing Site Log in to the site/button_Log in' is clicked on

2022-01-15 21:55:53 - [MESSAGE][PASSED] - Object: 'Object Repository/Page_Automation Testing Site Log in to the site/button_Log in' is clicked on

2022-01-15 21:55:53 - [TEST_STEP][PASSED] - click(findTestObject("Object Repository/Page_Dashboard/span_Site home")): Object: 'Object Repository/Page_Dashboard/span_Site home' is clicked on

2022-01-15 21:56:24 - [MESSAGE][INFO] - Unable to find the element located by 'By.xpath: '. Please recheck the objects properties to make sure the desired element is located. 

2022-01-15 21:56:24 - [MESSAGE][WARNING] - [SELF-HEALING] Failed to find element with id 'Object Repository/Page_Dashboard/span_Site home'. Try using Self-healing.

2022-01-15 21:56:24 - [MESSAGE][WARNING] - [SELF-HEALING] The current locator of test object 'Object Repository/Page_Dashboard/span_Site home' was broken. Propose an alternative one: '//div[@id='nav-drawer']/nav/ul/li[2]/a/div/div/span[2]'.

2022-01-15 21:56:25 - [MESSAGE][PASSED] - Object: 'Object Repository/Page_Dashboard/span_Site home' is clicked on

2022-01-15 21:56:25 - [TEST_STEP][PASSED] - click(findTestObject("Object Repository/Page_Automation Testing Site/a_CNTN")): Object: 'Object Repository/Page_Automation Testing Site/a_CNTN' is clicked on

2022-01-15 21:56:25 - [MESSAGE][PASSED] - Object: 'Object Repository/Page_Automation Testing Site/a_CNTN' is clicked on

2022-01-15 21:56:25 - [MESSAGE][INFO] - 

2022-01-15 21:56:25 - [MESSAGE][INFO] - ===================== Self-healing Report ====================

2022-01-15 21:56:25 - [MESSAGE][INFO] - One of the failed test object locators has been recovered by Self-healing. Please refer to the Self-healing Insights tab for more details.

2022-01-15 21:56:25 - [MESSAGE][INFO] - To learn more about Self-healing, please read https://docs.katalon.com/katalon-studio/docs/self-healing.html

2022-01-15 21:56:25 - [MESSAGE][INFO] - ==============================================================

2022-01-15 21:56:25 - [MESSAGE][PASSED] - Call Test Case 'Test Cases/Student/2. Login as student' successfully

2022-01-15 21:56:25 - [TEST_STEP][PASSED] - navigateToUrl("http://localhost/calendar/view.php?view=month"): Navigate to 'http://localhost/calendar/view.php?view=month' successfully

2022-01-15 21:56:26 - [MESSAGE][PASSED] - Navigate to 'http://localhost/calendar/view.php?view=month' successfully

2022-01-15 21:56:26 - [TEST_STEP][PASSED] - click(findTestObject("Object Repository/Page_SiteTesting Calendar Detailed month vi_90ebed/button_New event")): Object: 'Object Repository/Page_SiteTesting Calendar Detailed month vi_90ebed/button_New event' is clicked on

2022-01-15 21:56:27 - [MESSAGE][PASSED] - Object: 'Object Repository/Page_SiteTesting Calendar Detailed month vi_90ebed/button_New event' is clicked on

2022-01-15 21:56:27 - [TEST_STEP][PASSED] - click(findTestObject("Object Repository/Page_SiteTesting Calendar Detailed month vi_90ebed/button_Save")): Object: 'Object Repository/Page_SiteTesting Calendar Detailed month vi_90ebed/button_Save' is clicked on

2022-01-15 21:56:58 - [MESSAGE][INFO] - Unable to find the element located by 'By.xpath: //button[@type = 'button' and @class = 'btn btn-primary' and @data-action = 'save' and (text() = '

            Save
            
                
                
                
            
        ' or . = '

            Save
            
                
                
                
            
        ')]'. Please recheck the objects properties to make sure the desired element is located. 

2022-01-15 21:56:58 - [MESSAGE][WARNING] - [SELF-HEALING] Failed to find element with id 'Object Repository/Page_SiteTesting Calendar Detailed month vi_90ebed/button_Save'. Try using Self-healing.

2022-01-15 21:56:58 - [MESSAGE][WARNING] - [SELF-HEALING] The current locator of test object 'Object Repository/Page_SiteTesting Calendar Detailed month vi_90ebed/button_Save' was broken. Propose an alternative one: '(.//*[normalize-space(text()) and normalize-space(.)='Repeat weekly, creating altogether'])[1]/following::button[1]'.

2022-01-15 21:56:58 - [MESSAGE][PASSED] - Object: 'Object Repository/Page_SiteTesting Calendar Detailed month vi_90ebed/button_Save' is clicked on

2022-01-15 21:56:58 - [TEST_STEP][PASSED] - verifyElementText(findTestObject("Object Repository/Page_SiteTesting Calendar Detailed month vi_90ebed/div_- Required"), "- Required"): Actual text and expected text of test object 'Object Repository/Page_SiteTesting Calendar Detailed month vi_90ebed/div_- Required' are matched.

2022-01-15 21:56:59 - [MESSAGE][PASSED] - Actual text and expected text of test object 'Object Repository/Page_SiteTesting Calendar Detailed month vi_90ebed/div_- Required' are matched.

2022-01-15 21:56:59 - [TEST_STEP][PASSED] - closeBrowser(): Browser is closed

2022-01-15 21:56:59 - [MESSAGE][PASSED] - Browser is closed]]></system-out>
         <system-err><![CDATA[]]></system-err>
      </testcase>
      <testcase name="Test Cases/Student/3. Calendar/4. create calendar with invaid date" time="110.127" classname="Test Cases/Student/3. Calendar/4. create calendar with invaid date" status="PASSED">
         <system-out><![CDATA[2022-01-15 21:56:59 - [TEST_CASE][PASSED] - Test Cases/Student/3. Calendar/4. create calendar with invaid date: Test Cases/Student/3. Calendar/4. create calendar with invaid date

2022-01-15 21:57:00 - [TEST_STEP][PASSED] - callTestCase(findTestCase("Student/2. Login as student"), [:], STOP_ON_FAILURE): Call Test Case 'Test Cases/Student/2. Login as student' successfully

2022-01-15 21:57:00 - [TEST_CASE][PASSED] - Test Cases/Student/2. Login as student: Test Cases/Student/2. Login as student

2022-01-15 21:57:00 - [TEST_STEP][PASSED] - openBrowser(""): Browser is opened with url: ''

2022-01-15 21:57:00 - [MESSAGE][INFO] - Starting 'Edge Chromium' driver

2022-01-15 21:57:02 - [MESSAGE][INFO] - Action delay is set to 0 milliseconds

2022-01-15 21:57:03 - [MESSAGE][PASSED] - Browser is opened with url: ''

2022-01-15 21:57:03 - [TEST_STEP][PASSED] - navigateToUrl("http://localhost/"): Navigate to 'http://localhost/' successfully

2022-01-15 21:57:03 - [MESSAGE][PASSED] - Navigate to 'http://localhost/' successfully

2022-01-15 21:57:03 - [TEST_STEP][PASSED] - click(findTestObject("Object Repository/Page_Automation Testing Site/a_Log in")): Object: 'Object Repository/Page_Automation Testing Site/a_Log in' is clicked on

2022-01-15 21:57:04 - [MESSAGE][PASSED] - Object: 'Object Repository/Page_Automation Testing Site/a_Log in' is clicked on

2022-01-15 21:57:04 - [TEST_STEP][PASSED] - setText(findTestObject("Object Repository/Page_Automation Testing Site Log in to the site/input_Username_username"), "student"): Text 'student' is set on object 'Object Repository/Page_Automation Testing Site Log in to the site/input_Username_username'

2022-01-15 21:57:05 - [MESSAGE][PASSED] - Text 'student' is set on object 'Object Repository/Page_Automation Testing Site Log in to the site/input_Username_username'

2022-01-15 21:57:05 - [TEST_STEP][PASSED] - setEncryptedText(findTestObject("Object Repository/Page_Automation Testing Site Log in to the site/input_Password_password"), "cnpXG5HhkrZpEXzNIGBMZQ=="): Text ****** has been set on object 'Object Repository/Page_Automation Testing Site Log in to the site/input_Password_password'

2022-01-15 21:57:05 - [MESSAGE][PASSED] - Text ****** has been set on object 'Object Repository/Page_Automation Testing Site Log in to the site/input_Password_password'

2022-01-15 21:57:05 - [TEST_STEP][PASSED] - click(findTestObject("Object Repository/Page_Automation Testing Site Log in to the site/button_Log in")): Object: 'Object Repository/Page_Automation Testing Site Log in to the site/button_Log in' is clicked on

2022-01-15 21:57:06 - [MESSAGE][PASSED] - Object: 'Object Repository/Page_Automation Testing Site Log in to the site/button_Log in' is clicked on

2022-01-15 21:57:06 - [TEST_STEP][PASSED] - click(findTestObject("Object Repository/Page_Dashboard/span_Site home")): Object: 'Object Repository/Page_Dashboard/span_Site home' is clicked on

2022-01-15 21:57:38 - [MESSAGE][INFO] - Unable to find the element located by 'By.xpath: '. Please recheck the objects properties to make sure the desired element is located. 

2022-01-15 21:57:38 - [MESSAGE][WARNING] - [SELF-HEALING] Failed to find element with id 'Object Repository/Page_Dashboard/span_Site home'. Try using Self-healing.

2022-01-15 21:57:38 - [MESSAGE][WARNING] - [SELF-HEALING] The current locator of test object 'Object Repository/Page_Dashboard/span_Site home' was broken. Propose an alternative one: '//div[@id='nav-drawer']/nav/ul/li[2]/a/div/div/span[2]'.

2022-01-15 21:57:38 - [MESSAGE][PASSED] - Object: 'Object Repository/Page_Dashboard/span_Site home' is clicked on

2022-01-15 21:57:38 - [TEST_STEP][PASSED] - click(findTestObject("Object Repository/Page_Automation Testing Site/a_CNTN")): Object: 'Object Repository/Page_Automation Testing Site/a_CNTN' is clicked on

2022-01-15 21:57:39 - [MESSAGE][PASSED] - Object: 'Object Repository/Page_Automation Testing Site/a_CNTN' is clicked on

2022-01-15 21:57:39 - [MESSAGE][INFO] - 

2022-01-15 21:57:39 - [MESSAGE][INFO] - ===================== Self-healing Report ====================

2022-01-15 21:57:39 - [MESSAGE][INFO] - One of the failed test object locators has been recovered by Self-healing. Please refer to the Self-healing Insights tab for more details.

2022-01-15 21:57:39 - [MESSAGE][INFO] - To learn more about Self-healing, please read https://docs.katalon.com/katalon-studio/docs/self-healing.html

2022-01-15 21:57:39 - [MESSAGE][INFO] - ==============================================================

2022-01-15 21:57:39 - [MESSAGE][PASSED] - Call Test Case 'Test Cases/Student/2. Login as student' successfully

2022-01-15 21:57:39 - [TEST_STEP][PASSED] - navigateToUrl("http://localhost/calendar/view.php?view=month"): Navigate to 'http://localhost/calendar/view.php?view=month' successfully

2022-01-15 21:57:40 - [MESSAGE][PASSED] - Navigate to 'http://localhost/calendar/view.php?view=month' successfully

2022-01-15 21:57:40 - [TEST_STEP][PASSED] - click(findTestObject("Object Repository/Page_SiteTesting Calendar Detailed month vi_90ebed/button_New event")): Object: 'Object Repository/Page_SiteTesting Calendar Detailed month vi_90ebed/button_New event' is clicked on

2022-01-15 21:57:41 - [MESSAGE][PASSED] - Object: 'Object Repository/Page_SiteTesting Calendar Detailed month vi_90ebed/button_New event' is clicked on

2022-01-15 21:57:41 - [TEST_STEP][PASSED] - click(findTestObject("Object Repository/Page_SiteTesting Calendar Detailed month vi_90ebed/a_Show more")): Object: 'Object Repository/Page_SiteTesting Calendar Detailed month vi_90ebed/a_Show more' is clicked on

2022-01-15 21:58:12 - [MESSAGE][INFO] - Unable to find the element located by 'By.xpath: //*[@href = '#' and @class = 'moreless-toggler' and @aria-expanded = 'false' and @role = 'button' and @id = 'yui_3_17_2_1_1641262406973_609' and (text() = 'Show more...' or . = 'Show more...')]'. Please recheck the objects properties to make sure the desired element is located. 

2022-01-15 21:58:12 - [MESSAGE][WARNING] - [SELF-HEALING] Failed to find element with id 'Object Repository/Page_SiteTesting Calendar Detailed month vi_90ebed/a_Show more'. Try using Self-healing.

2022-01-15 21:58:13 - [MESSAGE][WARNING] - [SELF-HEALING] The current locator of test object 'Object Repository/Page_SiteTesting Calendar Detailed month vi_90ebed/a_Show more' was broken. Propose an alternative one: '//a[contains(text(),'Show more...')]'.

2022-01-15 21:58:13 - [MESSAGE][PASSED] - Object: 'Object Repository/Page_SiteTesting Calendar Detailed month vi_90ebed/a_Show more' is clicked on

2022-01-15 21:58:13 - [TEST_STEP][PASSED] - click(findTestObject("Object Repository/Page_SiteTesting Calendar Detailed month vi_90ebed/label_Until")): Object: 'Object Repository/Page_SiteTesting Calendar Detailed month vi_90ebed/label_Until' is clicked on

2022-01-15 21:58:13 - [MESSAGE][PASSED] - Object: 'Object Repository/Page_SiteTesting Calendar Detailed month vi_90ebed/label_Until' is clicked on

2022-01-15 21:58:13 - [TEST_STEP][PASSED] - selectOptionByValue(findTestObject("Object Repository/Page_SiteTesting Calendar Detailed month vi_90ebed/select_1        2        3        4        _45ea30_1"), "3", true): All options with value '3' are selected in object 'Object Repository/Page_SiteTesting Calendar Detailed month vi_90ebed/select_1        2        3        4        _45ea30_1'  using regular expression

2022-01-15 21:58:15 - [MESSAGE][PASSED] - All options with value '3' are selected in object 'Object Repository/Page_SiteTesting Calendar Detailed month vi_90ebed/select_1        2        3        4        _45ea30_1'  using regular expression

2022-01-15 21:58:15 - [TEST_STEP][PASSED] - setText(findTestObject("Object Repository/Page_SiteTesting Calendar Detailed month vi_90ebed/input_Event title_name"), "new"): Text 'new' is set on object 'Object Repository/Page_SiteTesting Calendar Detailed month vi_90ebed/input_Event title_name'

2022-01-15 21:58:16 - [MESSAGE][PASSED] - Text 'new' is set on object 'Object Repository/Page_SiteTesting Calendar Detailed month vi_90ebed/input_Event title_name'

2022-01-15 21:58:16 - [TEST_STEP][PASSED] - click(findTestObject("Object Repository/Page_SiteTesting Calendar Detailed month vi_90ebed/button_Save_1")): Object: 'Object Repository/Page_SiteTesting Calendar Detailed month vi_90ebed/button_Save_1' is clicked on

2022-01-15 21:58:47 - [MESSAGE][INFO] - Unable to find the element located by 'By.xpath: //button[@type = 'button' and @class = 'btn btn-primary' and @data-action = 'save' and (text() = '

            Save
            
                
                
                
            
        ' or . = '

            Save
            
                
                
                
            
        ')]'. Please recheck the objects properties to make sure the desired element is located. 

2022-01-15 21:58:47 - [MESSAGE][WARNING] - [SELF-HEALING] Failed to find element with id 'Object Repository/Page_SiteTesting Calendar Detailed month vi_90ebed/button_Save_1'. Try using Self-healing.

2022-01-15 21:58:47 - [MESSAGE][WARNING] - [SELF-HEALING] The current locator of test object 'Object Repository/Page_SiteTesting Calendar Detailed month vi_90ebed/button_Save_1' was broken. Propose an alternative one: '(.//*[normalize-space(text()) and normalize-space(.)='Repeat weekly, creating altogether'])[1]/following::button[1]'.

2022-01-15 21:58:47 - [MESSAGE][PASSED] - Object: 'Object Repository/Page_SiteTesting Calendar Detailed month vi_90ebed/button_Save_1' is clicked on

2022-01-15 21:58:47 - [TEST_STEP][PASSED] - verifyElementText(findTestObject("Object Repository/Page_SiteTesting Calendar Detailed month vi_90ebed/div_The date and time you selected for dura_28074d"), "The date and time you selected for duration until is before the start time of the event. Please correct this before proceeding."): Actual text and expected text of test object 'Object Repository/Page_SiteTesting Calendar Detailed month vi_90ebed/div_The date and time you selected for dura_28074d' are matched.

2022-01-15 21:58:49 - [MESSAGE][PASSED] - Actual text and expected text of test object 'Object Repository/Page_SiteTesting Calendar Detailed month vi_90ebed/div_The date and time you selected for dura_28074d' are matched.

2022-01-15 21:58:49 - [TEST_STEP][PASSED] - closeBrowser(): Browser is closed

2022-01-15 21:58:50 - [MESSAGE][PASSED] - Browser is closed]]></system-out>
         <system-err><![CDATA[]]></system-err>
      </testcase>
      <testcase name="Test Cases/Student/4. Comment/2. Add comment" time="231.248" classname="Test Cases/Student/4. Comment/2. Add comment" status="PASSED">
         <system-out><![CDATA[2022-01-15 21:58:50 - [TEST_CASE][PASSED] - Test Cases/Student/4. Comment/2. Add comment: Test Cases/Student/4. Comment/2. Add comment

2022-01-15 21:58:50 - [TEST_STEP][PASSED] - callTestCase(findTestCase("Student/2. Login as student"), [:], STOP_ON_FAILURE): Call Test Case 'Test Cases/Student/2. Login as student' successfully

2022-01-15 21:58:50 - [TEST_CASE][PASSED] - Test Cases/Student/2. Login as student: Test Cases/Student/2. Login as student

2022-01-15 21:58:50 - [TEST_STEP][PASSED] - openBrowser(""): Browser is opened with url: ''

2022-01-15 21:58:50 - [MESSAGE][INFO] - Starting 'Edge Chromium' driver

2022-01-15 21:58:52 - [MESSAGE][INFO] - Action delay is set to 0 milliseconds

2022-01-15 21:58:53 - [MESSAGE][PASSED] - Browser is opened with url: ''

2022-01-15 21:58:53 - [TEST_STEP][PASSED] - navigateToUrl("http://localhost/"): Navigate to 'http://localhost/' successfully

2022-01-15 21:58:54 - [MESSAGE][PASSED] - Navigate to 'http://localhost/' successfully

2022-01-15 21:58:54 - [TEST_STEP][PASSED] - click(findTestObject("Object Repository/Page_Automation Testing Site/a_Log in")): Object: 'Object Repository/Page_Automation Testing Site/a_Log in' is clicked on

2022-01-15 21:58:55 - [MESSAGE][PASSED] - Object: 'Object Repository/Page_Automation Testing Site/a_Log in' is clicked on

2022-01-15 21:58:55 - [TEST_STEP][PASSED] - setText(findTestObject("Object Repository/Page_Automation Testing Site Log in to the site/input_Username_username"), "student"): Text 'student' is set on object 'Object Repository/Page_Automation Testing Site Log in to the site/input_Username_username'

2022-01-15 21:58:55 - [MESSAGE][PASSED] - Text 'student' is set on object 'Object Repository/Page_Automation Testing Site Log in to the site/input_Username_username'

2022-01-15 21:58:55 - [TEST_STEP][PASSED] - setEncryptedText(findTestObject("Object Repository/Page_Automation Testing Site Log in to the site/input_Password_password"), "cnpXG5HhkrZpEXzNIGBMZQ=="): Text ****** has been set on object 'Object Repository/Page_Automation Testing Site Log in to the site/input_Password_password'

2022-01-15 21:58:56 - [MESSAGE][PASSED] - Text ****** has been set on object 'Object Repository/Page_Automation Testing Site Log in to the site/input_Password_password'

2022-01-15 21:58:56 - [TEST_STEP][PASSED] - click(findTestObject("Object Repository/Page_Automation Testing Site Log in to the site/button_Log in")): Object: 'Object Repository/Page_Automation Testing Site Log in to the site/button_Log in' is clicked on

2022-01-15 21:58:57 - [MESSAGE][PASSED] - Object: 'Object Repository/Page_Automation Testing Site Log in to the site/button_Log in' is clicked on

2022-01-15 21:58:57 - [TEST_STEP][PASSED] - click(findTestObject("Object Repository/Page_Dashboard/span_Site home")): Object: 'Object Repository/Page_Dashboard/span_Site home' is clicked on

2022-01-15 21:59:29 - [MESSAGE][INFO] - Unable to find the element located by 'By.xpath: '. Please recheck the objects properties to make sure the desired element is located. 

2022-01-15 21:59:29 - [MESSAGE][WARNING] - [SELF-HEALING] Failed to find element with id 'Object Repository/Page_Dashboard/span_Site home'. Try using Self-healing.

2022-01-15 21:59:29 - [MESSAGE][WARNING] - [SELF-HEALING] The current locator of test object 'Object Repository/Page_Dashboard/span_Site home' was broken. Propose an alternative one: '//div[@id='nav-drawer']/nav/ul/li[2]/a/div/div/span[2]'.

2022-01-15 21:59:29 - [MESSAGE][PASSED] - Object: 'Object Repository/Page_Dashboard/span_Site home' is clicked on

2022-01-15 21:59:29 - [TEST_STEP][PASSED] - click(findTestObject("Object Repository/Page_Automation Testing Site/a_CNTN")): Object: 'Object Repository/Page_Automation Testing Site/a_CNTN' is clicked on

2022-01-15 21:59:30 - [MESSAGE][PASSED] - Object: 'Object Repository/Page_Automation Testing Site/a_CNTN' is clicked on

2022-01-15 21:59:30 - [MESSAGE][INFO] - 

2022-01-15 21:59:30 - [MESSAGE][INFO] - ===================== Self-healing Report ====================

2022-01-15 21:59:30 - [MESSAGE][INFO] - One of the failed test object locators has been recovered by Self-healing. Please refer to the Self-healing Insights tab for more details.

2022-01-15 21:59:30 - [MESSAGE][INFO] - To learn more about Self-healing, please read https://docs.katalon.com/katalon-studio/docs/self-healing.html

2022-01-15 21:59:30 - [MESSAGE][INFO] - ==============================================================

2022-01-15 21:59:30 - [MESSAGE][PASSED] - Call Test Case 'Test Cases/Student/2. Login as student' successfully

2022-01-15 21:59:30 - [TEST_STEP][PASSED] - click(findTestObject("Object Repository/Page_Course CNTN/span_assignment test")): Object: 'Object Repository/Page_Course CNTN/span_assignment test' is clicked on

2022-01-15 22:00:02 - [MESSAGE][INFO] - Unable to find the element located by 'By.xpath: //li[@id='module-13']/div/div/div[2]/div/a/span'. Please recheck the objects properties to make sure the desired element is located. 

2022-01-15 22:00:02 - [MESSAGE][WARNING] - [SELF-HEALING] Failed to find element with id 'Object Repository/Page_Course CNTN/span_assignment test'. Try using Self-healing.

2022-01-15 22:00:02 - [MESSAGE][WARNING] - [SELF-HEALING] The current locator of test object 'Object Repository/Page_Course CNTN/span_assignment test' was broken. Propose an alternative one: '(.//*[normalize-space(text()) and normalize-space(.)='Forum'])[1]/following::span[1]'.

2022-01-15 22:00:02 - [MESSAGE][PASSED] - Object: 'Object Repository/Page_Course CNTN/span_assignment test' is clicked on

2022-01-15 22:00:02 - [TEST_STEP][PASSED] - click(findTestObject("Object Repository/Page_cntn assignment test/span_Comments (0)")): Object: 'Object Repository/Page_cntn assignment test/span_Comments (0)' is clicked on

2022-01-15 22:00:33 - [MESSAGE][INFO] - Unable to find the element located by 'By.xpath: //span[@id='comment-link-text-61e0d7219f79b']'. Please recheck the objects properties to make sure the desired element is located. 

2022-01-15 22:00:33 - [MESSAGE][WARNING] - [SELF-HEALING] Failed to find element with id 'Object Repository/Page_cntn assignment test/span_Comments (0)'. Try using Self-healing.

2022-01-15 22:00:34 - [MESSAGE][WARNING] - [SELF-HEALING] The current locator of test object 'Object Repository/Page_cntn assignment test/span_Comments (0)' was broken. Propose an alternative one: '(.//*[normalize-space(text()) and normalize-space(.)='Show comments'])[1]/following::span[1]'.

2022-01-15 22:00:34 - [MESSAGE][PASSED] - Object: 'Object Repository/Page_cntn assignment test/span_Comments (0)' is clicked on

2022-01-15 22:00:34 - [TEST_STEP][PASSED] - setText(findTestObject("Object Repository/Page_cntn assignment test/textarea_Comments (0)_content"), "test"): Text 'test' is set on object 'Object Repository/Page_cntn assignment test/textarea_Comments (0)_content'

2022-01-15 22:01:05 - [MESSAGE][INFO] - Unable to find the element located by 'By.xpath: //textarea[@id='dlg-content-61e0d7219f79b']'. Please recheck the objects properties to make sure the desired element is located. 

2022-01-15 22:01:05 - [MESSAGE][WARNING] - [SELF-HEALING] Failed to find element with id 'Object Repository/Page_cntn assignment test/textarea_Comments (0)_content'. Try using Self-healing.

2022-01-15 22:01:05 - [MESSAGE][WARNING] - [SELF-HEALING] The current locator of test object 'Object Repository/Page_cntn assignment test/textarea_Comments (0)_content' was broken. Propose an alternative one: '//textarea'.

2022-01-15 22:01:37 - [MESSAGE][INFO] - Unable to find the element located by 'By.xpath: //textarea[@id='dlg-content-61e0d7219f79b']'. Please recheck the objects properties to make sure the desired element is located. 

2022-01-15 22:01:37 - [MESSAGE][WARNING] - [SELF-HEALING] Failed to find element with id 'Object Repository/Page_cntn assignment test/textarea_Comments (0)_content'. Try using Self-healing.

2022-01-15 22:01:37 - [MESSAGE][WARNING] - [SELF-HEALING] The current locator of test object 'Object Repository/Page_cntn assignment test/textarea_Comments (0)_content' was broken. Propose an alternative one: '//textarea'.

2022-01-15 22:01:37 - [MESSAGE][PASSED] - Text 'test' is set on object 'Object Repository/Page_cntn assignment test/textarea_Comments (0)_content'

2022-01-15 22:01:37 - [TEST_STEP][PASSED] - click(findTestObject("Object Repository/Page_cntn assignment test/a_Save comment")): Object: 'Object Repository/Page_cntn assignment test/a_Save comment' is clicked on

2022-01-15 22:02:08 - [MESSAGE][INFO] - Unable to find the element located by 'By.xpath: //a[@id='comment-action-post-61e0d7219f79b']'. Please recheck the objects properties to make sure the desired element is located. 

2022-01-15 22:02:08 - [MESSAGE][WARNING] - [SELF-HEALING] Failed to find element with id 'Object Repository/Page_cntn assignment test/a_Save comment'. Try using Self-healing.

2022-01-15 22:02:08 - [MESSAGE][WARNING] - [SELF-HEALING] The current locator of test object 'Object Repository/Page_cntn assignment test/a_Save comment' was broken. Propose an alternative one: '//a[contains(text(),'Save comment')]'.

2022-01-15 22:02:08 - [MESSAGE][PASSED] - Object: 'Object Repository/Page_cntn assignment test/a_Save comment' is clicked on

2022-01-15 22:02:08 - [TEST_STEP][PASSED] - verifyElementText(findTestObject("Object Repository/Page_cntn assignment test/div_test"), "test"): Actual text and expected text of test object 'Object Repository/Page_cntn assignment test/div_test' are matched.

2022-01-15 22:02:40 - [MESSAGE][INFO] - Unable to find the element located by 'By.xpath: //li[@id='comment-3-61e0d6b2c515d']/div/div[2]/div[2]/div'. Please recheck the objects properties to make sure the desired element is located. 

2022-01-15 22:02:40 - [MESSAGE][WARNING] - [SELF-HEALING] Failed to find element with id 'Object Repository/Page_cntn assignment test/div_test'. Try using Self-healing.

2022-01-15 22:02:40 - [MESSAGE][WARNING] - [SELF-HEALING] The current locator of test object 'Object Repository/Page_cntn assignment test/div_test' was broken. Propose an alternative one: '(.//*[normalize-space(text()) and normalize-space(.)='a b'])[2]/following::div[4]'.

2022-01-15 22:02:40 - [MESSAGE][PASSED] - Actual text and expected text of test object 'Object Repository/Page_cntn assignment test/div_test' are matched.

2022-01-15 22:02:40 - [TEST_STEP][PASSED] - closeBrowser(): Browser is closed

2022-01-15 22:02:41 - [MESSAGE][PASSED] - Browser is closed]]></system-out>
         <system-err><![CDATA[]]></system-err>
      </testcase>
      <testcase name="Test Cases/Student/5. Submit/1. Mask Done" time="135.781" classname="Test Cases/Student/5. Submit/1. Mask Done" status="PASSED">
         <system-out><![CDATA[2022-01-15 22:02:41 - [TEST_CASE][PASSED] - Test Cases/Student/5. Submit/1. Mask Done: Test Cases/Student/5. Submit/1. Mask Done

2022-01-15 22:02:41 - [TEST_STEP][PASSED] - callTestCase(findTestCase("Student/2. Login as student"), [:], STOP_ON_FAILURE): Call Test Case 'Test Cases/Student/2. Login as student' successfully

2022-01-15 22:02:41 - [TEST_CASE][PASSED] - Test Cases/Student/2. Login as student: Test Cases/Student/2. Login as student

2022-01-15 22:02:41 - [TEST_STEP][PASSED] - openBrowser(""): Browser is opened with url: ''

2022-01-15 22:02:41 - [MESSAGE][INFO] - Starting 'Edge Chromium' driver

2022-01-15 22:02:43 - [MESSAGE][INFO] - Action delay is set to 0 milliseconds

2022-01-15 22:02:44 - [MESSAGE][PASSED] - Browser is opened with url: ''

2022-01-15 22:02:44 - [TEST_STEP][PASSED] - navigateToUrl("http://localhost/"): Navigate to 'http://localhost/' successfully

2022-01-15 22:02:45 - [MESSAGE][PASSED] - Navigate to 'http://localhost/' successfully

2022-01-15 22:02:45 - [TEST_STEP][PASSED] - click(findTestObject("Object Repository/Page_Automation Testing Site/a_Log in")): Object: 'Object Repository/Page_Automation Testing Site/a_Log in' is clicked on

2022-01-15 22:02:45 - [MESSAGE][PASSED] - Object: 'Object Repository/Page_Automation Testing Site/a_Log in' is clicked on

2022-01-15 22:02:45 - [TEST_STEP][PASSED] - setText(findTestObject("Object Repository/Page_Automation Testing Site Log in to the site/input_Username_username"), "student"): Text 'student' is set on object 'Object Repository/Page_Automation Testing Site Log in to the site/input_Username_username'

2022-01-15 22:02:46 - [MESSAGE][PASSED] - Text 'student' is set on object 'Object Repository/Page_Automation Testing Site Log in to the site/input_Username_username'

2022-01-15 22:02:46 - [TEST_STEP][PASSED] - setEncryptedText(findTestObject("Object Repository/Page_Automation Testing Site Log in to the site/input_Password_password"), "cnpXG5HhkrZpEXzNIGBMZQ=="): Text ****** has been set on object 'Object Repository/Page_Automation Testing Site Log in to the site/input_Password_password'

2022-01-15 22:02:47 - [MESSAGE][PASSED] - Text ****** has been set on object 'Object Repository/Page_Automation Testing Site Log in to the site/input_Password_password'

2022-01-15 22:02:47 - [TEST_STEP][PASSED] - click(findTestObject("Object Repository/Page_Automation Testing Site Log in to the site/button_Log in")): Object: 'Object Repository/Page_Automation Testing Site Log in to the site/button_Log in' is clicked on

2022-01-15 22:02:48 - [MESSAGE][PASSED] - Object: 'Object Repository/Page_Automation Testing Site Log in to the site/button_Log in' is clicked on

2022-01-15 22:02:48 - [TEST_STEP][PASSED] - click(findTestObject("Object Repository/Page_Dashboard/span_Site home")): Object: 'Object Repository/Page_Dashboard/span_Site home' is clicked on

2022-01-15 22:03:19 - [MESSAGE][INFO] - Unable to find the element located by 'By.xpath: '. Please recheck the objects properties to make sure the desired element is located. 

2022-01-15 22:03:19 - [MESSAGE][WARNING] - [SELF-HEALING] Failed to find element with id 'Object Repository/Page_Dashboard/span_Site home'. Try using Self-healing.

2022-01-15 22:03:19 - [MESSAGE][WARNING] - [SELF-HEALING] The current locator of test object 'Object Repository/Page_Dashboard/span_Site home' was broken. Propose an alternative one: '//div[@id='nav-drawer']/nav/ul/li[2]/a/div/div/span[2]'.

2022-01-15 22:03:20 - [MESSAGE][PASSED] - Object: 'Object Repository/Page_Dashboard/span_Site home' is clicked on

2022-01-15 22:03:20 - [TEST_STEP][PASSED] - click(findTestObject("Object Repository/Page_Automation Testing Site/a_CNTN")): Object: 'Object Repository/Page_Automation Testing Site/a_CNTN' is clicked on

2022-01-15 22:03:20 - [MESSAGE][PASSED] - Object: 'Object Repository/Page_Automation Testing Site/a_CNTN' is clicked on

2022-01-15 22:03:20 - [MESSAGE][INFO] - 

2022-01-15 22:03:20 - [MESSAGE][INFO] - ===================== Self-healing Report ====================

2022-01-15 22:03:20 - [MESSAGE][INFO] - One of the failed test object locators has been recovered by Self-healing. Please refer to the Self-healing Insights tab for more details.

2022-01-15 22:03:20 - [MESSAGE][INFO] - To learn more about Self-healing, please read https://docs.katalon.com/katalon-studio/docs/self-healing.html

2022-01-15 22:03:20 - [MESSAGE][INFO] - ==============================================================

2022-01-15 22:03:20 - [MESSAGE][PASSED] - Call Test Case 'Test Cases/Student/2. Login as student' successfully

2022-01-15 22:03:20 - [TEST_STEP][PASSED] - click(findTestObject("Object Repository/Page_Course CNTN/span_assignment test")): Object: 'Object Repository/Page_Course CNTN/span_assignment test' is clicked on

2022-01-15 22:03:51 - [MESSAGE][INFO] - Unable to find the element located by 'By.xpath: //li[@id='module-13']/div/div/div[2]/div/a/span'. Please recheck the objects properties to make sure the desired element is located. 

2022-01-15 22:03:51 - [MESSAGE][WARNING] - [SELF-HEALING] Failed to find element with id 'Object Repository/Page_Course CNTN/span_assignment test'. Try using Self-healing.

2022-01-15 22:03:52 - [MESSAGE][WARNING] - [SELF-HEALING] The current locator of test object 'Object Repository/Page_Course CNTN/span_assignment test' was broken. Propose an alternative one: '(.//*[normalize-space(text()) and normalize-space(.)='Forum'])[1]/following::span[1]'.

2022-01-15 22:03:52 - [MESSAGE][PASSED] - Object: 'Object Repository/Page_Course CNTN/span_assignment test' is clicked on

2022-01-15 22:03:52 - [TEST_STEP][PASSED] - click(findTestObject("Object Repository/Page_cntn assignment test/button_Mark as done")): Object: 'Object Repository/Page_cntn assignment test/button_Mark as done' is clicked on

2022-01-15 22:03:53 - [MESSAGE][PASSED] - Object: 'Object Repository/Page_cntn assignment test/button_Mark as done' is clicked on

2022-01-15 22:03:53 - [TEST_STEP][PASSED] - click(findTestObject("Object Repository/Page_cntn assignment test/button_Done")): Object: 'Object Repository/Page_cntn assignment test/button_Done' is clicked on

2022-01-15 22:04:24 - [MESSAGE][INFO] - Unable to find the element located by 'By.xpath: //button[@id='yui_3_17_2_1_1642122361242_63']'. Please recheck the objects properties to make sure the desired element is located. 

2022-01-15 22:04:24 - [MESSAGE][WARNING] - [SELF-HEALING] Failed to find element with id 'Object Repository/Page_cntn assignment test/button_Done'. Try using Self-healing.

2022-01-15 22:04:24 - [MESSAGE][WARNING] - [SELF-HEALING] The current locator of test object 'Object Repository/Page_cntn assignment test/button_Done' was broken. Propose an alternative one: '//div[2]/button'.

2022-01-15 22:04:24 - [MESSAGE][PASSED] - Object: 'Object Repository/Page_cntn assignment test/button_Done' is clicked on

2022-01-15 22:04:24 - [TEST_STEP][PASSED] - verifyElementText(findTestObject("Object Repository/Page_cntn assignment test/button_Mark as done_1"), "Mark as done"): Actual text and expected text of test object 'Object Repository/Page_cntn assignment test/button_Mark as done_1' are matched.

2022-01-15 22:04:55 - [MESSAGE][INFO] - Unable to find the element located by 'By.xpath: //button[@id='yui_3_17_2_1_1642122361242_74']'. Please recheck the objects properties to make sure the desired element is located. 

2022-01-15 22:04:55 - [MESSAGE][WARNING] - [SELF-HEALING] Failed to find element with id 'Object Repository/Page_cntn assignment test/button_Mark as done_1'. Try using Self-healing.

2022-01-15 22:04:56 - [MESSAGE][WARNING] - [SELF-HEALING] The current locator of test object 'Object Repository/Page_cntn assignment test/button_Mark as done_1' was broken. Propose an alternative one: '//div[2]/button'.

2022-01-15 22:04:56 - [MESSAGE][PASSED] - Actual text and expected text of test object 'Object Repository/Page_cntn assignment test/button_Mark as done_1' are matched.

2022-01-15 22:04:56 - [TEST_STEP][PASSED] - closeBrowser(): Browser is closed

2022-01-15 22:04:57 - [MESSAGE][PASSED] - Browser is closed]]></system-out>
         <system-err><![CDATA[]]></system-err>
      </testcase>
      <testcase name="Test Cases/Student/5. Submit/2. Submit empty text" time="106.621" classname="Test Cases/Student/5. Submit/2. Submit empty text" status="PASSED">
         <system-out><![CDATA[2022-01-15 22:04:57 - [TEST_CASE][PASSED] - Test Cases/Student/5. Submit/2. Submit empty text: Test Cases/Student/5. Submit/2. Submit empty text

2022-01-15 22:04:57 - [TEST_STEP][PASSED] - callTestCase(findTestCase("Student/2. Login as student"), [:], STOP_ON_FAILURE): Call Test Case 'Test Cases/Student/2. Login as student' successfully

2022-01-15 22:04:57 - [TEST_CASE][PASSED] - Test Cases/Student/2. Login as student: Test Cases/Student/2. Login as student

2022-01-15 22:04:57 - [TEST_STEP][PASSED] - openBrowser(""): Browser is opened with url: ''

2022-01-15 22:04:57 - [MESSAGE][INFO] - Starting 'Edge Chromium' driver

2022-01-15 22:04:59 - [MESSAGE][INFO] - Action delay is set to 0 milliseconds

2022-01-15 22:05:00 - [MESSAGE][PASSED] - Browser is opened with url: ''

2022-01-15 22:05:00 - [TEST_STEP][PASSED] - navigateToUrl("http://localhost/"): Navigate to 'http://localhost/' successfully

2022-01-15 22:05:00 - [MESSAGE][PASSED] - Navigate to 'http://localhost/' successfully

2022-01-15 22:05:00 - [TEST_STEP][PASSED] - click(findTestObject("Object Repository/Page_Automation Testing Site/a_Log in")): Object: 'Object Repository/Page_Automation Testing Site/a_Log in' is clicked on

2022-01-15 22:05:01 - [MESSAGE][PASSED] - Object: 'Object Repository/Page_Automation Testing Site/a_Log in' is clicked on

2022-01-15 22:05:01 - [TEST_STEP][PASSED] - setText(findTestObject("Object Repository/Page_Automation Testing Site Log in to the site/input_Username_username"), "student"): Text 'student' is set on object 'Object Repository/Page_Automation Testing Site Log in to the site/input_Username_username'

2022-01-15 22:05:02 - [MESSAGE][PASSED] - Text 'student' is set on object 'Object Repository/Page_Automation Testing Site Log in to the site/input_Username_username'

2022-01-15 22:05:02 - [TEST_STEP][PASSED] - setEncryptedText(findTestObject("Object Repository/Page_Automation Testing Site Log in to the site/input_Password_password"), "cnpXG5HhkrZpEXzNIGBMZQ=="): Text ****** has been set on object 'Object Repository/Page_Automation Testing Site Log in to the site/input_Password_password'

2022-01-15 22:05:02 - [MESSAGE][PASSED] - Text ****** has been set on object 'Object Repository/Page_Automation Testing Site Log in to the site/input_Password_password'

2022-01-15 22:05:02 - [TEST_STEP][PASSED] - click(findTestObject("Object Repository/Page_Automation Testing Site Log in to the site/button_Log in")): Object: 'Object Repository/Page_Automation Testing Site Log in to the site/button_Log in' is clicked on

2022-01-15 22:05:03 - [MESSAGE][PASSED] - Object: 'Object Repository/Page_Automation Testing Site Log in to the site/button_Log in' is clicked on

2022-01-15 22:05:03 - [TEST_STEP][PASSED] - click(findTestObject("Object Repository/Page_Dashboard/span_Site home")): Object: 'Object Repository/Page_Dashboard/span_Site home' is clicked on

2022-01-15 22:05:35 - [MESSAGE][INFO] - Unable to find the element located by 'By.xpath: '. Please recheck the objects properties to make sure the desired element is located. 

2022-01-15 22:05:35 - [MESSAGE][WARNING] - [SELF-HEALING] Failed to find element with id 'Object Repository/Page_Dashboard/span_Site home'. Try using Self-healing.

2022-01-15 22:05:35 - [MESSAGE][WARNING] - [SELF-HEALING] The current locator of test object 'Object Repository/Page_Dashboard/span_Site home' was broken. Propose an alternative one: '//div[@id='nav-drawer']/nav/ul/li[2]/a/div/div/span[2]'.

2022-01-15 22:05:36 - [MESSAGE][PASSED] - Object: 'Object Repository/Page_Dashboard/span_Site home' is clicked on

2022-01-15 22:05:36 - [TEST_STEP][PASSED] - click(findTestObject("Object Repository/Page_Automation Testing Site/a_CNTN")): Object: 'Object Repository/Page_Automation Testing Site/a_CNTN' is clicked on

2022-01-15 22:05:36 - [MESSAGE][PASSED] - Object: 'Object Repository/Page_Automation Testing Site/a_CNTN' is clicked on

2022-01-15 22:05:36 - [MESSAGE][INFO] - 

2022-01-15 22:05:36 - [MESSAGE][INFO] - ===================== Self-healing Report ====================

2022-01-15 22:05:36 - [MESSAGE][INFO] - One of the failed test object locators has been recovered by Self-healing. Please refer to the Self-healing Insights tab for more details.

2022-01-15 22:05:36 - [MESSAGE][INFO] - To learn more about Self-healing, please read https://docs.katalon.com/katalon-studio/docs/self-healing.html

2022-01-15 22:05:36 - [MESSAGE][INFO] - ==============================================================

2022-01-15 22:05:36 - [MESSAGE][PASSED] - Call Test Case 'Test Cases/Student/2. Login as student' successfully

2022-01-15 22:05:36 - [TEST_STEP][PASSED] - click(findTestObject("Object Repository/Page_Course CNTN/span_assignment test")): Object: 'Object Repository/Page_Course CNTN/span_assignment test' is clicked on

2022-01-15 22:06:08 - [MESSAGE][INFO] - Unable to find the element located by 'By.xpath: //li[@id='module-13']/div/div/div[2]/div/a/span'. Please recheck the objects properties to make sure the desired element is located. 

2022-01-15 22:06:08 - [MESSAGE][WARNING] - [SELF-HEALING] Failed to find element with id 'Object Repository/Page_Course CNTN/span_assignment test'. Try using Self-healing.

2022-01-15 22:06:08 - [MESSAGE][WARNING] - [SELF-HEALING] The current locator of test object 'Object Repository/Page_Course CNTN/span_assignment test' was broken. Propose an alternative one: '(.//*[normalize-space(text()) and normalize-space(.)='Forum'])[1]/following::span[1]'.

2022-01-15 22:06:08 - [MESSAGE][PASSED] - Object: 'Object Repository/Page_Course CNTN/span_assignment test' is clicked on

2022-01-15 22:06:08 - [TEST_STEP][PASSED] - click(findTestObject("Object Repository/Page_cntn assignment test/button_Add submission")): Object: 'Object Repository/Page_cntn assignment test/button_Add submission' is clicked on

2022-01-15 22:06:39 - [MESSAGE][INFO] - Unable to find the element located by 'By.xpath: //button[@id='single_button61e0d28ae8c4015']'. Please recheck the objects properties to make sure the desired element is located. 

2022-01-15 22:06:39 - [MESSAGE][WARNING] - [SELF-HEALING] Failed to find element with id 'Object Repository/Page_cntn assignment test/button_Add submission'. Try using Self-healing.

2022-01-15 22:06:40 - [MESSAGE][WARNING] - [SELF-HEALING] The current locator of test object 'Object Repository/Page_cntn assignment test/button_Add submission' was broken. Propose an alternative one: '//form/button'.

2022-01-15 22:06:40 - [MESSAGE][PASSED] - Object: 'Object Repository/Page_cntn assignment test/button_Add submission' is clicked on

2022-01-15 22:06:40 - [TEST_STEP][PASSED] - click(findTestObject("Object Repository/Page_cntn assignment test - Edit submission/input_Online text_submitbutton")): Object: 'Object Repository/Page_cntn assignment test - Edit submission/input_Online text_submitbutton' is clicked on

2022-01-15 22:06:42 - [MESSAGE][PASSED] - Object: 'Object Repository/Page_cntn assignment test - Edit submission/input_Online text_submitbutton' is clicked on

2022-01-15 22:06:42 - [TEST_STEP][PASSED] - verifyElementPresent(findTestObject("Object Repository/Page_cntn assignment test - Edit submission/div_Nothing was submitted"), 0): Object 'Object Repository/Page_cntn assignment test - Edit submission/div_Nothing was submitted' is present

2022-01-15 22:06:42 - [MESSAGE][WARNING] - Timeout '0' is invalid. Using default page load timeout: '30'

2022-01-15 22:06:42 - [MESSAGE][PASSED] - Object 'Object Repository/Page_cntn assignment test - Edit submission/div_Nothing was submitted' is present

2022-01-15 22:06:42 - [TEST_STEP][PASSED] - closeBrowser(): Browser is closed

2022-01-15 22:06:43 - [MESSAGE][PASSED] - Browser is closed]]></system-out>
         <system-err><![CDATA[]]></system-err>
      </testcase>
      <testcase name="Test Cases/Student/5. Submit/3. Submit" time="110.211" classname="Test Cases/Student/5. Submit/3. Submit" status="PASSED">
         <system-out><![CDATA[2022-01-15 22:06:43 - [TEST_CASE][PASSED] - Test Cases/Student/5. Submit/3. Submit: Test Cases/Student/5. Submit/3. Submit

2022-01-15 22:06:43 - [TEST_STEP][PASSED] - callTestCase(findTestCase("Student/2. Login as student"), [:], STOP_ON_FAILURE): Call Test Case 'Test Cases/Student/2. Login as student' successfully

2022-01-15 22:06:44 - [TEST_CASE][PASSED] - Test Cases/Student/2. Login as student: Test Cases/Student/2. Login as student

2022-01-15 22:06:44 - [TEST_STEP][PASSED] - openBrowser(""): Browser is opened with url: ''

2022-01-15 22:06:44 - [MESSAGE][INFO] - Starting 'Edge Chromium' driver

2022-01-15 22:06:46 - [MESSAGE][INFO] - Action delay is set to 0 milliseconds

2022-01-15 22:06:47 - [MESSAGE][PASSED] - Browser is opened with url: ''

2022-01-15 22:06:47 - [TEST_STEP][PASSED] - navigateToUrl("http://localhost/"): Navigate to 'http://localhost/' successfully

2022-01-15 22:06:47 - [MESSAGE][PASSED] - Navigate to 'http://localhost/' successfully

2022-01-15 22:06:47 - [TEST_STEP][PASSED] - click(findTestObject("Object Repository/Page_Automation Testing Site/a_Log in")): Object: 'Object Repository/Page_Automation Testing Site/a_Log in' is clicked on

2022-01-15 22:06:48 - [MESSAGE][PASSED] - Object: 'Object Repository/Page_Automation Testing Site/a_Log in' is clicked on

2022-01-15 22:06:48 - [TEST_STEP][PASSED] - setText(findTestObject("Object Repository/Page_Automation Testing Site Log in to the site/input_Username_username"), "student"): Text 'student' is set on object 'Object Repository/Page_Automation Testing Site Log in to the site/input_Username_username'

2022-01-15 22:06:49 - [MESSAGE][PASSED] - Text 'student' is set on object 'Object Repository/Page_Automation Testing Site Log in to the site/input_Username_username'

2022-01-15 22:06:49 - [TEST_STEP][PASSED] - setEncryptedText(findTestObject("Object Repository/Page_Automation Testing Site Log in to the site/input_Password_password"), "cnpXG5HhkrZpEXzNIGBMZQ=="): Text ****** has been set on object 'Object Repository/Page_Automation Testing Site Log in to the site/input_Password_password'

2022-01-15 22:06:49 - [MESSAGE][PASSED] - Text ****** has been set on object 'Object Repository/Page_Automation Testing Site Log in to the site/input_Password_password'

2022-01-15 22:06:49 - [TEST_STEP][PASSED] - click(findTestObject("Object Repository/Page_Automation Testing Site Log in to the site/button_Log in")): Object: 'Object Repository/Page_Automation Testing Site Log in to the site/button_Log in' is clicked on

2022-01-15 22:06:50 - [MESSAGE][PASSED] - Object: 'Object Repository/Page_Automation Testing Site Log in to the site/button_Log in' is clicked on

2022-01-15 22:06:50 - [TEST_STEP][PASSED] - click(findTestObject("Object Repository/Page_Dashboard/span_Site home")): Object: 'Object Repository/Page_Dashboard/span_Site home' is clicked on

2022-01-15 22:07:21 - [MESSAGE][INFO] - Unable to find the element located by 'By.xpath: '. Please recheck the objects properties to make sure the desired element is located. 

2022-01-15 22:07:21 - [MESSAGE][WARNING] - [SELF-HEALING] Failed to find element with id 'Object Repository/Page_Dashboard/span_Site home'. Try using Self-healing.

2022-01-15 22:07:22 - [MESSAGE][WARNING] - [SELF-HEALING] The current locator of test object 'Object Repository/Page_Dashboard/span_Site home' was broken. Propose an alternative one: '//div[@id='nav-drawer']/nav/ul/li[2]/a/div/div/span[2]'.

2022-01-15 22:07:22 - [MESSAGE][PASSED] - Object: 'Object Repository/Page_Dashboard/span_Site home' is clicked on

2022-01-15 22:07:22 - [TEST_STEP][PASSED] - click(findTestObject("Object Repository/Page_Automation Testing Site/a_CNTN")): Object: 'Object Repository/Page_Automation Testing Site/a_CNTN' is clicked on

2022-01-15 22:07:23 - [MESSAGE][PASSED] - Object: 'Object Repository/Page_Automation Testing Site/a_CNTN' is clicked on

2022-01-15 22:07:23 - [MESSAGE][INFO] - 

2022-01-15 22:07:23 - [MESSAGE][INFO] - ===================== Self-healing Report ====================

2022-01-15 22:07:23 - [MESSAGE][INFO] - One of the failed test object locators has been recovered by Self-healing. Please refer to the Self-healing Insights tab for more details.

2022-01-15 22:07:23 - [MESSAGE][INFO] - To learn more about Self-healing, please read https://docs.katalon.com/katalon-studio/docs/self-healing.html

2022-01-15 22:07:23 - [MESSAGE][INFO] - ==============================================================

2022-01-15 22:07:23 - [MESSAGE][PASSED] - Call Test Case 'Test Cases/Student/2. Login as student' successfully

2022-01-15 22:07:23 - [TEST_STEP][PASSED] - click(findTestObject("Object Repository/Page_Course CNTN/span_assignment test")): Object: 'Object Repository/Page_Course CNTN/span_assignment test' is clicked on

2022-01-15 22:07:54 - [MESSAGE][INFO] - Unable to find the element located by 'By.xpath: //li[@id='module-13']/div/div/div[2]/div/a/span'. Please recheck the objects properties to make sure the desired element is located. 

2022-01-15 22:07:54 - [MESSAGE][WARNING] - [SELF-HEALING] Failed to find element with id 'Object Repository/Page_Course CNTN/span_assignment test'. Try using Self-healing.

2022-01-15 22:07:54 - [MESSAGE][WARNING] - [SELF-HEALING] The current locator of test object 'Object Repository/Page_Course CNTN/span_assignment test' was broken. Propose an alternative one: '(.//*[normalize-space(text()) and normalize-space(.)='Forum'])[1]/following::span[1]'.

2022-01-15 22:07:55 - [MESSAGE][PASSED] - Object: 'Object Repository/Page_Course CNTN/span_assignment test' is clicked on

2022-01-15 22:07:55 - [TEST_STEP][PASSED] - click(findTestObject("Object Repository/Page_cntn assignment test/button_Add submission")): Object: 'Object Repository/Page_cntn assignment test/button_Add submission' is clicked on

2022-01-15 22:08:26 - [MESSAGE][INFO] - Unable to find the element located by 'By.xpath: //button[@id='single_button61e0d28ae8c4015']'. Please recheck the objects properties to make sure the desired element is located. 

2022-01-15 22:08:26 - [MESSAGE][WARNING] - [SELF-HEALING] Failed to find element with id 'Object Repository/Page_cntn assignment test/button_Add submission'. Try using Self-healing.

2022-01-15 22:08:26 - [MESSAGE][WARNING] - [SELF-HEALING] The current locator of test object 'Object Repository/Page_cntn assignment test/button_Add submission' was broken. Propose an alternative one: '//form/button'.

2022-01-15 22:08:27 - [MESSAGE][PASSED] - Object: 'Object Repository/Page_cntn assignment test/button_Add submission' is clicked on

2022-01-15 22:08:27 - [TEST_STEP][PASSED] - setText(findTestObject("Object Repository/Page_cntn assignment test - Edit submission/div_Online text_id_onlinetext_editoreditable"), "<p dir="ltr" style="text-align: left;"><ul id="yui_3_17_2_1_1642123027625_540"><li id="yui_3_17_2_1_1642123027625_539"><br id="yui_3_17_2_1_1642123027625_541"></li></ul></p>"): Text '<p dir="ltr" style="text-align: left;"><ul id="yui_3_17_2_1_1642123027625_540"><li id="yui_3_17_2_1_1642123027625_539"><br id="yui_3_17_2_1_1642123027625_541"></li></ul></p>' is set on object 'Object Repository/Page_cntn assignment test - Edit submission/div_Online text_id_onlinetext_editoreditable'

2022-01-15 22:08:29 - [MESSAGE][PASSED] - Text '<p dir="ltr" style="text-align: left;"><ul id="yui_3_17_2_1_1642123027625_540"><li id="yui_3_17_2_1_1642123027625_539"><br id="yui_3_17_2_1_1642123027625_541"></li></ul></p>' is set on object 'Object Repository/Page_cntn assignment test - Edit submission/div_Online text_id_onlinetext_editoreditable'

2022-01-15 22:08:29 - [TEST_STEP][PASSED] - click(findTestObject("Object Repository/Page_cntn assignment test - Edit submission/input_Draft saved_submitbutton")): Object: 'Object Repository/Page_cntn assignment test - Edit submission/input_Draft saved_submitbutton' is clicked on

2022-01-15 22:08:32 - [MESSAGE][PASSED] - Object: 'Object Repository/Page_cntn assignment test - Edit submission/input_Draft saved_submitbutton' is clicked on

2022-01-15 22:08:32 - [TEST_STEP][PASSED] - closeBrowser(): Browser is closed

2022-01-15 22:08:33 - [MESSAGE][PASSED] - Browser is closed]]></system-out>
         <system-err><![CDATA[]]></system-err>
      </testcase>
      <testcase name="Test Cases/Student/5. Submit/4. Remove submittion" time="137.622" classname="Test Cases/Student/5. Submit/4. Remove submittion" status="PASSED">
         <system-out><![CDATA[2022-01-15 22:08:33 - [TEST_CASE][PASSED] - Test Cases/Student/5. Submit/4. Remove submittion: Test Cases/Student/5. Submit/4. Remove submittion

2022-01-15 22:08:34 - [TEST_STEP][PASSED] - callTestCase(findTestCase("Student/2. Login as student"), [:], STOP_ON_FAILURE): Call Test Case 'Test Cases/Student/2. Login as student' successfully

2022-01-15 22:08:34 - [TEST_CASE][PASSED] - Test Cases/Student/2. Login as student: Test Cases/Student/2. Login as student

2022-01-15 22:08:34 - [TEST_STEP][PASSED] - openBrowser(""): Browser is opened with url: ''

2022-01-15 22:08:34 - [MESSAGE][INFO] - Starting 'Edge Chromium' driver

2022-01-15 22:08:36 - [MESSAGE][INFO] - Action delay is set to 0 milliseconds

2022-01-15 22:08:37 - [MESSAGE][PASSED] - Browser is opened with url: ''

2022-01-15 22:08:37 - [TEST_STEP][PASSED] - navigateToUrl("http://localhost/"): Navigate to 'http://localhost/' successfully

2022-01-15 22:08:38 - [MESSAGE][PASSED] - Navigate to 'http://localhost/' successfully

2022-01-15 22:08:38 - [TEST_STEP][PASSED] - click(findTestObject("Object Repository/Page_Automation Testing Site/a_Log in")): Object: 'Object Repository/Page_Automation Testing Site/a_Log in' is clicked on

2022-01-15 22:08:39 - [MESSAGE][PASSED] - Object: 'Object Repository/Page_Automation Testing Site/a_Log in' is clicked on

2022-01-15 22:08:39 - [TEST_STEP][PASSED] - setText(findTestObject("Object Repository/Page_Automation Testing Site Log in to the site/input_Username_username"), "student"): Text 'student' is set on object 'Object Repository/Page_Automation Testing Site Log in to the site/input_Username_username'

2022-01-15 22:08:40 - [MESSAGE][PASSED] - Text 'student' is set on object 'Object Repository/Page_Automation Testing Site Log in to the site/input_Username_username'

2022-01-15 22:08:40 - [TEST_STEP][PASSED] - setEncryptedText(findTestObject("Object Repository/Page_Automation Testing Site Log in to the site/input_Password_password"), "cnpXG5HhkrZpEXzNIGBMZQ=="): Text ****** has been set on object 'Object Repository/Page_Automation Testing Site Log in to the site/input_Password_password'

2022-01-15 22:08:40 - [MESSAGE][PASSED] - Text ****** has been set on object 'Object Repository/Page_Automation Testing Site Log in to the site/input_Password_password'

2022-01-15 22:08:40 - [TEST_STEP][PASSED] - click(findTestObject("Object Repository/Page_Automation Testing Site Log in to the site/button_Log in")): Object: 'Object Repository/Page_Automation Testing Site Log in to the site/button_Log in' is clicked on

2022-01-15 22:08:41 - [MESSAGE][PASSED] - Object: 'Object Repository/Page_Automation Testing Site Log in to the site/button_Log in' is clicked on

2022-01-15 22:08:41 - [TEST_STEP][PASSED] - click(findTestObject("Object Repository/Page_Dashboard/span_Site home")): Object: 'Object Repository/Page_Dashboard/span_Site home' is clicked on

2022-01-15 22:09:12 - [MESSAGE][INFO] - Unable to find the element located by 'By.xpath: '. Please recheck the objects properties to make sure the desired element is located. 

2022-01-15 22:09:12 - [MESSAGE][WARNING] - [SELF-HEALING] Failed to find element with id 'Object Repository/Page_Dashboard/span_Site home'. Try using Self-healing.

2022-01-15 22:09:13 - [MESSAGE][WARNING] - [SELF-HEALING] The current locator of test object 'Object Repository/Page_Dashboard/span_Site home' was broken. Propose an alternative one: '//div[@id='nav-drawer']/nav/ul/li[2]/a/div/div/span[2]'.

2022-01-15 22:09:13 - [MESSAGE][PASSED] - Object: 'Object Repository/Page_Dashboard/span_Site home' is clicked on

2022-01-15 22:09:13 - [TEST_STEP][PASSED] - click(findTestObject("Object Repository/Page_Automation Testing Site/a_CNTN")): Object: 'Object Repository/Page_Automation Testing Site/a_CNTN' is clicked on

2022-01-15 22:09:14 - [MESSAGE][PASSED] - Object: 'Object Repository/Page_Automation Testing Site/a_CNTN' is clicked on

2022-01-15 22:09:14 - [MESSAGE][INFO] - 

2022-01-15 22:09:14 - [MESSAGE][INFO] - ===================== Self-healing Report ====================

2022-01-15 22:09:14 - [MESSAGE][INFO] - One of the failed test object locators has been recovered by Self-healing. Please refer to the Self-healing Insights tab for more details.

2022-01-15 22:09:14 - [MESSAGE][INFO] - To learn more about Self-healing, please read https://docs.katalon.com/katalon-studio/docs/self-healing.html

2022-01-15 22:09:14 - [MESSAGE][INFO] - ==============================================================

2022-01-15 22:09:14 - [MESSAGE][PASSED] - Call Test Case 'Test Cases/Student/2. Login as student' successfully

2022-01-15 22:09:14 - [TEST_STEP][PASSED] - click(findTestObject("Object Repository/Page_Course CNTN/span_assignment test")): Object: 'Object Repository/Page_Course CNTN/span_assignment test' is clicked on

2022-01-15 22:09:45 - [MESSAGE][INFO] - Unable to find the element located by 'By.xpath: //li[@id='module-13']/div/div/div[2]/div/a/span'. Please recheck the objects properties to make sure the desired element is located. 

2022-01-15 22:09:45 - [MESSAGE][WARNING] - [SELF-HEALING] Failed to find element with id 'Object Repository/Page_Course CNTN/span_assignment test'. Try using Self-healing.

2022-01-15 22:09:45 - [MESSAGE][WARNING] - [SELF-HEALING] The current locator of test object 'Object Repository/Page_Course CNTN/span_assignment test' was broken. Propose an alternative one: '(.//*[normalize-space(text()) and normalize-space(.)='Forum'])[1]/following::span[1]'.

2022-01-15 22:09:46 - [MESSAGE][PASSED] - Object: 'Object Repository/Page_Course CNTN/span_assignment test' is clicked on

2022-01-15 22:09:46 - [TEST_STEP][PASSED] - click(findTestObject("Object Repository/Page_cntn assignment test/button_Remove submission")): Object: 'Object Repository/Page_cntn assignment test/button_Remove submission' is clicked on

2022-01-15 22:10:17 - [MESSAGE][INFO] - Unable to find the element located by 'By.xpath: //button[@id='single_button61e0d0d10be4a18']'. Please recheck the objects properties to make sure the desired element is located. 

2022-01-15 22:10:17 - [MESSAGE][WARNING] - [SELF-HEALING] Failed to find element with id 'Object Repository/Page_cntn assignment test/button_Remove submission'. Try using Self-healing.

2022-01-15 22:10:17 - [MESSAGE][WARNING] - [SELF-HEALING] The current locator of test object 'Object Repository/Page_cntn assignment test/button_Remove submission' was broken. Propose an alternative one: '//section[@id='region-main']/div/div[3]/div[2]/div[2]/form/button'.

2022-01-15 22:10:18 - [MESSAGE][PASSED] - Object: 'Object Repository/Page_cntn assignment test/button_Remove submission' is clicked on

2022-01-15 22:10:18 - [TEST_STEP][PASSED] - click(findTestObject("Object Repository/Page_cntn assignment test/button_Continue")): Object: 'Object Repository/Page_cntn assignment test/button_Continue' is clicked on

2022-01-15 22:10:49 - [MESSAGE][INFO] - Unable to find the element located by 'By.xpath: //button[@id='single_button61e0d0d82a84914']'. Please recheck the objects properties to make sure the desired element is located. 

2022-01-15 22:10:49 - [MESSAGE][WARNING] - [SELF-HEALING] Failed to find element with id 'Object Repository/Page_cntn assignment test/button_Continue'. Try using Self-healing.

2022-01-15 22:10:49 - [MESSAGE][WARNING] - [SELF-HEALING] The current locator of test object 'Object Repository/Page_cntn assignment test/button_Continue' was broken. Propose an alternative one: '//div[@id='modal-footer']/div/div/form/button'.

2022-01-15 22:10:50 - [MESSAGE][PASSED] - Object: 'Object Repository/Page_cntn assignment test/button_Continue' is clicked on

2022-01-15 22:10:50 - [TEST_STEP][PASSED] - verifyElementText(findTestObject("Object Repository/Page_cntn assignment test/td_-"), "-"): Actual text and expected text of test object 'Object Repository/Page_cntn assignment test/td_-' are matched.

2022-01-15 22:10:50 - [MESSAGE][PASSED] - Actual text and expected text of test object 'Object Repository/Page_cntn assignment test/td_-' are matched.

2022-01-15 22:10:50 - [TEST_STEP][PASSED] - closeBrowser(): Browser is closed

2022-01-15 22:10:51 - [MESSAGE][PASSED] - Browser is closed]]></system-out>
         <system-err><![CDATA[]]></system-err>
      </testcase>
      <testcase name="Test Cases/Kiểm tra thẻ Site Administration/Đăng nhập dưới quyền Ẩn danh" time="36.239" classname="Test Cases/Kiểm tra thẻ Site Administration/Đăng nhập dưới quyền Ẩn danh" status="FAILED">
         <failure type="FAILED" message="Test Cases/Kiểm tra thẻ Site Administration/Đăng nhập dưới quyền Ẩn danh FAILED.
Reason:
com.kms.katalon.core.exception.StepFailedException: Unable to verify object 'Object Repository/AnonymousSignIn/Page_Automation Testing Site Log in to the site/button_Log in as a guest' is present
	at com.kms.katalon.core.webui.keyword.internal.WebUIKeywordMain.stepFailed(WebUIKeywordMain.groovy:64)
	at com.kms.katalon.core.webui.keyword.internal.WebUIKeywordMain.runKeyword(WebUIKeywordMain.groovy:26)
	at com.kms.katalon.core.webui.keyword.builtin.VerifyElementPresentKeyword.verifyElementPresent(VerifyElementPresentKeyword.groovy:92)
	at com.kms.katalon.core.webui.keyword.builtin.VerifyElementPresentKeyword.execute(VerifyElementPresentKeyword.groovy:68)
	at com.kms.katalon.core.keyword.internal.KeywordExecutor.executeKeywordForPlatform(KeywordExecutor.groovy:74)
	at com.kms.katalon.core.webui.keyword.WebUiBuiltInKeywords.verifyElementPresent(WebUiBuiltInKeywords.groovy:1464)
	at com.kms.katalon.core.webui.keyword.WebUiBuiltInKeywords$verifyElementPresent$10.call(Unknown Source)
	at Đăng nhập dưới quyền Ẩn danh.run(Đăng nhập dưới quyền Ẩn danh:26)
	at com.kms.katalon.core.main.ScriptEngine.run(ScriptEngine.java:194)
	at com.kms.katalon.core.main.ScriptEngine.runScriptAsRawText(ScriptEngine.java:119)
	at com.kms.katalon.core.main.TestCaseExecutor.runScript(TestCaseExecutor.java:442)
	at com.kms.katalon.core.main.TestCaseExecutor.doExecute(TestCaseExecutor.java:433)
	at com.kms.katalon.core.main.TestCaseExecutor.processExecutionPhase(TestCaseExecutor.java:412)
	at com.kms.katalon.core.main.TestCaseExecutor.accessMainPhase(TestCaseExecutor.java:404)
	at com.kms.katalon.core.main.TestCaseExecutor.execute(TestCaseExecutor.java:281)
	at com.kms.katalon.core.main.TestSuiteExecutor.accessTestCaseMainPhase(TestSuiteExecutor.java:202)
	at com.kms.katalon.core.main.TestSuiteExecutor.accessTestSuiteMainPhase(TestSuiteExecutor.java:164)
	at com.kms.katalon.core.main.TestSuiteExecutor.execute(TestSuiteExecutor.java:105)
	at com.kms.katalon.core.main.TestCaseMain.startTestSuite(TestCaseMain.java:181)
	at com.kms.katalon.core.main.TestCaseMain$startTestSuite$0.call(Unknown Source)
	at TempTestSuite1642258128503.run(TempTestSuite1642258128503.groovy:36)
Caused by: com.kms.katalon.core.exception.StepFailedException: com.kms.katalon.core.webui.exception.WebElementNotFoundException: Web element with id: 'Object Repository/AnonymousSignIn/Page_Automation Testing Site Log in to the site/button_Log in as a guest' located by '(//button[@type='submit'])[2]' not found
	at com.kms.katalon.core.webui.keyword.internal.WebUIKeywordMain.stepFailed(WebUIKeywordMain.groovy:64)
	at com.kms.katalon.core.webui.keyword.builtin.VerifyElementPresentKeyword$_verifyElementPresent_closure1.doCall(VerifyElementPresentKeyword.groovy:85)
	at com.kms.katalon.core.webui.keyword.builtin.VerifyElementPresentKeyword$_verifyElementPresent_closure1.call(VerifyElementPresentKeyword.groovy)
	at com.kms.katalon.core.webui.keyword.internal.WebUIKeywordMain.runKeyword(WebUIKeywordMain.groovy:20)
	... 19 more
"/>
         <system-out><![CDATA[2022-01-15 22:10:51 - [TEST_CASE][FAILED] - Test Cases/Kiểm tra thẻ Site Administration/Đăng nhập dưới quyền Ẩn danh: Test Cases/Kiểm tra thẻ Site Administration/Đăng nhập dưới quyền Ẩn danh FAILED.
Reason:
com.kms.katalon.core.exception.StepFailedException: Unable to verify object 'Object Repository/AnonymousSignIn/Page_Automation Testing Site Log in to the site/button_Log in as a guest' is present
	at com.kms.katalon.core.webui.keyword.internal.WebUIKeywordMain.stepFailed(WebUIKeywordMain.groovy:64)
	at com.kms.katalon.core.webui.keyword.internal.WebUIKeywordMain.runKeyword(WebUIKeywordMain.groovy:26)
	at com.kms.katalon.core.webui.keyword.builtin.VerifyElementPresentKeyword.verifyElementPresent(VerifyElementPresentKeyword.groovy:92)
	at com.kms.katalon.core.webui.keyword.builtin.VerifyElementPresentKeyword.execute(VerifyElementPresentKeyword.groovy:68)
	at com.kms.katalon.core.keyword.internal.KeywordExecutor.executeKeywordForPlatform(KeywordExecutor.groovy:74)
	at com.kms.katalon.core.webui.keyword.WebUiBuiltInKeywords.verifyElementPresent(WebUiBuiltInKeywords.groovy:1464)
	at com.kms.katalon.core.webui.keyword.WebUiBuiltInKeywords$verifyElementPresent$10.call(Unknown Source)
	at Đăng nhập dưới quyền Ẩn danh.run(Đăng nhập dưới quyền Ẩn danh:26)
	at com.kms.katalon.core.main.ScriptEngine.run(ScriptEngine.java:194)
	at com.kms.katalon.core.main.ScriptEngine.runScriptAsRawText(ScriptEngine.java:119)
	at com.kms.katalon.core.main.TestCaseExecutor.runScript(TestCaseExecutor.java:442)
	at com.kms.katalon.core.main.TestCaseExecutor.doExecute(TestCaseExecutor.java:433)
	at com.kms.katalon.core.main.TestCaseExecutor.processExecutionPhase(TestCaseExecutor.java:412)
	at com.kms.katalon.core.main.TestCaseExecutor.accessMainPhase(TestCaseExecutor.java:404)
	at com.kms.katalon.core.main.TestCaseExecutor.execute(TestCaseExecutor.java:281)
	at com.kms.katalon.core.main.TestSuiteExecutor.accessTestCaseMainPhase(TestSuiteExecutor.java:202)
	at com.kms.katalon.core.main.TestSuiteExecutor.accessTestSuiteMainPhase(TestSuiteExecutor.java:164)
	at com.kms.katalon.core.main.TestSuiteExecutor.execute(TestSuiteExecutor.java:105)
	at com.kms.katalon.core.main.TestCaseMain.startTestSuite(TestCaseMain.java:181)
	at com.kms.katalon.core.main.TestCaseMain$startTestSuite$0.call(Unknown Source)
	at TempTestSuite1642258128503.run(TempTestSuite1642258128503.groovy:36)
Caused by: com.kms.katalon.core.exception.StepFailedException: com.kms.katalon.core.webui.exception.WebElementNotFoundException: Web element with id: 'Object Repository/AnonymousSignIn/Page_Automation Testing Site Log in to the site/button_Log in as a guest' located by '(//button[@type='submit'])[2]' not found
	at com.kms.katalon.core.webui.keyword.internal.WebUIKeywordMain.stepFailed(WebUIKeywordMain.groovy:64)
	at com.kms.katalon.core.webui.keyword.builtin.VerifyElementPresentKeyword$_verifyElementPresent_closure1.doCall(VerifyElementPresentKeyword.groovy:85)
	at com.kms.katalon.core.webui.keyword.builtin.VerifyElementPresentKeyword$_verifyElementPresent_closure1.call(VerifyElementPresentKeyword.groovy)
	at com.kms.katalon.core.webui.keyword.internal.WebUIKeywordMain.runKeyword(WebUIKeywordMain.groovy:20)
	... 19 more


2022-01-15 22:10:51 - [TEST_STEP][PASSED] - openBrowser(""): Browser is opened with url: ''

2022-01-15 22:10:51 - [MESSAGE][INFO] - Starting 'Edge Chromium' driver

2022-01-15 22:10:53 - [MESSAGE][INFO] - Action delay is set to 0 milliseconds

2022-01-15 22:10:54 - [MESSAGE][PASSED] - Browser is opened with url: ''

2022-01-15 22:10:54 - [TEST_STEP][PASSED] - navigateToUrl("http://localhost/"): Navigate to 'http://localhost/' successfully

2022-01-15 22:10:55 - [MESSAGE][PASSED] - Navigate to 'http://localhost/' successfully

2022-01-15 22:10:55 - [TEST_STEP][PASSED] - click(findTestObject("Object Repository/AnonymousSignIn/Page_Automation Testing Site/a_Log in")): Object: 'Object Repository/AnonymousSignIn/Page_Automation Testing Site/a_Log in' is clicked on

2022-01-15 22:10:56 - [MESSAGE][PASSED] - Object: 'Object Repository/AnonymousSignIn/Page_Automation Testing Site/a_Log in' is clicked on

2022-01-15 22:10:56 - [TEST_STEP][FAILED] - verifyElementPresent(findTestObject("Object Repository/AnonymousSignIn/Page_Automation Testing Site Log in to the site/button_Log in as a guest"), 0): Unable to verify object 'Object Repository/AnonymousSignIn/Page_Automation Testing Site Log in to the site/button_Log in as a guest' is present (Root cause: com.kms.katalon.core.exception.StepFailedException: Unable to verify object 'Object Repository/AnonymousSignIn/Page_Automation Testing Site Log in to the site/button_Log in as a guest' is present
	at com.kms.katalon.core.webui.keyword.internal.WebUIKeywordMain.stepFailed(WebUIKeywordMain.groovy:64)
	at com.kms.katalon.core.webui.keyword.internal.WebUIKeywordMain.runKeyword(WebUIKeywordMain.groovy:26)
	at com.kms.katalon.core.webui.keyword.builtin.VerifyElementPresentKeyword.verifyElementPresent(VerifyElementPresentKeyword.groovy:92)
	at com.kms.katalon.core.webui.keyword.builtin.VerifyElementPresentKeyword.execute(VerifyElementPresentKeyword.groovy:68)
	at com.kms.katalon.core.keyword.internal.KeywordExecutor.executeKeywordForPlatform(KeywordExecutor.groovy:74)
	at com.kms.katalon.core.webui.keyword.WebUiBuiltInKeywords.verifyElementPresent(WebUiBuiltInKeywords.groovy:1464)
	at com.kms.katalon.core.webui.keyword.WebUiBuiltInKeywords$verifyElementPresent$10.call(Unknown Source)
	at Đăng nhập dưới quyền Ẩn danh.run(Đăng nhập dưới quyền Ẩn danh:26)
	at com.kms.katalon.core.main.ScriptEngine.run(ScriptEngine.java:194)
	at com.kms.katalon.core.main.ScriptEngine.runScriptAsRawText(ScriptEngine.java:119)
	at com.kms.katalon.core.main.TestCaseExecutor.runScript(TestCaseExecutor.java:442)
	at com.kms.katalon.core.main.TestCaseExecutor.doExecute(TestCaseExecutor.java:433)
	at com.kms.katalon.core.main.TestCaseExecutor.processExecutionPhase(TestCaseExecutor.java:412)
	at com.kms.katalon.core.main.TestCaseExecutor.accessMainPhase(TestCaseExecutor.java:404)
	at com.kms.katalon.core.main.TestCaseExecutor.execute(TestCaseExecutor.java:281)
	at com.kms.katalon.core.main.TestSuiteExecutor.accessTestCaseMainPhase(TestSuiteExecutor.java:202)
	at com.kms.katalon.core.main.TestSuiteExecutor.accessTestSuiteMainPhase(TestSuiteExecutor.java:164)
	at com.kms.katalon.core.main.TestSuiteExecutor.execute(TestSuiteExecutor.java:105)
	at com.kms.katalon.core.main.TestCaseMain.startTestSuite(TestCaseMain.java:181)
	at com.kms.katalon.core.main.TestCaseMain$startTestSuite$0.call(Unknown Source)
	at TempTestSuite1642258128503.run(TempTestSuite1642258128503.groovy:36)
Caused by: com.kms.katalon.core.exception.StepFailedException: com.kms.katalon.core.webui.exception.WebElementNotFoundException: Web element with id: 'Object Repository/AnonymousSignIn/Page_Automation Testing Site Log in to the site/button_Log in as a guest' located by '(//button[@type='submit'])[2]' not found
	at com.kms.katalon.core.webui.keyword.internal.WebUIKeywordMain.stepFailed(WebUIKeywordMain.groovy:64)
	at com.kms.katalon.core.webui.keyword.builtin.VerifyElementPresentKeyword$_verifyElementPresent_closure1.doCall(VerifyElementPresentKeyword.groovy:85)
	at com.kms.katalon.core.webui.keyword.builtin.VerifyElementPresentKeyword$_verifyElementPresent_closure1.call(VerifyElementPresentKeyword.groovy)
	at com.kms.katalon.core.webui.keyword.internal.WebUIKeywordMain.runKeyword(WebUIKeywordMain.groovy:20)
	... 19 more
)

2022-01-15 22:10:56 - [MESSAGE][WARNING] - Timeout '0' is invalid. Using default page load timeout: '30'

2022-01-15 22:11:27 - [MESSAGE][INFO] - Unable to find the element located by 'By.xpath: (//button[@type='submit'])[2]'. Please recheck the objects properties to make sure the desired element is located. 

2022-01-15 22:11:27 - [MESSAGE][FAILED] - com.kms.katalon.core.webui.exception.WebElementNotFoundException: Web element with id: 'Object Repository/AnonymousSignIn/Page_Automation Testing Site Log in to the site/button_Log in as a guest' located by '(//button[@type='submit'])[2]' not found (Root cause: com.kms.katalon.core.exception.StepFailedException: com.kms.katalon.core.webui.exception.WebElementNotFoundException: Web element with id: 'Object Repository/AnonymousSignIn/Page_Automation Testing Site Log in to the site/button_Log in as a guest' located by '(//button[@type='submit'])[2]' not found
	at com.kms.katalon.core.webui.keyword.internal.WebUIKeywordMain.stepFailed(WebUIKeywordMain.groovy:64)
	at com.kms.katalon.core.webui.keyword.builtin.VerifyElementPresentKeyword$_verifyElementPresent_closure1.doCall(VerifyElementPresentKeyword.groovy:85)
	at com.kms.katalon.core.webui.keyword.builtin.VerifyElementPresentKeyword$_verifyElementPresent_closure1.call(VerifyElementPresentKeyword.groovy)
	at com.kms.katalon.core.webui.keyword.internal.WebUIKeywordMain.runKeyword(WebUIKeywordMain.groovy:20)
	at com.kms.katalon.core.webui.keyword.builtin.VerifyElementPresentKeyword.verifyElementPresent(VerifyElementPresentKeyword.groovy:92)
	at com.kms.katalon.core.webui.keyword.builtin.VerifyElementPresentKeyword.execute(VerifyElementPresentKeyword.groovy:68)
	at com.kms.katalon.core.keyword.internal.KeywordExecutor.executeKeywordForPlatform(KeywordExecutor.groovy:74)
	at com.kms.katalon.core.webui.keyword.WebUiBuiltInKeywords.verifyElementPresent(WebUiBuiltInKeywords.groovy:1464)
	at com.kms.katalon.core.webui.keyword.WebUiBuiltInKeywords$verifyElementPresent$10.call(Unknown Source)
	at Đăng nhập dưới quyền Ẩn danh.run(Đăng nhập dưới quyền Ẩn danh:26)
	at com.kms.katalon.core.main.ScriptEngine.run(ScriptEngine.java:194)
	at com.kms.katalon.core.main.ScriptEngine.runScriptAsRawText(ScriptEngine.java:119)
	at com.kms.katalon.core.main.TestCaseExecutor.runScript(TestCaseExecutor.java:442)
	at com.kms.katalon.core.main.TestCaseExecutor.doExecute(TestCaseExecutor.java:433)
	at com.kms.katalon.core.main.TestCaseExecutor.processExecutionPhase(TestCaseExecutor.java:412)
	at com.kms.katalon.core.main.TestCaseExecutor.accessMainPhase(TestCaseExecutor.java:404)
	at com.kms.katalon.core.main.TestCaseExecutor.execute(TestCaseExecutor.java:281)
	at com.kms.katalon.core.main.TestSuiteExecutor.accessTestCaseMainPhase(TestSuiteExecutor.java:202)
	at com.kms.katalon.core.main.TestSuiteExecutor.accessTestSuiteMainPhase(TestSuiteExecutor.java:164)
	at com.kms.katalon.core.main.TestSuiteExecutor.execute(TestSuiteExecutor.java:105)
	at com.kms.katalon.core.main.TestCaseMain.startTestSuite(TestCaseMain.java:181)
	at com.kms.katalon.core.main.TestCaseMain$startTestSuite$0.call(Unknown Source)
	at TempTestSuite1642258128503.run(TempTestSuite1642258128503.groovy:36)
)
[[ATTACHMENT|E:\\MoodleTestByKatalon\\Reports\\20220115_214848\\Run all test cases\\20220115_214848\\1642259487529.png]]

2022-01-15 22:11:27 - [MESSAGE][FAILED] - Unable to verify object 'Object Repository/AnonymousSignIn/Page_Automation Testing Site Log in to the site/button_Log in as a guest' is present (Root cause: com.kms.katalon.core.exception.StepFailedException: Unable to verify object 'Object Repository/AnonymousSignIn/Page_Automation Testing Site Log in to the site/button_Log in as a guest' is present
	at com.kms.katalon.core.webui.keyword.internal.WebUIKeywordMain.stepFailed(WebUIKeywordMain.groovy:64)
	at com.kms.katalon.core.webui.keyword.internal.WebUIKeywordMain.runKeyword(WebUIKeywordMain.groovy:26)
	at com.kms.katalon.core.webui.keyword.builtin.VerifyElementPresentKeyword.verifyElementPresent(VerifyElementPresentKeyword.groovy:92)
	at com.kms.katalon.core.webui.keyword.builtin.VerifyElementPresentKeyword.execute(VerifyElementPresentKeyword.groovy:68)
	at com.kms.katalon.core.keyword.internal.KeywordExecutor.executeKeywordForPlatform(KeywordExecutor.groovy:74)
	at com.kms.katalon.core.webui.keyword.WebUiBuiltInKeywords.verifyElementPresent(WebUiBuiltInKeywords.groovy:1464)
	at com.kms.katalon.core.webui.keyword.WebUiBuiltInKeywords$verifyElementPresent$10.call(Unknown Source)
	at Đăng nhập dưới quyền Ẩn danh.run(Đăng nhập dưới quyền Ẩn danh:26)
	at com.kms.katalon.core.main.ScriptEngine.run(ScriptEngine.java:194)
	at com.kms.katalon.core.main.ScriptEngine.runScriptAsRawText(ScriptEngine.java:119)
	at com.kms.katalon.core.main.TestCaseExecutor.runScript(TestCaseExecutor.java:442)
	at com.kms.katalon.core.main.TestCaseExecutor.doExecute(TestCaseExecutor.java:433)
	at com.kms.katalon.core.main.TestCaseExecutor.processExecutionPhase(TestCaseExecutor.java:412)
	at com.kms.katalon.core.main.TestCaseExecutor.accessMainPhase(TestCaseExecutor.java:404)
	at com.kms.katalon.core.main.TestCaseExecutor.execute(TestCaseExecutor.java:281)
	at com.kms.katalon.core.main.TestSuiteExecutor.accessTestCaseMainPhase(TestSuiteExecutor.java:202)
	at com.kms.katalon.core.main.TestSuiteExecutor.accessTestSuiteMainPhase(TestSuiteExecutor.java:164)
	at com.kms.katalon.core.main.TestSuiteExecutor.execute(TestSuiteExecutor.java:105)
	at com.kms.katalon.core.main.TestCaseMain.startTestSuite(TestCaseMain.java:181)
	at com.kms.katalon.core.main.TestCaseMain$startTestSuite$0.call(Unknown Source)
	at TempTestSuite1642258128503.run(TempTestSuite1642258128503.groovy:36)
Caused by: com.kms.katalon.core.exception.StepFailedException: com.kms.katalon.core.webui.exception.WebElementNotFoundException: Web element with id: 'Object Repository/AnonymousSignIn/Page_Automation Testing Site Log in to the site/button_Log in as a guest' located by '(//button[@type='submit'])[2]' not found
	at com.kms.katalon.core.webui.keyword.internal.WebUIKeywordMain.stepFailed(WebUIKeywordMain.groovy:64)
	at com.kms.katalon.core.webui.keyword.builtin.VerifyElementPresentKeyword$_verifyElementPresent_closure1.doCall(VerifyElementPresentKeyword.groovy:85)
	at com.kms.katalon.core.webui.keyword.builtin.VerifyElementPresentKeyword$_verifyElementPresent_closure1.call(VerifyElementPresentKeyword.groovy)
	at com.kms.katalon.core.webui.keyword.internal.WebUIKeywordMain.runKeyword(WebUIKeywordMain.groovy:20)
	... 19 more
)
[[ATTACHMENT|E:\\MoodleTestByKatalon\\Reports\\20220115_214848\\Run all test cases\\20220115_214848\\1642259487646.png]]]]></system-out>
         <system-err><![CDATA[2022-01-15 22:10:51 - [TEST_CASE][FAILED] - Test Cases/Kiểm tra thẻ Site Administration/Đăng nhập dưới quyền Ẩn danh: Test Cases/Kiểm tra thẻ Site Administration/Đăng nhập dưới quyền Ẩn danh FAILED.
Reason:
com.kms.katalon.core.exception.StepFailedException: Unable to verify object 'Object Repository/AnonymousSignIn/Page_Automation Testing Site Log in to the site/button_Log in as a guest' is present
	at com.kms.katalon.core.webui.keyword.internal.WebUIKeywordMain.stepFailed(WebUIKeywordMain.groovy:64)
	at com.kms.katalon.core.webui.keyword.internal.WebUIKeywordMain.runKeyword(WebUIKeywordMain.groovy:26)
	at com.kms.katalon.core.webui.keyword.builtin.VerifyElementPresentKeyword.verifyElementPresent(VerifyElementPresentKeyword.groovy:92)
	at com.kms.katalon.core.webui.keyword.builtin.VerifyElementPresentKeyword.execute(VerifyElementPresentKeyword.groovy:68)
	at com.kms.katalon.core.keyword.internal.KeywordExecutor.executeKeywordForPlatform(KeywordExecutor.groovy:74)
	at com.kms.katalon.core.webui.keyword.WebUiBuiltInKeywords.verifyElementPresent(WebUiBuiltInKeywords.groovy:1464)
	at com.kms.katalon.core.webui.keyword.WebUiBuiltInKeywords$verifyElementPresent$10.call(Unknown Source)
	at Đăng nhập dưới quyền Ẩn danh.run(Đăng nhập dưới quyền Ẩn danh:26)
	at com.kms.katalon.core.main.ScriptEngine.run(ScriptEngine.java:194)
	at com.kms.katalon.core.main.ScriptEngine.runScriptAsRawText(ScriptEngine.java:119)
	at com.kms.katalon.core.main.TestCaseExecutor.runScript(TestCaseExecutor.java:442)
	at com.kms.katalon.core.main.TestCaseExecutor.doExecute(TestCaseExecutor.java:433)
	at com.kms.katalon.core.main.TestCaseExecutor.processExecutionPhase(TestCaseExecutor.java:412)
	at com.kms.katalon.core.main.TestCaseExecutor.accessMainPhase(TestCaseExecutor.java:404)
	at com.kms.katalon.core.main.TestCaseExecutor.execute(TestCaseExecutor.java:281)
	at com.kms.katalon.core.main.TestSuiteExecutor.accessTestCaseMainPhase(TestSuiteExecutor.java:202)
	at com.kms.katalon.core.main.TestSuiteExecutor.accessTestSuiteMainPhase(TestSuiteExecutor.java:164)
	at com.kms.katalon.core.main.TestSuiteExecutor.execute(TestSuiteExecutor.java:105)
	at com.kms.katalon.core.main.TestCaseMain.startTestSuite(TestCaseMain.java:181)
	at com.kms.katalon.core.main.TestCaseMain$startTestSuite$0.call(Unknown Source)
	at TempTestSuite1642258128503.run(TempTestSuite1642258128503.groovy:36)
Caused by: com.kms.katalon.core.exception.StepFailedException: com.kms.katalon.core.webui.exception.WebElementNotFoundException: Web element with id: 'Object Repository/AnonymousSignIn/Page_Automation Testing Site Log in to the site/button_Log in as a guest' located by '(//button[@type='submit'])[2]' not found
	at com.kms.katalon.core.webui.keyword.internal.WebUIKeywordMain.stepFailed(WebUIKeywordMain.groovy:64)
	at com.kms.katalon.core.webui.keyword.builtin.VerifyElementPresentKeyword$_verifyElementPresent_closure1.doCall(VerifyElementPresentKeyword.groovy:85)
	at com.kms.katalon.core.webui.keyword.builtin.VerifyElementPresentKeyword$_verifyElementPresent_closure1.call(VerifyElementPresentKeyword.groovy)
	at com.kms.katalon.core.webui.keyword.internal.WebUIKeywordMain.runKeyword(WebUIKeywordMain.groovy:20)
	... 19 more]]></system-err>
      </testcase>
      <testcase name="Test Cases/Kiểm tra thẻ Site Administration/Đăng nhập thất bại" time="8.877" classname="Test Cases/Kiểm tra thẻ Site Administration/Đăng nhập thất bại" status="PASSED">
         <system-out><![CDATA[2022-01-15 22:11:27 - [TEST_CASE][PASSED] - Test Cases/Kiểm tra thẻ Site Administration/Đăng nhập thất bại: Test Cases/Kiểm tra thẻ Site Administration/Đăng nhập thất bại

2022-01-15 22:11:27 - [TEST_STEP][PASSED] - openBrowser(""): Browser is opened with url: ''

2022-01-15 22:11:27 - [MESSAGE][WARNING] - A browser is already opened. Closing browser and opening a new one

2022-01-15 22:11:28 - [MESSAGE][INFO] - Starting 'Edge Chromium' driver

2022-01-15 22:11:31 - [MESSAGE][INFO] - Action delay is set to 0 milliseconds

2022-01-15 22:11:31 - [MESSAGE][PASSED] - Browser is opened with url: ''

2022-01-15 22:11:31 - [TEST_STEP][PASSED] - navigateToUrl("http://localhost/"): Navigate to 'http://localhost/' successfully

2022-01-15 22:11:32 - [MESSAGE][PASSED] - Navigate to 'http://localhost/' successfully

2022-01-15 22:11:32 - [TEST_STEP][PASSED] - click(findTestObject("Object Repository/LoginFailedObject/Page_Automation Testing Site/a_Log in")): Object: 'Object Repository/LoginFailedObject/Page_Automation Testing Site/a_Log in' is clicked on

2022-01-15 22:11:33 - [MESSAGE][PASSED] - Object: 'Object Repository/LoginFailedObject/Page_Automation Testing Site/a_Log in' is clicked on

2022-01-15 22:11:33 - [TEST_STEP][PASSED] - setText(findTestObject("Object Repository/LoginFailedObject/Page_Automation Testing Site Log in to the site/input_Username_username"), "admin"): Text 'admin' is set on object 'Object Repository/LoginFailedObject/Page_Automation Testing Site Log in to the site/input_Username_username'

2022-01-15 22:11:34 - [MESSAGE][PASSED] - Text 'admin' is set on object 'Object Repository/LoginFailedObject/Page_Automation Testing Site Log in to the site/input_Username_username'

2022-01-15 22:11:34 - [TEST_STEP][PASSED] - setEncryptedText(findTestObject("Object Repository/LoginFailedObject/Page_Automation Testing Site Log in to the site/input_Password_password"), "RAIVpflpDOg="): Text ****** has been set on object 'Object Repository/LoginFailedObject/Page_Automation Testing Site Log in to the site/input_Password_password'

2022-01-15 22:11:34 - [MESSAGE][PASSED] - Text ****** has been set on object 'Object Repository/LoginFailedObject/Page_Automation Testing Site Log in to the site/input_Password_password'

2022-01-15 22:11:34 - [TEST_STEP][PASSED] - click(findTestObject("Object Repository/LoginFailedObject/Page_Automation Testing Site Log in to the site/button_Log in")): Object: 'Object Repository/LoginFailedObject/Page_Automation Testing Site Log in to the site/button_Log in' is clicked on

2022-01-15 22:11:35 - [MESSAGE][PASSED] - Object: 'Object Repository/LoginFailedObject/Page_Automation Testing Site Log in to the site/button_Log in' is clicked on

2022-01-15 22:11:35 - [TEST_STEP][PASSED] - verifyElementPresent(findTestObject("Object Repository/LoginFailedObject/Page_Automation Testing Site Log in to the site/div_Invalid login, please try again"), 0): Object 'Object Repository/LoginFailedObject/Page_Automation Testing Site Log in to the site/div_Invalid login, please try again' is present

2022-01-15 22:11:35 - [MESSAGE][WARNING] - Timeout '0' is invalid. Using default page load timeout: '30'

2022-01-15 22:11:35 - [MESSAGE][PASSED] - Object 'Object Repository/LoginFailedObject/Page_Automation Testing Site Log in to the site/div_Invalid login, please try again' is present

2022-01-15 22:11:35 - [TEST_STEP][PASSED] - closeBrowser(): Browser is closed

2022-01-15 22:11:36 - [MESSAGE][PASSED] - Browser is closed]]></system-out>
         <system-err><![CDATA[]]></system-err>
      </testcase>
      <testcase name="Test Cases/Kiểm tra thẻ Site Administration/Đăng nhập thành công" time="9.903" classname="Test Cases/Kiểm tra thẻ Site Administration/Đăng nhập thành công" status="PASSED">
         <system-out><![CDATA[2022-01-15 22:11:36 - [TEST_CASE][PASSED] - Test Cases/Kiểm tra thẻ Site Administration/Đăng nhập thành công: Test Cases/Kiểm tra thẻ Site Administration/Đăng nhập thành công

2022-01-15 22:11:36 - [TEST_STEP][PASSED] - openBrowser(""): Browser is opened with url: ''

2022-01-15 22:11:36 - [MESSAGE][INFO] - Starting 'Edge Chromium' driver

2022-01-15 22:11:38 - [MESSAGE][INFO] - Action delay is set to 0 milliseconds

2022-01-15 22:11:40 - [MESSAGE][PASSED] - Browser is opened with url: ''

2022-01-15 22:11:40 - [TEST_STEP][PASSED] - navigateToUrl("http://localhost/"): Navigate to 'http://localhost/' successfully

2022-01-15 22:11:40 - [MESSAGE][PASSED] - Navigate to 'http://localhost/' successfully

2022-01-15 22:11:40 - [TEST_STEP][PASSED] - click(findTestObject("Object Repository/LoginObject/Page_Automation Testing Site/a_Log in")): Object: 'Object Repository/LoginObject/Page_Automation Testing Site/a_Log in' is clicked on

2022-01-15 22:11:41 - [MESSAGE][PASSED] - Object: 'Object Repository/LoginObject/Page_Automation Testing Site/a_Log in' is clicked on

2022-01-15 22:11:41 - [TEST_STEP][PASSED] - setText(findTestObject("Object Repository/LoginObject/Page_Automation Testing Site Log in to the site/input_Username_username"), "admin"): Text 'admin' is set on object 'Object Repository/LoginObject/Page_Automation Testing Site Log in to the site/input_Username_username'

2022-01-15 22:11:42 - [MESSAGE][PASSED] - Text 'admin' is set on object 'Object Repository/LoginObject/Page_Automation Testing Site Log in to the site/input_Username_username'

2022-01-15 22:11:42 - [TEST_STEP][PASSED] - setEncryptedText(findTestObject("Object Repository/LoginObject/Page_Automation Testing Site Log in to the site/input_Password_password"), "cnpXG5HhkrZpEXzNIGBMZQ=="): Text ****** has been set on object 'Object Repository/LoginObject/Page_Automation Testing Site Log in to the site/input_Password_password'

2022-01-15 22:11:43 - [MESSAGE][PASSED] - Text ****** has been set on object 'Object Repository/LoginObject/Page_Automation Testing Site Log in to the site/input_Password_password'

2022-01-15 22:11:43 - [TEST_STEP][PASSED] - click(findTestObject("Object Repository/LoginObject/Page_Automation Testing Site Log in to the site/button_Log in")): Object: 'Object Repository/LoginObject/Page_Automation Testing Site Log in to the site/button_Log in' is clicked on

2022-01-15 22:11:44 - [MESSAGE][PASSED] - Object: 'Object Repository/LoginObject/Page_Automation Testing Site Log in to the site/button_Log in' is clicked on

2022-01-15 22:11:44 - [TEST_STEP][PASSED] - verifyElementText(findTestObject("Object Repository/LoginObject/Page_Dashboard/span_Site administration"), "Site administration"): Actual text and expected text of test object 'Object Repository/LoginObject/Page_Dashboard/span_Site administration' are matched.

2022-01-15 22:11:46 - [MESSAGE][PASSED] - Actual text and expected text of test object 'Object Repository/LoginObject/Page_Dashboard/span_Site administration' are matched.]]></system-out>
         <system-err><![CDATA[]]></system-err>
      </testcase>
      <testcase name="Test Cases/Phần thiết lập khác/Kiểm tra sự hiện diện của tính năng tin nhắn" time="20.026" classname="Test Cases/Phần thiết lập khác/Kiểm tra sự hiện diện của tính năng tin nhắn" status="PASSED">
         <system-out><![CDATA[2022-01-15 22:11:46 - [TEST_CASE][PASSED] - Test Cases/Phần thiết lập khác/Kiểm tra sự hiện diện của tính năng tin nhắn: Test Cases/Phần thiết lập khác/Kiểm tra sự hiện diện của tính năng tin nhắn

2022-01-15 22:11:46 - [TEST_STEP][PASSED] - callTestCase(findTestCase("Kiểm tra thẻ Site Administration/Đăng nhập thành công"), [:], STOP_ON_FAILURE): Call Test Case 'Test Cases/Kiểm tra thẻ Site Administration/Đăng nhập thành công' successfully

2022-01-15 22:11:46 - [TEST_CASE][PASSED] - Test Cases/Kiểm tra thẻ Site Administration/Đăng nhập thành công: Test Cases/Kiểm tra thẻ Site Administration/Đăng nhập thành công

2022-01-15 22:11:46 - [TEST_STEP][PASSED] - openBrowser(""): Browser is opened with url: ''

2022-01-15 22:11:46 - [MESSAGE][WARNING] - A browser is already opened. Closing browser and opening a new one

2022-01-15 22:11:47 - [MESSAGE][INFO] - Starting 'Edge Chromium' driver

2022-01-15 22:11:49 - [MESSAGE][INFO] - Action delay is set to 0 milliseconds

2022-01-15 22:11:51 - [MESSAGE][PASSED] - Browser is opened with url: ''

2022-01-15 22:11:51 - [TEST_STEP][PASSED] - navigateToUrl("http://localhost/"): Navigate to 'http://localhost/' successfully

2022-01-15 22:11:53 - [MESSAGE][PASSED] - Navigate to 'http://localhost/' successfully

2022-01-15 22:11:53 - [TEST_STEP][PASSED] - click(findTestObject("Object Repository/LoginObject/Page_Automation Testing Site/a_Log in")): Object: 'Object Repository/LoginObject/Page_Automation Testing Site/a_Log in' is clicked on

2022-01-15 22:11:54 - [MESSAGE][PASSED] - Object: 'Object Repository/LoginObject/Page_Automation Testing Site/a_Log in' is clicked on

2022-01-15 22:11:54 - [TEST_STEP][PASSED] - setText(findTestObject("Object Repository/LoginObject/Page_Automation Testing Site Log in to the site/input_Username_username"), "admin"): Text 'admin' is set on object 'Object Repository/LoginObject/Page_Automation Testing Site Log in to the site/input_Username_username'

2022-01-15 22:11:54 - [MESSAGE][PASSED] - Text 'admin' is set on object 'Object Repository/LoginObject/Page_Automation Testing Site Log in to the site/input_Username_username'

2022-01-15 22:11:54 - [TEST_STEP][PASSED] - setEncryptedText(findTestObject("Object Repository/LoginObject/Page_Automation Testing Site Log in to the site/input_Password_password"), "cnpXG5HhkrZpEXzNIGBMZQ=="): Text ****** has been set on object 'Object Repository/LoginObject/Page_Automation Testing Site Log in to the site/input_Password_password'

2022-01-15 22:11:55 - [MESSAGE][PASSED] - Text ****** has been set on object 'Object Repository/LoginObject/Page_Automation Testing Site Log in to the site/input_Password_password'

2022-01-15 22:11:55 - [TEST_STEP][PASSED] - click(findTestObject("Object Repository/LoginObject/Page_Automation Testing Site Log in to the site/button_Log in")): Object: 'Object Repository/LoginObject/Page_Automation Testing Site Log in to the site/button_Log in' is clicked on

2022-01-15 22:11:58 - [MESSAGE][PASSED] - Object: 'Object Repository/LoginObject/Page_Automation Testing Site Log in to the site/button_Log in' is clicked on

2022-01-15 22:11:58 - [TEST_STEP][PASSED] - verifyElementText(findTestObject("Object Repository/LoginObject/Page_Dashboard/span_Site administration"), "Site administration"): Actual text and expected text of test object 'Object Repository/LoginObject/Page_Dashboard/span_Site administration' are matched.

2022-01-15 22:12:00 - [MESSAGE][PASSED] - Actual text and expected text of test object 'Object Repository/LoginObject/Page_Dashboard/span_Site administration' are matched.

2022-01-15 22:12:00 - [MESSAGE][PASSED] - Call Test Case 'Test Cases/Kiểm tra thẻ Site Administration/Đăng nhập thành công' successfully

2022-01-15 22:12:00 - [TEST_STEP][PASSED] - click(findTestObject("Object Repository/CheckMessageVisible/Page_Dashboard/i_See all_icon fa fa-comment fa-fw")): Object: 'Object Repository/CheckMessageVisible/Page_Dashboard/i_See all_icon fa fa-comment fa-fw' is clicked on

2022-01-15 22:12:02 - [MESSAGE][PASSED] - Object: 'Object Repository/CheckMessageVisible/Page_Dashboard/i_See all_icon fa fa-comment fa-fw' is clicked on

2022-01-15 22:12:02 - [TEST_STEP][PASSED] - verifyTextPresent("Contacts", false): Text 'Contacts' is present on page 

2022-01-15 22:12:04 - [MESSAGE][PASSED] - Text 'Contacts' is present on page 

2022-01-15 22:12:04 - [TEST_STEP][PASSED] - verifyTextPresent("Group", false): Text 'Group' is present on page 

2022-01-15 22:12:05 - [MESSAGE][PASSED] - Text 'Group' is present on page 

2022-01-15 22:12:05 - [TEST_STEP][PASSED] - verifyTextPresent("Private", false): Text 'Private' is present on page 

2022-01-15 22:12:06 - [MESSAGE][PASSED] - Text 'Private' is present on page 

2022-01-15 22:12:06 - [TEST_STEP][PASSED] - click(findTestObject("Object Repository/CheckMessageVisible/Page_Dashboard/i_See all_icon fa fa-comment fa-fw")): Object: 'Object Repository/CheckMessageVisible/Page_Dashboard/i_See all_icon fa fa-comment fa-fw' is clicked on

2022-01-15 22:12:06 - [MESSAGE][PASSED] - Object: 'Object Repository/CheckMessageVisible/Page_Dashboard/i_See all_icon fa fa-comment fa-fw' is clicked on]]></system-out>
         <system-err><![CDATA[]]></system-err>
      </testcase>
      <testcase name="Test Cases/Phần thiết lập khác/Kiểm tra việc tạo và xóa một Cohort" time="39.295" classname="Test Cases/Phần thiết lập khác/Kiểm tra việc tạo và xóa một Cohort" status="PASSED">
         <system-out><![CDATA[2022-01-15 22:12:06 - [TEST_CASE][PASSED] - Test Cases/Phần thiết lập khác/Kiểm tra việc tạo và xóa một Cohort: Test Cases/Phần thiết lập khác/Kiểm tra việc tạo và xóa một Cohort

2022-01-15 22:12:07 - [TEST_STEP][PASSED] - callTestCase(findTestCase("Kiểm tra thẻ Site Administration/Đăng nhập thành công"), [:], STOP_ON_FAILURE): Call Test Case 'Test Cases/Kiểm tra thẻ Site Administration/Đăng nhập thành công' successfully

2022-01-15 22:12:07 - [TEST_CASE][PASSED] - Test Cases/Kiểm tra thẻ Site Administration/Đăng nhập thành công: Test Cases/Kiểm tra thẻ Site Administration/Đăng nhập thành công

2022-01-15 22:12:07 - [TEST_STEP][PASSED] - openBrowser(""): Browser is opened with url: ''

2022-01-15 22:12:07 - [MESSAGE][WARNING] - A browser is already opened. Closing browser and opening a new one

2022-01-15 22:12:08 - [MESSAGE][INFO] - Starting 'Edge Chromium' driver

2022-01-15 22:12:10 - [MESSAGE][INFO] - Action delay is set to 0 milliseconds

2022-01-15 22:12:12 - [MESSAGE][PASSED] - Browser is opened with url: ''

2022-01-15 22:12:12 - [TEST_STEP][PASSED] - navigateToUrl("http://localhost/"): Navigate to 'http://localhost/' successfully

2022-01-15 22:12:14 - [MESSAGE][PASSED] - Navigate to 'http://localhost/' successfully

2022-01-15 22:12:14 - [TEST_STEP][PASSED] - click(findTestObject("Object Repository/LoginObject/Page_Automation Testing Site/a_Log in")): Object: 'Object Repository/LoginObject/Page_Automation Testing Site/a_Log in' is clicked on

2022-01-15 22:12:15 - [MESSAGE][PASSED] - Object: 'Object Repository/LoginObject/Page_Automation Testing Site/a_Log in' is clicked on

2022-01-15 22:12:15 - [TEST_STEP][PASSED] - setText(findTestObject("Object Repository/LoginObject/Page_Automation Testing Site Log in to the site/input_Username_username"), "admin"): Text 'admin' is set on object 'Object Repository/LoginObject/Page_Automation Testing Site Log in to the site/input_Username_username'

2022-01-15 22:12:16 - [MESSAGE][PASSED] - Text 'admin' is set on object 'Object Repository/LoginObject/Page_Automation Testing Site Log in to the site/input_Username_username'

2022-01-15 22:12:16 - [TEST_STEP][PASSED] - setEncryptedText(findTestObject("Object Repository/LoginObject/Page_Automation Testing Site Log in to the site/input_Password_password"), "cnpXG5HhkrZpEXzNIGBMZQ=="): Text ****** has been set on object 'Object Repository/LoginObject/Page_Automation Testing Site Log in to the site/input_Password_password'

2022-01-15 22:12:17 - [MESSAGE][PASSED] - Text ****** has been set on object 'Object Repository/LoginObject/Page_Automation Testing Site Log in to the site/input_Password_password'

2022-01-15 22:12:17 - [TEST_STEP][PASSED] - click(findTestObject("Object Repository/LoginObject/Page_Automation Testing Site Log in to the site/button_Log in")): Object: 'Object Repository/LoginObject/Page_Automation Testing Site Log in to the site/button_Log in' is clicked on

2022-01-15 22:12:19 - [MESSAGE][PASSED] - Object: 'Object Repository/LoginObject/Page_Automation Testing Site Log in to the site/button_Log in' is clicked on

2022-01-15 22:12:19 - [TEST_STEP][PASSED] - verifyElementText(findTestObject("Object Repository/LoginObject/Page_Dashboard/span_Site administration"), "Site administration"): Actual text and expected text of test object 'Object Repository/LoginObject/Page_Dashboard/span_Site administration' are matched.

2022-01-15 22:12:21 - [MESSAGE][PASSED] - Actual text and expected text of test object 'Object Repository/LoginObject/Page_Dashboard/span_Site administration' are matched.

2022-01-15 22:12:21 - [MESSAGE][PASSED] - Call Test Case 'Test Cases/Kiểm tra thẻ Site Administration/Đăng nhập thành công' successfully

2022-01-15 22:12:21 - [TEST_STEP][PASSED] - click(findTestObject("Object Repository/AddANewUserObject/Page_Dashboard/span_Site administration")): Object: 'Object Repository/AddANewUserObject/Page_Dashboard/span_Site administration' is clicked on

2022-01-15 22:12:23 - [MESSAGE][PASSED] - Object: 'Object Repository/AddANewUserObject/Page_Dashboard/span_Site administration' is clicked on

2022-01-15 22:12:23 - [TEST_STEP][PASSED] - navigateToUrl("http://localhost/admin/search.php"): Navigate to 'http://localhost/admin/search.php' successfully

2022-01-15 22:12:25 - [MESSAGE][PASSED] - Navigate to 'http://localhost/admin/search.php' successfully

2022-01-15 22:12:25 - [TEST_STEP][PASSED] - click(findTestObject("Object Repository/AddCohort/Page_SiteTesting Administration Search/a_Users")): Object: 'Object Repository/AddCohort/Page_SiteTesting Administration Search/a_Users' is clicked on

2022-01-15 22:12:25 - [MESSAGE][PASSED] - Object: 'Object Repository/AddCohort/Page_SiteTesting Administration Search/a_Users' is clicked on

2022-01-15 22:12:25 - [TEST_STEP][PASSED] - click(findTestObject("Object Repository/AddCohort/Page_SiteTesting Administration Search/a_Cohorts")): Object: 'Object Repository/AddCohort/Page_SiteTesting Administration Search/a_Cohorts' is clicked on

2022-01-15 22:12:27 - [MESSAGE][PASSED] - Object: 'Object Repository/AddCohort/Page_SiteTesting Administration Search/a_Cohorts' is clicked on

2022-01-15 22:12:27 - [TEST_STEP][PASSED] - click(findTestObject("Object Repository/AddCohort/Page_SiteTesting Administration Users Accou_c8a473/a_Add new cohort")): Object: 'Object Repository/AddCohort/Page_SiteTesting Administration Users Accou_c8a473/a_Add new cohort' is clicked on

2022-01-15 22:12:31 - [MESSAGE][PASSED] - Object: 'Object Repository/AddCohort/Page_SiteTesting Administration Users Accou_c8a473/a_Add new cohort' is clicked on

2022-01-15 22:12:31 - [TEST_STEP][PASSED] - setText(findTestObject("Object Repository/AddCohort/Page_Add new cohort/input_Name_name"), "Cohort1"): Text 'Cohort1' is set on object 'Object Repository/AddCohort/Page_Add new cohort/input_Name_name'

2022-01-15 22:12:33 - [MESSAGE][PASSED] - Text 'Cohort1' is set on object 'Object Repository/AddCohort/Page_Add new cohort/input_Name_name'

2022-01-15 22:12:33 - [TEST_STEP][PASSED] - click(findTestObject("Object Repository/AddCohort/Page_Add new cohort/input_Description_submitbutton")): Object: 'Object Repository/AddCohort/Page_Add new cohort/input_Description_submitbutton' is clicked on

2022-01-15 22:12:39 - [MESSAGE][PASSED] - Object: 'Object Repository/AddCohort/Page_Add new cohort/input_Description_submitbutton' is clicked on

2022-01-15 22:12:39 - [TEST_STEP][PASSED] - verifyTextPresent("Cohort1", false): Text 'Cohort1' is present on page 

2022-01-15 22:12:40 - [MESSAGE][PASSED] - Text 'Cohort1' is present on page 

2022-01-15 22:12:40 - [TEST_STEP][PASSED] - click(findTestObject("Object Repository/AddCohort/Page_SiteTesting Administration Users Accou_c8a473/i_Created manually_icon fa fa-trash fa-fw")): Object: 'Object Repository/AddCohort/Page_SiteTesting Administration Users Accou_c8a473/i_Created manually_icon fa fa-trash fa-fw' is clicked on

2022-01-15 22:12:42 - [MESSAGE][PASSED] - Object: 'Object Repository/AddCohort/Page_SiteTesting Administration Users Accou_c8a473/i_Created manually_icon fa fa-trash fa-fw' is clicked on

2022-01-15 22:12:42 - [TEST_STEP][PASSED] - verifyElementText(findTestObject("Object Repository/AddCohort/Page_Delete cohort/p_Do you really want to delete cohort Cohort1"), "Do you really want to delete cohort 'Cohort1'?"): Actual text and expected text of test object 'Object Repository/AddCohort/Page_Delete cohort/p_Do you really want to delete cohort Cohort1' are matched.

2022-01-15 22:12:42 - [MESSAGE][PASSED] - Actual text and expected text of test object 'Object Repository/AddCohort/Page_Delete cohort/p_Do you really want to delete cohort Cohort1' are matched.

2022-01-15 22:12:42 - [TEST_STEP][PASSED] - click(findTestObject("Object Repository/AddCohort/Page_Delete cohort/button_Continue")): Object: 'Object Repository/AddCohort/Page_Delete cohort/button_Continue' is clicked on

2022-01-15 22:12:44 - [MESSAGE][PASSED] - Object: 'Object Repository/AddCohort/Page_Delete cohort/button_Continue' is clicked on

2022-01-15 22:12:44 - [TEST_STEP][PASSED] - navigateToUrl("http://localhost/cohort/index.php?page=0&contextid=1"): Navigate to 'http://localhost/cohort/index.php?page=0&contextid=1' successfully

2022-01-15 22:12:45 - [MESSAGE][PASSED] - Navigate to 'http://localhost/cohort/index.php?page=0&contextid=1' successfully]]></system-out>
         <system-err><![CDATA[]]></system-err>
      </testcase>
      <testcase name="Test Cases/Tạo 1 User mới/Điền không đầy đủ thông tin bắt buộc" time="26.083" classname="Test Cases/Tạo 1 User mới/Điền không đầy đủ thông tin bắt buộc" status="PASSED">
         <system-out><![CDATA[2022-01-15 22:12:45 - [TEST_CASE][PASSED] - Test Cases/Tạo 1 User mới/Điền không đầy đủ thông tin bắt buộc: Test Cases/Tạo 1 User mới/Điền không đầy đủ thông tin bắt buộc

2022-01-15 22:12:46 - [TEST_STEP][PASSED] - callTestCase(findTestCase("Kiểm tra thẻ Site Administration/Đăng nhập thành công"), [:], STOP_ON_FAILURE): Call Test Case 'Test Cases/Kiểm tra thẻ Site Administration/Đăng nhập thành công' successfully

2022-01-15 22:12:46 - [TEST_CASE][PASSED] - Test Cases/Kiểm tra thẻ Site Administration/Đăng nhập thành công: Test Cases/Kiểm tra thẻ Site Administration/Đăng nhập thành công

2022-01-15 22:12:46 - [TEST_STEP][PASSED] - openBrowser(""): Browser is opened with url: ''

2022-01-15 22:12:46 - [MESSAGE][WARNING] - A browser is already opened. Closing browser and opening a new one

2022-01-15 22:12:47 - [MESSAGE][INFO] - Starting 'Edge Chromium' driver

2022-01-15 22:12:50 - [MESSAGE][INFO] - Action delay is set to 0 milliseconds

2022-01-15 22:12:51 - [MESSAGE][PASSED] - Browser is opened with url: ''

2022-01-15 22:12:51 - [TEST_STEP][PASSED] - navigateToUrl("http://localhost/"): Navigate to 'http://localhost/' successfully

2022-01-15 22:12:53 - [MESSAGE][PASSED] - Navigate to 'http://localhost/' successfully

2022-01-15 22:12:53 - [TEST_STEP][PASSED] - click(findTestObject("Object Repository/LoginObject/Page_Automation Testing Site/a_Log in")): Object: 'Object Repository/LoginObject/Page_Automation Testing Site/a_Log in' is clicked on

2022-01-15 22:12:54 - [MESSAGE][PASSED] - Object: 'Object Repository/LoginObject/Page_Automation Testing Site/a_Log in' is clicked on

2022-01-15 22:12:54 - [TEST_STEP][PASSED] - setText(findTestObject("Object Repository/LoginObject/Page_Automation Testing Site Log in to the site/input_Username_username"), "admin"): Text 'admin' is set on object 'Object Repository/LoginObject/Page_Automation Testing Site Log in to the site/input_Username_username'

2022-01-15 22:12:55 - [MESSAGE][PASSED] - Text 'admin' is set on object 'Object Repository/LoginObject/Page_Automation Testing Site Log in to the site/input_Username_username'

2022-01-15 22:12:55 - [TEST_STEP][PASSED] - setEncryptedText(findTestObject("Object Repository/LoginObject/Page_Automation Testing Site Log in to the site/input_Password_password"), "cnpXG5HhkrZpEXzNIGBMZQ=="): Text ****** has been set on object 'Object Repository/LoginObject/Page_Automation Testing Site Log in to the site/input_Password_password'

2022-01-15 22:12:56 - [MESSAGE][PASSED] - Text ****** has been set on object 'Object Repository/LoginObject/Page_Automation Testing Site Log in to the site/input_Password_password'

2022-01-15 22:12:56 - [TEST_STEP][PASSED] - click(findTestObject("Object Repository/LoginObject/Page_Automation Testing Site Log in to the site/button_Log in")): Object: 'Object Repository/LoginObject/Page_Automation Testing Site Log in to the site/button_Log in' is clicked on

2022-01-15 22:12:58 - [MESSAGE][PASSED] - Object: 'Object Repository/LoginObject/Page_Automation Testing Site Log in to the site/button_Log in' is clicked on

2022-01-15 22:12:58 - [TEST_STEP][PASSED] - verifyElementText(findTestObject("Object Repository/LoginObject/Page_Dashboard/span_Site administration"), "Site administration"): Actual text and expected text of test object 'Object Repository/LoginObject/Page_Dashboard/span_Site administration' are matched.

2022-01-15 22:13:00 - [MESSAGE][PASSED] - Actual text and expected text of test object 'Object Repository/LoginObject/Page_Dashboard/span_Site administration' are matched.

2022-01-15 22:13:00 - [MESSAGE][PASSED] - Call Test Case 'Test Cases/Kiểm tra thẻ Site Administration/Đăng nhập thành công' successfully

2022-01-15 22:13:00 - [TEST_STEP][PASSED] - click(findTestObject("Object Repository/AddANewUserObject/Page_Dashboard/span_Site administration")): Object: 'Object Repository/AddANewUserObject/Page_Dashboard/span_Site administration' is clicked on

2022-01-15 22:13:02 - [MESSAGE][PASSED] - Object: 'Object Repository/AddANewUserObject/Page_Dashboard/span_Site administration' is clicked on

2022-01-15 22:13:02 - [TEST_STEP][PASSED] - navigateToUrl("http://localhost/admin/search.php"): Navigate to 'http://localhost/admin/search.php' successfully

2022-01-15 22:13:03 - [MESSAGE][PASSED] - Navigate to 'http://localhost/admin/search.php' successfully

2022-01-15 22:13:03 - [TEST_STEP][PASSED] - click(findTestObject("Object Repository/AddANewUserObject/Page_SiteTesting Administration Search/a_Users")): Object: 'Object Repository/AddANewUserObject/Page_SiteTesting Administration Search/a_Users' is clicked on

2022-01-15 22:13:03 - [MESSAGE][PASSED] - Object: 'Object Repository/AddANewUserObject/Page_SiteTesting Administration Search/a_Users' is clicked on

2022-01-15 22:13:03 - [TEST_STEP][PASSED] - click(findTestObject("Object Repository/AddANewUserObject/Page_SiteTesting Administration Search/a_Add a new user")): Object: 'Object Repository/AddANewUserObject/Page_SiteTesting Administration Search/a_Add a new user' is clicked on

2022-01-15 22:13:05 - [MESSAGE][PASSED] - Object: 'Object Repository/AddANewUserObject/Page_SiteTesting Administration Search/a_Add a new user' is clicked on

2022-01-15 22:13:05 - [TEST_STEP][PASSED] - setText(findTestObject("Object Repository/AddANewUserObject/Page_SiteTesting Administration Users Accou_a8eb60/input_Username_username"), "testing_redundant"): Text 'testing_redundant' is set on object 'Object Repository/AddANewUserObject/Page_SiteTesting Administration Users Accou_a8eb60/input_Username_username'

2022-01-15 22:13:06 - [MESSAGE][PASSED] - Text 'testing_redundant' is set on object 'Object Repository/AddANewUserObject/Page_SiteTesting Administration Users Accou_a8eb60/input_Username_username'

2022-01-15 22:13:06 - [TEST_STEP][PASSED] - click(findTestObject("Object Repository/AddANewUserObject/Page_SiteTesting Administration Users Accou_a8eb60/em_Click to enter text")): Object: 'Object Repository/AddANewUserObject/Page_SiteTesting Administration Users Accou_a8eb60/em_Click to enter text' is clicked on

2022-01-15 22:13:07 - [MESSAGE][PASSED] - Object: 'Object Repository/AddANewUserObject/Page_SiteTesting Administration Users Accou_a8eb60/em_Click to enter text' is clicked on

2022-01-15 22:13:07 - [TEST_STEP][PASSED] - setEncryptedText(findTestObject("Object Repository/AddANewUserObject/Page_SiteTesting Administration Users Accou_a8eb60/input_New password_newpassword"), "cnpXG5HhkrZpEXzNIGBMZQ=="): Text ****** has been set on object 'Object Repository/AddANewUserObject/Page_SiteTesting Administration Users Accou_a8eb60/input_New password_newpassword'

2022-01-15 22:13:08 - [MESSAGE][PASSED] - Text ****** has been set on object 'Object Repository/AddANewUserObject/Page_SiteTesting Administration Users Accou_a8eb60/input_New password_newpassword'

2022-01-15 22:13:08 - [TEST_STEP][PASSED] - setText(findTestObject("Object Repository/AddANewUserObject/Page_SiteTesting Administration Users Accou_a8eb60/input_First name_firstname"), "Quang"): Text 'Quang' is set on object 'Object Repository/AddANewUserObject/Page_SiteTesting Administration Users Accou_a8eb60/input_First name_firstname'

2022-01-15 22:13:09 - [MESSAGE][PASSED] - Text 'Quang' is set on object 'Object Repository/AddANewUserObject/Page_SiteTesting Administration Users Accou_a8eb60/input_First name_firstname'

2022-01-15 22:13:09 - [TEST_STEP][PASSED] - setText(findTestObject("Object Repository/AddANewUserObject/Page_SiteTesting Administration Users Accou_a8eb60/input_Email address_email"), "testing_redundant@gmail.com"): Text 'testing_redundant@gmail.com' is set on object 'Object Repository/AddANewUserObject/Page_SiteTesting Administration Users Accou_a8eb60/input_Email address_email'

2022-01-15 22:13:10 - [MESSAGE][PASSED] - Text 'testing_redundant@gmail.com' is set on object 'Object Repository/AddANewUserObject/Page_SiteTesting Administration Users Accou_a8eb60/input_Email address_email'

2022-01-15 22:13:10 - [TEST_STEP][PASSED] - click(findTestObject("Object Repository/AddANewUserObject/Page_SiteTesting Administration Users Accou_a8eb60/input_Address_submitbutton")): Object: 'Object Repository/AddANewUserObject/Page_SiteTesting Administration Users Accou_a8eb60/input_Address_submitbutton' is clicked on

2022-01-15 22:13:11 - [MESSAGE][PASSED] - Object: 'Object Repository/AddANewUserObject/Page_SiteTesting Administration Users Accou_a8eb60/input_Address_submitbutton' is clicked on

2022-01-15 22:13:11 - [TEST_STEP][PASSED] - verifyElementText(findTestObject("Object Repository/AddANewUserObject/Page_SiteTesting Administration Users Accou_a8eb60/div_- Missing surname"), "- Missing surname"): Actual text and expected text of test object 'Object Repository/AddANewUserObject/Page_SiteTesting Administration Users Accou_a8eb60/div_- Missing surname' are matched.

2022-01-15 22:13:11 - [MESSAGE][PASSED] - Actual text and expected text of test object 'Object Repository/AddANewUserObject/Page_SiteTesting Administration Users Accou_a8eb60/div_- Missing surname' are matched.]]></system-out>
         <system-err><![CDATA[]]></system-err>
      </testcase>
      <testcase name="Test Cases/Tạo 1 User mới/Điền mật khẩu yếu" time="27.141" classname="Test Cases/Tạo 1 User mới/Điền mật khẩu yếu" status="PASSED">
         <system-out><![CDATA[2022-01-15 22:13:11 - [TEST_CASE][PASSED] - Test Cases/Tạo 1 User mới/Điền mật khẩu yếu: Test Cases/Tạo 1 User mới/Điền mật khẩu yếu

2022-01-15 22:13:12 - [TEST_STEP][PASSED] - callTestCase(findTestCase("Kiểm tra thẻ Site Administration/Đăng nhập thành công"), [:], STOP_ON_FAILURE): Call Test Case 'Test Cases/Kiểm tra thẻ Site Administration/Đăng nhập thành công' successfully

2022-01-15 22:13:12 - [TEST_CASE][PASSED] - Test Cases/Kiểm tra thẻ Site Administration/Đăng nhập thành công: Test Cases/Kiểm tra thẻ Site Administration/Đăng nhập thành công

2022-01-15 22:13:12 - [TEST_STEP][PASSED] - openBrowser(""): Browser is opened with url: ''

2022-01-15 22:13:12 - [MESSAGE][WARNING] - A browser is already opened. Closing browser and opening a new one

2022-01-15 22:13:13 - [MESSAGE][INFO] - Starting 'Edge Chromium' driver

2022-01-15 22:13:15 - [MESSAGE][INFO] - Action delay is set to 0 milliseconds

2022-01-15 22:13:17 - [MESSAGE][PASSED] - Browser is opened with url: ''

2022-01-15 22:13:17 - [TEST_STEP][PASSED] - navigateToUrl("http://localhost/"): Navigate to 'http://localhost/' successfully

2022-01-15 22:13:19 - [MESSAGE][PASSED] - Navigate to 'http://localhost/' successfully

2022-01-15 22:13:19 - [TEST_STEP][PASSED] - click(findTestObject("Object Repository/LoginObject/Page_Automation Testing Site/a_Log in")): Object: 'Object Repository/LoginObject/Page_Automation Testing Site/a_Log in' is clicked on

2022-01-15 22:13:20 - [MESSAGE][PASSED] - Object: 'Object Repository/LoginObject/Page_Automation Testing Site/a_Log in' is clicked on

2022-01-15 22:13:20 - [TEST_STEP][PASSED] - setText(findTestObject("Object Repository/LoginObject/Page_Automation Testing Site Log in to the site/input_Username_username"), "admin"): Text 'admin' is set on object 'Object Repository/LoginObject/Page_Automation Testing Site Log in to the site/input_Username_username'

2022-01-15 22:13:21 - [MESSAGE][PASSED] - Text 'admin' is set on object 'Object Repository/LoginObject/Page_Automation Testing Site Log in to the site/input_Username_username'

2022-01-15 22:13:21 - [TEST_STEP][PASSED] - setEncryptedText(findTestObject("Object Repository/LoginObject/Page_Automation Testing Site Log in to the site/input_Password_password"), "cnpXG5HhkrZpEXzNIGBMZQ=="): Text ****** has been set on object 'Object Repository/LoginObject/Page_Automation Testing Site Log in to the site/input_Password_password'

2022-01-15 22:13:22 - [MESSAGE][PASSED] - Text ****** has been set on object 'Object Repository/LoginObject/Page_Automation Testing Site Log in to the site/input_Password_password'

2022-01-15 22:13:22 - [TEST_STEP][PASSED] - click(findTestObject("Object Repository/LoginObject/Page_Automation Testing Site Log in to the site/button_Log in")): Object: 'Object Repository/LoginObject/Page_Automation Testing Site Log in to the site/button_Log in' is clicked on

2022-01-15 22:13:23 - [MESSAGE][PASSED] - Object: 'Object Repository/LoginObject/Page_Automation Testing Site Log in to the site/button_Log in' is clicked on

2022-01-15 22:13:23 - [TEST_STEP][PASSED] - verifyElementText(findTestObject("Object Repository/LoginObject/Page_Dashboard/span_Site administration"), "Site administration"): Actual text and expected text of test object 'Object Repository/LoginObject/Page_Dashboard/span_Site administration' are matched.

2022-01-15 22:13:25 - [MESSAGE][PASSED] - Actual text and expected text of test object 'Object Repository/LoginObject/Page_Dashboard/span_Site administration' are matched.

2022-01-15 22:13:25 - [MESSAGE][PASSED] - Call Test Case 'Test Cases/Kiểm tra thẻ Site Administration/Đăng nhập thành công' successfully

2022-01-15 22:13:25 - [TEST_STEP][PASSED] - click(findTestObject("Object Repository/AddANewUserObject/Page_Dashboard/span_Site administration")): Object: 'Object Repository/AddANewUserObject/Page_Dashboard/span_Site administration' is clicked on

2022-01-15 22:13:27 - [MESSAGE][PASSED] - Object: 'Object Repository/AddANewUserObject/Page_Dashboard/span_Site administration' is clicked on

2022-01-15 22:13:27 - [TEST_STEP][PASSED] - navigateToUrl("http://localhost/admin/search.php"): Navigate to 'http://localhost/admin/search.php' successfully

2022-01-15 22:13:27 - [MESSAGE][PASSED] - Navigate to 'http://localhost/admin/search.php' successfully

2022-01-15 22:13:27 - [TEST_STEP][PASSED] - click(findTestObject("Object Repository/AddANewUserObject/Page_SiteTesting Administration Search/a_Users")): Object: 'Object Repository/AddANewUserObject/Page_SiteTesting Administration Search/a_Users' is clicked on

2022-01-15 22:13:28 - [MESSAGE][PASSED] - Object: 'Object Repository/AddANewUserObject/Page_SiteTesting Administration Search/a_Users' is clicked on

2022-01-15 22:13:28 - [TEST_STEP][PASSED] - click(findTestObject("Object Repository/AddANewUserObject/Page_SiteTesting Administration Search/a_Add a new user")): Object: 'Object Repository/AddANewUserObject/Page_SiteTesting Administration Search/a_Add a new user' is clicked on

2022-01-15 22:13:30 - [MESSAGE][PASSED] - Object: 'Object Repository/AddANewUserObject/Page_SiteTesting Administration Search/a_Add a new user' is clicked on

2022-01-15 22:13:30 - [TEST_STEP][PASSED] - setText(findTestObject("Object Repository/WeakPasswordObject/Page_SiteTesting Administration Users Accou_a8eb60/input_Username_username"), "testing_weak_pass"): Text 'testing_weak_pass' is set on object 'Object Repository/WeakPasswordObject/Page_SiteTesting Administration Users Accou_a8eb60/input_Username_username'

2022-01-15 22:13:31 - [MESSAGE][PASSED] - Text 'testing_weak_pass' is set on object 'Object Repository/WeakPasswordObject/Page_SiteTesting Administration Users Accou_a8eb60/input_Username_username'

2022-01-15 22:13:31 - [TEST_STEP][PASSED] - setText(findTestObject("Object Repository/WeakPasswordObject/Page_SiteTesting Administration Users Accou_a8eb60/input_First name_firstname"), "Quang"): Text 'Quang' is set on object 'Object Repository/WeakPasswordObject/Page_SiteTesting Administration Users Accou_a8eb60/input_First name_firstname'

2022-01-15 22:13:32 - [MESSAGE][PASSED] - Text 'Quang' is set on object 'Object Repository/WeakPasswordObject/Page_SiteTesting Administration Users Accou_a8eb60/input_First name_firstname'

2022-01-15 22:13:32 - [TEST_STEP][PASSED] - setText(findTestObject("Object Repository/WeakPasswordObject/Page_SiteTesting Administration Users Accou_a8eb60/input_Surname_lastname"), "Le6"): Text 'Le6' is set on object 'Object Repository/WeakPasswordObject/Page_SiteTesting Administration Users Accou_a8eb60/input_Surname_lastname'

2022-01-15 22:13:33 - [MESSAGE][PASSED] - Text 'Le6' is set on object 'Object Repository/WeakPasswordObject/Page_SiteTesting Administration Users Accou_a8eb60/input_Surname_lastname'

2022-01-15 22:13:33 - [TEST_STEP][PASSED] - setText(findTestObject("Object Repository/WeakPasswordObject/Page_SiteTesting Administration Users Accou_a8eb60/input_Email address_email"), "testing_weak_pass@gmail.com"): Text 'testing_weak_pass@gmail.com' is set on object 'Object Repository/WeakPasswordObject/Page_SiteTesting Administration Users Accou_a8eb60/input_Email address_email'

2022-01-15 22:13:34 - [MESSAGE][PASSED] - Text 'testing_weak_pass@gmail.com' is set on object 'Object Repository/WeakPasswordObject/Page_SiteTesting Administration Users Accou_a8eb60/input_Email address_email'

2022-01-15 22:13:34 - [TEST_STEP][PASSED] - click(findTestObject("Object Repository/AddANewUserObject/Page_SiteTesting Administration Users Accou_a8eb60/em_Click to enter text")): Object: 'Object Repository/AddANewUserObject/Page_SiteTesting Administration Users Accou_a8eb60/em_Click to enter text' is clicked on

2022-01-15 22:13:34 - [MESSAGE][PASSED] - Object: 'Object Repository/AddANewUserObject/Page_SiteTesting Administration Users Accou_a8eb60/em_Click to enter text' is clicked on

2022-01-15 22:13:34 - [TEST_STEP][PASSED] - setEncryptedText(findTestObject("Object Repository/WeakPasswordObject/Page_SiteTesting Administration Users Accou_a8eb60/input_New password_newpassword"), "RigbBhfdqOBGNlJIWM1ClA=="): Text ****** has been set on object 'Object Repository/WeakPasswordObject/Page_SiteTesting Administration Users Accou_a8eb60/input_New password_newpassword'

2022-01-15 22:13:35 - [MESSAGE][PASSED] - Text ****** has been set on object 'Object Repository/WeakPasswordObject/Page_SiteTesting Administration Users Accou_a8eb60/input_New password_newpassword'

2022-01-15 22:13:35 - [TEST_STEP][PASSED] - click(findTestObject("Object Repository/AddANewUserObject/Page_SiteTesting Administration Users Accou_a8eb60/input_Address_submitbutton")): Object: 'Object Repository/AddANewUserObject/Page_SiteTesting Administration Users Accou_a8eb60/input_Address_submitbutton' is clicked on

2022-01-15 22:13:37 - [MESSAGE][PASSED] - Object: 'Object Repository/AddANewUserObject/Page_SiteTesting Administration Users Accou_a8eb60/input_Address_submitbutton' is clicked on

2022-01-15 22:13:37 - [TEST_STEP][PASSED] - verifyTextPresent("The password must have at least 1 special character(s) such as as *, -, or #.", false): Text 'The password must have at least 1 special character(s) such as as *, -, or #.' is present on page 

2022-01-15 22:13:39 - [MESSAGE][PASSED] - Text 'The password must have at least 1 special character(s) such as as *, -, or #.' is present on page]]></system-out>
         <system-err><![CDATA[]]></system-err>
      </testcase>
      <testcase name="Test Cases/Tạo 1 User mới/Điền sai định dạng email" time="25.774" classname="Test Cases/Tạo 1 User mới/Điền sai định dạng email" status="PASSED">
         <system-out><![CDATA[2022-01-15 22:13:39 - [TEST_CASE][PASSED] - Test Cases/Tạo 1 User mới/Điền sai định dạng email: Test Cases/Tạo 1 User mới/Điền sai định dạng email

2022-01-15 22:13:39 - [TEST_STEP][PASSED] - callTestCase(findTestCase("Kiểm tra thẻ Site Administration/Đăng nhập thành công"), [:], STOP_ON_FAILURE): Call Test Case 'Test Cases/Kiểm tra thẻ Site Administration/Đăng nhập thành công' successfully

2022-01-15 22:13:39 - [TEST_CASE][PASSED] - Test Cases/Kiểm tra thẻ Site Administration/Đăng nhập thành công: Test Cases/Kiểm tra thẻ Site Administration/Đăng nhập thành công

2022-01-15 22:13:39 - [TEST_STEP][PASSED] - openBrowser(""): Browser is opened with url: ''

2022-01-15 22:13:39 - [MESSAGE][WARNING] - A browser is already opened. Closing browser and opening a new one

2022-01-15 22:13:40 - [MESSAGE][INFO] - Starting 'Edge Chromium' driver

2022-01-15 22:13:42 - [MESSAGE][INFO] - Action delay is set to 0 milliseconds

2022-01-15 22:13:43 - [MESSAGE][PASSED] - Browser is opened with url: ''

2022-01-15 22:13:43 - [TEST_STEP][PASSED] - navigateToUrl("http://localhost/"): Navigate to 'http://localhost/' successfully

2022-01-15 22:13:44 - [MESSAGE][PASSED] - Navigate to 'http://localhost/' successfully

2022-01-15 22:13:44 - [TEST_STEP][PASSED] - click(findTestObject("Object Repository/LoginObject/Page_Automation Testing Site/a_Log in")): Object: 'Object Repository/LoginObject/Page_Automation Testing Site/a_Log in' is clicked on

2022-01-15 22:13:45 - [MESSAGE][PASSED] - Object: 'Object Repository/LoginObject/Page_Automation Testing Site/a_Log in' is clicked on

2022-01-15 22:13:45 - [TEST_STEP][PASSED] - setText(findTestObject("Object Repository/LoginObject/Page_Automation Testing Site Log in to the site/input_Username_username"), "admin"): Text 'admin' is set on object 'Object Repository/LoginObject/Page_Automation Testing Site Log in to the site/input_Username_username'

2022-01-15 22:13:46 - [MESSAGE][PASSED] - Text 'admin' is set on object 'Object Repository/LoginObject/Page_Automation Testing Site Log in to the site/input_Username_username'

2022-01-15 22:13:46 - [TEST_STEP][PASSED] - setEncryptedText(findTestObject("Object Repository/LoginObject/Page_Automation Testing Site Log in to the site/input_Password_password"), "cnpXG5HhkrZpEXzNIGBMZQ=="): Text ****** has been set on object 'Object Repository/LoginObject/Page_Automation Testing Site Log in to the site/input_Password_password'

2022-01-15 22:13:47 - [MESSAGE][PASSED] - Text ****** has been set on object 'Object Repository/LoginObject/Page_Automation Testing Site Log in to the site/input_Password_password'

2022-01-15 22:13:47 - [TEST_STEP][PASSED] - click(findTestObject("Object Repository/LoginObject/Page_Automation Testing Site Log in to the site/button_Log in")): Object: 'Object Repository/LoginObject/Page_Automation Testing Site Log in to the site/button_Log in' is clicked on

2022-01-15 22:13:49 - [MESSAGE][PASSED] - Object: 'Object Repository/LoginObject/Page_Automation Testing Site Log in to the site/button_Log in' is clicked on

2022-01-15 22:13:49 - [TEST_STEP][PASSED] - verifyElementText(findTestObject("Object Repository/LoginObject/Page_Dashboard/span_Site administration"), "Site administration"): Actual text and expected text of test object 'Object Repository/LoginObject/Page_Dashboard/span_Site administration' are matched.

2022-01-15 22:13:51 - [MESSAGE][PASSED] - Actual text and expected text of test object 'Object Repository/LoginObject/Page_Dashboard/span_Site administration' are matched.

2022-01-15 22:13:51 - [MESSAGE][PASSED] - Call Test Case 'Test Cases/Kiểm tra thẻ Site Administration/Đăng nhập thành công' successfully

2022-01-15 22:13:51 - [TEST_STEP][PASSED] - click(findTestObject("Object Repository/AddANewUserObject/Page_Dashboard/span_Site administration")): Object: 'Object Repository/AddANewUserObject/Page_Dashboard/span_Site administration' is clicked on

2022-01-15 22:13:52 - [MESSAGE][PASSED] - Object: 'Object Repository/AddANewUserObject/Page_Dashboard/span_Site administration' is clicked on

2022-01-15 22:13:52 - [TEST_STEP][PASSED] - navigateToUrl("http://localhost/admin/search.php"): Navigate to 'http://localhost/admin/search.php' successfully

2022-01-15 22:13:53 - [MESSAGE][PASSED] - Navigate to 'http://localhost/admin/search.php' successfully

2022-01-15 22:13:53 - [TEST_STEP][PASSED] - click(findTestObject("Object Repository/AddANewUserObject/Page_SiteTesting Administration Search/a_Users")): Object: 'Object Repository/AddANewUserObject/Page_SiteTesting Administration Search/a_Users' is clicked on

2022-01-15 22:13:54 - [MESSAGE][PASSED] - Object: 'Object Repository/AddANewUserObject/Page_SiteTesting Administration Search/a_Users' is clicked on

2022-01-15 22:13:54 - [TEST_STEP][PASSED] - click(findTestObject("Object Repository/AddANewUserObject/Page_SiteTesting Administration Search/a_Add a new user")): Object: 'Object Repository/AddANewUserObject/Page_SiteTesting Administration Search/a_Add a new user' is clicked on

2022-01-15 22:13:56 - [MESSAGE][PASSED] - Object: 'Object Repository/AddANewUserObject/Page_SiteTesting Administration Search/a_Add a new user' is clicked on

2022-01-15 22:13:56 - [TEST_STEP][PASSED] - setText(findTestObject("Object Repository/AddANewUserObject/Page_SiteTesting Administration Users Accou_a8eb60/input_Username_username"), "testing_wrong_email"): Text 'testing_wrong_email' is set on object 'Object Repository/AddANewUserObject/Page_SiteTesting Administration Users Accou_a8eb60/input_Username_username'

2022-01-15 22:13:57 - [MESSAGE][PASSED] - Text 'testing_wrong_email' is set on object 'Object Repository/AddANewUserObject/Page_SiteTesting Administration Users Accou_a8eb60/input_Username_username'

2022-01-15 22:13:57 - [TEST_STEP][PASSED] - click(findTestObject("Object Repository/AddANewUserObject/Page_SiteTesting Administration Users Accou_a8eb60/em_Click to enter text")): Object: 'Object Repository/AddANewUserObject/Page_SiteTesting Administration Users Accou_a8eb60/em_Click to enter text' is clicked on

2022-01-15 22:13:58 - [MESSAGE][PASSED] - Object: 'Object Repository/AddANewUserObject/Page_SiteTesting Administration Users Accou_a8eb60/em_Click to enter text' is clicked on

2022-01-15 22:13:58 - [TEST_STEP][PASSED] - setEncryptedText(findTestObject("Object Repository/AddANewUserObject/Page_SiteTesting Administration Users Accou_a8eb60/input_New password_newpassword"), "cnpXG5HhkrZpEXzNIGBMZQ=="): Text ****** has been set on object 'Object Repository/AddANewUserObject/Page_SiteTesting Administration Users Accou_a8eb60/input_New password_newpassword'

2022-01-15 22:13:58 - [MESSAGE][PASSED] - Text ****** has been set on object 'Object Repository/AddANewUserObject/Page_SiteTesting Administration Users Accou_a8eb60/input_New password_newpassword'

2022-01-15 22:13:58 - [TEST_STEP][PASSED] - setText(findTestObject("Object Repository/AddANewUserObject/Page_SiteTesting Administration Users Accou_a8eb60/input_First name_firstname"), "Quang"): Text 'Quang' is set on object 'Object Repository/AddANewUserObject/Page_SiteTesting Administration Users Accou_a8eb60/input_First name_firstname'

2022-01-15 22:13:59 - [MESSAGE][PASSED] - Text 'Quang' is set on object 'Object Repository/AddANewUserObject/Page_SiteTesting Administration Users Accou_a8eb60/input_First name_firstname'

2022-01-15 22:13:59 - [TEST_STEP][PASSED] - setText(findTestObject("Object Repository/AddANewUserObject/Page_SiteTesting Administration Users Accou_a8eb60/input_Surname_lastname"), "Le2"): Text 'Le2' is set on object 'Object Repository/AddANewUserObject/Page_SiteTesting Administration Users Accou_a8eb60/input_Surname_lastname'

2022-01-15 22:14:00 - [MESSAGE][PASSED] - Text 'Le2' is set on object 'Object Repository/AddANewUserObject/Page_SiteTesting Administration Users Accou_a8eb60/input_Surname_lastname'

2022-01-15 22:14:00 - [TEST_STEP][PASSED] - setText(findTestObject("Object Repository/AddANewUserObject/Page_SiteTesting Administration Users Accou_a8eb60/input_Email address_email"), "testing_wrong_email"): Text 'testing_wrong_email' is set on object 'Object Repository/AddANewUserObject/Page_SiteTesting Administration Users Accou_a8eb60/input_Email address_email'

2022-01-15 22:14:01 - [MESSAGE][PASSED] - Text 'testing_wrong_email' is set on object 'Object Repository/AddANewUserObject/Page_SiteTesting Administration Users Accou_a8eb60/input_Email address_email'

2022-01-15 22:14:01 - [TEST_STEP][PASSED] - click(findTestObject("Object Repository/AddANewUserObject/Page_SiteTesting Administration Users Accou_a8eb60/input_Address_submitbutton")): Object: 'Object Repository/AddANewUserObject/Page_SiteTesting Administration Users Accou_a8eb60/input_Address_submitbutton' is clicked on

2022-01-15 22:14:03 - [MESSAGE][PASSED] - Object: 'Object Repository/AddANewUserObject/Page_SiteTesting Administration Users Accou_a8eb60/input_Address_submitbutton' is clicked on

2022-01-15 22:14:03 - [TEST_STEP][PASSED] - verifyElementText(findTestObject("Object Repository/AddANewUserObject/Page_SiteTesting Administration Users Accou_a8eb60/div_Invalid email address"), "Invalid email address"): Actual text and expected text of test object 'Object Repository/AddANewUserObject/Page_SiteTesting Administration Users Accou_a8eb60/div_Invalid email address' are matched.

2022-01-15 22:14:04 - [MESSAGE][PASSED] - Actual text and expected text of test object 'Object Repository/AddANewUserObject/Page_SiteTesting Administration Users Accou_a8eb60/div_Invalid email address' are matched.]]></system-out>
         <system-err><![CDATA[]]></system-err>
      </testcase>
      <testcase name="Test Cases/Tạo 1 User mới/Điền đầy đủ thông tin bắt buộc" time="25.396" classname="Test Cases/Tạo 1 User mới/Điền đầy đủ thông tin bắt buộc" status="PASSED">
         <system-out><![CDATA[2022-01-15 22:14:04 - [TEST_CASE][PASSED] - Test Cases/Tạo 1 User mới/Điền đầy đủ thông tin bắt buộc: Test Cases/Tạo 1 User mới/Điền đầy đủ thông tin bắt buộc

2022-01-15 22:14:05 - [TEST_STEP][PASSED] - callTestCase(findTestCase("Kiểm tra thẻ Site Administration/Đăng nhập thành công"), [:], STOP_ON_FAILURE): Call Test Case 'Test Cases/Kiểm tra thẻ Site Administration/Đăng nhập thành công' successfully

2022-01-15 22:14:05 - [TEST_CASE][PASSED] - Test Cases/Kiểm tra thẻ Site Administration/Đăng nhập thành công: Test Cases/Kiểm tra thẻ Site Administration/Đăng nhập thành công

2022-01-15 22:14:05 - [TEST_STEP][PASSED] - openBrowser(""): Browser is opened with url: ''

2022-01-15 22:14:05 - [MESSAGE][WARNING] - A browser is already opened. Closing browser and opening a new one

2022-01-15 22:14:06 - [MESSAGE][INFO] - Starting 'Edge Chromium' driver

2022-01-15 22:14:08 - [MESSAGE][INFO] - Action delay is set to 0 milliseconds

2022-01-15 22:14:09 - [MESSAGE][PASSED] - Browser is opened with url: ''

2022-01-15 22:14:09 - [TEST_STEP][PASSED] - navigateToUrl("http://localhost/"): Navigate to 'http://localhost/' successfully

2022-01-15 22:14:10 - [MESSAGE][PASSED] - Navigate to 'http://localhost/' successfully

2022-01-15 22:14:10 - [TEST_STEP][PASSED] - click(findTestObject("Object Repository/LoginObject/Page_Automation Testing Site/a_Log in")): Object: 'Object Repository/LoginObject/Page_Automation Testing Site/a_Log in' is clicked on

2022-01-15 22:14:11 - [MESSAGE][PASSED] - Object: 'Object Repository/LoginObject/Page_Automation Testing Site/a_Log in' is clicked on

2022-01-15 22:14:11 - [TEST_STEP][PASSED] - setText(findTestObject("Object Repository/LoginObject/Page_Automation Testing Site Log in to the site/input_Username_username"), "admin"): Text 'admin' is set on object 'Object Repository/LoginObject/Page_Automation Testing Site Log in to the site/input_Username_username'

2022-01-15 22:14:12 - [MESSAGE][PASSED] - Text 'admin' is set on object 'Object Repository/LoginObject/Page_Automation Testing Site Log in to the site/input_Username_username'

2022-01-15 22:14:12 - [TEST_STEP][PASSED] - setEncryptedText(findTestObject("Object Repository/LoginObject/Page_Automation Testing Site Log in to the site/input_Password_password"), "cnpXG5HhkrZpEXzNIGBMZQ=="): Text ****** has been set on object 'Object Repository/LoginObject/Page_Automation Testing Site Log in to the site/input_Password_password'

2022-01-15 22:14:13 - [MESSAGE][PASSED] - Text ****** has been set on object 'Object Repository/LoginObject/Page_Automation Testing Site Log in to the site/input_Password_password'

2022-01-15 22:14:13 - [TEST_STEP][PASSED] - click(findTestObject("Object Repository/LoginObject/Page_Automation Testing Site Log in to the site/button_Log in")): Object: 'Object Repository/LoginObject/Page_Automation Testing Site Log in to the site/button_Log in' is clicked on

2022-01-15 22:14:14 - [MESSAGE][PASSED] - Object: 'Object Repository/LoginObject/Page_Automation Testing Site Log in to the site/button_Log in' is clicked on

2022-01-15 22:14:14 - [TEST_STEP][PASSED] - verifyElementText(findTestObject("Object Repository/LoginObject/Page_Dashboard/span_Site administration"), "Site administration"): Actual text and expected text of test object 'Object Repository/LoginObject/Page_Dashboard/span_Site administration' are matched.

2022-01-15 22:14:17 - [MESSAGE][PASSED] - Actual text and expected text of test object 'Object Repository/LoginObject/Page_Dashboard/span_Site administration' are matched.

2022-01-15 22:14:17 - [MESSAGE][PASSED] - Call Test Case 'Test Cases/Kiểm tra thẻ Site Administration/Đăng nhập thành công' successfully

2022-01-15 22:14:17 - [TEST_STEP][PASSED] - click(findTestObject("Object Repository/AddANewUserObject/Page_Dashboard/span_Site administration")): Object: 'Object Repository/AddANewUserObject/Page_Dashboard/span_Site administration' is clicked on

2022-01-15 22:14:18 - [MESSAGE][PASSED] - Object: 'Object Repository/AddANewUserObject/Page_Dashboard/span_Site administration' is clicked on

2022-01-15 22:14:18 - [TEST_STEP][PASSED] - navigateToUrl("http://localhost/admin/search.php"): Navigate to 'http://localhost/admin/search.php' successfully

2022-01-15 22:14:19 - [MESSAGE][PASSED] - Navigate to 'http://localhost/admin/search.php' successfully

2022-01-15 22:14:19 - [TEST_STEP][PASSED] - click(findTestObject("Object Repository/AddANewUserObject/Page_SiteTesting Administration Search/a_Users")): Object: 'Object Repository/AddANewUserObject/Page_SiteTesting Administration Search/a_Users' is clicked on

2022-01-15 22:14:20 - [MESSAGE][PASSED] - Object: 'Object Repository/AddANewUserObject/Page_SiteTesting Administration Search/a_Users' is clicked on

2022-01-15 22:14:20 - [TEST_STEP][PASSED] - click(findTestObject("Object Repository/AddANewUserObject/Page_SiteTesting Administration Search/a_Add a new user")): Object: 'Object Repository/AddANewUserObject/Page_SiteTesting Administration Search/a_Add a new user' is clicked on

2022-01-15 22:14:22 - [MESSAGE][PASSED] - Object: 'Object Repository/AddANewUserObject/Page_SiteTesting Administration Search/a_Add a new user' is clicked on

2022-01-15 22:14:22 - [TEST_STEP][PASSED] - setText(findTestObject("Object Repository/AddANewUserObject/Page_SiteTesting Administration Users Accou_a8eb60/input_Username_username"), "testing"): Text 'testing' is set on object 'Object Repository/AddANewUserObject/Page_SiteTesting Administration Users Accou_a8eb60/input_Username_username'

2022-01-15 22:14:23 - [MESSAGE][PASSED] - Text 'testing' is set on object 'Object Repository/AddANewUserObject/Page_SiteTesting Administration Users Accou_a8eb60/input_Username_username'

2022-01-15 22:14:23 - [TEST_STEP][PASSED] - click(findTestObject("Object Repository/AddANewUserObject/Page_SiteTesting Administration Users Accou_a8eb60/em_Click to enter text")): Object: 'Object Repository/AddANewUserObject/Page_SiteTesting Administration Users Accou_a8eb60/em_Click to enter text' is clicked on

2022-01-15 22:14:24 - [MESSAGE][PASSED] - Object: 'Object Repository/AddANewUserObject/Page_SiteTesting Administration Users Accou_a8eb60/em_Click to enter text' is clicked on

2022-01-15 22:14:24 - [TEST_STEP][PASSED] - setEncryptedText(findTestObject("Object Repository/AddANewUserObject/Page_SiteTesting Administration Users Accou_a8eb60/input_New password_newpassword"), "cnpXG5HhkrZpEXzNIGBMZQ=="): Text ****** has been set on object 'Object Repository/AddANewUserObject/Page_SiteTesting Administration Users Accou_a8eb60/input_New password_newpassword'

2022-01-15 22:14:24 - [MESSAGE][PASSED] - Text ****** has been set on object 'Object Repository/AddANewUserObject/Page_SiteTesting Administration Users Accou_a8eb60/input_New password_newpassword'

2022-01-15 22:14:24 - [TEST_STEP][PASSED] - setText(findTestObject("Object Repository/AddANewUserObject/Page_SiteTesting Administration Users Accou_a8eb60/input_First name_firstname"), "Quang"): Text 'Quang' is set on object 'Object Repository/AddANewUserObject/Page_SiteTesting Administration Users Accou_a8eb60/input_First name_firstname'

2022-01-15 22:14:25 - [MESSAGE][PASSED] - Text 'Quang' is set on object 'Object Repository/AddANewUserObject/Page_SiteTesting Administration Users Accou_a8eb60/input_First name_firstname'

2022-01-15 22:14:25 - [TEST_STEP][PASSED] - setText(findTestObject("Object Repository/AddANewUserObject/Page_SiteTesting Administration Users Accou_a8eb60/input_Surname_lastname"), "Le1"): Text 'Le1' is set on object 'Object Repository/AddANewUserObject/Page_SiteTesting Administration Users Accou_a8eb60/input_Surname_lastname'

2022-01-15 22:14:26 - [MESSAGE][PASSED] - Text 'Le1' is set on object 'Object Repository/AddANewUserObject/Page_SiteTesting Administration Users Accou_a8eb60/input_Surname_lastname'

2022-01-15 22:14:26 - [TEST_STEP][PASSED] - setText(findTestObject("Object Repository/AddANewUserObject/Page_SiteTesting Administration Users Accou_a8eb60/input_Email address_email"), "testing@gmail.com"): Text 'testing@gmail.com' is set on object 'Object Repository/AddANewUserObject/Page_SiteTesting Administration Users Accou_a8eb60/input_Email address_email'

2022-01-15 22:14:27 - [MESSAGE][PASSED] - Text 'testing@gmail.com' is set on object 'Object Repository/AddANewUserObject/Page_SiteTesting Administration Users Accou_a8eb60/input_Email address_email'

2022-01-15 22:14:27 - [TEST_STEP][PASSED] - click(findTestObject("Object Repository/AddANewUserObject/Page_SiteTesting Administration Users Accou_a8eb60/input_Address_submitbutton")): Object: 'Object Repository/AddANewUserObject/Page_SiteTesting Administration Users Accou_a8eb60/input_Address_submitbutton' is clicked on

2022-01-15 22:14:29 - [MESSAGE][PASSED] - Object: 'Object Repository/AddANewUserObject/Page_SiteTesting Administration Users Accou_a8eb60/input_Address_submitbutton' is clicked on

2022-01-15 22:14:29 - [TEST_STEP][PASSED] - verifyElementText(findTestObject("Object Repository/AddANewUserObject/Page_SiteTesting Administration Users Accou_36dc4d/td_testinggmail.com"), "testing@gmail.com"): Actual text and expected text of test object 'Object Repository/AddANewUserObject/Page_SiteTesting Administration Users Accou_36dc4d/td_testinggmail.com' are matched.

2022-01-15 22:14:30 - [MESSAGE][PASSED] - Actual text and expected text of test object 'Object Repository/AddANewUserObject/Page_SiteTesting Administration Users Accou_36dc4d/td_testinggmail.com' are matched.]]></system-out>
         <system-err><![CDATA[]]></system-err>
      </testcase>
      <testcase name="Test Cases/Tạo 1 User mới/Test 1 vài trường optional khác" time="37.376" classname="Test Cases/Tạo 1 User mới/Test 1 vài trường optional khác" status="PASSED">
         <system-out><![CDATA[2022-01-15 22:14:30 - [TEST_CASE][PASSED] - Test Cases/Tạo 1 User mới/Test 1 vài trường optional khác: Test Cases/Tạo 1 User mới/Test 1 vài trường optional khác

2022-01-15 22:14:30 - [TEST_STEP][PASSED] - callTestCase(findTestCase("Kiểm tra thẻ Site Administration/Đăng nhập thành công"), [:], STOP_ON_FAILURE): Call Test Case 'Test Cases/Kiểm tra thẻ Site Administration/Đăng nhập thành công' successfully

2022-01-15 22:14:31 - [TEST_CASE][PASSED] - Test Cases/Kiểm tra thẻ Site Administration/Đăng nhập thành công: Test Cases/Kiểm tra thẻ Site Administration/Đăng nhập thành công

2022-01-15 22:14:31 - [TEST_STEP][PASSED] - openBrowser(""): Browser is opened with url: ''

2022-01-15 22:14:31 - [MESSAGE][WARNING] - A browser is already opened. Closing browser and opening a new one

2022-01-15 22:14:32 - [MESSAGE][INFO] - Starting 'Edge Chromium' driver

2022-01-15 22:14:34 - [MESSAGE][INFO] - Action delay is set to 0 milliseconds

2022-01-15 22:14:35 - [MESSAGE][PASSED] - Browser is opened with url: ''

2022-01-15 22:14:35 - [TEST_STEP][PASSED] - navigateToUrl("http://localhost/"): Navigate to 'http://localhost/' successfully

2022-01-15 22:14:37 - [MESSAGE][PASSED] - Navigate to 'http://localhost/' successfully

2022-01-15 22:14:37 - [TEST_STEP][PASSED] - click(findTestObject("Object Repository/LoginObject/Page_Automation Testing Site/a_Log in")): Object: 'Object Repository/LoginObject/Page_Automation Testing Site/a_Log in' is clicked on

2022-01-15 22:14:39 - [MESSAGE][PASSED] - Object: 'Object Repository/LoginObject/Page_Automation Testing Site/a_Log in' is clicked on

2022-01-15 22:14:39 - [TEST_STEP][PASSED] - setText(findTestObject("Object Repository/LoginObject/Page_Automation Testing Site Log in to the site/input_Username_username"), "admin"): Text 'admin' is set on object 'Object Repository/LoginObject/Page_Automation Testing Site Log in to the site/input_Username_username'

2022-01-15 22:14:40 - [MESSAGE][PASSED] - Text 'admin' is set on object 'Object Repository/LoginObject/Page_Automation Testing Site Log in to the site/input_Username_username'

2022-01-15 22:14:40 - [TEST_STEP][PASSED] - setEncryptedText(findTestObject("Object Repository/LoginObject/Page_Automation Testing Site Log in to the site/input_Password_password"), "cnpXG5HhkrZpEXzNIGBMZQ=="): Text ****** has been set on object 'Object Repository/LoginObject/Page_Automation Testing Site Log in to the site/input_Password_password'

2022-01-15 22:14:41 - [MESSAGE][PASSED] - Text ****** has been set on object 'Object Repository/LoginObject/Page_Automation Testing Site Log in to the site/input_Password_password'

2022-01-15 22:14:41 - [TEST_STEP][PASSED] - click(findTestObject("Object Repository/LoginObject/Page_Automation Testing Site Log in to the site/button_Log in")): Object: 'Object Repository/LoginObject/Page_Automation Testing Site Log in to the site/button_Log in' is clicked on

2022-01-15 22:14:44 - [MESSAGE][PASSED] - Object: 'Object Repository/LoginObject/Page_Automation Testing Site Log in to the site/button_Log in' is clicked on

2022-01-15 22:14:44 - [TEST_STEP][PASSED] - verifyElementText(findTestObject("Object Repository/LoginObject/Page_Dashboard/span_Site administration"), "Site administration"): Actual text and expected text of test object 'Object Repository/LoginObject/Page_Dashboard/span_Site administration' are matched.

2022-01-15 22:14:46 - [MESSAGE][PASSED] - Actual text and expected text of test object 'Object Repository/LoginObject/Page_Dashboard/span_Site administration' are matched.

2022-01-15 22:14:46 - [MESSAGE][PASSED] - Call Test Case 'Test Cases/Kiểm tra thẻ Site Administration/Đăng nhập thành công' successfully

2022-01-15 22:14:46 - [TEST_STEP][PASSED] - click(findTestObject("Object Repository/AddANewUserObject/Page_Dashboard/span_Site administration")): Object: 'Object Repository/AddANewUserObject/Page_Dashboard/span_Site administration' is clicked on

2022-01-15 22:14:48 - [MESSAGE][PASSED] - Object: 'Object Repository/AddANewUserObject/Page_Dashboard/span_Site administration' is clicked on

2022-01-15 22:14:48 - [TEST_STEP][PASSED] - navigateToUrl("http://localhost/admin/search.php"): Navigate to 'http://localhost/admin/search.php' successfully

2022-01-15 22:14:49 - [MESSAGE][PASSED] - Navigate to 'http://localhost/admin/search.php' successfully

2022-01-15 22:14:49 - [TEST_STEP][PASSED] - click(findTestObject("Object Repository/AddANewUserObject/Page_SiteTesting Administration Search/a_Users")): Object: 'Object Repository/AddANewUserObject/Page_SiteTesting Administration Search/a_Users' is clicked on

2022-01-15 22:14:50 - [MESSAGE][PASSED] - Object: 'Object Repository/AddANewUserObject/Page_SiteTesting Administration Search/a_Users' is clicked on

2022-01-15 22:14:50 - [TEST_STEP][PASSED] - click(findTestObject("Object Repository/AddANewUserObject/Page_SiteTesting Administration Search/a_Add a new user")): Object: 'Object Repository/AddANewUserObject/Page_SiteTesting Administration Search/a_Add a new user' is clicked on

2022-01-15 22:14:52 - [MESSAGE][PASSED] - Object: 'Object Repository/AddANewUserObject/Page_SiteTesting Administration Search/a_Add a new user' is clicked on

2022-01-15 22:14:52 - [TEST_STEP][PASSED] - setText(findTestObject("Object Repository/OptionalUserFormObject/Page_SiteTesting Administration Users Accou_a8eb60/input_Username_username"), "testing_description"): Text 'testing_description' is set on object 'Object Repository/OptionalUserFormObject/Page_SiteTesting Administration Users Accou_a8eb60/input_Username_username'

2022-01-15 22:14:54 - [MESSAGE][PASSED] - Text 'testing_description' is set on object 'Object Repository/OptionalUserFormObject/Page_SiteTesting Administration Users Accou_a8eb60/input_Username_username'

2022-01-15 22:14:54 - [TEST_STEP][PASSED] - click(findTestObject("Object Repository/OptionalUserFormObject/Page_SiteTesting Administration Users Accou_a8eb60/em_Click to enter text")): Object: 'Object Repository/OptionalUserFormObject/Page_SiteTesting Administration Users Accou_a8eb60/em_Click to enter text' is clicked on

2022-01-15 22:14:55 - [MESSAGE][PASSED] - Object: 'Object Repository/OptionalUserFormObject/Page_SiteTesting Administration Users Accou_a8eb60/em_Click to enter text' is clicked on

2022-01-15 22:14:55 - [TEST_STEP][PASSED] - setEncryptedText(findTestObject("Object Repository/OptionalUserFormObject/Page_SiteTesting Administration Users Accou_a8eb60/input_New password_newpassword"), "cnpXG5HhkrZpEXzNIGBMZQ=="): Text ****** has been set on object 'Object Repository/OptionalUserFormObject/Page_SiteTesting Administration Users Accou_a8eb60/input_New password_newpassword'

2022-01-15 22:14:55 - [MESSAGE][PASSED] - Text ****** has been set on object 'Object Repository/OptionalUserFormObject/Page_SiteTesting Administration Users Accou_a8eb60/input_New password_newpassword'

2022-01-15 22:14:55 - [TEST_STEP][PASSED] - setText(findTestObject("Object Repository/OptionalUserFormObject/Page_SiteTesting Administration Users Accou_a8eb60/input_First name_firstname"), "Quang"): Text 'Quang' is set on object 'Object Repository/OptionalUserFormObject/Page_SiteTesting Administration Users Accou_a8eb60/input_First name_firstname'

2022-01-15 22:14:56 - [MESSAGE][PASSED] - Text 'Quang' is set on object 'Object Repository/OptionalUserFormObject/Page_SiteTesting Administration Users Accou_a8eb60/input_First name_firstname'

2022-01-15 22:14:56 - [TEST_STEP][PASSED] - setText(findTestObject("Object Repository/OptionalUserFormObject/Page_SiteTesting Administration Users Accou_a8eb60/input_Surname_lastname"), "Le5"): Text 'Le5' is set on object 'Object Repository/OptionalUserFormObject/Page_SiteTesting Administration Users Accou_a8eb60/input_Surname_lastname'

2022-01-15 22:14:57 - [MESSAGE][PASSED] - Text 'Le5' is set on object 'Object Repository/OptionalUserFormObject/Page_SiteTesting Administration Users Accou_a8eb60/input_Surname_lastname'

2022-01-15 22:14:57 - [TEST_STEP][PASSED] - setText(findTestObject("Object Repository/OptionalUserFormObject/Page_SiteTesting Administration Users Accou_a8eb60/input_Email address_email"), "testing_description@gmail.com"): Text 'testing_description@gmail.com' is set on object 'Object Repository/OptionalUserFormObject/Page_SiteTesting Administration Users Accou_a8eb60/input_Email address_email'

2022-01-15 22:14:58 - [MESSAGE][PASSED] - Text 'testing_description@gmail.com' is set on object 'Object Repository/OptionalUserFormObject/Page_SiteTesting Administration Users Accou_a8eb60/input_Email address_email'

2022-01-15 22:14:58 - [TEST_STEP][PASSED] - click(findTestObject("Object Repository/OptionalUserFormObject/Page_SiteTesting Administration Users Accou_a8eb60/a_Additional names")): Object: 'Object Repository/OptionalUserFormObject/Page_SiteTesting Administration Users Accou_a8eb60/a_Additional names' is clicked on

2022-01-15 22:14:59 - [MESSAGE][PASSED] - Object: 'Object Repository/OptionalUserFormObject/Page_SiteTesting Administration Users Accou_a8eb60/a_Additional names' is clicked on

2022-01-15 22:14:59 - [TEST_STEP][PASSED] - setText(findTestObject("Object Repository/OptionalUserFormObject/Page_SiteTesting Administration Users Accou_a8eb60/input_First name - phonetic_firstnamephonetic"), "Quang"): Text 'Quang' is set on object 'Object Repository/OptionalUserFormObject/Page_SiteTesting Administration Users Accou_a8eb60/input_First name - phonetic_firstnamephonetic'

2022-01-15 22:15:00 - [MESSAGE][PASSED] - Text 'Quang' is set on object 'Object Repository/OptionalUserFormObject/Page_SiteTesting Administration Users Accou_a8eb60/input_First name - phonetic_firstnamephonetic'

2022-01-15 22:15:00 - [TEST_STEP][PASSED] - setText(findTestObject("Object Repository/OptionalUserFormObject/Page_SiteTesting Administration Users Accou_a8eb60/input_Surname - phonetic_lastnamephonetic"), "Le"): Text 'Le' is set on object 'Object Repository/OptionalUserFormObject/Page_SiteTesting Administration Users Accou_a8eb60/input_Surname - phonetic_lastnamephonetic'

2022-01-15 22:15:01 - [MESSAGE][PASSED] - Text 'Le' is set on object 'Object Repository/OptionalUserFormObject/Page_SiteTesting Administration Users Accou_a8eb60/input_Surname - phonetic_lastnamephonetic'

2022-01-15 22:15:01 - [TEST_STEP][PASSED] - setText(findTestObject("Object Repository/OptionalUserFormObject/Page_SiteTesting Administration Users Accou_a8eb60/input_Middle name_middlename"), "Nhat"): Text 'Nhat' is set on object 'Object Repository/OptionalUserFormObject/Page_SiteTesting Administration Users Accou_a8eb60/input_Middle name_middlename'

2022-01-15 22:15:02 - [MESSAGE][PASSED] - Text 'Nhat' is set on object 'Object Repository/OptionalUserFormObject/Page_SiteTesting Administration Users Accou_a8eb60/input_Middle name_middlename'

2022-01-15 22:15:02 - [TEST_STEP][PASSED] - click(findTestObject("Object Repository/OptionalUserFormObject/Page_SiteTesting Administration Users Accou_a8eb60/a_Optional_1")): Object: 'Object Repository/OptionalUserFormObject/Page_SiteTesting Administration Users Accou_a8eb60/a_Optional_1' is clicked on

2022-01-15 22:15:02 - [MESSAGE][PASSED] - Object: 'Object Repository/OptionalUserFormObject/Page_SiteTesting Administration Users Accou_a8eb60/a_Optional_1' is clicked on

2022-01-15 22:15:02 - [TEST_STEP][PASSED] - setText(findTestObject("Object Repository/OptionalUserFormObject/Page_SiteTesting Administration Users Accou_a8eb60/input_Phone_phone1"), "0123456789"): Text '0123456789' is set on object 'Object Repository/OptionalUserFormObject/Page_SiteTesting Administration Users Accou_a8eb60/input_Phone_phone1'

2022-01-15 22:15:03 - [MESSAGE][PASSED] - Text '0123456789' is set on object 'Object Repository/OptionalUserFormObject/Page_SiteTesting Administration Users Accou_a8eb60/input_Phone_phone1'

2022-01-15 22:15:03 - [TEST_STEP][PASSED] - setText(findTestObject("Object Repository/OptionalUserFormObject/Page_SiteTesting Administration Users Accou_a8eb60/input_ID number_idnumber"), "1000"): Text '1000' is set on object 'Object Repository/OptionalUserFormObject/Page_SiteTesting Administration Users Accou_a8eb60/input_ID number_idnumber'

2022-01-15 22:15:04 - [MESSAGE][PASSED] - Text '1000' is set on object 'Object Repository/OptionalUserFormObject/Page_SiteTesting Administration Users Accou_a8eb60/input_ID number_idnumber'

2022-01-15 22:15:04 - [TEST_STEP][PASSED] - click(findTestObject("Object Repository/OptionalUserFormObject/Page_SiteTesting Administration Users Accou_a8eb60/input_Address_submitbutton")): Object: 'Object Repository/OptionalUserFormObject/Page_SiteTesting Administration Users Accou_a8eb60/input_Address_submitbutton' is clicked on

2022-01-15 22:15:06 - [MESSAGE][PASSED] - Object: 'Object Repository/OptionalUserFormObject/Page_SiteTesting Administration Users Accou_a8eb60/input_Address_submitbutton' is clicked on

2022-01-15 22:15:06 - [TEST_STEP][PASSED] - navigateToUrl("http://localhost/admin/user.php"): Navigate to 'http://localhost/admin/user.php' successfully

2022-01-15 22:15:07 - [MESSAGE][PASSED] - Navigate to 'http://localhost/admin/user.php' successfully]]></system-out>
         <system-err><![CDATA[]]></system-err>
      </testcase>
      <testcase name="Test Cases/Tạo 1 User mới/Kiểm tra việc tài khoản bị ban sau khi chọn Suspended account" time="94.348" classname="Test Cases/Tạo 1 User mới/Kiểm tra việc tài khoản bị ban sau khi chọn Suspended account" status="FAILED">
         <failure type="FAILED" message="Test Cases/Tạo 1 User mới/Kiểm tra việc tài khoản bị ban sau khi chọn Suspended account FAILED.
Reason:
com.kms.katalon.core.exception.StepFailedException: Verify element text of test object 'Object Repository/AddSuspendedUserAccount/Page_Automation Testing Site Log in to the site/div_Invalid login, please try again' FAILED.
	at com.kms.katalon.core.webui.keyword.internal.WebUIKeywordMain.stepFailed(WebUIKeywordMain.groovy:64)
	at com.kms.katalon.core.webui.keyword.internal.WebUIKeywordMain.runKeyword(WebUIKeywordMain.groovy:26)
	at com.kms.katalon.core.webui.keyword.builtin.VerifyElementTextKeyword.verifyElementText(VerifyElementTextKeyword.groovy:72)
	at com.kms.katalon.core.webui.keyword.builtin.VerifyElementTextKeyword.execute(VerifyElementTextKeyword.groovy:40)
	at com.kms.katalon.core.keyword.internal.KeywordExecutor.executeKeywordForPlatform(KeywordExecutor.groovy:74)
	at com.kms.katalon.core.webui.keyword.WebUiBuiltInKeywords.verifyElementText(WebUiBuiltInKeywords.groovy:4749)
	at com.kms.katalon.core.webui.keyword.WebUiBuiltInKeywords$verifyElementText$4.call(Unknown Source)
	at Kiểm tra việc tài khoản bị ban sau khi chọn Suspended account.run(Kiểm tra việc tài khoản bị ban sau khi chọn Suspended account:69)
	at com.kms.katalon.core.main.ScriptEngine.run(ScriptEngine.java:194)
	at com.kms.katalon.core.main.ScriptEngine.runScriptAsRawText(ScriptEngine.java:119)
	at com.kms.katalon.core.main.TestCaseExecutor.runScript(TestCaseExecutor.java:442)
	at com.kms.katalon.core.main.TestCaseExecutor.doExecute(TestCaseExecutor.java:433)
	at com.kms.katalon.core.main.TestCaseExecutor.processExecutionPhase(TestCaseExecutor.java:412)
	at com.kms.katalon.core.main.TestCaseExecutor.accessMainPhase(TestCaseExecutor.java:404)
	at com.kms.katalon.core.main.TestCaseExecutor.execute(TestCaseExecutor.java:281)
	at com.kms.katalon.core.main.TestSuiteExecutor.accessTestCaseMainPhase(TestSuiteExecutor.java:202)
	at com.kms.katalon.core.main.TestSuiteExecutor.accessTestSuiteMainPhase(TestSuiteExecutor.java:164)
	at com.kms.katalon.core.main.TestSuiteExecutor.execute(TestSuiteExecutor.java:105)
	at com.kms.katalon.core.main.TestCaseMain.startTestSuite(TestCaseMain.java:181)
	at com.kms.katalon.core.main.TestCaseMain$startTestSuite$0.call(Unknown Source)
	at TempTestSuite1642258128503.run(TempTestSuite1642258128503.groovy:36)
Caused by: com.kms.katalon.core.exception.StepFailedException: Actual text '' and expected text 'Invalid login, please try again' of test object 'Object Repository/AddSuspendedUserAccount/Page_Automation Testing Site Log in to the site/div_Invalid login, please try again' are NOT matched.
	at com.kms.katalon.core.webui.keyword.internal.WebUIKeywordMain.stepFailed(WebUIKeywordMain.groovy:64)
	at com.kms.katalon.core.webui.keyword.builtin.VerifyElementTextKeyword$_verifyElementText_closure1.doCall(VerifyElementTextKeyword.groovy:57)
	at com.kms.katalon.core.webui.keyword.builtin.VerifyElementTextKeyword$_verifyElementText_closure1.call(VerifyElementTextKeyword.groovy)
	at com.kms.katalon.core.webui.keyword.internal.WebUIKeywordMain.runKeyword(WebUIKeywordMain.groovy:20)
	... 19 more
"/>
         <system-out><![CDATA[2022-01-15 22:15:07 - [TEST_CASE][FAILED] - Test Cases/Tạo 1 User mới/Kiểm tra việc tài khoản bị ban sau khi chọn Suspended account: Test Cases/Tạo 1 User mới/Kiểm tra việc tài khoản bị ban sau khi chọn Suspended account FAILED.
Reason:
com.kms.katalon.core.exception.StepFailedException: Verify element text of test object 'Object Repository/AddSuspendedUserAccount/Page_Automation Testing Site Log in to the site/div_Invalid login, please try again' FAILED.
	at com.kms.katalon.core.webui.keyword.internal.WebUIKeywordMain.stepFailed(WebUIKeywordMain.groovy:64)
	at com.kms.katalon.core.webui.keyword.internal.WebUIKeywordMain.runKeyword(WebUIKeywordMain.groovy:26)
	at com.kms.katalon.core.webui.keyword.builtin.VerifyElementTextKeyword.verifyElementText(VerifyElementTextKeyword.groovy:72)
	at com.kms.katalon.core.webui.keyword.builtin.VerifyElementTextKeyword.execute(VerifyElementTextKeyword.groovy:40)
	at com.kms.katalon.core.keyword.internal.KeywordExecutor.executeKeywordForPlatform(KeywordExecutor.groovy:74)
	at com.kms.katalon.core.webui.keyword.WebUiBuiltInKeywords.verifyElementText(WebUiBuiltInKeywords.groovy:4749)
	at com.kms.katalon.core.webui.keyword.WebUiBuiltInKeywords$verifyElementText$4.call(Unknown Source)
	at Kiểm tra việc tài khoản bị ban sau khi chọn Suspended account.run(Kiểm tra việc tài khoản bị ban sau khi chọn Suspended account:69)
	at com.kms.katalon.core.main.ScriptEngine.run(ScriptEngine.java:194)
	at com.kms.katalon.core.main.ScriptEngine.runScriptAsRawText(ScriptEngine.java:119)
	at com.kms.katalon.core.main.TestCaseExecutor.runScript(TestCaseExecutor.java:442)
	at com.kms.katalon.core.main.TestCaseExecutor.doExecute(TestCaseExecutor.java:433)
	at com.kms.katalon.core.main.TestCaseExecutor.processExecutionPhase(TestCaseExecutor.java:412)
	at com.kms.katalon.core.main.TestCaseExecutor.accessMainPhase(TestCaseExecutor.java:404)
	at com.kms.katalon.core.main.TestCaseExecutor.execute(TestCaseExecutor.java:281)
	at com.kms.katalon.core.main.TestSuiteExecutor.accessTestCaseMainPhase(TestSuiteExecutor.java:202)
	at com.kms.katalon.core.main.TestSuiteExecutor.accessTestSuiteMainPhase(TestSuiteExecutor.java:164)
	at com.kms.katalon.core.main.TestSuiteExecutor.execute(TestSuiteExecutor.java:105)
	at com.kms.katalon.core.main.TestCaseMain.startTestSuite(TestCaseMain.java:181)
	at com.kms.katalon.core.main.TestCaseMain$startTestSuite$0.call(Unknown Source)
	at TempTestSuite1642258128503.run(TempTestSuite1642258128503.groovy:36)
Caused by: com.kms.katalon.core.exception.StepFailedException: Actual text '' and expected text 'Invalid login, please try again' of test object 'Object Repository/AddSuspendedUserAccount/Page_Automation Testing Site Log in to the site/div_Invalid login, please try again' are NOT matched.
	at com.kms.katalon.core.webui.keyword.internal.WebUIKeywordMain.stepFailed(WebUIKeywordMain.groovy:64)
	at com.kms.katalon.core.webui.keyword.builtin.VerifyElementTextKeyword$_verifyElementText_closure1.doCall(VerifyElementTextKeyword.groovy:57)
	at com.kms.katalon.core.webui.keyword.builtin.VerifyElementTextKeyword$_verifyElementText_closure1.call(VerifyElementTextKeyword.groovy)
	at com.kms.katalon.core.webui.keyword.internal.WebUIKeywordMain.runKeyword(WebUIKeywordMain.groovy:20)
	... 19 more


2022-01-15 22:15:08 - [TEST_STEP][PASSED] - callTestCase(findTestCase("Kiểm tra thẻ Site Administration/Đăng nhập thành công"), [:], STOP_ON_FAILURE): Call Test Case 'Test Cases/Kiểm tra thẻ Site Administration/Đăng nhập thành công' successfully

2022-01-15 22:15:08 - [TEST_CASE][PASSED] - Test Cases/Kiểm tra thẻ Site Administration/Đăng nhập thành công: Test Cases/Kiểm tra thẻ Site Administration/Đăng nhập thành công

2022-01-15 22:15:08 - [TEST_STEP][PASSED] - openBrowser(""): Browser is opened with url: ''

2022-01-15 22:15:08 - [MESSAGE][WARNING] - A browser is already opened. Closing browser and opening a new one

2022-01-15 22:15:08 - [MESSAGE][INFO] - Starting 'Edge Chromium' driver

2022-01-15 22:15:11 - [MESSAGE][INFO] - Action delay is set to 0 milliseconds

2022-01-15 22:15:12 - [MESSAGE][PASSED] - Browser is opened with url: ''

2022-01-15 22:15:12 - [TEST_STEP][PASSED] - navigateToUrl("http://localhost/"): Navigate to 'http://localhost/' successfully

2022-01-15 22:15:13 - [MESSAGE][PASSED] - Navigate to 'http://localhost/' successfully

2022-01-15 22:15:13 - [TEST_STEP][PASSED] - click(findTestObject("Object Repository/LoginObject/Page_Automation Testing Site/a_Log in")): Object: 'Object Repository/LoginObject/Page_Automation Testing Site/a_Log in' is clicked on

2022-01-15 22:15:14 - [MESSAGE][PASSED] - Object: 'Object Repository/LoginObject/Page_Automation Testing Site/a_Log in' is clicked on

2022-01-15 22:15:14 - [TEST_STEP][PASSED] - setText(findTestObject("Object Repository/LoginObject/Page_Automation Testing Site Log in to the site/input_Username_username"), "admin"): Text 'admin' is set on object 'Object Repository/LoginObject/Page_Automation Testing Site Log in to the site/input_Username_username'

2022-01-15 22:15:15 - [MESSAGE][PASSED] - Text 'admin' is set on object 'Object Repository/LoginObject/Page_Automation Testing Site Log in to the site/input_Username_username'

2022-01-15 22:15:15 - [TEST_STEP][PASSED] - setEncryptedText(findTestObject("Object Repository/LoginObject/Page_Automation Testing Site Log in to the site/input_Password_password"), "cnpXG5HhkrZpEXzNIGBMZQ=="): Text ****** has been set on object 'Object Repository/LoginObject/Page_Automation Testing Site Log in to the site/input_Password_password'

2022-01-15 22:15:15 - [MESSAGE][PASSED] - Text ****** has been set on object 'Object Repository/LoginObject/Page_Automation Testing Site Log in to the site/input_Password_password'

2022-01-15 22:15:15 - [TEST_STEP][PASSED] - click(findTestObject("Object Repository/LoginObject/Page_Automation Testing Site Log in to the site/button_Log in")): Object: 'Object Repository/LoginObject/Page_Automation Testing Site Log in to the site/button_Log in' is clicked on

2022-01-15 22:15:18 - [MESSAGE][PASSED] - Object: 'Object Repository/LoginObject/Page_Automation Testing Site Log in to the site/button_Log in' is clicked on

2022-01-15 22:15:18 - [TEST_STEP][PASSED] - verifyElementText(findTestObject("Object Repository/LoginObject/Page_Dashboard/span_Site administration"), "Site administration"): Actual text and expected text of test object 'Object Repository/LoginObject/Page_Dashboard/span_Site administration' are matched.

2022-01-15 22:15:20 - [MESSAGE][PASSED] - Actual text and expected text of test object 'Object Repository/LoginObject/Page_Dashboard/span_Site administration' are matched.

2022-01-15 22:15:20 - [MESSAGE][PASSED] - Call Test Case 'Test Cases/Kiểm tra thẻ Site Administration/Đăng nhập thành công' successfully

2022-01-15 22:15:20 - [TEST_STEP][PASSED] - click(findTestObject("Object Repository/AddANewUserObject/Page_Dashboard/span_Site administration")): Object: 'Object Repository/AddANewUserObject/Page_Dashboard/span_Site administration' is clicked on

2022-01-15 22:15:21 - [MESSAGE][PASSED] - Object: 'Object Repository/AddANewUserObject/Page_Dashboard/span_Site administration' is clicked on

2022-01-15 22:15:21 - [TEST_STEP][PASSED] - navigateToUrl("http://localhost/admin/search.php"): Navigate to 'http://localhost/admin/search.php' successfully

2022-01-15 22:15:22 - [MESSAGE][PASSED] - Navigate to 'http://localhost/admin/search.php' successfully

2022-01-15 22:15:22 - [TEST_STEP][PASSED] - click(findTestObject("Object Repository/AddSuspendedUserAccount/Page_SiteTesting Administration Search/a_Users")): Object: 'Object Repository/AddSuspendedUserAccount/Page_SiteTesting Administration Search/a_Users' is clicked on

2022-01-15 22:15:23 - [MESSAGE][PASSED] - Object: 'Object Repository/AddSuspendedUserAccount/Page_SiteTesting Administration Search/a_Users' is clicked on

2022-01-15 22:15:23 - [TEST_STEP][PASSED] - click(findTestObject("Object Repository/AddSuspendedUserAccount/Page_SiteTesting Administration Search/a_Add a new user")): Object: 'Object Repository/AddSuspendedUserAccount/Page_SiteTesting Administration Search/a_Add a new user' is clicked on

2022-01-15 22:15:24 - [MESSAGE][PASSED] - Object: 'Object Repository/AddSuspendedUserAccount/Page_SiteTesting Administration Search/a_Add a new user' is clicked on

2022-01-15 22:15:24 - [TEST_STEP][PASSED] - setText(findTestObject("Object Repository/AddSuspendedUserAccount/Page_SiteTesting Administration Users Accou_a8eb60/input_Username_username"), "testing_ban"): Text 'testing_ban' is set on object 'Object Repository/AddSuspendedUserAccount/Page_SiteTesting Administration Users Accou_a8eb60/input_Username_username'

2022-01-15 22:15:26 - [MESSAGE][PASSED] - Text 'testing_ban' is set on object 'Object Repository/AddSuspendedUserAccount/Page_SiteTesting Administration Users Accou_a8eb60/input_Username_username'

2022-01-15 22:15:26 - [TEST_STEP][PASSED] - click(findTestObject("Object Repository/AddSuspendedUserAccount/Page_SiteTesting Administration Users Accou_a8eb60/input_Choose an authentication method_suspended")): Object: 'Object Repository/AddSuspendedUserAccount/Page_SiteTesting Administration Users Accou_a8eb60/input_Choose an authentication method_suspended' is clicked on

2022-01-15 22:15:57 - [MESSAGE][INFO] - Unable to find the element located by 'By.xpath: //input[@id='id_suspended']'. Please recheck the objects properties to make sure the desired element is located. 

2022-01-15 22:15:57 - [MESSAGE][WARNING] - [SELF-HEALING] Failed to find element with id 'Object Repository/AddSuspendedUserAccount/Page_SiteTesting Administration Users Accou_a8eb60/input_Choose an authentication method_suspended'. Try using Self-healing.

2022-01-15 22:15:58 - [MESSAGE][WARNING] - [SELF-HEALING] The current locator of test object 'Object Repository/AddSuspendedUserAccount/Page_SiteTesting Administration Users Accou_a8eb60/input_Choose an authentication method_suspended' was broken. Propose an alternative one: '//div[2]/div/input[2]'.

2022-01-15 22:15:58 - [MESSAGE][PASSED] - Object: 'Object Repository/AddSuspendedUserAccount/Page_SiteTesting Administration Users Accou_a8eb60/input_Choose an authentication method_suspended' is clicked on

2022-01-15 22:15:58 - [TEST_STEP][PASSED] - click(findTestObject("Object Repository/AddSuspendedUserAccount/Page_SiteTesting Administration Users Accou_a8eb60/em_Click to enter text")): Object: 'Object Repository/AddSuspendedUserAccount/Page_SiteTesting Administration Users Accou_a8eb60/em_Click to enter text' is clicked on

2022-01-15 22:15:58 - [MESSAGE][PASSED] - Object: 'Object Repository/AddSuspendedUserAccount/Page_SiteTesting Administration Users Accou_a8eb60/em_Click to enter text' is clicked on

2022-01-15 22:15:58 - [TEST_STEP][PASSED] - setEncryptedText(findTestObject("Object Repository/AddSuspendedUserAccount/Page_SiteTesting Administration Users Accou_a8eb60/input_New password_newpassword"), "cnpXG5HhkrZpEXzNIGBMZQ=="): Text ****** has been set on object 'Object Repository/AddSuspendedUserAccount/Page_SiteTesting Administration Users Accou_a8eb60/input_New password_newpassword'

2022-01-15 22:15:59 - [MESSAGE][PASSED] - Text ****** has been set on object 'Object Repository/AddSuspendedUserAccount/Page_SiteTesting Administration Users Accou_a8eb60/input_New password_newpassword'

2022-01-15 22:15:59 - [TEST_STEP][PASSED] - setText(findTestObject("Object Repository/AddSuspendedUserAccount/Page_SiteTesting Administration Users Accou_a8eb60/input_First name_firstname"), "Quang"): Text 'Quang' is set on object 'Object Repository/AddSuspendedUserAccount/Page_SiteTesting Administration Users Accou_a8eb60/input_First name_firstname'

2022-01-15 22:16:00 - [MESSAGE][PASSED] - Text 'Quang' is set on object 'Object Repository/AddSuspendedUserAccount/Page_SiteTesting Administration Users Accou_a8eb60/input_First name_firstname'

2022-01-15 22:16:00 - [TEST_STEP][PASSED] - setText(findTestObject("Object Repository/AddSuspendedUserAccount/Page_SiteTesting Administration Users Accou_a8eb60/input_Surname_lastname"), "Le4"): Text 'Le4' is set on object 'Object Repository/AddSuspendedUserAccount/Page_SiteTesting Administration Users Accou_a8eb60/input_Surname_lastname'

2022-01-15 22:16:01 - [MESSAGE][PASSED] - Text 'Le4' is set on object 'Object Repository/AddSuspendedUserAccount/Page_SiteTesting Administration Users Accou_a8eb60/input_Surname_lastname'

2022-01-15 22:16:01 - [TEST_STEP][PASSED] - setText(findTestObject("Object Repository/AddSuspendedUserAccount/Page_SiteTesting Administration Users Accou_a8eb60/input_Email address_email"), "testing_ban@gmail.com"): Text 'testing_ban@gmail.com' is set on object 'Object Repository/AddSuspendedUserAccount/Page_SiteTesting Administration Users Accou_a8eb60/input_Email address_email'

2022-01-15 22:16:01 - [MESSAGE][PASSED] - Text 'testing_ban@gmail.com' is set on object 'Object Repository/AddSuspendedUserAccount/Page_SiteTesting Administration Users Accou_a8eb60/input_Email address_email'

2022-01-15 22:16:01 - [TEST_STEP][PASSED] - click(findTestObject("Object Repository/AddSuspendedUserAccount/Page_SiteTesting Administration Users Accou_a8eb60/input_Address_submitbutton")): Object: 'Object Repository/AddSuspendedUserAccount/Page_SiteTesting Administration Users Accou_a8eb60/input_Address_submitbutton' is clicked on

2022-01-15 22:16:03 - [MESSAGE][PASSED] - Object: 'Object Repository/AddSuspendedUserAccount/Page_SiteTesting Administration Users Accou_a8eb60/input_Address_submitbutton' is clicked on

2022-01-15 22:16:03 - [TEST_STEP][PASSED] - navigateToUrl("http://localhost/admin/user.php"): Navigate to 'http://localhost/admin/user.php' successfully

2022-01-15 22:16:04 - [MESSAGE][PASSED] - Navigate to 'http://localhost/admin/user.php' successfully

2022-01-15 22:16:04 - [TEST_STEP][PASSED] - click(findTestObject("Object Repository/AddSuspendedUserAccount/Page_SiteTesting Administration Users Accou_36dc4d/a_Quang Le")): Object: 'Object Repository/AddSuspendedUserAccount/Page_SiteTesting Administration Users Accou_36dc4d/a_Quang Le' is clicked on

2022-01-15 22:16:05 - [MESSAGE][PASSED] - Object: 'Object Repository/AddSuspendedUserAccount/Page_SiteTesting Administration Users Accou_36dc4d/a_Quang Le' is clicked on

2022-01-15 22:16:05 - [TEST_STEP][PASSED] - click(findTestObject("Object Repository/AddSuspendedUserAccount/Page_SiteTesting Administration Users Accou_36dc4d/span_Log out")): Object: 'Object Repository/AddSuspendedUserAccount/Page_SiteTesting Administration Users Accou_36dc4d/span_Log out' is clicked on

2022-01-15 22:16:06 - [MESSAGE][PASSED] - Object: 'Object Repository/AddSuspendedUserAccount/Page_SiteTesting Administration Users Accou_36dc4d/span_Log out' is clicked on

2022-01-15 22:16:06 - [TEST_STEP][PASSED] - navigateToUrl("http://localhost/"): Navigate to 'http://localhost/' successfully

2022-01-15 22:16:06 - [MESSAGE][PASSED] - Navigate to 'http://localhost/' successfully

2022-01-15 22:16:06 - [TEST_STEP][PASSED] - click(findTestObject("Object Repository/AddSuspendedUserAccount/Page_Automation Testing Site/a_Log in")): Object: 'Object Repository/AddSuspendedUserAccount/Page_Automation Testing Site/a_Log in' is clicked on

2022-01-15 22:16:07 - [MESSAGE][PASSED] - Object: 'Object Repository/AddSuspendedUserAccount/Page_Automation Testing Site/a_Log in' is clicked on

2022-01-15 22:16:07 - [TEST_STEP][PASSED] - setText(findTestObject("Object Repository/AddSuspendedUserAccount/Page_Automation Testing Site Log in to the site/input_Username_username"), "testing_ban"): Text 'testing_ban' is set on object 'Object Repository/AddSuspendedUserAccount/Page_Automation Testing Site Log in to the site/input_Username_username'

2022-01-15 22:16:08 - [MESSAGE][PASSED] - Text 'testing_ban' is set on object 'Object Repository/AddSuspendedUserAccount/Page_Automation Testing Site Log in to the site/input_Username_username'

2022-01-15 22:16:08 - [TEST_STEP][PASSED] - setEncryptedText(findTestObject("Object Repository/AddSuspendedUserAccount/Page_Automation Testing Site Log in to the site/input_Password_password"), "cnpXG5HhkrZpEXzNIGBMZQ=="): Text ****** has been set on object 'Object Repository/AddSuspendedUserAccount/Page_Automation Testing Site Log in to the site/input_Password_password'

2022-01-15 22:16:08 - [MESSAGE][PASSED] - Text ****** has been set on object 'Object Repository/AddSuspendedUserAccount/Page_Automation Testing Site Log in to the site/input_Password_password'

2022-01-15 22:16:08 - [TEST_STEP][PASSED] - click(findTestObject("Object Repository/AddSuspendedUserAccount/Page_Automation Testing Site Log in to the site/button_Log in")): Object: 'Object Repository/AddSuspendedUserAccount/Page_Automation Testing Site Log in to the site/button_Log in' is clicked on

2022-01-15 22:16:10 - [MESSAGE][PASSED] - Object: 'Object Repository/AddSuspendedUserAccount/Page_Automation Testing Site Log in to the site/button_Log in' is clicked on

2022-01-15 22:16:10 - [TEST_STEP][FAILED] - verifyElementText(findTestObject("Object Repository/AddSuspendedUserAccount/Page_Automation Testing Site Log in to the site/div_Invalid login, please try again"), "Invalid login, please try again"): Verify element text of test object 'Object Repository/AddSuspendedUserAccount/Page_Automation Testing Site Log in to the site/div_Invalid login, please try again' FAILED. (Root cause: com.kms.katalon.core.exception.StepFailedException: Verify element text of test object 'Object Repository/AddSuspendedUserAccount/Page_Automation Testing Site Log in to the site/div_Invalid login, please try again' FAILED.
	at com.kms.katalon.core.webui.keyword.internal.WebUIKeywordMain.stepFailed(WebUIKeywordMain.groovy:64)
	at com.kms.katalon.core.webui.keyword.internal.WebUIKeywordMain.runKeyword(WebUIKeywordMain.groovy:26)
	at com.kms.katalon.core.webui.keyword.builtin.VerifyElementTextKeyword.verifyElementText(VerifyElementTextKeyword.groovy:72)
	at com.kms.katalon.core.webui.keyword.builtin.VerifyElementTextKeyword.execute(VerifyElementTextKeyword.groovy:40)
	at com.kms.katalon.core.keyword.internal.KeywordExecutor.executeKeywordForPlatform(KeywordExecutor.groovy:74)
	at com.kms.katalon.core.webui.keyword.WebUiBuiltInKeywords.verifyElementText(WebUiBuiltInKeywords.groovy:4749)
	at com.kms.katalon.core.webui.keyword.WebUiBuiltInKeywords$verifyElementText$4.call(Unknown Source)
	at Kiểm tra việc tài khoản bị ban sau khi chọn Suspended account.run(Kiểm tra việc tài khoản bị ban sau khi chọn Suspended account:69)
	at com.kms.katalon.core.main.ScriptEngine.run(ScriptEngine.java:194)
	at com.kms.katalon.core.main.ScriptEngine.runScriptAsRawText(ScriptEngine.java:119)
	at com.kms.katalon.core.main.TestCaseExecutor.runScript(TestCaseExecutor.java:442)
	at com.kms.katalon.core.main.TestCaseExecutor.doExecute(TestCaseExecutor.java:433)
	at com.kms.katalon.core.main.TestCaseExecutor.processExecutionPhase(TestCaseExecutor.java:412)
	at com.kms.katalon.core.main.TestCaseExecutor.accessMainPhase(TestCaseExecutor.java:404)
	at com.kms.katalon.core.main.TestCaseExecutor.execute(TestCaseExecutor.java:281)
	at com.kms.katalon.core.main.TestSuiteExecutor.accessTestCaseMainPhase(TestSuiteExecutor.java:202)
	at com.kms.katalon.core.main.TestSuiteExecutor.accessTestSuiteMainPhase(TestSuiteExecutor.java:164)
	at com.kms.katalon.core.main.TestSuiteExecutor.execute(TestSuiteExecutor.java:105)
	at com.kms.katalon.core.main.TestCaseMain.startTestSuite(TestCaseMain.java:181)
	at com.kms.katalon.core.main.TestCaseMain$startTestSuite$0.call(Unknown Source)
	at TempTestSuite1642258128503.run(TempTestSuite1642258128503.groovy:36)
Caused by: com.kms.katalon.core.exception.StepFailedException: Actual text '' and expected text 'Invalid login, please try again' of test object 'Object Repository/AddSuspendedUserAccount/Page_Automation Testing Site Log in to the site/div_Invalid login, please try again' are NOT matched.
	at com.kms.katalon.core.webui.keyword.internal.WebUIKeywordMain.stepFailed(WebUIKeywordMain.groovy:64)
	at com.kms.katalon.core.webui.keyword.builtin.VerifyElementTextKeyword$_verifyElementText_closure1.doCall(VerifyElementTextKeyword.groovy:57)
	at com.kms.katalon.core.webui.keyword.builtin.VerifyElementTextKeyword$_verifyElementText_closure1.call(VerifyElementTextKeyword.groovy)
	at com.kms.katalon.core.webui.keyword.internal.WebUIKeywordMain.runKeyword(WebUIKeywordMain.groovy:20)
	... 19 more
)

2022-01-15 22:16:41 - [MESSAGE][INFO] - Unable to find the element located by 'By.xpath: //section[@id='region-main']/div/div[2]/div/div/div/div/div/div'. Please recheck the objects properties to make sure the desired element is located. 

2022-01-15 22:16:41 - [MESSAGE][WARNING] - [SELF-HEALING] Failed to find element with id 'Object Repository/AddSuspendedUserAccount/Page_Automation Testing Site Log in to the site/div_Invalid login, please try again'. Try using Self-healing.

2022-01-15 22:16:41 - [MESSAGE][WARNING] - [SELF-HEALING] The current locator of test object 'Object Repository/AddSuspendedUserAccount/Page_Automation Testing Site Log in to the site/div_Invalid login, please try again' was broken. Propose an alternative one: '(.//*[normalize-space(text()) and normalize-space(.)='Skip to main content'])[1]/following::div[12]'.

2022-01-15 22:16:41 - [MESSAGE][FAILED] - Actual text '' and expected text 'Invalid login, please try again' of test object 'Object Repository/AddSuspendedUserAccount/Page_Automation Testing Site Log in to the site/div_Invalid login, please try again' are NOT matched. (Root cause: com.kms.katalon.core.exception.StepFailedException: Actual text '' and expected text 'Invalid login, please try again' of test object 'Object Repository/AddSuspendedUserAccount/Page_Automation Testing Site Log in to the site/div_Invalid login, please try again' are NOT matched.
	at com.kms.katalon.core.webui.keyword.internal.WebUIKeywordMain.stepFailed(WebUIKeywordMain.groovy:64)
	at com.kms.katalon.core.webui.keyword.builtin.VerifyElementTextKeyword$_verifyElementText_closure1.doCall(VerifyElementTextKeyword.groovy:57)
	at com.kms.katalon.core.webui.keyword.builtin.VerifyElementTextKeyword$_verifyElementText_closure1.call(VerifyElementTextKeyword.groovy)
	at com.kms.katalon.core.webui.keyword.internal.WebUIKeywordMain.runKeyword(WebUIKeywordMain.groovy:20)
	at com.kms.katalon.core.webui.keyword.builtin.VerifyElementTextKeyword.verifyElementText(VerifyElementTextKeyword.groovy:72)
	at com.kms.katalon.core.webui.keyword.builtin.VerifyElementTextKeyword.execute(VerifyElementTextKeyword.groovy:40)
	at com.kms.katalon.core.keyword.internal.KeywordExecutor.executeKeywordForPlatform(KeywordExecutor.groovy:74)
	at com.kms.katalon.core.webui.keyword.WebUiBuiltInKeywords.verifyElementText(WebUiBuiltInKeywords.groovy:4749)
	at com.kms.katalon.core.webui.keyword.WebUiBuiltInKeywords$verifyElementText$4.call(Unknown Source)
	at Kiểm tra việc tài khoản bị ban sau khi chọn Suspended account.run(Kiểm tra việc tài khoản bị ban sau khi chọn Suspended account:69)
	at com.kms.katalon.core.main.ScriptEngine.run(ScriptEngine.java:194)
	at com.kms.katalon.core.main.ScriptEngine.runScriptAsRawText(ScriptEngine.java:119)
	at com.kms.katalon.core.main.TestCaseExecutor.runScript(TestCaseExecutor.java:442)
	at com.kms.katalon.core.main.TestCaseExecutor.doExecute(TestCaseExecutor.java:433)
	at com.kms.katalon.core.main.TestCaseExecutor.processExecutionPhase(TestCaseExecutor.java:412)
	at com.kms.katalon.core.main.TestCaseExecutor.accessMainPhase(TestCaseExecutor.java:404)
	at com.kms.katalon.core.main.TestCaseExecutor.execute(TestCaseExecutor.java:281)
	at com.kms.katalon.core.main.TestSuiteExecutor.accessTestCaseMainPhase(TestSuiteExecutor.java:202)
	at com.kms.katalon.core.main.TestSuiteExecutor.accessTestSuiteMainPhase(TestSuiteExecutor.java:164)
	at com.kms.katalon.core.main.TestSuiteExecutor.execute(TestSuiteExecutor.java:105)
	at com.kms.katalon.core.main.TestCaseMain.startTestSuite(TestCaseMain.java:181)
	at com.kms.katalon.core.main.TestCaseMain$startTestSuite$0.call(Unknown Source)
	at TempTestSuite1642258128503.run(TempTestSuite1642258128503.groovy:36)
)
[[ATTACHMENT|E:\\MoodleTestByKatalon\\Reports\\20220115_214848\\Run all test cases\\20220115_214848\\1642259801652.png]]

2022-01-15 22:16:42 - [MESSAGE][FAILED] - Verify element text of test object 'Object Repository/AddSuspendedUserAccount/Page_Automation Testing Site Log in to the site/div_Invalid login, please try again' FAILED. (Root cause: com.kms.katalon.core.exception.StepFailedException: Verify element text of test object 'Object Repository/AddSuspendedUserAccount/Page_Automation Testing Site Log in to the site/div_Invalid login, please try again' FAILED.
	at com.kms.katalon.core.webui.keyword.internal.WebUIKeywordMain.stepFailed(WebUIKeywordMain.groovy:64)
	at com.kms.katalon.core.webui.keyword.internal.WebUIKeywordMain.runKeyword(WebUIKeywordMain.groovy:26)
	at com.kms.katalon.core.webui.keyword.builtin.VerifyElementTextKeyword.verifyElementText(VerifyElementTextKeyword.groovy:72)
	at com.kms.katalon.core.webui.keyword.builtin.VerifyElementTextKeyword.execute(VerifyElementTextKeyword.groovy:40)
	at com.kms.katalon.core.keyword.internal.KeywordExecutor.executeKeywordForPlatform(KeywordExecutor.groovy:74)
	at com.kms.katalon.core.webui.keyword.WebUiBuiltInKeywords.verifyElementText(WebUiBuiltInKeywords.groovy:4749)
	at com.kms.katalon.core.webui.keyword.WebUiBuiltInKeywords$verifyElementText$4.call(Unknown Source)
	at Kiểm tra việc tài khoản bị ban sau khi chọn Suspended account.run(Kiểm tra việc tài khoản bị ban sau khi chọn Suspended account:69)
	at com.kms.katalon.core.main.ScriptEngine.run(ScriptEngine.java:194)
	at com.kms.katalon.core.main.ScriptEngine.runScriptAsRawText(ScriptEngine.java:119)
	at com.kms.katalon.core.main.TestCaseExecutor.runScript(TestCaseExecutor.java:442)
	at com.kms.katalon.core.main.TestCaseExecutor.doExecute(TestCaseExecutor.java:433)
	at com.kms.katalon.core.main.TestCaseExecutor.processExecutionPhase(TestCaseExecutor.java:412)
	at com.kms.katalon.core.main.TestCaseExecutor.accessMainPhase(TestCaseExecutor.java:404)
	at com.kms.katalon.core.main.TestCaseExecutor.execute(TestCaseExecutor.java:281)
	at com.kms.katalon.core.main.TestSuiteExecutor.accessTestCaseMainPhase(TestSuiteExecutor.java:202)
	at com.kms.katalon.core.main.TestSuiteExecutor.accessTestSuiteMainPhase(TestSuiteExecutor.java:164)
	at com.kms.katalon.core.main.TestSuiteExecutor.execute(TestSuiteExecutor.java:105)
	at com.kms.katalon.core.main.TestCaseMain.startTestSuite(TestCaseMain.java:181)
	at com.kms.katalon.core.main.TestCaseMain$startTestSuite$0.call(Unknown Source)
	at TempTestSuite1642258128503.run(TempTestSuite1642258128503.groovy:36)
Caused by: com.kms.katalon.core.exception.StepFailedException: Actual text '' and expected text 'Invalid login, please try again' of test object 'Object Repository/AddSuspendedUserAccount/Page_Automation Testing Site Log in to the site/div_Invalid login, please try again' are NOT matched.
	at com.kms.katalon.core.webui.keyword.internal.WebUIKeywordMain.stepFailed(WebUIKeywordMain.groovy:64)
	at com.kms.katalon.core.webui.keyword.builtin.VerifyElementTextKeyword$_verifyElementText_closure1.doCall(VerifyElementTextKeyword.groovy:57)
	at com.kms.katalon.core.webui.keyword.builtin.VerifyElementTextKeyword$_verifyElementText_closure1.call(VerifyElementTextKeyword.groovy)
	at com.kms.katalon.core.webui.keyword.internal.WebUIKeywordMain.runKeyword(WebUIKeywordMain.groovy:20)
	... 19 more
)
[[ATTACHMENT|E:\\MoodleTestByKatalon\\Reports\\20220115_214848\\Run all test cases\\20220115_214848\\1642259801802.png]]]]></system-out>
         <system-err><![CDATA[2022-01-15 22:15:07 - [TEST_CASE][FAILED] - Test Cases/Tạo 1 User mới/Kiểm tra việc tài khoản bị ban sau khi chọn Suspended account: Test Cases/Tạo 1 User mới/Kiểm tra việc tài khoản bị ban sau khi chọn Suspended account FAILED.
Reason:
com.kms.katalon.core.exception.StepFailedException: Verify element text of test object 'Object Repository/AddSuspendedUserAccount/Page_Automation Testing Site Log in to the site/div_Invalid login, please try again' FAILED.
	at com.kms.katalon.core.webui.keyword.internal.WebUIKeywordMain.stepFailed(WebUIKeywordMain.groovy:64)
	at com.kms.katalon.core.webui.keyword.internal.WebUIKeywordMain.runKeyword(WebUIKeywordMain.groovy:26)
	at com.kms.katalon.core.webui.keyword.builtin.VerifyElementTextKeyword.verifyElementText(VerifyElementTextKeyword.groovy:72)
	at com.kms.katalon.core.webui.keyword.builtin.VerifyElementTextKeyword.execute(VerifyElementTextKeyword.groovy:40)
	at com.kms.katalon.core.keyword.internal.KeywordExecutor.executeKeywordForPlatform(KeywordExecutor.groovy:74)
	at com.kms.katalon.core.webui.keyword.WebUiBuiltInKeywords.verifyElementText(WebUiBuiltInKeywords.groovy:4749)
	at com.kms.katalon.core.webui.keyword.WebUiBuiltInKeywords$verifyElementText$4.call(Unknown Source)
	at Kiểm tra việc tài khoản bị ban sau khi chọn Suspended account.run(Kiểm tra việc tài khoản bị ban sau khi chọn Suspended account:69)
	at com.kms.katalon.core.main.ScriptEngine.run(ScriptEngine.java:194)
	at com.kms.katalon.core.main.ScriptEngine.runScriptAsRawText(ScriptEngine.java:119)
	at com.kms.katalon.core.main.TestCaseExecutor.runScript(TestCaseExecutor.java:442)
	at com.kms.katalon.core.main.TestCaseExecutor.doExecute(TestCaseExecutor.java:433)
	at com.kms.katalon.core.main.TestCaseExecutor.processExecutionPhase(TestCaseExecutor.java:412)
	at com.kms.katalon.core.main.TestCaseExecutor.accessMainPhase(TestCaseExecutor.java:404)
	at com.kms.katalon.core.main.TestCaseExecutor.execute(TestCaseExecutor.java:281)
	at com.kms.katalon.core.main.TestSuiteExecutor.accessTestCaseMainPhase(TestSuiteExecutor.java:202)
	at com.kms.katalon.core.main.TestSuiteExecutor.accessTestSuiteMainPhase(TestSuiteExecutor.java:164)
	at com.kms.katalon.core.main.TestSuiteExecutor.execute(TestSuiteExecutor.java:105)
	at com.kms.katalon.core.main.TestCaseMain.startTestSuite(TestCaseMain.java:181)
	at com.kms.katalon.core.main.TestCaseMain$startTestSuite$0.call(Unknown Source)
	at TempTestSuite1642258128503.run(TempTestSuite1642258128503.groovy:36)
Caused by: com.kms.katalon.core.exception.StepFailedException: Actual text '' and expected text 'Invalid login, please try again' of test object 'Object Repository/AddSuspendedUserAccount/Page_Automation Testing Site Log in to the site/div_Invalid login, please try again' are NOT matched.
	at com.kms.katalon.core.webui.keyword.internal.WebUIKeywordMain.stepFailed(WebUIKeywordMain.groovy:64)
	at com.kms.katalon.core.webui.keyword.builtin.VerifyElementTextKeyword$_verifyElementText_closure1.doCall(VerifyElementTextKeyword.groovy:57)
	at com.kms.katalon.core.webui.keyword.builtin.VerifyElementTextKeyword$_verifyElementText_closure1.call(VerifyElementTextKeyword.groovy)
	at com.kms.katalon.core.webui.keyword.internal.WebUIKeywordMain.runKeyword(WebUIKeywordMain.groovy:20)
	... 19 more]]></system-err>
      </testcase>
      <testcase name="Test Cases/Tạo 1 User mới/Kiểm tra việc gán quyền thành công trong 1 course" time="22.548" classname="Test Cases/Tạo 1 User mới/Kiểm tra việc gán quyền thành công trong 1 course" status="PASSED">
         <system-out><![CDATA[2022-01-15 22:16:42 - [TEST_CASE][PASSED] - Test Cases/Tạo 1 User mới/Kiểm tra việc gán quyền thành công trong 1 course: Test Cases/Tạo 1 User mới/Kiểm tra việc gán quyền thành công trong 1 course

2022-01-15 22:16:42 - [TEST_STEP][PASSED] - callTestCase(findTestCase("Kiểm tra thẻ Site Administration/Đăng nhập thành công"), [:], STOP_ON_FAILURE): Call Test Case 'Test Cases/Kiểm tra thẻ Site Administration/Đăng nhập thành công' successfully

2022-01-15 22:16:42 - [TEST_CASE][PASSED] - Test Cases/Kiểm tra thẻ Site Administration/Đăng nhập thành công: Test Cases/Kiểm tra thẻ Site Administration/Đăng nhập thành công

2022-01-15 22:16:42 - [TEST_STEP][PASSED] - openBrowser(""): Browser is opened with url: ''

2022-01-15 22:16:42 - [MESSAGE][WARNING] - A browser is already opened. Closing browser and opening a new one

2022-01-15 22:16:43 - [MESSAGE][INFO] - Starting 'Edge Chromium' driver

2022-01-15 22:16:45 - [MESSAGE][INFO] - Action delay is set to 0 milliseconds

2022-01-15 22:16:46 - [MESSAGE][PASSED] - Browser is opened with url: ''

2022-01-15 22:16:46 - [TEST_STEP][PASSED] - navigateToUrl("http://localhost/"): Navigate to 'http://localhost/' successfully

2022-01-15 22:16:47 - [MESSAGE][PASSED] - Navigate to 'http://localhost/' successfully

2022-01-15 22:16:47 - [TEST_STEP][PASSED] - click(findTestObject("Object Repository/LoginObject/Page_Automation Testing Site/a_Log in")): Object: 'Object Repository/LoginObject/Page_Automation Testing Site/a_Log in' is clicked on

2022-01-15 22:16:47 - [MESSAGE][PASSED] - Object: 'Object Repository/LoginObject/Page_Automation Testing Site/a_Log in' is clicked on

2022-01-15 22:16:47 - [TEST_STEP][PASSED] - setText(findTestObject("Object Repository/LoginObject/Page_Automation Testing Site Log in to the site/input_Username_username"), "admin"): Text 'admin' is set on object 'Object Repository/LoginObject/Page_Automation Testing Site Log in to the site/input_Username_username'

2022-01-15 22:16:48 - [MESSAGE][PASSED] - Text 'admin' is set on object 'Object Repository/LoginObject/Page_Automation Testing Site Log in to the site/input_Username_username'

2022-01-15 22:16:48 - [TEST_STEP][PASSED] - setEncryptedText(findTestObject("Object Repository/LoginObject/Page_Automation Testing Site Log in to the site/input_Password_password"), "cnpXG5HhkrZpEXzNIGBMZQ=="): Text ****** has been set on object 'Object Repository/LoginObject/Page_Automation Testing Site Log in to the site/input_Password_password'

2022-01-15 22:16:49 - [MESSAGE][PASSED] - Text ****** has been set on object 'Object Repository/LoginObject/Page_Automation Testing Site Log in to the site/input_Password_password'

2022-01-15 22:16:49 - [TEST_STEP][PASSED] - click(findTestObject("Object Repository/LoginObject/Page_Automation Testing Site Log in to the site/button_Log in")): Object: 'Object Repository/LoginObject/Page_Automation Testing Site Log in to the site/button_Log in' is clicked on

2022-01-15 22:16:51 - [MESSAGE][PASSED] - Object: 'Object Repository/LoginObject/Page_Automation Testing Site Log in to the site/button_Log in' is clicked on

2022-01-15 22:16:51 - [TEST_STEP][PASSED] - verifyElementText(findTestObject("Object Repository/LoginObject/Page_Dashboard/span_Site administration"), "Site administration"): Actual text and expected text of test object 'Object Repository/LoginObject/Page_Dashboard/span_Site administration' are matched.

2022-01-15 22:16:52 - [MESSAGE][PASSED] - Actual text and expected text of test object 'Object Repository/LoginObject/Page_Dashboard/span_Site administration' are matched.

2022-01-15 22:16:52 - [MESSAGE][PASSED] - Call Test Case 'Test Cases/Kiểm tra thẻ Site Administration/Đăng nhập thành công' successfully

2022-01-15 22:16:52 - [TEST_STEP][PASSED] - click(findTestObject("Object Repository/AddToCourseObj/Page_Dashboard/span_Site home")): Object: 'Object Repository/AddToCourseObj/Page_Dashboard/span_Site home' is clicked on

2022-01-15 22:16:54 - [MESSAGE][PASSED] - Object: 'Object Repository/AddToCourseObj/Page_Dashboard/span_Site home' is clicked on

2022-01-15 22:16:54 - [TEST_STEP][PASSED] - click(findTestObject("Object Repository/AddToCourseObj/Page_Automation Testing Site/a_Sample Course For Permission")): Object: 'Object Repository/AddToCourseObj/Page_Automation Testing Site/a_Sample Course For Permission' is clicked on

2022-01-15 22:16:55 - [MESSAGE][PASSED] - Object: 'Object Repository/AddToCourseObj/Page_Automation Testing Site/a_Sample Course For Permission' is clicked on

2022-01-15 22:16:55 - [TEST_STEP][PASSED] - click(findTestObject("Object Repository/AddToCourseObj/Page_Course Sample Course For Permission/span_Participants")): Object: 'Object Repository/AddToCourseObj/Page_Course Sample Course For Permission/span_Participants' is clicked on

2022-01-15 22:16:57 - [MESSAGE][PASSED] - Object: 'Object Repository/AddToCourseObj/Page_Course Sample Course For Permission/span_Participants' is clicked on

2022-01-15 22:16:57 - [TEST_STEP][PASSED] - click(findTestObject("Object Repository/AddToCourseObj/Page_SampleC Participants/input_With selected users_btn btn-secondary my-1")): Object: 'Object Repository/AddToCourseObj/Page_SampleC Participants/input_With selected users_btn btn-secondary my-1' is clicked on

2022-01-15 22:16:57 - [MESSAGE][PASSED] - Object: 'Object Repository/AddToCourseObj/Page_SampleC Participants/input_With selected users_btn btn-secondary my-1' is clicked on

2022-01-15 22:16:57 - [TEST_STEP][PASSED] - selectOptionByValue(findTestObject("Object Repository/AddToCourseObj/Page_SampleC Participants/select_Manager            Teacher          _ffc00f"), "4", true): All options with value '4' are selected in object 'Object Repository/AddToCourseObj/Page_SampleC Participants/select_Manager            Teacher          _ffc00f'  using regular expression

2022-01-15 22:17:00 - [MESSAGE][PASSED] - All options with value '4' are selected in object 'Object Repository/AddToCourseObj/Page_SampleC Participants/select_Manager            Teacher          _ffc00f'  using regular expression

2022-01-15 22:17:00 - [TEST_STEP][PASSED] - click(findTestObject("Object Repository/AddToCourseObj/Page_SampleC Participants/span_")): Object: 'Object Repository/AddToCourseObj/Page_SampleC Participants/span_' is clicked on

2022-01-15 22:17:01 - [MESSAGE][PASSED] - Object: 'Object Repository/AddToCourseObj/Page_SampleC Participants/span_' is clicked on

2022-01-15 22:17:01 - [TEST_STEP][PASSED] - click(findTestObject("Object Repository/AddToCourseObj/Page_SampleC Participants/li_Quang Le1    testinggmail.com")): Object: 'Object Repository/AddToCourseObj/Page_SampleC Participants/li_Quang Le1    testinggmail.com' is clicked on

2022-01-15 22:17:02 - [MESSAGE][PASSED] - Object: 'Object Repository/AddToCourseObj/Page_SampleC Participants/li_Quang Le1    testinggmail.com' is clicked on

2022-01-15 22:17:02 - [TEST_STEP][PASSED] - click(findTestObject("Object Repository/AddToCourseObj/Page_SampleC Participants/button_Enrol users")): Object: 'Object Repository/AddToCourseObj/Page_SampleC Participants/button_Enrol users' is clicked on

2022-01-15 22:17:03 - [MESSAGE][PASSED] - Object: 'Object Repository/AddToCourseObj/Page_SampleC Participants/button_Enrol users' is clicked on

2022-01-15 22:17:03 - [TEST_STEP][PASSED] - verifyTextPresent("testing@gmail.com", false): Text 'testing@gmail.com' is present on page 

2022-01-15 22:17:04 - [MESSAGE][PASSED] - Text 'testing@gmail.com' is present on page]]></system-out>
         <system-err><![CDATA[]]></system-err>
      </testcase>
      <testcase name="Test Cases/Phần thiết lập khác/Test bộ lọc trong User của Moodle" time="88.484" classname="Test Cases/Phần thiết lập khác/Test bộ lọc trong User của Moodle" status="FAILED">
         <failure type="FAILED" message="Test Cases/Phần thiết lập khác/Test bộ lọc trong User của Moodle FAILED.
Reason:
com.kms.katalon.core.exception.StepFailedException: Unable to click on object 'Object Repository/TestFilter/Page_SiteTesting Administration Users Accou_36dc4d/input_concat(Email address starts with , , _fe21c5'
	at com.kms.katalon.core.webui.keyword.internal.WebUIKeywordMain.stepFailed(WebUIKeywordMain.groovy:64)
	at com.kms.katalon.core.webui.keyword.internal.WebUIKeywordMain.runKeyword(WebUIKeywordMain.groovy:26)
	at com.kms.katalon.core.webui.keyword.builtin.ClickKeyword.click(ClickKeyword.groovy:74)
	at com.kms.katalon.core.webui.keyword.builtin.ClickKeyword.execute(ClickKeyword.groovy:40)
	at com.kms.katalon.core.keyword.internal.KeywordExecutor.executeKeywordForPlatform(KeywordExecutor.groovy:74)
	at com.kms.katalon.core.webui.keyword.WebUiBuiltInKeywords.click(WebUiBuiltInKeywords.groovy:620)
	at com.kms.katalon.core.webui.keyword.WebUiBuiltInKeywords$click$1.call(Unknown Source)
	at Test bộ lọc trong User của Moodle.run(Test bộ lọc trong User của Moodle:45)
	at com.kms.katalon.core.main.ScriptEngine.run(ScriptEngine.java:194)
	at com.kms.katalon.core.main.ScriptEngine.runScriptAsRawText(ScriptEngine.java:119)
	at com.kms.katalon.core.main.TestCaseExecutor.runScript(TestCaseExecutor.java:442)
	at com.kms.katalon.core.main.TestCaseExecutor.doExecute(TestCaseExecutor.java:433)
	at com.kms.katalon.core.main.TestCaseExecutor.processExecutionPhase(TestCaseExecutor.java:412)
	at com.kms.katalon.core.main.TestCaseExecutor.accessMainPhase(TestCaseExecutor.java:404)
	at com.kms.katalon.core.main.TestCaseExecutor.execute(TestCaseExecutor.java:281)
	at com.kms.katalon.core.main.TestSuiteExecutor.accessTestCaseMainPhase(TestSuiteExecutor.java:202)
	at com.kms.katalon.core.main.TestSuiteExecutor.accessTestSuiteMainPhase(TestSuiteExecutor.java:164)
	at com.kms.katalon.core.main.TestSuiteExecutor.execute(TestSuiteExecutor.java:105)
	at com.kms.katalon.core.main.TestCaseMain.startTestSuite(TestCaseMain.java:181)
	at com.kms.katalon.core.main.TestCaseMain$startTestSuite$0.call(Unknown Source)
	at TempTestSuite1642258128503.run(TempTestSuite1642258128503.groovy:36)
Caused by: com.kms.katalon.core.webui.exception.WebElementNotFoundException: Web element with id: 'Object Repository/TestFilter/Page_SiteTesting Administration Users Accou_36dc4d/input_concat(Email address starts with , , _fe21c5' located by '//input[@id='id_removeall']' not found
	at com.kms.katalon.core.webui.common.WebUiCommonHelper.findWebElement(WebUiCommonHelper.java:1368)
	at com.kms.katalon.core.webui.keyword.internal.WebUIAbstractKeyword.findWebElement(WebUIAbstractKeyword.groovy:27)
	at com.kms.katalon.core.webui.keyword.builtin.ClickKeyword$_click_closure1.doCall(ClickKeyword.groovy:65)
	at com.kms.katalon.core.webui.keyword.builtin.ClickKeyword$_click_closure1.call(ClickKeyword.groovy)
	at com.kms.katalon.core.webui.keyword.internal.WebUIKeywordMain.runKeyword(WebUIKeywordMain.groovy:20)
	... 19 more
"/>
         <system-out><![CDATA[2022-01-15 22:17:04 - [TEST_CASE][FAILED] - Test Cases/Phần thiết lập khác/Test bộ lọc trong User của Moodle: Test Cases/Phần thiết lập khác/Test bộ lọc trong User của Moodle FAILED.
Reason:
com.kms.katalon.core.exception.StepFailedException: Unable to click on object 'Object Repository/TestFilter/Page_SiteTesting Administration Users Accou_36dc4d/input_concat(Email address starts with , , _fe21c5'
	at com.kms.katalon.core.webui.keyword.internal.WebUIKeywordMain.stepFailed(WebUIKeywordMain.groovy:64)
	at com.kms.katalon.core.webui.keyword.internal.WebUIKeywordMain.runKeyword(WebUIKeywordMain.groovy:26)
	at com.kms.katalon.core.webui.keyword.builtin.ClickKeyword.click(ClickKeyword.groovy:74)
	at com.kms.katalon.core.webui.keyword.builtin.ClickKeyword.execute(ClickKeyword.groovy:40)
	at com.kms.katalon.core.keyword.internal.KeywordExecutor.executeKeywordForPlatform(KeywordExecutor.groovy:74)
	at com.kms.katalon.core.webui.keyword.WebUiBuiltInKeywords.click(WebUiBuiltInKeywords.groovy:620)
	at com.kms.katalon.core.webui.keyword.WebUiBuiltInKeywords$click$1.call(Unknown Source)
	at Test bộ lọc trong User của Moodle.run(Test bộ lọc trong User của Moodle:45)
	at com.kms.katalon.core.main.ScriptEngine.run(ScriptEngine.java:194)
	at com.kms.katalon.core.main.ScriptEngine.runScriptAsRawText(ScriptEngine.java:119)
	at com.kms.katalon.core.main.TestCaseExecutor.runScript(TestCaseExecutor.java:442)
	at com.kms.katalon.core.main.TestCaseExecutor.doExecute(TestCaseExecutor.java:433)
	at com.kms.katalon.core.main.TestCaseExecutor.processExecutionPhase(TestCaseExecutor.java:412)
	at com.kms.katalon.core.main.TestCaseExecutor.accessMainPhase(TestCaseExecutor.java:404)
	at com.kms.katalon.core.main.TestCaseExecutor.execute(TestCaseExecutor.java:281)
	at com.kms.katalon.core.main.TestSuiteExecutor.accessTestCaseMainPhase(TestSuiteExecutor.java:202)
	at com.kms.katalon.core.main.TestSuiteExecutor.accessTestSuiteMainPhase(TestSuiteExecutor.java:164)
	at com.kms.katalon.core.main.TestSuiteExecutor.execute(TestSuiteExecutor.java:105)
	at com.kms.katalon.core.main.TestCaseMain.startTestSuite(TestCaseMain.java:181)
	at com.kms.katalon.core.main.TestCaseMain$startTestSuite$0.call(Unknown Source)
	at TempTestSuite1642258128503.run(TempTestSuite1642258128503.groovy:36)
Caused by: com.kms.katalon.core.webui.exception.WebElementNotFoundException: Web element with id: 'Object Repository/TestFilter/Page_SiteTesting Administration Users Accou_36dc4d/input_concat(Email address starts with , , _fe21c5' located by '//input[@id='id_removeall']' not found
	at com.kms.katalon.core.webui.common.WebUiCommonHelper.findWebElement(WebUiCommonHelper.java:1368)
	at com.kms.katalon.core.webui.keyword.internal.WebUIAbstractKeyword.findWebElement(WebUIAbstractKeyword.groovy:27)
	at com.kms.katalon.core.webui.keyword.builtin.ClickKeyword$_click_closure1.doCall(ClickKeyword.groovy:65)
	at com.kms.katalon.core.webui.keyword.builtin.ClickKeyword$_click_closure1.call(ClickKeyword.groovy)
	at com.kms.katalon.core.webui.keyword.internal.WebUIKeywordMain.runKeyword(WebUIKeywordMain.groovy:20)
	... 19 more


2022-01-15 22:17:05 - [TEST_STEP][PASSED] - callTestCase(findTestCase("Kiểm tra thẻ Site Administration/Đăng nhập thành công"), [:], STOP_ON_FAILURE): Call Test Case 'Test Cases/Kiểm tra thẻ Site Administration/Đăng nhập thành công' successfully

2022-01-15 22:17:05 - [TEST_CASE][PASSED] - Test Cases/Kiểm tra thẻ Site Administration/Đăng nhập thành công: Test Cases/Kiểm tra thẻ Site Administration/Đăng nhập thành công

2022-01-15 22:17:05 - [TEST_STEP][PASSED] - openBrowser(""): Browser is opened with url: ''

2022-01-15 22:17:05 - [MESSAGE][WARNING] - A browser is already opened. Closing browser and opening a new one

2022-01-15 22:17:06 - [MESSAGE][INFO] - Starting 'Edge Chromium' driver

2022-01-15 22:17:08 - [MESSAGE][INFO] - Action delay is set to 0 milliseconds

2022-01-15 22:17:09 - [MESSAGE][PASSED] - Browser is opened with url: ''

2022-01-15 22:17:09 - [TEST_STEP][PASSED] - navigateToUrl("http://localhost/"): Navigate to 'http://localhost/' successfully

2022-01-15 22:17:10 - [MESSAGE][PASSED] - Navigate to 'http://localhost/' successfully

2022-01-15 22:17:10 - [TEST_STEP][PASSED] - click(findTestObject("Object Repository/LoginObject/Page_Automation Testing Site/a_Log in")): Object: 'Object Repository/LoginObject/Page_Automation Testing Site/a_Log in' is clicked on

2022-01-15 22:17:11 - [MESSAGE][PASSED] - Object: 'Object Repository/LoginObject/Page_Automation Testing Site/a_Log in' is clicked on

2022-01-15 22:17:11 - [TEST_STEP][PASSED] - setText(findTestObject("Object Repository/LoginObject/Page_Automation Testing Site Log in to the site/input_Username_username"), "admin"): Text 'admin' is set on object 'Object Repository/LoginObject/Page_Automation Testing Site Log in to the site/input_Username_username'

2022-01-15 22:17:12 - [MESSAGE][PASSED] - Text 'admin' is set on object 'Object Repository/LoginObject/Page_Automation Testing Site Log in to the site/input_Username_username'

2022-01-15 22:17:12 - [TEST_STEP][PASSED] - setEncryptedText(findTestObject("Object Repository/LoginObject/Page_Automation Testing Site Log in to the site/input_Password_password"), "cnpXG5HhkrZpEXzNIGBMZQ=="): Text ****** has been set on object 'Object Repository/LoginObject/Page_Automation Testing Site Log in to the site/input_Password_password'

2022-01-15 22:17:12 - [MESSAGE][PASSED] - Text ****** has been set on object 'Object Repository/LoginObject/Page_Automation Testing Site Log in to the site/input_Password_password'

2022-01-15 22:17:12 - [TEST_STEP][PASSED] - click(findTestObject("Object Repository/LoginObject/Page_Automation Testing Site Log in to the site/button_Log in")): Object: 'Object Repository/LoginObject/Page_Automation Testing Site Log in to the site/button_Log in' is clicked on

2022-01-15 22:17:14 - [MESSAGE][PASSED] - Object: 'Object Repository/LoginObject/Page_Automation Testing Site Log in to the site/button_Log in' is clicked on

2022-01-15 22:17:14 - [TEST_STEP][PASSED] - verifyElementText(findTestObject("Object Repository/LoginObject/Page_Dashboard/span_Site administration"), "Site administration"): Actual text and expected text of test object 'Object Repository/LoginObject/Page_Dashboard/span_Site administration' are matched.

2022-01-15 22:17:16 - [MESSAGE][PASSED] - Actual text and expected text of test object 'Object Repository/LoginObject/Page_Dashboard/span_Site administration' are matched.

2022-01-15 22:17:16 - [MESSAGE][PASSED] - Call Test Case 'Test Cases/Kiểm tra thẻ Site Administration/Đăng nhập thành công' successfully

2022-01-15 22:17:16 - [TEST_STEP][PASSED] - click(findTestObject("Object Repository/TestFilter/Page_Dashboard/span_Site administration")): Object: 'Object Repository/TestFilter/Page_Dashboard/span_Site administration' is clicked on

2022-01-15 22:17:17 - [MESSAGE][PASSED] - Object: 'Object Repository/TestFilter/Page_Dashboard/span_Site administration' is clicked on

2022-01-15 22:17:17 - [TEST_STEP][PASSED] - navigateToUrl("http://localhost/admin/search.php"): Navigate to 'http://localhost/admin/search.php' successfully

2022-01-15 22:17:18 - [MESSAGE][PASSED] - Navigate to 'http://localhost/admin/search.php' successfully

2022-01-15 22:17:18 - [TEST_STEP][PASSED] - click(findTestObject("Object Repository/TestFilter/Page_SiteTesting Administration Search/a_Users")): Object: 'Object Repository/TestFilter/Page_SiteTesting Administration Search/a_Users' is clicked on

2022-01-15 22:17:19 - [MESSAGE][PASSED] - Object: 'Object Repository/TestFilter/Page_SiteTesting Administration Search/a_Users' is clicked on

2022-01-15 22:17:19 - [TEST_STEP][PASSED] - click(findTestObject("Object Repository/TestFilter/Page_SiteTesting Administration Search/a_Browse list of users")): Object: 'Object Repository/TestFilter/Page_SiteTesting Administration Search/a_Browse list of users' is clicked on

2022-01-15 22:17:20 - [MESSAGE][PASSED] - Object: 'Object Repository/TestFilter/Page_SiteTesting Administration Search/a_Browse list of users' is clicked on

2022-01-15 22:17:20 - [TEST_STEP][PASSED] - click(findTestObject("Object Repository/TestFilter/Page_SiteTesting Administration Users Accou_36dc4d/a_Show more")): Object: 'Object Repository/TestFilter/Page_SiteTesting Administration Users Accou_36dc4d/a_Show more' is clicked on

2022-01-15 22:17:21 - [MESSAGE][PASSED] - Object: 'Object Repository/TestFilter/Page_SiteTesting Administration Users Accou_36dc4d/a_Show more' is clicked on

2022-01-15 22:17:21 - [TEST_STEP][PASSED] - setText(findTestObject("Object Repository/TestFilter/Page_SiteTesting Administration Users Accou_36dc4d/input_User full name value_realname"), "Quang"): Text 'Quang' is set on object 'Object Repository/TestFilter/Page_SiteTesting Administration Users Accou_36dc4d/input_User full name value_realname'

2022-01-15 22:17:22 - [MESSAGE][PASSED] - Text 'Quang' is set on object 'Object Repository/TestFilter/Page_SiteTesting Administration Users Accou_36dc4d/input_User full name value_realname'

2022-01-15 22:17:22 - [TEST_STEP][PASSED] - selectOptionByValue(findTestObject("Object Repository/TestFilter/Page_SiteTesting Administration Users Accou_36dc4d/select_contains        doesnt contain      _4edb1a"), "3", true): All options with value '3' are selected in object 'Object Repository/TestFilter/Page_SiteTesting Administration Users Accou_36dc4d/select_contains        doesnt contain      _4edb1a'  using regular expression

2022-01-15 22:17:23 - [MESSAGE][PASSED] - All options with value '3' are selected in object 'Object Repository/TestFilter/Page_SiteTesting Administration Users Accou_36dc4d/select_contains        doesnt contain      _4edb1a'  using regular expression

2022-01-15 22:17:23 - [TEST_STEP][PASSED] - setText(findTestObject("Object Repository/TestFilter/Page_SiteTesting Administration Users Accou_36dc4d/input_Email address value_email"), "testing_des"): Text 'testing_des' is set on object 'Object Repository/TestFilter/Page_SiteTesting Administration Users Accou_36dc4d/input_Email address value_email'

2022-01-15 22:17:24 - [MESSAGE][PASSED] - Text 'testing_des' is set on object 'Object Repository/TestFilter/Page_SiteTesting Administration Users Accou_36dc4d/input_Email address value_email'

2022-01-15 22:17:24 - [TEST_STEP][PASSED] - click(findTestObject("Object Repository/TestFilter/Page_SiteTesting Administration Users Accou_36dc4d/input_Last IP address value_addfilter")): Object: 'Object Repository/TestFilter/Page_SiteTesting Administration Users Accou_36dc4d/input_Last IP address value_addfilter' is clicked on

2022-01-15 22:17:55 - [MESSAGE][INFO] - Unable to find the element located by 'By.xpath: //input[@id='id_addfilter']'. Please recheck the objects properties to make sure the desired element is located. 

2022-01-15 22:17:55 - [MESSAGE][WARNING] - [SELF-HEALING] Failed to find element with id 'Object Repository/TestFilter/Page_SiteTesting Administration Users Accou_36dc4d/input_Last IP address value_addfilter'. Try using Self-healing.

2022-01-15 22:17:55 - [MESSAGE][WARNING] - [SELF-HEALING] The current locator of test object 'Object Repository/TestFilter/Page_SiteTesting Administration Users Accou_36dc4d/input_Last IP address value_addfilter' was broken. Propose an alternative one: '//div[4]/div[2]/fieldset/div/div/span/input'.

2022-01-15 22:17:56 - [MESSAGE][PASSED] - Object: 'Object Repository/TestFilter/Page_SiteTesting Administration Users Accou_36dc4d/input_Last IP address value_addfilter' is clicked on

2022-01-15 22:17:56 - [TEST_STEP][PASSED] - verifyTextPresent("testing_description@gmail.com", false): Text 'testing_description@gmail.com' is present on page 

2022-01-15 22:17:57 - [MESSAGE][PASSED] - Text 'testing_description@gmail.com' is present on page 

2022-01-15 22:17:57 - [TEST_STEP][FAILED] - click(findTestObject("Object Repository/TestFilter/Page_SiteTesting Administration Users Accou_36dc4d/input_concat(Email address starts with , , _fe21c5")): Unable to click on object 'Object Repository/TestFilter/Page_SiteTesting Administration Users Accou_36dc4d/input_concat(Email address starts with , , _fe21c5' (Root cause: com.kms.katalon.core.exception.StepFailedException: Unable to click on object 'Object Repository/TestFilter/Page_SiteTesting Administration Users Accou_36dc4d/input_concat(Email address starts with , , _fe21c5'
	at com.kms.katalon.core.webui.keyword.internal.WebUIKeywordMain.stepFailed(WebUIKeywordMain.groovy:64)
	at com.kms.katalon.core.webui.keyword.internal.WebUIKeywordMain.runKeyword(WebUIKeywordMain.groovy:26)
	at com.kms.katalon.core.webui.keyword.builtin.ClickKeyword.click(ClickKeyword.groovy:74)
	at com.kms.katalon.core.webui.keyword.builtin.ClickKeyword.execute(ClickKeyword.groovy:40)
	at com.kms.katalon.core.keyword.internal.KeywordExecutor.executeKeywordForPlatform(KeywordExecutor.groovy:74)
	at com.kms.katalon.core.webui.keyword.WebUiBuiltInKeywords.click(WebUiBuiltInKeywords.groovy:620)
	at com.kms.katalon.core.webui.keyword.WebUiBuiltInKeywords$click$1.call(Unknown Source)
	at Test bộ lọc trong User của Moodle.run(Test bộ lọc trong User của Moodle:45)
	at com.kms.katalon.core.main.ScriptEngine.run(ScriptEngine.java:194)
	at com.kms.katalon.core.main.ScriptEngine.runScriptAsRawText(ScriptEngine.java:119)
	at com.kms.katalon.core.main.TestCaseExecutor.runScript(TestCaseExecutor.java:442)
	at com.kms.katalon.core.main.TestCaseExecutor.doExecute(TestCaseExecutor.java:433)
	at com.kms.katalon.core.main.TestCaseExecutor.processExecutionPhase(TestCaseExecutor.java:412)
	at com.kms.katalon.core.main.TestCaseExecutor.accessMainPhase(TestCaseExecutor.java:404)
	at com.kms.katalon.core.main.TestCaseExecutor.execute(TestCaseExecutor.java:281)
	at com.kms.katalon.core.main.TestSuiteExecutor.accessTestCaseMainPhase(TestSuiteExecutor.java:202)
	at com.kms.katalon.core.main.TestSuiteExecutor.accessTestSuiteMainPhase(TestSuiteExecutor.java:164)
	at com.kms.katalon.core.main.TestSuiteExecutor.execute(TestSuiteExecutor.java:105)
	at com.kms.katalon.core.main.TestCaseMain.startTestSuite(TestCaseMain.java:181)
	at com.kms.katalon.core.main.TestCaseMain$startTestSuite$0.call(Unknown Source)
	at TempTestSuite1642258128503.run(TempTestSuite1642258128503.groovy:36)
Caused by: com.kms.katalon.core.webui.exception.WebElementNotFoundException: Web element with id: 'Object Repository/TestFilter/Page_SiteTesting Administration Users Accou_36dc4d/input_concat(Email address starts with , , _fe21c5' located by '//input[@id='id_removeall']' not found
	at com.kms.katalon.core.webui.common.WebUiCommonHelper.findWebElement(WebUiCommonHelper.java:1368)
	at com.kms.katalon.core.webui.keyword.internal.WebUIAbstractKeyword.findWebElement(WebUIAbstractKeyword.groovy:27)
	at com.kms.katalon.core.webui.keyword.builtin.ClickKeyword$_click_closure1.doCall(ClickKeyword.groovy:65)
	at com.kms.katalon.core.webui.keyword.builtin.ClickKeyword$_click_closure1.call(ClickKeyword.groovy)
	at com.kms.katalon.core.webui.keyword.internal.WebUIKeywordMain.runKeyword(WebUIKeywordMain.groovy:20)
	at com.kms.katalon.core.webui.keyword.builtin.ClickKeyword.click(ClickKeyword.groovy:74)
	at com.kms.katalon.core.webui.keyword.builtin.ClickKeyword.execute(ClickKeyword.groovy:40)
	at com.kms.katalon.core.keyword.internal.KeywordExecutor.executeKeywordForPlatform(KeywordExecutor.groovy:74)
	at com.kms.katalon.core.webui.keyword.WebUiBuiltInKeywords.click(WebUiBuiltInKeywords.groovy:620)
	at com.kms.katalon.core.webui.keyword.WebUiBuiltInKeywords$click$1.call(Unknown Source)
	at Script1641949664159.run(Script1641949664159.groovy:45)
	... 13 more
)

2022-01-15 22:18:29 - [MESSAGE][INFO] - Unable to find the element located by 'By.xpath: //input[@id='id_removeall']'. Please recheck the objects properties to make sure the desired element is located. 

2022-01-15 22:18:29 - [MESSAGE][WARNING] - [SELF-HEALING] Failed to find element with id 'Object Repository/TestFilter/Page_SiteTesting Administration Users Accou_36dc4d/input_concat(Email address starts with , , _fe21c5'. Try using Self-healing.

2022-01-15 22:18:29 - [MESSAGE][INFO] - [SELF-HEALING] Failed Locator: '//input[@id='id_removeall']'.

2022-01-15 22:18:29 - [MESSAGE][INFO] - [SELF-HEALING] Failed Locator: '//span[@id='yui_3_17_2_1_1641950409776_571']/input'.

2022-01-15 22:18:29 - [MESSAGE][INFO] - [SELF-HEALING] Failed Locator: '//fieldset/div/div[3]/div[2]/fieldset/div/div[2]/span/input'.

2022-01-15 22:18:30 - [MESSAGE][INFO] - [SELF-HEALING] Failed Locator: '//input[@id='id_removeall']'.

2022-01-15 22:18:30 - [MESSAGE][INFO] - [SELF-HEALING] Failed Locator: '//span[@id='yui_3_17_2_1_1641950409776_571']/input'.

2022-01-15 22:18:30 - [MESSAGE][INFO] - [SELF-HEALING] Failed Locator: '//fieldset/div/div[3]/div[2]/fieldset/div/div[2]/span/input'.

2022-01-15 22:18:31 - [MESSAGE][INFO] - Unable to find the element located by 'By.xpath: //*[@type = 'submit' and @name = 'removeall' and @id = 'id_removeall']'. Please recheck the objects properties to make sure the desired element is located. 

2022-01-15 22:18:32 - [MESSAGE][INFO] - Unable to find the element located by 'By.cssSelector: #id_removeall'. Please recheck the objects properties to make sure the desired element is located. 

2022-01-15 22:18:33 - [MESSAGE][FAILED] - Unable to click on object 'Object Repository/TestFilter/Page_SiteTesting Administration Users Accou_36dc4d/input_concat(Email address starts with , , _fe21c5' (Root cause: com.kms.katalon.core.exception.StepFailedException: Unable to click on object 'Object Repository/TestFilter/Page_SiteTesting Administration Users Accou_36dc4d/input_concat(Email address starts with , , _fe21c5'
	at com.kms.katalon.core.webui.keyword.internal.WebUIKeywordMain.stepFailed(WebUIKeywordMain.groovy:64)
	at com.kms.katalon.core.webui.keyword.internal.WebUIKeywordMain.runKeyword(WebUIKeywordMain.groovy:26)
	at com.kms.katalon.core.webui.keyword.builtin.ClickKeyword.click(ClickKeyword.groovy:74)
	at com.kms.katalon.core.webui.keyword.builtin.ClickKeyword.execute(ClickKeyword.groovy:40)
	at com.kms.katalon.core.keyword.internal.KeywordExecutor.executeKeywordForPlatform(KeywordExecutor.groovy:74)
	at com.kms.katalon.core.webui.keyword.WebUiBuiltInKeywords.click(WebUiBuiltInKeywords.groovy:620)
	at com.kms.katalon.core.webui.keyword.WebUiBuiltInKeywords$click$1.call(Unknown Source)
	at Test bộ lọc trong User của Moodle.run(Test bộ lọc trong User của Moodle:45)
	at com.kms.katalon.core.main.ScriptEngine.run(ScriptEngine.java:194)
	at com.kms.katalon.core.main.ScriptEngine.runScriptAsRawText(ScriptEngine.java:119)
	at com.kms.katalon.core.main.TestCaseExecutor.runScript(TestCaseExecutor.java:442)
	at com.kms.katalon.core.main.TestCaseExecutor.doExecute(TestCaseExecutor.java:433)
	at com.kms.katalon.core.main.TestCaseExecutor.processExecutionPhase(TestCaseExecutor.java:412)
	at com.kms.katalon.core.main.TestCaseExecutor.accessMainPhase(TestCaseExecutor.java:404)
	at com.kms.katalon.core.main.TestCaseExecutor.execute(TestCaseExecutor.java:281)
	at com.kms.katalon.core.main.TestSuiteExecutor.accessTestCaseMainPhase(TestSuiteExecutor.java:202)
	at com.kms.katalon.core.main.TestSuiteExecutor.accessTestSuiteMainPhase(TestSuiteExecutor.java:164)
	at com.kms.katalon.core.main.TestSuiteExecutor.execute(TestSuiteExecutor.java:105)
	at com.kms.katalon.core.main.TestCaseMain.startTestSuite(TestCaseMain.java:181)
	at com.kms.katalon.core.main.TestCaseMain$startTestSuite$0.call(Unknown Source)
	at TempTestSuite1642258128503.run(TempTestSuite1642258128503.groovy:36)
Caused by: com.kms.katalon.core.webui.exception.WebElementNotFoundException: Web element with id: 'Object Repository/TestFilter/Page_SiteTesting Administration Users Accou_36dc4d/input_concat(Email address starts with , , _fe21c5' located by '//input[@id='id_removeall']' not found
	at com.kms.katalon.core.webui.common.WebUiCommonHelper.findWebElement(WebUiCommonHelper.java:1368)
	at com.kms.katalon.core.webui.keyword.internal.WebUIAbstractKeyword.findWebElement(WebUIAbstractKeyword.groovy:27)
	at com.kms.katalon.core.webui.keyword.builtin.ClickKeyword$_click_closure1.doCall(ClickKeyword.groovy:65)
	at com.kms.katalon.core.webui.keyword.builtin.ClickKeyword$_click_closure1.call(ClickKeyword.groovy)
	at com.kms.katalon.core.webui.keyword.internal.WebUIKeywordMain.runKeyword(WebUIKeywordMain.groovy:20)
	at com.kms.katalon.core.webui.keyword.builtin.ClickKeyword.click(ClickKeyword.groovy:74)
	at com.kms.katalon.core.webui.keyword.builtin.ClickKeyword.execute(ClickKeyword.groovy:40)
	at com.kms.katalon.core.keyword.internal.KeywordExecutor.executeKeywordForPlatform(KeywordExecutor.groovy:74)
	at com.kms.katalon.core.webui.keyword.WebUiBuiltInKeywords.click(WebUiBuiltInKeywords.groovy:620)
	at com.kms.katalon.core.webui.keyword.WebUiBuiltInKeywords$click$1.call(Unknown Source)
	at Script1641949664159.run(Script1641949664159.groovy:45)
	... 13 more
)
[[ATTACHMENT|E:\\MoodleTestByKatalon\\Reports\\20220115_214848\\Run all test cases\\20220115_214848\\1642259912947.png]]]]></system-out>
         <system-err><![CDATA[2022-01-15 22:17:04 - [TEST_CASE][FAILED] - Test Cases/Phần thiết lập khác/Test bộ lọc trong User của Moodle: Test Cases/Phần thiết lập khác/Test bộ lọc trong User của Moodle FAILED.
Reason:
com.kms.katalon.core.exception.StepFailedException: Unable to click on object 'Object Repository/TestFilter/Page_SiteTesting Administration Users Accou_36dc4d/input_concat(Email address starts with , , _fe21c5'
	at com.kms.katalon.core.webui.keyword.internal.WebUIKeywordMain.stepFailed(WebUIKeywordMain.groovy:64)
	at com.kms.katalon.core.webui.keyword.internal.WebUIKeywordMain.runKeyword(WebUIKeywordMain.groovy:26)
	at com.kms.katalon.core.webui.keyword.builtin.ClickKeyword.click(ClickKeyword.groovy:74)
	at com.kms.katalon.core.webui.keyword.builtin.ClickKeyword.execute(ClickKeyword.groovy:40)
	at com.kms.katalon.core.keyword.internal.KeywordExecutor.executeKeywordForPlatform(KeywordExecutor.groovy:74)
	at com.kms.katalon.core.webui.keyword.WebUiBuiltInKeywords.click(WebUiBuiltInKeywords.groovy:620)
	at com.kms.katalon.core.webui.keyword.WebUiBuiltInKeywords$click$1.call(Unknown Source)
	at Test bộ lọc trong User của Moodle.run(Test bộ lọc trong User của Moodle:45)
	at com.kms.katalon.core.main.ScriptEngine.run(ScriptEngine.java:194)
	at com.kms.katalon.core.main.ScriptEngine.runScriptAsRawText(ScriptEngine.java:119)
	at com.kms.katalon.core.main.TestCaseExecutor.runScript(TestCaseExecutor.java:442)
	at com.kms.katalon.core.main.TestCaseExecutor.doExecute(TestCaseExecutor.java:433)
	at com.kms.katalon.core.main.TestCaseExecutor.processExecutionPhase(TestCaseExecutor.java:412)
	at com.kms.katalon.core.main.TestCaseExecutor.accessMainPhase(TestCaseExecutor.java:404)
	at com.kms.katalon.core.main.TestCaseExecutor.execute(TestCaseExecutor.java:281)
	at com.kms.katalon.core.main.TestSuiteExecutor.accessTestCaseMainPhase(TestSuiteExecutor.java:202)
	at com.kms.katalon.core.main.TestSuiteExecutor.accessTestSuiteMainPhase(TestSuiteExecutor.java:164)
	at com.kms.katalon.core.main.TestSuiteExecutor.execute(TestSuiteExecutor.java:105)
	at com.kms.katalon.core.main.TestCaseMain.startTestSuite(TestCaseMain.java:181)
	at com.kms.katalon.core.main.TestCaseMain$startTestSuite$0.call(Unknown Source)
	at TempTestSuite1642258128503.run(TempTestSuite1642258128503.groovy:36)
Caused by: com.kms.katalon.core.webui.exception.WebElementNotFoundException: Web element with id: 'Object Repository/TestFilter/Page_SiteTesting Administration Users Accou_36dc4d/input_concat(Email address starts with , , _fe21c5' located by '//input[@id='id_removeall']' not found
	at com.kms.katalon.core.webui.common.WebUiCommonHelper.findWebElement(WebUiCommonHelper.java:1368)
	at com.kms.katalon.core.webui.keyword.internal.WebUIAbstractKeyword.findWebElement(WebUIAbstractKeyword.groovy:27)
	at com.kms.katalon.core.webui.keyword.builtin.ClickKeyword$_click_closure1.doCall(ClickKeyword.groovy:65)
	at com.kms.katalon.core.webui.keyword.builtin.ClickKeyword$_click_closure1.call(ClickKeyword.groovy)
	at com.kms.katalon.core.webui.keyword.internal.WebUIKeywordMain.runKeyword(WebUIKeywordMain.groovy:20)
	... 19 more]]></system-err>
      </testcase>
      <testcase name="Test Cases/NewCategory/1. Add category with blank fields" time="20.013" classname="Test Cases/NewCategory/1. Add category with blank fields" status="PASSED">
         <system-out><![CDATA[2022-01-15 22:18:33 - [TEST_CASE][PASSED] - Test Cases/NewCategory/1. Add category with blank fields: Test Cases/NewCategory/1. Add category with blank fields

2022-01-15 22:18:33 - [TEST_STEP][PASSED] - openBrowser(""): Browser is opened with url: ''

2022-01-15 22:18:33 - [MESSAGE][WARNING] - A browser is already opened. Closing browser and opening a new one

2022-01-15 22:18:34 - [MESSAGE][INFO] - Starting 'Edge Chromium' driver

2022-01-15 22:18:36 - [MESSAGE][INFO] - Action delay is set to 0 milliseconds

2022-01-15 22:18:37 - [MESSAGE][PASSED] - Browser is opened with url: ''

2022-01-15 22:18:37 - [TEST_STEP][PASSED] - navigateToUrl("http://localhost/"): Navigate to 'http://localhost/' successfully

2022-01-15 22:18:39 - [MESSAGE][PASSED] - Navigate to 'http://localhost/' successfully

2022-01-15 22:18:39 - [TEST_STEP][PASSED] - click(findTestObject("Object Repository/NewCategory/Page_Automation Testing Site/a_Log in")): Object: 'Object Repository/NewCategory/Page_Automation Testing Site/a_Log in' is clicked on

2022-01-15 22:18:40 - [MESSAGE][PASSED] - Object: 'Object Repository/NewCategory/Page_Automation Testing Site/a_Log in' is clicked on

2022-01-15 22:18:40 - [TEST_STEP][PASSED] - setText(findTestObject("Object Repository/NewCategory/Page_Automation Testing Site Log in to the site/input_Username_username"), "admin"): Text 'admin' is set on object 'Object Repository/NewCategory/Page_Automation Testing Site Log in to the site/input_Username_username'

2022-01-15 22:18:41 - [MESSAGE][PASSED] - Text 'admin' is set on object 'Object Repository/NewCategory/Page_Automation Testing Site Log in to the site/input_Username_username'

2022-01-15 22:18:41 - [TEST_STEP][PASSED] - setEncryptedText(findTestObject("Object Repository/NewCategory/Page_Automation Testing Site Log in to the site/input_Password_password"), "cnpXG5HhkrZpEXzNIGBMZQ=="): Text ****** has been set on object 'Object Repository/NewCategory/Page_Automation Testing Site Log in to the site/input_Password_password'

2022-01-15 22:18:42 - [MESSAGE][PASSED] - Text ****** has been set on object 'Object Repository/NewCategory/Page_Automation Testing Site Log in to the site/input_Password_password'

2022-01-15 22:18:42 - [TEST_STEP][PASSED] - click(findTestObject("Object Repository/NewCategory/Page_Automation Testing Site Log in to the site/button_Log in")): Object: 'Object Repository/NewCategory/Page_Automation Testing Site Log in to the site/button_Log in' is clicked on

2022-01-15 22:18:44 - [MESSAGE][PASSED] - Object: 'Object Repository/NewCategory/Page_Automation Testing Site Log in to the site/button_Log in' is clicked on

2022-01-15 22:18:44 - [TEST_STEP][PASSED] - click(findTestObject("Object Repository/NewCategory/Page_Dashboard/span_Site administration")): Object: 'Object Repository/NewCategory/Page_Dashboard/span_Site administration' is clicked on

2022-01-15 22:18:46 - [MESSAGE][PASSED] - Object: 'Object Repository/NewCategory/Page_Dashboard/span_Site administration' is clicked on

2022-01-15 22:18:46 - [TEST_STEP][PASSED] - click(findTestObject("Object Repository/NewCategory/Page_SiteTesting Administration Search/a_Courses")): Object: 'Object Repository/NewCategory/Page_SiteTesting Administration Search/a_Courses' is clicked on

2022-01-15 22:18:47 - [MESSAGE][PASSED] - Object: 'Object Repository/NewCategory/Page_SiteTesting Administration Search/a_Courses' is clicked on

2022-01-15 22:18:47 - [TEST_STEP][PASSED] - click(findTestObject("Object Repository/NewCategory/Page_SiteTesting Administration Search/a_Add a category")): Object: 'Object Repository/NewCategory/Page_SiteTesting Administration Search/a_Add a category' is clicked on

2022-01-15 22:18:49 - [MESSAGE][PASSED] - Object: 'Object Repository/NewCategory/Page_SiteTesting Administration Search/a_Add a category' is clicked on

2022-01-15 22:18:49 - [TEST_STEP][PASSED] - click(findTestObject("Object Repository/NewCategory/Page_SiteTesting Add new category/input_Description_submitbutton")): Object: 'Object Repository/NewCategory/Page_SiteTesting Add new category/input_Description_submitbutton' is clicked on

2022-01-15 22:18:51 - [MESSAGE][PASSED] - Object: 'Object Repository/NewCategory/Page_SiteTesting Add new category/input_Description_submitbutton' is clicked on

2022-01-15 22:18:51 - [TEST_STEP][PASSED] - verifyElementText(findTestObject("Object Repository/NewCategory/Page_SiteTesting Add new category/div_Required"), "Required"): Actual text and expected text of test object 'Object Repository/NewCategory/Page_SiteTesting Add new category/div_Required' are matched.

2022-01-15 22:18:52 - [MESSAGE][PASSED] - Actual text and expected text of test object 'Object Repository/NewCategory/Page_SiteTesting Add new category/div_Required' are matched.

2022-01-15 22:18:52 - [TEST_STEP][PASSED] - closeBrowser(STOP_ON_FAILURE): Browser is closed

2022-01-15 22:18:53 - [MESSAGE][PASSED] - Browser is closed]]></system-out>
         <system-err><![CDATA[]]></system-err>
      </testcase>
      <testcase name="Test Cases/NewCategory/2. Create successful" time="20.56" classname="Test Cases/NewCategory/2. Create successful" status="PASSED">
         <system-out><![CDATA[2022-01-15 22:18:53 - [TEST_CASE][PASSED] - Test Cases/NewCategory/2. Create successful: Test Cases/NewCategory/2. Create successful

2022-01-15 22:18:53 - [TEST_STEP][PASSED] - openBrowser(""): Browser is opened with url: ''

2022-01-15 22:18:53 - [MESSAGE][INFO] - Starting 'Edge Chromium' driver

2022-01-15 22:18:55 - [MESSAGE][INFO] - Action delay is set to 0 milliseconds

2022-01-15 22:18:56 - [MESSAGE][PASSED] - Browser is opened with url: ''

2022-01-15 22:18:56 - [TEST_STEP][PASSED] - navigateToUrl("http://localhost/"): Navigate to 'http://localhost/' successfully

2022-01-15 22:18:57 - [MESSAGE][PASSED] - Navigate to 'http://localhost/' successfully

2022-01-15 22:18:57 - [TEST_STEP][PASSED] - click(findTestObject("Object Repository/NewCategory/Page_Automation Testing Site/a_Log in")): Object: 'Object Repository/NewCategory/Page_Automation Testing Site/a_Log in' is clicked on

2022-01-15 22:18:58 - [MESSAGE][PASSED] - Object: 'Object Repository/NewCategory/Page_Automation Testing Site/a_Log in' is clicked on

2022-01-15 22:18:58 - [TEST_STEP][PASSED] - setText(findTestObject("Object Repository/NewCategory/Page_Automation Testing Site Log in to the site/input_Username_username"), "admin"): Text 'admin' is set on object 'Object Repository/NewCategory/Page_Automation Testing Site Log in to the site/input_Username_username'

2022-01-15 22:18:59 - [MESSAGE][PASSED] - Text 'admin' is set on object 'Object Repository/NewCategory/Page_Automation Testing Site Log in to the site/input_Username_username'

2022-01-15 22:18:59 - [TEST_STEP][PASSED] - setEncryptedText(findTestObject("Object Repository/NewCategory/Page_Automation Testing Site Log in to the site/input_Password_password"), "cnpXG5HhkrZpEXzNIGBMZQ=="): Text ****** has been set on object 'Object Repository/NewCategory/Page_Automation Testing Site Log in to the site/input_Password_password'

2022-01-15 22:19:00 - [MESSAGE][PASSED] - Text ****** has been set on object 'Object Repository/NewCategory/Page_Automation Testing Site Log in to the site/input_Password_password'

2022-01-15 22:19:00 - [TEST_STEP][PASSED] - click(findTestObject("Object Repository/NewCategory/Page_Automation Testing Site Log in to the site/button_Log in")): Object: 'Object Repository/NewCategory/Page_Automation Testing Site Log in to the site/button_Log in' is clicked on

2022-01-15 22:19:02 - [MESSAGE][PASSED] - Object: 'Object Repository/NewCategory/Page_Automation Testing Site Log in to the site/button_Log in' is clicked on

2022-01-15 22:19:02 - [TEST_STEP][PASSED] - click(findTestObject("Object Repository/NewCategory/Page_Dashboard/span_Site administration")): Object: 'Object Repository/NewCategory/Page_Dashboard/span_Site administration' is clicked on

2022-01-15 22:19:05 - [MESSAGE][PASSED] - Object: 'Object Repository/NewCategory/Page_Dashboard/span_Site administration' is clicked on

2022-01-15 22:19:05 - [TEST_STEP][PASSED] - click(findTestObject("Object Repository/NewCategory/Page_SiteTesting Administration Search/a_Courses")): Object: 'Object Repository/NewCategory/Page_SiteTesting Administration Search/a_Courses' is clicked on

2022-01-15 22:19:06 - [MESSAGE][PASSED] - Object: 'Object Repository/NewCategory/Page_SiteTesting Administration Search/a_Courses' is clicked on

2022-01-15 22:19:06 - [TEST_STEP][PASSED] - click(findTestObject("Object Repository/NewCategory/Page_SiteTesting Administration Search/a_Add a category")): Object: 'Object Repository/NewCategory/Page_SiteTesting Administration Search/a_Add a category' is clicked on

2022-01-15 22:19:07 - [MESSAGE][PASSED] - Object: 'Object Repository/NewCategory/Page_SiteTesting Administration Search/a_Add a category' is clicked on

2022-01-15 22:19:07 - [TEST_STEP][PASSED] - setText(findTestObject("Object Repository/NewCategory/Page_SiteTesting Add new category/input_Category name_name"), "test"): Text 'test' is set on object 'Object Repository/NewCategory/Page_SiteTesting Add new category/input_Category name_name'

2022-01-15 22:19:09 - [MESSAGE][PASSED] - Text 'test' is set on object 'Object Repository/NewCategory/Page_SiteTesting Add new category/input_Category name_name'

2022-01-15 22:19:09 - [TEST_STEP][PASSED] - setText(findTestObject("Object Repository/NewCategory/Page_SiteTesting Add new category/input_Category ID number_idnumber"), "1234"): Text '1234' is set on object 'Object Repository/NewCategory/Page_SiteTesting Add new category/input_Category ID number_idnumber'

2022-01-15 22:19:10 - [MESSAGE][PASSED] - Text '1234' is set on object 'Object Repository/NewCategory/Page_SiteTesting Add new category/input_Category ID number_idnumber'

2022-01-15 22:19:10 - [TEST_STEP][PASSED] - click(findTestObject("Object Repository/NewCategory/Page_SiteTesting Add new category/input_Description_submitbutton")): Object: 'Object Repository/NewCategory/Page_SiteTesting Add new category/input_Description_submitbutton' is clicked on

2022-01-15 22:19:12 - [MESSAGE][PASSED] - Object: 'Object Repository/NewCategory/Page_SiteTesting Add new category/input_Description_submitbutton' is clicked on

2022-01-15 22:19:12 - [TEST_STEP][PASSED] - verifyElementText(findTestObject("Object Repository/NewCategory/Page_Course and category management/h2_Course and category management"), "Course and category management"): Actual text and expected text of test object 'Object Repository/NewCategory/Page_Course and category management/h2_Course and category management' are matched.

2022-01-15 22:19:12 - [MESSAGE][PASSED] - Actual text and expected text of test object 'Object Repository/NewCategory/Page_Course and category management/h2_Course and category management' are matched.

2022-01-15 22:19:12 - [TEST_STEP][PASSED] - closeBrowser(STOP_ON_FAILURE): Browser is closed

2022-01-15 22:19:13 - [MESSAGE][PASSED] - Browser is closed]]></system-out>
         <system-err><![CDATA[]]></system-err>
      </testcase>
      <testcase name="Test Cases/NewCategory/3. Duplicate ID" time="20.158" classname="Test Cases/NewCategory/3. Duplicate ID" status="PASSED">
         <system-out><![CDATA[2022-01-15 22:19:13 - [TEST_CASE][PASSED] - Test Cases/NewCategory/3. Duplicate ID: Test Cases/NewCategory/3. Duplicate ID

2022-01-15 22:19:13 - [TEST_STEP][PASSED] - openBrowser(""): Browser is opened with url: ''

2022-01-15 22:19:13 - [MESSAGE][INFO] - Starting 'Edge Chromium' driver

2022-01-15 22:19:16 - [MESSAGE][INFO] - Action delay is set to 0 milliseconds

2022-01-15 22:19:17 - [MESSAGE][PASSED] - Browser is opened with url: ''

2022-01-15 22:19:17 - [TEST_STEP][PASSED] - navigateToUrl("http://localhost/"): Navigate to 'http://localhost/' successfully

2022-01-15 22:19:18 - [MESSAGE][PASSED] - Navigate to 'http://localhost/' successfully

2022-01-15 22:19:18 - [TEST_STEP][PASSED] - click(findTestObject("Object Repository/NewCategory/Page_Automation Testing Site/a_Log in")): Object: 'Object Repository/NewCategory/Page_Automation Testing Site/a_Log in' is clicked on

2022-01-15 22:19:19 - [MESSAGE][PASSED] - Object: 'Object Repository/NewCategory/Page_Automation Testing Site/a_Log in' is clicked on

2022-01-15 22:19:19 - [TEST_STEP][PASSED] - setText(findTestObject("Object Repository/NewCategory/Page_Automation Testing Site Log in to the site/input_Username_username"), "admin"): Text 'admin' is set on object 'Object Repository/NewCategory/Page_Automation Testing Site Log in to the site/input_Username_username'

2022-01-15 22:19:20 - [MESSAGE][PASSED] - Text 'admin' is set on object 'Object Repository/NewCategory/Page_Automation Testing Site Log in to the site/input_Username_username'

2022-01-15 22:19:20 - [TEST_STEP][PASSED] - setEncryptedText(findTestObject("Object Repository/NewCategory/Page_Automation Testing Site Log in to the site/input_Password_password"), "cnpXG5HhkrZpEXzNIGBMZQ=="): Text ****** has been set on object 'Object Repository/NewCategory/Page_Automation Testing Site Log in to the site/input_Password_password'

2022-01-15 22:19:20 - [MESSAGE][PASSED] - Text ****** has been set on object 'Object Repository/NewCategory/Page_Automation Testing Site Log in to the site/input_Password_password'

2022-01-15 22:19:20 - [TEST_STEP][PASSED] - click(findTestObject("Object Repository/NewCategory/Page_Automation Testing Site Log in to the site/button_Log in")): Object: 'Object Repository/NewCategory/Page_Automation Testing Site Log in to the site/button_Log in' is clicked on

2022-01-15 22:19:22 - [MESSAGE][PASSED] - Object: 'Object Repository/NewCategory/Page_Automation Testing Site Log in to the site/button_Log in' is clicked on

2022-01-15 22:19:22 - [TEST_STEP][PASSED] - click(findTestObject("Object Repository/NewCategory/Page_Dashboard/span_Site administration")): Object: 'Object Repository/NewCategory/Page_Dashboard/span_Site administration' is clicked on

2022-01-15 22:19:25 - [MESSAGE][PASSED] - Object: 'Object Repository/NewCategory/Page_Dashboard/span_Site administration' is clicked on

2022-01-15 22:19:25 - [TEST_STEP][PASSED] - click(findTestObject("Object Repository/NewCategory/Page_SiteTesting Administration Search/a_Courses")): Object: 'Object Repository/NewCategory/Page_SiteTesting Administration Search/a_Courses' is clicked on

2022-01-15 22:19:25 - [MESSAGE][PASSED] - Object: 'Object Repository/NewCategory/Page_SiteTesting Administration Search/a_Courses' is clicked on

2022-01-15 22:19:25 - [TEST_STEP][PASSED] - click(findTestObject("Object Repository/NewCategory/Page_SiteTesting Administration Search/a_Add a category")): Object: 'Object Repository/NewCategory/Page_SiteTesting Administration Search/a_Add a category' is clicked on

2022-01-15 22:19:27 - [MESSAGE][PASSED] - Object: 'Object Repository/NewCategory/Page_SiteTesting Administration Search/a_Add a category' is clicked on

2022-01-15 22:19:27 - [TEST_STEP][PASSED] - setText(findTestObject("Object Repository/NewCategory/Page_SiteTesting Add new category/input_Category name_name"), "test2"): Text 'test2' is set on object 'Object Repository/NewCategory/Page_SiteTesting Add new category/input_Category name_name'

2022-01-15 22:19:28 - [MESSAGE][PASSED] - Text 'test2' is set on object 'Object Repository/NewCategory/Page_SiteTesting Add new category/input_Category name_name'

2022-01-15 22:19:28 - [TEST_STEP][PASSED] - setText(findTestObject("Object Repository/NewCategory/Page_SiteTesting Add new category/input_Category ID number_idnumber"), "1234"): Text '1234' is set on object 'Object Repository/NewCategory/Page_SiteTesting Add new category/input_Category ID number_idnumber'

2022-01-15 22:19:29 - [MESSAGE][PASSED] - Text '1234' is set on object 'Object Repository/NewCategory/Page_SiteTesting Add new category/input_Category ID number_idnumber'

2022-01-15 22:19:29 - [TEST_STEP][PASSED] - click(findTestObject("Object Repository/NewCategory/Page_SiteTesting Add new category/input_Description_submitbutton")): Object: 'Object Repository/NewCategory/Page_SiteTesting Add new category/input_Description_submitbutton' is clicked on

2022-01-15 22:19:31 - [MESSAGE][PASSED] - Object: 'Object Repository/NewCategory/Page_SiteTesting Add new category/input_Description_submitbutton' is clicked on

2022-01-15 22:19:31 - [TEST_STEP][PASSED] - verifyElementText(findTestObject("Object Repository/NewCategory/Page_SiteTesting Add new category/div_ID number is already used for another category"), "ID number is already used for another category"): Actual text and expected text of test object 'Object Repository/NewCategory/Page_SiteTesting Add new category/div_ID number is already used for another category' are matched.

2022-01-15 22:19:32 - [MESSAGE][PASSED] - Actual text and expected text of test object 'Object Repository/NewCategory/Page_SiteTesting Add new category/div_ID number is already used for another category' are matched.

2022-01-15 22:19:32 - [TEST_STEP][PASSED] - closeBrowser(STOP_ON_FAILURE): Browser is closed

2022-01-15 22:19:33 - [MESSAGE][PASSED] - Browser is closed]]></system-out>
         <system-err><![CDATA[]]></system-err>
      </testcase>
      <testcase name="Test Cases/NewCourse/1. Create new course without enter any input field" time="18.601" classname="Test Cases/NewCourse/1. Create new course without enter any input field" status="PASSED">
         <system-out><![CDATA[2022-01-15 22:19:33 - [TEST_CASE][PASSED] - Test Cases/NewCourse/1. Create new course without enter any input field: Test Cases/NewCourse/1. Create new course without enter any input field

2022-01-15 22:19:34 - [TEST_STEP][PASSED] - openBrowser(""): Browser is opened with url: ''

2022-01-15 22:19:34 - [MESSAGE][INFO] - Starting 'Edge Chromium' driver

2022-01-15 22:19:36 - [MESSAGE][INFO] - Action delay is set to 0 milliseconds

2022-01-15 22:19:37 - [MESSAGE][PASSED] - Browser is opened with url: ''

2022-01-15 22:19:37 - [TEST_STEP][PASSED] - navigateToUrl("http://localhost/"): Navigate to 'http://localhost/' successfully

2022-01-15 22:19:39 - [MESSAGE][PASSED] - Navigate to 'http://localhost/' successfully

2022-01-15 22:19:39 - [TEST_STEP][PASSED] - click(findTestObject("NewCourse/Page_Automation Testing Site/a_Log in")): Object: 'Object Repository/NewCourse/Page_Automation Testing Site/a_Log in' is clicked on

2022-01-15 22:19:40 - [MESSAGE][PASSED] - Object: 'Object Repository/NewCourse/Page_Automation Testing Site/a_Log in' is clicked on

2022-01-15 22:19:40 - [TEST_STEP][PASSED] - setText(findTestObject("NewCourse/Page_Automation Testing Site Log in to the site/input_Username_username"), "admin"): Text 'admin' is set on object 'Object Repository/NewCourse/Page_Automation Testing Site Log in to the site/input_Username_username'

2022-01-15 22:19:41 - [MESSAGE][PASSED] - Text 'admin' is set on object 'Object Repository/NewCourse/Page_Automation Testing Site Log in to the site/input_Username_username'

2022-01-15 22:19:41 - [TEST_STEP][PASSED] - setEncryptedText(findTestObject("NewCourse/Page_Automation Testing Site Log in to the site/input_Password_password"), "cnpXG5HhkrZpEXzNIGBMZQ=="): Text ****** has been set on object 'Object Repository/NewCourse/Page_Automation Testing Site Log in to the site/input_Password_password'

2022-01-15 22:19:41 - [MESSAGE][PASSED] - Text ****** has been set on object 'Object Repository/NewCourse/Page_Automation Testing Site Log in to the site/input_Password_password'

2022-01-15 22:19:41 - [TEST_STEP][PASSED] - click(findTestObject("NewCourse/Page_Automation Testing Site Log in to the site/button_Log in")): Object: 'Object Repository/NewCourse/Page_Automation Testing Site Log in to the site/button_Log in' is clicked on

2022-01-15 22:19:44 - [MESSAGE][PASSED] - Object: 'Object Repository/NewCourse/Page_Automation Testing Site Log in to the site/button_Log in' is clicked on

2022-01-15 22:19:44 - [TEST_STEP][PASSED] - click(findTestObject("NewCourse/Page_Dashboard/span_Site administration")): Object: 'Object Repository/NewCourse/Page_Dashboard/span_Site administration' is clicked on

2022-01-15 22:19:47 - [MESSAGE][PASSED] - Object: 'Object Repository/NewCourse/Page_Dashboard/span_Site administration' is clicked on

2022-01-15 22:19:47 - [TEST_STEP][PASSED] - click(findTestObject("NewCourse/Page_SiteTesting Administration Search/a_Courses")): Object: 'Object Repository/NewCourse/Page_SiteTesting Administration Search/a_Courses' is clicked on

2022-01-15 22:19:47 - [MESSAGE][PASSED] - Object: 'Object Repository/NewCourse/Page_SiteTesting Administration Search/a_Courses' is clicked on

2022-01-15 22:19:47 - [TEST_STEP][PASSED] - click(findTestObject("NewCourse/Page_SiteTesting Administration Search/a_Add a new course")): Object: 'Object Repository/NewCourse/Page_SiteTesting Administration Search/a_Add a new course' is clicked on

2022-01-15 22:19:49 - [MESSAGE][PASSED] - Object: 'Object Repository/NewCourse/Page_SiteTesting Administration Search/a_Add a new course' is clicked on

2022-01-15 22:19:49 - [TEST_STEP][PASSED] - click(findTestObject("NewCourse/Page_SiteTesting Add a new course/input__saveanddisplay")): Object: 'Object Repository/NewCourse/Page_SiteTesting Add a new course/input__saveanddisplay' is clicked on

2022-01-15 22:19:50 - [MESSAGE][PASSED] - Object: 'Object Repository/NewCourse/Page_SiteTesting Add a new course/input__saveanddisplay' is clicked on

2022-01-15 22:19:50 - [TEST_STEP][PASSED] - verifyElementText(findTestObject("NewCourse/Page_SiteTesting Add a new course/div_- Missing full name"), "- Missing full name"): Actual text and expected text of test object 'Object Repository/NewCourse/Page_SiteTesting Add a new course/div_- Missing full name' are matched.

2022-01-15 22:19:51 - [MESSAGE][PASSED] - Actual text and expected text of test object 'Object Repository/NewCourse/Page_SiteTesting Add a new course/div_- Missing full name' are matched.

2022-01-15 22:19:51 - [TEST_STEP][PASSED] - closeBrowser(STOP_ON_FAILURE): Browser is closed

2022-01-15 22:19:52 - [MESSAGE][PASSED] - Browser is closed]]></system-out>
         <system-err><![CDATA[]]></system-err>
      </testcase>
      <testcase name="Test Cases/NewCourse/2. NewCourseWithCorrectData" time="22.823" classname="Test Cases/NewCourse/2. NewCourseWithCorrectData" status="PASSED">
         <system-out><![CDATA[2022-01-15 22:19:52 - [TEST_CASE][PASSED] - Test Cases/NewCourse/2. NewCourseWithCorrectData: Test Cases/NewCourse/2. NewCourseWithCorrectData

2022-01-15 22:19:52 - [TEST_STEP][PASSED] - openBrowser(""): Browser is opened with url: ''

2022-01-15 22:19:52 - [MESSAGE][INFO] - Starting 'Edge Chromium' driver

2022-01-15 22:19:54 - [MESSAGE][INFO] - Action delay is set to 0 milliseconds

2022-01-15 22:19:56 - [MESSAGE][PASSED] - Browser is opened with url: ''

2022-01-15 22:19:56 - [TEST_STEP][PASSED] - navigateToUrl("http://localhost/"): Navigate to 'http://localhost/' successfully

2022-01-15 22:19:57 - [MESSAGE][PASSED] - Navigate to 'http://localhost/' successfully

2022-01-15 22:19:57 - [TEST_STEP][PASSED] - click(findTestObject("NewCourse/Page_Automation Testing Site (1)/div_You are not logged in. (Log in)")): Object: 'Object Repository/NewCourse/Page_Automation Testing Site (1)/div_You are not logged in. (Log in)' is clicked on

2022-01-15 22:19:58 - [MESSAGE][PASSED] - Object: 'Object Repository/NewCourse/Page_Automation Testing Site (1)/div_You are not logged in. (Log in)' is clicked on

2022-01-15 22:19:58 - [TEST_STEP][PASSED] - click(findTestObject("NewCourse/Page_Automation Testing Site (1)/a_Log in")): Object: 'Object Repository/NewCourse/Page_Automation Testing Site (1)/a_Log in' is clicked on

2022-01-15 22:19:59 - [MESSAGE][PASSED] - Object: 'Object Repository/NewCourse/Page_Automation Testing Site (1)/a_Log in' is clicked on

2022-01-15 22:19:59 - [TEST_STEP][PASSED] - setText(findTestObject("NewCourse/Page_Automation Testing Site Log in to the site (1)/input_Username_username"), "admin"): Text 'admin' is set on object 'Object Repository/NewCourse/Page_Automation Testing Site Log in to the site (1)/input_Username_username'

2022-01-15 22:20:00 - [MESSAGE][PASSED] - Text 'admin' is set on object 'Object Repository/NewCourse/Page_Automation Testing Site Log in to the site (1)/input_Username_username'

2022-01-15 22:20:00 - [TEST_STEP][PASSED] - setEncryptedText(findTestObject("NewCourse/Page_Automation Testing Site Log in to the site (1)/input_Password_password"), "cnpXG5HhkrZpEXzNIGBMZQ=="): Text ****** has been set on object 'Object Repository/NewCourse/Page_Automation Testing Site Log in to the site (1)/input_Password_password'

2022-01-15 22:20:01 - [MESSAGE][PASSED] - Text ****** has been set on object 'Object Repository/NewCourse/Page_Automation Testing Site Log in to the site (1)/input_Password_password'

2022-01-15 22:20:01 - [TEST_STEP][PASSED] - click(findTestObject("NewCourse/Page_Automation Testing Site Log in to the site (1)/button_Log in")): Object: 'Object Repository/NewCourse/Page_Automation Testing Site Log in to the site (1)/button_Log in' is clicked on

2022-01-15 22:20:03 - [MESSAGE][PASSED] - Object: 'Object Repository/NewCourse/Page_Automation Testing Site Log in to the site (1)/button_Log in' is clicked on

2022-01-15 22:20:03 - [TEST_STEP][PASSED] - click(findTestObject("NewCourse/Page_Dashboard (1)/span_Site administration")): Object: 'Object Repository/NewCourse/Page_Dashboard (1)/span_Site administration' is clicked on

2022-01-15 22:20:05 - [MESSAGE][PASSED] - Object: 'Object Repository/NewCourse/Page_Dashboard (1)/span_Site administration' is clicked on

2022-01-15 22:20:05 - [TEST_STEP][PASSED] - click(findTestObject("NewCourse/Page_SiteTesting Administration Search (1)/a_Courses")): Object: 'Object Repository/NewCourse/Page_SiteTesting Administration Search (1)/a_Courses' is clicked on

2022-01-15 22:20:06 - [MESSAGE][PASSED] - Object: 'Object Repository/NewCourse/Page_SiteTesting Administration Search (1)/a_Courses' is clicked on

2022-01-15 22:20:06 - [TEST_STEP][PASSED] - click(findTestObject("NewCourse/Page_SiteTesting Administration Search (1)/a_Add a new course")): Object: 'Object Repository/NewCourse/Page_SiteTesting Administration Search (1)/a_Add a new course' is clicked on

2022-01-15 22:20:08 - [MESSAGE][PASSED] - Object: 'Object Repository/NewCourse/Page_SiteTesting Administration Search (1)/a_Add a new course' is clicked on

2022-01-15 22:20:08 - [TEST_STEP][PASSED] - setText(findTestObject("NewCourse/Page_SiteTesting Add a new course (1)/input_Course full name_fullname"), "Init Course"): Text 'Init Course' is set on object 'Object Repository/NewCourse/Page_SiteTesting Add a new course (1)/input_Course full name_fullname'

2022-01-15 22:20:10 - [MESSAGE][PASSED] - Text 'Init Course' is set on object 'Object Repository/NewCourse/Page_SiteTesting Add a new course (1)/input_Course full name_fullname'

2022-01-15 22:20:10 - [TEST_STEP][PASSED] - setText(findTestObject("NewCourse/Page_SiteTesting Add a new course (1)/input_Course short name_shortname"), "test"): Text 'test' is set on object 'Object Repository/NewCourse/Page_SiteTesting Add a new course (1)/input_Course short name_shortname'

2022-01-15 22:20:10 - [MESSAGE][PASSED] - Text 'test' is set on object 'Object Repository/NewCourse/Page_SiteTesting Add a new course (1)/input_Course short name_shortname'

2022-01-15 22:20:10 - [TEST_STEP][PASSED] - setText(findTestObject("Object Repository/NewCourse/Page_SiteTesting Add a new course/input_Course ID number_idnumber"), "123"): Text '123' is set on object 'Object Repository/NewCourse/Page_SiteTesting Add a new course/input_Course ID number_idnumber'

2022-01-15 22:20:11 - [MESSAGE][PASSED] - Text '123' is set on object 'Object Repository/NewCourse/Page_SiteTesting Add a new course/input_Course ID number_idnumber'

2022-01-15 22:20:11 - [TEST_STEP][PASSED] - click(findTestObject("NewCourse/Page_SiteTesting Add a new course (1)/input__saveanddisplay")): Object: 'Object Repository/NewCourse/Page_SiteTesting Add a new course (1)/input__saveanddisplay' is clicked on

2022-01-15 22:20:13 - [MESSAGE][PASSED] - Object: 'Object Repository/NewCourse/Page_SiteTesting Add a new course (1)/input__saveanddisplay' is clicked on

2022-01-15 22:20:13 - [TEST_STEP][PASSED] - verifyTextPresent("Init Course", false): Text 'Init Course' is present on page 

2022-01-15 22:20:14 - [MESSAGE][PASSED] - Text 'Init Course' is present on page 

2022-01-15 22:20:14 - [TEST_STEP][PASSED] - closeBrowser(STOP_ON_FAILURE): Browser is closed

2022-01-15 22:20:15 - [MESSAGE][PASSED] - Browser is closed]]></system-out>
         <system-err><![CDATA[]]></system-err>
      </testcase>
      <testcase name="Test Cases/NewCourse/3. Duplicate Short Name" time="22.714" classname="Test Cases/NewCourse/3. Duplicate Short Name" status="PASSED">
         <system-out><![CDATA[2022-01-15 22:20:15 - [TEST_CASE][PASSED] - Test Cases/NewCourse/3. Duplicate Short Name: Test Cases/NewCourse/3. Duplicate Short Name

2022-01-15 22:20:15 - [TEST_STEP][PASSED] - openBrowser(""): Browser is opened with url: ''

2022-01-15 22:20:15 - [MESSAGE][INFO] - Starting 'Edge Chromium' driver

2022-01-15 22:20:17 - [MESSAGE][INFO] - Action delay is set to 0 milliseconds

2022-01-15 22:20:18 - [MESSAGE][PASSED] - Browser is opened with url: ''

2022-01-15 22:20:18 - [TEST_STEP][PASSED] - navigateToUrl("http://localhost/"): Navigate to 'http://localhost/' successfully

2022-01-15 22:20:19 - [MESSAGE][PASSED] - Navigate to 'http://localhost/' successfully

2022-01-15 22:20:19 - [TEST_STEP][PASSED] - click(findTestObject("Object Repository/NewCourse/Page_Automation Testing Site/a_Log in")): Object: 'Object Repository/NewCourse/Page_Automation Testing Site/a_Log in' is clicked on

2022-01-15 22:20:20 - [MESSAGE][PASSED] - Object: 'Object Repository/NewCourse/Page_Automation Testing Site/a_Log in' is clicked on

2022-01-15 22:20:20 - [TEST_STEP][PASSED] - setText(findTestObject("Object Repository/NewCourse/Page_Automation Testing Site Log in to the site/input_Username_username"), "admin"): Text 'admin' is set on object 'Object Repository/NewCourse/Page_Automation Testing Site Log in to the site/input_Username_username'

2022-01-15 22:20:21 - [MESSAGE][PASSED] - Text 'admin' is set on object 'Object Repository/NewCourse/Page_Automation Testing Site Log in to the site/input_Username_username'

2022-01-15 22:20:21 - [TEST_STEP][PASSED] - setEncryptedText(findTestObject("Object Repository/NewCourse/Page_Automation Testing Site Log in to the site/input_Password_password"), "cnpXG5HhkrZpEXzNIGBMZQ=="): Text ****** has been set on object 'Object Repository/NewCourse/Page_Automation Testing Site Log in to the site/input_Password_password'

2022-01-15 22:20:23 - [MESSAGE][PASSED] - Text ****** has been set on object 'Object Repository/NewCourse/Page_Automation Testing Site Log in to the site/input_Password_password'

2022-01-15 22:20:23 - [TEST_STEP][PASSED] - click(findTestObject("Object Repository/NewCourse/Page_Automation Testing Site Log in to the site/button_Log in")): Object: 'Object Repository/NewCourse/Page_Automation Testing Site Log in to the site/button_Log in' is clicked on

2022-01-15 22:20:25 - [MESSAGE][PASSED] - Object: 'Object Repository/NewCourse/Page_Automation Testing Site Log in to the site/button_Log in' is clicked on

2022-01-15 22:20:25 - [TEST_STEP][PASSED] - click(findTestObject("Object Repository/NewCourse/Page_Dashboard/span_Site administration")): Object: 'Object Repository/NewCourse/Page_Dashboard/span_Site administration' is clicked on

2022-01-15 22:20:28 - [MESSAGE][PASSED] - Object: 'Object Repository/NewCourse/Page_Dashboard/span_Site administration' is clicked on

2022-01-15 22:20:28 - [TEST_STEP][PASSED] - click(findTestObject("Object Repository/NewCourse/Page_SiteTesting Administration Search/a_Courses")): Object: 'Object Repository/NewCourse/Page_SiteTesting Administration Search/a_Courses' is clicked on

2022-01-15 22:20:28 - [MESSAGE][PASSED] - Object: 'Object Repository/NewCourse/Page_SiteTesting Administration Search/a_Courses' is clicked on

2022-01-15 22:20:28 - [TEST_STEP][PASSED] - click(findTestObject("Object Repository/NewCourse/Page_SiteTesting Administration Search/a_Add a new course")): Object: 'Object Repository/NewCourse/Page_SiteTesting Administration Search/a_Add a new course' is clicked on

2022-01-15 22:20:30 - [MESSAGE][PASSED] - Object: 'Object Repository/NewCourse/Page_SiteTesting Administration Search/a_Add a new course' is clicked on

2022-01-15 22:20:30 - [TEST_STEP][PASSED] - setText(findTestObject("Object Repository/NewCourse/Page_SiteTesting Add a new course/input_Course full name_fullname"), "Test2"): Text 'Test2' is set on object 'Object Repository/NewCourse/Page_SiteTesting Add a new course/input_Course full name_fullname'

2022-01-15 22:20:32 - [MESSAGE][PASSED] - Text 'Test2' is set on object 'Object Repository/NewCourse/Page_SiteTesting Add a new course/input_Course full name_fullname'

2022-01-15 22:20:32 - [TEST_STEP][PASSED] - setText(findTestObject("Object Repository/NewCourse/Page_SiteTesting Add a new course/input_Course short name_shortname"), "test"): Text 'test' is set on object 'Object Repository/NewCourse/Page_SiteTesting Add a new course/input_Course short name_shortname'

2022-01-15 22:20:33 - [MESSAGE][PASSED] - Text 'test' is set on object 'Object Repository/NewCourse/Page_SiteTesting Add a new course/input_Course short name_shortname'

2022-01-15 22:20:33 - [TEST_STEP][PASSED] - click(findTestObject("Object Repository/NewCourse/Page_SiteTesting Add a new course/input__saveanddisplay")): Object: 'Object Repository/NewCourse/Page_SiteTesting Add a new course/input__saveanddisplay' is clicked on

2022-01-15 22:20:35 - [MESSAGE][PASSED] - Object: 'Object Repository/NewCourse/Page_SiteTesting Add a new course/input__saveanddisplay' is clicked on

2022-01-15 22:20:35 - [TEST_STEP][PASSED] - verifyElementText(findTestObject("Object Repository/NewCourse/Page_SiteTesting Add a new course/div_Short name is already used for another _823d7b"), "Short name is already used for another course (Init Course)"): Actual text and expected text of test object 'Object Repository/NewCourse/Page_SiteTesting Add a new course/div_Short name is already used for another _823d7b' are matched.

2022-01-15 22:20:36 - [MESSAGE][PASSED] - Actual text and expected text of test object 'Object Repository/NewCourse/Page_SiteTesting Add a new course/div_Short name is already used for another _823d7b' are matched.

2022-01-15 22:20:36 - [TEST_STEP][PASSED] - closeBrowser(): Browser is closed

2022-01-15 22:20:37 - [MESSAGE][PASSED] - Browser is closed]]></system-out>
         <system-err><![CDATA[]]></system-err>
      </testcase>
      <testcase name="Test Cases/NewCourse/4. Start day greater than end day" time="27.856" classname="Test Cases/NewCourse/4. Start day greater than end day" status="PASSED">
         <system-out><![CDATA[2022-01-15 22:20:37 - [TEST_CASE][PASSED] - Test Cases/NewCourse/4. Start day greater than end day: Test Cases/NewCourse/4. Start day greater than end day

2022-01-15 22:20:38 - [TEST_STEP][PASSED] - openBrowser(""): Browser is opened with url: ''

2022-01-15 22:20:38 - [MESSAGE][INFO] - Starting 'Edge Chromium' driver

2022-01-15 22:20:40 - [MESSAGE][INFO] - Action delay is set to 0 milliseconds

2022-01-15 22:20:42 - [MESSAGE][PASSED] - Browser is opened with url: ''

2022-01-15 22:20:42 - [TEST_STEP][PASSED] - navigateToUrl("http://localhost/"): Navigate to 'http://localhost/' successfully

2022-01-15 22:20:45 - [MESSAGE][PASSED] - Navigate to 'http://localhost/' successfully

2022-01-15 22:20:45 - [TEST_STEP][PASSED] - click(findTestObject("Object Repository/NewCourse/Page_Automation Testing Site/a_Log in")): Object: 'Object Repository/NewCourse/Page_Automation Testing Site/a_Log in' is clicked on

2022-01-15 22:20:46 - [MESSAGE][PASSED] - Object: 'Object Repository/NewCourse/Page_Automation Testing Site/a_Log in' is clicked on

2022-01-15 22:20:46 - [TEST_STEP][PASSED] - setText(findTestObject("Object Repository/NewCourse/Page_Automation Testing Site Log in to the site/input_Username_username"), "admin"): Text 'admin' is set on object 'Object Repository/NewCourse/Page_Automation Testing Site Log in to the site/input_Username_username'

2022-01-15 22:20:47 - [MESSAGE][PASSED] - Text 'admin' is set on object 'Object Repository/NewCourse/Page_Automation Testing Site Log in to the site/input_Username_username'

2022-01-15 22:20:47 - [TEST_STEP][PASSED] - setEncryptedText(findTestObject("Object Repository/NewCourse/Page_Automation Testing Site Log in to the site/input_Password_password"), "cnpXG5HhkrZpEXzNIGBMZQ=="): Text ****** has been set on object 'Object Repository/NewCourse/Page_Automation Testing Site Log in to the site/input_Password_password'

2022-01-15 22:20:47 - [MESSAGE][PASSED] - Text ****** has been set on object 'Object Repository/NewCourse/Page_Automation Testing Site Log in to the site/input_Password_password'

2022-01-15 22:20:47 - [TEST_STEP][PASSED] - click(findTestObject("Object Repository/NewCourse/Page_Automation Testing Site Log in to the site/button_Log in")): Object: 'Object Repository/NewCourse/Page_Automation Testing Site Log in to the site/button_Log in' is clicked on

2022-01-15 22:20:49 - [MESSAGE][PASSED] - Object: 'Object Repository/NewCourse/Page_Automation Testing Site Log in to the site/button_Log in' is clicked on

2022-01-15 22:20:49 - [TEST_STEP][PASSED] - click(findTestObject("Object Repository/NewCourse/Page_Dashboard/span_Site administration")): Object: 'Object Repository/NewCourse/Page_Dashboard/span_Site administration' is clicked on

2022-01-15 22:20:52 - [MESSAGE][PASSED] - Object: 'Object Repository/NewCourse/Page_Dashboard/span_Site administration' is clicked on

2022-01-15 22:20:52 - [TEST_STEP][PASSED] - click(findTestObject("Object Repository/NewCourse/Page_SiteTesting Administration Search/a_Courses")): Object: 'Object Repository/NewCourse/Page_SiteTesting Administration Search/a_Courses' is clicked on

2022-01-15 22:20:52 - [MESSAGE][PASSED] - Object: 'Object Repository/NewCourse/Page_SiteTesting Administration Search/a_Courses' is clicked on

2022-01-15 22:20:52 - [TEST_STEP][PASSED] - click(findTestObject("Object Repository/NewCourse/Page_SiteTesting Administration Search/a_Add a new course")): Object: 'Object Repository/NewCourse/Page_SiteTesting Administration Search/a_Add a new course' is clicked on

2022-01-15 22:20:54 - [MESSAGE][PASSED] - Object: 'Object Repository/NewCourse/Page_SiteTesting Administration Search/a_Add a new course' is clicked on

2022-01-15 22:20:54 - [TEST_STEP][PASSED] - setText(findTestObject("Object Repository/NewCourse/Page_SiteTesting Add a new course/input_Course full name_fullname"), "testtime123"): Text 'testtime123' is set on object 'Object Repository/NewCourse/Page_SiteTesting Add a new course/input_Course full name_fullname'

2022-01-15 22:20:56 - [MESSAGE][PASSED] - Text 'testtime123' is set on object 'Object Repository/NewCourse/Page_SiteTesting Add a new course/input_Course full name_fullname'

2022-01-15 22:20:56 - [TEST_STEP][PASSED] - setText(findTestObject("Object Repository/NewCourse/Page_SiteTesting Add a new course/input_Course short name_shortname"), "time"): Text 'time' is set on object 'Object Repository/NewCourse/Page_SiteTesting Add a new course/input_Course short name_shortname'

2022-01-15 22:20:56 - [MESSAGE][PASSED] - Text 'time' is set on object 'Object Repository/NewCourse/Page_SiteTesting Add a new course/input_Course short name_shortname'

2022-01-15 22:20:56 - [TEST_STEP][PASSED] - selectOptionByValue(findTestObject("Object Repository/NewCourse/Page_SiteTesting Add a new course/select_1900        1901        1902        _6405c9"), "2017", true): All options with value '2017' are selected in object 'Object Repository/NewCourse/Page_SiteTesting Add a new course/select_1900        1901        1902        _6405c9'  using regular expression

2022-01-15 22:21:02 - [MESSAGE][PASSED] - All options with value '2017' are selected in object 'Object Repository/NewCourse/Page_SiteTesting Add a new course/select_1900        1901        1902        _6405c9'  using regular expression

2022-01-15 22:21:02 - [TEST_STEP][PASSED] - click(findTestObject("Object Repository/NewCourse/Page_SiteTesting Add a new course/input_tag_test2_saveanddisplay")): Object: 'Object Repository/NewCourse/Page_SiteTesting Add a new course/input_tag_test2_saveanddisplay' is clicked on

2022-01-15 22:21:03 - [MESSAGE][PASSED] - Object: 'Object Repository/NewCourse/Page_SiteTesting Add a new course/input_tag_test2_saveanddisplay' is clicked on

2022-01-15 22:21:03 - [TEST_STEP][PASSED] - verifyElementText(findTestObject("Object Repository/NewCourse/Page_SiteTesting Add a new course/div_The course end date must be after the s_271b34"), "The course end date must be after the start date."): Actual text and expected text of test object 'Object Repository/NewCourse/Page_SiteTesting Add a new course/div_The course end date must be after the s_271b34' are matched.

2022-01-15 22:21:05 - [MESSAGE][PASSED] - Actual text and expected text of test object 'Object Repository/NewCourse/Page_SiteTesting Add a new course/div_The course end date must be after the s_271b34' are matched.

2022-01-15 22:21:05 - [TEST_STEP][PASSED] - closeBrowser(STOP_ON_FAILURE): Browser is closed

2022-01-15 22:21:05 - [MESSAGE][PASSED] - Browser is closed]]></system-out>
         <system-err><![CDATA[]]></system-err>
      </testcase>
      <testcase name="Test Cases/NewCourse/5. Duplicate ID" time="22.215" classname="Test Cases/NewCourse/5. Duplicate ID" status="PASSED">
         <system-out><![CDATA[2022-01-15 22:21:05 - [TEST_CASE][PASSED] - Test Cases/NewCourse/5. Duplicate ID: Test Cases/NewCourse/5. Duplicate ID

2022-01-15 22:21:06 - [TEST_STEP][PASSED] - openBrowser(""): Browser is opened with url: ''

2022-01-15 22:21:06 - [MESSAGE][INFO] - Starting 'Edge Chromium' driver

2022-01-15 22:21:08 - [MESSAGE][INFO] - Action delay is set to 0 milliseconds

2022-01-15 22:21:09 - [MESSAGE][PASSED] - Browser is opened with url: ''

2022-01-15 22:21:09 - [TEST_STEP][PASSED] - navigateToUrl("http://localhost/"): Navigate to 'http://localhost/' successfully

2022-01-15 22:21:11 - [MESSAGE][PASSED] - Navigate to 'http://localhost/' successfully

2022-01-15 22:21:11 - [TEST_STEP][PASSED] - click(findTestObject("Object Repository/NewCourse/Page_Automation Testing Site/a_Log in")): Object: 'Object Repository/NewCourse/Page_Automation Testing Site/a_Log in' is clicked on

2022-01-15 22:21:11 - [MESSAGE][PASSED] - Object: 'Object Repository/NewCourse/Page_Automation Testing Site/a_Log in' is clicked on

2022-01-15 22:21:11 - [TEST_STEP][PASSED] - setText(findTestObject("Object Repository/NewCourse/Page_Automation Testing Site Log in to the site/input_Username_username"), "admin"): Text 'admin' is set on object 'Object Repository/NewCourse/Page_Automation Testing Site Log in to the site/input_Username_username'

2022-01-15 22:21:12 - [MESSAGE][PASSED] - Text 'admin' is set on object 'Object Repository/NewCourse/Page_Automation Testing Site Log in to the site/input_Username_username'

2022-01-15 22:21:12 - [TEST_STEP][PASSED] - setEncryptedText(findTestObject("Object Repository/NewCourse/Page_Automation Testing Site Log in to the site/input_Password_password"), "cnpXG5HhkrZpEXzNIGBMZQ=="): Text ****** has been set on object 'Object Repository/NewCourse/Page_Automation Testing Site Log in to the site/input_Password_password'

2022-01-15 22:21:13 - [MESSAGE][PASSED] - Text ****** has been set on object 'Object Repository/NewCourse/Page_Automation Testing Site Log in to the site/input_Password_password'

2022-01-15 22:21:13 - [TEST_STEP][PASSED] - click(findTestObject("Object Repository/NewCourse/Page_Automation Testing Site Log in to the site/button_Log in")): Object: 'Object Repository/NewCourse/Page_Automation Testing Site Log in to the site/button_Log in' is clicked on

2022-01-15 22:21:15 - [MESSAGE][PASSED] - Object: 'Object Repository/NewCourse/Page_Automation Testing Site Log in to the site/button_Log in' is clicked on

2022-01-15 22:21:15 - [TEST_STEP][PASSED] - click(findTestObject("Object Repository/NewCourse/Page_Dashboard/span_Site administration")): Object: 'Object Repository/NewCourse/Page_Dashboard/span_Site administration' is clicked on

2022-01-15 22:21:17 - [MESSAGE][PASSED] - Object: 'Object Repository/NewCourse/Page_Dashboard/span_Site administration' is clicked on

2022-01-15 22:21:17 - [TEST_STEP][PASSED] - click(findTestObject("Object Repository/NewCourse/Page_SiteTesting Administration Search/a_Courses")): Object: 'Object Repository/NewCourse/Page_SiteTesting Administration Search/a_Courses' is clicked on

2022-01-15 22:21:18 - [MESSAGE][PASSED] - Object: 'Object Repository/NewCourse/Page_SiteTesting Administration Search/a_Courses' is clicked on

2022-01-15 22:21:18 - [TEST_STEP][PASSED] - click(findTestObject("Object Repository/NewCourse/Page_SiteTesting Administration Search/a_Add a new course")): Object: 'Object Repository/NewCourse/Page_SiteTesting Administration Search/a_Add a new course' is clicked on

2022-01-15 22:21:20 - [MESSAGE][PASSED] - Object: 'Object Repository/NewCourse/Page_SiteTesting Administration Search/a_Add a new course' is clicked on

2022-01-15 22:21:20 - [TEST_STEP][PASSED] - setText(findTestObject("Object Repository/NewCourse/Page_SiteTesting Add a new course/input_Course full name_fullname"), "testsetsetsets"): Text 'testsetsetsets' is set on object 'Object Repository/NewCourse/Page_SiteTesting Add a new course/input_Course full name_fullname'

2022-01-15 22:21:22 - [MESSAGE][PASSED] - Text 'testsetsetsets' is set on object 'Object Repository/NewCourse/Page_SiteTesting Add a new course/input_Course full name_fullname'

2022-01-15 22:21:22 - [TEST_STEP][PASSED] - setText(findTestObject("Object Repository/NewCourse/Page_SiteTesting Add a new course/input_Course short name_shortname"), "rgergrte"): Text 'rgergrte' is set on object 'Object Repository/NewCourse/Page_SiteTesting Add a new course/input_Course short name_shortname'

2022-01-15 22:21:22 - [MESSAGE][PASSED] - Text 'rgergrte' is set on object 'Object Repository/NewCourse/Page_SiteTesting Add a new course/input_Course short name_shortname'

2022-01-15 22:21:22 - [TEST_STEP][PASSED] - setText(findTestObject("Object Repository/NewCourse/Page_SiteTesting Add a new course/input_Course ID number_idnumber"), "123"): Text '123' is set on object 'Object Repository/NewCourse/Page_SiteTesting Add a new course/input_Course ID number_idnumber'

2022-01-15 22:21:23 - [MESSAGE][PASSED] - Text '123' is set on object 'Object Repository/NewCourse/Page_SiteTesting Add a new course/input_Course ID number_idnumber'

2022-01-15 22:21:23 - [TEST_STEP][PASSED] - click(findTestObject("Object Repository/NewCourse/Page_SiteTesting Add a new course/input_tag_test2_saveanddisplay")): Object: 'Object Repository/NewCourse/Page_SiteTesting Add a new course/input_tag_test2_saveanddisplay' is clicked on

2022-01-15 22:21:25 - [MESSAGE][PASSED] - Object: 'Object Repository/NewCourse/Page_SiteTesting Add a new course/input_tag_test2_saveanddisplay' is clicked on

2022-01-15 22:21:25 - [TEST_STEP][PASSED] - verifyTextPresent("ID number is already used for another course (Init Course)", false): Text 'ID number is already used for another course (Init Course)' is present on page 

2022-01-15 22:21:27 - [MESSAGE][PASSED] - Text 'ID number is already used for another course (Init Course)' is present on page 

2022-01-15 22:21:27 - [TEST_STEP][PASSED] - closeBrowser(STOP_ON_FAILURE): Browser is closed

2022-01-15 22:21:28 - [MESSAGE][PASSED] - Browser is closed]]></system-out>
         <system-err><![CDATA[]]></system-err>
      </testcase>
      <testcase name="Test Cases/NewTag/1. Create New Tag Success" time="109.702" classname="Test Cases/NewTag/1. Create New Tag Success" status="FAILED">
         <failure type="FAILED" message="Test Cases/NewTag/1. Create New Tag Success FAILED.
Reason:
com.kms.katalon.core.exception.StepFailedException: Unable to click on object 'Object Repository/NewTag/Page_SiteTesting Add a new course/a_Tags'
	at com.kms.katalon.core.webui.keyword.internal.WebUIKeywordMain.stepFailed(WebUIKeywordMain.groovy:64)
	at com.kms.katalon.core.webui.keyword.internal.WebUIKeywordMain.runKeyword(WebUIKeywordMain.groovy:26)
	at com.kms.katalon.core.webui.keyword.builtin.ClickKeyword.click(ClickKeyword.groovy:74)
	at com.kms.katalon.core.webui.keyword.builtin.ClickKeyword.execute(ClickKeyword.groovy:40)
	at com.kms.katalon.core.keyword.internal.KeywordExecutor.executeKeywordForPlatform(KeywordExecutor.groovy:74)
	at com.kms.katalon.core.webui.keyword.WebUiBuiltInKeywords.click(WebUiBuiltInKeywords.groovy:620)
	at com.kms.katalon.core.webui.keyword.WebUiBuiltInKeywords$click$1.call(Unknown Source)
	at 1. Create New Tag Success.run(1. Create New Tag Success:40)
	at com.kms.katalon.core.main.ScriptEngine.run(ScriptEngine.java:194)
	at com.kms.katalon.core.main.ScriptEngine.runScriptAsRawText(ScriptEngine.java:119)
	at com.kms.katalon.core.main.TestCaseExecutor.runScript(TestCaseExecutor.java:442)
	at com.kms.katalon.core.main.TestCaseExecutor.doExecute(TestCaseExecutor.java:433)
	at com.kms.katalon.core.main.TestCaseExecutor.processExecutionPhase(TestCaseExecutor.java:412)
	at com.kms.katalon.core.main.TestCaseExecutor.accessMainPhase(TestCaseExecutor.java:404)
	at com.kms.katalon.core.main.TestCaseExecutor.execute(TestCaseExecutor.java:281)
	at com.kms.katalon.core.main.TestSuiteExecutor.accessTestCaseMainPhase(TestSuiteExecutor.java:202)
	at com.kms.katalon.core.main.TestSuiteExecutor.accessTestSuiteMainPhase(TestSuiteExecutor.java:164)
	at com.kms.katalon.core.main.TestSuiteExecutor.execute(TestSuiteExecutor.java:105)
	at com.kms.katalon.core.main.TestCaseMain.startTestSuite(TestCaseMain.java:181)
	at com.kms.katalon.core.main.TestCaseMain$startTestSuite$0.call(Unknown Source)
	at TempTestSuite1642258128503.run(TempTestSuite1642258128503.groovy:36)
Caused by: com.kms.katalon.core.webui.exception.WebElementNotFoundException: Web element with id: 'Object Repository/NewTag/Page_SiteTesting Add a new course/a_Tags' located by '//*[@href = '#' and (text() = 'Tags' or . = 'Tags')]' not found
	at com.kms.katalon.core.webui.common.WebUiCommonHelper.findWebElement(WebUiCommonHelper.java:1368)
	at com.kms.katalon.core.webui.keyword.internal.WebUIAbstractKeyword.findWebElement(WebUIAbstractKeyword.groovy:27)
	at com.kms.katalon.core.webui.keyword.builtin.ClickKeyword$_click_closure1.doCall(ClickKeyword.groovy:65)
	at com.kms.katalon.core.webui.keyword.builtin.ClickKeyword$_click_closure1.call(ClickKeyword.groovy)
	at com.kms.katalon.core.webui.keyword.internal.WebUIKeywordMain.runKeyword(WebUIKeywordMain.groovy:20)
	... 19 more
"/>
         <system-out><![CDATA[2022-01-15 22:21:28 - [TEST_CASE][FAILED] - Test Cases/NewTag/1. Create New Tag Success: Test Cases/NewTag/1. Create New Tag Success FAILED.
Reason:
com.kms.katalon.core.exception.StepFailedException: Unable to click on object 'Object Repository/NewTag/Page_SiteTesting Add a new course/a_Tags'
	at com.kms.katalon.core.webui.keyword.internal.WebUIKeywordMain.stepFailed(WebUIKeywordMain.groovy:64)
	at com.kms.katalon.core.webui.keyword.internal.WebUIKeywordMain.runKeyword(WebUIKeywordMain.groovy:26)
	at com.kms.katalon.core.webui.keyword.builtin.ClickKeyword.click(ClickKeyword.groovy:74)
	at com.kms.katalon.core.webui.keyword.builtin.ClickKeyword.execute(ClickKeyword.groovy:40)
	at com.kms.katalon.core.keyword.internal.KeywordExecutor.executeKeywordForPlatform(KeywordExecutor.groovy:74)
	at com.kms.katalon.core.webui.keyword.WebUiBuiltInKeywords.click(WebUiBuiltInKeywords.groovy:620)
	at com.kms.katalon.core.webui.keyword.WebUiBuiltInKeywords$click$1.call(Unknown Source)
	at 1. Create New Tag Success.run(1. Create New Tag Success:40)
	at com.kms.katalon.core.main.ScriptEngine.run(ScriptEngine.java:194)
	at com.kms.katalon.core.main.ScriptEngine.runScriptAsRawText(ScriptEngine.java:119)
	at com.kms.katalon.core.main.TestCaseExecutor.runScript(TestCaseExecutor.java:442)
	at com.kms.katalon.core.main.TestCaseExecutor.doExecute(TestCaseExecutor.java:433)
	at com.kms.katalon.core.main.TestCaseExecutor.processExecutionPhase(TestCaseExecutor.java:412)
	at com.kms.katalon.core.main.TestCaseExecutor.accessMainPhase(TestCaseExecutor.java:404)
	at com.kms.katalon.core.main.TestCaseExecutor.execute(TestCaseExecutor.java:281)
	at com.kms.katalon.core.main.TestSuiteExecutor.accessTestCaseMainPhase(TestSuiteExecutor.java:202)
	at com.kms.katalon.core.main.TestSuiteExecutor.accessTestSuiteMainPhase(TestSuiteExecutor.java:164)
	at com.kms.katalon.core.main.TestSuiteExecutor.execute(TestSuiteExecutor.java:105)
	at com.kms.katalon.core.main.TestCaseMain.startTestSuite(TestCaseMain.java:181)
	at com.kms.katalon.core.main.TestCaseMain$startTestSuite$0.call(Unknown Source)
	at TempTestSuite1642258128503.run(TempTestSuite1642258128503.groovy:36)
Caused by: com.kms.katalon.core.webui.exception.WebElementNotFoundException: Web element with id: 'Object Repository/NewTag/Page_SiteTesting Add a new course/a_Tags' located by '//*[@href = '#' and (text() = 'Tags' or . = 'Tags')]' not found
	at com.kms.katalon.core.webui.common.WebUiCommonHelper.findWebElement(WebUiCommonHelper.java:1368)
	at com.kms.katalon.core.webui.keyword.internal.WebUIAbstractKeyword.findWebElement(WebUIAbstractKeyword.groovy:27)
	at com.kms.katalon.core.webui.keyword.builtin.ClickKeyword$_click_closure1.doCall(ClickKeyword.groovy:65)
	at com.kms.katalon.core.webui.keyword.builtin.ClickKeyword$_click_closure1.call(ClickKeyword.groovy)
	at com.kms.katalon.core.webui.keyword.internal.WebUIKeywordMain.runKeyword(WebUIKeywordMain.groovy:20)
	... 19 more


2022-01-15 22:21:28 - [TEST_STEP][PASSED] - openBrowser(""): Browser is opened with url: ''

2022-01-15 22:21:28 - [MESSAGE][INFO] - Starting 'Edge Chromium' driver

2022-01-15 22:21:30 - [MESSAGE][INFO] - Action delay is set to 0 milliseconds

2022-01-15 22:21:31 - [MESSAGE][PASSED] - Browser is opened with url: ''

2022-01-15 22:21:31 - [TEST_STEP][PASSED] - navigateToUrl("http://localhost/"): Navigate to 'http://localhost/' successfully

2022-01-15 22:21:32 - [MESSAGE][PASSED] - Navigate to 'http://localhost/' successfully

2022-01-15 22:21:32 - [TEST_STEP][PASSED] - click(findTestObject("Object Repository/NewTag/Page_Automation Testing Site/a_Log in")): Object: 'Object Repository/NewTag/Page_Automation Testing Site/a_Log in' is clicked on

2022-01-15 22:21:33 - [MESSAGE][PASSED] - Object: 'Object Repository/NewTag/Page_Automation Testing Site/a_Log in' is clicked on

2022-01-15 22:21:33 - [TEST_STEP][PASSED] - setText(findTestObject("Object Repository/NewTag/Page_Automation Testing Site Log in to the site/input_Username_username"), "admin"): Text 'admin' is set on object 'Object Repository/NewTag/Page_Automation Testing Site Log in to the site/input_Username_username'

2022-01-15 22:21:34 - [MESSAGE][PASSED] - Text 'admin' is set on object 'Object Repository/NewTag/Page_Automation Testing Site Log in to the site/input_Username_username'

2022-01-15 22:21:34 - [TEST_STEP][PASSED] - setEncryptedText(findTestObject("Object Repository/NewTag/Page_Automation Testing Site Log in to the site/input_Password_password"), "cnpXG5HhkrZpEXzNIGBMZQ=="): Text ****** has been set on object 'Object Repository/NewTag/Page_Automation Testing Site Log in to the site/input_Password_password'

2022-01-15 22:21:35 - [MESSAGE][PASSED] - Text ****** has been set on object 'Object Repository/NewTag/Page_Automation Testing Site Log in to the site/input_Password_password'

2022-01-15 22:21:35 - [TEST_STEP][PASSED] - click(findTestObject("Object Repository/NewTag/Page_Automation Testing Site Log in to the site/button_Log in")): Object: 'Object Repository/NewTag/Page_Automation Testing Site Log in to the site/button_Log in' is clicked on

2022-01-15 22:21:37 - [MESSAGE][PASSED] - Object: 'Object Repository/NewTag/Page_Automation Testing Site Log in to the site/button_Log in' is clicked on

2022-01-15 22:21:37 - [TEST_STEP][PASSED] - click(findTestObject("Object Repository/NewTag/Page_Dashboard/span_Site administration")): Object: 'Object Repository/NewTag/Page_Dashboard/span_Site administration' is clicked on

2022-01-15 22:21:39 - [MESSAGE][PASSED] - Object: 'Object Repository/NewTag/Page_Dashboard/span_Site administration' is clicked on

2022-01-15 22:21:39 - [TEST_STEP][PASSED] - click(findTestObject("Object Repository/NewTag/Page_SiteTesting Administration Search/a_Courses")): Object: 'Object Repository/NewTag/Page_SiteTesting Administration Search/a_Courses' is clicked on

2022-01-15 22:21:40 - [MESSAGE][PASSED] - Object: 'Object Repository/NewTag/Page_SiteTesting Administration Search/a_Courses' is clicked on

2022-01-15 22:21:40 - [TEST_STEP][PASSED] - click(findTestObject("Object Repository/NewTag/Page_SiteTesting Administration Search/a_Add a new course")): Object: 'Object Repository/NewTag/Page_SiteTesting Administration Search/a_Add a new course' is clicked on

2022-01-15 22:21:42 - [MESSAGE][PASSED] - Object: 'Object Repository/NewTag/Page_SiteTesting Administration Search/a_Add a new course' is clicked on

2022-01-15 22:21:42 - [TEST_STEP][FAILED] - click(findTestObject("Object Repository/NewTag/Page_SiteTesting Add a new course/a_Tags")): Unable to click on object 'Object Repository/NewTag/Page_SiteTesting Add a new course/a_Tags' (Root cause: com.kms.katalon.core.exception.StepFailedException: Unable to click on object 'Object Repository/NewTag/Page_SiteTesting Add a new course/a_Tags'
	at com.kms.katalon.core.webui.keyword.internal.WebUIKeywordMain.stepFailed(WebUIKeywordMain.groovy:64)
	at com.kms.katalon.core.webui.keyword.internal.WebUIKeywordMain.runKeyword(WebUIKeywordMain.groovy:26)
	at com.kms.katalon.core.webui.keyword.builtin.ClickKeyword.click(ClickKeyword.groovy:74)
	at com.kms.katalon.core.webui.keyword.builtin.ClickKeyword.execute(ClickKeyword.groovy:40)
	at com.kms.katalon.core.keyword.internal.KeywordExecutor.executeKeywordForPlatform(KeywordExecutor.groovy:74)
	at com.kms.katalon.core.webui.keyword.WebUiBuiltInKeywords.click(WebUiBuiltInKeywords.groovy:620)
	at com.kms.katalon.core.webui.keyword.WebUiBuiltInKeywords$click$1.call(Unknown Source)
	at 1. Create New Tag Success.run(1. Create New Tag Success:40)
	at com.kms.katalon.core.main.ScriptEngine.run(ScriptEngine.java:194)
	at com.kms.katalon.core.main.ScriptEngine.runScriptAsRawText(ScriptEngine.java:119)
	at com.kms.katalon.core.main.TestCaseExecutor.runScript(TestCaseExecutor.java:442)
	at com.kms.katalon.core.main.TestCaseExecutor.doExecute(TestCaseExecutor.java:433)
	at com.kms.katalon.core.main.TestCaseExecutor.processExecutionPhase(TestCaseExecutor.java:412)
	at com.kms.katalon.core.main.TestCaseExecutor.accessMainPhase(TestCaseExecutor.java:404)
	at com.kms.katalon.core.main.TestCaseExecutor.execute(TestCaseExecutor.java:281)
	at com.kms.katalon.core.main.TestSuiteExecutor.accessTestCaseMainPhase(TestSuiteExecutor.java:202)
	at com.kms.katalon.core.main.TestSuiteExecutor.accessTestSuiteMainPhase(TestSuiteExecutor.java:164)
	at com.kms.katalon.core.main.TestSuiteExecutor.execute(TestSuiteExecutor.java:105)
	at com.kms.katalon.core.main.TestCaseMain.startTestSuite(TestCaseMain.java:181)
	at com.kms.katalon.core.main.TestCaseMain$startTestSuite$0.call(Unknown Source)
	at TempTestSuite1642258128503.run(TempTestSuite1642258128503.groovy:36)
Caused by: com.kms.katalon.core.webui.exception.WebElementNotFoundException: Web element with id: 'Object Repository/NewTag/Page_SiteTesting Add a new course/a_Tags' located by '//*[@href = '#' and (text() = 'Tags' or . = 'Tags')]' not found
	at com.kms.katalon.core.webui.common.WebUiCommonHelper.findWebElement(WebUiCommonHelper.java:1368)
	at com.kms.katalon.core.webui.keyword.internal.WebUIAbstractKeyword.findWebElement(WebUIAbstractKeyword.groovy:27)
	at com.kms.katalon.core.webui.keyword.builtin.ClickKeyword$_click_closure1.doCall(ClickKeyword.groovy:65)
	at com.kms.katalon.core.webui.keyword.builtin.ClickKeyword$_click_closure1.call(ClickKeyword.groovy)
	at com.kms.katalon.core.webui.keyword.internal.WebUIKeywordMain.runKeyword(WebUIKeywordMain.groovy:20)
	at com.kms.katalon.core.webui.keyword.builtin.ClickKeyword.click(ClickKeyword.groovy:74)
	at com.kms.katalon.core.webui.keyword.builtin.ClickKeyword.execute(ClickKeyword.groovy:40)
	at com.kms.katalon.core.keyword.internal.KeywordExecutor.executeKeywordForPlatform(KeywordExecutor.groovy:74)
	at com.kms.katalon.core.webui.keyword.WebUiBuiltInKeywords.click(WebUiBuiltInKeywords.groovy:620)
	at com.kms.katalon.core.webui.keyword.WebUiBuiltInKeywords$click$1.call(Unknown Source)
	at Script1641520783167.run(Script1641520783167.groovy:40)
	... 13 more
)

2022-01-15 22:22:13 - [MESSAGE][INFO] - Unable to find the element located by 'By.xpath: //*[@href = '#' and (text() = 'Tags' or . = 'Tags')]'. Please recheck the objects properties to make sure the desired element is located. 

2022-01-15 22:22:13 - [MESSAGE][WARNING] - [SELF-HEALING] Failed to find element with id 'Object Repository/NewTag/Page_SiteTesting Add a new course/a_Tags'. Try using Self-healing.

2022-01-15 22:22:14 - [MESSAGE][INFO] - Unable to find the element located by 'By.xpath: //a[@id='yui_3_17_2_1_1641560066667_96']'. Please recheck the objects properties to make sure the desired element is located. 

2022-01-15 22:22:15 - [MESSAGE][INFO] - [SELF-HEALING] Failed Locator: '//a[@id='yui_3_17_2_1_1641560066667_96']'.

2022-01-15 22:22:15 - [MESSAGE][INFO] - [SELF-HEALING] Failed Locator: '//legend[@id='yui_3_17_2_1_1641560066667_1039']/a'.

2022-01-15 22:22:15 - [MESSAGE][INFO] - [SELF-HEALING] Failed Locator: '//a[contains(text(),'Tags')]'.

2022-01-15 22:22:15 - [MESSAGE][INFO] - [SELF-HEALING] Working Locator: '(.//*[normalize-space(text()) and normalize-space(.)=concat('Your word for ', "'", 'Authenticated user on frontpage', "'", '')])[1]/following::a[1]'.

2022-01-15 22:22:46 - [MESSAGE][ERROR] - [SELF-HEALING] Cannot save screenshot to: E:\MoodleTestByKatalon\Reports\Self-healing, reason: timeout: Timed out receiving message from renderer: 10.000
  (Session info: MicrosoftEdge=97.0.1072.55)
Build info: version: '3.141.59', revision: 'e82be7d358', time: '2018-11-14T08:25:53'
System info: host: 'LAPTOP-O4I5TINJ', ip: '192.168.11.1', os.name: 'Windows 10', os.arch: 'amd64', os.version: '10.0', java.version: '1.8.0_282'
Driver info: com.kms.katalon.selenium.driver.CEdgeDriver
Capabilities {acceptInsecureCerts: false, browserName: msedge, browserVersion: 97.0.1072.55, javascriptEnabled: true, ms:edgeOptions: {debuggerAddress: localhost:51311}, msedge: {msedgedriverVersion: 97.0.1072.55 (ce3bf33648805..., userDataDir: C:\Users\ASUS\AppData\Local...}, networkConnectionEnabled: false, pageLoadStrategy: normal, platform: WINDOWS, platformName: WINDOWS, proxy: Proxy(), setWindowRect: true, strictFileInteractability: false, timeouts: {implicit: 0, pageLoad: 300000, script: 30000}, unhandledPromptBehavior: dismiss and notify, webauthn:extension:credBlob: true, webauthn:extension:largeBlob: true, webauthn:virtualAuthenticators: true}
Session ID: d6e79513eece3fbac60349b6d3bed732.

2022-01-15 22:23:16 - [MESSAGE][ERROR] - [SELF-HEALING] Cannot save screenshot to: E:\MoodleTestByKatalon\Reports\Self-healing, reason: timeout: Timed out receiving message from renderer: 10.000
  (Session info: MicrosoftEdge=97.0.1072.55)
Build info: version: '3.141.59', revision: 'e82be7d358', time: '2018-11-14T08:25:53'
System info: host: 'LAPTOP-O4I5TINJ', ip: '192.168.11.1', os.name: 'Windows 10', os.arch: 'amd64', os.version: '10.0', java.version: '1.8.0_282'
Driver info: com.kms.katalon.selenium.driver.CEdgeDriver
Capabilities {acceptInsecureCerts: false, browserName: msedge, browserVersion: 97.0.1072.55, javascriptEnabled: true, ms:edgeOptions: {debuggerAddress: localhost:51311}, msedge: {msedgedriverVersion: 97.0.1072.55 (ce3bf33648805..., userDataDir: C:\Users\ASUS\AppData\Local...}, networkConnectionEnabled: false, pageLoadStrategy: normal, platform: WINDOWS, platformName: WINDOWS, proxy: Proxy(), setWindowRect: true, strictFileInteractability: false, timeouts: {implicit: 0, pageLoad: 300000, script: 30000}, unhandledPromptBehavior: dismiss and notify, webauthn:extension:credBlob: true, webauthn:extension:largeBlob: true, webauthn:virtualAuthenticators: true}
Session ID: d6e79513eece3fbac60349b6d3bed732.

2022-01-15 22:23:16 - [MESSAGE][WARNING] - [SELF-HEALING] 'other' is different type of Path

2022-01-15 22:23:17 - [MESSAGE][INFO] - Unable to find the element located by 'By.cssSelector: #yui_3_17_2_1_1641560066667_96'. Please recheck the objects properties to make sure the desired element is located. 

2022-01-15 22:23:17 - [MESSAGE][FAILED] - Unable to click on object 'Object Repository/NewTag/Page_SiteTesting Add a new course/a_Tags' (Root cause: com.kms.katalon.core.exception.StepFailedException: Unable to click on object 'Object Repository/NewTag/Page_SiteTesting Add a new course/a_Tags'
	at com.kms.katalon.core.webui.keyword.internal.WebUIKeywordMain.stepFailed(WebUIKeywordMain.groovy:64)
	at com.kms.katalon.core.webui.keyword.internal.WebUIKeywordMain.runKeyword(WebUIKeywordMain.groovy:26)
	at com.kms.katalon.core.webui.keyword.builtin.ClickKeyword.click(ClickKeyword.groovy:74)
	at com.kms.katalon.core.webui.keyword.builtin.ClickKeyword.execute(ClickKeyword.groovy:40)
	at com.kms.katalon.core.keyword.internal.KeywordExecutor.executeKeywordForPlatform(KeywordExecutor.groovy:74)
	at com.kms.katalon.core.webui.keyword.WebUiBuiltInKeywords.click(WebUiBuiltInKeywords.groovy:620)
	at com.kms.katalon.core.webui.keyword.WebUiBuiltInKeywords$click$1.call(Unknown Source)
	at 1. Create New Tag Success.run(1. Create New Tag Success:40)
	at com.kms.katalon.core.main.ScriptEngine.run(ScriptEngine.java:194)
	at com.kms.katalon.core.main.ScriptEngine.runScriptAsRawText(ScriptEngine.java:119)
	at com.kms.katalon.core.main.TestCaseExecutor.runScript(TestCaseExecutor.java:442)
	at com.kms.katalon.core.main.TestCaseExecutor.doExecute(TestCaseExecutor.java:433)
	at com.kms.katalon.core.main.TestCaseExecutor.processExecutionPhase(TestCaseExecutor.java:412)
	at com.kms.katalon.core.main.TestCaseExecutor.accessMainPhase(TestCaseExecutor.java:404)
	at com.kms.katalon.core.main.TestCaseExecutor.execute(TestCaseExecutor.java:281)
	at com.kms.katalon.core.main.TestSuiteExecutor.accessTestCaseMainPhase(TestSuiteExecutor.java:202)
	at com.kms.katalon.core.main.TestSuiteExecutor.accessTestSuiteMainPhase(TestSuiteExecutor.java:164)
	at com.kms.katalon.core.main.TestSuiteExecutor.execute(TestSuiteExecutor.java:105)
	at com.kms.katalon.core.main.TestCaseMain.startTestSuite(TestCaseMain.java:181)
	at com.kms.katalon.core.main.TestCaseMain$startTestSuite$0.call(Unknown Source)
	at TempTestSuite1642258128503.run(TempTestSuite1642258128503.groovy:36)
Caused by: com.kms.katalon.core.webui.exception.WebElementNotFoundException: Web element with id: 'Object Repository/NewTag/Page_SiteTesting Add a new course/a_Tags' located by '//*[@href = '#' and (text() = 'Tags' or . = 'Tags')]' not found
	at com.kms.katalon.core.webui.common.WebUiCommonHelper.findWebElement(WebUiCommonHelper.java:1368)
	at com.kms.katalon.core.webui.keyword.internal.WebUIAbstractKeyword.findWebElement(WebUIAbstractKeyword.groovy:27)
	at com.kms.katalon.core.webui.keyword.builtin.ClickKeyword$_click_closure1.doCall(ClickKeyword.groovy:65)
	at com.kms.katalon.core.webui.keyword.builtin.ClickKeyword$_click_closure1.call(ClickKeyword.groovy)
	at com.kms.katalon.core.webui.keyword.internal.WebUIKeywordMain.runKeyword(WebUIKeywordMain.groovy:20)
	at com.kms.katalon.core.webui.keyword.builtin.ClickKeyword.click(ClickKeyword.groovy:74)
	at com.kms.katalon.core.webui.keyword.builtin.ClickKeyword.execute(ClickKeyword.groovy:40)
	at com.kms.katalon.core.keyword.internal.KeywordExecutor.executeKeywordForPlatform(KeywordExecutor.groovy:74)
	at com.kms.katalon.core.webui.keyword.WebUiBuiltInKeywords.click(WebUiBuiltInKeywords.groovy:620)
	at com.kms.katalon.core.webui.keyword.WebUiBuiltInKeywords$click$1.call(Unknown Source)
	at Script1641520783167.run(Script1641520783167.groovy:40)
	... 13 more
)
[[ATTACHMENT|E:\\MoodleTestByKatalon\\Reports\\20220115_214848\\Run all test cases\\20220115_214848\\1642260197271.png]]]]></system-out>
         <system-err><![CDATA[2022-01-15 22:21:28 - [TEST_CASE][FAILED] - Test Cases/NewTag/1. Create New Tag Success: Test Cases/NewTag/1. Create New Tag Success FAILED.
Reason:
com.kms.katalon.core.exception.StepFailedException: Unable to click on object 'Object Repository/NewTag/Page_SiteTesting Add a new course/a_Tags'
	at com.kms.katalon.core.webui.keyword.internal.WebUIKeywordMain.stepFailed(WebUIKeywordMain.groovy:64)
	at com.kms.katalon.core.webui.keyword.internal.WebUIKeywordMain.runKeyword(WebUIKeywordMain.groovy:26)
	at com.kms.katalon.core.webui.keyword.builtin.ClickKeyword.click(ClickKeyword.groovy:74)
	at com.kms.katalon.core.webui.keyword.builtin.ClickKeyword.execute(ClickKeyword.groovy:40)
	at com.kms.katalon.core.keyword.internal.KeywordExecutor.executeKeywordForPlatform(KeywordExecutor.groovy:74)
	at com.kms.katalon.core.webui.keyword.WebUiBuiltInKeywords.click(WebUiBuiltInKeywords.groovy:620)
	at com.kms.katalon.core.webui.keyword.WebUiBuiltInKeywords$click$1.call(Unknown Source)
	at 1. Create New Tag Success.run(1. Create New Tag Success:40)
	at com.kms.katalon.core.main.ScriptEngine.run(ScriptEngine.java:194)
	at com.kms.katalon.core.main.ScriptEngine.runScriptAsRawText(ScriptEngine.java:119)
	at com.kms.katalon.core.main.TestCaseExecutor.runScript(TestCaseExecutor.java:442)
	at com.kms.katalon.core.main.TestCaseExecutor.doExecute(TestCaseExecutor.java:433)
	at com.kms.katalon.core.main.TestCaseExecutor.processExecutionPhase(TestCaseExecutor.java:412)
	at com.kms.katalon.core.main.TestCaseExecutor.accessMainPhase(TestCaseExecutor.java:404)
	at com.kms.katalon.core.main.TestCaseExecutor.execute(TestCaseExecutor.java:281)
	at com.kms.katalon.core.main.TestSuiteExecutor.accessTestCaseMainPhase(TestSuiteExecutor.java:202)
	at com.kms.katalon.core.main.TestSuiteExecutor.accessTestSuiteMainPhase(TestSuiteExecutor.java:164)
	at com.kms.katalon.core.main.TestSuiteExecutor.execute(TestSuiteExecutor.java:105)
	at com.kms.katalon.core.main.TestCaseMain.startTestSuite(TestCaseMain.java:181)
	at com.kms.katalon.core.main.TestCaseMain$startTestSuite$0.call(Unknown Source)
	at TempTestSuite1642258128503.run(TempTestSuite1642258128503.groovy:36)
Caused by: com.kms.katalon.core.webui.exception.WebElementNotFoundException: Web element with id: 'Object Repository/NewTag/Page_SiteTesting Add a new course/a_Tags' located by '//*[@href = '#' and (text() = 'Tags' or . = 'Tags')]' not found
	at com.kms.katalon.core.webui.common.WebUiCommonHelper.findWebElement(WebUiCommonHelper.java:1368)
	at com.kms.katalon.core.webui.keyword.internal.WebUIAbstractKeyword.findWebElement(WebUIAbstractKeyword.groovy:27)
	at com.kms.katalon.core.webui.keyword.builtin.ClickKeyword$_click_closure1.doCall(ClickKeyword.groovy:65)
	at com.kms.katalon.core.webui.keyword.builtin.ClickKeyword$_click_closure1.call(ClickKeyword.groovy)
	at com.kms.katalon.core.webui.keyword.internal.WebUIKeywordMain.runKeyword(WebUIKeywordMain.groovy:20)
	... 19 more]]></system-err>
      </testcase>
      <testcase name="Test Cases/NewTag/2. Create new tag with blank field" time="114.307" classname="Test Cases/NewTag/2. Create new tag with blank field" status="FAILED">
         <failure type="FAILED" message="Test Cases/NewTag/2. Create new tag with blank field FAILED.
Reason:
com.kms.katalon.core.exception.StepFailedException: Unable to click on object 'Object Repository/NewTag/Page_SiteTesting Add a new course/a_Tags'
	at com.kms.katalon.core.webui.keyword.internal.WebUIKeywordMain.stepFailed(WebUIKeywordMain.groovy:64)
	at com.kms.katalon.core.webui.keyword.internal.WebUIKeywordMain.runKeyword(WebUIKeywordMain.groovy:26)
	at com.kms.katalon.core.webui.keyword.builtin.ClickKeyword.click(ClickKeyword.groovy:74)
	at com.kms.katalon.core.webui.keyword.builtin.ClickKeyword.execute(ClickKeyword.groovy:40)
	at com.kms.katalon.core.keyword.internal.KeywordExecutor.executeKeywordForPlatform(KeywordExecutor.groovy:74)
	at com.kms.katalon.core.webui.keyword.WebUiBuiltInKeywords.click(WebUiBuiltInKeywords.groovy:620)
	at com.kms.katalon.core.webui.keyword.WebUiBuiltInKeywords$click$1.call(Unknown Source)
	at 2. Create new tag with blank field.run(2. Create new tag with blank field:40)
	at com.kms.katalon.core.main.ScriptEngine.run(ScriptEngine.java:194)
	at com.kms.katalon.core.main.ScriptEngine.runScriptAsRawText(ScriptEngine.java:119)
	at com.kms.katalon.core.main.TestCaseExecutor.runScript(TestCaseExecutor.java:442)
	at com.kms.katalon.core.main.TestCaseExecutor.doExecute(TestCaseExecutor.java:433)
	at com.kms.katalon.core.main.TestCaseExecutor.processExecutionPhase(TestCaseExecutor.java:412)
	at com.kms.katalon.core.main.TestCaseExecutor.accessMainPhase(TestCaseExecutor.java:404)
	at com.kms.katalon.core.main.TestCaseExecutor.execute(TestCaseExecutor.java:281)
	at com.kms.katalon.core.main.TestSuiteExecutor.accessTestCaseMainPhase(TestSuiteExecutor.java:202)
	at com.kms.katalon.core.main.TestSuiteExecutor.accessTestSuiteMainPhase(TestSuiteExecutor.java:164)
	at com.kms.katalon.core.main.TestSuiteExecutor.execute(TestSuiteExecutor.java:105)
	at com.kms.katalon.core.main.TestCaseMain.startTestSuite(TestCaseMain.java:181)
	at com.kms.katalon.core.main.TestCaseMain$startTestSuite$0.call(Unknown Source)
	at TempTestSuite1642258128503.run(TempTestSuite1642258128503.groovy:36)
Caused by: com.kms.katalon.core.webui.exception.WebElementNotFoundException: Web element with id: 'Object Repository/NewTag/Page_SiteTesting Add a new course/a_Tags' located by '//*[@href = '#' and (text() = 'Tags' or . = 'Tags')]' not found
	at com.kms.katalon.core.webui.common.WebUiCommonHelper.findWebElement(WebUiCommonHelper.java:1368)
	at com.kms.katalon.core.webui.keyword.internal.WebUIAbstractKeyword.findWebElement(WebUIAbstractKeyword.groovy:27)
	at com.kms.katalon.core.webui.keyword.builtin.ClickKeyword$_click_closure1.doCall(ClickKeyword.groovy:65)
	at com.kms.katalon.core.webui.keyword.builtin.ClickKeyword$_click_closure1.call(ClickKeyword.groovy)
	at com.kms.katalon.core.webui.keyword.internal.WebUIKeywordMain.runKeyword(WebUIKeywordMain.groovy:20)
	... 19 more
"/>
         <system-out><![CDATA[2022-01-15 22:23:17 - [TEST_CASE][FAILED] - Test Cases/NewTag/2. Create new tag with blank field: Test Cases/NewTag/2. Create new tag with blank field FAILED.
Reason:
com.kms.katalon.core.exception.StepFailedException: Unable to click on object 'Object Repository/NewTag/Page_SiteTesting Add a new course/a_Tags'
	at com.kms.katalon.core.webui.keyword.internal.WebUIKeywordMain.stepFailed(WebUIKeywordMain.groovy:64)
	at com.kms.katalon.core.webui.keyword.internal.WebUIKeywordMain.runKeyword(WebUIKeywordMain.groovy:26)
	at com.kms.katalon.core.webui.keyword.builtin.ClickKeyword.click(ClickKeyword.groovy:74)
	at com.kms.katalon.core.webui.keyword.builtin.ClickKeyword.execute(ClickKeyword.groovy:40)
	at com.kms.katalon.core.keyword.internal.KeywordExecutor.executeKeywordForPlatform(KeywordExecutor.groovy:74)
	at com.kms.katalon.core.webui.keyword.WebUiBuiltInKeywords.click(WebUiBuiltInKeywords.groovy:620)
	at com.kms.katalon.core.webui.keyword.WebUiBuiltInKeywords$click$1.call(Unknown Source)
	at 2. Create new tag with blank field.run(2. Create new tag with blank field:40)
	at com.kms.katalon.core.main.ScriptEngine.run(ScriptEngine.java:194)
	at com.kms.katalon.core.main.ScriptEngine.runScriptAsRawText(ScriptEngine.java:119)
	at com.kms.katalon.core.main.TestCaseExecutor.runScript(TestCaseExecutor.java:442)
	at com.kms.katalon.core.main.TestCaseExecutor.doExecute(TestCaseExecutor.java:433)
	at com.kms.katalon.core.main.TestCaseExecutor.processExecutionPhase(TestCaseExecutor.java:412)
	at com.kms.katalon.core.main.TestCaseExecutor.accessMainPhase(TestCaseExecutor.java:404)
	at com.kms.katalon.core.main.TestCaseExecutor.execute(TestCaseExecutor.java:281)
	at com.kms.katalon.core.main.TestSuiteExecutor.accessTestCaseMainPhase(TestSuiteExecutor.java:202)
	at com.kms.katalon.core.main.TestSuiteExecutor.accessTestSuiteMainPhase(TestSuiteExecutor.java:164)
	at com.kms.katalon.core.main.TestSuiteExecutor.execute(TestSuiteExecutor.java:105)
	at com.kms.katalon.core.main.TestCaseMain.startTestSuite(TestCaseMain.java:181)
	at com.kms.katalon.core.main.TestCaseMain$startTestSuite$0.call(Unknown Source)
	at TempTestSuite1642258128503.run(TempTestSuite1642258128503.groovy:36)
Caused by: com.kms.katalon.core.webui.exception.WebElementNotFoundException: Web element with id: 'Object Repository/NewTag/Page_SiteTesting Add a new course/a_Tags' located by '//*[@href = '#' and (text() = 'Tags' or . = 'Tags')]' not found
	at com.kms.katalon.core.webui.common.WebUiCommonHelper.findWebElement(WebUiCommonHelper.java:1368)
	at com.kms.katalon.core.webui.keyword.internal.WebUIAbstractKeyword.findWebElement(WebUIAbstractKeyword.groovy:27)
	at com.kms.katalon.core.webui.keyword.builtin.ClickKeyword$_click_closure1.doCall(ClickKeyword.groovy:65)
	at com.kms.katalon.core.webui.keyword.builtin.ClickKeyword$_click_closure1.call(ClickKeyword.groovy)
	at com.kms.katalon.core.webui.keyword.internal.WebUIKeywordMain.runKeyword(WebUIKeywordMain.groovy:20)
	... 19 more


2022-01-15 22:23:17 - [TEST_STEP][PASSED] - openBrowser(""): Browser is opened with url: ''

2022-01-15 22:23:17 - [MESSAGE][WARNING] - A browser is already opened. Closing browser and opening a new one

2022-01-15 22:23:18 - [MESSAGE][INFO] - Starting 'Edge Chromium' driver

2022-01-15 22:23:21 - [MESSAGE][INFO] - Action delay is set to 0 milliseconds

2022-01-15 22:23:22 - [MESSAGE][PASSED] - Browser is opened with url: ''

2022-01-15 22:23:22 - [TEST_STEP][PASSED] - navigateToUrl("http://localhost/"): Navigate to 'http://localhost/' successfully

2022-01-15 22:23:23 - [MESSAGE][PASSED] - Navigate to 'http://localhost/' successfully

2022-01-15 22:23:23 - [TEST_STEP][PASSED] - click(findTestObject("Object Repository/NewTag/Page_Automation Testing Site/a_Log in")): Object: 'Object Repository/NewTag/Page_Automation Testing Site/a_Log in' is clicked on

2022-01-15 22:23:24 - [MESSAGE][PASSED] - Object: 'Object Repository/NewTag/Page_Automation Testing Site/a_Log in' is clicked on

2022-01-15 22:23:24 - [TEST_STEP][PASSED] - setText(findTestObject("Object Repository/NewTag/Page_Automation Testing Site Log in to the site/input_Username_username"), "admin"): Text 'admin' is set on object 'Object Repository/NewTag/Page_Automation Testing Site Log in to the site/input_Username_username'

2022-01-15 22:23:25 - [MESSAGE][PASSED] - Text 'admin' is set on object 'Object Repository/NewTag/Page_Automation Testing Site Log in to the site/input_Username_username'

2022-01-15 22:23:25 - [TEST_STEP][PASSED] - setEncryptedText(findTestObject("Object Repository/NewTag/Page_Automation Testing Site Log in to the site/input_Password_password"), "cnpXG5HhkrZpEXzNIGBMZQ=="): Text ****** has been set on object 'Object Repository/NewTag/Page_Automation Testing Site Log in to the site/input_Password_password'

2022-01-15 22:23:25 - [MESSAGE][PASSED] - Text ****** has been set on object 'Object Repository/NewTag/Page_Automation Testing Site Log in to the site/input_Password_password'

2022-01-15 22:23:25 - [TEST_STEP][PASSED] - click(findTestObject("Object Repository/NewTag/Page_Automation Testing Site Log in to the site/button_Log in")): Object: 'Object Repository/NewTag/Page_Automation Testing Site Log in to the site/button_Log in' is clicked on

2022-01-15 22:23:28 - [MESSAGE][PASSED] - Object: 'Object Repository/NewTag/Page_Automation Testing Site Log in to the site/button_Log in' is clicked on

2022-01-15 22:23:28 - [TEST_STEP][PASSED] - click(findTestObject("Object Repository/NewTag/Page_Dashboard/span_Site administration")): Object: 'Object Repository/NewTag/Page_Dashboard/span_Site administration' is clicked on

2022-01-15 22:23:32 - [MESSAGE][PASSED] - Object: 'Object Repository/NewTag/Page_Dashboard/span_Site administration' is clicked on

2022-01-15 22:23:32 - [TEST_STEP][PASSED] - click(findTestObject("Object Repository/NewTag/Page_SiteTesting Administration Search/a_Courses")): Object: 'Object Repository/NewTag/Page_SiteTesting Administration Search/a_Courses' is clicked on

2022-01-15 22:23:32 - [MESSAGE][PASSED] - Object: 'Object Repository/NewTag/Page_SiteTesting Administration Search/a_Courses' is clicked on

2022-01-15 22:23:32 - [TEST_STEP][PASSED] - click(findTestObject("Object Repository/NewTag/Page_SiteTesting Administration Search/a_Add a new course")): Object: 'Object Repository/NewTag/Page_SiteTesting Administration Search/a_Add a new course' is clicked on

2022-01-15 22:23:36 - [MESSAGE][PASSED] - Object: 'Object Repository/NewTag/Page_SiteTesting Administration Search/a_Add a new course' is clicked on

2022-01-15 22:23:36 - [TEST_STEP][FAILED] - click(findTestObject("Object Repository/NewTag/Page_SiteTesting Add a new course/a_Tags")): Unable to click on object 'Object Repository/NewTag/Page_SiteTesting Add a new course/a_Tags' (Root cause: com.kms.katalon.core.exception.StepFailedException: Unable to click on object 'Object Repository/NewTag/Page_SiteTesting Add a new course/a_Tags'
	at com.kms.katalon.core.webui.keyword.internal.WebUIKeywordMain.stepFailed(WebUIKeywordMain.groovy:64)
	at com.kms.katalon.core.webui.keyword.internal.WebUIKeywordMain.runKeyword(WebUIKeywordMain.groovy:26)
	at com.kms.katalon.core.webui.keyword.builtin.ClickKeyword.click(ClickKeyword.groovy:74)
	at com.kms.katalon.core.webui.keyword.builtin.ClickKeyword.execute(ClickKeyword.groovy:40)
	at com.kms.katalon.core.keyword.internal.KeywordExecutor.executeKeywordForPlatform(KeywordExecutor.groovy:74)
	at com.kms.katalon.core.webui.keyword.WebUiBuiltInKeywords.click(WebUiBuiltInKeywords.groovy:620)
	at com.kms.katalon.core.webui.keyword.WebUiBuiltInKeywords$click$1.call(Unknown Source)
	at 2. Create new tag with blank field.run(2. Create new tag with blank field:40)
	at com.kms.katalon.core.main.ScriptEngine.run(ScriptEngine.java:194)
	at com.kms.katalon.core.main.ScriptEngine.runScriptAsRawText(ScriptEngine.java:119)
	at com.kms.katalon.core.main.TestCaseExecutor.runScript(TestCaseExecutor.java:442)
	at com.kms.katalon.core.main.TestCaseExecutor.doExecute(TestCaseExecutor.java:433)
	at com.kms.katalon.core.main.TestCaseExecutor.processExecutionPhase(TestCaseExecutor.java:412)
	at com.kms.katalon.core.main.TestCaseExecutor.accessMainPhase(TestCaseExecutor.java:404)
	at com.kms.katalon.core.main.TestCaseExecutor.execute(TestCaseExecutor.java:281)
	at com.kms.katalon.core.main.TestSuiteExecutor.accessTestCaseMainPhase(TestSuiteExecutor.java:202)
	at com.kms.katalon.core.main.TestSuiteExecutor.accessTestSuiteMainPhase(TestSuiteExecutor.java:164)
	at com.kms.katalon.core.main.TestSuiteExecutor.execute(TestSuiteExecutor.java:105)
	at com.kms.katalon.core.main.TestCaseMain.startTestSuite(TestCaseMain.java:181)
	at com.kms.katalon.core.main.TestCaseMain$startTestSuite$0.call(Unknown Source)
	at TempTestSuite1642258128503.run(TempTestSuite1642258128503.groovy:36)
Caused by: com.kms.katalon.core.webui.exception.WebElementNotFoundException: Web element with id: 'Object Repository/NewTag/Page_SiteTesting Add a new course/a_Tags' located by '//*[@href = '#' and (text() = 'Tags' or . = 'Tags')]' not found
	at com.kms.katalon.core.webui.common.WebUiCommonHelper.findWebElement(WebUiCommonHelper.java:1368)
	at com.kms.katalon.core.webui.keyword.internal.WebUIAbstractKeyword.findWebElement(WebUIAbstractKeyword.groovy:27)
	at com.kms.katalon.core.webui.keyword.builtin.ClickKeyword$_click_closure1.doCall(ClickKeyword.groovy:65)
	at com.kms.katalon.core.webui.keyword.builtin.ClickKeyword$_click_closure1.call(ClickKeyword.groovy)
	at com.kms.katalon.core.webui.keyword.internal.WebUIKeywordMain.runKeyword(WebUIKeywordMain.groovy:20)
	at com.kms.katalon.core.webui.keyword.builtin.ClickKeyword.click(ClickKeyword.groovy:74)
	at com.kms.katalon.core.webui.keyword.builtin.ClickKeyword.execute(ClickKeyword.groovy:40)
	at com.kms.katalon.core.keyword.internal.KeywordExecutor.executeKeywordForPlatform(KeywordExecutor.groovy:74)
	at com.kms.katalon.core.webui.keyword.WebUiBuiltInKeywords.click(WebUiBuiltInKeywords.groovy:620)
	at com.kms.katalon.core.webui.keyword.WebUiBuiltInKeywords$click$1.call(Unknown Source)
	at Script1641560022245.run(Script1641560022245.groovy:40)
	... 13 more
)

2022-01-15 22:24:07 - [MESSAGE][INFO] - Unable to find the element located by 'By.xpath: //*[@href = '#' and (text() = 'Tags' or . = 'Tags')]'. Please recheck the objects properties to make sure the desired element is located. 

2022-01-15 22:24:07 - [MESSAGE][WARNING] - [SELF-HEALING] Failed to find element with id 'Object Repository/NewTag/Page_SiteTesting Add a new course/a_Tags'. Try using Self-healing.

2022-01-15 22:24:08 - [MESSAGE][INFO] - Unable to find the element located by 'By.xpath: //a[@id='yui_3_17_2_1_1641560066667_96']'. Please recheck the objects properties to make sure the desired element is located. 

2022-01-15 22:24:09 - [MESSAGE][INFO] - [SELF-HEALING] Failed Locator: '//a[@id='yui_3_17_2_1_1641560066667_96']'.

2022-01-15 22:24:09 - [MESSAGE][INFO] - [SELF-HEALING] Failed Locator: '//legend[@id='yui_3_17_2_1_1641560066667_1039']/a'.

2022-01-15 22:24:09 - [MESSAGE][INFO] - [SELF-HEALING] Failed Locator: '//a[contains(text(),'Tags')]'.

2022-01-15 22:24:09 - [MESSAGE][INFO] - [SELF-HEALING] Working Locator: '(.//*[normalize-space(text()) and normalize-space(.)=concat('Your word for ', "'", 'Authenticated user on frontpage', "'", '')])[1]/following::a[1]'.

2022-01-15 22:24:40 - [MESSAGE][ERROR] - [SELF-HEALING] Cannot save screenshot to: E:\MoodleTestByKatalon\Reports\Self-healing, reason: timeout: Timed out receiving message from renderer: 10.000
  (Session info: MicrosoftEdge=97.0.1072.55)
Build info: version: '3.141.59', revision: 'e82be7d358', time: '2018-11-14T08:25:53'
System info: host: 'LAPTOP-O4I5TINJ', ip: '192.168.11.1', os.name: 'Windows 10', os.arch: 'amd64', os.version: '10.0', java.version: '1.8.0_282'
Driver info: com.kms.katalon.selenium.driver.CEdgeDriver
Capabilities {acceptInsecureCerts: false, browserName: msedge, browserVersion: 97.0.1072.55, javascriptEnabled: true, ms:edgeOptions: {debuggerAddress: localhost:51558}, msedge: {msedgedriverVersion: 97.0.1072.55 (ce3bf33648805..., userDataDir: C:\Users\ASUS\AppData\Local...}, networkConnectionEnabled: false, pageLoadStrategy: normal, platform: WINDOWS, platformName: WINDOWS, proxy: Proxy(), setWindowRect: true, strictFileInteractability: false, timeouts: {implicit: 0, pageLoad: 300000, script: 30000}, unhandledPromptBehavior: dismiss and notify, webauthn:extension:credBlob: true, webauthn:extension:largeBlob: true, webauthn:virtualAuthenticators: true}
Session ID: a9c354b93348b74fded5deddb4173d56.

2022-01-15 22:25:10 - [MESSAGE][ERROR] - [SELF-HEALING] Cannot save screenshot to: E:\MoodleTestByKatalon\Reports\Self-healing, reason: timeout: Timed out receiving message from renderer: 10.000
  (Session info: MicrosoftEdge=97.0.1072.55)
Build info: version: '3.141.59', revision: 'e82be7d358', time: '2018-11-14T08:25:53'
System info: host: 'LAPTOP-O4I5TINJ', ip: '192.168.11.1', os.name: 'Windows 10', os.arch: 'amd64', os.version: '10.0', java.version: '1.8.0_282'
Driver info: com.kms.katalon.selenium.driver.CEdgeDriver
Capabilities {acceptInsecureCerts: false, browserName: msedge, browserVersion: 97.0.1072.55, javascriptEnabled: true, ms:edgeOptions: {debuggerAddress: localhost:51558}, msedge: {msedgedriverVersion: 97.0.1072.55 (ce3bf33648805..., userDataDir: C:\Users\ASUS\AppData\Local...}, networkConnectionEnabled: false, pageLoadStrategy: normal, platform: WINDOWS, platformName: WINDOWS, proxy: Proxy(), setWindowRect: true, strictFileInteractability: false, timeouts: {implicit: 0, pageLoad: 300000, script: 30000}, unhandledPromptBehavior: dismiss and notify, webauthn:extension:credBlob: true, webauthn:extension:largeBlob: true, webauthn:virtualAuthenticators: true}
Session ID: a9c354b93348b74fded5deddb4173d56.

2022-01-15 22:25:10 - [MESSAGE][WARNING] - [SELF-HEALING] 'other' is different type of Path

2022-01-15 22:25:11 - [MESSAGE][INFO] - Unable to find the element located by 'By.cssSelector: #yui_3_17_2_1_1641560066667_96'. Please recheck the objects properties to make sure the desired element is located. 

2022-01-15 22:25:12 - [MESSAGE][FAILED] - Unable to click on object 'Object Repository/NewTag/Page_SiteTesting Add a new course/a_Tags' (Root cause: com.kms.katalon.core.exception.StepFailedException: Unable to click on object 'Object Repository/NewTag/Page_SiteTesting Add a new course/a_Tags'
	at com.kms.katalon.core.webui.keyword.internal.WebUIKeywordMain.stepFailed(WebUIKeywordMain.groovy:64)
	at com.kms.katalon.core.webui.keyword.internal.WebUIKeywordMain.runKeyword(WebUIKeywordMain.groovy:26)
	at com.kms.katalon.core.webui.keyword.builtin.ClickKeyword.click(ClickKeyword.groovy:74)
	at com.kms.katalon.core.webui.keyword.builtin.ClickKeyword.execute(ClickKeyword.groovy:40)
	at com.kms.katalon.core.keyword.internal.KeywordExecutor.executeKeywordForPlatform(KeywordExecutor.groovy:74)
	at com.kms.katalon.core.webui.keyword.WebUiBuiltInKeywords.click(WebUiBuiltInKeywords.groovy:620)
	at com.kms.katalon.core.webui.keyword.WebUiBuiltInKeywords$click$1.call(Unknown Source)
	at 2. Create new tag with blank field.run(2. Create new tag with blank field:40)
	at com.kms.katalon.core.main.ScriptEngine.run(ScriptEngine.java:194)
	at com.kms.katalon.core.main.ScriptEngine.runScriptAsRawText(ScriptEngine.java:119)
	at com.kms.katalon.core.main.TestCaseExecutor.runScript(TestCaseExecutor.java:442)
	at com.kms.katalon.core.main.TestCaseExecutor.doExecute(TestCaseExecutor.java:433)
	at com.kms.katalon.core.main.TestCaseExecutor.processExecutionPhase(TestCaseExecutor.java:412)
	at com.kms.katalon.core.main.TestCaseExecutor.accessMainPhase(TestCaseExecutor.java:404)
	at com.kms.katalon.core.main.TestCaseExecutor.execute(TestCaseExecutor.java:281)
	at com.kms.katalon.core.main.TestSuiteExecutor.accessTestCaseMainPhase(TestSuiteExecutor.java:202)
	at com.kms.katalon.core.main.TestSuiteExecutor.accessTestSuiteMainPhase(TestSuiteExecutor.java:164)
	at com.kms.katalon.core.main.TestSuiteExecutor.execute(TestSuiteExecutor.java:105)
	at com.kms.katalon.core.main.TestCaseMain.startTestSuite(TestCaseMain.java:181)
	at com.kms.katalon.core.main.TestCaseMain$startTestSuite$0.call(Unknown Source)
	at TempTestSuite1642258128503.run(TempTestSuite1642258128503.groovy:36)
Caused by: com.kms.katalon.core.webui.exception.WebElementNotFoundException: Web element with id: 'Object Repository/NewTag/Page_SiteTesting Add a new course/a_Tags' located by '//*[@href = '#' and (text() = 'Tags' or . = 'Tags')]' not found
	at com.kms.katalon.core.webui.common.WebUiCommonHelper.findWebElement(WebUiCommonHelper.java:1368)
	at com.kms.katalon.core.webui.keyword.internal.WebUIAbstractKeyword.findWebElement(WebUIAbstractKeyword.groovy:27)
	at com.kms.katalon.core.webui.keyword.builtin.ClickKeyword$_click_closure1.doCall(ClickKeyword.groovy:65)
	at com.kms.katalon.core.webui.keyword.builtin.ClickKeyword$_click_closure1.call(ClickKeyword.groovy)
	at com.kms.katalon.core.webui.keyword.internal.WebUIKeywordMain.runKeyword(WebUIKeywordMain.groovy:20)
	at com.kms.katalon.core.webui.keyword.builtin.ClickKeyword.click(ClickKeyword.groovy:74)
	at com.kms.katalon.core.webui.keyword.builtin.ClickKeyword.execute(ClickKeyword.groovy:40)
	at com.kms.katalon.core.keyword.internal.KeywordExecutor.executeKeywordForPlatform(KeywordExecutor.groovy:74)
	at com.kms.katalon.core.webui.keyword.WebUiBuiltInKeywords.click(WebUiBuiltInKeywords.groovy:620)
	at com.kms.katalon.core.webui.keyword.WebUiBuiltInKeywords$click$1.call(Unknown Source)
	at Script1641560022245.run(Script1641560022245.groovy:40)
	... 13 more
)
[[ATTACHMENT|E:\\MoodleTestByKatalon\\Reports\\20220115_214848\\Run all test cases\\20220115_214848\\1642260311281.png]]]]></system-out>
         <system-err><![CDATA[2022-01-15 22:23:17 - [TEST_CASE][FAILED] - Test Cases/NewTag/2. Create new tag with blank field: Test Cases/NewTag/2. Create new tag with blank field FAILED.
Reason:
com.kms.katalon.core.exception.StepFailedException: Unable to click on object 'Object Repository/NewTag/Page_SiteTesting Add a new course/a_Tags'
	at com.kms.katalon.core.webui.keyword.internal.WebUIKeywordMain.stepFailed(WebUIKeywordMain.groovy:64)
	at com.kms.katalon.core.webui.keyword.internal.WebUIKeywordMain.runKeyword(WebUIKeywordMain.groovy:26)
	at com.kms.katalon.core.webui.keyword.builtin.ClickKeyword.click(ClickKeyword.groovy:74)
	at com.kms.katalon.core.webui.keyword.builtin.ClickKeyword.execute(ClickKeyword.groovy:40)
	at com.kms.katalon.core.keyword.internal.KeywordExecutor.executeKeywordForPlatform(KeywordExecutor.groovy:74)
	at com.kms.katalon.core.webui.keyword.WebUiBuiltInKeywords.click(WebUiBuiltInKeywords.groovy:620)
	at com.kms.katalon.core.webui.keyword.WebUiBuiltInKeywords$click$1.call(Unknown Source)
	at 2. Create new tag with blank field.run(2. Create new tag with blank field:40)
	at com.kms.katalon.core.main.ScriptEngine.run(ScriptEngine.java:194)
	at com.kms.katalon.core.main.ScriptEngine.runScriptAsRawText(ScriptEngine.java:119)
	at com.kms.katalon.core.main.TestCaseExecutor.runScript(TestCaseExecutor.java:442)
	at com.kms.katalon.core.main.TestCaseExecutor.doExecute(TestCaseExecutor.java:433)
	at com.kms.katalon.core.main.TestCaseExecutor.processExecutionPhase(TestCaseExecutor.java:412)
	at com.kms.katalon.core.main.TestCaseExecutor.accessMainPhase(TestCaseExecutor.java:404)
	at com.kms.katalon.core.main.TestCaseExecutor.execute(TestCaseExecutor.java:281)
	at com.kms.katalon.core.main.TestSuiteExecutor.accessTestCaseMainPhase(TestSuiteExecutor.java:202)
	at com.kms.katalon.core.main.TestSuiteExecutor.accessTestSuiteMainPhase(TestSuiteExecutor.java:164)
	at com.kms.katalon.core.main.TestSuiteExecutor.execute(TestSuiteExecutor.java:105)
	at com.kms.katalon.core.main.TestCaseMain.startTestSuite(TestCaseMain.java:181)
	at com.kms.katalon.core.main.TestCaseMain$startTestSuite$0.call(Unknown Source)
	at TempTestSuite1642258128503.run(TempTestSuite1642258128503.groovy:36)
Caused by: com.kms.katalon.core.webui.exception.WebElementNotFoundException: Web element with id: 'Object Repository/NewTag/Page_SiteTesting Add a new course/a_Tags' located by '//*[@href = '#' and (text() = 'Tags' or . = 'Tags')]' not found
	at com.kms.katalon.core.webui.common.WebUiCommonHelper.findWebElement(WebUiCommonHelper.java:1368)
	at com.kms.katalon.core.webui.keyword.internal.WebUIAbstractKeyword.findWebElement(WebUIAbstractKeyword.groovy:27)
	at com.kms.katalon.core.webui.keyword.builtin.ClickKeyword$_click_closure1.doCall(ClickKeyword.groovy:65)
	at com.kms.katalon.core.webui.keyword.builtin.ClickKeyword$_click_closure1.call(ClickKeyword.groovy)
	at com.kms.katalon.core.webui.keyword.internal.WebUIKeywordMain.runKeyword(WebUIKeywordMain.groovy:20)
	... 19 more]]></system-err>
      </testcase>
      <testcase name="Test Cases/Role Giáo Viên/1. Tạo thông báo mới với dữ liệu trống" time="33.972" classname="Test Cases/Role Giáo Viên/1. Tạo thông báo mới với dữ liệu trống" status="PASSED">
         <system-out><![CDATA[2022-01-15 22:25:12 - [TEST_CASE][PASSED] - Test Cases/Role Giáo Viên/1. Tạo thông báo mới với dữ liệu trống: Test Cases/Role Giáo Viên/1. Tạo thông báo mới với dữ liệu trống

2022-01-15 22:25:12 - [TEST_STEP][PASSED] - openBrowser(""): Browser is opened with url: ''

2022-01-15 22:25:12 - [MESSAGE][WARNING] - A browser is already opened. Closing browser and opening a new one

2022-01-15 22:25:13 - [MESSAGE][INFO] - Starting 'Edge Chromium' driver

2022-01-15 22:25:15 - [MESSAGE][INFO] - Action delay is set to 0 milliseconds

2022-01-15 22:25:18 - [MESSAGE][PASSED] - Browser is opened with url: ''

2022-01-15 22:25:18 - [TEST_STEP][PASSED] - navigateToUrl("http://localhost/"): Navigate to 'http://localhost/' successfully

2022-01-15 22:25:21 - [MESSAGE][PASSED] - Navigate to 'http://localhost/' successfully

2022-01-15 22:25:21 - [TEST_STEP][PASSED] - click(findTestObject("Object Repository/Tạo thông báo mới với dữ liệu trống/Page_Automation Testing Site/a_Log in")): Object: 'Object Repository/Tạo thông báo mới với dữ liệu trống/Page_Automation Testing Site/a_Log in' is clicked on

2022-01-15 22:25:23 - [MESSAGE][PASSED] - Object: 'Object Repository/Tạo thông báo mới với dữ liệu trống/Page_Automation Testing Site/a_Log in' is clicked on

2022-01-15 22:25:23 - [TEST_STEP][PASSED] - setText(findTestObject("Object Repository/Tạo thông báo mới với dữ liệu trống/Page_Automation Testing Site Log in to the site/input_Username_username"), "admin"): Text 'admin' is set on object 'Object Repository/Tạo thông báo mới với dữ liệu trống/Page_Automation Testing Site Log in to the site/input_Username_username'

2022-01-15 22:25:25 - [MESSAGE][PASSED] - Text 'admin' is set on object 'Object Repository/Tạo thông báo mới với dữ liệu trống/Page_Automation Testing Site Log in to the site/input_Username_username'

2022-01-15 22:25:25 - [TEST_STEP][PASSED] - setEncryptedText(findTestObject("Object Repository/Tạo thông báo mới với dữ liệu trống/Page_Automation Testing Site Log in to the site/input_Password_password"), "cnpXG5HhkrZpEXzNIGBMZQ=="): Text ****** has been set on object 'Object Repository/Tạo thông báo mới với dữ liệu trống/Page_Automation Testing Site Log in to the site/input_Password_password'

2022-01-15 22:25:25 - [MESSAGE][PASSED] - Text ****** has been set on object 'Object Repository/Tạo thông báo mới với dữ liệu trống/Page_Automation Testing Site Log in to the site/input_Password_password'

2022-01-15 22:25:25 - [TEST_STEP][PASSED] - click(findTestObject("Object Repository/Tạo thông báo mới với dữ liệu trống/Page_Automation Testing Site Log in to the site/button_Log in")): Object: 'Object Repository/Tạo thông báo mới với dữ liệu trống/Page_Automation Testing Site Log in to the site/button_Log in' is clicked on

2022-01-15 22:25:29 - [MESSAGE][PASSED] - Object: 'Object Repository/Tạo thông báo mới với dữ liệu trống/Page_Automation Testing Site Log in to the site/button_Log in' is clicked on

2022-01-15 22:25:29 - [TEST_STEP][PASSED] - click(findTestObject("Object Repository/Tạo thông báo mới với dữ liệu trống/Page_Dashboard/span_Site home")): Object: 'Object Repository/Tạo thông báo mới với dữ liệu trống/Page_Dashboard/span_Site home' is clicked on

2022-01-15 22:25:33 - [MESSAGE][PASSED] - Object: 'Object Repository/Tạo thông báo mới với dữ liệu trống/Page_Dashboard/span_Site home' is clicked on

2022-01-15 22:25:33 - [TEST_STEP][PASSED] - click(findTestObject("Object Repository/Tạo thông báo mới với dữ liệu trống/Page_Automation Testing Site/a_Init Course")): Object: 'Object Repository/Tạo thông báo mới với dữ liệu trống/Page_Automation Testing Site/a_Init Course' is clicked on

2022-01-15 22:25:36 - [MESSAGE][PASSED] - Object: 'Object Repository/Tạo thông báo mới với dữ liệu trống/Page_Automation Testing Site/a_Init Course' is clicked on

2022-01-15 22:25:36 - [TEST_STEP][PASSED] - click(findTestObject("Object Repository/Tạo thông báo mới với dữ liệu trống/Page_Course Init Course/span_Announcements Forum")): Object: 'Object Repository/Tạo thông báo mới với dữ liệu trống/Page_Course Init Course/span_Announcements Forum' is clicked on

2022-01-15 22:25:40 - [MESSAGE][PASSED] - Object: 'Object Repository/Tạo thông báo mới với dữ liệu trống/Page_Course Init Course/span_Announcements Forum' is clicked on

2022-01-15 22:25:40 - [TEST_STEP][PASSED] - click(findTestObject("Object Repository/Tạo thông báo mới với dữ liệu trống/Page_Announcements/a_Add a new topic")): Object: 'Object Repository/Tạo thông báo mới với dữ liệu trống/Page_Announcements/a_Add a new topic' is clicked on

2022-01-15 22:25:42 - [MESSAGE][PASSED] - Object: 'Object Repository/Tạo thông báo mới với dữ liệu trống/Page_Announcements/a_Add a new topic' is clicked on

2022-01-15 22:25:42 - [TEST_STEP][PASSED] - click(findTestObject("Object Repository/Tạo thông báo mới với dữ liệu trống/Page_Announcements/input_Message_submitbutton")): Object: 'Object Repository/Tạo thông báo mới với dữ liệu trống/Page_Announcements/input_Message_submitbutton' is clicked on

2022-01-15 22:25:43 - [MESSAGE][PASSED] - Object: 'Object Repository/Tạo thông báo mới với dữ liệu trống/Page_Announcements/input_Message_submitbutton' is clicked on

2022-01-15 22:25:43 - [TEST_STEP][PASSED] - verifyTextPresent("- Required", false): Text '- Required' is present on page 

2022-01-15 22:25:46 - [MESSAGE][PASSED] - Text '- Required' is present on page]]></system-out>
         <system-err><![CDATA[]]></system-err>
      </testcase>
      <testcase name="Test Cases/Role Giáo Viên/2. Tạo thông báo mới với đầy đủ dữ liệu" time="31.558" classname="Test Cases/Role Giáo Viên/2. Tạo thông báo mới với đầy đủ dữ liệu" status="PASSED">
         <system-out><![CDATA[2022-01-15 22:25:46 - [TEST_CASE][PASSED] - Test Cases/Role Giáo Viên/2. Tạo thông báo mới với đầy đủ dữ liệu: Test Cases/Role Giáo Viên/2. Tạo thông báo mới với đầy đủ dữ liệu

2022-01-15 22:25:47 - [TEST_STEP][PASSED] - openBrowser(""): Browser is opened with url: ''

2022-01-15 22:25:47 - [MESSAGE][WARNING] - A browser is already opened. Closing browser and opening a new one

2022-01-15 22:25:48 - [MESSAGE][INFO] - Starting 'Edge Chromium' driver

2022-01-15 22:25:50 - [MESSAGE][INFO] - Action delay is set to 0 milliseconds

2022-01-15 22:25:52 - [MESSAGE][PASSED] - Browser is opened with url: ''

2022-01-15 22:25:52 - [TEST_STEP][PASSED] - navigateToUrl("http://localhost/"): Navigate to 'http://localhost/' successfully

2022-01-15 22:25:54 - [MESSAGE][PASSED] - Navigate to 'http://localhost/' successfully

2022-01-15 22:25:54 - [TEST_STEP][PASSED] - click(findTestObject("Object Repository/Tạo thông báo mới với dữ liệu đúng/Page_Automation Testing Site/a_Log in")): Object: 'Object Repository/Tạo thông báo mới với dữ liệu đúng/Page_Automation Testing Site/a_Log in' is clicked on

2022-01-15 22:25:55 - [MESSAGE][PASSED] - Object: 'Object Repository/Tạo thông báo mới với dữ liệu đúng/Page_Automation Testing Site/a_Log in' is clicked on

2022-01-15 22:25:55 - [TEST_STEP][PASSED] - setText(findTestObject("Object Repository/Tạo thông báo mới với dữ liệu đúng/Page_Automation Testing Site Log in to the site/input_Username_username"), "admin"): Text 'admin' is set on object 'Object Repository/Tạo thông báo mới với dữ liệu đúng/Page_Automation Testing Site Log in to the site/input_Username_username'

2022-01-15 22:25:56 - [MESSAGE][PASSED] - Text 'admin' is set on object 'Object Repository/Tạo thông báo mới với dữ liệu đúng/Page_Automation Testing Site Log in to the site/input_Username_username'

2022-01-15 22:25:56 - [TEST_STEP][PASSED] - setEncryptedText(findTestObject("Object Repository/Tạo thông báo mới với dữ liệu đúng/Page_Automation Testing Site Log in to the site/input_Password_password"), "cnpXG5HhkrZpEXzNIGBMZQ=="): Text ****** has been set on object 'Object Repository/Tạo thông báo mới với dữ liệu đúng/Page_Automation Testing Site Log in to the site/input_Password_password'

2022-01-15 22:25:57 - [MESSAGE][PASSED] - Text ****** has been set on object 'Object Repository/Tạo thông báo mới với dữ liệu đúng/Page_Automation Testing Site Log in to the site/input_Password_password'

2022-01-15 22:25:57 - [TEST_STEP][PASSED] - click(findTestObject("Object Repository/Tạo thông báo mới với dữ liệu đúng/Page_Automation Testing Site Log in to the site/button_Log in")): Object: 'Object Repository/Tạo thông báo mới với dữ liệu đúng/Page_Automation Testing Site Log in to the site/button_Log in' is clicked on

2022-01-15 22:25:59 - [MESSAGE][PASSED] - Object: 'Object Repository/Tạo thông báo mới với dữ liệu đúng/Page_Automation Testing Site Log in to the site/button_Log in' is clicked on

2022-01-15 22:25:59 - [TEST_STEP][PASSED] - click(findTestObject("Object Repository/Tạo thông báo mới với dữ liệu đúng/Page_Dashboard/span_Site home")): Object: 'Object Repository/Tạo thông báo mới với dữ liệu đúng/Page_Dashboard/span_Site home' is clicked on

2022-01-15 22:26:03 - [MESSAGE][PASSED] - Object: 'Object Repository/Tạo thông báo mới với dữ liệu đúng/Page_Dashboard/span_Site home' is clicked on

2022-01-15 22:26:03 - [TEST_STEP][PASSED] - click(findTestObject("Object Repository/Tạo thông báo mới với dữ liệu đúng/Page_Automation Testing Site/a_Init Course")): Object: 'Object Repository/Tạo thông báo mới với dữ liệu đúng/Page_Automation Testing Site/a_Init Course' is clicked on

2022-01-15 22:26:04 - [MESSAGE][PASSED] - Object: 'Object Repository/Tạo thông báo mới với dữ liệu đúng/Page_Automation Testing Site/a_Init Course' is clicked on

2022-01-15 22:26:04 - [TEST_STEP][PASSED] - click(findTestObject("Object Repository/Tạo thông báo mới với dữ liệu đúng/Page_Course Init Course/span_Announcements Forum")): Object: 'Object Repository/Tạo thông báo mới với dữ liệu đúng/Page_Course Init Course/span_Announcements Forum' is clicked on

2022-01-15 22:26:07 - [MESSAGE][PASSED] - Object: 'Object Repository/Tạo thông báo mới với dữ liệu đúng/Page_Course Init Course/span_Announcements Forum' is clicked on

2022-01-15 22:26:07 - [TEST_STEP][PASSED] - click(findTestObject("Object Repository/Tạo thông báo mới với dữ liệu đúng/Page_Announcements/a_Add a new topic")): Object: 'Object Repository/Tạo thông báo mới với dữ liệu đúng/Page_Announcements/a_Add a new topic' is clicked on

2022-01-15 22:26:08 - [MESSAGE][PASSED] - Object: 'Object Repository/Tạo thông báo mới với dữ liệu đúng/Page_Announcements/a_Add a new topic' is clicked on

2022-01-15 22:26:08 - [TEST_STEP][PASSED] - setText(findTestObject("Object Repository/Tạo thông báo mới với dữ liệu đúng/Page_Announcements/input_Subject_subject"), "Test announce"): Text 'Test announce' is set on object 'Object Repository/Tạo thông báo mới với dữ liệu đúng/Page_Announcements/input_Subject_subject'

2022-01-15 22:26:09 - [MESSAGE][PASSED] - Text 'Test announce' is set on object 'Object Repository/Tạo thông báo mới với dữ liệu đúng/Page_Announcements/input_Subject_subject'

2022-01-15 22:26:09 - [TEST_STEP][PASSED] - setText(findTestObject("Object Repository/Tạo thông báo mới với dữ liệu đúng/Page_Announcements/div_test content"), "<p dir="ltr" style="text-align: left;">test content</p>"): Text '<p dir="ltr" style="text-align: left;">test content</p>' is set on object 'Object Repository/Tạo thông báo mới với dữ liệu đúng/Page_Announcements/div_test content'

2022-01-15 22:26:11 - [MESSAGE][PASSED] - Text '<p dir="ltr" style="text-align: left;">test content</p>' is set on object 'Object Repository/Tạo thông báo mới với dữ liệu đúng/Page_Announcements/div_test content'

2022-01-15 22:26:11 - [TEST_STEP][PASSED] - click(findTestObject("Object Repository/Tạo thông báo mới với dữ liệu đúng/Page_Announcements/input_Message_submitbutton")): Object: 'Object Repository/Tạo thông báo mới với dữ liệu đúng/Page_Announcements/input_Message_submitbutton' is clicked on

2022-01-15 22:26:15 - [MESSAGE][PASSED] - Object: 'Object Repository/Tạo thông báo mới với dữ liệu đúng/Page_Announcements/input_Message_submitbutton' is clicked on

2022-01-15 22:26:15 - [TEST_STEP][PASSED] - verifyElementText(findTestObject("Object Repository/Tạo thông báo mới với dữ liệu đúng/Page_Announcements/p_Your post was successfully added"), "Your post was successfully added."): Actual text and expected text of test object 'Object Repository/Tạo thông báo mới với dữ liệu đúng/Page_Announcements/p_Your post was successfully added' are matched.

2022-01-15 22:26:16 - [MESSAGE][PASSED] - Actual text and expected text of test object 'Object Repository/Tạo thông báo mới với dữ liệu đúng/Page_Announcements/p_Your post was successfully added' are matched.

2022-01-15 22:26:16 - [TEST_STEP][PASSED] - closeBrowser(): Browser is closed

2022-01-15 22:26:17 - [MESSAGE][PASSED] - Browser is closed]]></system-out>
         <system-err><![CDATA[]]></system-err>
      </testcase>
      <testcase name="Test Cases/Role Giáo Viên/3. Tạo bài tập mới với dữ liệu rỗng" time="53.78" classname="Test Cases/Role Giáo Viên/3. Tạo bài tập mới với dữ liệu rỗng" status="PASSED">
         <system-out><![CDATA[2022-01-15 22:26:17 - [TEST_CASE][PASSED] - Test Cases/Role Giáo Viên/3. Tạo bài tập mới với dữ liệu rỗng: Test Cases/Role Giáo Viên/3. Tạo bài tập mới với dữ liệu rỗng

2022-01-15 22:26:18 - [TEST_STEP][PASSED] - openBrowser(""): Browser is opened with url: ''

2022-01-15 22:26:18 - [MESSAGE][INFO] - Starting 'Edge Chromium' driver

2022-01-15 22:26:20 - [MESSAGE][INFO] - Action delay is set to 0 milliseconds

2022-01-15 22:26:21 - [MESSAGE][PASSED] - Browser is opened with url: ''

2022-01-15 22:26:21 - [TEST_STEP][PASSED] - navigateToUrl("http://localhost/"): Navigate to 'http://localhost/' successfully

2022-01-15 22:26:23 - [MESSAGE][PASSED] - Navigate to 'http://localhost/' successfully

2022-01-15 22:26:23 - [TEST_STEP][PASSED] - click(findTestObject("Object Repository/Tạo bài tập mới với dữ liệu rỗng/Page_Automation Testing Site/a_Log in")): Object: 'Object Repository/Tạo bài tập mới với dữ liệu rỗng/Page_Automation Testing Site/a_Log in' is clicked on

2022-01-15 22:26:24 - [MESSAGE][PASSED] - Object: 'Object Repository/Tạo bài tập mới với dữ liệu rỗng/Page_Automation Testing Site/a_Log in' is clicked on

2022-01-15 22:26:24 - [TEST_STEP][PASSED] - setText(findTestObject("Object Repository/Tạo bài tập mới với dữ liệu rỗng/Page_Automation Testing Site Log in to the site/input_Username_username"), "admin"): Text 'admin' is set on object 'Object Repository/Tạo bài tập mới với dữ liệu rỗng/Page_Automation Testing Site Log in to the site/input_Username_username'

2022-01-15 22:26:25 - [MESSAGE][PASSED] - Text 'admin' is set on object 'Object Repository/Tạo bài tập mới với dữ liệu rỗng/Page_Automation Testing Site Log in to the site/input_Username_username'

2022-01-15 22:26:25 - [TEST_STEP][PASSED] - setEncryptedText(findTestObject("Object Repository/Tạo bài tập mới với dữ liệu rỗng/Page_Automation Testing Site Log in to the site/input_Password_password"), "cnpXG5HhkrZpEXzNIGBMZQ=="): Text ****** has been set on object 'Object Repository/Tạo bài tập mới với dữ liệu rỗng/Page_Automation Testing Site Log in to the site/input_Password_password'

2022-01-15 22:26:26 - [MESSAGE][PASSED] - Text ****** has been set on object 'Object Repository/Tạo bài tập mới với dữ liệu rỗng/Page_Automation Testing Site Log in to the site/input_Password_password'

2022-01-15 22:26:26 - [TEST_STEP][PASSED] - click(findTestObject("Object Repository/Tạo bài tập mới với dữ liệu rỗng/Page_Automation Testing Site Log in to the site/button_Log in")): Object: 'Object Repository/Tạo bài tập mới với dữ liệu rỗng/Page_Automation Testing Site Log in to the site/button_Log in' is clicked on

2022-01-15 22:26:28 - [MESSAGE][PASSED] - Object: 'Object Repository/Tạo bài tập mới với dữ liệu rỗng/Page_Automation Testing Site Log in to the site/button_Log in' is clicked on

2022-01-15 22:26:28 - [TEST_STEP][PASSED] - click(findTestObject("Object Repository/Tạo bài tập mới với dữ liệu rỗng/Page_Dashboard/span_Site home")): Object: 'Object Repository/Tạo bài tập mới với dữ liệu rỗng/Page_Dashboard/span_Site home' is clicked on

2022-01-15 22:26:31 - [MESSAGE][PASSED] - Object: 'Object Repository/Tạo bài tập mới với dữ liệu rỗng/Page_Dashboard/span_Site home' is clicked on

2022-01-15 22:26:31 - [TEST_STEP][PASSED] - click(findTestObject("Object Repository/Tạo bài tập mới với dữ liệu rỗng/Page_Automation Testing Site/a_Init Course")): Object: 'Object Repository/Tạo bài tập mới với dữ liệu rỗng/Page_Automation Testing Site/a_Init Course' is clicked on

2022-01-15 22:26:33 - [MESSAGE][PASSED] - Object: 'Object Repository/Tạo bài tập mới với dữ liệu rỗng/Page_Automation Testing Site/a_Init Course' is clicked on

2022-01-15 22:26:33 - [TEST_STEP][PASSED] - click(findTestObject("Object Repository/Tạo bài tập mới với dữ liệu rỗng/Page_Course Init Course/button_Turn editing on")): Object: 'Object Repository/Tạo bài tập mới với dữ liệu rỗng/Page_Course Init Course/button_Turn editing on' is clicked on

2022-01-15 22:26:34 - [MESSAGE][PASSED] - Object: 'Object Repository/Tạo bài tập mới với dữ liệu rỗng/Page_Course Init Course/button_Turn editing on' is clicked on

2022-01-15 22:26:34 - [TEST_STEP][PASSED] - click(findTestObject("Object Repository/Tạo bài tập mới với dữ liệu rỗng/Page_Course Init Course/span_Add an activity or resource")): Object: 'Object Repository/Tạo bài tập mới với dữ liệu rỗng/Page_Course Init Course/span_Add an activity or resource' is clicked on

2022-01-15 22:26:36 - [MESSAGE][PASSED] - Object: 'Object Repository/Tạo bài tập mới với dữ liệu rỗng/Page_Course Init Course/span_Add an activity or resource' is clicked on

2022-01-15 22:26:36 - [TEST_STEP][PASSED] - click(findTestObject("Object Repository/Tạo bài tập mới với dữ liệu rỗng/Page_Course Init Course/img_Recommended_icon icon")): Object: 'Object Repository/Tạo bài tập mới với dữ liệu rỗng/Page_Course Init Course/img_Recommended_icon icon' is clicked on

2022-01-15 22:27:07 - [MESSAGE][INFO] - Unable to find the element located by 'By.xpath: //*[@class = 'icon icon' and @src = 'http://localhost/theme/image.php/boost/assign/1641197589/icon']'. Please recheck the objects properties to make sure the desired element is located. 

2022-01-15 22:27:07 - [MESSAGE][WARNING] - [SELF-HEALING] Failed to find element with id 'Object Repository/Tạo bài tập mới với dữ liệu rỗng/Page_Course Init Course/img_Recommended_icon icon'. Try using Self-healing.

2022-01-15 22:27:07 - [MESSAGE][WARNING] - [SELF-HEALING] The current locator of test object 'Object Repository/Tạo bài tập mới với dữ liệu rỗng/Page_Course Init Course/img_Recommended_icon icon' was broken. Propose an alternative one: '//div[@id='all-4']/div/div/div/a/div/img'.

2022-01-15 22:27:08 - [MESSAGE][PASSED] - Object: 'Object Repository/Tạo bài tập mới với dữ liệu rỗng/Page_Course Init Course/img_Recommended_icon icon' is clicked on

2022-01-15 22:27:08 - [TEST_STEP][PASSED] - click(findTestObject("Object Repository/Tạo bài tập mới với dữ liệu rỗng/Page_Editing Assignment/input_Upon activity completion_submitbutton")): Object: 'Object Repository/Tạo bài tập mới với dữ liệu rỗng/Page_Editing Assignment/input_Upon activity completion_submitbutton' is clicked on

2022-01-15 22:27:10 - [MESSAGE][PASSED] - Object: 'Object Repository/Tạo bài tập mới với dữ liệu rỗng/Page_Editing Assignment/input_Upon activity completion_submitbutton' is clicked on

2022-01-15 22:27:10 - [TEST_STEP][PASSED] - verifyElementText(findTestObject("Object Repository/Tạo bài tập mới với dữ liệu rỗng/Page_Editing Assignment/div_- You must supply a value here"), "- You must supply a value here."): Actual text and expected text of test object 'Object Repository/Tạo bài tập mới với dữ liệu rỗng/Page_Editing Assignment/div_- You must supply a value here' are matched.

2022-01-15 22:27:10 - [MESSAGE][PASSED] - Actual text and expected text of test object 'Object Repository/Tạo bài tập mới với dữ liệu rỗng/Page_Editing Assignment/div_- You must supply a value here' are matched.

2022-01-15 22:27:10 - [TEST_STEP][PASSED] - closeBrowser(): Browser is closed

2022-01-15 22:27:11 - [MESSAGE][PASSED] - Browser is closed]]></system-out>
         <system-err><![CDATA[]]></system-err>
      </testcase>
      <testcase name="Test Cases/Role Giáo Viên/4. Tạo bài tập mới với dữ liệu đúng" time="55.02" classname="Test Cases/Role Giáo Viên/4. Tạo bài tập mới với dữ liệu đúng" status="PASSED">
         <system-out><![CDATA[2022-01-15 22:27:11 - [TEST_CASE][PASSED] - Test Cases/Role Giáo Viên/4. Tạo bài tập mới với dữ liệu đúng: Test Cases/Role Giáo Viên/4. Tạo bài tập mới với dữ liệu đúng

2022-01-15 22:27:11 - [TEST_STEP][PASSED] - openBrowser(""): Browser is opened with url: ''

2022-01-15 22:27:11 - [MESSAGE][INFO] - Starting 'Edge Chromium' driver

2022-01-15 22:27:13 - [MESSAGE][INFO] - Action delay is set to 0 milliseconds

2022-01-15 22:27:14 - [MESSAGE][PASSED] - Browser is opened with url: ''

2022-01-15 22:27:14 - [TEST_STEP][PASSED] - navigateToUrl("http://localhost/"): Navigate to 'http://localhost/' successfully

2022-01-15 22:27:16 - [MESSAGE][PASSED] - Navigate to 'http://localhost/' successfully

2022-01-15 22:27:16 - [TEST_STEP][PASSED] - click(findTestObject("Object Repository/Tạo bài tập mới với dữ liệu đúng/Page_Automation Testing Site/a_Log in")): Object: 'Object Repository/Tạo bài tập mới với dữ liệu đúng/Page_Automation Testing Site/a_Log in' is clicked on

2022-01-15 22:27:17 - [MESSAGE][PASSED] - Object: 'Object Repository/Tạo bài tập mới với dữ liệu đúng/Page_Automation Testing Site/a_Log in' is clicked on

2022-01-15 22:27:17 - [TEST_STEP][PASSED] - setText(findTestObject("Object Repository/Tạo bài tập mới với dữ liệu đúng/Page_Automation Testing Site Log in to the site/input_Username_username"), "admin"): Text 'admin' is set on object 'Object Repository/Tạo bài tập mới với dữ liệu đúng/Page_Automation Testing Site Log in to the site/input_Username_username'

2022-01-15 22:27:18 - [MESSAGE][PASSED] - Text 'admin' is set on object 'Object Repository/Tạo bài tập mới với dữ liệu đúng/Page_Automation Testing Site Log in to the site/input_Username_username'

2022-01-15 22:27:18 - [TEST_STEP][PASSED] - setEncryptedText(findTestObject("Object Repository/Tạo bài tập mới với dữ liệu đúng/Page_Automation Testing Site Log in to the site/input_Password_password"), "cnpXG5HhkrZpEXzNIGBMZQ=="): Text ****** has been set on object 'Object Repository/Tạo bài tập mới với dữ liệu đúng/Page_Automation Testing Site Log in to the site/input_Password_password'

2022-01-15 22:27:18 - [MESSAGE][PASSED] - Text ****** has been set on object 'Object Repository/Tạo bài tập mới với dữ liệu đúng/Page_Automation Testing Site Log in to the site/input_Password_password'

2022-01-15 22:27:18 - [TEST_STEP][PASSED] - click(findTestObject("Object Repository/Tạo bài tập mới với dữ liệu đúng/Page_Automation Testing Site Log in to the site/button_Log in")): Object: 'Object Repository/Tạo bài tập mới với dữ liệu đúng/Page_Automation Testing Site Log in to the site/button_Log in' is clicked on

2022-01-15 22:27:20 - [MESSAGE][PASSED] - Object: 'Object Repository/Tạo bài tập mới với dữ liệu đúng/Page_Automation Testing Site Log in to the site/button_Log in' is clicked on

2022-01-15 22:27:20 - [TEST_STEP][PASSED] - click(findTestObject("Object Repository/Tạo bài tập mới với dữ liệu đúng/Page_Dashboard/span_Site home")): Object: 'Object Repository/Tạo bài tập mới với dữ liệu đúng/Page_Dashboard/span_Site home' is clicked on

2022-01-15 22:27:23 - [MESSAGE][PASSED] - Object: 'Object Repository/Tạo bài tập mới với dữ liệu đúng/Page_Dashboard/span_Site home' is clicked on

2022-01-15 22:27:23 - [TEST_STEP][PASSED] - click(findTestObject("Object Repository/Tạo bài tập mới với dữ liệu đúng/Page_Automation Testing Site/a_Init Course")): Object: 'Object Repository/Tạo bài tập mới với dữ liệu đúng/Page_Automation Testing Site/a_Init Course' is clicked on

2022-01-15 22:27:24 - [MESSAGE][PASSED] - Object: 'Object Repository/Tạo bài tập mới với dữ liệu đúng/Page_Automation Testing Site/a_Init Course' is clicked on

2022-01-15 22:27:24 - [TEST_STEP][PASSED] - click(findTestObject("Object Repository/Tạo bài tập mới với dữ liệu đúng/Page_Course Init Course/button_Turn editing on")): Object: 'Object Repository/Tạo bài tập mới với dữ liệu đúng/Page_Course Init Course/button_Turn editing on' is clicked on

2022-01-15 22:27:25 - [MESSAGE][PASSED] - Object: 'Object Repository/Tạo bài tập mới với dữ liệu đúng/Page_Course Init Course/button_Turn editing on' is clicked on

2022-01-15 22:27:25 - [TEST_STEP][PASSED] - click(findTestObject("Object Repository/Tạo bài tập mới với dữ liệu đúng/Page_Course Init Course/span_Add an activity or resource")): Object: 'Object Repository/Tạo bài tập mới với dữ liệu đúng/Page_Course Init Course/span_Add an activity or resource' is clicked on

2022-01-15 22:27:26 - [MESSAGE][PASSED] - Object: 'Object Repository/Tạo bài tập mới với dữ liệu đúng/Page_Course Init Course/span_Add an activity or resource' is clicked on

2022-01-15 22:27:26 - [TEST_STEP][PASSED] - click(findTestObject("Object Repository/Tạo bài tập mới với dữ liệu đúng/Page_Course Init Course/img_Recommended_icon icon")): Object: 'Object Repository/Tạo bài tập mới với dữ liệu đúng/Page_Course Init Course/img_Recommended_icon icon' is clicked on

2022-01-15 22:27:57 - [MESSAGE][INFO] - Unable to find the element located by 'By.xpath: //*[@class = 'icon icon' and @src = 'http://localhost/theme/image.php/boost/assign/1641197589/icon']'. Please recheck the objects properties to make sure the desired element is located. 

2022-01-15 22:27:57 - [MESSAGE][WARNING] - [SELF-HEALING] Failed to find element with id 'Object Repository/Tạo bài tập mới với dữ liệu đúng/Page_Course Init Course/img_Recommended_icon icon'. Try using Self-healing.

2022-01-15 22:27:57 - [MESSAGE][WARNING] - [SELF-HEALING] The current locator of test object 'Object Repository/Tạo bài tập mới với dữ liệu đúng/Page_Course Init Course/img_Recommended_icon icon' was broken. Propose an alternative one: '//div[@id='all-4']/div/div/div/a/div/img'.

2022-01-15 22:28:00 - [MESSAGE][PASSED] - Object: 'Object Repository/Tạo bài tập mới với dữ liệu đúng/Page_Course Init Course/img_Recommended_icon icon' is clicked on

2022-01-15 22:28:00 - [TEST_STEP][PASSED] - setText(findTestObject("Object Repository/Tạo bài tập mới với dữ liệu đúng/Page_Editing Assignment/input_Assignment name_name"), "Bài taapkj mới"): Text 'Bài taapkj mới' is set on object 'Object Repository/Tạo bài tập mới với dữ liệu đúng/Page_Editing Assignment/input_Assignment name_name'

2022-01-15 22:28:02 - [MESSAGE][PASSED] - Text 'Bài taapkj mới' is set on object 'Object Repository/Tạo bài tập mới với dữ liệu đúng/Page_Editing Assignment/input_Assignment name_name'

2022-01-15 22:28:02 - [TEST_STEP][PASSED] - click(findTestObject("Object Repository/Tạo bài tập mới với dữ liệu đúng/Page_Editing Assignment/input_Upon activity completion_submitbutton")): Object: 'Object Repository/Tạo bài tập mới với dữ liệu đúng/Page_Editing Assignment/input_Upon activity completion_submitbutton' is clicked on

2022-01-15 22:28:04 - [MESSAGE][PASSED] - Object: 'Object Repository/Tạo bài tập mới với dữ liệu đúng/Page_Editing Assignment/input_Upon activity completion_submitbutton' is clicked on

2022-01-15 22:28:04 - [TEST_STEP][PASSED] - verifyElementText(findTestObject("Object Repository/Tạo bài tập mới với dữ liệu đúng/Page_init Bi taapkj mi/h2_Bi taapkj mi"), "Bài taapkj mới"): Actual text and expected text of test object 'Object Repository/Tạo bài tập mới với dữ liệu đúng/Page_init Bi taapkj mi/h2_Bi taapkj mi' are matched.

2022-01-15 22:28:05 - [MESSAGE][PASSED] - Actual text and expected text of test object 'Object Repository/Tạo bài tập mới với dữ liệu đúng/Page_init Bi taapkj mi/h2_Bi taapkj mi' are matched.

2022-01-15 22:28:05 - [TEST_STEP][PASSED] - closeBrowser(): Browser is closed

2022-01-15 22:28:06 - [MESSAGE][PASSED] - Browser is closed]]></system-out>
         <system-err><![CDATA[]]></system-err>
      </testcase>
      <testcase name="Test Cases/Role Giáo Viên/5. Tạo bài tập mới với ngày open lớn hơn due day" time="56.013" classname="Test Cases/Role Giáo Viên/5. Tạo bài tập mới với ngày open lớn hơn due day" status="PASSED">
         <system-out><![CDATA[2022-01-15 22:28:06 - [TEST_CASE][PASSED] - Test Cases/Role Giáo Viên/5. Tạo bài tập mới với ngày open lớn hơn due day: Test Cases/Role Giáo Viên/5. Tạo bài tập mới với ngày open lớn hơn due day

2022-01-15 22:28:06 - [TEST_STEP][PASSED] - openBrowser(""): Browser is opened with url: ''

2022-01-15 22:28:06 - [MESSAGE][INFO] - Starting 'Edge Chromium' driver

2022-01-15 22:28:09 - [MESSAGE][INFO] - Action delay is set to 0 milliseconds

2022-01-15 22:28:10 - [MESSAGE][PASSED] - Browser is opened with url: ''

2022-01-15 22:28:10 - [TEST_STEP][PASSED] - navigateToUrl("http://localhost/"): Navigate to 'http://localhost/' successfully

2022-01-15 22:28:11 - [MESSAGE][PASSED] - Navigate to 'http://localhost/' successfully

2022-01-15 22:28:11 - [TEST_STEP][PASSED] - click(findTestObject("Object Repository/Tạo bài tập mới với ngày open lớn hơn due date/Page_Automation Testing Site/a_Log in")): Object: 'Object Repository/Tạo bài tập mới với ngày open lớn hơn due date/Page_Automation Testing Site/a_Log in' is clicked on

2022-01-15 22:28:12 - [MESSAGE][PASSED] - Object: 'Object Repository/Tạo bài tập mới với ngày open lớn hơn due date/Page_Automation Testing Site/a_Log in' is clicked on

2022-01-15 22:28:12 - [TEST_STEP][PASSED] - setText(findTestObject("Object Repository/Tạo bài tập mới với ngày open lớn hơn due date/Page_Automation Testing Site Log in to the site/input_Username_username"), "admin"): Text 'admin' is set on object 'Object Repository/Tạo bài tập mới với ngày open lớn hơn due date/Page_Automation Testing Site Log in to the site/input_Username_username'

2022-01-15 22:28:13 - [MESSAGE][PASSED] - Text 'admin' is set on object 'Object Repository/Tạo bài tập mới với ngày open lớn hơn due date/Page_Automation Testing Site Log in to the site/input_Username_username'

2022-01-15 22:28:13 - [TEST_STEP][PASSED] - setEncryptedText(findTestObject("Object Repository/Tạo bài tập mới với ngày open lớn hơn due date/Page_Automation Testing Site Log in to the site/input_Password_password"), "cnpXG5HhkrZpEXzNIGBMZQ=="): Text ****** has been set on object 'Object Repository/Tạo bài tập mới với ngày open lớn hơn due date/Page_Automation Testing Site Log in to the site/input_Password_password'

2022-01-15 22:28:14 - [MESSAGE][PASSED] - Text ****** has been set on object 'Object Repository/Tạo bài tập mới với ngày open lớn hơn due date/Page_Automation Testing Site Log in to the site/input_Password_password'

2022-01-15 22:28:14 - [TEST_STEP][PASSED] - click(findTestObject("Object Repository/Tạo bài tập mới với ngày open lớn hơn due date/Page_Automation Testing Site Log in to the site/button_Log in")): Object: 'Object Repository/Tạo bài tập mới với ngày open lớn hơn due date/Page_Automation Testing Site Log in to the site/button_Log in' is clicked on

2022-01-15 22:28:16 - [MESSAGE][PASSED] - Object: 'Object Repository/Tạo bài tập mới với ngày open lớn hơn due date/Page_Automation Testing Site Log in to the site/button_Log in' is clicked on

2022-01-15 22:28:16 - [TEST_STEP][PASSED] - click(findTestObject("Object Repository/Tạo bài tập mới với ngày open lớn hơn due date/Page_Dashboard/span_Site home")): Object: 'Object Repository/Tạo bài tập mới với ngày open lớn hơn due date/Page_Dashboard/span_Site home' is clicked on

2022-01-15 22:28:18 - [MESSAGE][PASSED] - Object: 'Object Repository/Tạo bài tập mới với ngày open lớn hơn due date/Page_Dashboard/span_Site home' is clicked on

2022-01-15 22:28:18 - [TEST_STEP][PASSED] - click(findTestObject("Object Repository/Tạo bài tập mới với ngày open lớn hơn due date/Page_Automation Testing Site/a_Init Course")): Object: 'Object Repository/Tạo bài tập mới với ngày open lớn hơn due date/Page_Automation Testing Site/a_Init Course' is clicked on

2022-01-15 22:28:19 - [MESSAGE][PASSED] - Object: 'Object Repository/Tạo bài tập mới với ngày open lớn hơn due date/Page_Automation Testing Site/a_Init Course' is clicked on

2022-01-15 22:28:19 - [TEST_STEP][PASSED] - click(findTestObject("Object Repository/Tạo bài tập mới với ngày open lớn hơn due date/Page_Course Init Course/button_Turn editing on")): Object: 'Object Repository/Tạo bài tập mới với ngày open lớn hơn due date/Page_Course Init Course/button_Turn editing on' is clicked on

2022-01-15 22:28:20 - [MESSAGE][PASSED] - Object: 'Object Repository/Tạo bài tập mới với ngày open lớn hơn due date/Page_Course Init Course/button_Turn editing on' is clicked on

2022-01-15 22:28:20 - [TEST_STEP][PASSED] - click(findTestObject("Object Repository/Tạo bài tập mới với ngày open lớn hơn due date/Page_Course Init Course/span_Add an activity or resource")): Object: 'Object Repository/Tạo bài tập mới với ngày open lớn hơn due date/Page_Course Init Course/span_Add an activity or resource' is clicked on

2022-01-15 22:28:21 - [MESSAGE][PASSED] - Object: 'Object Repository/Tạo bài tập mới với ngày open lớn hơn due date/Page_Course Init Course/span_Add an activity or resource' is clicked on

2022-01-15 22:28:21 - [TEST_STEP][PASSED] - click(findTestObject("Object Repository/Tạo bài tập mới với ngày open lớn hơn due date/Page_Course Init Course/img_Recommended_icon icon")): Object: 'Object Repository/Tạo bài tập mới với ngày open lớn hơn due date/Page_Course Init Course/img_Recommended_icon icon' is clicked on

2022-01-15 22:28:53 - [MESSAGE][INFO] - Unable to find the element located by 'By.xpath: //*[@class = 'icon icon' and @src = 'http://localhost/theme/image.php/boost/assign/1641197589/icon']'. Please recheck the objects properties to make sure the desired element is located. 

2022-01-15 22:28:53 - [MESSAGE][WARNING] - [SELF-HEALING] Failed to find element with id 'Object Repository/Tạo bài tập mới với ngày open lớn hơn due date/Page_Course Init Course/img_Recommended_icon icon'. Try using Self-healing.

2022-01-15 22:28:53 - [MESSAGE][WARNING] - [SELF-HEALING] The current locator of test object 'Object Repository/Tạo bài tập mới với ngày open lớn hơn due date/Page_Course Init Course/img_Recommended_icon icon' was broken. Propose an alternative one: '//div[@id='all-4']/div/div/div/a/div/img'.

2022-01-15 22:28:54 - [MESSAGE][PASSED] - Object: 'Object Repository/Tạo bài tập mới với ngày open lớn hơn due date/Page_Course Init Course/img_Recommended_icon icon' is clicked on

2022-01-15 22:28:54 - [TEST_STEP][PASSED] - setText(findTestObject("Object Repository/Tạo bài tập mới với ngày open lớn hơn due date/Page_Editing Assignment/input_Assignment name_name"), "test"): Text 'test' is set on object 'Object Repository/Tạo bài tập mới với ngày open lớn hơn due date/Page_Editing Assignment/input_Assignment name_name'

2022-01-15 22:28:56 - [MESSAGE][PASSED] - Text 'test' is set on object 'Object Repository/Tạo bài tập mới với ngày open lớn hơn due date/Page_Editing Assignment/input_Assignment name_name'

2022-01-15 22:28:56 - [TEST_STEP][PASSED] - selectOptionByValue(findTestObject("Object Repository/Tạo bài tập mới với ngày open lớn hơn due date/Page_Editing Assignment/select_1        2        3        4        _45ea30"), "28", true): All options with value '28' are selected in object 'Object Repository/Tạo bài tập mới với ngày open lớn hơn due date/Page_Editing Assignment/select_1        2        3        4        _45ea30'  using regular expression

2022-01-15 22:28:58 - [MESSAGE][PASSED] - All options with value '28' are selected in object 'Object Repository/Tạo bài tập mới với ngày open lớn hơn due date/Page_Editing Assignment/select_1        2        3        4        _45ea30'  using regular expression

2022-01-15 22:28:58 - [TEST_STEP][PASSED] - click(findTestObject("Object Repository/Tạo bài tập mới với ngày open lớn hơn due date/Page_Editing Assignment/input_Upon activity completion_submitbutton")): Object: 'Object Repository/Tạo bài tập mới với ngày open lớn hơn due date/Page_Editing Assignment/input_Upon activity completion_submitbutton' is clicked on

2022-01-15 22:29:00 - [MESSAGE][PASSED] - Object: 'Object Repository/Tạo bài tập mới với ngày open lớn hơn due date/Page_Editing Assignment/input_Upon activity completion_submitbutton' is clicked on

2022-01-15 22:29:00 - [TEST_STEP][PASSED] - verifyElementText(findTestObject("Object Repository/Tạo bài tập mới với ngày open lớn hơn due date/Page_Editing Assignment/div_Due date cannot be earlier than the all_eaad69"), "Due date cannot be earlier than the allow submissions from date."): Actual text and expected text of test object 'Object Repository/Tạo bài tập mới với ngày open lớn hơn due date/Page_Editing Assignment/div_Due date cannot be earlier than the all_eaad69' are matched.

2022-01-15 22:29:01 - [MESSAGE][PASSED] - Actual text and expected text of test object 'Object Repository/Tạo bài tập mới với ngày open lớn hơn due date/Page_Editing Assignment/div_Due date cannot be earlier than the all_eaad69' are matched.

2022-01-15 22:29:01 - [TEST_STEP][PASSED] - closeBrowser(): Browser is closed

2022-01-15 22:29:02 - [MESSAGE][PASSED] - Browser is closed]]></system-out>
         <system-err><![CDATA[]]></system-err>
      </testcase>
      <testcase name="Test Cases/Xóa tài khoản/Xóa hết tài khoản đã tạo" time="54.812" classname="Test Cases/Xóa tài khoản/Xóa hết tài khoản đã tạo" status="PASSED">
         <system-out><![CDATA[2022-01-15 22:29:02 - [TEST_CASE][PASSED] - Test Cases/Xóa tài khoản/Xóa hết tài khoản đã tạo: Test Cases/Xóa tài khoản/Xóa hết tài khoản đã tạo

2022-01-15 22:29:02 - [TEST_STEP][PASSED] - callTestCase(findTestCase("Kiểm tra thẻ Site Administration/Đăng nhập thành công"), [:], STOP_ON_FAILURE): Call Test Case 'Test Cases/Kiểm tra thẻ Site Administration/Đăng nhập thành công' successfully

2022-01-15 22:29:02 - [TEST_CASE][PASSED] - Test Cases/Kiểm tra thẻ Site Administration/Đăng nhập thành công: Test Cases/Kiểm tra thẻ Site Administration/Đăng nhập thành công

2022-01-15 22:29:02 - [TEST_STEP][PASSED] - openBrowser(""): Browser is opened with url: ''

2022-01-15 22:29:02 - [MESSAGE][INFO] - Starting 'Edge Chromium' driver

2022-01-15 22:29:05 - [MESSAGE][INFO] - Action delay is set to 0 milliseconds

2022-01-15 22:29:05 - [MESSAGE][PASSED] - Browser is opened with url: ''

2022-01-15 22:29:05 - [TEST_STEP][PASSED] - navigateToUrl("http://localhost/"): Navigate to 'http://localhost/' successfully

2022-01-15 22:29:06 - [MESSAGE][PASSED] - Navigate to 'http://localhost/' successfully

2022-01-15 22:29:06 - [TEST_STEP][PASSED] - click(findTestObject("Object Repository/LoginObject/Page_Automation Testing Site/a_Log in")): Object: 'Object Repository/LoginObject/Page_Automation Testing Site/a_Log in' is clicked on

2022-01-15 22:29:07 - [MESSAGE][PASSED] - Object: 'Object Repository/LoginObject/Page_Automation Testing Site/a_Log in' is clicked on

2022-01-15 22:29:07 - [TEST_STEP][PASSED] - setText(findTestObject("Object Repository/LoginObject/Page_Automation Testing Site Log in to the site/input_Username_username"), "admin"): Text 'admin' is set on object 'Object Repository/LoginObject/Page_Automation Testing Site Log in to the site/input_Username_username'

2022-01-15 22:29:08 - [MESSAGE][PASSED] - Text 'admin' is set on object 'Object Repository/LoginObject/Page_Automation Testing Site Log in to the site/input_Username_username'

2022-01-15 22:29:08 - [TEST_STEP][PASSED] - setEncryptedText(findTestObject("Object Repository/LoginObject/Page_Automation Testing Site Log in to the site/input_Password_password"), "cnpXG5HhkrZpEXzNIGBMZQ=="): Text ****** has been set on object 'Object Repository/LoginObject/Page_Automation Testing Site Log in to the site/input_Password_password'

2022-01-15 22:29:08 - [MESSAGE][PASSED] - Text ****** has been set on object 'Object Repository/LoginObject/Page_Automation Testing Site Log in to the site/input_Password_password'

2022-01-15 22:29:08 - [TEST_STEP][PASSED] - click(findTestObject("Object Repository/LoginObject/Page_Automation Testing Site Log in to the site/button_Log in")): Object: 'Object Repository/LoginObject/Page_Automation Testing Site Log in to the site/button_Log in' is clicked on

2022-01-15 22:29:10 - [MESSAGE][PASSED] - Object: 'Object Repository/LoginObject/Page_Automation Testing Site Log in to the site/button_Log in' is clicked on

2022-01-15 22:29:10 - [TEST_STEP][PASSED] - verifyElementText(findTestObject("Object Repository/LoginObject/Page_Dashboard/span_Site administration"), "Site administration"): Actual text and expected text of test object 'Object Repository/LoginObject/Page_Dashboard/span_Site administration' are matched.

2022-01-15 22:29:12 - [MESSAGE][PASSED] - Actual text and expected text of test object 'Object Repository/LoginObject/Page_Dashboard/span_Site administration' are matched.

2022-01-15 22:29:12 - [MESSAGE][PASSED] - Call Test Case 'Test Cases/Kiểm tra thẻ Site Administration/Đăng nhập thành công' successfully

2022-01-15 22:29:12 - [TEST_STEP][PASSED] - click(findTestObject("Object Repository/AddANewUserObject/Page_Dashboard/span_Site administration")): Object: 'Object Repository/AddANewUserObject/Page_Dashboard/span_Site administration' is clicked on

2022-01-15 22:29:14 - [MESSAGE][PASSED] - Object: 'Object Repository/AddANewUserObject/Page_Dashboard/span_Site administration' is clicked on

2022-01-15 22:29:14 - [TEST_STEP][PASSED] - navigateToUrl("http://localhost/admin/search.php"): Navigate to 'http://localhost/admin/search.php' successfully

2022-01-15 22:29:15 - [MESSAGE][PASSED] - Navigate to 'http://localhost/admin/search.php' successfully

2022-01-15 22:29:15 - [TEST_STEP][PASSED] - click(findTestObject("Object Repository/DeleteAnAccount/Page_SiteTesting Administration Search/a_Users")): Object: 'Object Repository/DeleteAnAccount/Page_SiteTesting Administration Search/a_Users' is clicked on

2022-01-15 22:29:16 - [MESSAGE][PASSED] - Object: 'Object Repository/DeleteAnAccount/Page_SiteTesting Administration Search/a_Users' is clicked on

2022-01-15 22:29:16 - [TEST_STEP][PASSED] - click(findTestObject("Object Repository/DeleteAnAccount/Page_SiteTesting Administration Search/a_Browse list of users")): Object: 'Object Repository/DeleteAnAccount/Page_SiteTesting Administration Search/a_Browse list of users' is clicked on

2022-01-15 22:29:17 - [MESSAGE][PASSED] - Object: 'Object Repository/DeleteAnAccount/Page_SiteTesting Administration Search/a_Browse list of users' is clicked on

2022-01-15 22:29:17 - [TEST_STEP][PASSED] - navigateToUrl("http://localhost/admin/user.php"): Navigate to 'http://localhost/admin/user.php' successfully

2022-01-15 22:29:19 - [MESSAGE][PASSED] - Navigate to 'http://localhost/admin/user.php' successfully

2022-01-15 22:29:19 - [TEST_STEP][PASSED] - while (true): null

2022-01-15 22:29:19 - [TEST_STEP][PASSED] - if (waitForElementVisible(findTestObject("Object Repository/DeleteAllObject/Page_SiteTesting Administration Users Accou_36dc4d/i_Never_icon fa fa-trash fa-fw"), 1, OPTIONAL) == false): Object 'Object Repository/DeleteAllObject/Page_SiteTesting Administration Users Accou_36dc4d/i_Never_icon fa fa-trash fa-fw' is visible

2022-01-15 22:29:19 - [MESSAGE][PASSED] - Object 'Object Repository/DeleteAllObject/Page_SiteTesting Administration Users Accou_36dc4d/i_Never_icon fa fa-trash fa-fw' is visible

2022-01-15 22:29:19 - [TEST_STEP][PASSED] - click(findTestObject("Object Repository/DeleteAllObject/Page_SiteTesting Administration Users Accou_36dc4d/i_Never_icon fa fa-trash fa-fw")): Object: 'Object Repository/DeleteAllObject/Page_SiteTesting Administration Users Accou_36dc4d/i_Never_icon fa fa-trash fa-fw' is clicked on

2022-01-15 22:29:20 - [MESSAGE][PASSED] - Object: 'Object Repository/DeleteAllObject/Page_SiteTesting Administration Users Accou_36dc4d/i_Never_icon fa fa-trash fa-fw' is clicked on

2022-01-15 22:29:20 - [TEST_STEP][PASSED] - click(findTestObject("Object Repository/DeleteAllObject/Page_SiteTesting Administration Users Accou_36dc4d/button_Delete")): Object: 'Object Repository/DeleteAllObject/Page_SiteTesting Administration Users Accou_36dc4d/button_Delete' is clicked on

2022-01-15 22:29:23 - [MESSAGE][PASSED] - Object: 'Object Repository/DeleteAllObject/Page_SiteTesting Administration Users Accou_36dc4d/button_Delete' is clicked on

2022-01-15 22:29:23 - [TEST_STEP][PASSED] - navigateToUrl("http://localhost/admin/user.php?sort=name&dir=ASC&perpage=30&page=0&delete=57&sesskey=OUmxCxziON"): Navigate to 'http://localhost/admin/user.php?sort=name&dir=ASC&perpage=30&page=0&delete=57&sesskey=OUmxCxziON' successfully

2022-01-15 22:29:24 - [MESSAGE][PASSED] - Navigate to 'http://localhost/admin/user.php?sort=name&dir=ASC&perpage=30&page=0&delete=57&sesskey=OUmxCxziON' successfully

2022-01-15 22:29:24 - [TEST_STEP][PASSED] - if (waitForElementVisible(findTestObject("Object Repository/DeleteAllObject/Page_SiteTesting Administration Users Accou_36dc4d/i_Never_icon fa fa-trash fa-fw"), 1, OPTIONAL) == false): Object 'Object Repository/DeleteAllObject/Page_SiteTesting Administration Users Accou_36dc4d/i_Never_icon fa fa-trash fa-fw' is visible

2022-01-15 22:29:25 - [MESSAGE][PASSED] - Object 'Object Repository/DeleteAllObject/Page_SiteTesting Administration Users Accou_36dc4d/i_Never_icon fa fa-trash fa-fw' is visible

2022-01-15 22:29:25 - [TEST_STEP][PASSED] - click(findTestObject("Object Repository/DeleteAllObject/Page_SiteTesting Administration Users Accou_36dc4d/i_Never_icon fa fa-trash fa-fw")): Object: 'Object Repository/DeleteAllObject/Page_SiteTesting Administration Users Accou_36dc4d/i_Never_icon fa fa-trash fa-fw' is clicked on

2022-01-15 22:29:27 - [MESSAGE][PASSED] - Object: 'Object Repository/DeleteAllObject/Page_SiteTesting Administration Users Accou_36dc4d/i_Never_icon fa fa-trash fa-fw' is clicked on

2022-01-15 22:29:27 - [TEST_STEP][PASSED] - click(findTestObject("Object Repository/DeleteAllObject/Page_SiteTesting Administration Users Accou_36dc4d/button_Delete")): Object: 'Object Repository/DeleteAllObject/Page_SiteTesting Administration Users Accou_36dc4d/button_Delete' is clicked on

2022-01-15 22:29:30 - [MESSAGE][PASSED] - Object: 'Object Repository/DeleteAllObject/Page_SiteTesting Administration Users Accou_36dc4d/button_Delete' is clicked on

2022-01-15 22:29:30 - [TEST_STEP][PASSED] - navigateToUrl("http://localhost/admin/user.php?sort=name&dir=ASC&perpage=30&page=0&delete=57&sesskey=OUmxCxziON"): Navigate to 'http://localhost/admin/user.php?sort=name&dir=ASC&perpage=30&page=0&delete=57&sesskey=OUmxCxziON' successfully

2022-01-15 22:29:31 - [MESSAGE][PASSED] - Navigate to 'http://localhost/admin/user.php?sort=name&dir=ASC&perpage=30&page=0&delete=57&sesskey=OUmxCxziON' successfully

2022-01-15 22:29:31 - [TEST_STEP][PASSED] - if (waitForElementVisible(findTestObject("Object Repository/DeleteAllObject/Page_SiteTesting Administration Users Accou_36dc4d/i_Never_icon fa fa-trash fa-fw"), 1, OPTIONAL) == false): Object 'Object Repository/DeleteAllObject/Page_SiteTesting Administration Users Accou_36dc4d/i_Never_icon fa fa-trash fa-fw' is visible

2022-01-15 22:29:32 - [MESSAGE][PASSED] - Object 'Object Repository/DeleteAllObject/Page_SiteTesting Administration Users Accou_36dc4d/i_Never_icon fa fa-trash fa-fw' is visible

2022-01-15 22:29:32 - [TEST_STEP][PASSED] - click(findTestObject("Object Repository/DeleteAllObject/Page_SiteTesting Administration Users Accou_36dc4d/i_Never_icon fa fa-trash fa-fw")): Object: 'Object Repository/DeleteAllObject/Page_SiteTesting Administration Users Accou_36dc4d/i_Never_icon fa fa-trash fa-fw' is clicked on

2022-01-15 22:29:34 - [MESSAGE][PASSED] - Object: 'Object Repository/DeleteAllObject/Page_SiteTesting Administration Users Accou_36dc4d/i_Never_icon fa fa-trash fa-fw' is clicked on

2022-01-15 22:29:34 - [TEST_STEP][PASSED] - click(findTestObject("Object Repository/DeleteAllObject/Page_SiteTesting Administration Users Accou_36dc4d/button_Delete")): Object: 'Object Repository/DeleteAllObject/Page_SiteTesting Administration Users Accou_36dc4d/button_Delete' is clicked on

2022-01-15 22:29:37 - [MESSAGE][PASSED] - Object: 'Object Repository/DeleteAllObject/Page_SiteTesting Administration Users Accou_36dc4d/button_Delete' is clicked on

2022-01-15 22:29:37 - [TEST_STEP][PASSED] - navigateToUrl("http://localhost/admin/user.php?sort=name&dir=ASC&perpage=30&page=0&delete=57&sesskey=OUmxCxziON"): Navigate to 'http://localhost/admin/user.php?sort=name&dir=ASC&perpage=30&page=0&delete=57&sesskey=OUmxCxziON' successfully

2022-01-15 22:29:39 - [MESSAGE][PASSED] - Navigate to 'http://localhost/admin/user.php?sort=name&dir=ASC&perpage=30&page=0&delete=57&sesskey=OUmxCxziON' successfully

2022-01-15 22:29:39 - [TEST_STEP][PASSED] - if (waitForElementVisible(findTestObject("Object Repository/DeleteAllObject/Page_SiteTesting Administration Users Accou_36dc4d/i_Never_icon fa fa-trash fa-fw"), 1, OPTIONAL) == false): Object 'Object Repository/DeleteAllObject/Page_SiteTesting Administration Users Accou_36dc4d/i_Never_icon fa fa-trash fa-fw' is visible

2022-01-15 22:29:39 - [MESSAGE][PASSED] - Object 'Object Repository/DeleteAllObject/Page_SiteTesting Administration Users Accou_36dc4d/i_Never_icon fa fa-trash fa-fw' is visible

2022-01-15 22:29:39 - [TEST_STEP][PASSED] - click(findTestObject("Object Repository/DeleteAllObject/Page_SiteTesting Administration Users Accou_36dc4d/i_Never_icon fa fa-trash fa-fw")): Object: 'Object Repository/DeleteAllObject/Page_SiteTesting Administration Users Accou_36dc4d/i_Never_icon fa fa-trash fa-fw' is clicked on

2022-01-15 22:29:41 - [MESSAGE][PASSED] - Object: 'Object Repository/DeleteAllObject/Page_SiteTesting Administration Users Accou_36dc4d/i_Never_icon fa fa-trash fa-fw' is clicked on

2022-01-15 22:29:41 - [TEST_STEP][PASSED] - click(findTestObject("Object Repository/DeleteAllObject/Page_SiteTesting Administration Users Accou_36dc4d/button_Delete")): Object: 'Object Repository/DeleteAllObject/Page_SiteTesting Administration Users Accou_36dc4d/button_Delete' is clicked on

2022-01-15 22:29:44 - [MESSAGE][PASSED] - Object: 'Object Repository/DeleteAllObject/Page_SiteTesting Administration Users Accou_36dc4d/button_Delete' is clicked on

2022-01-15 22:29:44 - [TEST_STEP][PASSED] - navigateToUrl("http://localhost/admin/user.php?sort=name&dir=ASC&perpage=30&page=0&delete=57&sesskey=OUmxCxziON"): Navigate to 'http://localhost/admin/user.php?sort=name&dir=ASC&perpage=30&page=0&delete=57&sesskey=OUmxCxziON' successfully

2022-01-15 22:29:45 - [MESSAGE][PASSED] - Navigate to 'http://localhost/admin/user.php?sort=name&dir=ASC&perpage=30&page=0&delete=57&sesskey=OUmxCxziON' successfully

2022-01-15 22:29:45 - [TEST_STEP][PASSED] - if (waitForElementVisible(findTestObject("Object Repository/DeleteAllObject/Page_SiteTesting Administration Users Accou_36dc4d/i_Never_icon fa fa-trash fa-fw"), 1, OPTIONAL) == false): null

2022-01-15 22:29:48 - [MESSAGE][INFO] - Unable to find the element located by 'By.xpath: //i[@class = 'icon fa fa-trash fa-fw ' and @title = 'Delete']'. Please recheck the objects properties to make sure the desired element is located. 

2022-01-15 22:29:48 - [MESSAGE][WARNING] - [SELF-HEALING] Failed to find element with id 'Object Repository/DeleteAllObject/Page_SiteTesting Administration Users Accou_36dc4d/i_Never_icon fa fa-trash fa-fw'. Try using Self-healing.

2022-01-15 22:29:49 - [MESSAGE][INFO] - Unable to find the element located by 'By.xpath: //a[@id='yui_3_17_2_1_1641381882105_554']/i'. Please recheck the objects properties to make sure the desired element is located. 

2022-01-15 22:29:49 - [MESSAGE][INFO] - [SELF-HEALING] Failed Locator: '//a[@id='yui_3_17_2_1_1641381882105_554']/i'.

2022-01-15 22:29:49 - [MESSAGE][INFO] - [SELF-HEALING] Failed Locator: '//tr[4]/td[6]/a/i'.

2022-01-15 22:29:50 - [MESSAGE][INFO] - [SELF-HEALING] Failed Locator: '//a[@id='yui_3_17_2_1_1641381882105_554']/i'.

2022-01-15 22:29:50 - [MESSAGE][INFO] - [SELF-HEALING] Failed Locator: '//tr[4]/td[6]/a/i'.

2022-01-15 22:29:51 - [MESSAGE][INFO] - Unable to find the element located by 'By.cssSelector: '. Please recheck the objects properties to make sure the desired element is located. 

2022-01-15 22:29:51 - [MESSAGE][WARNING] - Web element with id: 'Object Repository/DeleteAllObject/Page_SiteTesting Administration Users Accou_36dc4d/i_Never_icon fa fa-trash fa-fw' located by '//i[@class = 'icon fa fa-trash fa-fw ' and @title = 'Delete']' not found

2022-01-15 22:29:51 - [TEST_STEP][PASSED] - break: null

2022-01-15 22:29:51 - [TEST_STEP][PASSED] - if (waitForElementVisible(findTestObject("Object Repository/DeleteAllObject/Page_SiteTesting Administration Users Accou_36dc4d/i_Never_icon fa fa-trash fa-fw"), 1, OPTIONAL) == true): Web element with id: 'Object Repository/DeleteAllObject/Page_SiteTesting Administration Users Accou_36dc4d/i_Never_icon fa fa-trash fa-fw' located by '//i[@class = 'icon fa fa-trash fa-fw ' and @title = 'Delete']' not found

2022-01-15 22:29:53 - [MESSAGE][INFO] - Unable to find the element located by 'By.xpath: //i[@class = 'icon fa fa-trash fa-fw ' and @title = 'Delete']'. Please recheck the objects properties to make sure the desired element is located. 

2022-01-15 22:29:53 - [MESSAGE][WARNING] - [SELF-HEALING] Failed to find element with id 'Object Repository/DeleteAllObject/Page_SiteTesting Administration Users Accou_36dc4d/i_Never_icon fa fa-trash fa-fw'. Try using Self-healing.

2022-01-15 22:29:54 - [MESSAGE][INFO] - Unable to find the element located by 'By.xpath: //a[@id='yui_3_17_2_1_1641381882105_554']/i'. Please recheck the objects properties to make sure the desired element is located. 

2022-01-15 22:29:55 - [MESSAGE][INFO] - [SELF-HEALING] Failed Locator: '//a[@id='yui_3_17_2_1_1641381882105_554']/i'.

2022-01-15 22:29:55 - [MESSAGE][INFO] - [SELF-HEALING] Failed Locator: '//tr[4]/td[6]/a/i'.

2022-01-15 22:29:55 - [MESSAGE][INFO] - [SELF-HEALING] Failed Locator: '//a[@id='yui_3_17_2_1_1641381882105_554']/i'.

2022-01-15 22:29:56 - [MESSAGE][INFO] - [SELF-HEALING] Failed Locator: '//tr[4]/td[6]/a/i'.

2022-01-15 22:29:57 - [MESSAGE][INFO] - Unable to find the element located by 'By.cssSelector: '. Please recheck the objects properties to make sure the desired element is located. 

2022-01-15 22:29:57 - [MESSAGE][WARNING] - Web element with id: 'Object Repository/DeleteAllObject/Page_SiteTesting Administration Users Accou_36dc4d/i_Never_icon fa fa-trash fa-fw' located by '//i[@class = 'icon fa fa-trash fa-fw ' and @title = 'Delete']' not found]]></system-out>
         <system-err><![CDATA[]]></system-err>
      </testcase>
      <system-out><![CDATA[2022-01-15 21:49:03 - [TEST_SUITE][FAILED] - Run all test cases: Test Cases/Kiểm tra thẻ Site Administration/Đăng nhập dưới quyền Ẩn danh FAILED.
Reason:
com.kms.katalon.core.exception.StepFailedException: Unable to verify object 'Object Repository/AnonymousSignIn/Page_Automation Testing Site Log in to the site/button_Log in as a guest' is present
	at com.kms.katalon.core.webui.keyword.internal.WebUIKeywordMain.stepFailed(WebUIKeywordMain.groovy:64)
	at com.kms.katalon.core.webui.keyword.internal.WebUIKeywordMain.runKeyword(WebUIKeywordMain.groovy:26)
	at com.kms.katalon.core.webui.keyword.builtin.VerifyElementPresentKeyword.verifyElementPresent(VerifyElementPresentKeyword.groovy:92)
	at com.kms.katalon.core.webui.keyword.builtin.VerifyElementPresentKeyword.execute(VerifyElementPresentKeyword.groovy:68)
	at com.kms.katalon.core.keyword.internal.KeywordExecutor.executeKeywordForPlatform(KeywordExecutor.groovy:74)
	at com.kms.katalon.core.webui.keyword.WebUiBuiltInKeywords.verifyElementPresent(WebUiBuiltInKeywords.groovy:1464)
	at com.kms.katalon.core.webui.keyword.WebUiBuiltInKeywords$verifyElementPresent$10.call(Unknown Source)
	at Đăng nhập dưới quyền Ẩn danh.run(Đăng nhập dưới quyền Ẩn danh:26)
	at com.kms.katalon.core.main.ScriptEngine.run(ScriptEngine.java:194)
	at com.kms.katalon.core.main.ScriptEngine.runScriptAsRawText(ScriptEngine.java:119)
	at com.kms.katalon.core.main.TestCaseExecutor.runScript(TestCaseExecutor.java:442)
	at com.kms.katalon.core.main.TestCaseExecutor.doExecute(TestCaseExecutor.java:433)
	at com.kms.katalon.core.main.TestCaseExecutor.processExecutionPhase(TestCaseExecutor.java:412)
	at com.kms.katalon.core.main.TestCaseExecutor.accessMainPhase(TestCaseExecutor.java:404)
	at com.kms.katalon.core.main.TestCaseExecutor.execute(TestCaseExecutor.java:281)
	at com.kms.katalon.core.main.TestSuiteExecutor.accessTestCaseMainPhase(TestSuiteExecutor.java:202)
	at com.kms.katalon.core.main.TestSuiteExecutor.accessTestSuiteMainPhase(TestSuiteExecutor.java:164)
	at com.kms.katalon.core.main.TestSuiteExecutor.execute(TestSuiteExecutor.java:105)
	at com.kms.katalon.core.main.TestCaseMain.startTestSuite(TestCaseMain.java:181)
	at com.kms.katalon.core.main.TestCaseMain$startTestSuite$0.call(Unknown Source)
	at TempTestSuite1642258128503.run(TempTestSuite1642258128503.groovy:36)
Caused by: com.kms.katalon.core.exception.StepFailedException: com.kms.katalon.core.webui.exception.WebElementNotFoundException: Web element with id: 'Object Repository/AnonymousSignIn/Page_Automation Testing Site Log in to the site/button_Log in as a guest' located by '(//button[@type='submit'])[2]' not found
	at com.kms.katalon.core.webui.keyword.internal.WebUIKeywordMain.stepFailed(WebUIKeywordMain.groovy:64)
	at com.kms.katalon.core.webui.keyword.builtin.VerifyElementPresentKeyword$_verifyElementPresent_closure1.doCall(VerifyElementPresentKeyword.groovy:85)
	at com.kms.katalon.core.webui.keyword.builtin.VerifyElementPresentKeyword$_verifyElementPresent_closure1.call(VerifyElementPresentKeyword.groovy)
	at com.kms.katalon.core.webui.keyword.internal.WebUIKeywordMain.runKeyword(WebUIKeywordMain.groovy:20)
	... 19 more]]></system-out>
      <system-err><![CDATA[2022-01-15 21:49:03 - [TEST_SUITE][FAILED] - Run all test cases: Test Cases/Kiểm tra thẻ Site Administration/Đăng nhập dưới quyền Ẩn danh FAILED.
Reason:
com.kms.katalon.core.exception.StepFailedException: Unable to verify object 'Object Repository/AnonymousSignIn/Page_Automation Testing Site Log in to the site/button_Log in as a guest' is present
	at com.kms.katalon.core.webui.keyword.internal.WebUIKeywordMain.stepFailed(WebUIKeywordMain.groovy:64)
	at com.kms.katalon.core.webui.keyword.internal.WebUIKeywordMain.runKeyword(WebUIKeywordMain.groovy:26)
	at com.kms.katalon.core.webui.keyword.builtin.VerifyElementPresentKeyword.verifyElementPresent(VerifyElementPresentKeyword.groovy:92)
	at com.kms.katalon.core.webui.keyword.builtin.VerifyElementPresentKeyword.execute(VerifyElementPresentKeyword.groovy:68)
	at com.kms.katalon.core.keyword.internal.KeywordExecutor.executeKeywordForPlatform(KeywordExecutor.groovy:74)
	at com.kms.katalon.core.webui.keyword.WebUiBuiltInKeywords.verifyElementPresent(WebUiBuiltInKeywords.groovy:1464)
	at com.kms.katalon.core.webui.keyword.WebUiBuiltInKeywords$verifyElementPresent$10.call(Unknown Source)
	at Đăng nhập dưới quyền Ẩn danh.run(Đăng nhập dưới quyền Ẩn danh:26)
	at com.kms.katalon.core.main.ScriptEngine.run(ScriptEngine.java:194)
	at com.kms.katalon.core.main.ScriptEngine.runScriptAsRawText(ScriptEngine.java:119)
	at com.kms.katalon.core.main.TestCaseExecutor.runScript(TestCaseExecutor.java:442)
	at com.kms.katalon.core.main.TestCaseExecutor.doExecute(TestCaseExecutor.java:433)
	at com.kms.katalon.core.main.TestCaseExecutor.processExecutionPhase(TestCaseExecutor.java:412)
	at com.kms.katalon.core.main.TestCaseExecutor.accessMainPhase(TestCaseExecutor.java:404)
	at com.kms.katalon.core.main.TestCaseExecutor.execute(TestCaseExecutor.java:281)
	at com.kms.katalon.core.main.TestSuiteExecutor.accessTestCaseMainPhase(TestSuiteExecutor.java:202)
	at com.kms.katalon.core.main.TestSuiteExecutor.accessTestSuiteMainPhase(TestSuiteExecutor.java:164)
	at com.kms.katalon.core.main.TestSuiteExecutor.execute(TestSuiteExecutor.java:105)
	at com.kms.katalon.core.main.TestCaseMain.startTestSuite(TestCaseMain.java:181)
	at com.kms.katalon.core.main.TestCaseMain$startTestSuite$0.call(Unknown Source)
	at TempTestSuite1642258128503.run(TempTestSuite1642258128503.groovy:36)
Caused by: com.kms.katalon.core.exception.StepFailedException: com.kms.katalon.core.webui.exception.WebElementNotFoundException: Web element with id: 'Object Repository/AnonymousSignIn/Page_Automation Testing Site Log in to the site/button_Log in as a guest' located by '(//button[@type='submit'])[2]' not found
	at com.kms.katalon.core.webui.keyword.internal.WebUIKeywordMain.stepFailed(WebUIKeywordMain.groovy:64)
	at com.kms.katalon.core.webui.keyword.builtin.VerifyElementPresentKeyword$_verifyElementPresent_closure1.doCall(VerifyElementPresentKeyword.groovy:85)
	at com.kms.katalon.core.webui.keyword.builtin.VerifyElementPresentKeyword$_verifyElementPresent_closure1.call(VerifyElementPresentKeyword.groovy)
	at com.kms.katalon.core.webui.keyword.internal.WebUIKeywordMain.runKeyword(WebUIKeywordMain.groovy:20)
	... 19 more]]></system-err>
   </testsuite>
</testsuites>
