<?xml version="1.0" encoding="UTF-8"?>
<testsuites name="Run all test cases" time="3452.428" tests="50" failures="5" errors="0">
   <testsuite name="Run all test cases" tests="50" failures="5" errors="0" time="3452.428" skipped="0" timestamp="2022-01-16 09:27:46" hostname="ASUS - LAPTOP-O4I5TINJ" id="Test Suites/Run all test cases">
      <properties>
         <property name="deviceName" value=""/>
         <property name="devicePlatform" value=""/>
         <property name="logFolder" value="E:\\MoodleTestByKatalon\\Reports\\20220116_092731\\Run all test cases\\20220116_092731"/>
         <property name="logFiles" value="E:\\MoodleTestByKatalon\\Reports\\20220116_092731\\Run all test cases\\20220116_092731\\execution0.log"/>
         <property name="attachments" value="E:\\MoodleTestByKatalon\\Reports\\20220116_092731\\Run all test cases\\20220116_092731\\1642301191398.png, E:\\MoodleTestByKatalon\\Reports\\20220116_092731\\Run all test cases\\20220116_092731\\1642302831309.png, E:\\MoodleTestByKatalon\\Reports\\20220116_092731\\Run all test cases\\20220116_092731\\1642302831431.png, E:\\MoodleTestByKatalon\\Reports\\20220116_092731\\Run all test cases\\20220116_092731\\1642303126922.png, E:\\MoodleTestByKatalon\\Reports\\20220116_092731\\Run all test cases\\20220116_092731\\1642303233731.png"/>
         <property name="hostName" value="ASUS - LAPTOP-O4I5TINJ"/>
         <property name="os" value="Windows 10 64bit"/>
         <property name="katalonVersion" value="8.2.0.208"/>
         <property name="browser" value="Edge Chromium 97"/>
         <property name="hostAddress" value="192.168.11.1"/>
         <property name="sessionId" value="50949773ba85bf151b68c5bc69982a4c"/>
         <property name="seleniumVersion" value="3.141.59"/>
         <property name="proxyInformation" value="ProxyInformation { proxyOption=NO_PROXY, proxyServerType=HTTP, username=, password=********, proxyServerAddress=, proxyServerPort=0, executionList=&quot;&quot;, isApplyToDesiredCapabilities=true }"/>
         <property name="platform" value="Windows 10"/>
      </properties>
      <testcase name="Test Cases/Phần thiết lập khác/Tạo Course tên là Sample Course For Permission" time="20.483" classname="Test Cases/Phần thiết lập khác/Tạo Course tên là Sample Course For Permission" status="PASSED">
         <system-out><![CDATA[2022-01-16 09:27:46 - [TEST_CASE][PASSED] - Test Cases/Phần thiết lập khác/Tạo Course tên là Sample Course For Permission: Test Cases/Phần thiết lập khác/Tạo Course tên là Sample Course For Permission

2022-01-16 09:27:47 - [TEST_STEP][PASSED] - callTestCase(findTestCase("Kiểm tra thẻ Site Administration/Đăng nhập thành công"), [:], STOP_ON_FAILURE): Call Test Case 'Test Cases/Kiểm tra thẻ Site Administration/Đăng nhập thành công' successfully

2022-01-16 09:27:47 - [TEST_CASE][PASSED] - Test Cases/Kiểm tra thẻ Site Administration/Đăng nhập thành công: Test Cases/Kiểm tra thẻ Site Administration/Đăng nhập thành công

2022-01-16 09:27:47 - [TEST_STEP][PASSED] - openBrowser(""): Browser is opened with url: ''

2022-01-16 09:27:47 - [MESSAGE][INFO] - Starting 'Edge Chromium' driver

2022-01-16 09:27:50 - [MESSAGE][INFO] - Action delay is set to 0 milliseconds

2022-01-16 09:27:52 - [MESSAGE][PASSED] - Browser is opened with url: ''

2022-01-16 09:27:52 - [TEST_STEP][PASSED] - navigateToUrl("http://localhost/"): Navigate to 'http://localhost/' successfully

2022-01-16 09:27:52 - [MESSAGE][PASSED] - Navigate to 'http://localhost/' successfully

2022-01-16 09:27:52 - [TEST_STEP][PASSED] - click(findTestObject("Object Repository/LoginObject/Page_Automation Testing Site/a_Log in")): Object: 'Object Repository/LoginObject/Page_Automation Testing Site/a_Log in' is clicked on

2022-01-16 09:27:53 - [MESSAGE][PASSED] - Object: 'Object Repository/LoginObject/Page_Automation Testing Site/a_Log in' is clicked on

2022-01-16 09:27:53 - [TEST_STEP][PASSED] - setText(findTestObject("Object Repository/LoginObject/Page_Automation Testing Site Log in to the site/input_Username_username"), "admin"): Text 'admin' is set on object 'Object Repository/LoginObject/Page_Automation Testing Site Log in to the site/input_Username_username'

2022-01-16 09:27:54 - [MESSAGE][PASSED] - Text 'admin' is set on object 'Object Repository/LoginObject/Page_Automation Testing Site Log in to the site/input_Username_username'

2022-01-16 09:27:54 - [TEST_STEP][PASSED] - setEncryptedText(findTestObject("Object Repository/LoginObject/Page_Automation Testing Site Log in to the site/input_Password_password"), "cnpXG5HhkrZpEXzNIGBMZQ=="): Text ****** has been set on object 'Object Repository/LoginObject/Page_Automation Testing Site Log in to the site/input_Password_password'

2022-01-16 09:27:55 - [MESSAGE][PASSED] - Text ****** has been set on object 'Object Repository/LoginObject/Page_Automation Testing Site Log in to the site/input_Password_password'

2022-01-16 09:27:55 - [TEST_STEP][PASSED] - click(findTestObject("Object Repository/LoginObject/Page_Automation Testing Site Log in to the site/button_Log in")): Object: 'Object Repository/LoginObject/Page_Automation Testing Site Log in to the site/button_Log in' is clicked on

2022-01-16 09:27:56 - [MESSAGE][PASSED] - Object: 'Object Repository/LoginObject/Page_Automation Testing Site Log in to the site/button_Log in' is clicked on

2022-01-16 09:27:56 - [TEST_STEP][PASSED] - verifyElementText(findTestObject("Object Repository/LoginObject/Page_Dashboard/span_Site administration"), "Site administration"): Actual text and expected text of test object 'Object Repository/LoginObject/Page_Dashboard/span_Site administration' are matched.

2022-01-16 09:27:58 - [MESSAGE][PASSED] - Actual text and expected text of test object 'Object Repository/LoginObject/Page_Dashboard/span_Site administration' are matched.

2022-01-16 09:27:58 - [MESSAGE][PASSED] - Call Test Case 'Test Cases/Kiểm tra thẻ Site Administration/Đăng nhập thành công' successfully

2022-01-16 09:27:58 - [TEST_STEP][PASSED] - click(findTestObject("Object Repository/AddSampleCourse/Page_Dashboard/span_Site home")): Object: 'Object Repository/AddSampleCourse/Page_Dashboard/span_Site home' is clicked on

2022-01-16 09:27:59 - [MESSAGE][PASSED] - Object: 'Object Repository/AddSampleCourse/Page_Dashboard/span_Site home' is clicked on

2022-01-16 09:27:59 - [TEST_STEP][PASSED] - if (verifyTextPresent("Sample Course For Permission", false, OPTIONAL) == true): Text 'Sample Course For Permission' is not present on page  (Root cause: com.kms.katalon.core.exception.StepFailedException: Text 'Sample Course For Permission' is not present on page 
	at com.kms.katalon.core.webui.keyword.internal.WebUIKeywordMain.stepFailed(WebUIKeywordMain.groovy:64)
	at com.kms.katalon.core.webui.keyword.builtin.VerifyTextPresentKeyword$_verifyTextPresent_closure1.doCall(VerifyTextPresentKeyword.groovy:79)
	at com.kms.katalon.core.webui.keyword.builtin.VerifyTextPresentKeyword$_verifyTextPresent_closure1.call(VerifyTextPresentKeyword.groovy)
	at com.kms.katalon.core.webui.keyword.internal.WebUIKeywordMain.runKeyword(WebUIKeywordMain.groovy:20)
	at com.kms.katalon.core.webui.keyword.builtin.VerifyTextPresentKeyword.verifyTextPresent(VerifyTextPresentKeyword.groovy:83)
	at com.kms.katalon.core.webui.keyword.builtin.VerifyTextPresentKeyword.execute(VerifyTextPresentKeyword.groovy:68)
	at com.kms.katalon.core.keyword.internal.KeywordExecutor.executeKeywordForPlatform(KeywordExecutor.groovy:74)
	at com.kms.katalon.core.webui.keyword.WebUiBuiltInKeywords.verifyTextPresent(WebUiBuiltInKeywords.groovy:1707)
	at com.kms.katalon.core.webui.keyword.WebUiBuiltInKeywords$verifyTextPresent$5.call(Unknown Source)
	at Tạo Course tên là Sample Course For Permission.run(Tạo Course tên là Sample Course For Permission:27)
	at com.kms.katalon.core.main.ScriptEngine.run(ScriptEngine.java:194)
	at com.kms.katalon.core.main.ScriptEngine.runScriptAsRawText(ScriptEngine.java:119)
	at com.kms.katalon.core.main.TestCaseExecutor.runScript(TestCaseExecutor.java:442)
	at com.kms.katalon.core.main.TestCaseExecutor.doExecute(TestCaseExecutor.java:433)
	at com.kms.katalon.core.main.TestCaseExecutor.processExecutionPhase(TestCaseExecutor.java:412)
	at com.kms.katalon.core.main.TestCaseExecutor.accessMainPhase(TestCaseExecutor.java:404)
	at com.kms.katalon.core.main.TestCaseExecutor.execute(TestCaseExecutor.java:281)
	at com.kms.katalon.core.main.TestSuiteExecutor.accessTestCaseMainPhase(TestSuiteExecutor.java:202)
	at com.kms.katalon.core.main.TestSuiteExecutor.accessTestSuiteMainPhase(TestSuiteExecutor.java:164)
	at com.kms.katalon.core.main.TestSuiteExecutor.execute(TestSuiteExecutor.java:105)
	at com.kms.katalon.core.main.TestCaseMain.startTestSuite(TestCaseMain.java:181)
	at com.kms.katalon.core.main.TestCaseMain$startTestSuite$0.call(Unknown Source)
	at TempTestSuite1642300051220.run(TempTestSuite1642300051220.groovy:36)
)

2022-01-16 09:27:59 - [MESSAGE][WARNING] - Text 'Sample Course For Permission' is not present on page  (Root cause: com.kms.katalon.core.exception.StepFailedException: Text 'Sample Course For Permission' is not present on page 
	at com.kms.katalon.core.webui.keyword.internal.WebUIKeywordMain.stepFailed(WebUIKeywordMain.groovy:64)
	at com.kms.katalon.core.webui.keyword.builtin.VerifyTextPresentKeyword$_verifyTextPresent_closure1.doCall(VerifyTextPresentKeyword.groovy:79)
	at com.kms.katalon.core.webui.keyword.builtin.VerifyTextPresentKeyword$_verifyTextPresent_closure1.call(VerifyTextPresentKeyword.groovy)
	at com.kms.katalon.core.webui.keyword.internal.WebUIKeywordMain.runKeyword(WebUIKeywordMain.groovy:20)
	at com.kms.katalon.core.webui.keyword.builtin.VerifyTextPresentKeyword.verifyTextPresent(VerifyTextPresentKeyword.groovy:83)
	at com.kms.katalon.core.webui.keyword.builtin.VerifyTextPresentKeyword.execute(VerifyTextPresentKeyword.groovy:68)
	at com.kms.katalon.core.keyword.internal.KeywordExecutor.executeKeywordForPlatform(KeywordExecutor.groovy:74)
	at com.kms.katalon.core.webui.keyword.WebUiBuiltInKeywords.verifyTextPresent(WebUiBuiltInKeywords.groovy:1707)
	at com.kms.katalon.core.webui.keyword.WebUiBuiltInKeywords$verifyTextPresent$5.call(Unknown Source)
	at Tạo Course tên là Sample Course For Permission.run(Tạo Course tên là Sample Course For Permission:27)
	at com.kms.katalon.core.main.ScriptEngine.run(ScriptEngine.java:194)
	at com.kms.katalon.core.main.ScriptEngine.runScriptAsRawText(ScriptEngine.java:119)
	at com.kms.katalon.core.main.TestCaseExecutor.runScript(TestCaseExecutor.java:442)
	at com.kms.katalon.core.main.TestCaseExecutor.doExecute(TestCaseExecutor.java:433)
	at com.kms.katalon.core.main.TestCaseExecutor.processExecutionPhase(TestCaseExecutor.java:412)
	at com.kms.katalon.core.main.TestCaseExecutor.accessMainPhase(TestCaseExecutor.java:404)
	at com.kms.katalon.core.main.TestCaseExecutor.execute(TestCaseExecutor.java:281)
	at com.kms.katalon.core.main.TestSuiteExecutor.accessTestCaseMainPhase(TestSuiteExecutor.java:202)
	at com.kms.katalon.core.main.TestSuiteExecutor.accessTestSuiteMainPhase(TestSuiteExecutor.java:164)
	at com.kms.katalon.core.main.TestSuiteExecutor.execute(TestSuiteExecutor.java:105)
	at com.kms.katalon.core.main.TestCaseMain.startTestSuite(TestCaseMain.java:181)
	at com.kms.katalon.core.main.TestCaseMain$startTestSuite$0.call(Unknown Source)
	at TempTestSuite1642300051220.run(TempTestSuite1642300051220.groovy:36)
)

2022-01-16 09:27:59 - [TEST_STEP][PASSED] - else: Text 'Sample Course For Permission' is present on page 

2022-01-16 09:27:59 - [TEST_STEP][PASSED] - click(findTestObject("Object Repository/AddSampleCourse/Page_Automation Testing Site/button_Add a new course")): Object: 'Object Repository/AddSampleCourse/Page_Automation Testing Site/button_Add a new course' is clicked on

2022-01-16 09:28:01 - [MESSAGE][PASSED] - Object: 'Object Repository/AddSampleCourse/Page_Automation Testing Site/button_Add a new course' is clicked on

2022-01-16 09:28:01 - [TEST_STEP][PASSED] - setText(findTestObject("Object Repository/AddSampleCourse/Page_SiteTesting Add a new course/input_Course full name_fullname"), "Sample Course For Permission"): Text 'Sample Course For Permission' is set on object 'Object Repository/AddSampleCourse/Page_SiteTesting Add a new course/input_Course full name_fullname'

2022-01-16 09:28:03 - [MESSAGE][PASSED] - Text 'Sample Course For Permission' is set on object 'Object Repository/AddSampleCourse/Page_SiteTesting Add a new course/input_Course full name_fullname'

2022-01-16 09:28:03 - [TEST_STEP][PASSED] - setText(findTestObject("Object Repository/AddSampleCourse/Page_SiteTesting Add a new course/input_Course short name_shortname"), "SampleC"): Text 'SampleC' is set on object 'Object Repository/AddSampleCourse/Page_SiteTesting Add a new course/input_Course short name_shortname'

2022-01-16 09:28:04 - [MESSAGE][PASSED] - Text 'SampleC' is set on object 'Object Repository/AddSampleCourse/Page_SiteTesting Add a new course/input_Course short name_shortname'

2022-01-16 09:28:04 - [TEST_STEP][PASSED] - click(findTestObject("Object Repository/AddSampleCourse/Page_SiteTesting Add a new course/input__saveandreturn")): Object: 'Object Repository/AddSampleCourse/Page_SiteTesting Add a new course/input__saveandreturn' is clicked on

2022-01-16 09:28:06 - [MESSAGE][PASSED] - Object: 'Object Repository/AddSampleCourse/Page_SiteTesting Add a new course/input__saveandreturn' is clicked on

2022-01-16 09:28:06 - [TEST_STEP][PASSED] - verifyTextPresent("Sample Course For Permission", false): Text 'Sample Course For Permission' is present on page 

2022-01-16 09:28:07 - [MESSAGE][PASSED] - Text 'Sample Course For Permission' is present on page]]></system-out>
         <system-err><![CDATA[]]></system-err>
      </testcase>
      <testcase name="Test Cases/Student/0. Setup student env" time="162.14" classname="Test Cases/Student/0. Setup student env" status="PASSED">
         <system-out><![CDATA[2022-01-16 09:28:07 - [TEST_CASE][PASSED] - Test Cases/Student/0. Setup student env: Test Cases/Student/0. Setup student env

2022-01-16 09:28:07 - [TEST_STEP][PASSED] - openBrowser(""): Browser is opened with url: ''

2022-01-16 09:28:07 - [MESSAGE][WARNING] - A browser is already opened. Closing browser and opening a new one

2022-01-16 09:28:08 - [MESSAGE][INFO] - Starting 'Edge Chromium' driver

2022-01-16 09:28:11 - [MESSAGE][INFO] - Action delay is set to 0 milliseconds

2022-01-16 09:28:12 - [MESSAGE][PASSED] - Browser is opened with url: ''

2022-01-16 09:28:12 - [TEST_STEP][PASSED] - navigateToUrl("http://localhost/"): Navigate to 'http://localhost/' successfully

2022-01-16 09:28:13 - [MESSAGE][PASSED] - Navigate to 'http://localhost/' successfully

2022-01-16 09:28:13 - [TEST_STEP][PASSED] - click(findTestObject("Object Repository/Page_Automation Testing Site/a_Log in")): Object: 'Object Repository/Page_Automation Testing Site/a_Log in' is clicked on

2022-01-16 09:28:14 - [MESSAGE][PASSED] - Object: 'Object Repository/Page_Automation Testing Site/a_Log in' is clicked on

2022-01-16 09:28:14 - [TEST_STEP][PASSED] - setText(findTestObject("Object Repository/Page_Automation Testing Site Log in to the site/input_Username_username"), "admin"): Text 'admin' is set on object 'Object Repository/Page_Automation Testing Site Log in to the site/input_Username_username'

2022-01-16 09:28:14 - [MESSAGE][PASSED] - Text 'admin' is set on object 'Object Repository/Page_Automation Testing Site Log in to the site/input_Username_username'

2022-01-16 09:28:14 - [TEST_STEP][PASSED] - setEncryptedText(findTestObject("Object Repository/Page_Automation Testing Site Log in to the site/input_Password_password"), "cnpXG5HhkrZpEXzNIGBMZQ=="): Text ****** has been set on object 'Object Repository/Page_Automation Testing Site Log in to the site/input_Password_password'

2022-01-16 09:28:15 - [MESSAGE][PASSED] - Text ****** has been set on object 'Object Repository/Page_Automation Testing Site Log in to the site/input_Password_password'

2022-01-16 09:28:15 - [TEST_STEP][PASSED] - click(findTestObject("Object Repository/Page_Automation Testing Site Log in to the site/button_Log in")): Object: 'Object Repository/Page_Automation Testing Site Log in to the site/button_Log in' is clicked on

2022-01-16 09:28:16 - [MESSAGE][PASSED] - Object: 'Object Repository/Page_Automation Testing Site Log in to the site/button_Log in' is clicked on

2022-01-16 09:28:16 - [TEST_STEP][PASSED] - click(findTestObject("Object Repository/Page_Course and category management/span_Site administration")): Object: 'Object Repository/Page_Course and category management/span_Site administration' is clicked on

2022-01-16 09:28:19 - [MESSAGE][PASSED] - Object: 'Object Repository/Page_Course and category management/span_Site administration' is clicked on

2022-01-16 09:28:19 - [TEST_STEP][PASSED] - click(findTestObject("Object Repository/Page_SiteTesting Administration Search/a_Courses")): Object: 'Object Repository/Page_SiteTesting Administration Search/a_Courses' is clicked on

2022-01-16 09:28:19 - [MESSAGE][PASSED] - Object: 'Object Repository/Page_SiteTesting Administration Search/a_Courses' is clicked on

2022-01-16 09:28:19 - [TEST_STEP][PASSED] - click(findTestObject("Object Repository/Page_SiteTesting Administration Search/a_Manage courses and categories")): Object: 'Object Repository/Page_SiteTesting Administration Search/a_Manage courses and categories' is clicked on

2022-01-16 09:28:20 - [MESSAGE][PASSED] - Object: 'Object Repository/Page_SiteTesting Administration Search/a_Manage courses and categories' is clicked on

2022-01-16 09:28:20 - [TEST_STEP][PASSED] - click(findTestObject("Object Repository/Page_Course and category management/a_Create new course")): Object: 'Object Repository/Page_Course and category management/a_Create new course' is clicked on

2022-01-16 09:28:51 - [MESSAGE][INFO] - Unable to find the element located by 'By.xpath: //div[@id='yui_3_17_2_1_1642147506792_57']/div/div/a'. Please recheck the objects properties to make sure the desired element is located. 

2022-01-16 09:28:51 - [MESSAGE][WARNING] - [SELF-HEALING] Failed to find element with id 'Object Repository/Page_Course and category management/a_Create new course'. Try using Self-healing.

2022-01-16 09:28:52 - [MESSAGE][WARNING] - [SELF-HEALING] The current locator of test object 'Object Repository/Page_Course and category management/a_Create new course' was broken. Propose an alternative one: '//a[contains(text(),'Create new course')]'.

2022-01-16 09:28:53 - [MESSAGE][PASSED] - Object: 'Object Repository/Page_Course and category management/a_Create new course' is clicked on

2022-01-16 09:28:53 - [TEST_STEP][PASSED] - setText(findTestObject("Object Repository/Page_SiteTesting Add a new course/input_Course full name_fullname"), "CNTN"): Text 'CNTN' is set on object 'Object Repository/Page_SiteTesting Add a new course/input_Course full name_fullname'

2022-01-16 09:28:54 - [MESSAGE][PASSED] - Text 'CNTN' is set on object 'Object Repository/Page_SiteTesting Add a new course/input_Course full name_fullname'

2022-01-16 09:28:54 - [TEST_STEP][PASSED] - setText(findTestObject("Object Repository/Page_SiteTesting Add a new course/input_Course short name_shortname"), "cntn"): Text 'cntn' is set on object 'Object Repository/Page_SiteTesting Add a new course/input_Course short name_shortname'

2022-01-16 09:28:55 - [MESSAGE][PASSED] - Text 'cntn' is set on object 'Object Repository/Page_SiteTesting Add a new course/input_Course short name_shortname'

2022-01-16 09:28:55 - [TEST_STEP][PASSED] - click(findTestObject("Object Repository/Page_SiteTesting Add a new course/input__saveanddisplay")): Object: 'Object Repository/Page_SiteTesting Add a new course/input__saveanddisplay' is clicked on

2022-01-16 09:28:56 - [MESSAGE][PASSED] - Object: 'Object Repository/Page_SiteTesting Add a new course/input__saveanddisplay' is clicked on

2022-01-16 09:28:56 - [TEST_STEP][PASSED] - click(findTestObject("Object Repository/Page_Grades View/span_General")): Object: 'Object Repository/Page_Grades View/span_General' is clicked on

2022-01-16 09:28:57 - [MESSAGE][PASSED] - Object: 'Object Repository/Page_Grades View/span_General' is clicked on

2022-01-16 09:28:57 - [TEST_STEP][PASSED] - scrollToPosition(0, 0): Browser is scrolled to position x = 0, y = 0

2022-01-16 09:28:57 - [MESSAGE][PASSED] - Browser is scrolled to position x = 0, y = 0

2022-01-16 09:28:57 - [TEST_STEP][PASSED] - click(findTestObject("Object Repository/Page_Course CNTN/button_Turn editing on")): Object: 'Object Repository/Page_Course CNTN/button_Turn editing on' is clicked on

2022-01-16 09:28:58 - [MESSAGE][PASSED] - Object: 'Object Repository/Page_Course CNTN/button_Turn editing on' is clicked on

2022-01-16 09:28:58 - [TEST_STEP][PASSED] - click(findTestObject("Object Repository/Page_Course CNTN/span_Add an activity or resource")): Object: 'Object Repository/Page_Course CNTN/span_Add an activity or resource' is clicked on

2022-01-16 09:28:59 - [MESSAGE][PASSED] - Object: 'Object Repository/Page_Course CNTN/span_Add an activity or resource' is clicked on

2022-01-16 09:28:59 - [TEST_STEP][PASSED] - click(findTestObject("Object Repository/Page_Course CNTN/div_Assignment")): Object: 'Object Repository/Page_Course CNTN/div_Assignment' is clicked on

2022-01-16 09:29:30 - [MESSAGE][INFO] - Unable to find the element located by 'By.xpath: //div[@id='all-6']/div/div/div/a/div[2]'. Please recheck the objects properties to make sure the desired element is located. 

2022-01-16 09:29:30 - [MESSAGE][WARNING] - [SELF-HEALING] Failed to find element with id 'Object Repository/Page_Course CNTN/div_Assignment'. Try using Self-healing.

2022-01-16 09:29:30 - [MESSAGE][WARNING] - [SELF-HEALING] The current locator of test object 'Object Repository/Page_Course CNTN/div_Assignment' was broken. Propose an alternative one: '(.//*[normalize-space(text()) and normalize-space(.)='Recommended'])[1]/following::div[9]'.

2022-01-16 09:29:31 - [MESSAGE][PASSED] - Object: 'Object Repository/Page_Course CNTN/div_Assignment' is clicked on

2022-01-16 09:29:31 - [TEST_STEP][PASSED] - setText(findTestObject("Object Repository/Page_Editing Assignment/input_Assignment name_name"), "assignment test"): Text 'assignment test' is set on object 'Object Repository/Page_Editing Assignment/input_Assignment name_name'

2022-01-16 09:29:33 - [MESSAGE][PASSED] - Text 'assignment test' is set on object 'Object Repository/Page_Editing Assignment/input_Assignment name_name'

2022-01-16 09:29:33 - [TEST_STEP][PASSED] - click(findTestObject("Object Repository/Page_Editing Assignment/input_File submissions_assignsubmission_fil_19d1d4")): Object: 'Object Repository/Page_Editing Assignment/input_File submissions_assignsubmission_fil_19d1d4' is clicked on

2022-01-16 09:29:33 - [MESSAGE][PASSED] - Object: 'Object Repository/Page_Editing Assignment/input_File submissions_assignsubmission_fil_19d1d4' is clicked on

2022-01-16 09:29:33 - [TEST_STEP][PASSED] - click(findTestObject("Object Repository/Page_Editing Assignment/input_Online text_assignsubmission_onlinete_900d47")): Object: 'Object Repository/Page_Editing Assignment/input_Online text_assignsubmission_onlinete_900d47' is clicked on

2022-01-16 09:29:34 - [MESSAGE][PASSED] - Object: 'Object Repository/Page_Editing Assignment/input_Online text_assignsubmission_onlinete_900d47' is clicked on

2022-01-16 09:29:34 - [TEST_STEP][PASSED] - click(findTestObject("Object Repository/Page_Editing Assignment/input_Upon activity completion_submitbutton2")): Object: 'Object Repository/Page_Editing Assignment/input_Upon activity completion_submitbutton2' is clicked on

2022-01-16 09:29:35 - [MESSAGE][PASSED] - Object: 'Object Repository/Page_Editing Assignment/input_Upon activity completion_submitbutton2' is clicked on

2022-01-16 09:29:35 - [TEST_STEP][PASSED] - click(findTestObject("Object Repository/Page_Course CNTN/span_Add an activity or resource_1")): Object: 'Object Repository/Page_Course CNTN/span_Add an activity or resource_1' is clicked on

2022-01-16 09:30:06 - [MESSAGE][INFO] - Unable to find the element located by 'By.xpath: //span[@id='yui_3_17_2_1_1642138852412_644']'. Please recheck the objects properties to make sure the desired element is located. 

2022-01-16 09:30:06 - [MESSAGE][WARNING] - [SELF-HEALING] Failed to find element with id 'Object Repository/Page_Course CNTN/span_Add an activity or resource_1'. Try using Self-healing.

2022-01-16 09:30:07 - [MESSAGE][WARNING] - [SELF-HEALING] The current locator of test object 'Object Repository/Page_Course CNTN/span_Add an activity or resource_1' was broken. Propose an alternative one: '(.//*[normalize-space(text()) and normalize-space(.)='Add file(s) here'])[1]/following::span[1]'.

2022-01-16 09:30:07 - [MESSAGE][PASSED] - Object: 'Object Repository/Page_Course CNTN/span_Add an activity or resource_1' is clicked on

2022-01-16 09:30:07 - [TEST_STEP][PASSED] - click(findTestObject("Object Repository/Page_Course CNTN/div_Chat")): Object: 'Object Repository/Page_Course CNTN/div_Chat' is clicked on

2022-01-16 09:30:09 - [MESSAGE][PASSED] - Object: 'Object Repository/Page_Course CNTN/div_Chat' is clicked on

2022-01-16 09:30:09 - [TEST_STEP][PASSED] - setText(findTestObject("Object Repository/Page_Editing Chat/input_Name of this chat room_name"), "chat test"): Text 'chat test' is set on object 'Object Repository/Page_Editing Chat/input_Name of this chat room_name'

2022-01-16 09:30:10 - [MESSAGE][PASSED] - Text 'chat test' is set on object 'Object Repository/Page_Editing Chat/input_Name of this chat room_name'

2022-01-16 09:30:10 - [TEST_STEP][PASSED] - click(findTestObject("Object Repository/Page_Editing Chat/input_Upon activity completion_submitbutton2")): Object: 'Object Repository/Page_Editing Chat/input_Upon activity completion_submitbutton2' is clicked on

2022-01-16 09:30:12 - [MESSAGE][PASSED] - Object: 'Object Repository/Page_Editing Chat/input_Upon activity completion_submitbutton2' is clicked on

2022-01-16 09:30:12 - [TEST_STEP][PASSED] - click(findTestObject("Object Repository/Page_Course CNTN/span_Add an activity or resource_1_2_3")): Object: 'Object Repository/Page_Course CNTN/span_Add an activity or resource_1_2_3' is clicked on

2022-01-16 09:30:43 - [MESSAGE][INFO] - Unable to find the element located by 'By.xpath: //span[@id='yui_3_17_2_1_1642147556110_611']'. Please recheck the objects properties to make sure the desired element is located. 

2022-01-16 09:30:43 - [MESSAGE][WARNING] - [SELF-HEALING] Failed to find element with id 'Object Repository/Page_Course CNTN/span_Add an activity or resource_1_2_3'. Try using Self-healing.

2022-01-16 09:30:43 - [MESSAGE][WARNING] - [SELF-HEALING] The current locator of test object 'Object Repository/Page_Course CNTN/span_Add an activity or resource_1_2_3' was broken. Propose an alternative one: '(.//*[normalize-space(text()) and normalize-space(.)='Add file(s) here'])[1]/following::span[1]'.

2022-01-16 09:30:43 - [MESSAGE][PASSED] - Object: 'Object Repository/Page_Course CNTN/span_Add an activity or resource_1_2_3' is clicked on

2022-01-16 09:30:43 - [TEST_STEP][PASSED] - click(findTestObject("Object Repository/Page_Course CNTN/div_Forum")): Object: 'Object Repository/Page_Course CNTN/div_Forum' is clicked on

2022-01-16 09:30:45 - [MESSAGE][PASSED] - Object: 'Object Repository/Page_Course CNTN/div_Forum' is clicked on

2022-01-16 09:30:45 - [TEST_STEP][PASSED] - setText(findTestObject("Object Repository/Page_Editing Forum/input_Forum name_name"), "forum test"): Text 'forum test' is set on object 'Object Repository/Page_Editing Forum/input_Forum name_name'

2022-01-16 09:30:47 - [MESSAGE][PASSED] - Text 'forum test' is set on object 'Object Repository/Page_Editing Forum/input_Forum name_name'

2022-01-16 09:30:47 - [TEST_STEP][PASSED] - click(findTestObject("Object Repository/Page_Editing Forum/input_Upon activity completion_submitbutton2")): Object: 'Object Repository/Page_Editing Forum/input_Upon activity completion_submitbutton2' is clicked on

2022-01-16 09:30:48 - [MESSAGE][PASSED] - Object: 'Object Repository/Page_Editing Forum/input_Upon activity completion_submitbutton2' is clicked on

2022-01-16 09:30:48 - [TEST_STEP][PASSED] - closeBrowser(): Browser is closed

2022-01-16 09:30:49 - [MESSAGE][PASSED] - Browser is closed]]></system-out>
         <system-err><![CDATA[]]></system-err>
      </testcase>
      <testcase name="Test Cases/Student/1. Join class" time="147.784" classname="Test Cases/Student/1. Join class" status="PASSED">
         <system-out><![CDATA[2022-01-16 09:30:49 - [TEST_CASE][PASSED] - Test Cases/Student/1. Join class: Test Cases/Student/1. Join class

2022-01-16 09:30:49 - [TEST_STEP][PASSED] - openBrowser(""): Browser is opened with url: ''

2022-01-16 09:30:49 - [MESSAGE][INFO] - Starting 'Edge Chromium' driver

2022-01-16 09:30:51 - [MESSAGE][INFO] - Action delay is set to 0 milliseconds

2022-01-16 09:30:52 - [MESSAGE][PASSED] - Browser is opened with url: ''

2022-01-16 09:30:52 - [TEST_STEP][PASSED] - navigateToUrl("http://localhost/"): Navigate to 'http://localhost/' successfully

2022-01-16 09:30:53 - [MESSAGE][PASSED] - Navigate to 'http://localhost/' successfully

2022-01-16 09:30:53 - [TEST_STEP][PASSED] - click(findTestObject("Object Repository/Page_Automation Testing Site/a_Log in")): Object: 'Object Repository/Page_Automation Testing Site/a_Log in' is clicked on

2022-01-16 09:30:54 - [MESSAGE][PASSED] - Object: 'Object Repository/Page_Automation Testing Site/a_Log in' is clicked on

2022-01-16 09:30:54 - [TEST_STEP][PASSED] - setText(findTestObject("Object Repository/Page_Automation Testing Site Log in to the site/input_Username_username"), "admin"): Text 'admin' is set on object 'Object Repository/Page_Automation Testing Site Log in to the site/input_Username_username'

2022-01-16 09:30:55 - [MESSAGE][PASSED] - Text 'admin' is set on object 'Object Repository/Page_Automation Testing Site Log in to the site/input_Username_username'

2022-01-16 09:30:55 - [TEST_STEP][PASSED] - setEncryptedText(findTestObject("Object Repository/Page_Automation Testing Site Log in to the site/input_Password_password"), "cnpXG5HhkrZpEXzNIGBMZQ=="): Text ****** has been set on object 'Object Repository/Page_Automation Testing Site Log in to the site/input_Password_password'

2022-01-16 09:30:55 - [MESSAGE][PASSED] - Text ****** has been set on object 'Object Repository/Page_Automation Testing Site Log in to the site/input_Password_password'

2022-01-16 09:30:55 - [TEST_STEP][PASSED] - click(findTestObject("Object Repository/Page_Automation Testing Site Log in to the site/button_Log in")): Object: 'Object Repository/Page_Automation Testing Site Log in to the site/button_Log in' is clicked on

2022-01-16 09:30:56 - [MESSAGE][PASSED] - Object: 'Object Repository/Page_Automation Testing Site Log in to the site/button_Log in' is clicked on

2022-01-16 09:30:56 - [TEST_STEP][PASSED] - click(findTestObject("Object Repository/Page_Dashboard/span_Site administration")): Object: 'Object Repository/Page_Dashboard/span_Site administration' is clicked on

2022-01-16 09:30:58 - [MESSAGE][PASSED] - Object: 'Object Repository/Page_Dashboard/span_Site administration' is clicked on

2022-01-16 09:30:58 - [TEST_STEP][PASSED] - click(findTestObject("Object Repository/Page_SiteTesting Administration Search/a_Users")): Object: 'Object Repository/Page_SiteTesting Administration Search/a_Users' is clicked on

2022-01-16 09:30:59 - [MESSAGE][PASSED] - Object: 'Object Repository/Page_SiteTesting Administration Search/a_Users' is clicked on

2022-01-16 09:30:59 - [TEST_STEP][PASSED] - click(findTestObject("Object Repository/Page_SiteTesting Administration Search/a_Add a new user")): Object: 'Object Repository/Page_SiteTesting Administration Search/a_Add a new user' is clicked on

2022-01-16 09:31:00 - [MESSAGE][PASSED] - Object: 'Object Repository/Page_SiteTesting Administration Search/a_Add a new user' is clicked on

2022-01-16 09:31:00 - [TEST_STEP][PASSED] - setText(findTestObject("Object Repository/Page_SiteTesting Administration Users Accou_a8eb60/input_Username_username"), "student"): Text 'student' is set on object 'Object Repository/Page_SiteTesting Administration Users Accou_a8eb60/input_Username_username'

2022-01-16 09:31:01 - [MESSAGE][PASSED] - Text 'student' is set on object 'Object Repository/Page_SiteTesting Administration Users Accou_a8eb60/input_Username_username'

2022-01-16 09:31:01 - [TEST_STEP][PASSED] - click(findTestObject("Object Repository/Page_SiteTesting Administration Users Accou_a8eb60/em_Click to enter text")): Object: 'Object Repository/Page_SiteTesting Administration Users Accou_a8eb60/em_Click to enter text' is clicked on

2022-01-16 09:31:33 - [MESSAGE][INFO] - Unable to find the element located by 'By.xpath: //a[@id='yui_3_17_2_1_1642121855075_766']/span/span/em'. Please recheck the objects properties to make sure the desired element is located. 

2022-01-16 09:31:33 - [MESSAGE][WARNING] - [SELF-HEALING] Failed to find element with id 'Object Repository/Page_SiteTesting Administration Users Accou_a8eb60/em_Click to enter text'. Try using Self-healing.

2022-01-16 09:31:33 - [MESSAGE][WARNING] - [SELF-HEALING] The current locator of test object 'Object Repository/Page_SiteTesting Administration Users Accou_a8eb60/em_Click to enter text' was broken. Propose an alternative one: '(.//*[normalize-space(text()) and normalize-space(.)='New password'])[1]/following::em[1]'.

2022-01-16 09:31:33 - [MESSAGE][PASSED] - Object: 'Object Repository/Page_SiteTesting Administration Users Accou_a8eb60/em_Click to enter text' is clicked on

2022-01-16 09:31:33 - [TEST_STEP][PASSED] - setEncryptedText(findTestObject("Object Repository/Page_SiteTesting Administration Users Accou_a8eb60/input_New password_newpassword"), "cnpXG5HhkrZpEXzNIGBMZQ=="): Text ****** has been set on object 'Object Repository/Page_SiteTesting Administration Users Accou_a8eb60/input_New password_newpassword'

2022-01-16 09:31:33 - [MESSAGE][PASSED] - Text ****** has been set on object 'Object Repository/Page_SiteTesting Administration Users Accou_a8eb60/input_New password_newpassword'

2022-01-16 09:31:33 - [TEST_STEP][PASSED] - setText(findTestObject("Object Repository/Page_SiteTesting Administration Users Accou_a8eb60/input_First name_firstname"), "a"): Text 'a' is set on object 'Object Repository/Page_SiteTesting Administration Users Accou_a8eb60/input_First name_firstname'

2022-01-16 09:31:34 - [MESSAGE][PASSED] - Text 'a' is set on object 'Object Repository/Page_SiteTesting Administration Users Accou_a8eb60/input_First name_firstname'

2022-01-16 09:31:34 - [TEST_STEP][PASSED] - setText(findTestObject("Object Repository/Page_SiteTesting Administration Users Accou_a8eb60/input_Surname_lastname"), "b"): Text 'b' is set on object 'Object Repository/Page_SiteTesting Administration Users Accou_a8eb60/input_Surname_lastname'

2022-01-16 09:31:35 - [MESSAGE][PASSED] - Text 'b' is set on object 'Object Repository/Page_SiteTesting Administration Users Accou_a8eb60/input_Surname_lastname'

2022-01-16 09:31:35 - [TEST_STEP][PASSED] - setText(findTestObject("Object Repository/Page_SiteTesting Administration Users Accou_a8eb60/input_Email address_email"), "c@gmail.com"): Text 'c@gmail.com' is set on object 'Object Repository/Page_SiteTesting Administration Users Accou_a8eb60/input_Email address_email'

2022-01-16 09:31:36 - [MESSAGE][PASSED] - Text 'c@gmail.com' is set on object 'Object Repository/Page_SiteTesting Administration Users Accou_a8eb60/input_Email address_email'

2022-01-16 09:31:36 - [TEST_STEP][PASSED] - click(findTestObject("Object Repository/Page_SiteTesting Administration Users Accou_a8eb60/input_Address_submitbutton")): Object: 'Object Repository/Page_SiteTesting Administration Users Accou_a8eb60/input_Address_submitbutton' is clicked on

2022-01-16 09:31:38 - [MESSAGE][PASSED] - Object: 'Object Repository/Page_SiteTesting Administration Users Accou_a8eb60/input_Address_submitbutton' is clicked on

2022-01-16 09:31:38 - [TEST_STEP][PASSED] - click(findTestObject("Object Repository/Page_SiteTesting Administration Search/span_Site home")): Object: 'Object Repository/Page_SiteTesting Administration Search/span_Site home' is clicked on

2022-01-16 09:31:39 - [MESSAGE][PASSED] - Object: 'Object Repository/Page_SiteTesting Administration Search/span_Site home' is clicked on

2022-01-16 09:31:39 - [TEST_STEP][PASSED] - click(findTestObject("Object Repository/Page_Automation Testing Site/a_CNTN")): Object: 'Object Repository/Page_Automation Testing Site/a_CNTN' is clicked on

2022-01-16 09:31:40 - [MESSAGE][PASSED] - Object: 'Object Repository/Page_Automation Testing Site/a_CNTN' is clicked on

2022-01-16 09:31:40 - [TEST_STEP][PASSED] - click(findTestObject("Object Repository/Page_Course CNTN/span_Participants")): Object: 'Object Repository/Page_Course CNTN/span_Participants' is clicked on

2022-01-16 09:31:40 - [MESSAGE][PASSED] - Object: 'Object Repository/Page_Course CNTN/span_Participants' is clicked on

2022-01-16 09:31:40 - [TEST_STEP][PASSED] - click(findTestObject("Object Repository/Page_cntn Participants/input_Participants_btn btn-secondary my-1")): Object: 'Object Repository/Page_cntn Participants/input_Participants_btn btn-secondary my-1' is clicked on

2022-01-16 09:31:41 - [MESSAGE][PASSED] - Object: 'Object Repository/Page_cntn Participants/input_Participants_btn btn-secondary my-1' is clicked on

2022-01-16 09:31:41 - [TEST_STEP][PASSED] - click(findTestObject("Object Repository/Page_cntn Participants/span_")): Object: 'Object Repository/Page_cntn Participants/span_' is clicked on

2022-01-16 09:32:12 - [MESSAGE][INFO] - Unable to find the element located by 'By.xpath: //span[@id='form_autocomplete_downarrow-1642122004951']'. Please recheck the objects properties to make sure the desired element is located. 

2022-01-16 09:32:12 - [MESSAGE][WARNING] - [SELF-HEALING] Failed to find element with id 'Object Repository/Page_cntn Participants/span_'. Try using Self-healing.

2022-01-16 09:32:13 - [MESSAGE][WARNING] - [SELF-HEALING] The current locator of test object 'Object Repository/Page_cntn Participants/span_' was broken. Propose an alternative one: '//div[@id='fitem_id_userlist']/div[2]/div[3]/span'.

2022-01-16 09:32:13 - [MESSAGE][PASSED] - Object: 'Object Repository/Page_cntn Participants/span_' is clicked on

2022-01-16 09:32:13 - [TEST_STEP][PASSED] - click(findTestObject("Object Repository/Page_cntn Participants/small_cgmail.com")): Object: 'Object Repository/Page_cntn Participants/small_cgmail.com' is clicked on

2022-01-16 09:32:44 - [MESSAGE][INFO] - Unable to find the element located by 'By.xpath: //li[@id='form_autocomplete_suggestions-1642122004951-0']/span/span[2]/small'. Please recheck the objects properties to make sure the desired element is located. 

2022-01-16 09:32:44 - [MESSAGE][WARNING] - [SELF-HEALING] Failed to find element with id 'Object Repository/Page_cntn Participants/small_cgmail.com'. Try using Self-healing.

2022-01-16 09:32:44 - [MESSAGE][WARNING] - [SELF-HEALING] The current locator of test object 'Object Repository/Page_cntn Participants/small_cgmail.com' was broken. Propose an alternative one: '(.//*[normalize-space(text()) and normalize-space(.)='a b'])[2]/following::small[1]'.

2022-01-16 09:32:44 - [MESSAGE][PASSED] - Object: 'Object Repository/Page_cntn Participants/small_cgmail.com' is clicked on

2022-01-16 09:32:44 - [TEST_STEP][PASSED] - click(findTestObject("Object Repository/Page_cntn Participants/button_Enrol users")): Object: 'Object Repository/Page_cntn Participants/button_Enrol users' is clicked on

2022-01-16 09:33:16 - [MESSAGE][INFO] - Unable to find the element located by 'By.xpath: //button[@id='yui_3_17_2_1_1642122004793_252']'. Please recheck the objects properties to make sure the desired element is located. 

2022-01-16 09:33:16 - [MESSAGE][WARNING] - [SELF-HEALING] Failed to find element with id 'Object Repository/Page_cntn Participants/button_Enrol users'. Try using Self-healing.

2022-01-16 09:33:16 - [MESSAGE][WARNING] - [SELF-HEALING] The current locator of test object 'Object Repository/Page_cntn Participants/button_Enrol users' was broken. Propose an alternative one: '(.//*[normalize-space(text()) and normalize-space(.)='Minute'])[1]/following::button[1]'.

2022-01-16 09:33:16 - [MESSAGE][PASSED] - Object: 'Object Repository/Page_cntn Participants/button_Enrol users' is clicked on

2022-01-16 09:33:16 - [TEST_STEP][PASSED] - closeBrowser(): Browser is closed

2022-01-16 09:33:17 - [MESSAGE][PASSED] - Browser is closed]]></system-out>
         <system-err><![CDATA[]]></system-err>
      </testcase>
      <testcase name="Test Cases/Student/3. Calendar/1. create calendar event" time="75.466" classname="Test Cases/Student/3. Calendar/1. create calendar event" status="PASSED">
         <system-out><![CDATA[2022-01-16 09:33:17 - [TEST_CASE][PASSED] - Test Cases/Student/3. Calendar/1. create calendar event: Test Cases/Student/3. Calendar/1. create calendar event

2022-01-16 09:33:17 - [TEST_STEP][PASSED] - callTestCase(findTestCase("Student/2. Login as student"), [:], STOP_ON_FAILURE): Call Test Case 'Test Cases/Student/2. Login as student' successfully

2022-01-16 09:33:17 - [TEST_CASE][PASSED] - Test Cases/Student/2. Login as student: Test Cases/Student/2. Login as student

2022-01-16 09:33:17 - [TEST_STEP][PASSED] - openBrowser(""): Browser is opened with url: ''

2022-01-16 09:33:17 - [MESSAGE][INFO] - Starting 'Edge Chromium' driver

2022-01-16 09:33:19 - [MESSAGE][INFO] - Action delay is set to 0 milliseconds

2022-01-16 09:33:20 - [MESSAGE][PASSED] - Browser is opened with url: ''

2022-01-16 09:33:20 - [TEST_STEP][PASSED] - navigateToUrl("http://localhost/"): Navigate to 'http://localhost/' successfully

2022-01-16 09:33:21 - [MESSAGE][PASSED] - Navigate to 'http://localhost/' successfully

2022-01-16 09:33:21 - [TEST_STEP][PASSED] - click(findTestObject("Object Repository/Page_Automation Testing Site/a_Log in")): Object: 'Object Repository/Page_Automation Testing Site/a_Log in' is clicked on

2022-01-16 09:33:22 - [MESSAGE][PASSED] - Object: 'Object Repository/Page_Automation Testing Site/a_Log in' is clicked on

2022-01-16 09:33:22 - [TEST_STEP][PASSED] - setText(findTestObject("Object Repository/Page_Automation Testing Site Log in to the site/input_Username_username"), "student"): Text 'student' is set on object 'Object Repository/Page_Automation Testing Site Log in to the site/input_Username_username'

2022-01-16 09:33:22 - [MESSAGE][PASSED] - Text 'student' is set on object 'Object Repository/Page_Automation Testing Site Log in to the site/input_Username_username'

2022-01-16 09:33:22 - [TEST_STEP][PASSED] - setEncryptedText(findTestObject("Object Repository/Page_Automation Testing Site Log in to the site/input_Password_password"), "cnpXG5HhkrZpEXzNIGBMZQ=="): Text ****** has been set on object 'Object Repository/Page_Automation Testing Site Log in to the site/input_Password_password'

2022-01-16 09:33:23 - [MESSAGE][PASSED] - Text ****** has been set on object 'Object Repository/Page_Automation Testing Site Log in to the site/input_Password_password'

2022-01-16 09:33:23 - [TEST_STEP][PASSED] - click(findTestObject("Object Repository/Page_Automation Testing Site Log in to the site/button_Log in")): Object: 'Object Repository/Page_Automation Testing Site Log in to the site/button_Log in' is clicked on

2022-01-16 09:33:24 - [MESSAGE][PASSED] - Object: 'Object Repository/Page_Automation Testing Site Log in to the site/button_Log in' is clicked on

2022-01-16 09:33:24 - [TEST_STEP][PASSED] - click(findTestObject("Object Repository/Page_Dashboard/span_Site home")): Object: 'Object Repository/Page_Dashboard/span_Site home' is clicked on

2022-01-16 09:33:55 - [MESSAGE][INFO] - Unable to find the element located by 'By.xpath: '. Please recheck the objects properties to make sure the desired element is located. 

2022-01-16 09:33:55 - [MESSAGE][WARNING] - [SELF-HEALING] Failed to find element with id 'Object Repository/Page_Dashboard/span_Site home'. Try using Self-healing.

2022-01-16 09:33:56 - [MESSAGE][WARNING] - [SELF-HEALING] The current locator of test object 'Object Repository/Page_Dashboard/span_Site home' was broken. Propose an alternative one: '//div[@id='nav-drawer']/nav/ul/li[2]/a/div/div/span[2]'.

2022-01-16 09:33:56 - [MESSAGE][PASSED] - Object: 'Object Repository/Page_Dashboard/span_Site home' is clicked on

2022-01-16 09:33:56 - [TEST_STEP][PASSED] - click(findTestObject("Object Repository/Page_Automation Testing Site/a_CNTN")): Object: 'Object Repository/Page_Automation Testing Site/a_CNTN' is clicked on

2022-01-16 09:33:57 - [MESSAGE][PASSED] - Object: 'Object Repository/Page_Automation Testing Site/a_CNTN' is clicked on

2022-01-16 09:33:57 - [MESSAGE][INFO] - 

2022-01-16 09:33:57 - [MESSAGE][INFO] - ===================== Self-healing Report ====================

2022-01-16 09:33:57 - [MESSAGE][INFO] - One of the failed test object locators has been recovered by Self-healing. Please refer to the Self-healing Insights tab for more details.

2022-01-16 09:33:57 - [MESSAGE][INFO] - To learn more about Self-healing, please read https://docs.katalon.com/katalon-studio/docs/self-healing.html

2022-01-16 09:33:57 - [MESSAGE][INFO] - ==============================================================

2022-01-16 09:33:57 - [MESSAGE][PASSED] - Call Test Case 'Test Cases/Student/2. Login as student' successfully

2022-01-16 09:33:57 - [TEST_STEP][PASSED] - navigateToUrl("http://localhost/calendar/view.php?view=month"): Navigate to 'http://localhost/calendar/view.php?view=month' successfully

2022-01-16 09:33:57 - [MESSAGE][PASSED] - Navigate to 'http://localhost/calendar/view.php?view=month' successfully

2022-01-16 09:33:57 - [TEST_STEP][PASSED] - click(findTestObject("Object Repository/Page_SiteTesting Calendar Detailed month vi_90ebed/button_New event")): Object: 'Object Repository/Page_SiteTesting Calendar Detailed month vi_90ebed/button_New event' is clicked on

2022-01-16 09:33:58 - [MESSAGE][PASSED] - Object: 'Object Repository/Page_SiteTesting Calendar Detailed month vi_90ebed/button_New event' is clicked on

2022-01-16 09:33:58 - [TEST_STEP][PASSED] - setText(findTestObject("Object Repository/Page_SiteTesting Calendar Detailed month vi_90ebed/input_Event title_name"), "new"): Text 'new' is set on object 'Object Repository/Page_SiteTesting Calendar Detailed month vi_90ebed/input_Event title_name'

2022-01-16 09:34:00 - [MESSAGE][PASSED] - Text 'new' is set on object 'Object Repository/Page_SiteTesting Calendar Detailed month vi_90ebed/input_Event title_name'

2022-01-16 09:34:00 - [TEST_STEP][PASSED] - click(findTestObject("Object Repository/Page_SiteTesting Calendar Detailed month vi_90ebed/button_Save")): Object: 'Object Repository/Page_SiteTesting Calendar Detailed month vi_90ebed/button_Save' is clicked on

2022-01-16 09:34:31 - [MESSAGE][INFO] - Unable to find the element located by 'By.xpath: //button[@type = 'button' and @class = 'btn btn-primary' and @data-action = 'save' and (text() = '

            Save
            
                
                
                
            
        ' or . = '

            Save
            
                
                
                
            
        ')]'. Please recheck the objects properties to make sure the desired element is located. 

2022-01-16 09:34:31 - [MESSAGE][WARNING] - [SELF-HEALING] Failed to find element with id 'Object Repository/Page_SiteTesting Calendar Detailed month vi_90ebed/button_Save'. Try using Self-healing.

2022-01-16 09:34:31 - [MESSAGE][WARNING] - [SELF-HEALING] The current locator of test object 'Object Repository/Page_SiteTesting Calendar Detailed month vi_90ebed/button_Save' was broken. Propose an alternative one: '(.//*[normalize-space(text()) and normalize-space(.)='Repeat weekly, creating altogether'])[1]/following::button[1]'.

2022-01-16 09:34:31 - [MESSAGE][PASSED] - Object: 'Object Repository/Page_SiteTesting Calendar Detailed month vi_90ebed/button_Save' is clicked on

2022-01-16 09:34:31 - [TEST_STEP][PASSED] - closeBrowser(): Browser is closed

2022-01-16 09:34:32 - [MESSAGE][PASSED] - Browser is closed]]></system-out>
         <system-err><![CDATA[]]></system-err>
      </testcase>
      <testcase name="Test Cases/Student/3. Calendar/2. create and delete calendar" time="167.919" classname="Test Cases/Student/3. Calendar/2. create and delete calendar" status="PASSED">
         <system-out><![CDATA[2022-01-16 09:34:32 - [TEST_CASE][PASSED] - Test Cases/Student/3. Calendar/2. create and delete calendar: Test Cases/Student/3. Calendar/2. create and delete calendar

2022-01-16 09:34:32 - [TEST_STEP][PASSED] - openBrowser(""): Browser is opened with url: ''

2022-01-16 09:34:32 - [MESSAGE][INFO] - Starting 'Edge Chromium' driver

2022-01-16 09:34:35 - [MESSAGE][INFO] - Action delay is set to 0 milliseconds

2022-01-16 09:34:35 - [MESSAGE][PASSED] - Browser is opened with url: ''

2022-01-16 09:34:35 - [TEST_STEP][PASSED] - navigateToUrl("http://localhost/"): Navigate to 'http://localhost/' successfully

2022-01-16 09:34:36 - [MESSAGE][PASSED] - Navigate to 'http://localhost/' successfully

2022-01-16 09:34:36 - [TEST_STEP][PASSED] - click(findTestObject("Object Repository/Page_Automation Testing Site/a_Log in")): Object: 'Object Repository/Page_Automation Testing Site/a_Log in' is clicked on

2022-01-16 09:34:37 - [MESSAGE][PASSED] - Object: 'Object Repository/Page_Automation Testing Site/a_Log in' is clicked on

2022-01-16 09:34:37 - [TEST_STEP][PASSED] - setText(findTestObject("Object Repository/Page_Automation Testing Site Log in to the site/input_Username_username"), "student"): Text 'student' is set on object 'Object Repository/Page_Automation Testing Site Log in to the site/input_Username_username'

2022-01-16 09:34:38 - [MESSAGE][PASSED] - Text 'student' is set on object 'Object Repository/Page_Automation Testing Site Log in to the site/input_Username_username'

2022-01-16 09:34:38 - [TEST_STEP][PASSED] - setEncryptedText(findTestObject("Object Repository/Page_Automation Testing Site Log in to the site/input_Password_password"), "cnpXG5HhkrZpEXzNIGBMZQ=="): Text ****** has been set on object 'Object Repository/Page_Automation Testing Site Log in to the site/input_Password_password'

2022-01-16 09:34:38 - [MESSAGE][PASSED] - Text ****** has been set on object 'Object Repository/Page_Automation Testing Site Log in to the site/input_Password_password'

2022-01-16 09:34:38 - [TEST_STEP][PASSED] - click(findTestObject("Object Repository/Page_Automation Testing Site Log in to the site/button_Log in")): Object: 'Object Repository/Page_Automation Testing Site Log in to the site/button_Log in' is clicked on

2022-01-16 09:34:39 - [MESSAGE][PASSED] - Object: 'Object Repository/Page_Automation Testing Site Log in to the site/button_Log in' is clicked on

2022-01-16 09:34:39 - [TEST_STEP][PASSED] - click(findTestObject("Object Repository/CreateAndDeleteEvent/Page_Dashboard/span_Calendar")): Object: 'Object Repository/CreateAndDeleteEvent/Page_Dashboard/span_Calendar' is clicked on

2022-01-16 09:34:41 - [MESSAGE][PASSED] - Object: 'Object Repository/CreateAndDeleteEvent/Page_Dashboard/span_Calendar' is clicked on

2022-01-16 09:34:41 - [TEST_STEP][PASSED] - click(findTestObject("Object Repository/CreateAndDeleteEvent/Page_SiteTesting Calendar Detailed month vi_90ebed/button_New event")): Object: 'Object Repository/CreateAndDeleteEvent/Page_SiteTesting Calendar Detailed month vi_90ebed/button_New event' is clicked on

2022-01-16 09:35:12 - [MESSAGE][INFO] - Unable to find the element located by 'By.xpath: //div[@id='calendar-month-61e37021be34e61e370219286d15']/div/button'. Please recheck the objects properties to make sure the desired element is located. 

2022-01-16 09:35:12 - [MESSAGE][WARNING] - [SELF-HEALING] Failed to find element with id 'Object Repository/CreateAndDeleteEvent/Page_SiteTesting Calendar Detailed month vi_90ebed/button_New event'. Try using Self-healing.

2022-01-16 09:35:12 - [MESSAGE][WARNING] - [SELF-HEALING] The current locator of test object 'Object Repository/CreateAndDeleteEvent/Page_SiteTesting Calendar Detailed month vi_90ebed/button_New event' was broken. Propose an alternative one: '(.//*[normalize-space(text()) and normalize-space(.)='List of courses'])[1]/following::button[1]'.

2022-01-16 09:35:13 - [MESSAGE][PASSED] - Object: 'Object Repository/CreateAndDeleteEvent/Page_SiteTesting Calendar Detailed month vi_90ebed/button_New event' is clicked on

2022-01-16 09:35:13 - [TEST_STEP][PASSED] - setText(findTestObject("Object Repository/CreateAndDeleteEvent/Page_SiteTesting Calendar Detailed month vi_90ebed/input_Event title_name"), "Deadline"): Text 'Deadline' is set on object 'Object Repository/CreateAndDeleteEvent/Page_SiteTesting Calendar Detailed month vi_90ebed/input_Event title_name'

2022-01-16 09:35:14 - [MESSAGE][PASSED] - Text 'Deadline' is set on object 'Object Repository/CreateAndDeleteEvent/Page_SiteTesting Calendar Detailed month vi_90ebed/input_Event title_name'

2022-01-16 09:35:14 - [TEST_STEP][PASSED] - click(findTestObject("Object Repository/CreateAndDeleteEvent/Page_SiteTesting Calendar Detailed month vi_90ebed/button_Save")): Object: 'Object Repository/CreateAndDeleteEvent/Page_SiteTesting Calendar Detailed month vi_90ebed/button_Save' is clicked on

2022-01-16 09:35:45 - [MESSAGE][INFO] - Unable to find the element located by 'By.xpath: //button[@id='yui_3_17_2_1_1642295329780_1151']'. Please recheck the objects properties to make sure the desired element is located. 

2022-01-16 09:35:45 - [MESSAGE][WARNING] - [SELF-HEALING] Failed to find element with id 'Object Repository/CreateAndDeleteEvent/Page_SiteTesting Calendar Detailed month vi_90ebed/button_Save'. Try using Self-healing.

2022-01-16 09:35:46 - [MESSAGE][WARNING] - [SELF-HEALING] The current locator of test object 'Object Repository/CreateAndDeleteEvent/Page_SiteTesting Calendar Detailed month vi_90ebed/button_Save' was broken. Propose an alternative one: '(.//*[normalize-space(text()) and normalize-space(.)='Repeat weekly, creating altogether'])[1]/following::button[1]'.

2022-01-16 09:35:46 - [MESSAGE][PASSED] - Object: 'Object Repository/CreateAndDeleteEvent/Page_SiteTesting Calendar Detailed month vi_90ebed/button_Save' is clicked on

2022-01-16 09:35:46 - [TEST_STEP][PASSED] - click(findTestObject("Object Repository/CreateAndDeleteEvent/Page_SiteTesting Calendar Detailed month vi_90ebed/span_Deadline")): Object: 'Object Repository/CreateAndDeleteEvent/Page_SiteTesting Calendar Detailed month vi_90ebed/span_Deadline' is clicked on

2022-01-16 09:36:17 - [MESSAGE][INFO] - Unable to find the element located by 'By.xpath: //a[@id='yui_3_17_2_1_1642295329780_1883']/span[2]'. Please recheck the objects properties to make sure the desired element is located. 

2022-01-16 09:36:17 - [MESSAGE][WARNING] - [SELF-HEALING] Failed to find element with id 'Object Repository/CreateAndDeleteEvent/Page_SiteTesting Calendar Detailed month vi_90ebed/span_Deadline'. Try using Self-healing.

2022-01-16 09:36:17 - [MESSAGE][WARNING] - [SELF-HEALING] The current locator of test object 'Object Repository/CreateAndDeleteEvent/Page_SiteTesting Calendar Detailed month vi_90ebed/span_Deadline' was broken. Propose an alternative one: '(.//*[normalize-space(text()) and normalize-space(.)='new'])[1]/following::span[2]'.

2022-01-16 09:36:17 - [MESSAGE][PASSED] - Object: 'Object Repository/CreateAndDeleteEvent/Page_SiteTesting Calendar Detailed month vi_90ebed/span_Deadline' is clicked on

2022-01-16 09:36:17 - [TEST_STEP][PASSED] - click(findTestObject("Object Repository/CreateAndDeleteEvent/Page_SiteTesting Calendar Detailed month vi_90ebed/button_Delete")): Object: 'Object Repository/CreateAndDeleteEvent/Page_SiteTesting Calendar Detailed month vi_90ebed/button_Delete' is clicked on

2022-01-16 09:36:48 - [MESSAGE][INFO] - Unable to find the element located by 'By.xpath: //button[@id='yui_3_17_2_1_1642295329780_1905']'. Please recheck the objects properties to make sure the desired element is located. 

2022-01-16 09:36:48 - [MESSAGE][WARNING] - [SELF-HEALING] Failed to find element with id 'Object Repository/CreateAndDeleteEvent/Page_SiteTesting Calendar Detailed month vi_90ebed/button_Delete'. Try using Self-healing.

2022-01-16 09:36:49 - [MESSAGE][WARNING] - [SELF-HEALING] The current locator of test object 'Object Repository/CreateAndDeleteEvent/Page_SiteTesting Calendar Detailed month vi_90ebed/button_Delete' was broken. Propose an alternative one: '(.//*[normalize-space(text()) and normalize-space(.)='User event'])[1]/following::button[1]'.

2022-01-16 09:36:49 - [MESSAGE][PASSED] - Object: 'Object Repository/CreateAndDeleteEvent/Page_SiteTesting Calendar Detailed month vi_90ebed/button_Delete' is clicked on

2022-01-16 09:36:49 - [TEST_STEP][PASSED] - click(findTestObject("Object Repository/CreateAndDeleteEvent/Page_SiteTesting Calendar Detailed month vi_90ebed/button_Delete event")): Object: 'Object Repository/CreateAndDeleteEvent/Page_SiteTesting Calendar Detailed month vi_90ebed/button_Delete event' is clicked on

2022-01-16 09:37:20 - [MESSAGE][INFO] - Unable to find the element located by 'By.xpath: //button[@id='yui_3_17_2_1_1642295329780_1925']'. Please recheck the objects properties to make sure the desired element is located. 

2022-01-16 09:37:20 - [MESSAGE][WARNING] - [SELF-HEALING] Failed to find element with id 'Object Repository/CreateAndDeleteEvent/Page_SiteTesting Calendar Detailed month vi_90ebed/button_Delete event'. Try using Self-healing.

2022-01-16 09:37:20 - [MESSAGE][WARNING] - [SELF-HEALING] The current locator of test object 'Object Repository/CreateAndDeleteEvent/Page_SiteTesting Calendar Detailed month vi_90ebed/button_Delete event' was broken. Propose an alternative one: '(.//*[normalize-space(text()) and normalize-space(.)=concat('Are you sure you want to delete the ', '"', 'Deadline', '"', ' event?')])[1]/following::button[1]'.

2022-01-16 09:37:20 - [MESSAGE][PASSED] - Object: 'Object Repository/CreateAndDeleteEvent/Page_SiteTesting Calendar Detailed month vi_90ebed/button_Delete event' is clicked on]]></system-out>
         <system-err><![CDATA[]]></system-err>
      </testcase>
      <testcase name="Test Cases/Student/3. Calendar/3. create calendar empty title" time="74.345" classname="Test Cases/Student/3. Calendar/3. create calendar empty title" status="PASSED">
         <system-out><![CDATA[2022-01-16 09:37:20 - [TEST_CASE][PASSED] - Test Cases/Student/3. Calendar/3. create calendar empty title: Test Cases/Student/3. Calendar/3. create calendar empty title

2022-01-16 09:37:20 - [TEST_STEP][PASSED] - callTestCase(findTestCase("Student/2. Login as student"), [:], STOP_ON_FAILURE): Call Test Case 'Test Cases/Student/2. Login as student' successfully

2022-01-16 09:37:20 - [TEST_CASE][PASSED] - Test Cases/Student/2. Login as student: Test Cases/Student/2. Login as student

2022-01-16 09:37:20 - [TEST_STEP][PASSED] - openBrowser(""): Browser is opened with url: ''

2022-01-16 09:37:20 - [MESSAGE][WARNING] - A browser is already opened. Closing browser and opening a new one

2022-01-16 09:37:21 - [MESSAGE][INFO] - Starting 'Edge Chromium' driver

2022-01-16 09:37:23 - [MESSAGE][INFO] - Action delay is set to 0 milliseconds

2022-01-16 09:37:24 - [MESSAGE][PASSED] - Browser is opened with url: ''

2022-01-16 09:37:24 - [TEST_STEP][PASSED] - navigateToUrl("http://localhost/"): Navigate to 'http://localhost/' successfully

2022-01-16 09:37:25 - [MESSAGE][PASSED] - Navigate to 'http://localhost/' successfully

2022-01-16 09:37:25 - [TEST_STEP][PASSED] - click(findTestObject("Object Repository/Page_Automation Testing Site/a_Log in")): Object: 'Object Repository/Page_Automation Testing Site/a_Log in' is clicked on

2022-01-16 09:37:26 - [MESSAGE][PASSED] - Object: 'Object Repository/Page_Automation Testing Site/a_Log in' is clicked on

2022-01-16 09:37:26 - [TEST_STEP][PASSED] - setText(findTestObject("Object Repository/Page_Automation Testing Site Log in to the site/input_Username_username"), "student"): Text 'student' is set on object 'Object Repository/Page_Automation Testing Site Log in to the site/input_Username_username'

2022-01-16 09:37:26 - [MESSAGE][PASSED] - Text 'student' is set on object 'Object Repository/Page_Automation Testing Site Log in to the site/input_Username_username'

2022-01-16 09:37:26 - [TEST_STEP][PASSED] - setEncryptedText(findTestObject("Object Repository/Page_Automation Testing Site Log in to the site/input_Password_password"), "cnpXG5HhkrZpEXzNIGBMZQ=="): Text ****** has been set on object 'Object Repository/Page_Automation Testing Site Log in to the site/input_Password_password'

2022-01-16 09:37:27 - [MESSAGE][PASSED] - Text ****** has been set on object 'Object Repository/Page_Automation Testing Site Log in to the site/input_Password_password'

2022-01-16 09:37:27 - [TEST_STEP][PASSED] - click(findTestObject("Object Repository/Page_Automation Testing Site Log in to the site/button_Log in")): Object: 'Object Repository/Page_Automation Testing Site Log in to the site/button_Log in' is clicked on

2022-01-16 09:37:28 - [MESSAGE][PASSED] - Object: 'Object Repository/Page_Automation Testing Site Log in to the site/button_Log in' is clicked on

2022-01-16 09:37:28 - [TEST_STEP][PASSED] - click(findTestObject("Object Repository/Page_Dashboard/span_Site home")): Object: 'Object Repository/Page_Dashboard/span_Site home' is clicked on

2022-01-16 09:37:59 - [MESSAGE][INFO] - Unable to find the element located by 'By.xpath: '. Please recheck the objects properties to make sure the desired element is located. 

2022-01-16 09:37:59 - [MESSAGE][WARNING] - [SELF-HEALING] Failed to find element with id 'Object Repository/Page_Dashboard/span_Site home'. Try using Self-healing.

2022-01-16 09:37:59 - [MESSAGE][WARNING] - [SELF-HEALING] The current locator of test object 'Object Repository/Page_Dashboard/span_Site home' was broken. Propose an alternative one: '//div[@id='nav-drawer']/nav/ul/li[2]/a/div/div/span[2]'.

2022-01-16 09:38:00 - [MESSAGE][PASSED] - Object: 'Object Repository/Page_Dashboard/span_Site home' is clicked on

2022-01-16 09:38:00 - [TEST_STEP][PASSED] - click(findTestObject("Object Repository/Page_Automation Testing Site/a_CNTN")): Object: 'Object Repository/Page_Automation Testing Site/a_CNTN' is clicked on

2022-01-16 09:38:00 - [MESSAGE][PASSED] - Object: 'Object Repository/Page_Automation Testing Site/a_CNTN' is clicked on

2022-01-16 09:38:00 - [MESSAGE][INFO] - 

2022-01-16 09:38:00 - [MESSAGE][INFO] - ===================== Self-healing Report ====================

2022-01-16 09:38:00 - [MESSAGE][INFO] - One of the failed test object locators has been recovered by Self-healing. Please refer to the Self-healing Insights tab for more details.

2022-01-16 09:38:00 - [MESSAGE][INFO] - To learn more about Self-healing, please read https://docs.katalon.com/katalon-studio/docs/self-healing.html

2022-01-16 09:38:00 - [MESSAGE][INFO] - ==============================================================

2022-01-16 09:38:00 - [MESSAGE][PASSED] - Call Test Case 'Test Cases/Student/2. Login as student' successfully

2022-01-16 09:38:00 - [TEST_STEP][PASSED] - navigateToUrl("http://localhost/calendar/view.php?view=month"): Navigate to 'http://localhost/calendar/view.php?view=month' successfully

2022-01-16 09:38:01 - [MESSAGE][PASSED] - Navigate to 'http://localhost/calendar/view.php?view=month' successfully

2022-01-16 09:38:01 - [TEST_STEP][PASSED] - click(findTestObject("Object Repository/Page_SiteTesting Calendar Detailed month vi_90ebed/button_New event")): Object: 'Object Repository/Page_SiteTesting Calendar Detailed month vi_90ebed/button_New event' is clicked on

2022-01-16 09:38:02 - [MESSAGE][PASSED] - Object: 'Object Repository/Page_SiteTesting Calendar Detailed month vi_90ebed/button_New event' is clicked on

2022-01-16 09:38:02 - [TEST_STEP][PASSED] - click(findTestObject("Object Repository/Page_SiteTesting Calendar Detailed month vi_90ebed/button_Save")): Object: 'Object Repository/Page_SiteTesting Calendar Detailed month vi_90ebed/button_Save' is clicked on

2022-01-16 09:38:33 - [MESSAGE][INFO] - Unable to find the element located by 'By.xpath: //button[@type = 'button' and @class = 'btn btn-primary' and @data-action = 'save' and (text() = '

            Save
            
                
                
                
            
        ' or . = '

            Save
            
                
                
                
            
        ')]'. Please recheck the objects properties to make sure the desired element is located. 

2022-01-16 09:38:33 - [MESSAGE][WARNING] - [SELF-HEALING] Failed to find element with id 'Object Repository/Page_SiteTesting Calendar Detailed month vi_90ebed/button_Save'. Try using Self-healing.

2022-01-16 09:38:33 - [MESSAGE][WARNING] - [SELF-HEALING] The current locator of test object 'Object Repository/Page_SiteTesting Calendar Detailed month vi_90ebed/button_Save' was broken. Propose an alternative one: '(.//*[normalize-space(text()) and normalize-space(.)='Repeat weekly, creating altogether'])[1]/following::button[1]'.

2022-01-16 09:38:33 - [MESSAGE][PASSED] - Object: 'Object Repository/Page_SiteTesting Calendar Detailed month vi_90ebed/button_Save' is clicked on

2022-01-16 09:38:33 - [TEST_STEP][PASSED] - verifyElementText(findTestObject("Object Repository/Page_SiteTesting Calendar Detailed month vi_90ebed/div_- Required"), "- Required"): Actual text and expected text of test object 'Object Repository/Page_SiteTesting Calendar Detailed month vi_90ebed/div_- Required' are matched.

2022-01-16 09:38:34 - [MESSAGE][PASSED] - Actual text and expected text of test object 'Object Repository/Page_SiteTesting Calendar Detailed month vi_90ebed/div_- Required' are matched.

2022-01-16 09:38:34 - [TEST_STEP][PASSED] - closeBrowser(): Browser is closed

2022-01-16 09:38:34 - [MESSAGE][PASSED] - Browser is closed]]></system-out>
         <system-err><![CDATA[]]></system-err>
      </testcase>
      <testcase name="Test Cases/Student/3. Calendar/4. create calendar with invaid date" time="109.376" classname="Test Cases/Student/3. Calendar/4. create calendar with invaid date" status="PASSED">
         <system-out><![CDATA[2022-01-16 09:38:34 - [TEST_CASE][PASSED] - Test Cases/Student/3. Calendar/4. create calendar with invaid date: Test Cases/Student/3. Calendar/4. create calendar with invaid date

2022-01-16 09:38:35 - [TEST_STEP][PASSED] - callTestCase(findTestCase("Student/2. Login as student"), [:], STOP_ON_FAILURE): Call Test Case 'Test Cases/Student/2. Login as student' successfully

2022-01-16 09:38:35 - [TEST_CASE][PASSED] - Test Cases/Student/2. Login as student: Test Cases/Student/2. Login as student

2022-01-16 09:38:35 - [TEST_STEP][PASSED] - openBrowser(""): Browser is opened with url: ''

2022-01-16 09:38:35 - [MESSAGE][INFO] - Starting 'Edge Chromium' driver

2022-01-16 09:38:37 - [MESSAGE][INFO] - Action delay is set to 0 milliseconds

2022-01-16 09:38:38 - [MESSAGE][PASSED] - Browser is opened with url: ''

2022-01-16 09:38:38 - [TEST_STEP][PASSED] - navigateToUrl("http://localhost/"): Navigate to 'http://localhost/' successfully

2022-01-16 09:38:38 - [MESSAGE][PASSED] - Navigate to 'http://localhost/' successfully

2022-01-16 09:38:38 - [TEST_STEP][PASSED] - click(findTestObject("Object Repository/Page_Automation Testing Site/a_Log in")): Object: 'Object Repository/Page_Automation Testing Site/a_Log in' is clicked on

2022-01-16 09:38:39 - [MESSAGE][PASSED] - Object: 'Object Repository/Page_Automation Testing Site/a_Log in' is clicked on

2022-01-16 09:38:39 - [TEST_STEP][PASSED] - setText(findTestObject("Object Repository/Page_Automation Testing Site Log in to the site/input_Username_username"), "student"): Text 'student' is set on object 'Object Repository/Page_Automation Testing Site Log in to the site/input_Username_username'

2022-01-16 09:38:40 - [MESSAGE][PASSED] - Text 'student' is set on object 'Object Repository/Page_Automation Testing Site Log in to the site/input_Username_username'

2022-01-16 09:38:40 - [TEST_STEP][PASSED] - setEncryptedText(findTestObject("Object Repository/Page_Automation Testing Site Log in to the site/input_Password_password"), "cnpXG5HhkrZpEXzNIGBMZQ=="): Text ****** has been set on object 'Object Repository/Page_Automation Testing Site Log in to the site/input_Password_password'

2022-01-16 09:38:40 - [MESSAGE][PASSED] - Text ****** has been set on object 'Object Repository/Page_Automation Testing Site Log in to the site/input_Password_password'

2022-01-16 09:38:40 - [TEST_STEP][PASSED] - click(findTestObject("Object Repository/Page_Automation Testing Site Log in to the site/button_Log in")): Object: 'Object Repository/Page_Automation Testing Site Log in to the site/button_Log in' is clicked on

2022-01-16 09:38:42 - [MESSAGE][PASSED] - Object: 'Object Repository/Page_Automation Testing Site Log in to the site/button_Log in' is clicked on

2022-01-16 09:38:42 - [TEST_STEP][PASSED] - click(findTestObject("Object Repository/Page_Dashboard/span_Site home")): Object: 'Object Repository/Page_Dashboard/span_Site home' is clicked on

2022-01-16 09:39:13 - [MESSAGE][INFO] - Unable to find the element located by 'By.xpath: '. Please recheck the objects properties to make sure the desired element is located. 

2022-01-16 09:39:13 - [MESSAGE][WARNING] - [SELF-HEALING] Failed to find element with id 'Object Repository/Page_Dashboard/span_Site home'. Try using Self-healing.

2022-01-16 09:39:13 - [MESSAGE][WARNING] - [SELF-HEALING] The current locator of test object 'Object Repository/Page_Dashboard/span_Site home' was broken. Propose an alternative one: '//div[@id='nav-drawer']/nav/ul/li[2]/a/div/div/span[2]'.

2022-01-16 09:39:13 - [MESSAGE][PASSED] - Object: 'Object Repository/Page_Dashboard/span_Site home' is clicked on

2022-01-16 09:39:13 - [TEST_STEP][PASSED] - click(findTestObject("Object Repository/Page_Automation Testing Site/a_CNTN")): Object: 'Object Repository/Page_Automation Testing Site/a_CNTN' is clicked on

2022-01-16 09:39:14 - [MESSAGE][PASSED] - Object: 'Object Repository/Page_Automation Testing Site/a_CNTN' is clicked on

2022-01-16 09:39:14 - [MESSAGE][INFO] - 

2022-01-16 09:39:14 - [MESSAGE][INFO] - ===================== Self-healing Report ====================

2022-01-16 09:39:14 - [MESSAGE][INFO] - One of the failed test object locators has been recovered by Self-healing. Please refer to the Self-healing Insights tab for more details.

2022-01-16 09:39:14 - [MESSAGE][INFO] - To learn more about Self-healing, please read https://docs.katalon.com/katalon-studio/docs/self-healing.html

2022-01-16 09:39:14 - [MESSAGE][INFO] - ==============================================================

2022-01-16 09:39:14 - [MESSAGE][PASSED] - Call Test Case 'Test Cases/Student/2. Login as student' successfully

2022-01-16 09:39:14 - [TEST_STEP][PASSED] - navigateToUrl("http://localhost/calendar/view.php?view=month"): Navigate to 'http://localhost/calendar/view.php?view=month' successfully

2022-01-16 09:39:15 - [MESSAGE][PASSED] - Navigate to 'http://localhost/calendar/view.php?view=month' successfully

2022-01-16 09:39:15 - [TEST_STEP][PASSED] - click(findTestObject("Object Repository/Page_SiteTesting Calendar Detailed month vi_90ebed/button_New event")): Object: 'Object Repository/Page_SiteTesting Calendar Detailed month vi_90ebed/button_New event' is clicked on

2022-01-16 09:39:16 - [MESSAGE][PASSED] - Object: 'Object Repository/Page_SiteTesting Calendar Detailed month vi_90ebed/button_New event' is clicked on

2022-01-16 09:39:16 - [TEST_STEP][PASSED] - click(findTestObject("Object Repository/Page_SiteTesting Calendar Detailed month vi_90ebed/a_Show more")): Object: 'Object Repository/Page_SiteTesting Calendar Detailed month vi_90ebed/a_Show more' is clicked on

2022-01-16 09:39:47 - [MESSAGE][INFO] - Unable to find the element located by 'By.xpath: //*[@href = '#' and @class = 'moreless-toggler' and @aria-expanded = 'false' and @role = 'button' and @id = 'yui_3_17_2_1_1641262406973_609' and (text() = 'Show more...' or . = 'Show more...')]'. Please recheck the objects properties to make sure the desired element is located. 

2022-01-16 09:39:47 - [MESSAGE][WARNING] - [SELF-HEALING] Failed to find element with id 'Object Repository/Page_SiteTesting Calendar Detailed month vi_90ebed/a_Show more'. Try using Self-healing.

2022-01-16 09:39:47 - [MESSAGE][WARNING] - [SELF-HEALING] The current locator of test object 'Object Repository/Page_SiteTesting Calendar Detailed month vi_90ebed/a_Show more' was broken. Propose an alternative one: '//a[contains(text(),'Show more...')]'.

2022-01-16 09:39:47 - [MESSAGE][PASSED] - Object: 'Object Repository/Page_SiteTesting Calendar Detailed month vi_90ebed/a_Show more' is clicked on

2022-01-16 09:39:47 - [TEST_STEP][PASSED] - click(findTestObject("Object Repository/Page_SiteTesting Calendar Detailed month vi_90ebed/label_Until")): Object: 'Object Repository/Page_SiteTesting Calendar Detailed month vi_90ebed/label_Until' is clicked on

2022-01-16 09:39:48 - [MESSAGE][PASSED] - Object: 'Object Repository/Page_SiteTesting Calendar Detailed month vi_90ebed/label_Until' is clicked on

2022-01-16 09:39:48 - [TEST_STEP][PASSED] - selectOptionByValue(findTestObject("Object Repository/Page_SiteTesting Calendar Detailed month vi_90ebed/select_1        2        3        4        _45ea30_1"), "3", true): All options with value '3' are selected in object 'Object Repository/Page_SiteTesting Calendar Detailed month vi_90ebed/select_1        2        3        4        _45ea30_1'  using regular expression

2022-01-16 09:39:50 - [MESSAGE][PASSED] - All options with value '3' are selected in object 'Object Repository/Page_SiteTesting Calendar Detailed month vi_90ebed/select_1        2        3        4        _45ea30_1'  using regular expression

2022-01-16 09:39:50 - [TEST_STEP][PASSED] - setText(findTestObject("Object Repository/Page_SiteTesting Calendar Detailed month vi_90ebed/input_Event title_name"), "new"): Text 'new' is set on object 'Object Repository/Page_SiteTesting Calendar Detailed month vi_90ebed/input_Event title_name'

2022-01-16 09:39:50 - [MESSAGE][PASSED] - Text 'new' is set on object 'Object Repository/Page_SiteTesting Calendar Detailed month vi_90ebed/input_Event title_name'

2022-01-16 09:39:50 - [TEST_STEP][PASSED] - click(findTestObject("Object Repository/Page_SiteTesting Calendar Detailed month vi_90ebed/button_Save_1")): Object: 'Object Repository/Page_SiteTesting Calendar Detailed month vi_90ebed/button_Save_1' is clicked on

2022-01-16 09:40:21 - [MESSAGE][INFO] - Unable to find the element located by 'By.xpath: //button[@type = 'button' and @class = 'btn btn-primary' and @data-action = 'save' and (text() = '

            Save
            
                
                
                
            
        ' or . = '

            Save
            
                
                
                
            
        ')]'. Please recheck the objects properties to make sure the desired element is located. 

2022-01-16 09:40:21 - [MESSAGE][WARNING] - [SELF-HEALING] Failed to find element with id 'Object Repository/Page_SiteTesting Calendar Detailed month vi_90ebed/button_Save_1'. Try using Self-healing.

2022-01-16 09:40:22 - [MESSAGE][WARNING] - [SELF-HEALING] The current locator of test object 'Object Repository/Page_SiteTesting Calendar Detailed month vi_90ebed/button_Save_1' was broken. Propose an alternative one: '(.//*[normalize-space(text()) and normalize-space(.)='Repeat weekly, creating altogether'])[1]/following::button[1]'.

2022-01-16 09:40:22 - [MESSAGE][PASSED] - Object: 'Object Repository/Page_SiteTesting Calendar Detailed month vi_90ebed/button_Save_1' is clicked on

2022-01-16 09:40:22 - [TEST_STEP][PASSED] - verifyElementText(findTestObject("Object Repository/Page_SiteTesting Calendar Detailed month vi_90ebed/div_The date and time you selected for dura_28074d"), "The date and time you selected for duration until is before the start time of the event. Please correct this before proceeding."): Actual text and expected text of test object 'Object Repository/Page_SiteTesting Calendar Detailed month vi_90ebed/div_The date and time you selected for dura_28074d' are matched.

2022-01-16 09:40:23 - [MESSAGE][PASSED] - Actual text and expected text of test object 'Object Repository/Page_SiteTesting Calendar Detailed month vi_90ebed/div_The date and time you selected for dura_28074d' are matched.

2022-01-16 09:40:23 - [TEST_STEP][PASSED] - closeBrowser(): Browser is closed

2022-01-16 09:40:24 - [MESSAGE][PASSED] - Browser is closed]]></system-out>
         <system-err><![CDATA[]]></system-err>
      </testcase>
      <testcase name="Test Cases/Student/4. Comment/2. Add comment" time="230.455" classname="Test Cases/Student/4. Comment/2. Add comment" status="PASSED">
         <system-out><![CDATA[2022-01-16 09:40:24 - [TEST_CASE][PASSED] - Test Cases/Student/4. Comment/2. Add comment: Test Cases/Student/4. Comment/2. Add comment

2022-01-16 09:40:24 - [TEST_STEP][PASSED] - callTestCase(findTestCase("Student/2. Login as student"), [:], STOP_ON_FAILURE): Call Test Case 'Test Cases/Student/2. Login as student' successfully

2022-01-16 09:40:24 - [TEST_CASE][PASSED] - Test Cases/Student/2. Login as student: Test Cases/Student/2. Login as student

2022-01-16 09:40:24 - [TEST_STEP][PASSED] - openBrowser(""): Browser is opened with url: ''

2022-01-16 09:40:24 - [MESSAGE][INFO] - Starting 'Edge Chromium' driver

2022-01-16 09:40:26 - [MESSAGE][INFO] - Action delay is set to 0 milliseconds

2022-01-16 09:40:27 - [MESSAGE][PASSED] - Browser is opened with url: ''

2022-01-16 09:40:27 - [TEST_STEP][PASSED] - navigateToUrl("http://localhost/"): Navigate to 'http://localhost/' successfully

2022-01-16 09:40:28 - [MESSAGE][PASSED] - Navigate to 'http://localhost/' successfully

2022-01-16 09:40:28 - [TEST_STEP][PASSED] - click(findTestObject("Object Repository/Page_Automation Testing Site/a_Log in")): Object: 'Object Repository/Page_Automation Testing Site/a_Log in' is clicked on

2022-01-16 09:40:29 - [MESSAGE][PASSED] - Object: 'Object Repository/Page_Automation Testing Site/a_Log in' is clicked on

2022-01-16 09:40:29 - [TEST_STEP][PASSED] - setText(findTestObject("Object Repository/Page_Automation Testing Site Log in to the site/input_Username_username"), "student"): Text 'student' is set on object 'Object Repository/Page_Automation Testing Site Log in to the site/input_Username_username'

2022-01-16 09:40:29 - [MESSAGE][PASSED] - Text 'student' is set on object 'Object Repository/Page_Automation Testing Site Log in to the site/input_Username_username'

2022-01-16 09:40:29 - [TEST_STEP][PASSED] - setEncryptedText(findTestObject("Object Repository/Page_Automation Testing Site Log in to the site/input_Password_password"), "cnpXG5HhkrZpEXzNIGBMZQ=="): Text ****** has been set on object 'Object Repository/Page_Automation Testing Site Log in to the site/input_Password_password'

2022-01-16 09:40:30 - [MESSAGE][PASSED] - Text ****** has been set on object 'Object Repository/Page_Automation Testing Site Log in to the site/input_Password_password'

2022-01-16 09:40:30 - [TEST_STEP][PASSED] - click(findTestObject("Object Repository/Page_Automation Testing Site Log in to the site/button_Log in")): Object: 'Object Repository/Page_Automation Testing Site Log in to the site/button_Log in' is clicked on

2022-01-16 09:40:31 - [MESSAGE][PASSED] - Object: 'Object Repository/Page_Automation Testing Site Log in to the site/button_Log in' is clicked on

2022-01-16 09:40:31 - [TEST_STEP][PASSED] - click(findTestObject("Object Repository/Page_Dashboard/span_Site home")): Object: 'Object Repository/Page_Dashboard/span_Site home' is clicked on

2022-01-16 09:41:02 - [MESSAGE][INFO] - Unable to find the element located by 'By.xpath: '. Please recheck the objects properties to make sure the desired element is located. 

2022-01-16 09:41:02 - [MESSAGE][WARNING] - [SELF-HEALING] Failed to find element with id 'Object Repository/Page_Dashboard/span_Site home'. Try using Self-healing.

2022-01-16 09:41:02 - [MESSAGE][WARNING] - [SELF-HEALING] The current locator of test object 'Object Repository/Page_Dashboard/span_Site home' was broken. Propose an alternative one: '//div[@id='nav-drawer']/nav/ul/li[2]/a/div/div/span[2]'.

2022-01-16 09:41:03 - [MESSAGE][PASSED] - Object: 'Object Repository/Page_Dashboard/span_Site home' is clicked on

2022-01-16 09:41:03 - [TEST_STEP][PASSED] - click(findTestObject("Object Repository/Page_Automation Testing Site/a_CNTN")): Object: 'Object Repository/Page_Automation Testing Site/a_CNTN' is clicked on

2022-01-16 09:41:04 - [MESSAGE][PASSED] - Object: 'Object Repository/Page_Automation Testing Site/a_CNTN' is clicked on

2022-01-16 09:41:04 - [MESSAGE][INFO] - 

2022-01-16 09:41:04 - [MESSAGE][INFO] - ===================== Self-healing Report ====================

2022-01-16 09:41:04 - [MESSAGE][INFO] - One of the failed test object locators has been recovered by Self-healing. Please refer to the Self-healing Insights tab for more details.

2022-01-16 09:41:04 - [MESSAGE][INFO] - To learn more about Self-healing, please read https://docs.katalon.com/katalon-studio/docs/self-healing.html

2022-01-16 09:41:04 - [MESSAGE][INFO] - ==============================================================

2022-01-16 09:41:04 - [MESSAGE][PASSED] - Call Test Case 'Test Cases/Student/2. Login as student' successfully

2022-01-16 09:41:04 - [TEST_STEP][PASSED] - click(findTestObject("Object Repository/Page_Course CNTN/span_assignment test")): Object: 'Object Repository/Page_Course CNTN/span_assignment test' is clicked on

2022-01-16 09:41:35 - [MESSAGE][INFO] - Unable to find the element located by 'By.xpath: //li[@id='module-13']/div/div/div[2]/div/a/span'. Please recheck the objects properties to make sure the desired element is located. 

2022-01-16 09:41:35 - [MESSAGE][WARNING] - [SELF-HEALING] Failed to find element with id 'Object Repository/Page_Course CNTN/span_assignment test'. Try using Self-healing.

2022-01-16 09:41:35 - [MESSAGE][WARNING] - [SELF-HEALING] The current locator of test object 'Object Repository/Page_Course CNTN/span_assignment test' was broken. Propose an alternative one: '(.//*[normalize-space(text()) and normalize-space(.)='Forum'])[1]/following::span[1]'.

2022-01-16 09:41:36 - [MESSAGE][PASSED] - Object: 'Object Repository/Page_Course CNTN/span_assignment test' is clicked on

2022-01-16 09:41:36 - [TEST_STEP][PASSED] - click(findTestObject("Object Repository/Page_cntn assignment test/span_Comments (0)")): Object: 'Object Repository/Page_cntn assignment test/span_Comments (0)' is clicked on

2022-01-16 09:42:07 - [MESSAGE][INFO] - Unable to find the element located by 'By.xpath: //span[@id='comment-link-text-61e0d7219f79b']'. Please recheck the objects properties to make sure the desired element is located. 

2022-01-16 09:42:07 - [MESSAGE][WARNING] - [SELF-HEALING] Failed to find element with id 'Object Repository/Page_cntn assignment test/span_Comments (0)'. Try using Self-healing.

2022-01-16 09:42:07 - [MESSAGE][WARNING] - [SELF-HEALING] The current locator of test object 'Object Repository/Page_cntn assignment test/span_Comments (0)' was broken. Propose an alternative one: '(.//*[normalize-space(text()) and normalize-space(.)='Show comments'])[1]/following::span[1]'.

2022-01-16 09:42:07 - [MESSAGE][PASSED] - Object: 'Object Repository/Page_cntn assignment test/span_Comments (0)' is clicked on

2022-01-16 09:42:07 - [TEST_STEP][PASSED] - setText(findTestObject("Object Repository/Page_cntn assignment test/textarea_Comments (0)_content"), "test"): Text 'test' is set on object 'Object Repository/Page_cntn assignment test/textarea_Comments (0)_content'

2022-01-16 09:42:38 - [MESSAGE][INFO] - Unable to find the element located by 'By.xpath: //textarea[@id='dlg-content-61e0d7219f79b']'. Please recheck the objects properties to make sure the desired element is located. 

2022-01-16 09:42:38 - [MESSAGE][WARNING] - [SELF-HEALING] Failed to find element with id 'Object Repository/Page_cntn assignment test/textarea_Comments (0)_content'. Try using Self-healing.

2022-01-16 09:42:39 - [MESSAGE][WARNING] - [SELF-HEALING] The current locator of test object 'Object Repository/Page_cntn assignment test/textarea_Comments (0)_content' was broken. Propose an alternative one: '//textarea'.

2022-01-16 09:43:10 - [MESSAGE][INFO] - Unable to find the element located by 'By.xpath: //textarea[@id='dlg-content-61e0d7219f79b']'. Please recheck the objects properties to make sure the desired element is located. 

2022-01-16 09:43:10 - [MESSAGE][WARNING] - [SELF-HEALING] Failed to find element with id 'Object Repository/Page_cntn assignment test/textarea_Comments (0)_content'. Try using Self-healing.

2022-01-16 09:43:10 - [MESSAGE][WARNING] - [SELF-HEALING] The current locator of test object 'Object Repository/Page_cntn assignment test/textarea_Comments (0)_content' was broken. Propose an alternative one: '//textarea'.

2022-01-16 09:43:10 - [MESSAGE][PASSED] - Text 'test' is set on object 'Object Repository/Page_cntn assignment test/textarea_Comments (0)_content'

2022-01-16 09:43:10 - [TEST_STEP][PASSED] - click(findTestObject("Object Repository/Page_cntn assignment test/a_Save comment")): Object: 'Object Repository/Page_cntn assignment test/a_Save comment' is clicked on

2022-01-16 09:43:42 - [MESSAGE][INFO] - Unable to find the element located by 'By.xpath: //a[@id='comment-action-post-61e0d7219f79b']'. Please recheck the objects properties to make sure the desired element is located. 

2022-01-16 09:43:42 - [MESSAGE][WARNING] - [SELF-HEALING] Failed to find element with id 'Object Repository/Page_cntn assignment test/a_Save comment'. Try using Self-healing.

2022-01-16 09:43:42 - [MESSAGE][WARNING] - [SELF-HEALING] The current locator of test object 'Object Repository/Page_cntn assignment test/a_Save comment' was broken. Propose an alternative one: '//a[contains(text(),'Save comment')]'.

2022-01-16 09:43:42 - [MESSAGE][PASSED] - Object: 'Object Repository/Page_cntn assignment test/a_Save comment' is clicked on

2022-01-16 09:43:42 - [TEST_STEP][PASSED] - verifyElementText(findTestObject("Object Repository/Page_cntn assignment test/div_test"), "test"): Actual text and expected text of test object 'Object Repository/Page_cntn assignment test/div_test' are matched.

2022-01-16 09:44:13 - [MESSAGE][INFO] - Unable to find the element located by 'By.xpath: //li[@id='comment-3-61e0d6b2c515d']/div/div[2]/div[2]/div'. Please recheck the objects properties to make sure the desired element is located. 

2022-01-16 09:44:13 - [MESSAGE][WARNING] - [SELF-HEALING] Failed to find element with id 'Object Repository/Page_cntn assignment test/div_test'. Try using Self-healing.

2022-01-16 09:44:13 - [MESSAGE][WARNING] - [SELF-HEALING] The current locator of test object 'Object Repository/Page_cntn assignment test/div_test' was broken. Propose an alternative one: '(.//*[normalize-space(text()) and normalize-space(.)='a b'])[2]/following::div[4]'.

2022-01-16 09:44:14 - [MESSAGE][PASSED] - Actual text and expected text of test object 'Object Repository/Page_cntn assignment test/div_test' are matched.

2022-01-16 09:44:14 - [TEST_STEP][PASSED] - closeBrowser(): Browser is closed

2022-01-16 09:44:14 - [MESSAGE][PASSED] - Browser is closed]]></system-out>
         <system-err><![CDATA[]]></system-err>
      </testcase>
      <testcase name="Test Cases/Student/5. Submit/1. Mask Done" time="136.789" classname="Test Cases/Student/5. Submit/1. Mask Done" status="FAILED">
         <failure type="FAILED" message="Test Cases/Student/5. Submit/1. Mask Done FAILED.
Reason:
com.kms.katalon.core.exception.StepFailedException: Unable to click on object 'Object Repository/Page_cntn assignment test/button_Done'
	at com.kms.katalon.core.webui.keyword.internal.WebUIKeywordMain.stepFailed(WebUIKeywordMain.groovy:64)
	at com.kms.katalon.core.webui.keyword.internal.WebUIKeywordMain.runKeyword(WebUIKeywordMain.groovy:26)
	at com.kms.katalon.core.webui.keyword.builtin.ClickKeyword.click(ClickKeyword.groovy:74)
	at com.kms.katalon.core.webui.keyword.builtin.ClickKeyword.execute(ClickKeyword.groovy:40)
	at com.kms.katalon.core.keyword.internal.KeywordExecutor.executeKeywordForPlatform(KeywordExecutor.groovy:74)
	at com.kms.katalon.core.webui.keyword.WebUiBuiltInKeywords.click(WebUiBuiltInKeywords.groovy:620)
	at com.kms.katalon.core.webui.keyword.WebUiBuiltInKeywords$click$1.call(Unknown Source)
	at 1. Mask Done.run(1. Mask Done:26)
	at com.kms.katalon.core.main.ScriptEngine.run(ScriptEngine.java:194)
	at com.kms.katalon.core.main.ScriptEngine.runScriptAsRawText(ScriptEngine.java:119)
	at com.kms.katalon.core.main.TestCaseExecutor.runScript(TestCaseExecutor.java:442)
	at com.kms.katalon.core.main.TestCaseExecutor.doExecute(TestCaseExecutor.java:433)
	at com.kms.katalon.core.main.TestCaseExecutor.processExecutionPhase(TestCaseExecutor.java:412)
	at com.kms.katalon.core.main.TestCaseExecutor.accessMainPhase(TestCaseExecutor.java:404)
	at com.kms.katalon.core.main.TestCaseExecutor.execute(TestCaseExecutor.java:281)
	at com.kms.katalon.core.main.TestSuiteExecutor.accessTestCaseMainPhase(TestSuiteExecutor.java:202)
	at com.kms.katalon.core.main.TestSuiteExecutor.accessTestSuiteMainPhase(TestSuiteExecutor.java:164)
	at com.kms.katalon.core.main.TestSuiteExecutor.execute(TestSuiteExecutor.java:105)
	at com.kms.katalon.core.main.TestCaseMain.startTestSuite(TestCaseMain.java:181)
	at com.kms.katalon.core.main.TestCaseMain$startTestSuite$0.call(Unknown Source)
	at TempTestSuite1642300051220.run(TempTestSuite1642300051220.groovy:36)
Caused by: org.openqa.selenium.ElementClickInterceptedException: element click intercepted: Element &lt;button class=&quot;btn btn-outline-secondary&quot; data-action=&quot;toggle-manual-completion&quot; id=&quot;yui_3_17_2_1_1642301126571_39&quot;>...&lt;/button> is not clickable at point (353, 350). Other element would receive the click: &lt;div class=&quot;yui3-widget-mask&quot; style=&quot;position: fixed; width: 100%; height: 100%; top: 0px; left: 0px; z-index: 1041;&quot;>&lt;/div>
  (Session info: MicrosoftEdge=97.0.1072.62)
Build info: version: '3.141.59', revision: 'e82be7d358', time: '2018-11-14T08:25:53'
System info: host: 'LAPTOP-O4I5TINJ', ip: '192.168.11.1', os.name: 'Windows 10', os.arch: 'amd64', os.version: '10.0', java.version: '1.8.0_282'
Driver info: com.kms.katalon.selenium.driver.CEdgeDriver
Capabilities {acceptInsecureCerts: false, browserName: msedge, browserVersion: 97.0.1072.62, javascriptEnabled: true, ms:edgeOptions: {debuggerAddress: localhost:57451}, msedge: {msedgedriverVersion: 97.0.1072.55 (ce3bf33648805..., userDataDir: C:\Users\ASUS\AppData\Local...}, networkConnectionEnabled: false, pageLoadStrategy: normal, platform: WINDOWS, platformName: WINDOWS, proxy: Proxy(), setWindowRect: true, strictFileInteractability: false, timeouts: {implicit: 0, pageLoad: 300000, script: 30000}, unhandledPromptBehavior: dismiss and notify, webauthn:extension:credBlob: true, webauthn:extension:largeBlob: true, webauthn:virtualAuthenticators: true}
Session ID: e5a3b2f806216951313f8e4571db1d56
	at org.openqa.selenium.remote.http.W3CHttpResponseCodec.createException(W3CHttpResponseCodec.java:187)
	at org.openqa.selenium.remote.http.W3CHttpResponseCodec.decode(W3CHttpResponseCodec.java:122)
	at org.openqa.selenium.remote.http.W3CHttpResponseCodec.decode(W3CHttpResponseCodec.java:49)
	at org.openqa.selenium.remote.HttpCommandExecutor.execute(HttpCommandExecutor.java:158)
	at org.openqa.selenium.remote.service.DriverCommandExecutor.execute(DriverCommandExecutor.java:83)
	at org.openqa.selenium.remote.RemoteWebDriver.execute(RemoteWebDriver.java:552)
	at com.kms.katalon.selenium.driver.CEdgeDriver.execute(CEdgeDriver.java:20)
	at org.openqa.selenium.remote.RemoteWebElement.execute(RemoteWebElement.java:285)
	at org.openqa.selenium.remote.RemoteWebElement.click(RemoteWebElement.java:84)
	at org.openqa.selenium.support.events.EventFiringWebDriver$EventFiringWebElement.lambda$new$0(EventFiringWebDriver.java:404)
	at com.sun.proxy.$Proxy11.click(Unknown Source)
	at org.openqa.selenium.support.events.EventFiringWebDriver$EventFiringWebElement.click(EventFiringWebDriver.java:417)
	at org.openqa.selenium.WebElement$click.call(Unknown Source)
	at com.kms.katalon.core.webui.keyword.builtin.ClickKeyword.clickUntilSuccessWithTimeout(ClickKeyword.groovy:81)
	at com.kms.katalon.core.webui.keyword.builtin.ClickKeyword.clickUntilSuccessWithTimeout(ClickKeyword.groovy)
	at com.kms.katalon.core.webui.keyword.builtin.ClickKeyword$_click_closure1.doCall(ClickKeyword.groovy:67)
	at com.kms.katalon.core.webui.keyword.builtin.ClickKeyword$_click_closure1.call(ClickKeyword.groovy)
	at com.kms.katalon.core.webui.keyword.internal.WebUIKeywordMain.runKeyword(WebUIKeywordMain.groovy:20)
	... 19 more
"/>
         <system-out><![CDATA[2022-01-16 09:44:14 - [TEST_CASE][FAILED] - Test Cases/Student/5. Submit/1. Mask Done: Test Cases/Student/5. Submit/1. Mask Done FAILED.
Reason:
com.kms.katalon.core.exception.StepFailedException: Unable to click on object 'Object Repository/Page_cntn assignment test/button_Done'
	at com.kms.katalon.core.webui.keyword.internal.WebUIKeywordMain.stepFailed(WebUIKeywordMain.groovy:64)
	at com.kms.katalon.core.webui.keyword.internal.WebUIKeywordMain.runKeyword(WebUIKeywordMain.groovy:26)
	at com.kms.katalon.core.webui.keyword.builtin.ClickKeyword.click(ClickKeyword.groovy:74)
	at com.kms.katalon.core.webui.keyword.builtin.ClickKeyword.execute(ClickKeyword.groovy:40)
	at com.kms.katalon.core.keyword.internal.KeywordExecutor.executeKeywordForPlatform(KeywordExecutor.groovy:74)
	at com.kms.katalon.core.webui.keyword.WebUiBuiltInKeywords.click(WebUiBuiltInKeywords.groovy:620)
	at com.kms.katalon.core.webui.keyword.WebUiBuiltInKeywords$click$1.call(Unknown Source)
	at 1. Mask Done.run(1. Mask Done:26)
	at com.kms.katalon.core.main.ScriptEngine.run(ScriptEngine.java:194)
	at com.kms.katalon.core.main.ScriptEngine.runScriptAsRawText(ScriptEngine.java:119)
	at com.kms.katalon.core.main.TestCaseExecutor.runScript(TestCaseExecutor.java:442)
	at com.kms.katalon.core.main.TestCaseExecutor.doExecute(TestCaseExecutor.java:433)
	at com.kms.katalon.core.main.TestCaseExecutor.processExecutionPhase(TestCaseExecutor.java:412)
	at com.kms.katalon.core.main.TestCaseExecutor.accessMainPhase(TestCaseExecutor.java:404)
	at com.kms.katalon.core.main.TestCaseExecutor.execute(TestCaseExecutor.java:281)
	at com.kms.katalon.core.main.TestSuiteExecutor.accessTestCaseMainPhase(TestSuiteExecutor.java:202)
	at com.kms.katalon.core.main.TestSuiteExecutor.accessTestSuiteMainPhase(TestSuiteExecutor.java:164)
	at com.kms.katalon.core.main.TestSuiteExecutor.execute(TestSuiteExecutor.java:105)
	at com.kms.katalon.core.main.TestCaseMain.startTestSuite(TestCaseMain.java:181)
	at com.kms.katalon.core.main.TestCaseMain$startTestSuite$0.call(Unknown Source)
	at TempTestSuite1642300051220.run(TempTestSuite1642300051220.groovy:36)
Caused by: org.openqa.selenium.ElementClickInterceptedException: element click intercepted: Element <button class="btn btn-outline-secondary" data-action="toggle-manual-completion" id="yui_3_17_2_1_1642301126571_39">...</button> is not clickable at point (353, 350). Other element would receive the click: <div class="yui3-widget-mask" style="position: fixed; width: 100%; height: 100%; top: 0px; left: 0px; z-index: 1041;"></div>
  (Session info: MicrosoftEdge=97.0.1072.62)
Build info: version: '3.141.59', revision: 'e82be7d358', time: '2018-11-14T08:25:53'
System info: host: 'LAPTOP-O4I5TINJ', ip: '192.168.11.1', os.name: 'Windows 10', os.arch: 'amd64', os.version: '10.0', java.version: '1.8.0_282'
Driver info: com.kms.katalon.selenium.driver.CEdgeDriver
Capabilities {acceptInsecureCerts: false, browserName: msedge, browserVersion: 97.0.1072.62, javascriptEnabled: true, ms:edgeOptions: {debuggerAddress: localhost:57451}, msedge: {msedgedriverVersion: 97.0.1072.55 (ce3bf33648805..., userDataDir: C:\Users\ASUS\AppData\Local...}, networkConnectionEnabled: false, pageLoadStrategy: normal, platform: WINDOWS, platformName: WINDOWS, proxy: Proxy(), setWindowRect: true, strictFileInteractability: false, timeouts: {implicit: 0, pageLoad: 300000, script: 30000}, unhandledPromptBehavior: dismiss and notify, webauthn:extension:credBlob: true, webauthn:extension:largeBlob: true, webauthn:virtualAuthenticators: true}
Session ID: e5a3b2f806216951313f8e4571db1d56
	at org.openqa.selenium.remote.http.W3CHttpResponseCodec.createException(W3CHttpResponseCodec.java:187)
	at org.openqa.selenium.remote.http.W3CHttpResponseCodec.decode(W3CHttpResponseCodec.java:122)
	at org.openqa.selenium.remote.http.W3CHttpResponseCodec.decode(W3CHttpResponseCodec.java:49)
	at org.openqa.selenium.remote.HttpCommandExecutor.execute(HttpCommandExecutor.java:158)
	at org.openqa.selenium.remote.service.DriverCommandExecutor.execute(DriverCommandExecutor.java:83)
	at org.openqa.selenium.remote.RemoteWebDriver.execute(RemoteWebDriver.java:552)
	at com.kms.katalon.selenium.driver.CEdgeDriver.execute(CEdgeDriver.java:20)
	at org.openqa.selenium.remote.RemoteWebElement.execute(RemoteWebElement.java:285)
	at org.openqa.selenium.remote.RemoteWebElement.click(RemoteWebElement.java:84)
	at org.openqa.selenium.support.events.EventFiringWebDriver$EventFiringWebElement.lambda$new$0(EventFiringWebDriver.java:404)
	at com.sun.proxy.$Proxy11.click(Unknown Source)
	at org.openqa.selenium.support.events.EventFiringWebDriver$EventFiringWebElement.click(EventFiringWebDriver.java:417)
	at org.openqa.selenium.WebElement$click.call(Unknown Source)
	at com.kms.katalon.core.webui.keyword.builtin.ClickKeyword.clickUntilSuccessWithTimeout(ClickKeyword.groovy:81)
	at com.kms.katalon.core.webui.keyword.builtin.ClickKeyword.clickUntilSuccessWithTimeout(ClickKeyword.groovy)
	at com.kms.katalon.core.webui.keyword.builtin.ClickKeyword$_click_closure1.doCall(ClickKeyword.groovy:67)
	at com.kms.katalon.core.webui.keyword.builtin.ClickKeyword$_click_closure1.call(ClickKeyword.groovy)
	at com.kms.katalon.core.webui.keyword.internal.WebUIKeywordMain.runKeyword(WebUIKeywordMain.groovy:20)
	... 19 more


2022-01-16 09:44:14 - [TEST_STEP][PASSED] - callTestCase(findTestCase("Student/2. Login as student"), [:], STOP_ON_FAILURE): Call Test Case 'Test Cases/Student/2. Login as student' successfully

2022-01-16 09:44:15 - [TEST_CASE][PASSED] - Test Cases/Student/2. Login as student: Test Cases/Student/2. Login as student

2022-01-16 09:44:15 - [TEST_STEP][PASSED] - openBrowser(""): Browser is opened with url: ''

2022-01-16 09:44:15 - [MESSAGE][INFO] - Starting 'Edge Chromium' driver

2022-01-16 09:44:17 - [MESSAGE][INFO] - Action delay is set to 0 milliseconds

2022-01-16 09:44:18 - [MESSAGE][PASSED] - Browser is opened with url: ''

2022-01-16 09:44:18 - [TEST_STEP][PASSED] - navigateToUrl("http://localhost/"): Navigate to 'http://localhost/' successfully

2022-01-16 09:44:18 - [MESSAGE][PASSED] - Navigate to 'http://localhost/' successfully

2022-01-16 09:44:18 - [TEST_STEP][PASSED] - click(findTestObject("Object Repository/Page_Automation Testing Site/a_Log in")): Object: 'Object Repository/Page_Automation Testing Site/a_Log in' is clicked on

2022-01-16 09:44:19 - [MESSAGE][PASSED] - Object: 'Object Repository/Page_Automation Testing Site/a_Log in' is clicked on

2022-01-16 09:44:19 - [TEST_STEP][PASSED] - setText(findTestObject("Object Repository/Page_Automation Testing Site Log in to the site/input_Username_username"), "student"): Text 'student' is set on object 'Object Repository/Page_Automation Testing Site Log in to the site/input_Username_username'

2022-01-16 09:44:20 - [MESSAGE][PASSED] - Text 'student' is set on object 'Object Repository/Page_Automation Testing Site Log in to the site/input_Username_username'

2022-01-16 09:44:20 - [TEST_STEP][PASSED] - setEncryptedText(findTestObject("Object Repository/Page_Automation Testing Site Log in to the site/input_Password_password"), "cnpXG5HhkrZpEXzNIGBMZQ=="): Text ****** has been set on object 'Object Repository/Page_Automation Testing Site Log in to the site/input_Password_password'

2022-01-16 09:44:20 - [MESSAGE][PASSED] - Text ****** has been set on object 'Object Repository/Page_Automation Testing Site Log in to the site/input_Password_password'

2022-01-16 09:44:20 - [TEST_STEP][PASSED] - click(findTestObject("Object Repository/Page_Automation Testing Site Log in to the site/button_Log in")): Object: 'Object Repository/Page_Automation Testing Site Log in to the site/button_Log in' is clicked on

2022-01-16 09:44:21 - [MESSAGE][PASSED] - Object: 'Object Repository/Page_Automation Testing Site Log in to the site/button_Log in' is clicked on

2022-01-16 09:44:21 - [TEST_STEP][PASSED] - click(findTestObject("Object Repository/Page_Dashboard/span_Site home")): Object: 'Object Repository/Page_Dashboard/span_Site home' is clicked on

2022-01-16 09:44:53 - [MESSAGE][INFO] - Unable to find the element located by 'By.xpath: '. Please recheck the objects properties to make sure the desired element is located. 

2022-01-16 09:44:53 - [MESSAGE][WARNING] - [SELF-HEALING] Failed to find element with id 'Object Repository/Page_Dashboard/span_Site home'. Try using Self-healing.

2022-01-16 09:44:53 - [MESSAGE][WARNING] - [SELF-HEALING] The current locator of test object 'Object Repository/Page_Dashboard/span_Site home' was broken. Propose an alternative one: '//div[@id='nav-drawer']/nav/ul/li[2]/a/div/div/span[2]'.

2022-01-16 09:44:53 - [MESSAGE][PASSED] - Object: 'Object Repository/Page_Dashboard/span_Site home' is clicked on

2022-01-16 09:44:53 - [TEST_STEP][PASSED] - click(findTestObject("Object Repository/Page_Automation Testing Site/a_CNTN")): Object: 'Object Repository/Page_Automation Testing Site/a_CNTN' is clicked on

2022-01-16 09:44:54 - [MESSAGE][PASSED] - Object: 'Object Repository/Page_Automation Testing Site/a_CNTN' is clicked on

2022-01-16 09:44:54 - [MESSAGE][INFO] - 

2022-01-16 09:44:54 - [MESSAGE][INFO] - ===================== Self-healing Report ====================

2022-01-16 09:44:54 - [MESSAGE][INFO] - One of the failed test object locators has been recovered by Self-healing. Please refer to the Self-healing Insights tab for more details.

2022-01-16 09:44:54 - [MESSAGE][INFO] - To learn more about Self-healing, please read https://docs.katalon.com/katalon-studio/docs/self-healing.html

2022-01-16 09:44:54 - [MESSAGE][INFO] - ==============================================================

2022-01-16 09:44:54 - [MESSAGE][PASSED] - Call Test Case 'Test Cases/Student/2. Login as student' successfully

2022-01-16 09:44:54 - [TEST_STEP][PASSED] - click(findTestObject("Object Repository/Page_Course CNTN/span_assignment test")): Object: 'Object Repository/Page_Course CNTN/span_assignment test' is clicked on

2022-01-16 09:45:26 - [MESSAGE][INFO] - Unable to find the element located by 'By.xpath: //li[@id='module-13']/div/div/div[2]/div/a/span'. Please recheck the objects properties to make sure the desired element is located. 

2022-01-16 09:45:26 - [MESSAGE][WARNING] - [SELF-HEALING] Failed to find element with id 'Object Repository/Page_Course CNTN/span_assignment test'. Try using Self-healing.

2022-01-16 09:45:26 - [MESSAGE][WARNING] - [SELF-HEALING] The current locator of test object 'Object Repository/Page_Course CNTN/span_assignment test' was broken. Propose an alternative one: '(.//*[normalize-space(text()) and normalize-space(.)='Forum'])[1]/following::span[1]'.

2022-01-16 09:45:26 - [MESSAGE][PASSED] - Object: 'Object Repository/Page_Course CNTN/span_assignment test' is clicked on

2022-01-16 09:45:26 - [TEST_STEP][PASSED] - click(findTestObject("Object Repository/Page_cntn assignment test/button_Mark as done")): Object: 'Object Repository/Page_cntn assignment test/button_Mark as done' is clicked on

2022-01-16 09:45:27 - [MESSAGE][PASSED] - Object: 'Object Repository/Page_cntn assignment test/button_Mark as done' is clicked on

2022-01-16 09:45:27 - [TEST_STEP][FAILED] - click(findTestObject("Object Repository/Page_cntn assignment test/button_Done")): Unable to click on object 'Object Repository/Page_cntn assignment test/button_Done' (Root cause: com.kms.katalon.core.exception.StepFailedException: Unable to click on object 'Object Repository/Page_cntn assignment test/button_Done'
	at com.kms.katalon.core.webui.keyword.internal.WebUIKeywordMain.stepFailed(WebUIKeywordMain.groovy:64)
	at com.kms.katalon.core.webui.keyword.internal.WebUIKeywordMain.runKeyword(WebUIKeywordMain.groovy:26)
	at com.kms.katalon.core.webui.keyword.builtin.ClickKeyword.click(ClickKeyword.groovy:74)
	at com.kms.katalon.core.webui.keyword.builtin.ClickKeyword.execute(ClickKeyword.groovy:40)
	at com.kms.katalon.core.keyword.internal.KeywordExecutor.executeKeywordForPlatform(KeywordExecutor.groovy:74)
	at com.kms.katalon.core.webui.keyword.WebUiBuiltInKeywords.click(WebUiBuiltInKeywords.groovy:620)
	at com.kms.katalon.core.webui.keyword.WebUiBuiltInKeywords$click$1.call(Unknown Source)
	at 1. Mask Done.run(1. Mask Done:26)
	at com.kms.katalon.core.main.ScriptEngine.run(ScriptEngine.java:194)
	at com.kms.katalon.core.main.ScriptEngine.runScriptAsRawText(ScriptEngine.java:119)
	at com.kms.katalon.core.main.TestCaseExecutor.runScript(TestCaseExecutor.java:442)
	at com.kms.katalon.core.main.TestCaseExecutor.doExecute(TestCaseExecutor.java:433)
	at com.kms.katalon.core.main.TestCaseExecutor.processExecutionPhase(TestCaseExecutor.java:412)
	at com.kms.katalon.core.main.TestCaseExecutor.accessMainPhase(TestCaseExecutor.java:404)
	at com.kms.katalon.core.main.TestCaseExecutor.execute(TestCaseExecutor.java:281)
	at com.kms.katalon.core.main.TestSuiteExecutor.accessTestCaseMainPhase(TestSuiteExecutor.java:202)
	at com.kms.katalon.core.main.TestSuiteExecutor.accessTestSuiteMainPhase(TestSuiteExecutor.java:164)
	at com.kms.katalon.core.main.TestSuiteExecutor.execute(TestSuiteExecutor.java:105)
	at com.kms.katalon.core.main.TestCaseMain.startTestSuite(TestCaseMain.java:181)
	at com.kms.katalon.core.main.TestCaseMain$startTestSuite$0.call(Unknown Source)
	at TempTestSuite1642300051220.run(TempTestSuite1642300051220.groovy:36)
Caused by: org.openqa.selenium.ElementClickInterceptedException: element click intercepted: Element <button class="btn btn-outline-secondary" data-action="toggle-manual-completion" id="yui_3_17_2_1_1642301126571_39">...</button> is not clickable at point (353, 350). Other element would receive the click: <div class="yui3-widget-mask" style="position: fixed; width: 100%; height: 100%; top: 0px; left: 0px; z-index: 1041;"></div>
  (Session info: MicrosoftEdge=97.0.1072.62)
Build info: version: '3.141.59', revision: 'e82be7d358', time: '2018-11-14T08:25:53'
System info: host: 'LAPTOP-O4I5TINJ', ip: '192.168.11.1', os.name: 'Windows 10', os.arch: 'amd64', os.version: '10.0', java.version: '1.8.0_282'
Driver info: com.kms.katalon.selenium.driver.CEdgeDriver
Capabilities {acceptInsecureCerts: false, browserName: msedge, browserVersion: 97.0.1072.62, javascriptEnabled: true, ms:edgeOptions: {debuggerAddress: localhost:57451}, msedge: {msedgedriverVersion: 97.0.1072.55 (ce3bf33648805..., userDataDir: C:\Users\ASUS\AppData\Local...}, networkConnectionEnabled: false, pageLoadStrategy: normal, platform: WINDOWS, platformName: WINDOWS, proxy: Proxy(), setWindowRect: true, strictFileInteractability: false, timeouts: {implicit: 0, pageLoad: 300000, script: 30000}, unhandledPromptBehavior: dismiss and notify, webauthn:extension:credBlob: true, webauthn:extension:largeBlob: true, webauthn:virtualAuthenticators: true}
Session ID: e5a3b2f806216951313f8e4571db1d56
	at org.openqa.selenium.remote.http.W3CHttpResponseCodec.createException(W3CHttpResponseCodec.java:187)
	at org.openqa.selenium.remote.http.W3CHttpResponseCodec.decode(W3CHttpResponseCodec.java:122)
	at org.openqa.selenium.remote.http.W3CHttpResponseCodec.decode(W3CHttpResponseCodec.java:49)
	at org.openqa.selenium.remote.HttpCommandExecutor.execute(HttpCommandExecutor.java:158)
	at org.openqa.selenium.remote.service.DriverCommandExecutor.execute(DriverCommandExecutor.java:83)
	at org.openqa.selenium.remote.RemoteWebDriver.execute(RemoteWebDriver.java:552)
	at com.kms.katalon.selenium.driver.CEdgeDriver.execute(CEdgeDriver.java:20)
	at org.openqa.selenium.remote.RemoteWebElement.execute(RemoteWebElement.java:285)
	at org.openqa.selenium.remote.RemoteWebElement.click(RemoteWebElement.java:84)
	at org.openqa.selenium.support.events.EventFiringWebDriver$EventFiringWebElement.lambda$new$0(EventFiringWebDriver.java:404)
	at com.sun.proxy.$Proxy11.click(Unknown Source)
	at org.openqa.selenium.support.events.EventFiringWebDriver$EventFiringWebElement.click(EventFiringWebDriver.java:417)
	at org.openqa.selenium.WebElement$click.call(Unknown Source)
	at com.kms.katalon.core.webui.keyword.builtin.ClickKeyword.clickUntilSuccessWithTimeout(ClickKeyword.groovy:81)
	at com.kms.katalon.core.webui.keyword.builtin.ClickKeyword.clickUntilSuccessWithTimeout(ClickKeyword.groovy)
	at com.kms.katalon.core.webui.keyword.builtin.ClickKeyword$_click_closure1.doCall(ClickKeyword.groovy:67)
	at com.kms.katalon.core.webui.keyword.builtin.ClickKeyword$_click_closure1.call(ClickKeyword.groovy)
	at com.kms.katalon.core.webui.keyword.internal.WebUIKeywordMain.runKeyword(WebUIKeywordMain.groovy:20)
	at com.kms.katalon.core.webui.keyword.builtin.ClickKeyword.click(ClickKeyword.groovy:74)
	at com.kms.katalon.core.webui.keyword.builtin.ClickKeyword.execute(ClickKeyword.groovy:40)
	at com.kms.katalon.core.keyword.internal.KeywordExecutor.executeKeywordForPlatform(KeywordExecutor.groovy:74)
	at com.kms.katalon.core.webui.keyword.WebUiBuiltInKeywords.click(WebUiBuiltInKeywords.groovy:620)
	at com.kms.katalon.core.webui.keyword.WebUiBuiltInKeywords$click$1.call(Unknown Source)
	at Script1642125307344.run(Script1642125307344.groovy:26)
	... 13 more
)

2022-01-16 09:45:58 - [MESSAGE][INFO] - Unable to find the element located by 'By.xpath: //button[@id='yui_3_17_2_1_1642122361242_63']'. Please recheck the objects properties to make sure the desired element is located. 

2022-01-16 09:45:58 - [MESSAGE][WARNING] - [SELF-HEALING] Failed to find element with id 'Object Repository/Page_cntn assignment test/button_Done'. Try using Self-healing.

2022-01-16 09:45:58 - [MESSAGE][WARNING] - [SELF-HEALING] The current locator of test object 'Object Repository/Page_cntn assignment test/button_Done' was broken. Propose an alternative one: '//div[2]/button'.

2022-01-16 09:46:31 - [MESSAGE][FAILED] - Unable to click on object 'Object Repository/Page_cntn assignment test/button_Done' (Root cause: com.kms.katalon.core.exception.StepFailedException: Unable to click on object 'Object Repository/Page_cntn assignment test/button_Done'
	at com.kms.katalon.core.webui.keyword.internal.WebUIKeywordMain.stepFailed(WebUIKeywordMain.groovy:64)
	at com.kms.katalon.core.webui.keyword.internal.WebUIKeywordMain.runKeyword(WebUIKeywordMain.groovy:26)
	at com.kms.katalon.core.webui.keyword.builtin.ClickKeyword.click(ClickKeyword.groovy:74)
	at com.kms.katalon.core.webui.keyword.builtin.ClickKeyword.execute(ClickKeyword.groovy:40)
	at com.kms.katalon.core.keyword.internal.KeywordExecutor.executeKeywordForPlatform(KeywordExecutor.groovy:74)
	at com.kms.katalon.core.webui.keyword.WebUiBuiltInKeywords.click(WebUiBuiltInKeywords.groovy:620)
	at com.kms.katalon.core.webui.keyword.WebUiBuiltInKeywords$click$1.call(Unknown Source)
	at 1. Mask Done.run(1. Mask Done:26)
	at com.kms.katalon.core.main.ScriptEngine.run(ScriptEngine.java:194)
	at com.kms.katalon.core.main.ScriptEngine.runScriptAsRawText(ScriptEngine.java:119)
	at com.kms.katalon.core.main.TestCaseExecutor.runScript(TestCaseExecutor.java:442)
	at com.kms.katalon.core.main.TestCaseExecutor.doExecute(TestCaseExecutor.java:433)
	at com.kms.katalon.core.main.TestCaseExecutor.processExecutionPhase(TestCaseExecutor.java:412)
	at com.kms.katalon.core.main.TestCaseExecutor.accessMainPhase(TestCaseExecutor.java:404)
	at com.kms.katalon.core.main.TestCaseExecutor.execute(TestCaseExecutor.java:281)
	at com.kms.katalon.core.main.TestSuiteExecutor.accessTestCaseMainPhase(TestSuiteExecutor.java:202)
	at com.kms.katalon.core.main.TestSuiteExecutor.accessTestSuiteMainPhase(TestSuiteExecutor.java:164)
	at com.kms.katalon.core.main.TestSuiteExecutor.execute(TestSuiteExecutor.java:105)
	at com.kms.katalon.core.main.TestCaseMain.startTestSuite(TestCaseMain.java:181)
	at com.kms.katalon.core.main.TestCaseMain$startTestSuite$0.call(Unknown Source)
	at TempTestSuite1642300051220.run(TempTestSuite1642300051220.groovy:36)
Caused by: org.openqa.selenium.ElementClickInterceptedException: element click intercepted: Element <button class="btn btn-outline-secondary" data-action="toggle-manual-completion" id="yui_3_17_2_1_1642301126571_39">...</button> is not clickable at point (353, 350). Other element would receive the click: <div class="yui3-widget-mask" style="position: fixed; width: 100%; height: 100%; top: 0px; left: 0px; z-index: 1041;"></div>
  (Session info: MicrosoftEdge=97.0.1072.62)
Build info: version: '3.141.59', revision: 'e82be7d358', time: '2018-11-14T08:25:53'
System info: host: 'LAPTOP-O4I5TINJ', ip: '192.168.11.1', os.name: 'Windows 10', os.arch: 'amd64', os.version: '10.0', java.version: '1.8.0_282'
Driver info: com.kms.katalon.selenium.driver.CEdgeDriver
Capabilities {acceptInsecureCerts: false, browserName: msedge, browserVersion: 97.0.1072.62, javascriptEnabled: true, ms:edgeOptions: {debuggerAddress: localhost:57451}, msedge: {msedgedriverVersion: 97.0.1072.55 (ce3bf33648805..., userDataDir: C:\Users\ASUS\AppData\Local...}, networkConnectionEnabled: false, pageLoadStrategy: normal, platform: WINDOWS, platformName: WINDOWS, proxy: Proxy(), setWindowRect: true, strictFileInteractability: false, timeouts: {implicit: 0, pageLoad: 300000, script: 30000}, unhandledPromptBehavior: dismiss and notify, webauthn:extension:credBlob: true, webauthn:extension:largeBlob: true, webauthn:virtualAuthenticators: true}
Session ID: e5a3b2f806216951313f8e4571db1d56
	at org.openqa.selenium.remote.http.W3CHttpResponseCodec.createException(W3CHttpResponseCodec.java:187)
	at org.openqa.selenium.remote.http.W3CHttpResponseCodec.decode(W3CHttpResponseCodec.java:122)
	at org.openqa.selenium.remote.http.W3CHttpResponseCodec.decode(W3CHttpResponseCodec.java:49)
	at org.openqa.selenium.remote.HttpCommandExecutor.execute(HttpCommandExecutor.java:158)
	at org.openqa.selenium.remote.service.DriverCommandExecutor.execute(DriverCommandExecutor.java:83)
	at org.openqa.selenium.remote.RemoteWebDriver.execute(RemoteWebDriver.java:552)
	at com.kms.katalon.selenium.driver.CEdgeDriver.execute(CEdgeDriver.java:20)
	at org.openqa.selenium.remote.RemoteWebElement.execute(RemoteWebElement.java:285)
	at org.openqa.selenium.remote.RemoteWebElement.click(RemoteWebElement.java:84)
	at org.openqa.selenium.support.events.EventFiringWebDriver$EventFiringWebElement.lambda$new$0(EventFiringWebDriver.java:404)
	at com.sun.proxy.$Proxy11.click(Unknown Source)
	at org.openqa.selenium.support.events.EventFiringWebDriver$EventFiringWebElement.click(EventFiringWebDriver.java:417)
	at org.openqa.selenium.WebElement$click.call(Unknown Source)
	at com.kms.katalon.core.webui.keyword.builtin.ClickKeyword.clickUntilSuccessWithTimeout(ClickKeyword.groovy:81)
	at com.kms.katalon.core.webui.keyword.builtin.ClickKeyword.clickUntilSuccessWithTimeout(ClickKeyword.groovy)
	at com.kms.katalon.core.webui.keyword.builtin.ClickKeyword$_click_closure1.doCall(ClickKeyword.groovy:67)
	at com.kms.katalon.core.webui.keyword.builtin.ClickKeyword$_click_closure1.call(ClickKeyword.groovy)
	at com.kms.katalon.core.webui.keyword.internal.WebUIKeywordMain.runKeyword(WebUIKeywordMain.groovy:20)
	at com.kms.katalon.core.webui.keyword.builtin.ClickKeyword.click(ClickKeyword.groovy:74)
	at com.kms.katalon.core.webui.keyword.builtin.ClickKeyword.execute(ClickKeyword.groovy:40)
	at com.kms.katalon.core.keyword.internal.KeywordExecutor.executeKeywordForPlatform(KeywordExecutor.groovy:74)
	at com.kms.katalon.core.webui.keyword.WebUiBuiltInKeywords.click(WebUiBuiltInKeywords.groovy:620)
	at com.kms.katalon.core.webui.keyword.WebUiBuiltInKeywords$click$1.call(Unknown Source)
	at Script1642125307344.run(Script1642125307344.groovy:26)
	... 13 more
)
[[ATTACHMENT|E:\\MoodleTestByKatalon\\Reports\\20220116_092731\\Run all test cases\\20220116_092731\\1642301191398.png]]]]></system-out>
         <system-err><![CDATA[2022-01-16 09:44:14 - [TEST_CASE][FAILED] - Test Cases/Student/5. Submit/1. Mask Done: Test Cases/Student/5. Submit/1. Mask Done FAILED.
Reason:
com.kms.katalon.core.exception.StepFailedException: Unable to click on object 'Object Repository/Page_cntn assignment test/button_Done'
	at com.kms.katalon.core.webui.keyword.internal.WebUIKeywordMain.stepFailed(WebUIKeywordMain.groovy:64)
	at com.kms.katalon.core.webui.keyword.internal.WebUIKeywordMain.runKeyword(WebUIKeywordMain.groovy:26)
	at com.kms.katalon.core.webui.keyword.builtin.ClickKeyword.click(ClickKeyword.groovy:74)
	at com.kms.katalon.core.webui.keyword.builtin.ClickKeyword.execute(ClickKeyword.groovy:40)
	at com.kms.katalon.core.keyword.internal.KeywordExecutor.executeKeywordForPlatform(KeywordExecutor.groovy:74)
	at com.kms.katalon.core.webui.keyword.WebUiBuiltInKeywords.click(WebUiBuiltInKeywords.groovy:620)
	at com.kms.katalon.core.webui.keyword.WebUiBuiltInKeywords$click$1.call(Unknown Source)
	at 1. Mask Done.run(1. Mask Done:26)
	at com.kms.katalon.core.main.ScriptEngine.run(ScriptEngine.java:194)
	at com.kms.katalon.core.main.ScriptEngine.runScriptAsRawText(ScriptEngine.java:119)
	at com.kms.katalon.core.main.TestCaseExecutor.runScript(TestCaseExecutor.java:442)
	at com.kms.katalon.core.main.TestCaseExecutor.doExecute(TestCaseExecutor.java:433)
	at com.kms.katalon.core.main.TestCaseExecutor.processExecutionPhase(TestCaseExecutor.java:412)
	at com.kms.katalon.core.main.TestCaseExecutor.accessMainPhase(TestCaseExecutor.java:404)
	at com.kms.katalon.core.main.TestCaseExecutor.execute(TestCaseExecutor.java:281)
	at com.kms.katalon.core.main.TestSuiteExecutor.accessTestCaseMainPhase(TestSuiteExecutor.java:202)
	at com.kms.katalon.core.main.TestSuiteExecutor.accessTestSuiteMainPhase(TestSuiteExecutor.java:164)
	at com.kms.katalon.core.main.TestSuiteExecutor.execute(TestSuiteExecutor.java:105)
	at com.kms.katalon.core.main.TestCaseMain.startTestSuite(TestCaseMain.java:181)
	at com.kms.katalon.core.main.TestCaseMain$startTestSuite$0.call(Unknown Source)
	at TempTestSuite1642300051220.run(TempTestSuite1642300051220.groovy:36)
Caused by: org.openqa.selenium.ElementClickInterceptedException: element click intercepted: Element <button class="btn btn-outline-secondary" data-action="toggle-manual-completion" id="yui_3_17_2_1_1642301126571_39">...</button> is not clickable at point (353, 350). Other element would receive the click: <div class="yui3-widget-mask" style="position: fixed; width: 100%; height: 100%; top: 0px; left: 0px; z-index: 1041;"></div>
  (Session info: MicrosoftEdge=97.0.1072.62)
Build info: version: '3.141.59', revision: 'e82be7d358', time: '2018-11-14T08:25:53'
System info: host: 'LAPTOP-O4I5TINJ', ip: '192.168.11.1', os.name: 'Windows 10', os.arch: 'amd64', os.version: '10.0', java.version: '1.8.0_282'
Driver info: com.kms.katalon.selenium.driver.CEdgeDriver
Capabilities {acceptInsecureCerts: false, browserName: msedge, browserVersion: 97.0.1072.62, javascriptEnabled: true, ms:edgeOptions: {debuggerAddress: localhost:57451}, msedge: {msedgedriverVersion: 97.0.1072.55 (ce3bf33648805..., userDataDir: C:\Users\ASUS\AppData\Local...}, networkConnectionEnabled: false, pageLoadStrategy: normal, platform: WINDOWS, platformName: WINDOWS, proxy: Proxy(), setWindowRect: true, strictFileInteractability: false, timeouts: {implicit: 0, pageLoad: 300000, script: 30000}, unhandledPromptBehavior: dismiss and notify, webauthn:extension:credBlob: true, webauthn:extension:largeBlob: true, webauthn:virtualAuthenticators: true}
Session ID: e5a3b2f806216951313f8e4571db1d56
	at org.openqa.selenium.remote.http.W3CHttpResponseCodec.createException(W3CHttpResponseCodec.java:187)
	at org.openqa.selenium.remote.http.W3CHttpResponseCodec.decode(W3CHttpResponseCodec.java:122)
	at org.openqa.selenium.remote.http.W3CHttpResponseCodec.decode(W3CHttpResponseCodec.java:49)
	at org.openqa.selenium.remote.HttpCommandExecutor.execute(HttpCommandExecutor.java:158)
	at org.openqa.selenium.remote.service.DriverCommandExecutor.execute(DriverCommandExecutor.java:83)
	at org.openqa.selenium.remote.RemoteWebDriver.execute(RemoteWebDriver.java:552)
	at com.kms.katalon.selenium.driver.CEdgeDriver.execute(CEdgeDriver.java:20)
	at org.openqa.selenium.remote.RemoteWebElement.execute(RemoteWebElement.java:285)
	at org.openqa.selenium.remote.RemoteWebElement.click(RemoteWebElement.java:84)
	at org.openqa.selenium.support.events.EventFiringWebDriver$EventFiringWebElement.lambda$new$0(EventFiringWebDriver.java:404)
	at com.sun.proxy.$Proxy11.click(Unknown Source)
	at org.openqa.selenium.support.events.EventFiringWebDriver$EventFiringWebElement.click(EventFiringWebDriver.java:417)
	at org.openqa.selenium.WebElement$click.call(Unknown Source)
	at com.kms.katalon.core.webui.keyword.builtin.ClickKeyword.clickUntilSuccessWithTimeout(ClickKeyword.groovy:81)
	at com.kms.katalon.core.webui.keyword.builtin.ClickKeyword.clickUntilSuccessWithTimeout(ClickKeyword.groovy)
	at com.kms.katalon.core.webui.keyword.builtin.ClickKeyword$_click_closure1.doCall(ClickKeyword.groovy:67)
	at com.kms.katalon.core.webui.keyword.builtin.ClickKeyword$_click_closure1.call(ClickKeyword.groovy)
	at com.kms.katalon.core.webui.keyword.internal.WebUIKeywordMain.runKeyword(WebUIKeywordMain.groovy:20)
	... 19 more]]></system-err>
      </testcase>
      <testcase name="Test Cases/Student/5. Submit/2. Submit empty text" time="107.636" classname="Test Cases/Student/5. Submit/2. Submit empty text" status="PASSED">
         <system-out><![CDATA[2022-01-16 09:46:31 - [TEST_CASE][PASSED] - Test Cases/Student/5. Submit/2. Submit empty text: Test Cases/Student/5. Submit/2. Submit empty text

2022-01-16 09:46:31 - [TEST_STEP][PASSED] - callTestCase(findTestCase("Student/2. Login as student"), [:], STOP_ON_FAILURE): Call Test Case 'Test Cases/Student/2. Login as student' successfully

2022-01-16 09:46:31 - [TEST_CASE][PASSED] - Test Cases/Student/2. Login as student: Test Cases/Student/2. Login as student

2022-01-16 09:46:31 - [TEST_STEP][PASSED] - openBrowser(""): Browser is opened with url: ''

2022-01-16 09:46:31 - [MESSAGE][WARNING] - A browser is already opened. Closing browser and opening a new one

2022-01-16 09:46:32 - [MESSAGE][INFO] - Starting 'Edge Chromium' driver

2022-01-16 09:46:34 - [MESSAGE][INFO] - Action delay is set to 0 milliseconds

2022-01-16 09:46:35 - [MESSAGE][PASSED] - Browser is opened with url: ''

2022-01-16 09:46:35 - [TEST_STEP][PASSED] - navigateToUrl("http://localhost/"): Navigate to 'http://localhost/' successfully

2022-01-16 09:46:36 - [MESSAGE][PASSED] - Navigate to 'http://localhost/' successfully

2022-01-16 09:46:36 - [TEST_STEP][PASSED] - click(findTestObject("Object Repository/Page_Automation Testing Site/a_Log in")): Object: 'Object Repository/Page_Automation Testing Site/a_Log in' is clicked on

2022-01-16 09:46:37 - [MESSAGE][PASSED] - Object: 'Object Repository/Page_Automation Testing Site/a_Log in' is clicked on

2022-01-16 09:46:37 - [TEST_STEP][PASSED] - setText(findTestObject("Object Repository/Page_Automation Testing Site Log in to the site/input_Username_username"), "student"): Text 'student' is set on object 'Object Repository/Page_Automation Testing Site Log in to the site/input_Username_username'

2022-01-16 09:46:38 - [MESSAGE][PASSED] - Text 'student' is set on object 'Object Repository/Page_Automation Testing Site Log in to the site/input_Username_username'

2022-01-16 09:46:38 - [TEST_STEP][PASSED] - setEncryptedText(findTestObject("Object Repository/Page_Automation Testing Site Log in to the site/input_Password_password"), "cnpXG5HhkrZpEXzNIGBMZQ=="): Text ****** has been set on object 'Object Repository/Page_Automation Testing Site Log in to the site/input_Password_password'

2022-01-16 09:46:38 - [MESSAGE][PASSED] - Text ****** has been set on object 'Object Repository/Page_Automation Testing Site Log in to the site/input_Password_password'

2022-01-16 09:46:38 - [TEST_STEP][PASSED] - click(findTestObject("Object Repository/Page_Automation Testing Site Log in to the site/button_Log in")): Object: 'Object Repository/Page_Automation Testing Site Log in to the site/button_Log in' is clicked on

2022-01-16 09:46:39 - [MESSAGE][PASSED] - Object: 'Object Repository/Page_Automation Testing Site Log in to the site/button_Log in' is clicked on

2022-01-16 09:46:39 - [TEST_STEP][PASSED] - click(findTestObject("Object Repository/Page_Dashboard/span_Site home")): Object: 'Object Repository/Page_Dashboard/span_Site home' is clicked on

2022-01-16 09:47:10 - [MESSAGE][INFO] - Unable to find the element located by 'By.xpath: '. Please recheck the objects properties to make sure the desired element is located. 

2022-01-16 09:47:10 - [MESSAGE][WARNING] - [SELF-HEALING] Failed to find element with id 'Object Repository/Page_Dashboard/span_Site home'. Try using Self-healing.

2022-01-16 09:47:11 - [MESSAGE][WARNING] - [SELF-HEALING] The current locator of test object 'Object Repository/Page_Dashboard/span_Site home' was broken. Propose an alternative one: '//div[@id='nav-drawer']/nav/ul/li[2]/a/div/div/span[2]'.

2022-01-16 09:47:11 - [MESSAGE][PASSED] - Object: 'Object Repository/Page_Dashboard/span_Site home' is clicked on

2022-01-16 09:47:11 - [TEST_STEP][PASSED] - click(findTestObject("Object Repository/Page_Automation Testing Site/a_CNTN")): Object: 'Object Repository/Page_Automation Testing Site/a_CNTN' is clicked on

2022-01-16 09:47:12 - [MESSAGE][PASSED] - Object: 'Object Repository/Page_Automation Testing Site/a_CNTN' is clicked on

2022-01-16 09:47:12 - [MESSAGE][INFO] - 

2022-01-16 09:47:12 - [MESSAGE][INFO] - ===================== Self-healing Report ====================

2022-01-16 09:47:12 - [MESSAGE][INFO] - One of the failed test object locators has been recovered by Self-healing. Please refer to the Self-healing Insights tab for more details.

2022-01-16 09:47:12 - [MESSAGE][INFO] - To learn more about Self-healing, please read https://docs.katalon.com/katalon-studio/docs/self-healing.html

2022-01-16 09:47:12 - [MESSAGE][INFO] - ==============================================================

2022-01-16 09:47:12 - [MESSAGE][PASSED] - Call Test Case 'Test Cases/Student/2. Login as student' successfully

2022-01-16 09:47:12 - [TEST_STEP][PASSED] - click(findTestObject("Object Repository/Page_Course CNTN/span_assignment test")): Object: 'Object Repository/Page_Course CNTN/span_assignment test' is clicked on

2022-01-16 09:47:43 - [MESSAGE][INFO] - Unable to find the element located by 'By.xpath: //li[@id='module-13']/div/div/div[2]/div/a/span'. Please recheck the objects properties to make sure the desired element is located. 

2022-01-16 09:47:43 - [MESSAGE][WARNING] - [SELF-HEALING] Failed to find element with id 'Object Repository/Page_Course CNTN/span_assignment test'. Try using Self-healing.

2022-01-16 09:47:43 - [MESSAGE][WARNING] - [SELF-HEALING] The current locator of test object 'Object Repository/Page_Course CNTN/span_assignment test' was broken. Propose an alternative one: '(.//*[normalize-space(text()) and normalize-space(.)='Forum'])[1]/following::span[1]'.

2022-01-16 09:47:44 - [MESSAGE][PASSED] - Object: 'Object Repository/Page_Course CNTN/span_assignment test' is clicked on

2022-01-16 09:47:44 - [TEST_STEP][PASSED] - click(findTestObject("Object Repository/Page_cntn assignment test/button_Add submission")): Object: 'Object Repository/Page_cntn assignment test/button_Add submission' is clicked on

2022-01-16 09:48:15 - [MESSAGE][INFO] - Unable to find the element located by 'By.xpath: //button[@id='single_button61e0d28ae8c4015']'. Please recheck the objects properties to make sure the desired element is located. 

2022-01-16 09:48:15 - [MESSAGE][WARNING] - [SELF-HEALING] Failed to find element with id 'Object Repository/Page_cntn assignment test/button_Add submission'. Try using Self-healing.

2022-01-16 09:48:15 - [MESSAGE][WARNING] - [SELF-HEALING] The current locator of test object 'Object Repository/Page_cntn assignment test/button_Add submission' was broken. Propose an alternative one: '//form/button'.

2022-01-16 09:48:16 - [MESSAGE][PASSED] - Object: 'Object Repository/Page_cntn assignment test/button_Add submission' is clicked on

2022-01-16 09:48:16 - [TEST_STEP][PASSED] - click(findTestObject("Object Repository/Page_cntn assignment test - Edit submission/input_Online text_submitbutton")): Object: 'Object Repository/Page_cntn assignment test - Edit submission/input_Online text_submitbutton' is clicked on

2022-01-16 09:48:17 - [MESSAGE][PASSED] - Object: 'Object Repository/Page_cntn assignment test - Edit submission/input_Online text_submitbutton' is clicked on

2022-01-16 09:48:17 - [TEST_STEP][PASSED] - verifyElementPresent(findTestObject("Object Repository/Page_cntn assignment test - Edit submission/div_Nothing was submitted"), 0): Object 'Object Repository/Page_cntn assignment test - Edit submission/div_Nothing was submitted' is present

2022-01-16 09:48:17 - [MESSAGE][WARNING] - Timeout '0' is invalid. Using default page load timeout: '30'

2022-01-16 09:48:18 - [MESSAGE][PASSED] - Object 'Object Repository/Page_cntn assignment test - Edit submission/div_Nothing was submitted' is present

2022-01-16 09:48:18 - [TEST_STEP][PASSED] - closeBrowser(): Browser is closed

2022-01-16 09:48:19 - [MESSAGE][PASSED] - Browser is closed]]></system-out>
         <system-err><![CDATA[]]></system-err>
      </testcase>
      <testcase name="Test Cases/Student/5. Submit/3. Submit" time="110.363" classname="Test Cases/Student/5. Submit/3. Submit" status="PASSED">
         <system-out><![CDATA[2022-01-16 09:48:19 - [TEST_CASE][PASSED] - Test Cases/Student/5. Submit/3. Submit: Test Cases/Student/5. Submit/3. Submit

2022-01-16 09:48:19 - [TEST_STEP][PASSED] - callTestCase(findTestCase("Student/2. Login as student"), [:], STOP_ON_FAILURE): Call Test Case 'Test Cases/Student/2. Login as student' successfully

2022-01-16 09:48:19 - [TEST_CASE][PASSED] - Test Cases/Student/2. Login as student: Test Cases/Student/2. Login as student

2022-01-16 09:48:19 - [TEST_STEP][PASSED] - openBrowser(""): Browser is opened with url: ''

2022-01-16 09:48:19 - [MESSAGE][INFO] - Starting 'Edge Chromium' driver

2022-01-16 09:48:21 - [MESSAGE][INFO] - Action delay is set to 0 milliseconds

2022-01-16 09:48:22 - [MESSAGE][PASSED] - Browser is opened with url: ''

2022-01-16 09:48:22 - [TEST_STEP][PASSED] - navigateToUrl("http://localhost/"): Navigate to 'http://localhost/' successfully

2022-01-16 09:48:23 - [MESSAGE][PASSED] - Navigate to 'http://localhost/' successfully

2022-01-16 09:48:23 - [TEST_STEP][PASSED] - click(findTestObject("Object Repository/Page_Automation Testing Site/a_Log in")): Object: 'Object Repository/Page_Automation Testing Site/a_Log in' is clicked on

2022-01-16 09:48:23 - [MESSAGE][PASSED] - Object: 'Object Repository/Page_Automation Testing Site/a_Log in' is clicked on

2022-01-16 09:48:23 - [TEST_STEP][PASSED] - setText(findTestObject("Object Repository/Page_Automation Testing Site Log in to the site/input_Username_username"), "student"): Text 'student' is set on object 'Object Repository/Page_Automation Testing Site Log in to the site/input_Username_username'

2022-01-16 09:48:24 - [MESSAGE][PASSED] - Text 'student' is set on object 'Object Repository/Page_Automation Testing Site Log in to the site/input_Username_username'

2022-01-16 09:48:24 - [TEST_STEP][PASSED] - setEncryptedText(findTestObject("Object Repository/Page_Automation Testing Site Log in to the site/input_Password_password"), "cnpXG5HhkrZpEXzNIGBMZQ=="): Text ****** has been set on object 'Object Repository/Page_Automation Testing Site Log in to the site/input_Password_password'

2022-01-16 09:48:25 - [MESSAGE][PASSED] - Text ****** has been set on object 'Object Repository/Page_Automation Testing Site Log in to the site/input_Password_password'

2022-01-16 09:48:25 - [TEST_STEP][PASSED] - click(findTestObject("Object Repository/Page_Automation Testing Site Log in to the site/button_Log in")): Object: 'Object Repository/Page_Automation Testing Site Log in to the site/button_Log in' is clicked on

2022-01-16 09:48:26 - [MESSAGE][PASSED] - Object: 'Object Repository/Page_Automation Testing Site Log in to the site/button_Log in' is clicked on

2022-01-16 09:48:26 - [TEST_STEP][PASSED] - click(findTestObject("Object Repository/Page_Dashboard/span_Site home")): Object: 'Object Repository/Page_Dashboard/span_Site home' is clicked on

2022-01-16 09:48:57 - [MESSAGE][INFO] - Unable to find the element located by 'By.xpath: '. Please recheck the objects properties to make sure the desired element is located. 

2022-01-16 09:48:57 - [MESSAGE][WARNING] - [SELF-HEALING] Failed to find element with id 'Object Repository/Page_Dashboard/span_Site home'. Try using Self-healing.

2022-01-16 09:48:57 - [MESSAGE][WARNING] - [SELF-HEALING] The current locator of test object 'Object Repository/Page_Dashboard/span_Site home' was broken. Propose an alternative one: '//div[@id='nav-drawer']/nav/ul/li[2]/a/div/div/span[2]'.

2022-01-16 09:48:58 - [MESSAGE][PASSED] - Object: 'Object Repository/Page_Dashboard/span_Site home' is clicked on

2022-01-16 09:48:58 - [TEST_STEP][PASSED] - click(findTestObject("Object Repository/Page_Automation Testing Site/a_CNTN")): Object: 'Object Repository/Page_Automation Testing Site/a_CNTN' is clicked on

2022-01-16 09:48:58 - [MESSAGE][PASSED] - Object: 'Object Repository/Page_Automation Testing Site/a_CNTN' is clicked on

2022-01-16 09:48:58 - [MESSAGE][INFO] - 

2022-01-16 09:48:58 - [MESSAGE][INFO] - ===================== Self-healing Report ====================

2022-01-16 09:48:58 - [MESSAGE][INFO] - One of the failed test object locators has been recovered by Self-healing. Please refer to the Self-healing Insights tab for more details.

2022-01-16 09:48:58 - [MESSAGE][INFO] - To learn more about Self-healing, please read https://docs.katalon.com/katalon-studio/docs/self-healing.html

2022-01-16 09:48:58 - [MESSAGE][INFO] - ==============================================================

2022-01-16 09:48:58 - [MESSAGE][PASSED] - Call Test Case 'Test Cases/Student/2. Login as student' successfully

2022-01-16 09:48:58 - [TEST_STEP][PASSED] - click(findTestObject("Object Repository/Page_Course CNTN/span_assignment test")): Object: 'Object Repository/Page_Course CNTN/span_assignment test' is clicked on

2022-01-16 09:49:30 - [MESSAGE][INFO] - Unable to find the element located by 'By.xpath: //li[@id='module-13']/div/div/div[2]/div/a/span'. Please recheck the objects properties to make sure the desired element is located. 

2022-01-16 09:49:30 - [MESSAGE][WARNING] - [SELF-HEALING] Failed to find element with id 'Object Repository/Page_Course CNTN/span_assignment test'. Try using Self-healing.

2022-01-16 09:49:30 - [MESSAGE][WARNING] - [SELF-HEALING] The current locator of test object 'Object Repository/Page_Course CNTN/span_assignment test' was broken. Propose an alternative one: '(.//*[normalize-space(text()) and normalize-space(.)='Forum'])[1]/following::span[1]'.

2022-01-16 09:49:30 - [MESSAGE][PASSED] - Object: 'Object Repository/Page_Course CNTN/span_assignment test' is clicked on

2022-01-16 09:49:30 - [TEST_STEP][PASSED] - click(findTestObject("Object Repository/Page_cntn assignment test/button_Add submission")): Object: 'Object Repository/Page_cntn assignment test/button_Add submission' is clicked on

2022-01-16 09:50:02 - [MESSAGE][INFO] - Unable to find the element located by 'By.xpath: //button[@id='single_button61e0d28ae8c4015']'. Please recheck the objects properties to make sure the desired element is located. 

2022-01-16 09:50:02 - [MESSAGE][WARNING] - [SELF-HEALING] Failed to find element with id 'Object Repository/Page_cntn assignment test/button_Add submission'. Try using Self-healing.

2022-01-16 09:50:02 - [MESSAGE][WARNING] - [SELF-HEALING] The current locator of test object 'Object Repository/Page_cntn assignment test/button_Add submission' was broken. Propose an alternative one: '//form/button'.

2022-01-16 09:50:03 - [MESSAGE][PASSED] - Object: 'Object Repository/Page_cntn assignment test/button_Add submission' is clicked on

2022-01-16 09:50:03 - [TEST_STEP][PASSED] - setText(findTestObject("Object Repository/Page_cntn assignment test - Edit submission/div_Online text_id_onlinetext_editoreditable"), "<p dir="ltr" style="text-align: left;"><ul id="yui_3_17_2_1_1642123027625_540"><li id="yui_3_17_2_1_1642123027625_539"><br id="yui_3_17_2_1_1642123027625_541"></li></ul></p>"): Text '<p dir="ltr" style="text-align: left;"><ul id="yui_3_17_2_1_1642123027625_540"><li id="yui_3_17_2_1_1642123027625_539"><br id="yui_3_17_2_1_1642123027625_541"></li></ul></p>' is set on object 'Object Repository/Page_cntn assignment test - Edit submission/div_Online text_id_onlinetext_editoreditable'

2022-01-16 09:50:05 - [MESSAGE][PASSED] - Text '<p dir="ltr" style="text-align: left;"><ul id="yui_3_17_2_1_1642123027625_540"><li id="yui_3_17_2_1_1642123027625_539"><br id="yui_3_17_2_1_1642123027625_541"></li></ul></p>' is set on object 'Object Repository/Page_cntn assignment test - Edit submission/div_Online text_id_onlinetext_editoreditable'

2022-01-16 09:50:05 - [TEST_STEP][PASSED] - click(findTestObject("Object Repository/Page_cntn assignment test - Edit submission/input_Draft saved_submitbutton")): Object: 'Object Repository/Page_cntn assignment test - Edit submission/input_Draft saved_submitbutton' is clicked on

2022-01-16 09:50:08 - [MESSAGE][PASSED] - Object: 'Object Repository/Page_cntn assignment test - Edit submission/input_Draft saved_submitbutton' is clicked on

2022-01-16 09:50:08 - [TEST_STEP][PASSED] - closeBrowser(): Browser is closed

2022-01-16 09:50:09 - [MESSAGE][PASSED] - Browser is closed]]></system-out>
         <system-err><![CDATA[]]></system-err>
      </testcase>
      <testcase name="Test Cases/Student/5. Submit/4. Remove submittion" time="136.837" classname="Test Cases/Student/5. Submit/4. Remove submittion" status="PASSED">
         <system-out><![CDATA[2022-01-16 09:50:09 - [TEST_CASE][PASSED] - Test Cases/Student/5. Submit/4. Remove submittion: Test Cases/Student/5. Submit/4. Remove submittion

2022-01-16 09:50:09 - [TEST_STEP][PASSED] - callTestCase(findTestCase("Student/2. Login as student"), [:], STOP_ON_FAILURE): Call Test Case 'Test Cases/Student/2. Login as student' successfully

2022-01-16 09:50:09 - [TEST_CASE][PASSED] - Test Cases/Student/2. Login as student: Test Cases/Student/2. Login as student

2022-01-16 09:50:09 - [TEST_STEP][PASSED] - openBrowser(""): Browser is opened with url: ''

2022-01-16 09:50:09 - [MESSAGE][INFO] - Starting 'Edge Chromium' driver

2022-01-16 09:50:12 - [MESSAGE][INFO] - Action delay is set to 0 milliseconds

2022-01-16 09:50:12 - [MESSAGE][PASSED] - Browser is opened with url: ''

2022-01-16 09:50:12 - [TEST_STEP][PASSED] - navigateToUrl("http://localhost/"): Navigate to 'http://localhost/' successfully

2022-01-16 09:50:13 - [MESSAGE][PASSED] - Navigate to 'http://localhost/' successfully

2022-01-16 09:50:13 - [TEST_STEP][PASSED] - click(findTestObject("Object Repository/Page_Automation Testing Site/a_Log in")): Object: 'Object Repository/Page_Automation Testing Site/a_Log in' is clicked on

2022-01-16 09:50:14 - [MESSAGE][PASSED] - Object: 'Object Repository/Page_Automation Testing Site/a_Log in' is clicked on

2022-01-16 09:50:14 - [TEST_STEP][PASSED] - setText(findTestObject("Object Repository/Page_Automation Testing Site Log in to the site/input_Username_username"), "student"): Text 'student' is set on object 'Object Repository/Page_Automation Testing Site Log in to the site/input_Username_username'

2022-01-16 09:50:15 - [MESSAGE][PASSED] - Text 'student' is set on object 'Object Repository/Page_Automation Testing Site Log in to the site/input_Username_username'

2022-01-16 09:50:15 - [TEST_STEP][PASSED] - setEncryptedText(findTestObject("Object Repository/Page_Automation Testing Site Log in to the site/input_Password_password"), "cnpXG5HhkrZpEXzNIGBMZQ=="): Text ****** has been set on object 'Object Repository/Page_Automation Testing Site Log in to the site/input_Password_password'

2022-01-16 09:50:15 - [MESSAGE][PASSED] - Text ****** has been set on object 'Object Repository/Page_Automation Testing Site Log in to the site/input_Password_password'

2022-01-16 09:50:15 - [TEST_STEP][PASSED] - click(findTestObject("Object Repository/Page_Automation Testing Site Log in to the site/button_Log in")): Object: 'Object Repository/Page_Automation Testing Site Log in to the site/button_Log in' is clicked on

2022-01-16 09:50:16 - [MESSAGE][PASSED] - Object: 'Object Repository/Page_Automation Testing Site Log in to the site/button_Log in' is clicked on

2022-01-16 09:50:16 - [TEST_STEP][PASSED] - click(findTestObject("Object Repository/Page_Dashboard/span_Site home")): Object: 'Object Repository/Page_Dashboard/span_Site home' is clicked on

2022-01-16 09:50:47 - [MESSAGE][INFO] - Unable to find the element located by 'By.xpath: '. Please recheck the objects properties to make sure the desired element is located. 

2022-01-16 09:50:47 - [MESSAGE][WARNING] - [SELF-HEALING] Failed to find element with id 'Object Repository/Page_Dashboard/span_Site home'. Try using Self-healing.

2022-01-16 09:50:48 - [MESSAGE][WARNING] - [SELF-HEALING] The current locator of test object 'Object Repository/Page_Dashboard/span_Site home' was broken. Propose an alternative one: '//div[@id='nav-drawer']/nav/ul/li[2]/a/div/div/span[2]'.

2022-01-16 09:50:48 - [MESSAGE][PASSED] - Object: 'Object Repository/Page_Dashboard/span_Site home' is clicked on

2022-01-16 09:50:48 - [TEST_STEP][PASSED] - click(findTestObject("Object Repository/Page_Automation Testing Site/a_CNTN")): Object: 'Object Repository/Page_Automation Testing Site/a_CNTN' is clicked on

2022-01-16 09:50:49 - [MESSAGE][PASSED] - Object: 'Object Repository/Page_Automation Testing Site/a_CNTN' is clicked on

2022-01-16 09:50:49 - [MESSAGE][INFO] - 

2022-01-16 09:50:49 - [MESSAGE][INFO] - ===================== Self-healing Report ====================

2022-01-16 09:50:49 - [MESSAGE][INFO] - One of the failed test object locators has been recovered by Self-healing. Please refer to the Self-healing Insights tab for more details.

2022-01-16 09:50:49 - [MESSAGE][INFO] - To learn more about Self-healing, please read https://docs.katalon.com/katalon-studio/docs/self-healing.html

2022-01-16 09:50:49 - [MESSAGE][INFO] - ==============================================================

2022-01-16 09:50:49 - [MESSAGE][PASSED] - Call Test Case 'Test Cases/Student/2. Login as student' successfully

2022-01-16 09:50:49 - [TEST_STEP][PASSED] - click(findTestObject("Object Repository/Page_Course CNTN/span_assignment test")): Object: 'Object Repository/Page_Course CNTN/span_assignment test' is clicked on

2022-01-16 09:51:20 - [MESSAGE][INFO] - Unable to find the element located by 'By.xpath: //li[@id='module-13']/div/div/div[2]/div/a/span'. Please recheck the objects properties to make sure the desired element is located. 

2022-01-16 09:51:20 - [MESSAGE][WARNING] - [SELF-HEALING] Failed to find element with id 'Object Repository/Page_Course CNTN/span_assignment test'. Try using Self-healing.

2022-01-16 09:51:20 - [MESSAGE][WARNING] - [SELF-HEALING] The current locator of test object 'Object Repository/Page_Course CNTN/span_assignment test' was broken. Propose an alternative one: '(.//*[normalize-space(text()) and normalize-space(.)='Forum'])[1]/following::span[1]'.

2022-01-16 09:51:21 - [MESSAGE][PASSED] - Object: 'Object Repository/Page_Course CNTN/span_assignment test' is clicked on

2022-01-16 09:51:21 - [TEST_STEP][PASSED] - click(findTestObject("Object Repository/Page_cntn assignment test/button_Remove submission")): Object: 'Object Repository/Page_cntn assignment test/button_Remove submission' is clicked on

2022-01-16 09:51:52 - [MESSAGE][INFO] - Unable to find the element located by 'By.xpath: //button[@id='single_button61e0d0d10be4a18']'. Please recheck the objects properties to make sure the desired element is located. 

2022-01-16 09:51:52 - [MESSAGE][WARNING] - [SELF-HEALING] Failed to find element with id 'Object Repository/Page_cntn assignment test/button_Remove submission'. Try using Self-healing.

2022-01-16 09:51:52 - [MESSAGE][WARNING] - [SELF-HEALING] The current locator of test object 'Object Repository/Page_cntn assignment test/button_Remove submission' was broken. Propose an alternative one: '//section[@id='region-main']/div/div[3]/div[2]/div[2]/form/button'.

2022-01-16 09:51:53 - [MESSAGE][PASSED] - Object: 'Object Repository/Page_cntn assignment test/button_Remove submission' is clicked on

2022-01-16 09:51:53 - [TEST_STEP][PASSED] - click(findTestObject("Object Repository/Page_cntn assignment test/button_Continue")): Object: 'Object Repository/Page_cntn assignment test/button_Continue' is clicked on

2022-01-16 09:52:24 - [MESSAGE][INFO] - Unable to find the element located by 'By.xpath: //button[@id='single_button61e0d0d82a84914']'. Please recheck the objects properties to make sure the desired element is located. 

2022-01-16 09:52:24 - [MESSAGE][WARNING] - [SELF-HEALING] Failed to find element with id 'Object Repository/Page_cntn assignment test/button_Continue'. Try using Self-healing.

2022-01-16 09:52:24 - [MESSAGE][WARNING] - [SELF-HEALING] The current locator of test object 'Object Repository/Page_cntn assignment test/button_Continue' was broken. Propose an alternative one: '//div[@id='modal-footer']/div/div/form/button'.

2022-01-16 09:52:25 - [MESSAGE][PASSED] - Object: 'Object Repository/Page_cntn assignment test/button_Continue' is clicked on

2022-01-16 09:52:25 - [TEST_STEP][PASSED] - verifyElementText(findTestObject("Object Repository/Page_cntn assignment test/td_-"), "-"): Actual text and expected text of test object 'Object Repository/Page_cntn assignment test/td_-' are matched.

2022-01-16 09:52:25 - [MESSAGE][PASSED] - Actual text and expected text of test object 'Object Repository/Page_cntn assignment test/td_-' are matched.

2022-01-16 09:52:25 - [TEST_STEP][PASSED] - closeBrowser(): Browser is closed

2022-01-16 09:52:26 - [MESSAGE][PASSED] - Browser is closed]]></system-out>
         <system-err><![CDATA[]]></system-err>
      </testcase>
      <testcase name="Test Cases/Student/6. Grade/1. Give grade" time="352.985" classname="Test Cases/Student/6. Grade/1. Give grade" status="FAILED">
         <failure type="FAILED" message="Test Cases/Student/6. Grade/1. Give grade FAILED.
Reason:
com.kms.katalon.core.exception.StepFailedException: Unable to click on object 'Object Repository/Page_Course CNTN/span_Grades'
	at com.kms.katalon.core.webui.keyword.internal.WebUIKeywordMain.stepFailed(WebUIKeywordMain.groovy:64)
	at com.kms.katalon.core.webui.keyword.internal.WebUIKeywordMain.runKeyword(WebUIKeywordMain.groovy:26)
	at com.kms.katalon.core.webui.keyword.builtin.ClickKeyword.click(ClickKeyword.groovy:74)
	at com.kms.katalon.core.webui.keyword.builtin.ClickKeyword.execute(ClickKeyword.groovy:40)
	at com.kms.katalon.core.keyword.internal.KeywordExecutor.executeKeywordForPlatform(KeywordExecutor.groovy:74)
	at com.kms.katalon.core.webui.keyword.WebUiBuiltInKeywords.click(WebUiBuiltInKeywords.groovy:620)
	at com.kms.katalon.core.webui.keyword.WebUiBuiltInKeywords$click$1.call(Unknown Source)
	at 1. Give grade.run(1. Give grade:64)
	at com.kms.katalon.core.main.ScriptEngine.run(ScriptEngine.java:194)
	at com.kms.katalon.core.main.ScriptEngine.runScriptAsRawText(ScriptEngine.java:119)
	at com.kms.katalon.core.main.TestCaseExecutor.runScript(TestCaseExecutor.java:442)
	at com.kms.katalon.core.main.TestCaseExecutor.doExecute(TestCaseExecutor.java:433)
	at com.kms.katalon.core.main.TestCaseExecutor.processExecutionPhase(TestCaseExecutor.java:412)
	at com.kms.katalon.core.main.TestCaseExecutor.accessMainPhase(TestCaseExecutor.java:404)
	at com.kms.katalon.core.main.TestCaseExecutor.execute(TestCaseExecutor.java:281)
	at com.kms.katalon.core.main.TestSuiteExecutor.accessTestCaseMainPhase(TestSuiteExecutor.java:202)
	at com.kms.katalon.core.main.TestSuiteExecutor.accessTestSuiteMainPhase(TestSuiteExecutor.java:164)
	at com.kms.katalon.core.main.TestSuiteExecutor.execute(TestSuiteExecutor.java:105)
	at com.kms.katalon.core.main.TestCaseMain.startTestSuite(TestCaseMain.java:181)
	at com.kms.katalon.core.main.TestCaseMain$startTestSuite$0.call(Unknown Source)
	at TempTestSuite1642300051220.run(TempTestSuite1642300051220.groovy:36)
Caused by: org.openqa.selenium.NoSuchSessionException: Session ID is null. Using WebDriver after calling quit()?
Build info: version: '3.141.59', revision: 'e82be7d358', time: '2018-11-14T08:25:53'
System info: host: 'LAPTOP-O4I5TINJ', ip: '192.168.11.1', os.name: 'Windows 10', os.arch: 'amd64', os.version: '10.0', java.version: '1.8.0_282'
Driver info: driver.version: RemoteWebDriver
	at org.openqa.selenium.remote.HttpCommandExecutor.execute(HttpCommandExecutor.java:125)
	at org.openqa.selenium.remote.service.DriverCommandExecutor.execute(DriverCommandExecutor.java:83)
	at org.openqa.selenium.remote.RemoteWebDriver.execute(RemoteWebDriver.java:552)
	at com.kms.katalon.selenium.driver.CEdgeDriver.execute(CEdgeDriver.java:20)
	at org.openqa.selenium.remote.RemoteWebDriver.findElements(RemoteWebDriver.java:353)
	at org.openqa.selenium.remote.RemoteWebDriver.findElementsByXPath(RemoteWebDriver.java:432)
	at org.openqa.selenium.By$ByXPath.findElements(By.java:348)
	at org.openqa.selenium.remote.RemoteWebDriver.findElements(RemoteWebDriver.java:311)
	at com.kms.katalon.core.webui.common.WebUiCommonHelper.findElementByNormalMethods(WebUiCommonHelper.java:1014)
	at com.kms.katalon.core.webui.common.WebUiCommonHelper.findElementsBySelectedMethod(WebUiCommonHelper.java:909)
	at com.kms.katalon.core.webui.common.WebUiCommonHelper.findElementsBySelectedMethod(WebUiCommonHelper.java:892)
	at com.kms.katalon.core.webui.common.WebUiCommonHelper.findElementsBySelectedMethod(WebUiCommonHelper.java:887)
	at com.kms.katalon.core.webui.common.WebUiCommonHelper.findElementsByDefault(WebUiCommonHelper.java:883)
	at com.kms.katalon.core.webui.common.WebUiCommonHelper.findElementsWithSelfHealing(WebUiCommonHelper.java:733)
	at com.kms.katalon.core.webui.common.WebUiCommonHelper.findWebElements(WebUiCommonHelper.java:718)
	at com.kms.katalon.core.webui.common.WebUiCommonHelper.findWebElement(WebUiCommonHelper.java:1363)
	at com.kms.katalon.core.webui.keyword.internal.WebUIAbstractKeyword.findWebElement(WebUIAbstractKeyword.groovy:27)
	at com.kms.katalon.core.webui.keyword.builtin.ClickKeyword$_click_closure1.doCall(ClickKeyword.groovy:65)
	at com.kms.katalon.core.webui.keyword.builtin.ClickKeyword$_click_closure1.call(ClickKeyword.groovy)
	at com.kms.katalon.core.webui.keyword.internal.WebUIKeywordMain.runKeyword(WebUIKeywordMain.groovy:20)
	... 19 more
"/>
         <system-out><![CDATA[2022-01-16 09:52:26 - [TEST_CASE][FAILED] - Test Cases/Student/6. Grade/1. Give grade: Test Cases/Student/6. Grade/1. Give grade FAILED.
Reason:
com.kms.katalon.core.exception.StepFailedException: Unable to click on object 'Object Repository/Page_Course CNTN/span_Grades'
	at com.kms.katalon.core.webui.keyword.internal.WebUIKeywordMain.stepFailed(WebUIKeywordMain.groovy:64)
	at com.kms.katalon.core.webui.keyword.internal.WebUIKeywordMain.runKeyword(WebUIKeywordMain.groovy:26)
	at com.kms.katalon.core.webui.keyword.builtin.ClickKeyword.click(ClickKeyword.groovy:74)
	at com.kms.katalon.core.webui.keyword.builtin.ClickKeyword.execute(ClickKeyword.groovy:40)
	at com.kms.katalon.core.keyword.internal.KeywordExecutor.executeKeywordForPlatform(KeywordExecutor.groovy:74)
	at com.kms.katalon.core.webui.keyword.WebUiBuiltInKeywords.click(WebUiBuiltInKeywords.groovy:620)
	at com.kms.katalon.core.webui.keyword.WebUiBuiltInKeywords$click$1.call(Unknown Source)
	at 1. Give grade.run(1. Give grade:64)
	at com.kms.katalon.core.main.ScriptEngine.run(ScriptEngine.java:194)
	at com.kms.katalon.core.main.ScriptEngine.runScriptAsRawText(ScriptEngine.java:119)
	at com.kms.katalon.core.main.TestCaseExecutor.runScript(TestCaseExecutor.java:442)
	at com.kms.katalon.core.main.TestCaseExecutor.doExecute(TestCaseExecutor.java:433)
	at com.kms.katalon.core.main.TestCaseExecutor.processExecutionPhase(TestCaseExecutor.java:412)
	at com.kms.katalon.core.main.TestCaseExecutor.accessMainPhase(TestCaseExecutor.java:404)
	at com.kms.katalon.core.main.TestCaseExecutor.execute(TestCaseExecutor.java:281)
	at com.kms.katalon.core.main.TestSuiteExecutor.accessTestCaseMainPhase(TestSuiteExecutor.java:202)
	at com.kms.katalon.core.main.TestSuiteExecutor.accessTestSuiteMainPhase(TestSuiteExecutor.java:164)
	at com.kms.katalon.core.main.TestSuiteExecutor.execute(TestSuiteExecutor.java:105)
	at com.kms.katalon.core.main.TestCaseMain.startTestSuite(TestCaseMain.java:181)
	at com.kms.katalon.core.main.TestCaseMain$startTestSuite$0.call(Unknown Source)
	at TempTestSuite1642300051220.run(TempTestSuite1642300051220.groovy:36)
Caused by: org.openqa.selenium.NoSuchSessionException: Session ID is null. Using WebDriver after calling quit()?
Build info: version: '3.141.59', revision: 'e82be7d358', time: '2018-11-14T08:25:53'
System info: host: 'LAPTOP-O4I5TINJ', ip: '192.168.11.1', os.name: 'Windows 10', os.arch: 'amd64', os.version: '10.0', java.version: '1.8.0_282'
Driver info: driver.version: RemoteWebDriver
	at org.openqa.selenium.remote.HttpCommandExecutor.execute(HttpCommandExecutor.java:125)
	at org.openqa.selenium.remote.service.DriverCommandExecutor.execute(DriverCommandExecutor.java:83)
	at org.openqa.selenium.remote.RemoteWebDriver.execute(RemoteWebDriver.java:552)
	at com.kms.katalon.selenium.driver.CEdgeDriver.execute(CEdgeDriver.java:20)
	at org.openqa.selenium.remote.RemoteWebDriver.findElements(RemoteWebDriver.java:353)
	at org.openqa.selenium.remote.RemoteWebDriver.findElementsByXPath(RemoteWebDriver.java:432)
	at org.openqa.selenium.By$ByXPath.findElements(By.java:348)
	at org.openqa.selenium.remote.RemoteWebDriver.findElements(RemoteWebDriver.java:311)
	at com.kms.katalon.core.webui.common.WebUiCommonHelper.findElementByNormalMethods(WebUiCommonHelper.java:1014)
	at com.kms.katalon.core.webui.common.WebUiCommonHelper.findElementsBySelectedMethod(WebUiCommonHelper.java:909)
	at com.kms.katalon.core.webui.common.WebUiCommonHelper.findElementsBySelectedMethod(WebUiCommonHelper.java:892)
	at com.kms.katalon.core.webui.common.WebUiCommonHelper.findElementsBySelectedMethod(WebUiCommonHelper.java:887)
	at com.kms.katalon.core.webui.common.WebUiCommonHelper.findElementsByDefault(WebUiCommonHelper.java:883)
	at com.kms.katalon.core.webui.common.WebUiCommonHelper.findElementsWithSelfHealing(WebUiCommonHelper.java:733)
	at com.kms.katalon.core.webui.common.WebUiCommonHelper.findWebElements(WebUiCommonHelper.java:718)
	at com.kms.katalon.core.webui.common.WebUiCommonHelper.findWebElement(WebUiCommonHelper.java:1363)
	at com.kms.katalon.core.webui.keyword.internal.WebUIAbstractKeyword.findWebElement(WebUIAbstractKeyword.groovy:27)
	at com.kms.katalon.core.webui.keyword.builtin.ClickKeyword$_click_closure1.doCall(ClickKeyword.groovy:65)
	at com.kms.katalon.core.webui.keyword.builtin.ClickKeyword$_click_closure1.call(ClickKeyword.groovy)
	at com.kms.katalon.core.webui.keyword.internal.WebUIKeywordMain.runKeyword(WebUIKeywordMain.groovy:20)
	... 19 more


2022-01-16 09:52:26 - [TEST_STEP][PASSED] - callTestCase(findTestCase("Student/5. Submit/3. Submit"), [:], STOP_ON_FAILURE): Call Test Case 'Test Cases/Student/5. Submit/3. Submit' successfully

2022-01-16 09:52:26 - [TEST_CASE][PASSED] - Test Cases/Student/5. Submit/3. Submit: Test Cases/Student/5. Submit/3. Submit

2022-01-16 09:52:26 - [TEST_STEP][PASSED] - callTestCase(findTestCase("Student/2. Login as student"), [:], STOP_ON_FAILURE): Call Test Case 'Test Cases/Student/2. Login as student' successfully

2022-01-16 09:52:26 - [TEST_CASE][PASSED] - Test Cases/Student/2. Login as student: Test Cases/Student/2. Login as student

2022-01-16 09:52:26 - [TEST_STEP][PASSED] - openBrowser(""): Browser is opened with url: ''

2022-01-16 09:52:26 - [MESSAGE][INFO] - Starting 'Edge Chromium' driver

2022-01-16 09:52:29 - [MESSAGE][INFO] - Action delay is set to 0 milliseconds

2022-01-16 09:52:29 - [MESSAGE][PASSED] - Browser is opened with url: ''

2022-01-16 09:52:29 - [TEST_STEP][PASSED] - navigateToUrl("http://localhost/"): Navigate to 'http://localhost/' successfully

2022-01-16 09:52:30 - [MESSAGE][PASSED] - Navigate to 'http://localhost/' successfully

2022-01-16 09:52:30 - [TEST_STEP][PASSED] - click(findTestObject("Object Repository/Page_Automation Testing Site/a_Log in")): Object: 'Object Repository/Page_Automation Testing Site/a_Log in' is clicked on

2022-01-16 09:52:31 - [MESSAGE][PASSED] - Object: 'Object Repository/Page_Automation Testing Site/a_Log in' is clicked on

2022-01-16 09:52:31 - [TEST_STEP][PASSED] - setText(findTestObject("Object Repository/Page_Automation Testing Site Log in to the site/input_Username_username"), "student"): Text 'student' is set on object 'Object Repository/Page_Automation Testing Site Log in to the site/input_Username_username'

2022-01-16 09:52:32 - [MESSAGE][PASSED] - Text 'student' is set on object 'Object Repository/Page_Automation Testing Site Log in to the site/input_Username_username'

2022-01-16 09:52:32 - [TEST_STEP][PASSED] - setEncryptedText(findTestObject("Object Repository/Page_Automation Testing Site Log in to the site/input_Password_password"), "cnpXG5HhkrZpEXzNIGBMZQ=="): Text ****** has been set on object 'Object Repository/Page_Automation Testing Site Log in to the site/input_Password_password'

2022-01-16 09:52:32 - [MESSAGE][PASSED] - Text ****** has been set on object 'Object Repository/Page_Automation Testing Site Log in to the site/input_Password_password'

2022-01-16 09:52:32 - [TEST_STEP][PASSED] - click(findTestObject("Object Repository/Page_Automation Testing Site Log in to the site/button_Log in")): Object: 'Object Repository/Page_Automation Testing Site Log in to the site/button_Log in' is clicked on

2022-01-16 09:52:33 - [MESSAGE][PASSED] - Object: 'Object Repository/Page_Automation Testing Site Log in to the site/button_Log in' is clicked on

2022-01-16 09:52:33 - [TEST_STEP][PASSED] - click(findTestObject("Object Repository/Page_Dashboard/span_Site home")): Object: 'Object Repository/Page_Dashboard/span_Site home' is clicked on

2022-01-16 09:53:05 - [MESSAGE][INFO] - Unable to find the element located by 'By.xpath: '. Please recheck the objects properties to make sure the desired element is located. 

2022-01-16 09:53:05 - [MESSAGE][WARNING] - [SELF-HEALING] Failed to find element with id 'Object Repository/Page_Dashboard/span_Site home'. Try using Self-healing.

2022-01-16 09:53:05 - [MESSAGE][WARNING] - [SELF-HEALING] The current locator of test object 'Object Repository/Page_Dashboard/span_Site home' was broken. Propose an alternative one: '//div[@id='nav-drawer']/nav/ul/li[2]/a/div/div/span[2]'.

2022-01-16 09:53:05 - [MESSAGE][PASSED] - Object: 'Object Repository/Page_Dashboard/span_Site home' is clicked on

2022-01-16 09:53:05 - [TEST_STEP][PASSED] - click(findTestObject("Object Repository/Page_Automation Testing Site/a_CNTN")): Object: 'Object Repository/Page_Automation Testing Site/a_CNTN' is clicked on

2022-01-16 09:53:06 - [MESSAGE][PASSED] - Object: 'Object Repository/Page_Automation Testing Site/a_CNTN' is clicked on

2022-01-16 09:53:06 - [MESSAGE][INFO] - 

2022-01-16 09:53:06 - [MESSAGE][INFO] - ===================== Self-healing Report ====================

2022-01-16 09:53:06 - [MESSAGE][INFO] - One of the failed test object locators has been recovered by Self-healing. Please refer to the Self-healing Insights tab for more details.

2022-01-16 09:53:06 - [MESSAGE][INFO] - To learn more about Self-healing, please read https://docs.katalon.com/katalon-studio/docs/self-healing.html

2022-01-16 09:53:06 - [MESSAGE][INFO] - ==============================================================

2022-01-16 09:53:06 - [MESSAGE][PASSED] - Call Test Case 'Test Cases/Student/2. Login as student' successfully

2022-01-16 09:53:06 - [TEST_STEP][PASSED] - click(findTestObject("Object Repository/Page_Course CNTN/span_assignment test")): Object: 'Object Repository/Page_Course CNTN/span_assignment test' is clicked on

2022-01-16 09:53:37 - [MESSAGE][INFO] - Unable to find the element located by 'By.xpath: //li[@id='module-13']/div/div/div[2]/div/a/span'. Please recheck the objects properties to make sure the desired element is located. 

2022-01-16 09:53:37 - [MESSAGE][WARNING] - [SELF-HEALING] Failed to find element with id 'Object Repository/Page_Course CNTN/span_assignment test'. Try using Self-healing.

2022-01-16 09:53:38 - [MESSAGE][WARNING] - [SELF-HEALING] The current locator of test object 'Object Repository/Page_Course CNTN/span_assignment test' was broken. Propose an alternative one: '(.//*[normalize-space(text()) and normalize-space(.)='Forum'])[1]/following::span[1]'.

2022-01-16 09:53:38 - [MESSAGE][PASSED] - Object: 'Object Repository/Page_Course CNTN/span_assignment test' is clicked on

2022-01-16 09:53:38 - [TEST_STEP][PASSED] - click(findTestObject("Object Repository/Page_cntn assignment test/button_Add submission")): Object: 'Object Repository/Page_cntn assignment test/button_Add submission' is clicked on

2022-01-16 09:54:09 - [MESSAGE][INFO] - Unable to find the element located by 'By.xpath: //button[@id='single_button61e0d28ae8c4015']'. Please recheck the objects properties to make sure the desired element is located. 

2022-01-16 09:54:09 - [MESSAGE][WARNING] - [SELF-HEALING] Failed to find element with id 'Object Repository/Page_cntn assignment test/button_Add submission'. Try using Self-healing.

2022-01-16 09:54:09 - [MESSAGE][WARNING] - [SELF-HEALING] The current locator of test object 'Object Repository/Page_cntn assignment test/button_Add submission' was broken. Propose an alternative one: '//form/button'.

2022-01-16 09:54:10 - [MESSAGE][PASSED] - Object: 'Object Repository/Page_cntn assignment test/button_Add submission' is clicked on

2022-01-16 09:54:10 - [TEST_STEP][PASSED] - setText(findTestObject("Object Repository/Page_cntn assignment test - Edit submission/div_Online text_id_onlinetext_editoreditable"), "<p dir="ltr" style="text-align: left;"><ul id="yui_3_17_2_1_1642123027625_540"><li id="yui_3_17_2_1_1642123027625_539"><br id="yui_3_17_2_1_1642123027625_541"></li></ul></p>"): Text '<p dir="ltr" style="text-align: left;"><ul id="yui_3_17_2_1_1642123027625_540"><li id="yui_3_17_2_1_1642123027625_539"><br id="yui_3_17_2_1_1642123027625_541"></li></ul></p>' is set on object 'Object Repository/Page_cntn assignment test - Edit submission/div_Online text_id_onlinetext_editoreditable'

2022-01-16 09:54:12 - [MESSAGE][PASSED] - Text '<p dir="ltr" style="text-align: left;"><ul id="yui_3_17_2_1_1642123027625_540"><li id="yui_3_17_2_1_1642123027625_539"><br id="yui_3_17_2_1_1642123027625_541"></li></ul></p>' is set on object 'Object Repository/Page_cntn assignment test - Edit submission/div_Online text_id_onlinetext_editoreditable'

2022-01-16 09:54:12 - [TEST_STEP][PASSED] - click(findTestObject("Object Repository/Page_cntn assignment test - Edit submission/input_Draft saved_submitbutton")): Object: 'Object Repository/Page_cntn assignment test - Edit submission/input_Draft saved_submitbutton' is clicked on

2022-01-16 09:54:15 - [MESSAGE][PASSED] - Object: 'Object Repository/Page_cntn assignment test - Edit submission/input_Draft saved_submitbutton' is clicked on

2022-01-16 09:54:15 - [TEST_STEP][PASSED] - closeBrowser(): Browser is closed

2022-01-16 09:54:16 - [MESSAGE][PASSED] - Browser is closed

2022-01-16 09:54:16 - [MESSAGE][INFO] - 

2022-01-16 09:54:16 - [MESSAGE][INFO] - ===================== Self-healing Report ====================

2022-01-16 09:54:16 - [MESSAGE][INFO] - One of the failed test object locators has been recovered by Self-healing. Please refer to the Self-healing Insights tab for more details.

2022-01-16 09:54:16 - [MESSAGE][INFO] - To learn more about Self-healing, please read https://docs.katalon.com/katalon-studio/docs/self-healing.html

2022-01-16 09:54:16 - [MESSAGE][INFO] - ==============================================================

2022-01-16 09:54:16 - [MESSAGE][PASSED] - Call Test Case 'Test Cases/Student/5. Submit/3. Submit' successfully

2022-01-16 09:54:16 - [TEST_STEP][PASSED] - closeBrowser(): Browser is closed

2022-01-16 09:54:16 - [MESSAGE][PASSED] - Browser is closed

2022-01-16 09:54:16 - [TEST_STEP][PASSED] - openBrowser(""): Browser is opened with url: ''

2022-01-16 09:54:16 - [MESSAGE][INFO] - Starting 'Edge Chromium' driver

2022-01-16 09:54:18 - [MESSAGE][INFO] - Action delay is set to 0 milliseconds

2022-01-16 09:54:19 - [MESSAGE][PASSED] - Browser is opened with url: ''

2022-01-16 09:54:19 - [TEST_STEP][PASSED] - navigateToUrl("http://localhost/"): Navigate to 'http://localhost/' successfully

2022-01-16 09:54:19 - [MESSAGE][PASSED] - Navigate to 'http://localhost/' successfully

2022-01-16 09:54:19 - [TEST_STEP][PASSED] - click(findTestObject("Object Repository/Page_Automation Testing Site/a_Log in")): Object: 'Object Repository/Page_Automation Testing Site/a_Log in' is clicked on

2022-01-16 09:54:20 - [MESSAGE][PASSED] - Object: 'Object Repository/Page_Automation Testing Site/a_Log in' is clicked on

2022-01-16 09:54:20 - [TEST_STEP][PASSED] - setText(findTestObject("Object Repository/Page_Automation Testing Site Log in to the site/input_Username_username"), "admin"): Text 'admin' is set on object 'Object Repository/Page_Automation Testing Site Log in to the site/input_Username_username'

2022-01-16 09:54:21 - [MESSAGE][PASSED] - Text 'admin' is set on object 'Object Repository/Page_Automation Testing Site Log in to the site/input_Username_username'

2022-01-16 09:54:21 - [TEST_STEP][PASSED] - setEncryptedText(findTestObject("Object Repository/Page_Automation Testing Site Log in to the site/input_Password_password"), "cnpXG5HhkrZpEXzNIGBMZQ=="): Text ****** has been set on object 'Object Repository/Page_Automation Testing Site Log in to the site/input_Password_password'

2022-01-16 09:54:21 - [MESSAGE][PASSED] - Text ****** has been set on object 'Object Repository/Page_Automation Testing Site Log in to the site/input_Password_password'

2022-01-16 09:54:21 - [TEST_STEP][PASSED] - click(findTestObject("Object Repository/Page_Automation Testing Site Log in to the site/button_Log in")): Object: 'Object Repository/Page_Automation Testing Site Log in to the site/button_Log in' is clicked on

2022-01-16 09:54:22 - [MESSAGE][PASSED] - Object: 'Object Repository/Page_Automation Testing Site Log in to the site/button_Log in' is clicked on

2022-01-16 09:54:22 - [TEST_STEP][PASSED] - click(findTestObject("Object Repository/Page_Dashboard/span_Site home")): Object: 'Object Repository/Page_Dashboard/span_Site home' is clicked on

2022-01-16 09:54:54 - [MESSAGE][INFO] - Unable to find the element located by 'By.xpath: '. Please recheck the objects properties to make sure the desired element is located. 

2022-01-16 09:54:54 - [MESSAGE][WARNING] - [SELF-HEALING] Failed to find element with id 'Object Repository/Page_Dashboard/span_Site home'. Try using Self-healing.

2022-01-16 09:54:54 - [MESSAGE][WARNING] - [SELF-HEALING] The current locator of test object 'Object Repository/Page_Dashboard/span_Site home' was broken. Propose an alternative one: '//div[@id='nav-drawer']/nav/ul/li[2]/a/div/div/span[2]'.

2022-01-16 09:54:54 - [MESSAGE][PASSED] - Object: 'Object Repository/Page_Dashboard/span_Site home' is clicked on

2022-01-16 09:54:54 - [TEST_STEP][PASSED] - click(findTestObject("Object Repository/Page_Automation Testing Site/a_CNTN")): Object: 'Object Repository/Page_Automation Testing Site/a_CNTN' is clicked on

2022-01-16 09:54:55 - [MESSAGE][PASSED] - Object: 'Object Repository/Page_Automation Testing Site/a_CNTN' is clicked on

2022-01-16 09:54:55 - [TEST_STEP][PASSED] - click(findTestObject("Object Repository/Page_Course CNTN/span_assignment test")): Object: 'Object Repository/Page_Course CNTN/span_assignment test' is clicked on

2022-01-16 09:55:26 - [MESSAGE][INFO] - Unable to find the element located by 'By.xpath: //li[@id='module-13']/div/div/div[2]/div/a/span'. Please recheck the objects properties to make sure the desired element is located. 

2022-01-16 09:55:26 - [MESSAGE][WARNING] - [SELF-HEALING] Failed to find element with id 'Object Repository/Page_Course CNTN/span_assignment test'. Try using Self-healing.

2022-01-16 09:55:27 - [MESSAGE][WARNING] - [SELF-HEALING] The current locator of test object 'Object Repository/Page_Course CNTN/span_assignment test' was broken. Propose an alternative one: '(.//*[normalize-space(text()) and normalize-space(.)='Forum'])[1]/following::span[1]'.

2022-01-16 09:55:27 - [MESSAGE][PASSED] - Object: 'Object Repository/Page_Course CNTN/span_assignment test' is clicked on

2022-01-16 09:55:27 - [TEST_STEP][PASSED] - click(findTestObject("Object Repository/Page_cntn assignment test/a_Grade")): Object: 'Object Repository/Page_cntn assignment test/a_Grade' is clicked on

2022-01-16 09:55:28 - [MESSAGE][PASSED] - Object: 'Object Repository/Page_cntn assignment test/a_Grade' is clicked on

2022-01-16 09:55:28 - [TEST_STEP][PASSED] - setText(findTestObject("Object Repository/Page_cntn assignment test - Grading/input_Grade out of 100_grade"), "90"): Text '90' is set on object 'Object Repository/Page_cntn assignment test - Grading/input_Grade out of 100_grade'

2022-01-16 09:55:30 - [MESSAGE][PASSED] - Text '90' is set on object 'Object Repository/Page_cntn assignment test - Grading/input_Grade out of 100_grade'

2022-01-16 09:55:30 - [TEST_STEP][PASSED] - click(findTestObject("Object Repository/Page_cntn assignment test - Grading/button_Save changes")): Object: 'Object Repository/Page_cntn assignment test - Grading/button_Save changes' is clicked on

2022-01-16 09:56:01 - [MESSAGE][INFO] - Unable to find the element located by 'By.xpath: //button[@id='yui_3_17_2_1_1642124150222_570']'. Please recheck the objects properties to make sure the desired element is located. 

2022-01-16 09:56:01 - [MESSAGE][WARNING] - [SELF-HEALING] Failed to find element with id 'Object Repository/Page_cntn assignment test - Grading/button_Save changes'. Try using Self-healing.

2022-01-16 09:56:02 - [MESSAGE][WARNING] - [SELF-HEALING] The current locator of test object 'Object Repository/Page_cntn assignment test - Grading/button_Save changes' was broken. Propose an alternative one: '(.//*[normalize-space(text()) and normalize-space(.)='Notify student'])[1]/following::button[1]'.

2022-01-16 09:56:02 - [MESSAGE][PASSED] - Object: 'Object Repository/Page_cntn assignment test - Grading/button_Save changes' is clicked on

2022-01-16 09:56:02 - [TEST_STEP][PASSED] - verifyElementText(findTestObject("Object Repository/Page_cntn assignment test - Grading/a_90.00"), "90.00"): Actual text and expected text of test object 'Object Repository/Page_cntn assignment test - Grading/a_90.00' are matched.

2022-01-16 09:56:33 - [MESSAGE][INFO] - Unable to find the element located by 'By.xpath: //a[@id='action_link61e0d388954b916']'. Please recheck the objects properties to make sure the desired element is located. 

2022-01-16 09:56:33 - [MESSAGE][WARNING] - [SELF-HEALING] Failed to find element with id 'Object Repository/Page_cntn assignment test - Grading/a_90.00'. Try using Self-healing.

2022-01-16 09:56:33 - [MESSAGE][WARNING] - [SELF-HEALING] The current locator of test object 'Object Repository/Page_cntn assignment test - Grading/a_90.00' was broken. Propose an alternative one: '//a[contains(text(),'90.00')]'.

2022-01-16 09:56:33 - [MESSAGE][PASSED] - Actual text and expected text of test object 'Object Repository/Page_cntn assignment test - Grading/a_90.00' are matched.

2022-01-16 09:56:33 - [TEST_STEP][PASSED] - closeBrowser(): Browser is closed

2022-01-16 09:56:34 - [MESSAGE][PASSED] - Browser is closed

2022-01-16 09:56:34 - [TEST_STEP][PASSED] - callTestCase(findTestCase("Student/2. Login as student"), [:], STOP_ON_FAILURE): Call Test Case 'Test Cases/Student/2. Login as student' successfully

2022-01-16 09:56:34 - [TEST_CASE][PASSED] - Test Cases/Student/2. Login as student: Test Cases/Student/2. Login as student

2022-01-16 09:56:34 - [TEST_STEP][PASSED] - openBrowser(""): Browser is opened with url: ''

2022-01-16 09:56:34 - [MESSAGE][INFO] - Starting 'Edge Chromium' driver

2022-01-16 09:56:37 - [MESSAGE][INFO] - Action delay is set to 0 milliseconds

2022-01-16 09:56:37 - [MESSAGE][PASSED] - Browser is opened with url: ''

2022-01-16 09:56:37 - [TEST_STEP][PASSED] - navigateToUrl("http://localhost/"): Navigate to 'http://localhost/' successfully

2022-01-16 09:56:38 - [MESSAGE][PASSED] - Navigate to 'http://localhost/' successfully

2022-01-16 09:56:38 - [TEST_STEP][PASSED] - click(findTestObject("Object Repository/Page_Automation Testing Site/a_Log in")): Object: 'Object Repository/Page_Automation Testing Site/a_Log in' is clicked on

2022-01-16 09:56:39 - [MESSAGE][PASSED] - Object: 'Object Repository/Page_Automation Testing Site/a_Log in' is clicked on

2022-01-16 09:56:39 - [TEST_STEP][PASSED] - setText(findTestObject("Object Repository/Page_Automation Testing Site Log in to the site/input_Username_username"), "student"): Text 'student' is set on object 'Object Repository/Page_Automation Testing Site Log in to the site/input_Username_username'

2022-01-16 09:56:39 - [MESSAGE][PASSED] - Text 'student' is set on object 'Object Repository/Page_Automation Testing Site Log in to the site/input_Username_username'

2022-01-16 09:56:39 - [TEST_STEP][PASSED] - setEncryptedText(findTestObject("Object Repository/Page_Automation Testing Site Log in to the site/input_Password_password"), "cnpXG5HhkrZpEXzNIGBMZQ=="): Text ****** has been set on object 'Object Repository/Page_Automation Testing Site Log in to the site/input_Password_password'

2022-01-16 09:56:40 - [MESSAGE][PASSED] - Text ****** has been set on object 'Object Repository/Page_Automation Testing Site Log in to the site/input_Password_password'

2022-01-16 09:56:40 - [TEST_STEP][PASSED] - click(findTestObject("Object Repository/Page_Automation Testing Site Log in to the site/button_Log in")): Object: 'Object Repository/Page_Automation Testing Site Log in to the site/button_Log in' is clicked on

2022-01-16 09:56:41 - [MESSAGE][PASSED] - Object: 'Object Repository/Page_Automation Testing Site Log in to the site/button_Log in' is clicked on

2022-01-16 09:56:41 - [TEST_STEP][PASSED] - click(findTestObject("Object Repository/Page_Dashboard/span_Site home")): Object: 'Object Repository/Page_Dashboard/span_Site home' is clicked on

2022-01-16 09:57:12 - [MESSAGE][INFO] - Unable to find the element located by 'By.xpath: '. Please recheck the objects properties to make sure the desired element is located. 

2022-01-16 09:57:12 - [MESSAGE][WARNING] - [SELF-HEALING] Failed to find element with id 'Object Repository/Page_Dashboard/span_Site home'. Try using Self-healing.

2022-01-16 09:57:13 - [MESSAGE][WARNING] - [SELF-HEALING] The current locator of test object 'Object Repository/Page_Dashboard/span_Site home' was broken. Propose an alternative one: '//div[@id='nav-drawer']/nav/ul/li[2]/a/div/div/span[2]'.

2022-01-16 09:57:13 - [MESSAGE][PASSED] - Object: 'Object Repository/Page_Dashboard/span_Site home' is clicked on

2022-01-16 09:57:13 - [TEST_STEP][PASSED] - click(findTestObject("Object Repository/Page_Automation Testing Site/a_CNTN")): Object: 'Object Repository/Page_Automation Testing Site/a_CNTN' is clicked on

2022-01-16 09:57:14 - [MESSAGE][PASSED] - Object: 'Object Repository/Page_Automation Testing Site/a_CNTN' is clicked on

2022-01-16 09:57:14 - [MESSAGE][INFO] - 

2022-01-16 09:57:14 - [MESSAGE][INFO] - ===================== Self-healing Report ====================

2022-01-16 09:57:14 - [MESSAGE][INFO] - One of the failed test object locators has been recovered by Self-healing. Please refer to the Self-healing Insights tab for more details.

2022-01-16 09:57:14 - [MESSAGE][INFO] - To learn more about Self-healing, please read https://docs.katalon.com/katalon-studio/docs/self-healing.html

2022-01-16 09:57:14 - [MESSAGE][INFO] - ==============================================================

2022-01-16 09:57:14 - [MESSAGE][PASSED] - Call Test Case 'Test Cases/Student/2. Login as student' successfully

2022-01-16 09:57:14 - [TEST_STEP][PASSED] - click(findTestObject("Object Repository/Page_Course CNTN/span_Grades")): Object: 'Object Repository/Page_Course CNTN/span_Grades' is clicked on

2022-01-16 09:57:15 - [MESSAGE][PASSED] - Object: 'Object Repository/Page_Course CNTN/span_Grades' is clicked on

2022-01-16 09:57:15 - [TEST_STEP][PASSED] - verifyElementText(findTestObject("Object Repository/Page_Grades View/a_assignment test"), "assignment test"): Actual text and expected text of test object 'Object Repository/Page_Grades View/a_assignment test' are matched.

2022-01-16 09:57:46 - [MESSAGE][INFO] - Unable to find the element located by 'By.xpath: //th[@id='row_10_4']/a'. Please recheck the objects properties to make sure the desired element is located. 

2022-01-16 09:57:46 - [MESSAGE][WARNING] - [SELF-HEALING] Failed to find element with id 'Object Repository/Page_Grades View/a_assignment test'. Try using Self-healing.

2022-01-16 09:57:46 - [MESSAGE][INFO] - [SELF-HEALING] Failed Locator: '//th[@id='row_10_4']/a'.

2022-01-16 09:57:46 - [MESSAGE][INFO] - [SELF-HEALING] Working Locator: '//a[contains(text(),'assignment test')]'.

2022-01-16 09:57:47 - [MESSAGE][INFO] - [SELF-HEALING] Screenshot: E:/MoodleTestByKatalon/Reports/Self-healing/Object Repository/Page_Grades View/a_assignment test_link.png

2022-01-16 09:57:47 - [MESSAGE][WARNING] - [SELF-HEALING] The current locator of test object 'Object Repository/Page_Grades View/a_assignment test' was broken. Propose an alternative one: '//a[contains(text(),'assignment test')]'.

2022-01-16 09:57:47 - [MESSAGE][PASSED] - Actual text and expected text of test object 'Object Repository/Page_Grades View/a_assignment test' are matched.

2022-01-16 09:57:47 - [TEST_STEP][PASSED] - verifyElementText(findTestObject("Object Repository/Page_Grades View/td_90.00"), "90.00"): Actual text and expected text of test object 'Object Repository/Page_Grades View/td_90.00' are matched.

2022-01-16 09:58:18 - [MESSAGE][INFO] - Unable to find the element located by 'By.xpath: //div[@id='yui_3_17_2_1_1642124699891_24']/table/tbody/tr[2]/td[2]'. Please recheck the objects properties to make sure the desired element is located. 

2022-01-16 09:58:18 - [MESSAGE][WARNING] - [SELF-HEALING] Failed to find element with id 'Object Repository/Page_Grades View/td_90.00'. Try using Self-healing.

2022-01-16 09:58:18 - [MESSAGE][WARNING] - [SELF-HEALING] The current locator of test object 'Object Repository/Page_Grades View/td_90.00' was broken. Propose an alternative one: '//*[(text() = '90.00' or . = '90.00')]'.

2022-01-16 09:58:18 - [MESSAGE][PASSED] - Actual text and expected text of test object 'Object Repository/Page_Grades View/td_90.00' are matched.

2022-01-16 09:58:18 - [TEST_STEP][PASSED] - closeBrowser(): Browser is closed

2022-01-16 09:58:19 - [MESSAGE][PASSED] - Browser is closed

2022-01-16 09:58:19 - [TEST_STEP][FAILED] - click(findTestObject("Object Repository/Page_Course CNTN/span_Grades")): Unable to click on object 'Object Repository/Page_Course CNTN/span_Grades' (Root cause: com.kms.katalon.core.exception.StepFailedException: Unable to click on object 'Object Repository/Page_Course CNTN/span_Grades'
	at com.kms.katalon.core.webui.keyword.internal.WebUIKeywordMain.stepFailed(WebUIKeywordMain.groovy:64)
	at com.kms.katalon.core.webui.keyword.internal.WebUIKeywordMain.runKeyword(WebUIKeywordMain.groovy:26)
	at com.kms.katalon.core.webui.keyword.builtin.ClickKeyword.click(ClickKeyword.groovy:74)
	at com.kms.katalon.core.webui.keyword.builtin.ClickKeyword.execute(ClickKeyword.groovy:40)
	at com.kms.katalon.core.keyword.internal.KeywordExecutor.executeKeywordForPlatform(KeywordExecutor.groovy:74)
	at com.kms.katalon.core.webui.keyword.WebUiBuiltInKeywords.click(WebUiBuiltInKeywords.groovy:620)
	at com.kms.katalon.core.webui.keyword.WebUiBuiltInKeywords$click$1.call(Unknown Source)
	at 1. Give grade.run(1. Give grade:64)
	at com.kms.katalon.core.main.ScriptEngine.run(ScriptEngine.java:194)
	at com.kms.katalon.core.main.ScriptEngine.runScriptAsRawText(ScriptEngine.java:119)
	at com.kms.katalon.core.main.TestCaseExecutor.runScript(TestCaseExecutor.java:442)
	at com.kms.katalon.core.main.TestCaseExecutor.doExecute(TestCaseExecutor.java:433)
	at com.kms.katalon.core.main.TestCaseExecutor.processExecutionPhase(TestCaseExecutor.java:412)
	at com.kms.katalon.core.main.TestCaseExecutor.accessMainPhase(TestCaseExecutor.java:404)
	at com.kms.katalon.core.main.TestCaseExecutor.execute(TestCaseExecutor.java:281)
	at com.kms.katalon.core.main.TestSuiteExecutor.accessTestCaseMainPhase(TestSuiteExecutor.java:202)
	at com.kms.katalon.core.main.TestSuiteExecutor.accessTestSuiteMainPhase(TestSuiteExecutor.java:164)
	at com.kms.katalon.core.main.TestSuiteExecutor.execute(TestSuiteExecutor.java:105)
	at com.kms.katalon.core.main.TestCaseMain.startTestSuite(TestCaseMain.java:181)
	at com.kms.katalon.core.main.TestCaseMain$startTestSuite$0.call(Unknown Source)
	at TempTestSuite1642300051220.run(TempTestSuite1642300051220.groovy:36)
Caused by: org.openqa.selenium.NoSuchSessionException: Session ID is null. Using WebDriver after calling quit()?
Build info: version: '3.141.59', revision: 'e82be7d358', time: '2018-11-14T08:25:53'
System info: host: 'LAPTOP-O4I5TINJ', ip: '192.168.11.1', os.name: 'Windows 10', os.arch: 'amd64', os.version: '10.0', java.version: '1.8.0_282'
Driver info: driver.version: RemoteWebDriver
	at org.openqa.selenium.remote.HttpCommandExecutor.execute(HttpCommandExecutor.java:125)
	at org.openqa.selenium.remote.service.DriverCommandExecutor.execute(DriverCommandExecutor.java:83)
	at org.openqa.selenium.remote.RemoteWebDriver.execute(RemoteWebDriver.java:552)
	at com.kms.katalon.selenium.driver.CEdgeDriver.execute(CEdgeDriver.java:20)
	at org.openqa.selenium.remote.RemoteWebDriver.findElements(RemoteWebDriver.java:353)
	at org.openqa.selenium.remote.RemoteWebDriver.findElementsByXPath(RemoteWebDriver.java:432)
	at org.openqa.selenium.By$ByXPath.findElements(By.java:348)
	at org.openqa.selenium.remote.RemoteWebDriver.findElements(RemoteWebDriver.java:311)
	at com.kms.katalon.core.webui.common.WebUiCommonHelper.findElementByNormalMethods(WebUiCommonHelper.java:1014)
	at com.kms.katalon.core.webui.common.WebUiCommonHelper.findElementsBySelectedMethod(WebUiCommonHelper.java:909)
	at com.kms.katalon.core.webui.common.WebUiCommonHelper.findElementsBySelectedMethod(WebUiCommonHelper.java:892)
	at com.kms.katalon.core.webui.common.WebUiCommonHelper.findElementsBySelectedMethod(WebUiCommonHelper.java:887)
	at com.kms.katalon.core.webui.common.WebUiCommonHelper.findElementsByDefault(WebUiCommonHelper.java:883)
	at com.kms.katalon.core.webui.common.WebUiCommonHelper.findElementsWithSelfHealing(WebUiCommonHelper.java:733)
	at com.kms.katalon.core.webui.common.WebUiCommonHelper.findWebElements(WebUiCommonHelper.java:718)
	at com.kms.katalon.core.webui.common.WebUiCommonHelper.findWebElement(WebUiCommonHelper.java:1363)
	at com.kms.katalon.core.webui.keyword.internal.WebUIAbstractKeyword.findWebElement(WebUIAbstractKeyword.groovy:27)
	at com.kms.katalon.core.webui.keyword.builtin.ClickKeyword$_click_closure1.doCall(ClickKeyword.groovy:65)
	at com.kms.katalon.core.webui.keyword.builtin.ClickKeyword$_click_closure1.call(ClickKeyword.groovy)
	at com.kms.katalon.core.webui.keyword.internal.WebUIKeywordMain.runKeyword(WebUIKeywordMain.groovy:20)
	at com.kms.katalon.core.webui.keyword.builtin.ClickKeyword.click(ClickKeyword.groovy:74)
	at com.kms.katalon.core.webui.keyword.builtin.ClickKeyword.execute(ClickKeyword.groovy:40)
	at com.kms.katalon.core.keyword.internal.KeywordExecutor.executeKeywordForPlatform(KeywordExecutor.groovy:74)
	at com.kms.katalon.core.webui.keyword.WebUiBuiltInKeywords.click(WebUiBuiltInKeywords.groovy:620)
	at com.kms.katalon.core.webui.keyword.WebUiBuiltInKeywords$click$1.call(Unknown Source)
	at Script1642125313964.run(Script1642125313964.groovy:64)
	... 13 more
)

2022-01-16 09:58:19 - [MESSAGE][WARNING] - [SELF-HEALING] Failed to find element with id 'Object Repository/Page_Course CNTN/span_Grades'. Try using Self-healing.

2022-01-16 09:58:19 - [MESSAGE][WARNING] - [SELF-HEALING] Session ID is null. Using WebDriver after calling quit()?
Build info: version: '3.141.59', revision: 'e82be7d358', time: '2018-11-14T08:25:53'
System info: host: 'LAPTOP-O4I5TINJ', ip: '192.168.11.1', os.name: 'Windows 10', os.arch: 'amd64', os.version: '10.0', java.version: '1.8.0_282'
Driver info: driver.version: RemoteWebDriver

2022-01-16 09:58:19 - [MESSAGE][WARNING] - [SELF-HEALING] Session ID is null. Using WebDriver after calling quit()?
Build info: version: '3.141.59', revision: 'e82be7d358', time: '2018-11-14T08:25:53'
System info: host: 'LAPTOP-O4I5TINJ', ip: '192.168.11.1', os.name: 'Windows 10', os.arch: 'amd64', os.version: '10.0', java.version: '1.8.0_282'
Driver info: driver.version: RemoteWebDriver

2022-01-16 09:58:19 - [MESSAGE][WARNING] - [SELF-HEALING] Session ID is null. Using WebDriver after calling quit()?
Build info: version: '3.141.59', revision: 'e82be7d358', time: '2018-11-14T08:25:53'
System info: host: 'LAPTOP-O4I5TINJ', ip: '192.168.11.1', os.name: 'Windows 10', os.arch: 'amd64', os.version: '10.0', java.version: '1.8.0_282'
Driver info: driver.version: RemoteWebDriver

2022-01-16 09:58:19 - [MESSAGE][WARNING] - Cannot take screenshot

2022-01-16 09:58:19 - [MESSAGE][FAILED] - Unable to click on object 'Object Repository/Page_Course CNTN/span_Grades' (Root cause: com.kms.katalon.core.exception.StepFailedException: Unable to click on object 'Object Repository/Page_Course CNTN/span_Grades'
	at com.kms.katalon.core.webui.keyword.internal.WebUIKeywordMain.stepFailed(WebUIKeywordMain.groovy:64)
	at com.kms.katalon.core.webui.keyword.internal.WebUIKeywordMain.runKeyword(WebUIKeywordMain.groovy:26)
	at com.kms.katalon.core.webui.keyword.builtin.ClickKeyword.click(ClickKeyword.groovy:74)
	at com.kms.katalon.core.webui.keyword.builtin.ClickKeyword.execute(ClickKeyword.groovy:40)
	at com.kms.katalon.core.keyword.internal.KeywordExecutor.executeKeywordForPlatform(KeywordExecutor.groovy:74)
	at com.kms.katalon.core.webui.keyword.WebUiBuiltInKeywords.click(WebUiBuiltInKeywords.groovy:620)
	at com.kms.katalon.core.webui.keyword.WebUiBuiltInKeywords$click$1.call(Unknown Source)
	at 1. Give grade.run(1. Give grade:64)
	at com.kms.katalon.core.main.ScriptEngine.run(ScriptEngine.java:194)
	at com.kms.katalon.core.main.ScriptEngine.runScriptAsRawText(ScriptEngine.java:119)
	at com.kms.katalon.core.main.TestCaseExecutor.runScript(TestCaseExecutor.java:442)
	at com.kms.katalon.core.main.TestCaseExecutor.doExecute(TestCaseExecutor.java:433)
	at com.kms.katalon.core.main.TestCaseExecutor.processExecutionPhase(TestCaseExecutor.java:412)
	at com.kms.katalon.core.main.TestCaseExecutor.accessMainPhase(TestCaseExecutor.java:404)
	at com.kms.katalon.core.main.TestCaseExecutor.execute(TestCaseExecutor.java:281)
	at com.kms.katalon.core.main.TestSuiteExecutor.accessTestCaseMainPhase(TestSuiteExecutor.java:202)
	at com.kms.katalon.core.main.TestSuiteExecutor.accessTestSuiteMainPhase(TestSuiteExecutor.java:164)
	at com.kms.katalon.core.main.TestSuiteExecutor.execute(TestSuiteExecutor.java:105)
	at com.kms.katalon.core.main.TestCaseMain.startTestSuite(TestCaseMain.java:181)
	at com.kms.katalon.core.main.TestCaseMain$startTestSuite$0.call(Unknown Source)
	at TempTestSuite1642300051220.run(TempTestSuite1642300051220.groovy:36)
Caused by: org.openqa.selenium.NoSuchSessionException: Session ID is null. Using WebDriver after calling quit()?
Build info: version: '3.141.59', revision: 'e82be7d358', time: '2018-11-14T08:25:53'
System info: host: 'LAPTOP-O4I5TINJ', ip: '192.168.11.1', os.name: 'Windows 10', os.arch: 'amd64', os.version: '10.0', java.version: '1.8.0_282'
Driver info: driver.version: RemoteWebDriver
	at org.openqa.selenium.remote.HttpCommandExecutor.execute(HttpCommandExecutor.java:125)
	at org.openqa.selenium.remote.service.DriverCommandExecutor.execute(DriverCommandExecutor.java:83)
	at org.openqa.selenium.remote.RemoteWebDriver.execute(RemoteWebDriver.java:552)
	at com.kms.katalon.selenium.driver.CEdgeDriver.execute(CEdgeDriver.java:20)
	at org.openqa.selenium.remote.RemoteWebDriver.findElements(RemoteWebDriver.java:353)
	at org.openqa.selenium.remote.RemoteWebDriver.findElementsByXPath(RemoteWebDriver.java:432)
	at org.openqa.selenium.By$ByXPath.findElements(By.java:348)
	at org.openqa.selenium.remote.RemoteWebDriver.findElements(RemoteWebDriver.java:311)
	at com.kms.katalon.core.webui.common.WebUiCommonHelper.findElementByNormalMethods(WebUiCommonHelper.java:1014)
	at com.kms.katalon.core.webui.common.WebUiCommonHelper.findElementsBySelectedMethod(WebUiCommonHelper.java:909)
	at com.kms.katalon.core.webui.common.WebUiCommonHelper.findElementsBySelectedMethod(WebUiCommonHelper.java:892)
	at com.kms.katalon.core.webui.common.WebUiCommonHelper.findElementsBySelectedMethod(WebUiCommonHelper.java:887)
	at com.kms.katalon.core.webui.common.WebUiCommonHelper.findElementsByDefault(WebUiCommonHelper.java:883)
	at com.kms.katalon.core.webui.common.WebUiCommonHelper.findElementsWithSelfHealing(WebUiCommonHelper.java:733)
	at com.kms.katalon.core.webui.common.WebUiCommonHelper.findWebElements(WebUiCommonHelper.java:718)
	at com.kms.katalon.core.webui.common.WebUiCommonHelper.findWebElement(WebUiCommonHelper.java:1363)
	at com.kms.katalon.core.webui.keyword.internal.WebUIAbstractKeyword.findWebElement(WebUIAbstractKeyword.groovy:27)
	at com.kms.katalon.core.webui.keyword.builtin.ClickKeyword$_click_closure1.doCall(ClickKeyword.groovy:65)
	at com.kms.katalon.core.webui.keyword.builtin.ClickKeyword$_click_closure1.call(ClickKeyword.groovy)
	at com.kms.katalon.core.webui.keyword.internal.WebUIKeywordMain.runKeyword(WebUIKeywordMain.groovy:20)
	at com.kms.katalon.core.webui.keyword.builtin.ClickKeyword.click(ClickKeyword.groovy:74)
	at com.kms.katalon.core.webui.keyword.builtin.ClickKeyword.execute(ClickKeyword.groovy:40)
	at com.kms.katalon.core.keyword.internal.KeywordExecutor.executeKeywordForPlatform(KeywordExecutor.groovy:74)
	at com.kms.katalon.core.webui.keyword.WebUiBuiltInKeywords.click(WebUiBuiltInKeywords.groovy:620)
	at com.kms.katalon.core.webui.keyword.WebUiBuiltInKeywords$click$1.call(Unknown Source)
	at Script1642125313964.run(Script1642125313964.groovy:64)
	... 13 more
)]]></system-out>
         <system-err><![CDATA[2022-01-16 09:52:26 - [TEST_CASE][FAILED] - Test Cases/Student/6. Grade/1. Give grade: Test Cases/Student/6. Grade/1. Give grade FAILED.
Reason:
com.kms.katalon.core.exception.StepFailedException: Unable to click on object 'Object Repository/Page_Course CNTN/span_Grades'
	at com.kms.katalon.core.webui.keyword.internal.WebUIKeywordMain.stepFailed(WebUIKeywordMain.groovy:64)
	at com.kms.katalon.core.webui.keyword.internal.WebUIKeywordMain.runKeyword(WebUIKeywordMain.groovy:26)
	at com.kms.katalon.core.webui.keyword.builtin.ClickKeyword.click(ClickKeyword.groovy:74)
	at com.kms.katalon.core.webui.keyword.builtin.ClickKeyword.execute(ClickKeyword.groovy:40)
	at com.kms.katalon.core.keyword.internal.KeywordExecutor.executeKeywordForPlatform(KeywordExecutor.groovy:74)
	at com.kms.katalon.core.webui.keyword.WebUiBuiltInKeywords.click(WebUiBuiltInKeywords.groovy:620)
	at com.kms.katalon.core.webui.keyword.WebUiBuiltInKeywords$click$1.call(Unknown Source)
	at 1. Give grade.run(1. Give grade:64)
	at com.kms.katalon.core.main.ScriptEngine.run(ScriptEngine.java:194)
	at com.kms.katalon.core.main.ScriptEngine.runScriptAsRawText(ScriptEngine.java:119)
	at com.kms.katalon.core.main.TestCaseExecutor.runScript(TestCaseExecutor.java:442)
	at com.kms.katalon.core.main.TestCaseExecutor.doExecute(TestCaseExecutor.java:433)
	at com.kms.katalon.core.main.TestCaseExecutor.processExecutionPhase(TestCaseExecutor.java:412)
	at com.kms.katalon.core.main.TestCaseExecutor.accessMainPhase(TestCaseExecutor.java:404)
	at com.kms.katalon.core.main.TestCaseExecutor.execute(TestCaseExecutor.java:281)
	at com.kms.katalon.core.main.TestSuiteExecutor.accessTestCaseMainPhase(TestSuiteExecutor.java:202)
	at com.kms.katalon.core.main.TestSuiteExecutor.accessTestSuiteMainPhase(TestSuiteExecutor.java:164)
	at com.kms.katalon.core.main.TestSuiteExecutor.execute(TestSuiteExecutor.java:105)
	at com.kms.katalon.core.main.TestCaseMain.startTestSuite(TestCaseMain.java:181)
	at com.kms.katalon.core.main.TestCaseMain$startTestSuite$0.call(Unknown Source)
	at TempTestSuite1642300051220.run(TempTestSuite1642300051220.groovy:36)
Caused by: org.openqa.selenium.NoSuchSessionException: Session ID is null. Using WebDriver after calling quit()?
Build info: version: '3.141.59', revision: 'e82be7d358', time: '2018-11-14T08:25:53'
System info: host: 'LAPTOP-O4I5TINJ', ip: '192.168.11.1', os.name: 'Windows 10', os.arch: 'amd64', os.version: '10.0', java.version: '1.8.0_282'
Driver info: driver.version: RemoteWebDriver
	at org.openqa.selenium.remote.HttpCommandExecutor.execute(HttpCommandExecutor.java:125)
	at org.openqa.selenium.remote.service.DriverCommandExecutor.execute(DriverCommandExecutor.java:83)
	at org.openqa.selenium.remote.RemoteWebDriver.execute(RemoteWebDriver.java:552)
	at com.kms.katalon.selenium.driver.CEdgeDriver.execute(CEdgeDriver.java:20)
	at org.openqa.selenium.remote.RemoteWebDriver.findElements(RemoteWebDriver.java:353)
	at org.openqa.selenium.remote.RemoteWebDriver.findElementsByXPath(RemoteWebDriver.java:432)
	at org.openqa.selenium.By$ByXPath.findElements(By.java:348)
	at org.openqa.selenium.remote.RemoteWebDriver.findElements(RemoteWebDriver.java:311)
	at com.kms.katalon.core.webui.common.WebUiCommonHelper.findElementByNormalMethods(WebUiCommonHelper.java:1014)
	at com.kms.katalon.core.webui.common.WebUiCommonHelper.findElementsBySelectedMethod(WebUiCommonHelper.java:909)
	at com.kms.katalon.core.webui.common.WebUiCommonHelper.findElementsBySelectedMethod(WebUiCommonHelper.java:892)
	at com.kms.katalon.core.webui.common.WebUiCommonHelper.findElementsBySelectedMethod(WebUiCommonHelper.java:887)
	at com.kms.katalon.core.webui.common.WebUiCommonHelper.findElementsByDefault(WebUiCommonHelper.java:883)
	at com.kms.katalon.core.webui.common.WebUiCommonHelper.findElementsWithSelfHealing(WebUiCommonHelper.java:733)
	at com.kms.katalon.core.webui.common.WebUiCommonHelper.findWebElements(WebUiCommonHelper.java:718)
	at com.kms.katalon.core.webui.common.WebUiCommonHelper.findWebElement(WebUiCommonHelper.java:1363)
	at com.kms.katalon.core.webui.keyword.internal.WebUIAbstractKeyword.findWebElement(WebUIAbstractKeyword.groovy:27)
	at com.kms.katalon.core.webui.keyword.builtin.ClickKeyword$_click_closure1.doCall(ClickKeyword.groovy:65)
	at com.kms.katalon.core.webui.keyword.builtin.ClickKeyword$_click_closure1.call(ClickKeyword.groovy)
	at com.kms.katalon.core.webui.keyword.internal.WebUIKeywordMain.runKeyword(WebUIKeywordMain.groovy:20)
	... 19 more]]></system-err>
      </testcase>
      <testcase name="Test Cases/Student/6. Grade/2. View Grade" time="104.616" classname="Test Cases/Student/6. Grade/2. View Grade" status="PASSED">
         <system-out><![CDATA[2022-01-16 09:58:19 - [TEST_CASE][PASSED] - Test Cases/Student/6. Grade/2. View Grade: Test Cases/Student/6. Grade/2. View Grade

2022-01-16 09:58:19 - [TEST_STEP][PASSED] - callTestCase(findTestCase("Student/2. Login as student"), [:], STOP_ON_FAILURE): Call Test Case 'Test Cases/Student/2. Login as student' successfully

2022-01-16 09:58:19 - [TEST_CASE][PASSED] - Test Cases/Student/2. Login as student: Test Cases/Student/2. Login as student

2022-01-16 09:58:19 - [TEST_STEP][PASSED] - openBrowser(""): Browser is opened with url: ''

2022-01-16 09:58:19 - [MESSAGE][INFO] - Starting 'Edge Chromium' driver

2022-01-16 09:58:21 - [MESSAGE][INFO] - Action delay is set to 0 milliseconds

2022-01-16 09:58:22 - [MESSAGE][PASSED] - Browser is opened with url: ''

2022-01-16 09:58:22 - [TEST_STEP][PASSED] - navigateToUrl("http://localhost/"): Navigate to 'http://localhost/' successfully

2022-01-16 09:58:23 - [MESSAGE][PASSED] - Navigate to 'http://localhost/' successfully

2022-01-16 09:58:23 - [TEST_STEP][PASSED] - click(findTestObject("Object Repository/Page_Automation Testing Site/a_Log in")): Object: 'Object Repository/Page_Automation Testing Site/a_Log in' is clicked on

2022-01-16 09:58:23 - [MESSAGE][PASSED] - Object: 'Object Repository/Page_Automation Testing Site/a_Log in' is clicked on

2022-01-16 09:58:23 - [TEST_STEP][PASSED] - setText(findTestObject("Object Repository/Page_Automation Testing Site Log in to the site/input_Username_username"), "student"): Text 'student' is set on object 'Object Repository/Page_Automation Testing Site Log in to the site/input_Username_username'

2022-01-16 09:58:24 - [MESSAGE][PASSED] - Text 'student' is set on object 'Object Repository/Page_Automation Testing Site Log in to the site/input_Username_username'

2022-01-16 09:58:24 - [TEST_STEP][PASSED] - setEncryptedText(findTestObject("Object Repository/Page_Automation Testing Site Log in to the site/input_Password_password"), "cnpXG5HhkrZpEXzNIGBMZQ=="): Text ****** has been set on object 'Object Repository/Page_Automation Testing Site Log in to the site/input_Password_password'

2022-01-16 09:58:25 - [MESSAGE][PASSED] - Text ****** has been set on object 'Object Repository/Page_Automation Testing Site Log in to the site/input_Password_password'

2022-01-16 09:58:25 - [TEST_STEP][PASSED] - click(findTestObject("Object Repository/Page_Automation Testing Site Log in to the site/button_Log in")): Object: 'Object Repository/Page_Automation Testing Site Log in to the site/button_Log in' is clicked on

2022-01-16 09:58:26 - [MESSAGE][PASSED] - Object: 'Object Repository/Page_Automation Testing Site Log in to the site/button_Log in' is clicked on

2022-01-16 09:58:26 - [TEST_STEP][PASSED] - click(findTestObject("Object Repository/Page_Dashboard/span_Site home")): Object: 'Object Repository/Page_Dashboard/span_Site home' is clicked on

2022-01-16 09:58:57 - [MESSAGE][INFO] - Unable to find the element located by 'By.xpath: '. Please recheck the objects properties to make sure the desired element is located. 

2022-01-16 09:58:57 - [MESSAGE][WARNING] - [SELF-HEALING] Failed to find element with id 'Object Repository/Page_Dashboard/span_Site home'. Try using Self-healing.

2022-01-16 09:58:57 - [MESSAGE][WARNING] - [SELF-HEALING] The current locator of test object 'Object Repository/Page_Dashboard/span_Site home' was broken. Propose an alternative one: '//div[@id='nav-drawer']/nav/ul/li[2]/a/div/div/span[2]'.

2022-01-16 09:58:58 - [MESSAGE][PASSED] - Object: 'Object Repository/Page_Dashboard/span_Site home' is clicked on

2022-01-16 09:58:58 - [TEST_STEP][PASSED] - click(findTestObject("Object Repository/Page_Automation Testing Site/a_CNTN")): Object: 'Object Repository/Page_Automation Testing Site/a_CNTN' is clicked on

2022-01-16 09:58:58 - [MESSAGE][PASSED] - Object: 'Object Repository/Page_Automation Testing Site/a_CNTN' is clicked on

2022-01-16 09:58:58 - [MESSAGE][INFO] - 

2022-01-16 09:58:58 - [MESSAGE][INFO] - ===================== Self-healing Report ====================

2022-01-16 09:58:58 - [MESSAGE][INFO] - One of the failed test object locators has been recovered by Self-healing. Please refer to the Self-healing Insights tab for more details.

2022-01-16 09:58:58 - [MESSAGE][INFO] - To learn more about Self-healing, please read https://docs.katalon.com/katalon-studio/docs/self-healing.html

2022-01-16 09:58:58 - [MESSAGE][INFO] - ==============================================================

2022-01-16 09:58:58 - [MESSAGE][PASSED] - Call Test Case 'Test Cases/Student/2. Login as student' successfully

2022-01-16 09:58:58 - [TEST_STEP][PASSED] - click(findTestObject("Object Repository/Page_Course CNTN/span_Grades")): Object: 'Object Repository/Page_Course CNTN/span_Grades' is clicked on

2022-01-16 09:58:59 - [MESSAGE][PASSED] - Object: 'Object Repository/Page_Course CNTN/span_Grades' is clicked on

2022-01-16 09:58:59 - [TEST_STEP][PASSED] - click(findTestObject("Object Repository/Page_Grades View/a_User report")): Object: 'Object Repository/Page_Grades View/a_User report' is clicked on

2022-01-16 09:59:00 - [MESSAGE][PASSED] - Object: 'Object Repository/Page_Grades View/a_User report' is clicked on

2022-01-16 09:59:00 - [TEST_STEP][PASSED] - verifyElementText(findTestObject("Object Repository/Page_Grades View/a_assignment test"), "assignment test"): Actual text and expected text of test object 'Object Repository/Page_Grades View/a_assignment test' are matched.

2022-01-16 09:59:31 - [MESSAGE][INFO] - Unable to find the element located by 'By.xpath: //th[@id='row_10_4']/a'. Please recheck the objects properties to make sure the desired element is located. 

2022-01-16 09:59:31 - [MESSAGE][WARNING] - [SELF-HEALING] Failed to find element with id 'Object Repository/Page_Grades View/a_assignment test'. Try using Self-healing.

2022-01-16 09:59:31 - [MESSAGE][WARNING] - [SELF-HEALING] The current locator of test object 'Object Repository/Page_Grades View/a_assignment test' was broken. Propose an alternative one: '//a[contains(text(),'assignment test')]'.

2022-01-16 09:59:31 - [MESSAGE][PASSED] - Actual text and expected text of test object 'Object Repository/Page_Grades View/a_assignment test' are matched.

2022-01-16 09:59:31 - [TEST_STEP][PASSED] - verifyElementText(findTestObject("Object Repository/Page_Grades View/td_90.00"), "90.00"): Actual text and expected text of test object 'Object Repository/Page_Grades View/td_90.00' are matched.

2022-01-16 10:00:02 - [MESSAGE][INFO] - Unable to find the element located by 'By.xpath: //div[@id='yui_3_17_2_1_1642124699891_24']/table/tbody/tr[2]/td[2]'. Please recheck the objects properties to make sure the desired element is located. 

2022-01-16 10:00:02 - [MESSAGE][WARNING] - [SELF-HEALING] Failed to find element with id 'Object Repository/Page_Grades View/td_90.00'. Try using Self-healing.

2022-01-16 10:00:03 - [MESSAGE][WARNING] - [SELF-HEALING] The current locator of test object 'Object Repository/Page_Grades View/td_90.00' was broken. Propose an alternative one: '//*[(text() = '90.00' or . = '90.00')]'.

2022-01-16 10:00:03 - [MESSAGE][PASSED] - Actual text and expected text of test object 'Object Repository/Page_Grades View/td_90.00' are matched.

2022-01-16 10:00:03 - [TEST_STEP][PASSED] - closeBrowser(): Browser is closed

2022-01-16 10:00:04 - [MESSAGE][PASSED] - Browser is closed]]></system-out>
         <system-err><![CDATA[]]></system-err>
      </testcase>
      <testcase name="Test Cases/Student/6. Grade/3. View Overview report" time="105.493" classname="Test Cases/Student/6. Grade/3. View Overview report" status="PASSED">
         <system-out><![CDATA[2022-01-16 10:00:04 - [TEST_CASE][PASSED] - Test Cases/Student/6. Grade/3. View Overview report: Test Cases/Student/6. Grade/3. View Overview report

2022-01-16 10:00:04 - [TEST_STEP][PASSED] - callTestCase(findTestCase("Student/2. Login as student"), [:], STOP_ON_FAILURE): Call Test Case 'Test Cases/Student/2. Login as student' successfully

2022-01-16 10:00:04 - [TEST_CASE][PASSED] - Test Cases/Student/2. Login as student: Test Cases/Student/2. Login as student

2022-01-16 10:00:04 - [TEST_STEP][PASSED] - openBrowser(""): Browser is opened with url: ''

2022-01-16 10:00:04 - [MESSAGE][INFO] - Starting 'Edge Chromium' driver

2022-01-16 10:00:06 - [MESSAGE][INFO] - Action delay is set to 0 milliseconds

2022-01-16 10:00:07 - [MESSAGE][PASSED] - Browser is opened with url: ''

2022-01-16 10:00:07 - [TEST_STEP][PASSED] - navigateToUrl("http://localhost/"): Navigate to 'http://localhost/' successfully

2022-01-16 10:00:07 - [MESSAGE][PASSED] - Navigate to 'http://localhost/' successfully

2022-01-16 10:00:07 - [TEST_STEP][PASSED] - click(findTestObject("Object Repository/Page_Automation Testing Site/a_Log in")): Object: 'Object Repository/Page_Automation Testing Site/a_Log in' is clicked on

2022-01-16 10:00:08 - [MESSAGE][PASSED] - Object: 'Object Repository/Page_Automation Testing Site/a_Log in' is clicked on

2022-01-16 10:00:08 - [TEST_STEP][PASSED] - setText(findTestObject("Object Repository/Page_Automation Testing Site Log in to the site/input_Username_username"), "student"): Text 'student' is set on object 'Object Repository/Page_Automation Testing Site Log in to the site/input_Username_username'

2022-01-16 10:00:09 - [MESSAGE][PASSED] - Text 'student' is set on object 'Object Repository/Page_Automation Testing Site Log in to the site/input_Username_username'

2022-01-16 10:00:09 - [TEST_STEP][PASSED] - setEncryptedText(findTestObject("Object Repository/Page_Automation Testing Site Log in to the site/input_Password_password"), "cnpXG5HhkrZpEXzNIGBMZQ=="): Text ****** has been set on object 'Object Repository/Page_Automation Testing Site Log in to the site/input_Password_password'

2022-01-16 10:00:09 - [MESSAGE][PASSED] - Text ****** has been set on object 'Object Repository/Page_Automation Testing Site Log in to the site/input_Password_password'

2022-01-16 10:00:09 - [TEST_STEP][PASSED] - click(findTestObject("Object Repository/Page_Automation Testing Site Log in to the site/button_Log in")): Object: 'Object Repository/Page_Automation Testing Site Log in to the site/button_Log in' is clicked on

2022-01-16 10:00:11 - [MESSAGE][PASSED] - Object: 'Object Repository/Page_Automation Testing Site Log in to the site/button_Log in' is clicked on

2022-01-16 10:00:11 - [TEST_STEP][PASSED] - click(findTestObject("Object Repository/Page_Dashboard/span_Site home")): Object: 'Object Repository/Page_Dashboard/span_Site home' is clicked on

2022-01-16 10:00:42 - [MESSAGE][INFO] - Unable to find the element located by 'By.xpath: '. Please recheck the objects properties to make sure the desired element is located. 

2022-01-16 10:00:42 - [MESSAGE][WARNING] - [SELF-HEALING] Failed to find element with id 'Object Repository/Page_Dashboard/span_Site home'. Try using Self-healing.

2022-01-16 10:00:42 - [MESSAGE][WARNING] - [SELF-HEALING] The current locator of test object 'Object Repository/Page_Dashboard/span_Site home' was broken. Propose an alternative one: '//div[@id='nav-drawer']/nav/ul/li[2]/a/div/div/span[2]'.

2022-01-16 10:00:42 - [MESSAGE][PASSED] - Object: 'Object Repository/Page_Dashboard/span_Site home' is clicked on

2022-01-16 10:00:42 - [TEST_STEP][PASSED] - click(findTestObject("Object Repository/Page_Automation Testing Site/a_CNTN")): Object: 'Object Repository/Page_Automation Testing Site/a_CNTN' is clicked on

2022-01-16 10:00:43 - [MESSAGE][PASSED] - Object: 'Object Repository/Page_Automation Testing Site/a_CNTN' is clicked on

2022-01-16 10:00:43 - [MESSAGE][INFO] - 

2022-01-16 10:00:43 - [MESSAGE][INFO] - ===================== Self-healing Report ====================

2022-01-16 10:00:43 - [MESSAGE][INFO] - One of the failed test object locators has been recovered by Self-healing. Please refer to the Self-healing Insights tab for more details.

2022-01-16 10:00:43 - [MESSAGE][INFO] - To learn more about Self-healing, please read https://docs.katalon.com/katalon-studio/docs/self-healing.html

2022-01-16 10:00:43 - [MESSAGE][INFO] - ==============================================================

2022-01-16 10:00:43 - [MESSAGE][PASSED] - Call Test Case 'Test Cases/Student/2. Login as student' successfully

2022-01-16 10:00:43 - [TEST_STEP][PASSED] - click(findTestObject("Object Repository/Page_Course CNTN/span_Grades")): Object: 'Object Repository/Page_Course CNTN/span_Grades' is clicked on

2022-01-16 10:00:44 - [MESSAGE][PASSED] - Object: 'Object Repository/Page_Course CNTN/span_Grades' is clicked on

2022-01-16 10:00:44 - [TEST_STEP][PASSED] - click(findTestObject("Object Repository/Page_Grades View/a_Overview report")): Object: 'Object Repository/Page_Grades View/a_Overview report' is clicked on

2022-01-16 10:00:45 - [MESSAGE][PASSED] - Object: 'Object Repository/Page_Grades View/a_Overview report' is clicked on

2022-01-16 10:00:45 - [TEST_STEP][PASSED] - verifyElementText(findTestObject("Object Repository/Page_Grades View/a_CNTN"), "CNTN"): Actual text and expected text of test object 'Object Repository/Page_Grades View/a_CNTN' are matched.

2022-01-16 10:01:16 - [MESSAGE][INFO] - Unable to find the element located by 'By.xpath: //td[@id='grade-report-overview-4_r0_c0']/a'. Please recheck the objects properties to make sure the desired element is located. 

2022-01-16 10:01:16 - [MESSAGE][WARNING] - [SELF-HEALING] Failed to find element with id 'Object Repository/Page_Grades View/a_CNTN'. Try using Self-healing.

2022-01-16 10:01:17 - [MESSAGE][WARNING] - [SELF-HEALING] The current locator of test object 'Object Repository/Page_Grades View/a_CNTN' was broken. Propose an alternative one: '//a[contains(text(),'CNTN')]'.

2022-01-16 10:01:17 - [MESSAGE][PASSED] - Actual text and expected text of test object 'Object Repository/Page_Grades View/a_CNTN' are matched.

2022-01-16 10:01:17 - [TEST_STEP][PASSED] - verifyElementText(findTestObject("Object Repository/Page_Grades View/td_90.00"), "90.00"): Actual text and expected text of test object 'Object Repository/Page_Grades View/td_90.00' are matched.

2022-01-16 10:01:48 - [MESSAGE][INFO] - Unable to find the element located by 'By.xpath: //div[@id='yui_3_17_2_1_1642124699891_24']/table/tbody/tr[2]/td[2]'. Please recheck the objects properties to make sure the desired element is located. 

2022-01-16 10:01:48 - [MESSAGE][WARNING] - [SELF-HEALING] Failed to find element with id 'Object Repository/Page_Grades View/td_90.00'. Try using Self-healing.

2022-01-16 10:01:48 - [MESSAGE][WARNING] - [SELF-HEALING] The current locator of test object 'Object Repository/Page_Grades View/td_90.00' was broken. Propose an alternative one: '//*[(text() = '90.00' or . = '90.00')]'.

2022-01-16 10:01:48 - [MESSAGE][PASSED] - Actual text and expected text of test object 'Object Repository/Page_Grades View/td_90.00' are matched.

2022-01-16 10:01:48 - [TEST_STEP][PASSED] - closeBrowser(): Browser is closed

2022-01-16 10:01:49 - [MESSAGE][PASSED] - Browser is closed]]></system-out>
         <system-err><![CDATA[]]></system-err>
      </testcase>
      <testcase name="Test Cases/Student/6. Grade/4. Check graded" time="73.012" classname="Test Cases/Student/6. Grade/4. Check graded" status="PASSED">
         <system-out><![CDATA[2022-01-16 10:01:49 - [TEST_CASE][PASSED] - Test Cases/Student/6. Grade/4. Check graded: Test Cases/Student/6. Grade/4. Check graded

2022-01-16 10:01:49 - [TEST_STEP][PASSED] - callTestCase(findTestCase("Student/2. Login as student"), [:], STOP_ON_FAILURE): Call Test Case 'Test Cases/Student/2. Login as student' successfully

2022-01-16 10:01:49 - [TEST_CASE][PASSED] - Test Cases/Student/2. Login as student: Test Cases/Student/2. Login as student

2022-01-16 10:01:49 - [TEST_STEP][PASSED] - openBrowser(""): Browser is opened with url: ''

2022-01-16 10:01:49 - [MESSAGE][INFO] - Starting 'Edge Chromium' driver

2022-01-16 10:01:51 - [MESSAGE][INFO] - Action delay is set to 0 milliseconds

2022-01-16 10:01:52 - [MESSAGE][PASSED] - Browser is opened with url: ''

2022-01-16 10:01:52 - [TEST_STEP][PASSED] - navigateToUrl("http://localhost/"): Navigate to 'http://localhost/' successfully

2022-01-16 10:01:53 - [MESSAGE][PASSED] - Navigate to 'http://localhost/' successfully

2022-01-16 10:01:53 - [TEST_STEP][PASSED] - click(findTestObject("Object Repository/Page_Automation Testing Site/a_Log in")): Object: 'Object Repository/Page_Automation Testing Site/a_Log in' is clicked on

2022-01-16 10:01:54 - [MESSAGE][PASSED] - Object: 'Object Repository/Page_Automation Testing Site/a_Log in' is clicked on

2022-01-16 10:01:54 - [TEST_STEP][PASSED] - setText(findTestObject("Object Repository/Page_Automation Testing Site Log in to the site/input_Username_username"), "student"): Text 'student' is set on object 'Object Repository/Page_Automation Testing Site Log in to the site/input_Username_username'

2022-01-16 10:01:55 - [MESSAGE][PASSED] - Text 'student' is set on object 'Object Repository/Page_Automation Testing Site Log in to the site/input_Username_username'

2022-01-16 10:01:55 - [TEST_STEP][PASSED] - setEncryptedText(findTestObject("Object Repository/Page_Automation Testing Site Log in to the site/input_Password_password"), "cnpXG5HhkrZpEXzNIGBMZQ=="): Text ****** has been set on object 'Object Repository/Page_Automation Testing Site Log in to the site/input_Password_password'

2022-01-16 10:01:55 - [MESSAGE][PASSED] - Text ****** has been set on object 'Object Repository/Page_Automation Testing Site Log in to the site/input_Password_password'

2022-01-16 10:01:55 - [TEST_STEP][PASSED] - click(findTestObject("Object Repository/Page_Automation Testing Site Log in to the site/button_Log in")): Object: 'Object Repository/Page_Automation Testing Site Log in to the site/button_Log in' is clicked on

2022-01-16 10:01:56 - [MESSAGE][PASSED] - Object: 'Object Repository/Page_Automation Testing Site Log in to the site/button_Log in' is clicked on

2022-01-16 10:01:56 - [TEST_STEP][PASSED] - click(findTestObject("Object Repository/Page_Dashboard/span_Site home")): Object: 'Object Repository/Page_Dashboard/span_Site home' is clicked on

2022-01-16 10:02:27 - [MESSAGE][INFO] - Unable to find the element located by 'By.xpath: '. Please recheck the objects properties to make sure the desired element is located. 

2022-01-16 10:02:27 - [MESSAGE][WARNING] - [SELF-HEALING] Failed to find element with id 'Object Repository/Page_Dashboard/span_Site home'. Try using Self-healing.

2022-01-16 10:02:28 - [MESSAGE][WARNING] - [SELF-HEALING] The current locator of test object 'Object Repository/Page_Dashboard/span_Site home' was broken. Propose an alternative one: '//div[@id='nav-drawer']/nav/ul/li[2]/a/div/div/span[2]'.

2022-01-16 10:02:28 - [MESSAGE][PASSED] - Object: 'Object Repository/Page_Dashboard/span_Site home' is clicked on

2022-01-16 10:02:28 - [TEST_STEP][PASSED] - click(findTestObject("Object Repository/Page_Automation Testing Site/a_CNTN")): Object: 'Object Repository/Page_Automation Testing Site/a_CNTN' is clicked on

2022-01-16 10:02:29 - [MESSAGE][PASSED] - Object: 'Object Repository/Page_Automation Testing Site/a_CNTN' is clicked on

2022-01-16 10:02:29 - [MESSAGE][INFO] - 

2022-01-16 10:02:29 - [MESSAGE][INFO] - ===================== Self-healing Report ====================

2022-01-16 10:02:29 - [MESSAGE][INFO] - One of the failed test object locators has been recovered by Self-healing. Please refer to the Self-healing Insights tab for more details.

2022-01-16 10:02:29 - [MESSAGE][INFO] - To learn more about Self-healing, please read https://docs.katalon.com/katalon-studio/docs/self-healing.html

2022-01-16 10:02:29 - [MESSAGE][INFO] - ==============================================================

2022-01-16 10:02:29 - [MESSAGE][PASSED] - Call Test Case 'Test Cases/Student/2. Login as student' successfully

2022-01-16 10:02:29 - [TEST_STEP][PASSED] - click(findTestObject("Object Repository/Page_Course CNTN/span_assignment test")): Object: 'Object Repository/Page_Course CNTN/span_assignment test' is clicked on

2022-01-16 10:03:00 - [MESSAGE][INFO] - Unable to find the element located by 'By.xpath: //li[@id='module-13']/div/div/div[2]/div/a/span'. Please recheck the objects properties to make sure the desired element is located. 

2022-01-16 10:03:00 - [MESSAGE][WARNING] - [SELF-HEALING] Failed to find element with id 'Object Repository/Page_Course CNTN/span_assignment test'. Try using Self-healing.

2022-01-16 10:03:00 - [MESSAGE][WARNING] - [SELF-HEALING] The current locator of test object 'Object Repository/Page_Course CNTN/span_assignment test' was broken. Propose an alternative one: '(.//*[normalize-space(text()) and normalize-space(.)='Forum'])[1]/following::span[1]'.

2022-01-16 10:03:01 - [MESSAGE][PASSED] - Object: 'Object Repository/Page_Course CNTN/span_assignment test' is clicked on

2022-01-16 10:03:01 - [TEST_STEP][PASSED] - verifyElementText(findTestObject("Object Repository/Page_cntn assignment test/td_Graded"), "Graded"): Actual text and expected text of test object 'Object Repository/Page_cntn assignment test/td_Graded' are matched.

2022-01-16 10:03:01 - [MESSAGE][PASSED] - Actual text and expected text of test object 'Object Repository/Page_cntn assignment test/td_Graded' are matched.

2022-01-16 10:03:01 - [TEST_STEP][PASSED] - closeBrowser(): Browser is closed

2022-01-16 10:03:02 - [MESSAGE][PASSED] - Browser is closed]]></system-out>
         <system-err><![CDATA[]]></system-err>
      </testcase>
      <testcase name="Test Cases/Student/7. Khác/1. Forum" time="209.928" classname="Test Cases/Student/7. Khác/1. Forum" status="PASSED">
         <system-out><![CDATA[2022-01-16 10:03:02 - [TEST_CASE][PASSED] - Test Cases/Student/7. Khác/1. Forum: Test Cases/Student/7. Khác/1. Forum

2022-01-16 10:03:02 - [TEST_STEP][PASSED] - callTestCase(findTestCase("Student/2. Login as student"), [:], STOP_ON_FAILURE): Call Test Case 'Test Cases/Student/2. Login as student' successfully

2022-01-16 10:03:02 - [TEST_CASE][PASSED] - Test Cases/Student/2. Login as student: Test Cases/Student/2. Login as student

2022-01-16 10:03:02 - [TEST_STEP][PASSED] - openBrowser(""): Browser is opened with url: ''

2022-01-16 10:03:02 - [MESSAGE][INFO] - Starting 'Edge Chromium' driver

2022-01-16 10:03:05 - [MESSAGE][INFO] - Action delay is set to 0 milliseconds

2022-01-16 10:03:05 - [MESSAGE][PASSED] - Browser is opened with url: ''

2022-01-16 10:03:05 - [TEST_STEP][PASSED] - navigateToUrl("http://localhost/"): Navigate to 'http://localhost/' successfully

2022-01-16 10:03:06 - [MESSAGE][PASSED] - Navigate to 'http://localhost/' successfully

2022-01-16 10:03:06 - [TEST_STEP][PASSED] - click(findTestObject("Object Repository/Page_Automation Testing Site/a_Log in")): Object: 'Object Repository/Page_Automation Testing Site/a_Log in' is clicked on

2022-01-16 10:03:07 - [MESSAGE][PASSED] - Object: 'Object Repository/Page_Automation Testing Site/a_Log in' is clicked on

2022-01-16 10:03:07 - [TEST_STEP][PASSED] - setText(findTestObject("Object Repository/Page_Automation Testing Site Log in to the site/input_Username_username"), "student"): Text 'student' is set on object 'Object Repository/Page_Automation Testing Site Log in to the site/input_Username_username'

2022-01-16 10:03:07 - [MESSAGE][PASSED] - Text 'student' is set on object 'Object Repository/Page_Automation Testing Site Log in to the site/input_Username_username'

2022-01-16 10:03:07 - [TEST_STEP][PASSED] - setEncryptedText(findTestObject("Object Repository/Page_Automation Testing Site Log in to the site/input_Password_password"), "cnpXG5HhkrZpEXzNIGBMZQ=="): Text ****** has been set on object 'Object Repository/Page_Automation Testing Site Log in to the site/input_Password_password'

2022-01-16 10:03:08 - [MESSAGE][PASSED] - Text ****** has been set on object 'Object Repository/Page_Automation Testing Site Log in to the site/input_Password_password'

2022-01-16 10:03:08 - [TEST_STEP][PASSED] - click(findTestObject("Object Repository/Page_Automation Testing Site Log in to the site/button_Log in")): Object: 'Object Repository/Page_Automation Testing Site Log in to the site/button_Log in' is clicked on

2022-01-16 10:03:09 - [MESSAGE][PASSED] - Object: 'Object Repository/Page_Automation Testing Site Log in to the site/button_Log in' is clicked on

2022-01-16 10:03:09 - [TEST_STEP][PASSED] - click(findTestObject("Object Repository/Page_Dashboard/span_Site home")): Object: 'Object Repository/Page_Dashboard/span_Site home' is clicked on

2022-01-16 10:03:40 - [MESSAGE][INFO] - Unable to find the element located by 'By.xpath: '. Please recheck the objects properties to make sure the desired element is located. 

2022-01-16 10:03:40 - [MESSAGE][WARNING] - [SELF-HEALING] Failed to find element with id 'Object Repository/Page_Dashboard/span_Site home'. Try using Self-healing.

2022-01-16 10:03:41 - [MESSAGE][WARNING] - [SELF-HEALING] The current locator of test object 'Object Repository/Page_Dashboard/span_Site home' was broken. Propose an alternative one: '//div[@id='nav-drawer']/nav/ul/li[2]/a/div/div/span[2]'.

2022-01-16 10:03:41 - [MESSAGE][PASSED] - Object: 'Object Repository/Page_Dashboard/span_Site home' is clicked on

2022-01-16 10:03:41 - [TEST_STEP][PASSED] - click(findTestObject("Object Repository/Page_Automation Testing Site/a_CNTN")): Object: 'Object Repository/Page_Automation Testing Site/a_CNTN' is clicked on

2022-01-16 10:03:42 - [MESSAGE][PASSED] - Object: 'Object Repository/Page_Automation Testing Site/a_CNTN' is clicked on

2022-01-16 10:03:42 - [MESSAGE][INFO] - 

2022-01-16 10:03:42 - [MESSAGE][INFO] - ===================== Self-healing Report ====================

2022-01-16 10:03:42 - [MESSAGE][INFO] - One of the failed test object locators has been recovered by Self-healing. Please refer to the Self-healing Insights tab for more details.

2022-01-16 10:03:42 - [MESSAGE][INFO] - To learn more about Self-healing, please read https://docs.katalon.com/katalon-studio/docs/self-healing.html

2022-01-16 10:03:42 - [MESSAGE][INFO] - ==============================================================

2022-01-16 10:03:42 - [MESSAGE][PASSED] - Call Test Case 'Test Cases/Student/2. Login as student' successfully

2022-01-16 10:03:42 - [TEST_STEP][PASSED] - click(findTestObject("Object Repository/Page_Course CNTN/span_forum test")): Object: 'Object Repository/Page_Course CNTN/span_forum test' is clicked on

2022-01-16 10:04:13 - [MESSAGE][INFO] - Unable to find the element located by 'By.xpath: //li[@id='module-15']/div/div/div[2]/div/a/span'. Please recheck the objects properties to make sure the desired element is located. 

2022-01-16 10:04:13 - [MESSAGE][WARNING] - [SELF-HEALING] Failed to find element with id 'Object Repository/Page_Course CNTN/span_forum test'. Try using Self-healing.

2022-01-16 10:04:14 - [MESSAGE][INFO] - Unable to find the element located by 'By.xpath: (.//*[normalize-space(text()) and normalize-space(.)='Mark as done'])[2]/following::span[1]'. Please recheck the objects properties to make sure the desired element is located. 

2022-01-16 10:04:14 - [MESSAGE][INFO] - [SELF-HEALING] Failed Locator: '//li[@id='module-15']/div/div/div[2]/div/a/span'.

2022-01-16 10:04:15 - [MESSAGE][INFO] - [SELF-HEALING] Failed Locator: '(.//*[normalize-space(text()) and normalize-space(.)='Mark as done'])[2]/following::span[1]'.

2022-01-16 10:04:15 - [MESSAGE][INFO] - [SELF-HEALING] Working Locator: '(.//*[normalize-space(text()) and normalize-space(.)='chat test'])[1]/following::span[1]'.

2022-01-16 10:04:15 - [MESSAGE][INFO] - [SELF-HEALING] Screenshot: E:/MoodleTestByKatalon/Reports/Self-healing/Object Repository/Page_Course CNTN/span_forum test_neighbor.png

2022-01-16 10:04:15 - [MESSAGE][WARNING] - [SELF-HEALING] The current locator of test object 'Object Repository/Page_Course CNTN/span_forum test' was broken. Propose an alternative one: '(.//*[normalize-space(text()) and normalize-space(.)='chat test'])[1]/following::span[1]'.

2022-01-16 10:04:16 - [MESSAGE][PASSED] - Object: 'Object Repository/Page_Course CNTN/span_forum test' is clicked on

2022-01-16 10:04:16 - [TEST_STEP][PASSED] - click(findTestObject("Object Repository/Page_forum test/a_Add a new discussion topic")): Object: 'Object Repository/Page_forum test/a_Add a new discussion topic' is clicked on

2022-01-16 10:04:47 - [MESSAGE][INFO] - Unable to find the element located by 'By.xpath: //a[@id='yui_3_17_2_1_1642141777368_496']'. Please recheck the objects properties to make sure the desired element is located. 

2022-01-16 10:04:47 - [MESSAGE][WARNING] - [SELF-HEALING] Failed to find element with id 'Object Repository/Page_forum test/a_Add a new discussion topic'. Try using Self-healing.

2022-01-16 10:04:48 - [MESSAGE][INFO] - Unable to find the element located by 'By.xpath: (.//*[normalize-space(text()) and normalize-space(.)='Mark as done'])[1]/following::a[1]'. Please recheck the objects properties to make sure the desired element is located. 

2022-01-16 10:04:49 - [MESSAGE][INFO] - [SELF-HEALING] Failed Locator: '//a[@id='yui_3_17_2_1_1642141777368_496']'.

2022-01-16 10:04:49 - [MESSAGE][INFO] - [SELF-HEALING] Failed Locator: '//div[@id='yui_3_17_2_1_1642141777368_497']/a'.

2022-01-16 10:04:49 - [MESSAGE][INFO] - [SELF-HEALING] Working Locator: '//a[contains(text(),'Add a new discussion topic')]'.

2022-01-16 10:04:49 - [MESSAGE][INFO] - [SELF-HEALING] Screenshot: E:/MoodleTestByKatalon/Reports/Self-healing/Object Repository/Page_forum test/a_Add a new discussion topic_link.png

2022-01-16 10:04:49 - [MESSAGE][WARNING] - [SELF-HEALING] The current locator of test object 'Object Repository/Page_forum test/a_Add a new discussion topic' was broken. Propose an alternative one: '//a[contains(text(),'Add a new discussion topic')]'.

2022-01-16 10:04:49 - [MESSAGE][PASSED] - Object: 'Object Repository/Page_forum test/a_Add a new discussion topic' is clicked on

2022-01-16 10:04:49 - [TEST_STEP][PASSED] - setText(findTestObject("Object Repository/Page_forum test/input_Subject_subject"), "Test"): Text 'Test' is set on object 'Object Repository/Page_forum test/input_Subject_subject'

2022-01-16 10:04:50 - [MESSAGE][PASSED] - Text 'Test' is set on object 'Object Repository/Page_forum test/input_Subject_subject'

2022-01-16 10:04:50 - [TEST_STEP][PASSED] - click(findTestObject("Object Repository/Page_forum test/p_Test")): Object: 'Object Repository/Page_forum test/p_Test' is clicked on

2022-01-16 10:05:21 - [MESSAGE][INFO] - Unable to find the element located by 'By.xpath: //p[@id='yui_3_17_2_1_1642140744739_515']'. Please recheck the objects properties to make sure the desired element is located. 

2022-01-16 10:05:21 - [MESSAGE][WARNING] - [SELF-HEALING] Failed to find element with id 'Object Repository/Page_forum test/p_Test'. Try using Self-healing.

2022-01-16 10:05:22 - [MESSAGE][INFO] - [SELF-HEALING] Failed Locator: '//p[@id='yui_3_17_2_1_1642140744739_515']'.

2022-01-16 10:05:22 - [MESSAGE][INFO] - [SELF-HEALING] Working Locator: '//div[@id='id_messageeditable']/p'.

2022-01-16 10:05:22 - [MESSAGE][INFO] - [SELF-HEALING] Screenshot: E:/MoodleTestByKatalon/Reports/Self-healing/Object Repository/Page_forum test/p_Test_idRelative.png

2022-01-16 10:05:22 - [MESSAGE][WARNING] - [SELF-HEALING] The current locator of test object 'Object Repository/Page_forum test/p_Test' was broken. Propose an alternative one: '//div[@id='id_messageeditable']/p'.

2022-01-16 10:05:22 - [MESSAGE][PASSED] - Object: 'Object Repository/Page_forum test/p_Test' is clicked on

2022-01-16 10:05:22 - [TEST_STEP][PASSED] - setText(findTestObject("Object Repository/Page_forum test/div_Test forum"), "<p dir="ltr" style="text-align: left;" id="yui_3_17_2_1_1642140744739_515">Test forum</p><p dir="ltr" style="text-align: left;" id="yui_3_17_2_1_1642140744739_515"><br></p>"): Text '<p dir="ltr" style="text-align: left;" id="yui_3_17_2_1_1642140744739_515">Test forum</p><p dir="ltr" style="text-align: left;" id="yui_3_17_2_1_1642140744739_515"><br></p>' is set on object 'Object Repository/Page_forum test/div_Test forum'

2022-01-16 10:05:24 - [MESSAGE][PASSED] - Text '<p dir="ltr" style="text-align: left;" id="yui_3_17_2_1_1642140744739_515">Test forum</p><p dir="ltr" style="text-align: left;" id="yui_3_17_2_1_1642140744739_515"><br></p>' is set on object 'Object Repository/Page_forum test/div_Test forum'

2022-01-16 10:05:24 - [TEST_STEP][PASSED] - click(findTestObject("Object Repository/Page_forum test/input_Draft saved_submitbutton")): Object: 'Object Repository/Page_forum test/input_Draft saved_submitbutton' is clicked on

2022-01-16 10:05:25 - [MESSAGE][PASSED] - Object: 'Object Repository/Page_forum test/input_Draft saved_submitbutton' is clicked on

2022-01-16 10:05:25 - [TEST_STEP][PASSED] - click(findTestObject("Object Repository/Page_forum test/a_Test")): Object: 'Object Repository/Page_forum test/a_Test' is clicked on

2022-01-16 10:05:56 - [MESSAGE][INFO] - Unable to find the element located by 'By.xpath: //a[@id='yui_3_17_2_1_1642140833563_499']'. Please recheck the objects properties to make sure the desired element is located. 

2022-01-16 10:05:56 - [MESSAGE][WARNING] - [SELF-HEALING] Failed to find element with id 'Object Repository/Page_forum test/a_Test'. Try using Self-healing.

2022-01-16 10:05:56 - [MESSAGE][INFO] - [SELF-HEALING] Failed Locator: '//a[@id='yui_3_17_2_1_1642140833563_499']'.

2022-01-16 10:05:57 - [MESSAGE][INFO] - [SELF-HEALING] Failed Locator: '//div[@id='yui_3_17_2_1_1642140833563_500']/a'.

2022-01-16 10:05:57 - [MESSAGE][INFO] - [SELF-HEALING] Working Locator: '//a[contains(text(),'Test')]'.

2022-01-16 10:05:57 - [MESSAGE][INFO] - [SELF-HEALING] Screenshot: E:/MoodleTestByKatalon/Reports/Self-healing/Object Repository/Page_forum test/a_Test_link.png

2022-01-16 10:05:57 - [MESSAGE][WARNING] - [SELF-HEALING] The current locator of test object 'Object Repository/Page_forum test/a_Test' was broken. Propose an alternative one: '//a[contains(text(),'Test')]'.

2022-01-16 10:05:58 - [MESSAGE][PASSED] - Object: 'Object Repository/Page_forum test/a_Test' is clicked on

2022-01-16 10:05:58 - [TEST_STEP][PASSED] - click(findTestObject("Object Repository/Page_cntn Test/a_Delete")): Object: 'Object Repository/Page_cntn Test/a_Delete' is clicked on

2022-01-16 10:06:29 - [MESSAGE][INFO] - Unable to find the element located by 'By.xpath: //article[@id='p4']/div/div/div/div[2]/div[2]/div/a[3]'. Please recheck the objects properties to make sure the desired element is located. 

2022-01-16 10:06:29 - [MESSAGE][WARNING] - [SELF-HEALING] Failed to find element with id 'Object Repository/Page_cntn Test/a_Delete'. Try using Self-healing.

2022-01-16 10:06:29 - [MESSAGE][INFO] - [SELF-HEALING] Failed Locator: '//article[@id='p4']/div/div/div/div[2]/div[2]/div/a[3]'.

2022-01-16 10:06:30 - [MESSAGE][INFO] - [SELF-HEALING] Working Locator: '//a[contains(text(),'Delete')]'.

2022-01-16 10:06:30 - [MESSAGE][INFO] - [SELF-HEALING] Screenshot: E:/MoodleTestByKatalon/Reports/Self-healing/Object Repository/Page_cntn Test/a_Delete_link.png

2022-01-16 10:06:30 - [MESSAGE][WARNING] - [SELF-HEALING] The current locator of test object 'Object Repository/Page_cntn Test/a_Delete' was broken. Propose an alternative one: '//a[contains(text(),'Delete')]'.

2022-01-16 10:06:30 - [MESSAGE][PASSED] - Object: 'Object Repository/Page_cntn Test/a_Delete' is clicked on

2022-01-16 10:06:30 - [TEST_STEP][PASSED] - click(findTestObject("Object Repository/Page_cntn/button_Continue")): Object: 'Object Repository/Page_cntn/button_Continue' is clicked on

2022-01-16 10:06:31 - [MESSAGE][PASSED] - Object: 'Object Repository/Page_cntn/button_Continue' is clicked on

2022-01-16 10:06:31 - [TEST_STEP][PASSED] - closeBrowser(): Browser is closed

2022-01-16 10:06:32 - [MESSAGE][PASSED] - Browser is closed]]></system-out>
         <system-err><![CDATA[]]></system-err>
      </testcase>
      <testcase name="Test Cases/Student/7. Khác/2. Create forum with empty description" time="105.901" classname="Test Cases/Student/7. Khác/2. Create forum with empty description" status="PASSED">
         <system-out><![CDATA[2022-01-16 10:06:32 - [TEST_CASE][PASSED] - Test Cases/Student/7. Khác/2. Create forum with empty description: Test Cases/Student/7. Khác/2. Create forum with empty description

2022-01-16 10:06:32 - [TEST_STEP][PASSED] - callTestCase(findTestCase("Student/2. Login as student"), [:], STOP_ON_FAILURE): Call Test Case 'Test Cases/Student/2. Login as student' successfully

2022-01-16 10:06:32 - [TEST_CASE][PASSED] - Test Cases/Student/2. Login as student: Test Cases/Student/2. Login as student

2022-01-16 10:06:32 - [TEST_STEP][PASSED] - openBrowser(""): Browser is opened with url: ''

2022-01-16 10:06:32 - [MESSAGE][INFO] - Starting 'Edge Chromium' driver

2022-01-16 10:06:34 - [MESSAGE][INFO] - Action delay is set to 0 milliseconds

2022-01-16 10:06:35 - [MESSAGE][PASSED] - Browser is opened with url: ''

2022-01-16 10:06:35 - [TEST_STEP][PASSED] - navigateToUrl("http://localhost/"): Navigate to 'http://localhost/' successfully

2022-01-16 10:06:36 - [MESSAGE][PASSED] - Navigate to 'http://localhost/' successfully

2022-01-16 10:06:36 - [TEST_STEP][PASSED] - click(findTestObject("Object Repository/Page_Automation Testing Site/a_Log in")): Object: 'Object Repository/Page_Automation Testing Site/a_Log in' is clicked on

2022-01-16 10:06:36 - [MESSAGE][PASSED] - Object: 'Object Repository/Page_Automation Testing Site/a_Log in' is clicked on

2022-01-16 10:06:36 - [TEST_STEP][PASSED] - setText(findTestObject("Object Repository/Page_Automation Testing Site Log in to the site/input_Username_username"), "student"): Text 'student' is set on object 'Object Repository/Page_Automation Testing Site Log in to the site/input_Username_username'

2022-01-16 10:06:37 - [MESSAGE][PASSED] - Text 'student' is set on object 'Object Repository/Page_Automation Testing Site Log in to the site/input_Username_username'

2022-01-16 10:06:37 - [TEST_STEP][PASSED] - setEncryptedText(findTestObject("Object Repository/Page_Automation Testing Site Log in to the site/input_Password_password"), "cnpXG5HhkrZpEXzNIGBMZQ=="): Text ****** has been set on object 'Object Repository/Page_Automation Testing Site Log in to the site/input_Password_password'

2022-01-16 10:06:38 - [MESSAGE][PASSED] - Text ****** has been set on object 'Object Repository/Page_Automation Testing Site Log in to the site/input_Password_password'

2022-01-16 10:06:38 - [TEST_STEP][PASSED] - click(findTestObject("Object Repository/Page_Automation Testing Site Log in to the site/button_Log in")): Object: 'Object Repository/Page_Automation Testing Site Log in to the site/button_Log in' is clicked on

2022-01-16 10:06:39 - [MESSAGE][PASSED] - Object: 'Object Repository/Page_Automation Testing Site Log in to the site/button_Log in' is clicked on

2022-01-16 10:06:39 - [TEST_STEP][PASSED] - click(findTestObject("Object Repository/Page_Dashboard/span_Site home")): Object: 'Object Repository/Page_Dashboard/span_Site home' is clicked on

2022-01-16 10:07:10 - [MESSAGE][INFO] - Unable to find the element located by 'By.xpath: '. Please recheck the objects properties to make sure the desired element is located. 

2022-01-16 10:07:10 - [MESSAGE][WARNING] - [SELF-HEALING] Failed to find element with id 'Object Repository/Page_Dashboard/span_Site home'. Try using Self-healing.

2022-01-16 10:07:10 - [MESSAGE][WARNING] - [SELF-HEALING] The current locator of test object 'Object Repository/Page_Dashboard/span_Site home' was broken. Propose an alternative one: '//div[@id='nav-drawer']/nav/ul/li[2]/a/div/div/span[2]'.

2022-01-16 10:07:10 - [MESSAGE][PASSED] - Object: 'Object Repository/Page_Dashboard/span_Site home' is clicked on

2022-01-16 10:07:10 - [TEST_STEP][PASSED] - click(findTestObject("Object Repository/Page_Automation Testing Site/a_CNTN")): Object: 'Object Repository/Page_Automation Testing Site/a_CNTN' is clicked on

2022-01-16 10:07:11 - [MESSAGE][PASSED] - Object: 'Object Repository/Page_Automation Testing Site/a_CNTN' is clicked on

2022-01-16 10:07:11 - [MESSAGE][INFO] - 

2022-01-16 10:07:11 - [MESSAGE][INFO] - ===================== Self-healing Report ====================

2022-01-16 10:07:11 - [MESSAGE][INFO] - One of the failed test object locators has been recovered by Self-healing. Please refer to the Self-healing Insights tab for more details.

2022-01-16 10:07:11 - [MESSAGE][INFO] - To learn more about Self-healing, please read https://docs.katalon.com/katalon-studio/docs/self-healing.html

2022-01-16 10:07:11 - [MESSAGE][INFO] - ==============================================================

2022-01-16 10:07:11 - [MESSAGE][PASSED] - Call Test Case 'Test Cases/Student/2. Login as student' successfully

2022-01-16 10:07:11 - [TEST_STEP][PASSED] - click(findTestObject("Object Repository/Page_Course CNTN/span_forum test")): Object: 'Object Repository/Page_Course CNTN/span_forum test' is clicked on

2022-01-16 10:07:43 - [MESSAGE][INFO] - Unable to find the element located by 'By.xpath: //li[@id='module-15']/div/div/div[2]/div/a/span'. Please recheck the objects properties to make sure the desired element is located. 

2022-01-16 10:07:43 - [MESSAGE][WARNING] - [SELF-HEALING] Failed to find element with id 'Object Repository/Page_Course CNTN/span_forum test'. Try using Self-healing.

2022-01-16 10:07:43 - [MESSAGE][WARNING] - [SELF-HEALING] The current locator of test object 'Object Repository/Page_Course CNTN/span_forum test' was broken. Propose an alternative one: '(.//*[normalize-space(text()) and normalize-space(.)='chat test'])[1]/following::span[1]'.

2022-01-16 10:07:43 - [MESSAGE][PASSED] - Object: 'Object Repository/Page_Course CNTN/span_forum test' is clicked on

2022-01-16 10:07:43 - [TEST_STEP][PASSED] - click(findTestObject("Object Repository/Page_forum test/a_Add a new discussion topic")): Object: 'Object Repository/Page_forum test/a_Add a new discussion topic' is clicked on

2022-01-16 10:08:15 - [MESSAGE][INFO] - Unable to find the element located by 'By.xpath: //a[@id='yui_3_17_2_1_1642141777368_496']'. Please recheck the objects properties to make sure the desired element is located. 

2022-01-16 10:08:15 - [MESSAGE][WARNING] - [SELF-HEALING] Failed to find element with id 'Object Repository/Page_forum test/a_Add a new discussion topic'. Try using Self-healing.

2022-01-16 10:08:15 - [MESSAGE][WARNING] - [SELF-HEALING] The current locator of test object 'Object Repository/Page_forum test/a_Add a new discussion topic' was broken. Propose an alternative one: '//a[contains(text(),'Add a new discussion topic')]'.

2022-01-16 10:08:15 - [MESSAGE][PASSED] - Object: 'Object Repository/Page_forum test/a_Add a new discussion topic' is clicked on

2022-01-16 10:08:15 - [TEST_STEP][PASSED] - setText(findTestObject("Object Repository/Page_forum test/input_Subject_subject"), "test"): Text 'test' is set on object 'Object Repository/Page_forum test/input_Subject_subject'

2022-01-16 10:08:16 - [MESSAGE][PASSED] - Text 'test' is set on object 'Object Repository/Page_forum test/input_Subject_subject'

2022-01-16 10:08:16 - [TEST_STEP][PASSED] - click(findTestObject("Object Repository/Page_forum test/input_Message_submitbutton")): Object: 'Object Repository/Page_forum test/input_Message_submitbutton' is clicked on

2022-01-16 10:08:17 - [MESSAGE][PASSED] - Object: 'Object Repository/Page_forum test/input_Message_submitbutton' is clicked on

2022-01-16 10:08:17 - [TEST_STEP][PASSED] - verifyElementText(findTestObject("Object Repository/Page_forum test/div_- Required"), "- Required"): Actual text and expected text of test object 'Object Repository/Page_forum test/div_- Required' are matched.

2022-01-16 10:08:17 - [MESSAGE][PASSED] - Actual text and expected text of test object 'Object Repository/Page_forum test/div_- Required' are matched.

2022-01-16 10:08:17 - [TEST_STEP][PASSED] - closeBrowser(): Browser is closed

2022-01-16 10:08:18 - [MESSAGE][PASSED] - Browser is closed]]></system-out>
         <system-err><![CDATA[]]></system-err>
      </testcase>
      <testcase name="Test Cases/Student/7. Khác/4. View announcements" time="73.401" classname="Test Cases/Student/7. Khác/4. View announcements" status="PASSED">
         <system-out><![CDATA[2022-01-16 10:08:18 - [TEST_CASE][PASSED] - Test Cases/Student/7. Khác/4. View announcements: Test Cases/Student/7. Khác/4. View announcements

2022-01-16 10:08:18 - [TEST_STEP][PASSED] - callTestCase(findTestCase("Student/2. Login as student"), [:], STOP_ON_FAILURE): Call Test Case 'Test Cases/Student/2. Login as student' successfully

2022-01-16 10:08:18 - [TEST_CASE][PASSED] - Test Cases/Student/2. Login as student: Test Cases/Student/2. Login as student

2022-01-16 10:08:18 - [TEST_STEP][PASSED] - openBrowser(""): Browser is opened with url: ''

2022-01-16 10:08:18 - [MESSAGE][INFO] - Starting 'Edge Chromium' driver

2022-01-16 10:08:20 - [MESSAGE][INFO] - Action delay is set to 0 milliseconds

2022-01-16 10:08:21 - [MESSAGE][PASSED] - Browser is opened with url: ''

2022-01-16 10:08:21 - [TEST_STEP][PASSED] - navigateToUrl("http://localhost/"): Navigate to 'http://localhost/' successfully

2022-01-16 10:08:22 - [MESSAGE][PASSED] - Navigate to 'http://localhost/' successfully

2022-01-16 10:08:22 - [TEST_STEP][PASSED] - click(findTestObject("Object Repository/Page_Automation Testing Site/a_Log in")): Object: 'Object Repository/Page_Automation Testing Site/a_Log in' is clicked on

2022-01-16 10:08:23 - [MESSAGE][PASSED] - Object: 'Object Repository/Page_Automation Testing Site/a_Log in' is clicked on

2022-01-16 10:08:23 - [TEST_STEP][PASSED] - setText(findTestObject("Object Repository/Page_Automation Testing Site Log in to the site/input_Username_username"), "student"): Text 'student' is set on object 'Object Repository/Page_Automation Testing Site Log in to the site/input_Username_username'

2022-01-16 10:08:23 - [MESSAGE][PASSED] - Text 'student' is set on object 'Object Repository/Page_Automation Testing Site Log in to the site/input_Username_username'

2022-01-16 10:08:23 - [TEST_STEP][PASSED] - setEncryptedText(findTestObject("Object Repository/Page_Automation Testing Site Log in to the site/input_Password_password"), "cnpXG5HhkrZpEXzNIGBMZQ=="): Text ****** has been set on object 'Object Repository/Page_Automation Testing Site Log in to the site/input_Password_password'

2022-01-16 10:08:24 - [MESSAGE][PASSED] - Text ****** has been set on object 'Object Repository/Page_Automation Testing Site Log in to the site/input_Password_password'

2022-01-16 10:08:24 - [TEST_STEP][PASSED] - click(findTestObject("Object Repository/Page_Automation Testing Site Log in to the site/button_Log in")): Object: 'Object Repository/Page_Automation Testing Site Log in to the site/button_Log in' is clicked on

2022-01-16 10:08:25 - [MESSAGE][PASSED] - Object: 'Object Repository/Page_Automation Testing Site Log in to the site/button_Log in' is clicked on

2022-01-16 10:08:25 - [TEST_STEP][PASSED] - click(findTestObject("Object Repository/Page_Dashboard/span_Site home")): Object: 'Object Repository/Page_Dashboard/span_Site home' is clicked on

2022-01-16 10:08:56 - [MESSAGE][INFO] - Unable to find the element located by 'By.xpath: '. Please recheck the objects properties to make sure the desired element is located. 

2022-01-16 10:08:56 - [MESSAGE][WARNING] - [SELF-HEALING] Failed to find element with id 'Object Repository/Page_Dashboard/span_Site home'. Try using Self-healing.

2022-01-16 10:08:56 - [MESSAGE][WARNING] - [SELF-HEALING] The current locator of test object 'Object Repository/Page_Dashboard/span_Site home' was broken. Propose an alternative one: '//div[@id='nav-drawer']/nav/ul/li[2]/a/div/div/span[2]'.

2022-01-16 10:08:57 - [MESSAGE][PASSED] - Object: 'Object Repository/Page_Dashboard/span_Site home' is clicked on

2022-01-16 10:08:57 - [TEST_STEP][PASSED] - click(findTestObject("Object Repository/Page_Automation Testing Site/a_CNTN")): Object: 'Object Repository/Page_Automation Testing Site/a_CNTN' is clicked on

2022-01-16 10:08:57 - [MESSAGE][PASSED] - Object: 'Object Repository/Page_Automation Testing Site/a_CNTN' is clicked on

2022-01-16 10:08:57 - [MESSAGE][INFO] - 

2022-01-16 10:08:57 - [MESSAGE][INFO] - ===================== Self-healing Report ====================

2022-01-16 10:08:57 - [MESSAGE][INFO] - One of the failed test object locators has been recovered by Self-healing. Please refer to the Self-healing Insights tab for more details.

2022-01-16 10:08:57 - [MESSAGE][INFO] - To learn more about Self-healing, please read https://docs.katalon.com/katalon-studio/docs/self-healing.html

2022-01-16 10:08:57 - [MESSAGE][INFO] - ==============================================================

2022-01-16 10:08:57 - [MESSAGE][PASSED] - Call Test Case 'Test Cases/Student/2. Login as student' successfully

2022-01-16 10:08:57 - [TEST_STEP][PASSED] - click(findTestObject("Object Repository/Page_Course CNTN/span_Announcements Forum")): Object: 'Object Repository/Page_Course CNTN/span_Announcements Forum' is clicked on

2022-01-16 10:09:29 - [MESSAGE][INFO] - Unable to find the element located by 'By.xpath: //li[@id='module-12']/div/div/div[2]/div/a/span'. Please recheck the objects properties to make sure the desired element is located. 

2022-01-16 10:09:29 - [MESSAGE][WARNING] - [SELF-HEALING] Failed to find element with id 'Object Repository/Page_Course CNTN/span_Announcements Forum'. Try using Self-healing.

2022-01-16 10:09:29 - [MESSAGE][INFO] - [SELF-HEALING] Failed Locator: '//li[@id='module-12']/div/div/div[2]/div/a/span'.

2022-01-16 10:09:29 - [MESSAGE][INFO] - [SELF-HEALING] Working Locator: '(.//*[normalize-space(text()) and normalize-space(.)='General'])[2]/following::span[1]'.

2022-01-16 10:09:29 - [MESSAGE][INFO] - [SELF-HEALING] Screenshot: E:/MoodleTestByKatalon/Reports/Self-healing/Object Repository/Page_Course CNTN/span_Announcements Forum_neighbor.png

2022-01-16 10:09:29 - [MESSAGE][WARNING] - [SELF-HEALING] The current locator of test object 'Object Repository/Page_Course CNTN/span_Announcements Forum' was broken. Propose an alternative one: '(.//*[normalize-space(text()) and normalize-space(.)='General'])[2]/following::span[1]'.

2022-01-16 10:09:30 - [MESSAGE][PASSED] - Object: 'Object Repository/Page_Course CNTN/span_Announcements Forum' is clicked on

2022-01-16 10:09:30 - [TEST_STEP][PASSED] - verifyElementText(findTestObject("Object Repository/Page_Announcements/div_General news and announcements"), "General news and announcements"): Actual text and expected text of test object 'Object Repository/Page_Announcements/div_General news and announcements' are matched.

2022-01-16 10:09:30 - [MESSAGE][PASSED] - Actual text and expected text of test object 'Object Repository/Page_Announcements/div_General news and announcements' are matched.

2022-01-16 10:09:30 - [TEST_STEP][PASSED] - closeBrowser(): Browser is closed

2022-01-16 10:09:31 - [MESSAGE][PASSED] - Browser is closed]]></system-out>
         <system-err><![CDATA[]]></system-err>
      </testcase>
      <testcase name="Test Cases/Kiểm tra thẻ Site Administration/Đăng nhập dưới quyền Ẩn danh" time="8.834" classname="Test Cases/Kiểm tra thẻ Site Administration/Đăng nhập dưới quyền Ẩn danh" status="PASSED">
         <system-out><![CDATA[2022-01-16 10:09:31 - [TEST_CASE][PASSED] - Test Cases/Kiểm tra thẻ Site Administration/Đăng nhập dưới quyền Ẩn danh: Test Cases/Kiểm tra thẻ Site Administration/Đăng nhập dưới quyền Ẩn danh

2022-01-16 10:09:31 - [TEST_STEP][PASSED] - openBrowser(""): Browser is opened with url: ''

2022-01-16 10:09:31 - [MESSAGE][INFO] - Starting 'Edge Chromium' driver

2022-01-16 10:09:34 - [MESSAGE][INFO] - Action delay is set to 0 milliseconds

2022-01-16 10:09:35 - [MESSAGE][PASSED] - Browser is opened with url: ''

2022-01-16 10:09:35 - [TEST_STEP][PASSED] - navigateToUrl("http://localhost/"): Navigate to 'http://localhost/' successfully

2022-01-16 10:09:35 - [MESSAGE][PASSED] - Navigate to 'http://localhost/' successfully

2022-01-16 10:09:35 - [TEST_STEP][PASSED] - click(findTestObject("Object Repository/AnonymousSignIn/Page_Automation Testing Site/a_Log in")): Object: 'Object Repository/AnonymousSignIn/Page_Automation Testing Site/a_Log in' is clicked on

2022-01-16 10:09:36 - [MESSAGE][PASSED] - Object: 'Object Repository/AnonymousSignIn/Page_Automation Testing Site/a_Log in' is clicked on

2022-01-16 10:09:36 - [TEST_STEP][PASSED] - verifyElementPresent(findTestObject("Object Repository/AnonymousSignIn/Page_Automation Testing Site Log in to the site/button_Log in as a guest"), 0): Object 'Object Repository/AnonymousSignIn/Page_Automation Testing Site Log in to the site/button_Log in as a guest' is present

2022-01-16 10:09:36 - [MESSAGE][WARNING] - Timeout '0' is invalid. Using default page load timeout: '30'

2022-01-16 10:09:36 - [MESSAGE][PASSED] - Object 'Object Repository/AnonymousSignIn/Page_Automation Testing Site Log in to the site/button_Log in as a guest' is present

2022-01-16 10:09:36 - [TEST_STEP][PASSED] - click(findTestObject("Object Repository/AnonymousSignIn/Page_Automation Testing Site Log in to the site/button_Log in as a guest")): Object: 'Object Repository/AnonymousSignIn/Page_Automation Testing Site Log in to the site/button_Log in as a guest' is clicked on

2022-01-16 10:09:37 - [MESSAGE][PASSED] - Object: 'Object Repository/AnonymousSignIn/Page_Automation Testing Site Log in to the site/button_Log in as a guest' is clicked on

2022-01-16 10:09:37 - [TEST_STEP][PASSED] - navigateToUrl("http://localhost/"): Navigate to 'http://localhost/' successfully

2022-01-16 10:09:37 - [MESSAGE][PASSED] - Navigate to 'http://localhost/' successfully

2022-01-16 10:09:37 - [TEST_STEP][PASSED] - verifyElementPresent(findTestObject("Object Repository/AnonymousSignIn/Page_Automation Testing Site/span_Calendar"), 0): Object 'Object Repository/AnonymousSignIn/Page_Automation Testing Site/span_Calendar' is present

2022-01-16 10:09:37 - [MESSAGE][WARNING] - Timeout '0' is invalid. Using default page load timeout: '30'

2022-01-16 10:09:38 - [MESSAGE][PASSED] - Object 'Object Repository/AnonymousSignIn/Page_Automation Testing Site/span_Calendar' is present

2022-01-16 10:09:38 - [TEST_STEP][PASSED] - click(findTestObject("Object Repository/AnonymousSignIn/Page_Automation Testing Site/span_Calendar")): Object: 'Object Repository/AnonymousSignIn/Page_Automation Testing Site/span_Calendar' is clicked on

2022-01-16 10:09:39 - [MESSAGE][PASSED] - Object: 'Object Repository/AnonymousSignIn/Page_Automation Testing Site/span_Calendar' is clicked on

2022-01-16 10:09:39 - [TEST_STEP][PASSED] - verifyTextPresent("You are currently using guest access (Log in)", false): Text 'You are currently using guest access (Log in)' is present on page 

2022-01-16 10:09:40 - [MESSAGE][PASSED] - Text 'You are currently using guest access (Log in)' is present on page]]></system-out>
         <system-err><![CDATA[]]></system-err>
      </testcase>
      <testcase name="Test Cases/Kiểm tra thẻ Site Administration/Đăng nhập thất bại" time="8.192" classname="Test Cases/Kiểm tra thẻ Site Administration/Đăng nhập thất bại" status="PASSED">
         <system-out><![CDATA[2022-01-16 10:09:40 - [TEST_CASE][PASSED] - Test Cases/Kiểm tra thẻ Site Administration/Đăng nhập thất bại: Test Cases/Kiểm tra thẻ Site Administration/Đăng nhập thất bại

2022-01-16 10:09:40 - [TEST_STEP][PASSED] - openBrowser(""): Browser is opened with url: ''

2022-01-16 10:09:40 - [MESSAGE][WARNING] - A browser is already opened. Closing browser and opening a new one

2022-01-16 10:09:41 - [MESSAGE][INFO] - Starting 'Edge Chromium' driver

2022-01-16 10:09:43 - [MESSAGE][INFO] - Action delay is set to 0 milliseconds

2022-01-16 10:09:44 - [MESSAGE][PASSED] - Browser is opened with url: ''

2022-01-16 10:09:44 - [TEST_STEP][PASSED] - navigateToUrl("http://localhost/"): Navigate to 'http://localhost/' successfully

2022-01-16 10:09:45 - [MESSAGE][PASSED] - Navigate to 'http://localhost/' successfully

2022-01-16 10:09:45 - [TEST_STEP][PASSED] - click(findTestObject("Object Repository/LoginFailedObject/Page_Automation Testing Site/a_Log in")): Object: 'Object Repository/LoginFailedObject/Page_Automation Testing Site/a_Log in' is clicked on

2022-01-16 10:09:45 - [MESSAGE][PASSED] - Object: 'Object Repository/LoginFailedObject/Page_Automation Testing Site/a_Log in' is clicked on

2022-01-16 10:09:45 - [TEST_STEP][PASSED] - setText(findTestObject("Object Repository/LoginFailedObject/Page_Automation Testing Site Log in to the site/input_Username_username"), "admin"): Text 'admin' is set on object 'Object Repository/LoginFailedObject/Page_Automation Testing Site Log in to the site/input_Username_username'

2022-01-16 10:09:46 - [MESSAGE][PASSED] - Text 'admin' is set on object 'Object Repository/LoginFailedObject/Page_Automation Testing Site Log in to the site/input_Username_username'

2022-01-16 10:09:46 - [TEST_STEP][PASSED] - setEncryptedText(findTestObject("Object Repository/LoginFailedObject/Page_Automation Testing Site Log in to the site/input_Password_password"), "RAIVpflpDOg="): Text ****** has been set on object 'Object Repository/LoginFailedObject/Page_Automation Testing Site Log in to the site/input_Password_password'

2022-01-16 10:09:47 - [MESSAGE][PASSED] - Text ****** has been set on object 'Object Repository/LoginFailedObject/Page_Automation Testing Site Log in to the site/input_Password_password'

2022-01-16 10:09:47 - [TEST_STEP][PASSED] - click(findTestObject("Object Repository/LoginFailedObject/Page_Automation Testing Site Log in to the site/button_Log in")): Object: 'Object Repository/LoginFailedObject/Page_Automation Testing Site Log in to the site/button_Log in' is clicked on

2022-01-16 10:09:47 - [MESSAGE][PASSED] - Object: 'Object Repository/LoginFailedObject/Page_Automation Testing Site Log in to the site/button_Log in' is clicked on

2022-01-16 10:09:47 - [TEST_STEP][PASSED] - verifyElementPresent(findTestObject("Object Repository/LoginFailedObject/Page_Automation Testing Site Log in to the site/div_Invalid login, please try again"), 0): Object 'Object Repository/LoginFailedObject/Page_Automation Testing Site Log in to the site/div_Invalid login, please try again' is present

2022-01-16 10:09:47 - [MESSAGE][WARNING] - Timeout '0' is invalid. Using default page load timeout: '30'

2022-01-16 10:09:48 - [MESSAGE][PASSED] - Object 'Object Repository/LoginFailedObject/Page_Automation Testing Site Log in to the site/div_Invalid login, please try again' is present

2022-01-16 10:09:48 - [TEST_STEP][PASSED] - closeBrowser(): Browser is closed

2022-01-16 10:09:48 - [MESSAGE][PASSED] - Browser is closed]]></system-out>
         <system-err><![CDATA[]]></system-err>
      </testcase>
      <testcase name="Test Cases/Kiểm tra thẻ Site Administration/Đăng nhập thành công" time="8.125" classname="Test Cases/Kiểm tra thẻ Site Administration/Đăng nhập thành công" status="PASSED">
         <system-out><![CDATA[2022-01-16 10:09:48 - [TEST_CASE][PASSED] - Test Cases/Kiểm tra thẻ Site Administration/Đăng nhập thành công: Test Cases/Kiểm tra thẻ Site Administration/Đăng nhập thành công

2022-01-16 10:09:48 - [TEST_STEP][PASSED] - openBrowser(""): Browser is opened with url: ''

2022-01-16 10:09:48 - [MESSAGE][INFO] - Starting 'Edge Chromium' driver

2022-01-16 10:09:51 - [MESSAGE][INFO] - Action delay is set to 0 milliseconds

2022-01-16 10:09:51 - [MESSAGE][PASSED] - Browser is opened with url: ''

2022-01-16 10:09:51 - [TEST_STEP][PASSED] - navigateToUrl("http://localhost/"): Navigate to 'http://localhost/' successfully

2022-01-16 10:09:52 - [MESSAGE][PASSED] - Navigate to 'http://localhost/' successfully

2022-01-16 10:09:52 - [TEST_STEP][PASSED] - click(findTestObject("Object Repository/LoginObject/Page_Automation Testing Site/a_Log in")): Object: 'Object Repository/LoginObject/Page_Automation Testing Site/a_Log in' is clicked on

2022-01-16 10:09:53 - [MESSAGE][PASSED] - Object: 'Object Repository/LoginObject/Page_Automation Testing Site/a_Log in' is clicked on

2022-01-16 10:09:53 - [TEST_STEP][PASSED] - setText(findTestObject("Object Repository/LoginObject/Page_Automation Testing Site Log in to the site/input_Username_username"), "admin"): Text 'admin' is set on object 'Object Repository/LoginObject/Page_Automation Testing Site Log in to the site/input_Username_username'

2022-01-16 10:09:54 - [MESSAGE][PASSED] - Text 'admin' is set on object 'Object Repository/LoginObject/Page_Automation Testing Site Log in to the site/input_Username_username'

2022-01-16 10:09:54 - [TEST_STEP][PASSED] - setEncryptedText(findTestObject("Object Repository/LoginObject/Page_Automation Testing Site Log in to the site/input_Password_password"), "cnpXG5HhkrZpEXzNIGBMZQ=="): Text ****** has been set on object 'Object Repository/LoginObject/Page_Automation Testing Site Log in to the site/input_Password_password'

2022-01-16 10:09:54 - [MESSAGE][PASSED] - Text ****** has been set on object 'Object Repository/LoginObject/Page_Automation Testing Site Log in to the site/input_Password_password'

2022-01-16 10:09:54 - [TEST_STEP][PASSED] - click(findTestObject("Object Repository/LoginObject/Page_Automation Testing Site Log in to the site/button_Log in")): Object: 'Object Repository/LoginObject/Page_Automation Testing Site Log in to the site/button_Log in' is clicked on

2022-01-16 10:09:55 - [MESSAGE][PASSED] - Object: 'Object Repository/LoginObject/Page_Automation Testing Site Log in to the site/button_Log in' is clicked on

2022-01-16 10:09:55 - [TEST_STEP][PASSED] - verifyElementText(findTestObject("Object Repository/LoginObject/Page_Dashboard/span_Site administration"), "Site administration"): Actual text and expected text of test object 'Object Repository/LoginObject/Page_Dashboard/span_Site administration' are matched.

2022-01-16 10:09:56 - [MESSAGE][PASSED] - Actual text and expected text of test object 'Object Repository/LoginObject/Page_Dashboard/span_Site administration' are matched.]]></system-out>
         <system-err><![CDATA[]]></system-err>
      </testcase>
      <testcase name="Test Cases/Phần thiết lập khác/Kiểm tra sự hiện diện của tính năng tin nhắn" time="11.537" classname="Test Cases/Phần thiết lập khác/Kiểm tra sự hiện diện của tính năng tin nhắn" status="PASSED">
         <system-out><![CDATA[2022-01-16 10:09:56 - [TEST_CASE][PASSED] - Test Cases/Phần thiết lập khác/Kiểm tra sự hiện diện của tính năng tin nhắn: Test Cases/Phần thiết lập khác/Kiểm tra sự hiện diện của tính năng tin nhắn

2022-01-16 10:09:57 - [TEST_STEP][PASSED] - callTestCase(findTestCase("Kiểm tra thẻ Site Administration/Đăng nhập thành công"), [:], STOP_ON_FAILURE): Call Test Case 'Test Cases/Kiểm tra thẻ Site Administration/Đăng nhập thành công' successfully

2022-01-16 10:09:57 - [TEST_CASE][PASSED] - Test Cases/Kiểm tra thẻ Site Administration/Đăng nhập thành công: Test Cases/Kiểm tra thẻ Site Administration/Đăng nhập thành công

2022-01-16 10:09:57 - [TEST_STEP][PASSED] - openBrowser(""): Browser is opened with url: ''

2022-01-16 10:09:57 - [MESSAGE][WARNING] - A browser is already opened. Closing browser and opening a new one

2022-01-16 10:09:57 - [MESSAGE][INFO] - Starting 'Edge Chromium' driver

2022-01-16 10:10:00 - [MESSAGE][INFO] - Action delay is set to 0 milliseconds

2022-01-16 10:10:00 - [MESSAGE][PASSED] - Browser is opened with url: ''

2022-01-16 10:10:00 - [TEST_STEP][PASSED] - navigateToUrl("http://localhost/"): Navigate to 'http://localhost/' successfully

2022-01-16 10:10:01 - [MESSAGE][PASSED] - Navigate to 'http://localhost/' successfully

2022-01-16 10:10:01 - [TEST_STEP][PASSED] - click(findTestObject("Object Repository/LoginObject/Page_Automation Testing Site/a_Log in")): Object: 'Object Repository/LoginObject/Page_Automation Testing Site/a_Log in' is clicked on

2022-01-16 10:10:02 - [MESSAGE][PASSED] - Object: 'Object Repository/LoginObject/Page_Automation Testing Site/a_Log in' is clicked on

2022-01-16 10:10:02 - [TEST_STEP][PASSED] - setText(findTestObject("Object Repository/LoginObject/Page_Automation Testing Site Log in to the site/input_Username_username"), "admin"): Text 'admin' is set on object 'Object Repository/LoginObject/Page_Automation Testing Site Log in to the site/input_Username_username'

2022-01-16 10:10:03 - [MESSAGE][PASSED] - Text 'admin' is set on object 'Object Repository/LoginObject/Page_Automation Testing Site Log in to the site/input_Username_username'

2022-01-16 10:10:03 - [TEST_STEP][PASSED] - setEncryptedText(findTestObject("Object Repository/LoginObject/Page_Automation Testing Site Log in to the site/input_Password_password"), "cnpXG5HhkrZpEXzNIGBMZQ=="): Text ****** has been set on object 'Object Repository/LoginObject/Page_Automation Testing Site Log in to the site/input_Password_password'

2022-01-16 10:10:03 - [MESSAGE][PASSED] - Text ****** has been set on object 'Object Repository/LoginObject/Page_Automation Testing Site Log in to the site/input_Password_password'

2022-01-16 10:10:03 - [TEST_STEP][PASSED] - click(findTestObject("Object Repository/LoginObject/Page_Automation Testing Site Log in to the site/button_Log in")): Object: 'Object Repository/LoginObject/Page_Automation Testing Site Log in to the site/button_Log in' is clicked on

2022-01-16 10:10:04 - [MESSAGE][PASSED] - Object: 'Object Repository/LoginObject/Page_Automation Testing Site Log in to the site/button_Log in' is clicked on

2022-01-16 10:10:04 - [TEST_STEP][PASSED] - verifyElementText(findTestObject("Object Repository/LoginObject/Page_Dashboard/span_Site administration"), "Site administration"): Actual text and expected text of test object 'Object Repository/LoginObject/Page_Dashboard/span_Site administration' are matched.

2022-01-16 10:10:05 - [MESSAGE][PASSED] - Actual text and expected text of test object 'Object Repository/LoginObject/Page_Dashboard/span_Site administration' are matched.

2022-01-16 10:10:05 - [MESSAGE][PASSED] - Call Test Case 'Test Cases/Kiểm tra thẻ Site Administration/Đăng nhập thành công' successfully

2022-01-16 10:10:05 - [TEST_STEP][PASSED] - click(findTestObject("Object Repository/CheckMessageVisible/Page_Dashboard/i_See all_icon fa fa-comment fa-fw")): Object: 'Object Repository/CheckMessageVisible/Page_Dashboard/i_See all_icon fa fa-comment fa-fw' is clicked on

2022-01-16 10:10:06 - [MESSAGE][PASSED] - Object: 'Object Repository/CheckMessageVisible/Page_Dashboard/i_See all_icon fa fa-comment fa-fw' is clicked on

2022-01-16 10:10:06 - [TEST_STEP][PASSED] - verifyTextPresent("Contacts", false): Text 'Contacts' is present on page 

2022-01-16 10:10:07 - [MESSAGE][PASSED] - Text 'Contacts' is present on page 

2022-01-16 10:10:07 - [TEST_STEP][PASSED] - verifyTextPresent("Group", false): Text 'Group' is present on page 

2022-01-16 10:10:07 - [MESSAGE][PASSED] - Text 'Group' is present on page 

2022-01-16 10:10:07 - [TEST_STEP][PASSED] - verifyTextPresent("Private", false): Text 'Private' is present on page 

2022-01-16 10:10:08 - [MESSAGE][PASSED] - Text 'Private' is present on page 

2022-01-16 10:10:08 - [TEST_STEP][PASSED] - click(findTestObject("Object Repository/CheckMessageVisible/Page_Dashboard/i_See all_icon fa fa-comment fa-fw")): Object: 'Object Repository/CheckMessageVisible/Page_Dashboard/i_See all_icon fa fa-comment fa-fw' is clicked on

2022-01-16 10:10:08 - [MESSAGE][PASSED] - Object: 'Object Repository/CheckMessageVisible/Page_Dashboard/i_See all_icon fa fa-comment fa-fw' is clicked on]]></system-out>
         <system-err><![CDATA[]]></system-err>
      </testcase>
      <testcase name="Test Cases/Phần thiết lập khác/Kiểm tra việc tạo và xóa một Cohort" time="20.177" classname="Test Cases/Phần thiết lập khác/Kiểm tra việc tạo và xóa một Cohort" status="PASSED">
         <system-out><![CDATA[2022-01-16 10:10:08 - [TEST_CASE][PASSED] - Test Cases/Phần thiết lập khác/Kiểm tra việc tạo và xóa một Cohort: Test Cases/Phần thiết lập khác/Kiểm tra việc tạo và xóa một Cohort

2022-01-16 10:10:08 - [TEST_STEP][PASSED] - callTestCase(findTestCase("Kiểm tra thẻ Site Administration/Đăng nhập thành công"), [:], STOP_ON_FAILURE): Call Test Case 'Test Cases/Kiểm tra thẻ Site Administration/Đăng nhập thành công' successfully

2022-01-16 10:10:08 - [TEST_CASE][PASSED] - Test Cases/Kiểm tra thẻ Site Administration/Đăng nhập thành công: Test Cases/Kiểm tra thẻ Site Administration/Đăng nhập thành công

2022-01-16 10:10:08 - [TEST_STEP][PASSED] - openBrowser(""): Browser is opened with url: ''

2022-01-16 10:10:08 - [MESSAGE][WARNING] - A browser is already opened. Closing browser and opening a new one

2022-01-16 10:10:09 - [MESSAGE][INFO] - Starting 'Edge Chromium' driver

2022-01-16 10:10:11 - [MESSAGE][INFO] - Action delay is set to 0 milliseconds

2022-01-16 10:10:12 - [MESSAGE][PASSED] - Browser is opened with url: ''

2022-01-16 10:10:12 - [TEST_STEP][PASSED] - navigateToUrl("http://localhost/"): Navigate to 'http://localhost/' successfully

2022-01-16 10:10:13 - [MESSAGE][PASSED] - Navigate to 'http://localhost/' successfully

2022-01-16 10:10:13 - [TEST_STEP][PASSED] - click(findTestObject("Object Repository/LoginObject/Page_Automation Testing Site/a_Log in")): Object: 'Object Repository/LoginObject/Page_Automation Testing Site/a_Log in' is clicked on

2022-01-16 10:10:14 - [MESSAGE][PASSED] - Object: 'Object Repository/LoginObject/Page_Automation Testing Site/a_Log in' is clicked on

2022-01-16 10:10:14 - [TEST_STEP][PASSED] - setText(findTestObject("Object Repository/LoginObject/Page_Automation Testing Site Log in to the site/input_Username_username"), "admin"): Text 'admin' is set on object 'Object Repository/LoginObject/Page_Automation Testing Site Log in to the site/input_Username_username'

2022-01-16 10:10:15 - [MESSAGE][PASSED] - Text 'admin' is set on object 'Object Repository/LoginObject/Page_Automation Testing Site Log in to the site/input_Username_username'

2022-01-16 10:10:15 - [TEST_STEP][PASSED] - setEncryptedText(findTestObject("Object Repository/LoginObject/Page_Automation Testing Site Log in to the site/input_Password_password"), "cnpXG5HhkrZpEXzNIGBMZQ=="): Text ****** has been set on object 'Object Repository/LoginObject/Page_Automation Testing Site Log in to the site/input_Password_password'

2022-01-16 10:10:15 - [MESSAGE][PASSED] - Text ****** has been set on object 'Object Repository/LoginObject/Page_Automation Testing Site Log in to the site/input_Password_password'

2022-01-16 10:10:15 - [TEST_STEP][PASSED] - click(findTestObject("Object Repository/LoginObject/Page_Automation Testing Site Log in to the site/button_Log in")): Object: 'Object Repository/LoginObject/Page_Automation Testing Site Log in to the site/button_Log in' is clicked on

2022-01-16 10:10:16 - [MESSAGE][PASSED] - Object: 'Object Repository/LoginObject/Page_Automation Testing Site Log in to the site/button_Log in' is clicked on

2022-01-16 10:10:16 - [TEST_STEP][PASSED] - verifyElementText(findTestObject("Object Repository/LoginObject/Page_Dashboard/span_Site administration"), "Site administration"): Actual text and expected text of test object 'Object Repository/LoginObject/Page_Dashboard/span_Site administration' are matched.

2022-01-16 10:10:18 - [MESSAGE][PASSED] - Actual text and expected text of test object 'Object Repository/LoginObject/Page_Dashboard/span_Site administration' are matched.

2022-01-16 10:10:18 - [MESSAGE][PASSED] - Call Test Case 'Test Cases/Kiểm tra thẻ Site Administration/Đăng nhập thành công' successfully

2022-01-16 10:10:18 - [TEST_STEP][PASSED] - click(findTestObject("Object Repository/AddANewUserObject/Page_Dashboard/span_Site administration")): Object: 'Object Repository/AddANewUserObject/Page_Dashboard/span_Site administration' is clicked on

2022-01-16 10:10:19 - [MESSAGE][PASSED] - Object: 'Object Repository/AddANewUserObject/Page_Dashboard/span_Site administration' is clicked on

2022-01-16 10:10:19 - [TEST_STEP][PASSED] - navigateToUrl("http://localhost/admin/search.php"): Navigate to 'http://localhost/admin/search.php' successfully

2022-01-16 10:10:20 - [MESSAGE][PASSED] - Navigate to 'http://localhost/admin/search.php' successfully

2022-01-16 10:10:20 - [TEST_STEP][PASSED] - click(findTestObject("Object Repository/AddCohort/Page_SiteTesting Administration Search/a_Users")): Object: 'Object Repository/AddCohort/Page_SiteTesting Administration Search/a_Users' is clicked on

2022-01-16 10:10:20 - [MESSAGE][PASSED] - Object: 'Object Repository/AddCohort/Page_SiteTesting Administration Search/a_Users' is clicked on

2022-01-16 10:10:20 - [TEST_STEP][PASSED] - click(findTestObject("Object Repository/AddCohort/Page_SiteTesting Administration Search/a_Cohorts")): Object: 'Object Repository/AddCohort/Page_SiteTesting Administration Search/a_Cohorts' is clicked on

2022-01-16 10:10:21 - [MESSAGE][PASSED] - Object: 'Object Repository/AddCohort/Page_SiteTesting Administration Search/a_Cohorts' is clicked on

2022-01-16 10:10:21 - [TEST_STEP][PASSED] - click(findTestObject("Object Repository/AddCohort/Page_SiteTesting Administration Users Accou_c8a473/a_Add new cohort")): Object: 'Object Repository/AddCohort/Page_SiteTesting Administration Users Accou_c8a473/a_Add new cohort' is clicked on

2022-01-16 10:10:23 - [MESSAGE][PASSED] - Object: 'Object Repository/AddCohort/Page_SiteTesting Administration Users Accou_c8a473/a_Add new cohort' is clicked on

2022-01-16 10:10:23 - [TEST_STEP][PASSED] - setText(findTestObject("Object Repository/AddCohort/Page_Add new cohort/input_Name_name"), "Cohort1"): Text 'Cohort1' is set on object 'Object Repository/AddCohort/Page_Add new cohort/input_Name_name'

2022-01-16 10:10:24 - [MESSAGE][PASSED] - Text 'Cohort1' is set on object 'Object Repository/AddCohort/Page_Add new cohort/input_Name_name'

2022-01-16 10:10:24 - [TEST_STEP][PASSED] - click(findTestObject("Object Repository/AddCohort/Page_Add new cohort/input_Description_submitbutton")): Object: 'Object Repository/AddCohort/Page_Add new cohort/input_Description_submitbutton' is clicked on

2022-01-16 10:10:25 - [MESSAGE][PASSED] - Object: 'Object Repository/AddCohort/Page_Add new cohort/input_Description_submitbutton' is clicked on

2022-01-16 10:10:25 - [TEST_STEP][PASSED] - verifyTextPresent("Cohort1", false): Text 'Cohort1' is present on page 

2022-01-16 10:10:26 - [MESSAGE][PASSED] - Text 'Cohort1' is present on page 

2022-01-16 10:10:26 - [TEST_STEP][PASSED] - click(findTestObject("Object Repository/AddCohort/Page_SiteTesting Administration Users Accou_c8a473/i_Created manually_icon fa fa-trash fa-fw")): Object: 'Object Repository/AddCohort/Page_SiteTesting Administration Users Accou_c8a473/i_Created manually_icon fa fa-trash fa-fw' is clicked on

2022-01-16 10:10:26 - [MESSAGE][PASSED] - Object: 'Object Repository/AddCohort/Page_SiteTesting Administration Users Accou_c8a473/i_Created manually_icon fa fa-trash fa-fw' is clicked on

2022-01-16 10:10:26 - [TEST_STEP][PASSED] - verifyElementText(findTestObject("Object Repository/AddCohort/Page_Delete cohort/p_Do you really want to delete cohort Cohort1"), "Do you really want to delete cohort 'Cohort1'?"): Actual text and expected text of test object 'Object Repository/AddCohort/Page_Delete cohort/p_Do you really want to delete cohort Cohort1' are matched.

2022-01-16 10:10:27 - [MESSAGE][PASSED] - Actual text and expected text of test object 'Object Repository/AddCohort/Page_Delete cohort/p_Do you really want to delete cohort Cohort1' are matched.

2022-01-16 10:10:27 - [TEST_STEP][PASSED] - click(findTestObject("Object Repository/AddCohort/Page_Delete cohort/button_Continue")): Object: 'Object Repository/AddCohort/Page_Delete cohort/button_Continue' is clicked on

2022-01-16 10:10:28 - [MESSAGE][PASSED] - Object: 'Object Repository/AddCohort/Page_Delete cohort/button_Continue' is clicked on

2022-01-16 10:10:28 - [TEST_STEP][PASSED] - navigateToUrl("http://localhost/cohort/index.php?page=0&contextid=1"): Navigate to 'http://localhost/cohort/index.php?page=0&contextid=1' successfully

2022-01-16 10:10:28 - [MESSAGE][PASSED] - Navigate to 'http://localhost/cohort/index.php?page=0&contextid=1' successfully]]></system-out>
         <system-err><![CDATA[]]></system-err>
      </testcase>
      <testcase name="Test Cases/Tạo 1 User mới/Điền không đầy đủ thông tin bắt buộc" time="18.645" classname="Test Cases/Tạo 1 User mới/Điền không đầy đủ thông tin bắt buộc" status="PASSED">
         <system-out><![CDATA[2022-01-16 10:10:28 - [TEST_CASE][PASSED] - Test Cases/Tạo 1 User mới/Điền không đầy đủ thông tin bắt buộc: Test Cases/Tạo 1 User mới/Điền không đầy đủ thông tin bắt buộc

2022-01-16 10:10:28 - [TEST_STEP][PASSED] - callTestCase(findTestCase("Kiểm tra thẻ Site Administration/Đăng nhập thành công"), [:], STOP_ON_FAILURE): Call Test Case 'Test Cases/Kiểm tra thẻ Site Administration/Đăng nhập thành công' successfully

2022-01-16 10:10:28 - [TEST_CASE][PASSED] - Test Cases/Kiểm tra thẻ Site Administration/Đăng nhập thành công: Test Cases/Kiểm tra thẻ Site Administration/Đăng nhập thành công

2022-01-16 10:10:28 - [TEST_STEP][PASSED] - openBrowser(""): Browser is opened with url: ''

2022-01-16 10:10:28 - [MESSAGE][WARNING] - A browser is already opened. Closing browser and opening a new one

2022-01-16 10:10:29 - [MESSAGE][INFO] - Starting 'Edge Chromium' driver

2022-01-16 10:10:32 - [MESSAGE][INFO] - Action delay is set to 0 milliseconds

2022-01-16 10:10:32 - [MESSAGE][PASSED] - Browser is opened with url: ''

2022-01-16 10:10:32 - [TEST_STEP][PASSED] - navigateToUrl("http://localhost/"): Navigate to 'http://localhost/' successfully

2022-01-16 10:10:33 - [MESSAGE][PASSED] - Navigate to 'http://localhost/' successfully

2022-01-16 10:10:33 - [TEST_STEP][PASSED] - click(findTestObject("Object Repository/LoginObject/Page_Automation Testing Site/a_Log in")): Object: 'Object Repository/LoginObject/Page_Automation Testing Site/a_Log in' is clicked on

2022-01-16 10:10:34 - [MESSAGE][PASSED] - Object: 'Object Repository/LoginObject/Page_Automation Testing Site/a_Log in' is clicked on

2022-01-16 10:10:34 - [TEST_STEP][PASSED] - setText(findTestObject("Object Repository/LoginObject/Page_Automation Testing Site Log in to the site/input_Username_username"), "admin"): Text 'admin' is set on object 'Object Repository/LoginObject/Page_Automation Testing Site Log in to the site/input_Username_username'

2022-01-16 10:10:35 - [MESSAGE][PASSED] - Text 'admin' is set on object 'Object Repository/LoginObject/Page_Automation Testing Site Log in to the site/input_Username_username'

2022-01-16 10:10:35 - [TEST_STEP][PASSED] - setEncryptedText(findTestObject("Object Repository/LoginObject/Page_Automation Testing Site Log in to the site/input_Password_password"), "cnpXG5HhkrZpEXzNIGBMZQ=="): Text ****** has been set on object 'Object Repository/LoginObject/Page_Automation Testing Site Log in to the site/input_Password_password'

2022-01-16 10:10:35 - [MESSAGE][PASSED] - Text ****** has been set on object 'Object Repository/LoginObject/Page_Automation Testing Site Log in to the site/input_Password_password'

2022-01-16 10:10:35 - [TEST_STEP][PASSED] - click(findTestObject("Object Repository/LoginObject/Page_Automation Testing Site Log in to the site/button_Log in")): Object: 'Object Repository/LoginObject/Page_Automation Testing Site Log in to the site/button_Log in' is clicked on

2022-01-16 10:10:36 - [MESSAGE][PASSED] - Object: 'Object Repository/LoginObject/Page_Automation Testing Site Log in to the site/button_Log in' is clicked on

2022-01-16 10:10:36 - [TEST_STEP][PASSED] - verifyElementText(findTestObject("Object Repository/LoginObject/Page_Dashboard/span_Site administration"), "Site administration"): Actual text and expected text of test object 'Object Repository/LoginObject/Page_Dashboard/span_Site administration' are matched.

2022-01-16 10:10:38 - [MESSAGE][PASSED] - Actual text and expected text of test object 'Object Repository/LoginObject/Page_Dashboard/span_Site administration' are matched.

2022-01-16 10:10:38 - [MESSAGE][PASSED] - Call Test Case 'Test Cases/Kiểm tra thẻ Site Administration/Đăng nhập thành công' successfully

2022-01-16 10:10:38 - [TEST_STEP][PASSED] - click(findTestObject("Object Repository/AddANewUserObject/Page_Dashboard/span_Site administration")): Object: 'Object Repository/AddANewUserObject/Page_Dashboard/span_Site administration' is clicked on

2022-01-16 10:10:39 - [MESSAGE][PASSED] - Object: 'Object Repository/AddANewUserObject/Page_Dashboard/span_Site administration' is clicked on

2022-01-16 10:10:39 - [TEST_STEP][PASSED] - navigateToUrl("http://localhost/admin/search.php"): Navigate to 'http://localhost/admin/search.php' successfully

2022-01-16 10:10:39 - [MESSAGE][PASSED] - Navigate to 'http://localhost/admin/search.php' successfully

2022-01-16 10:10:39 - [TEST_STEP][PASSED] - click(findTestObject("Object Repository/AddANewUserObject/Page_SiteTesting Administration Search/a_Users")): Object: 'Object Repository/AddANewUserObject/Page_SiteTesting Administration Search/a_Users' is clicked on

2022-01-16 10:10:40 - [MESSAGE][PASSED] - Object: 'Object Repository/AddANewUserObject/Page_SiteTesting Administration Search/a_Users' is clicked on

2022-01-16 10:10:40 - [TEST_STEP][PASSED] - click(findTestObject("Object Repository/AddANewUserObject/Page_SiteTesting Administration Search/a_Add a new user")): Object: 'Object Repository/AddANewUserObject/Page_SiteTesting Administration Search/a_Add a new user' is clicked on

2022-01-16 10:10:41 - [MESSAGE][PASSED] - Object: 'Object Repository/AddANewUserObject/Page_SiteTesting Administration Search/a_Add a new user' is clicked on

2022-01-16 10:10:41 - [TEST_STEP][PASSED] - setText(findTestObject("Object Repository/AddANewUserObject/Page_SiteTesting Administration Users Accou_a8eb60/input_Username_username"), "testing_redundant"): Text 'testing_redundant' is set on object 'Object Repository/AddANewUserObject/Page_SiteTesting Administration Users Accou_a8eb60/input_Username_username'

2022-01-16 10:10:43 - [MESSAGE][PASSED] - Text 'testing_redundant' is set on object 'Object Repository/AddANewUserObject/Page_SiteTesting Administration Users Accou_a8eb60/input_Username_username'

2022-01-16 10:10:43 - [TEST_STEP][PASSED] - click(findTestObject("Object Repository/AddANewUserObject/Page_SiteTesting Administration Users Accou_a8eb60/em_Click to enter text")): Object: 'Object Repository/AddANewUserObject/Page_SiteTesting Administration Users Accou_a8eb60/em_Click to enter text' is clicked on

2022-01-16 10:10:43 - [MESSAGE][PASSED] - Object: 'Object Repository/AddANewUserObject/Page_SiteTesting Administration Users Accou_a8eb60/em_Click to enter text' is clicked on

2022-01-16 10:10:43 - [TEST_STEP][PASSED] - setEncryptedText(findTestObject("Object Repository/AddANewUserObject/Page_SiteTesting Administration Users Accou_a8eb60/input_New password_newpassword"), "cnpXG5HhkrZpEXzNIGBMZQ=="): Text ****** has been set on object 'Object Repository/AddANewUserObject/Page_SiteTesting Administration Users Accou_a8eb60/input_New password_newpassword'

2022-01-16 10:10:44 - [MESSAGE][PASSED] - Text ****** has been set on object 'Object Repository/AddANewUserObject/Page_SiteTesting Administration Users Accou_a8eb60/input_New password_newpassword'

2022-01-16 10:10:44 - [TEST_STEP][PASSED] - setText(findTestObject("Object Repository/AddANewUserObject/Page_SiteTesting Administration Users Accou_a8eb60/input_First name_firstname"), "Quang"): Text 'Quang' is set on object 'Object Repository/AddANewUserObject/Page_SiteTesting Administration Users Accou_a8eb60/input_First name_firstname'

2022-01-16 10:10:45 - [MESSAGE][PASSED] - Text 'Quang' is set on object 'Object Repository/AddANewUserObject/Page_SiteTesting Administration Users Accou_a8eb60/input_First name_firstname'

2022-01-16 10:10:45 - [TEST_STEP][PASSED] - setText(findTestObject("Object Repository/AddANewUserObject/Page_SiteTesting Administration Users Accou_a8eb60/input_Email address_email"), "testing_redundant@gmail.com"): Text 'testing_redundant@gmail.com' is set on object 'Object Repository/AddANewUserObject/Page_SiteTesting Administration Users Accou_a8eb60/input_Email address_email'

2022-01-16 10:10:46 - [MESSAGE][PASSED] - Text 'testing_redundant@gmail.com' is set on object 'Object Repository/AddANewUserObject/Page_SiteTesting Administration Users Accou_a8eb60/input_Email address_email'

2022-01-16 10:10:46 - [TEST_STEP][PASSED] - click(findTestObject("Object Repository/AddANewUserObject/Page_SiteTesting Administration Users Accou_a8eb60/input_Address_submitbutton")): Object: 'Object Repository/AddANewUserObject/Page_SiteTesting Administration Users Accou_a8eb60/input_Address_submitbutton' is clicked on

2022-01-16 10:10:46 - [MESSAGE][PASSED] - Object: 'Object Repository/AddANewUserObject/Page_SiteTesting Administration Users Accou_a8eb60/input_Address_submitbutton' is clicked on

2022-01-16 10:10:46 - [TEST_STEP][PASSED] - verifyElementText(findTestObject("Object Repository/AddANewUserObject/Page_SiteTesting Administration Users Accou_a8eb60/div_- Missing surname"), "- Missing surname"): Actual text and expected text of test object 'Object Repository/AddANewUserObject/Page_SiteTesting Administration Users Accou_a8eb60/div_- Missing surname' are matched.

2022-01-16 10:10:47 - [MESSAGE][PASSED] - Actual text and expected text of test object 'Object Repository/AddANewUserObject/Page_SiteTesting Administration Users Accou_a8eb60/div_- Missing surname' are matched.]]></system-out>
         <system-err><![CDATA[]]></system-err>
      </testcase>
      <testcase name="Test Cases/Tạo 1 User mới/Điền mật khẩu yếu" time="21.241" classname="Test Cases/Tạo 1 User mới/Điền mật khẩu yếu" status="PASSED">
         <system-out><![CDATA[2022-01-16 10:10:47 - [TEST_CASE][PASSED] - Test Cases/Tạo 1 User mới/Điền mật khẩu yếu: Test Cases/Tạo 1 User mới/Điền mật khẩu yếu

2022-01-16 10:10:47 - [TEST_STEP][PASSED] - callTestCase(findTestCase("Kiểm tra thẻ Site Administration/Đăng nhập thành công"), [:], STOP_ON_FAILURE): Call Test Case 'Test Cases/Kiểm tra thẻ Site Administration/Đăng nhập thành công' successfully

2022-01-16 10:10:47 - [TEST_CASE][PASSED] - Test Cases/Kiểm tra thẻ Site Administration/Đăng nhập thành công: Test Cases/Kiểm tra thẻ Site Administration/Đăng nhập thành công

2022-01-16 10:10:47 - [TEST_STEP][PASSED] - openBrowser(""): Browser is opened with url: ''

2022-01-16 10:10:47 - [MESSAGE][WARNING] - A browser is already opened. Closing browser and opening a new one

2022-01-16 10:10:48 - [MESSAGE][INFO] - Starting 'Edge Chromium' driver

2022-01-16 10:10:50 - [MESSAGE][INFO] - Action delay is set to 0 milliseconds

2022-01-16 10:10:51 - [MESSAGE][PASSED] - Browser is opened with url: ''

2022-01-16 10:10:51 - [TEST_STEP][PASSED] - navigateToUrl("http://localhost/"): Navigate to 'http://localhost/' successfully

2022-01-16 10:10:52 - [MESSAGE][PASSED] - Navigate to 'http://localhost/' successfully

2022-01-16 10:10:52 - [TEST_STEP][PASSED] - click(findTestObject("Object Repository/LoginObject/Page_Automation Testing Site/a_Log in")): Object: 'Object Repository/LoginObject/Page_Automation Testing Site/a_Log in' is clicked on

2022-01-16 10:10:53 - [MESSAGE][PASSED] - Object: 'Object Repository/LoginObject/Page_Automation Testing Site/a_Log in' is clicked on

2022-01-16 10:10:53 - [TEST_STEP][PASSED] - setText(findTestObject("Object Repository/LoginObject/Page_Automation Testing Site Log in to the site/input_Username_username"), "admin"): Text 'admin' is set on object 'Object Repository/LoginObject/Page_Automation Testing Site Log in to the site/input_Username_username'

2022-01-16 10:10:53 - [MESSAGE][PASSED] - Text 'admin' is set on object 'Object Repository/LoginObject/Page_Automation Testing Site Log in to the site/input_Username_username'

2022-01-16 10:10:53 - [TEST_STEP][PASSED] - setEncryptedText(findTestObject("Object Repository/LoginObject/Page_Automation Testing Site Log in to the site/input_Password_password"), "cnpXG5HhkrZpEXzNIGBMZQ=="): Text ****** has been set on object 'Object Repository/LoginObject/Page_Automation Testing Site Log in to the site/input_Password_password'

2022-01-16 10:10:54 - [MESSAGE][PASSED] - Text ****** has been set on object 'Object Repository/LoginObject/Page_Automation Testing Site Log in to the site/input_Password_password'

2022-01-16 10:10:54 - [TEST_STEP][PASSED] - click(findTestObject("Object Repository/LoginObject/Page_Automation Testing Site Log in to the site/button_Log in")): Object: 'Object Repository/LoginObject/Page_Automation Testing Site Log in to the site/button_Log in' is clicked on

2022-01-16 10:10:55 - [MESSAGE][PASSED] - Object: 'Object Repository/LoginObject/Page_Automation Testing Site Log in to the site/button_Log in' is clicked on

2022-01-16 10:10:55 - [TEST_STEP][PASSED] - verifyElementText(findTestObject("Object Repository/LoginObject/Page_Dashboard/span_Site administration"), "Site administration"): Actual text and expected text of test object 'Object Repository/LoginObject/Page_Dashboard/span_Site administration' are matched.

2022-01-16 10:10:56 - [MESSAGE][PASSED] - Actual text and expected text of test object 'Object Repository/LoginObject/Page_Dashboard/span_Site administration' are matched.

2022-01-16 10:10:56 - [MESSAGE][PASSED] - Call Test Case 'Test Cases/Kiểm tra thẻ Site Administration/Đăng nhập thành công' successfully

2022-01-16 10:10:56 - [TEST_STEP][PASSED] - click(findTestObject("Object Repository/AddANewUserObject/Page_Dashboard/span_Site administration")): Object: 'Object Repository/AddANewUserObject/Page_Dashboard/span_Site administration' is clicked on

2022-01-16 10:10:57 - [MESSAGE][PASSED] - Object: 'Object Repository/AddANewUserObject/Page_Dashboard/span_Site administration' is clicked on

2022-01-16 10:10:57 - [TEST_STEP][PASSED] - navigateToUrl("http://localhost/admin/search.php"): Navigate to 'http://localhost/admin/search.php' successfully

2022-01-16 10:10:58 - [MESSAGE][PASSED] - Navigate to 'http://localhost/admin/search.php' successfully

2022-01-16 10:10:58 - [TEST_STEP][PASSED] - click(findTestObject("Object Repository/AddANewUserObject/Page_SiteTesting Administration Search/a_Users")): Object: 'Object Repository/AddANewUserObject/Page_SiteTesting Administration Search/a_Users' is clicked on

2022-01-16 10:10:58 - [MESSAGE][PASSED] - Object: 'Object Repository/AddANewUserObject/Page_SiteTesting Administration Search/a_Users' is clicked on

2022-01-16 10:10:58 - [TEST_STEP][PASSED] - click(findTestObject("Object Repository/AddANewUserObject/Page_SiteTesting Administration Search/a_Add a new user")): Object: 'Object Repository/AddANewUserObject/Page_SiteTesting Administration Search/a_Add a new user' is clicked on

2022-01-16 10:11:00 - [MESSAGE][PASSED] - Object: 'Object Repository/AddANewUserObject/Page_SiteTesting Administration Search/a_Add a new user' is clicked on

2022-01-16 10:11:00 - [TEST_STEP][PASSED] - setText(findTestObject("Object Repository/WeakPasswordObject/Page_SiteTesting Administration Users Accou_a8eb60/input_Username_username"), "testing_weak_pass"): Text 'testing_weak_pass' is set on object 'Object Repository/WeakPasswordObject/Page_SiteTesting Administration Users Accou_a8eb60/input_Username_username'

2022-01-16 10:11:01 - [MESSAGE][PASSED] - Text 'testing_weak_pass' is set on object 'Object Repository/WeakPasswordObject/Page_SiteTesting Administration Users Accou_a8eb60/input_Username_username'

2022-01-16 10:11:01 - [TEST_STEP][PASSED] - setText(findTestObject("Object Repository/WeakPasswordObject/Page_SiteTesting Administration Users Accou_a8eb60/input_First name_firstname"), "Quang"): Text 'Quang' is set on object 'Object Repository/WeakPasswordObject/Page_SiteTesting Administration Users Accou_a8eb60/input_First name_firstname'

2022-01-16 10:11:02 - [MESSAGE][PASSED] - Text 'Quang' is set on object 'Object Repository/WeakPasswordObject/Page_SiteTesting Administration Users Accou_a8eb60/input_First name_firstname'

2022-01-16 10:11:02 - [TEST_STEP][PASSED] - setText(findTestObject("Object Repository/WeakPasswordObject/Page_SiteTesting Administration Users Accou_a8eb60/input_Surname_lastname"), "Le6"): Text 'Le6' is set on object 'Object Repository/WeakPasswordObject/Page_SiteTesting Administration Users Accou_a8eb60/input_Surname_lastname'

2022-01-16 10:11:03 - [MESSAGE][PASSED] - Text 'Le6' is set on object 'Object Repository/WeakPasswordObject/Page_SiteTesting Administration Users Accou_a8eb60/input_Surname_lastname'

2022-01-16 10:11:03 - [TEST_STEP][PASSED] - setText(findTestObject("Object Repository/WeakPasswordObject/Page_SiteTesting Administration Users Accou_a8eb60/input_Email address_email"), "testing_weak_pass@gmail.com"): Text 'testing_weak_pass@gmail.com' is set on object 'Object Repository/WeakPasswordObject/Page_SiteTesting Administration Users Accou_a8eb60/input_Email address_email'

2022-01-16 10:11:04 - [MESSAGE][PASSED] - Text 'testing_weak_pass@gmail.com' is set on object 'Object Repository/WeakPasswordObject/Page_SiteTesting Administration Users Accou_a8eb60/input_Email address_email'

2022-01-16 10:11:04 - [TEST_STEP][PASSED] - click(findTestObject("Object Repository/AddANewUserObject/Page_SiteTesting Administration Users Accou_a8eb60/em_Click to enter text")): Object: 'Object Repository/AddANewUserObject/Page_SiteTesting Administration Users Accou_a8eb60/em_Click to enter text' is clicked on

2022-01-16 10:11:04 - [MESSAGE][PASSED] - Object: 'Object Repository/AddANewUserObject/Page_SiteTesting Administration Users Accou_a8eb60/em_Click to enter text' is clicked on

2022-01-16 10:11:04 - [TEST_STEP][PASSED] - setEncryptedText(findTestObject("Object Repository/WeakPasswordObject/Page_SiteTesting Administration Users Accou_a8eb60/input_New password_newpassword"), "RigbBhfdqOBGNlJIWM1ClA=="): Text ****** has been set on object 'Object Repository/WeakPasswordObject/Page_SiteTesting Administration Users Accou_a8eb60/input_New password_newpassword'

2022-01-16 10:11:05 - [MESSAGE][PASSED] - Text ****** has been set on object 'Object Repository/WeakPasswordObject/Page_SiteTesting Administration Users Accou_a8eb60/input_New password_newpassword'

2022-01-16 10:11:05 - [TEST_STEP][PASSED] - click(findTestObject("Object Repository/AddANewUserObject/Page_SiteTesting Administration Users Accou_a8eb60/input_Address_submitbutton")): Object: 'Object Repository/AddANewUserObject/Page_SiteTesting Administration Users Accou_a8eb60/input_Address_submitbutton' is clicked on

2022-01-16 10:11:06 - [MESSAGE][PASSED] - Object: 'Object Repository/AddANewUserObject/Page_SiteTesting Administration Users Accou_a8eb60/input_Address_submitbutton' is clicked on

2022-01-16 10:11:06 - [TEST_STEP][PASSED] - verifyTextPresent("The password must have at least 1 special character(s) such as as *, -, or #.", false): Text 'The password must have at least 1 special character(s) such as as *, -, or #.' is present on page 

2022-01-16 10:11:08 - [MESSAGE][PASSED] - Text 'The password must have at least 1 special character(s) such as as *, -, or #.' is present on page]]></system-out>
         <system-err><![CDATA[]]></system-err>
      </testcase>
      <testcase name="Test Cases/Tạo 1 User mới/Điền sai định dạng email" time="21.046" classname="Test Cases/Tạo 1 User mới/Điền sai định dạng email" status="PASSED">
         <system-out><![CDATA[2022-01-16 10:11:08 - [TEST_CASE][PASSED] - Test Cases/Tạo 1 User mới/Điền sai định dạng email: Test Cases/Tạo 1 User mới/Điền sai định dạng email

2022-01-16 10:11:08 - [TEST_STEP][PASSED] - callTestCase(findTestCase("Kiểm tra thẻ Site Administration/Đăng nhập thành công"), [:], STOP_ON_FAILURE): Call Test Case 'Test Cases/Kiểm tra thẻ Site Administration/Đăng nhập thành công' successfully

2022-01-16 10:11:08 - [TEST_CASE][PASSED] - Test Cases/Kiểm tra thẻ Site Administration/Đăng nhập thành công: Test Cases/Kiểm tra thẻ Site Administration/Đăng nhập thành công

2022-01-16 10:11:08 - [TEST_STEP][PASSED] - openBrowser(""): Browser is opened with url: ''

2022-01-16 10:11:08 - [MESSAGE][WARNING] - A browser is already opened. Closing browser and opening a new one

2022-01-16 10:11:09 - [MESSAGE][INFO] - Starting 'Edge Chromium' driver

2022-01-16 10:11:11 - [MESSAGE][INFO] - Action delay is set to 0 milliseconds

2022-01-16 10:11:12 - [MESSAGE][PASSED] - Browser is opened with url: ''

2022-01-16 10:11:12 - [TEST_STEP][PASSED] - navigateToUrl("http://localhost/"): Navigate to 'http://localhost/' successfully

2022-01-16 10:11:13 - [MESSAGE][PASSED] - Navigate to 'http://localhost/' successfully

2022-01-16 10:11:13 - [TEST_STEP][PASSED] - click(findTestObject("Object Repository/LoginObject/Page_Automation Testing Site/a_Log in")): Object: 'Object Repository/LoginObject/Page_Automation Testing Site/a_Log in' is clicked on

2022-01-16 10:11:14 - [MESSAGE][PASSED] - Object: 'Object Repository/LoginObject/Page_Automation Testing Site/a_Log in' is clicked on

2022-01-16 10:11:14 - [TEST_STEP][PASSED] - setText(findTestObject("Object Repository/LoginObject/Page_Automation Testing Site Log in to the site/input_Username_username"), "admin"): Text 'admin' is set on object 'Object Repository/LoginObject/Page_Automation Testing Site Log in to the site/input_Username_username'

2022-01-16 10:11:14 - [MESSAGE][PASSED] - Text 'admin' is set on object 'Object Repository/LoginObject/Page_Automation Testing Site Log in to the site/input_Username_username'

2022-01-16 10:11:14 - [TEST_STEP][PASSED] - setEncryptedText(findTestObject("Object Repository/LoginObject/Page_Automation Testing Site Log in to the site/input_Password_password"), "cnpXG5HhkrZpEXzNIGBMZQ=="): Text ****** has been set on object 'Object Repository/LoginObject/Page_Automation Testing Site Log in to the site/input_Password_password'

2022-01-16 10:11:15 - [MESSAGE][PASSED] - Text ****** has been set on object 'Object Repository/LoginObject/Page_Automation Testing Site Log in to the site/input_Password_password'

2022-01-16 10:11:15 - [TEST_STEP][PASSED] - click(findTestObject("Object Repository/LoginObject/Page_Automation Testing Site Log in to the site/button_Log in")): Object: 'Object Repository/LoginObject/Page_Automation Testing Site Log in to the site/button_Log in' is clicked on

2022-01-16 10:11:16 - [MESSAGE][PASSED] - Object: 'Object Repository/LoginObject/Page_Automation Testing Site Log in to the site/button_Log in' is clicked on

2022-01-16 10:11:16 - [TEST_STEP][PASSED] - verifyElementText(findTestObject("Object Repository/LoginObject/Page_Dashboard/span_Site administration"), "Site administration"): Actual text and expected text of test object 'Object Repository/LoginObject/Page_Dashboard/span_Site administration' are matched.

2022-01-16 10:11:17 - [MESSAGE][PASSED] - Actual text and expected text of test object 'Object Repository/LoginObject/Page_Dashboard/span_Site administration' are matched.

2022-01-16 10:11:17 - [MESSAGE][PASSED] - Call Test Case 'Test Cases/Kiểm tra thẻ Site Administration/Đăng nhập thành công' successfully

2022-01-16 10:11:17 - [TEST_STEP][PASSED] - click(findTestObject("Object Repository/AddANewUserObject/Page_Dashboard/span_Site administration")): Object: 'Object Repository/AddANewUserObject/Page_Dashboard/span_Site administration' is clicked on

2022-01-16 10:11:18 - [MESSAGE][PASSED] - Object: 'Object Repository/AddANewUserObject/Page_Dashboard/span_Site administration' is clicked on

2022-01-16 10:11:18 - [TEST_STEP][PASSED] - navigateToUrl("http://localhost/admin/search.php"): Navigate to 'http://localhost/admin/search.php' successfully

2022-01-16 10:11:19 - [MESSAGE][PASSED] - Navigate to 'http://localhost/admin/search.php' successfully

2022-01-16 10:11:19 - [TEST_STEP][PASSED] - click(findTestObject("Object Repository/AddANewUserObject/Page_SiteTesting Administration Search/a_Users")): Object: 'Object Repository/AddANewUserObject/Page_SiteTesting Administration Search/a_Users' is clicked on

2022-01-16 10:11:19 - [MESSAGE][PASSED] - Object: 'Object Repository/AddANewUserObject/Page_SiteTesting Administration Search/a_Users' is clicked on

2022-01-16 10:11:19 - [TEST_STEP][PASSED] - click(findTestObject("Object Repository/AddANewUserObject/Page_SiteTesting Administration Search/a_Add a new user")): Object: 'Object Repository/AddANewUserObject/Page_SiteTesting Administration Search/a_Add a new user' is clicked on

2022-01-16 10:11:21 - [MESSAGE][PASSED] - Object: 'Object Repository/AddANewUserObject/Page_SiteTesting Administration Search/a_Add a new user' is clicked on

2022-01-16 10:11:21 - [TEST_STEP][PASSED] - setText(findTestObject("Object Repository/AddANewUserObject/Page_SiteTesting Administration Users Accou_a8eb60/input_Username_username"), "testing_wrong_email"): Text 'testing_wrong_email' is set on object 'Object Repository/AddANewUserObject/Page_SiteTesting Administration Users Accou_a8eb60/input_Username_username'

2022-01-16 10:11:22 - [MESSAGE][PASSED] - Text 'testing_wrong_email' is set on object 'Object Repository/AddANewUserObject/Page_SiteTesting Administration Users Accou_a8eb60/input_Username_username'

2022-01-16 10:11:22 - [TEST_STEP][PASSED] - click(findTestObject("Object Repository/AddANewUserObject/Page_SiteTesting Administration Users Accou_a8eb60/em_Click to enter text")): Object: 'Object Repository/AddANewUserObject/Page_SiteTesting Administration Users Accou_a8eb60/em_Click to enter text' is clicked on

2022-01-16 10:11:23 - [MESSAGE][PASSED] - Object: 'Object Repository/AddANewUserObject/Page_SiteTesting Administration Users Accou_a8eb60/em_Click to enter text' is clicked on

2022-01-16 10:11:23 - [TEST_STEP][PASSED] - setEncryptedText(findTestObject("Object Repository/AddANewUserObject/Page_SiteTesting Administration Users Accou_a8eb60/input_New password_newpassword"), "cnpXG5HhkrZpEXzNIGBMZQ=="): Text ****** has been set on object 'Object Repository/AddANewUserObject/Page_SiteTesting Administration Users Accou_a8eb60/input_New password_newpassword'

2022-01-16 10:11:23 - [MESSAGE][PASSED] - Text ****** has been set on object 'Object Repository/AddANewUserObject/Page_SiteTesting Administration Users Accou_a8eb60/input_New password_newpassword'

2022-01-16 10:11:23 - [TEST_STEP][PASSED] - setText(findTestObject("Object Repository/AddANewUserObject/Page_SiteTesting Administration Users Accou_a8eb60/input_First name_firstname"), "Quang"): Text 'Quang' is set on object 'Object Repository/AddANewUserObject/Page_SiteTesting Administration Users Accou_a8eb60/input_First name_firstname'

2022-01-16 10:11:24 - [MESSAGE][PASSED] - Text 'Quang' is set on object 'Object Repository/AddANewUserObject/Page_SiteTesting Administration Users Accou_a8eb60/input_First name_firstname'

2022-01-16 10:11:24 - [TEST_STEP][PASSED] - setText(findTestObject("Object Repository/AddANewUserObject/Page_SiteTesting Administration Users Accou_a8eb60/input_Surname_lastname"), "Le2"): Text 'Le2' is set on object 'Object Repository/AddANewUserObject/Page_SiteTesting Administration Users Accou_a8eb60/input_Surname_lastname'

2022-01-16 10:11:25 - [MESSAGE][PASSED] - Text 'Le2' is set on object 'Object Repository/AddANewUserObject/Page_SiteTesting Administration Users Accou_a8eb60/input_Surname_lastname'

2022-01-16 10:11:25 - [TEST_STEP][PASSED] - setText(findTestObject("Object Repository/AddANewUserObject/Page_SiteTesting Administration Users Accou_a8eb60/input_Email address_email"), "testing_wrong_email"): Text 'testing_wrong_email' is set on object 'Object Repository/AddANewUserObject/Page_SiteTesting Administration Users Accou_a8eb60/input_Email address_email'

2022-01-16 10:11:26 - [MESSAGE][PASSED] - Text 'testing_wrong_email' is set on object 'Object Repository/AddANewUserObject/Page_SiteTesting Administration Users Accou_a8eb60/input_Email address_email'

2022-01-16 10:11:26 - [TEST_STEP][PASSED] - click(findTestObject("Object Repository/AddANewUserObject/Page_SiteTesting Administration Users Accou_a8eb60/input_Address_submitbutton")): Object: 'Object Repository/AddANewUserObject/Page_SiteTesting Administration Users Accou_a8eb60/input_Address_submitbutton' is clicked on

2022-01-16 10:11:28 - [MESSAGE][PASSED] - Object: 'Object Repository/AddANewUserObject/Page_SiteTesting Administration Users Accou_a8eb60/input_Address_submitbutton' is clicked on

2022-01-16 10:11:28 - [TEST_STEP][PASSED] - verifyElementText(findTestObject("Object Repository/AddANewUserObject/Page_SiteTesting Administration Users Accou_a8eb60/div_Invalid email address"), "Invalid email address"): Actual text and expected text of test object 'Object Repository/AddANewUserObject/Page_SiteTesting Administration Users Accou_a8eb60/div_Invalid email address' are matched.

2022-01-16 10:11:29 - [MESSAGE][PASSED] - Actual text and expected text of test object 'Object Repository/AddANewUserObject/Page_SiteTesting Administration Users Accou_a8eb60/div_Invalid email address' are matched.]]></system-out>
         <system-err><![CDATA[]]></system-err>
      </testcase>
      <testcase name="Test Cases/Tạo 1 User mới/Điền đầy đủ thông tin bắt buộc" time="22.808" classname="Test Cases/Tạo 1 User mới/Điền đầy đủ thông tin bắt buộc" status="PASSED">
         <system-out><![CDATA[2022-01-16 10:11:29 - [TEST_CASE][PASSED] - Test Cases/Tạo 1 User mới/Điền đầy đủ thông tin bắt buộc: Test Cases/Tạo 1 User mới/Điền đầy đủ thông tin bắt buộc

2022-01-16 10:11:30 - [TEST_STEP][PASSED] - callTestCase(findTestCase("Kiểm tra thẻ Site Administration/Đăng nhập thành công"), [:], STOP_ON_FAILURE): Call Test Case 'Test Cases/Kiểm tra thẻ Site Administration/Đăng nhập thành công' successfully

2022-01-16 10:11:30 - [TEST_CASE][PASSED] - Test Cases/Kiểm tra thẻ Site Administration/Đăng nhập thành công: Test Cases/Kiểm tra thẻ Site Administration/Đăng nhập thành công

2022-01-16 10:11:30 - [TEST_STEP][PASSED] - openBrowser(""): Browser is opened with url: ''

2022-01-16 10:11:30 - [MESSAGE][WARNING] - A browser is already opened. Closing browser and opening a new one

2022-01-16 10:11:31 - [MESSAGE][INFO] - Starting 'Edge Chromium' driver

2022-01-16 10:11:33 - [MESSAGE][INFO] - Action delay is set to 0 milliseconds

2022-01-16 10:11:34 - [MESSAGE][PASSED] - Browser is opened with url: ''

2022-01-16 10:11:34 - [TEST_STEP][PASSED] - navigateToUrl("http://localhost/"): Navigate to 'http://localhost/' successfully

2022-01-16 10:11:35 - [MESSAGE][PASSED] - Navigate to 'http://localhost/' successfully

2022-01-16 10:11:35 - [TEST_STEP][PASSED] - click(findTestObject("Object Repository/LoginObject/Page_Automation Testing Site/a_Log in")): Object: 'Object Repository/LoginObject/Page_Automation Testing Site/a_Log in' is clicked on

2022-01-16 10:11:36 - [MESSAGE][PASSED] - Object: 'Object Repository/LoginObject/Page_Automation Testing Site/a_Log in' is clicked on

2022-01-16 10:11:36 - [TEST_STEP][PASSED] - setText(findTestObject("Object Repository/LoginObject/Page_Automation Testing Site Log in to the site/input_Username_username"), "admin"): Text 'admin' is set on object 'Object Repository/LoginObject/Page_Automation Testing Site Log in to the site/input_Username_username'

2022-01-16 10:11:37 - [MESSAGE][PASSED] - Text 'admin' is set on object 'Object Repository/LoginObject/Page_Automation Testing Site Log in to the site/input_Username_username'

2022-01-16 10:11:37 - [TEST_STEP][PASSED] - setEncryptedText(findTestObject("Object Repository/LoginObject/Page_Automation Testing Site Log in to the site/input_Password_password"), "cnpXG5HhkrZpEXzNIGBMZQ=="): Text ****** has been set on object 'Object Repository/LoginObject/Page_Automation Testing Site Log in to the site/input_Password_password'

2022-01-16 10:11:37 - [MESSAGE][PASSED] - Text ****** has been set on object 'Object Repository/LoginObject/Page_Automation Testing Site Log in to the site/input_Password_password'

2022-01-16 10:11:37 - [TEST_STEP][PASSED] - click(findTestObject("Object Repository/LoginObject/Page_Automation Testing Site Log in to the site/button_Log in")): Object: 'Object Repository/LoginObject/Page_Automation Testing Site Log in to the site/button_Log in' is clicked on

2022-01-16 10:11:38 - [MESSAGE][PASSED] - Object: 'Object Repository/LoginObject/Page_Automation Testing Site Log in to the site/button_Log in' is clicked on

2022-01-16 10:11:38 - [TEST_STEP][PASSED] - verifyElementText(findTestObject("Object Repository/LoginObject/Page_Dashboard/span_Site administration"), "Site administration"): Actual text and expected text of test object 'Object Repository/LoginObject/Page_Dashboard/span_Site administration' are matched.

2022-01-16 10:11:40 - [MESSAGE][PASSED] - Actual text and expected text of test object 'Object Repository/LoginObject/Page_Dashboard/span_Site administration' are matched.

2022-01-16 10:11:40 - [MESSAGE][PASSED] - Call Test Case 'Test Cases/Kiểm tra thẻ Site Administration/Đăng nhập thành công' successfully

2022-01-16 10:11:40 - [TEST_STEP][PASSED] - click(findTestObject("Object Repository/AddANewUserObject/Page_Dashboard/span_Site administration")): Object: 'Object Repository/AddANewUserObject/Page_Dashboard/span_Site administration' is clicked on

2022-01-16 10:11:41 - [MESSAGE][PASSED] - Object: 'Object Repository/AddANewUserObject/Page_Dashboard/span_Site administration' is clicked on

2022-01-16 10:11:41 - [TEST_STEP][PASSED] - navigateToUrl("http://localhost/admin/search.php"): Navigate to 'http://localhost/admin/search.php' successfully

2022-01-16 10:11:42 - [MESSAGE][PASSED] - Navigate to 'http://localhost/admin/search.php' successfully

2022-01-16 10:11:42 - [TEST_STEP][PASSED] - click(findTestObject("Object Repository/AddANewUserObject/Page_SiteTesting Administration Search/a_Users")): Object: 'Object Repository/AddANewUserObject/Page_SiteTesting Administration Search/a_Users' is clicked on

2022-01-16 10:11:42 - [MESSAGE][PASSED] - Object: 'Object Repository/AddANewUserObject/Page_SiteTesting Administration Search/a_Users' is clicked on

2022-01-16 10:11:42 - [TEST_STEP][PASSED] - click(findTestObject("Object Repository/AddANewUserObject/Page_SiteTesting Administration Search/a_Add a new user")): Object: 'Object Repository/AddANewUserObject/Page_SiteTesting Administration Search/a_Add a new user' is clicked on

2022-01-16 10:11:44 - [MESSAGE][PASSED] - Object: 'Object Repository/AddANewUserObject/Page_SiteTesting Administration Search/a_Add a new user' is clicked on

2022-01-16 10:11:44 - [TEST_STEP][PASSED] - setText(findTestObject("Object Repository/AddANewUserObject/Page_SiteTesting Administration Users Accou_a8eb60/input_Username_username"), "testing"): Text 'testing' is set on object 'Object Repository/AddANewUserObject/Page_SiteTesting Administration Users Accou_a8eb60/input_Username_username'

2022-01-16 10:11:45 - [MESSAGE][PASSED] - Text 'testing' is set on object 'Object Repository/AddANewUserObject/Page_SiteTesting Administration Users Accou_a8eb60/input_Username_username'

2022-01-16 10:11:45 - [TEST_STEP][PASSED] - click(findTestObject("Object Repository/AddANewUserObject/Page_SiteTesting Administration Users Accou_a8eb60/em_Click to enter text")): Object: 'Object Repository/AddANewUserObject/Page_SiteTesting Administration Users Accou_a8eb60/em_Click to enter text' is clicked on

2022-01-16 10:11:46 - [MESSAGE][PASSED] - Object: 'Object Repository/AddANewUserObject/Page_SiteTesting Administration Users Accou_a8eb60/em_Click to enter text' is clicked on

2022-01-16 10:11:46 - [TEST_STEP][PASSED] - setEncryptedText(findTestObject("Object Repository/AddANewUserObject/Page_SiteTesting Administration Users Accou_a8eb60/input_New password_newpassword"), "cnpXG5HhkrZpEXzNIGBMZQ=="): Text ****** has been set on object 'Object Repository/AddANewUserObject/Page_SiteTesting Administration Users Accou_a8eb60/input_New password_newpassword'

2022-01-16 10:11:46 - [MESSAGE][PASSED] - Text ****** has been set on object 'Object Repository/AddANewUserObject/Page_SiteTesting Administration Users Accou_a8eb60/input_New password_newpassword'

2022-01-16 10:11:46 - [TEST_STEP][PASSED] - setText(findTestObject("Object Repository/AddANewUserObject/Page_SiteTesting Administration Users Accou_a8eb60/input_First name_firstname"), "Quang"): Text 'Quang' is set on object 'Object Repository/AddANewUserObject/Page_SiteTesting Administration Users Accou_a8eb60/input_First name_firstname'

2022-01-16 10:11:47 - [MESSAGE][PASSED] - Text 'Quang' is set on object 'Object Repository/AddANewUserObject/Page_SiteTesting Administration Users Accou_a8eb60/input_First name_firstname'

2022-01-16 10:11:47 - [TEST_STEP][PASSED] - setText(findTestObject("Object Repository/AddANewUserObject/Page_SiteTesting Administration Users Accou_a8eb60/input_Surname_lastname"), "Le1"): Text 'Le1' is set on object 'Object Repository/AddANewUserObject/Page_SiteTesting Administration Users Accou_a8eb60/input_Surname_lastname'

2022-01-16 10:11:48 - [MESSAGE][PASSED] - Text 'Le1' is set on object 'Object Repository/AddANewUserObject/Page_SiteTesting Administration Users Accou_a8eb60/input_Surname_lastname'

2022-01-16 10:11:48 - [TEST_STEP][PASSED] - setText(findTestObject("Object Repository/AddANewUserObject/Page_SiteTesting Administration Users Accou_a8eb60/input_Email address_email"), "testing@gmail.com"): Text 'testing@gmail.com' is set on object 'Object Repository/AddANewUserObject/Page_SiteTesting Administration Users Accou_a8eb60/input_Email address_email'

2022-01-16 10:11:49 - [MESSAGE][PASSED] - Text 'testing@gmail.com' is set on object 'Object Repository/AddANewUserObject/Page_SiteTesting Administration Users Accou_a8eb60/input_Email address_email'

2022-01-16 10:11:49 - [TEST_STEP][PASSED] - click(findTestObject("Object Repository/AddANewUserObject/Page_SiteTesting Administration Users Accou_a8eb60/input_Address_submitbutton")): Object: 'Object Repository/AddANewUserObject/Page_SiteTesting Administration Users Accou_a8eb60/input_Address_submitbutton' is clicked on

2022-01-16 10:11:51 - [MESSAGE][PASSED] - Object: 'Object Repository/AddANewUserObject/Page_SiteTesting Administration Users Accou_a8eb60/input_Address_submitbutton' is clicked on

2022-01-16 10:11:51 - [TEST_STEP][PASSED] - verifyElementText(findTestObject("Object Repository/AddANewUserObject/Page_SiteTesting Administration Users Accou_36dc4d/td_testinggmail.com"), "testing@gmail.com"): Actual text and expected text of test object 'Object Repository/AddANewUserObject/Page_SiteTesting Administration Users Accou_36dc4d/td_testinggmail.com' are matched.

2022-01-16 10:11:52 - [MESSAGE][PASSED] - Actual text and expected text of test object 'Object Repository/AddANewUserObject/Page_SiteTesting Administration Users Accou_36dc4d/td_testinggmail.com' are matched.]]></system-out>
         <system-err><![CDATA[]]></system-err>
      </testcase>
      <testcase name="Test Cases/Tạo 1 User mới/Test 1 vài trường optional khác" time="29.592" classname="Test Cases/Tạo 1 User mới/Test 1 vài trường optional khác" status="PASSED">
         <system-out><![CDATA[2022-01-16 10:11:52 - [TEST_CASE][PASSED] - Test Cases/Tạo 1 User mới/Test 1 vài trường optional khác: Test Cases/Tạo 1 User mới/Test 1 vài trường optional khác

2022-01-16 10:11:52 - [TEST_STEP][PASSED] - callTestCase(findTestCase("Kiểm tra thẻ Site Administration/Đăng nhập thành công"), [:], STOP_ON_FAILURE): Call Test Case 'Test Cases/Kiểm tra thẻ Site Administration/Đăng nhập thành công' successfully

2022-01-16 10:11:52 - [TEST_CASE][PASSED] - Test Cases/Kiểm tra thẻ Site Administration/Đăng nhập thành công: Test Cases/Kiểm tra thẻ Site Administration/Đăng nhập thành công

2022-01-16 10:11:52 - [TEST_STEP][PASSED] - openBrowser(""): Browser is opened with url: ''

2022-01-16 10:11:52 - [MESSAGE][WARNING] - A browser is already opened. Closing browser and opening a new one

2022-01-16 10:11:53 - [MESSAGE][INFO] - Starting 'Edge Chromium' driver

2022-01-16 10:11:56 - [MESSAGE][INFO] - Action delay is set to 0 milliseconds

2022-01-16 10:11:57 - [MESSAGE][PASSED] - Browser is opened with url: ''

2022-01-16 10:11:57 - [TEST_STEP][PASSED] - navigateToUrl("http://localhost/"): Navigate to 'http://localhost/' successfully

2022-01-16 10:11:58 - [MESSAGE][PASSED] - Navigate to 'http://localhost/' successfully

2022-01-16 10:11:58 - [TEST_STEP][PASSED] - click(findTestObject("Object Repository/LoginObject/Page_Automation Testing Site/a_Log in")): Object: 'Object Repository/LoginObject/Page_Automation Testing Site/a_Log in' is clicked on

2022-01-16 10:11:58 - [MESSAGE][PASSED] - Object: 'Object Repository/LoginObject/Page_Automation Testing Site/a_Log in' is clicked on

2022-01-16 10:11:58 - [TEST_STEP][PASSED] - setText(findTestObject("Object Repository/LoginObject/Page_Automation Testing Site Log in to the site/input_Username_username"), "admin"): Text 'admin' is set on object 'Object Repository/LoginObject/Page_Automation Testing Site Log in to the site/input_Username_username'

2022-01-16 10:11:59 - [MESSAGE][PASSED] - Text 'admin' is set on object 'Object Repository/LoginObject/Page_Automation Testing Site Log in to the site/input_Username_username'

2022-01-16 10:11:59 - [TEST_STEP][PASSED] - setEncryptedText(findTestObject("Object Repository/LoginObject/Page_Automation Testing Site Log in to the site/input_Password_password"), "cnpXG5HhkrZpEXzNIGBMZQ=="): Text ****** has been set on object 'Object Repository/LoginObject/Page_Automation Testing Site Log in to the site/input_Password_password'

2022-01-16 10:12:00 - [MESSAGE][PASSED] - Text ****** has been set on object 'Object Repository/LoginObject/Page_Automation Testing Site Log in to the site/input_Password_password'

2022-01-16 10:12:00 - [TEST_STEP][PASSED] - click(findTestObject("Object Repository/LoginObject/Page_Automation Testing Site Log in to the site/button_Log in")): Object: 'Object Repository/LoginObject/Page_Automation Testing Site Log in to the site/button_Log in' is clicked on

2022-01-16 10:12:01 - [MESSAGE][PASSED] - Object: 'Object Repository/LoginObject/Page_Automation Testing Site Log in to the site/button_Log in' is clicked on

2022-01-16 10:12:01 - [TEST_STEP][PASSED] - verifyElementText(findTestObject("Object Repository/LoginObject/Page_Dashboard/span_Site administration"), "Site administration"): Actual text and expected text of test object 'Object Repository/LoginObject/Page_Dashboard/span_Site administration' are matched.

2022-01-16 10:12:03 - [MESSAGE][PASSED] - Actual text and expected text of test object 'Object Repository/LoginObject/Page_Dashboard/span_Site administration' are matched.

2022-01-16 10:12:03 - [MESSAGE][PASSED] - Call Test Case 'Test Cases/Kiểm tra thẻ Site Administration/Đăng nhập thành công' successfully

2022-01-16 10:12:03 - [TEST_STEP][PASSED] - click(findTestObject("Object Repository/AddANewUserObject/Page_Dashboard/span_Site administration")): Object: 'Object Repository/AddANewUserObject/Page_Dashboard/span_Site administration' is clicked on

2022-01-16 10:12:05 - [MESSAGE][PASSED] - Object: 'Object Repository/AddANewUserObject/Page_Dashboard/span_Site administration' is clicked on

2022-01-16 10:12:05 - [TEST_STEP][PASSED] - navigateToUrl("http://localhost/admin/search.php"): Navigate to 'http://localhost/admin/search.php' successfully

2022-01-16 10:12:06 - [MESSAGE][PASSED] - Navigate to 'http://localhost/admin/search.php' successfully

2022-01-16 10:12:06 - [TEST_STEP][PASSED] - click(findTestObject("Object Repository/AddANewUserObject/Page_SiteTesting Administration Search/a_Users")): Object: 'Object Repository/AddANewUserObject/Page_SiteTesting Administration Search/a_Users' is clicked on

2022-01-16 10:12:06 - [MESSAGE][PASSED] - Object: 'Object Repository/AddANewUserObject/Page_SiteTesting Administration Search/a_Users' is clicked on

2022-01-16 10:12:06 - [TEST_STEP][PASSED] - click(findTestObject("Object Repository/AddANewUserObject/Page_SiteTesting Administration Search/a_Add a new user")): Object: 'Object Repository/AddANewUserObject/Page_SiteTesting Administration Search/a_Add a new user' is clicked on

2022-01-16 10:12:08 - [MESSAGE][PASSED] - Object: 'Object Repository/AddANewUserObject/Page_SiteTesting Administration Search/a_Add a new user' is clicked on

2022-01-16 10:12:08 - [TEST_STEP][PASSED] - setText(findTestObject("Object Repository/OptionalUserFormObject/Page_SiteTesting Administration Users Accou_a8eb60/input_Username_username"), "testing_description"): Text 'testing_description' is set on object 'Object Repository/OptionalUserFormObject/Page_SiteTesting Administration Users Accou_a8eb60/input_Username_username'

2022-01-16 10:12:09 - [MESSAGE][PASSED] - Text 'testing_description' is set on object 'Object Repository/OptionalUserFormObject/Page_SiteTesting Administration Users Accou_a8eb60/input_Username_username'

2022-01-16 10:12:09 - [TEST_STEP][PASSED] - click(findTestObject("Object Repository/OptionalUserFormObject/Page_SiteTesting Administration Users Accou_a8eb60/em_Click to enter text")): Object: 'Object Repository/OptionalUserFormObject/Page_SiteTesting Administration Users Accou_a8eb60/em_Click to enter text' is clicked on

2022-01-16 10:12:10 - [MESSAGE][PASSED] - Object: 'Object Repository/OptionalUserFormObject/Page_SiteTesting Administration Users Accou_a8eb60/em_Click to enter text' is clicked on

2022-01-16 10:12:10 - [TEST_STEP][PASSED] - setEncryptedText(findTestObject("Object Repository/OptionalUserFormObject/Page_SiteTesting Administration Users Accou_a8eb60/input_New password_newpassword"), "cnpXG5HhkrZpEXzNIGBMZQ=="): Text ****** has been set on object 'Object Repository/OptionalUserFormObject/Page_SiteTesting Administration Users Accou_a8eb60/input_New password_newpassword'

2022-01-16 10:12:11 - [MESSAGE][PASSED] - Text ****** has been set on object 'Object Repository/OptionalUserFormObject/Page_SiteTesting Administration Users Accou_a8eb60/input_New password_newpassword'

2022-01-16 10:12:11 - [TEST_STEP][PASSED] - setText(findTestObject("Object Repository/OptionalUserFormObject/Page_SiteTesting Administration Users Accou_a8eb60/input_First name_firstname"), "Quang"): Text 'Quang' is set on object 'Object Repository/OptionalUserFormObject/Page_SiteTesting Administration Users Accou_a8eb60/input_First name_firstname'

2022-01-16 10:12:12 - [MESSAGE][PASSED] - Text 'Quang' is set on object 'Object Repository/OptionalUserFormObject/Page_SiteTesting Administration Users Accou_a8eb60/input_First name_firstname'

2022-01-16 10:12:12 - [TEST_STEP][PASSED] - setText(findTestObject("Object Repository/OptionalUserFormObject/Page_SiteTesting Administration Users Accou_a8eb60/input_Surname_lastname"), "Le5"): Text 'Le5' is set on object 'Object Repository/OptionalUserFormObject/Page_SiteTesting Administration Users Accou_a8eb60/input_Surname_lastname'

2022-01-16 10:12:13 - [MESSAGE][PASSED] - Text 'Le5' is set on object 'Object Repository/OptionalUserFormObject/Page_SiteTesting Administration Users Accou_a8eb60/input_Surname_lastname'

2022-01-16 10:12:13 - [TEST_STEP][PASSED] - setText(findTestObject("Object Repository/OptionalUserFormObject/Page_SiteTesting Administration Users Accou_a8eb60/input_Email address_email"), "testing_description@gmail.com"): Text 'testing_description@gmail.com' is set on object 'Object Repository/OptionalUserFormObject/Page_SiteTesting Administration Users Accou_a8eb60/input_Email address_email'

2022-01-16 10:12:14 - [MESSAGE][PASSED] - Text 'testing_description@gmail.com' is set on object 'Object Repository/OptionalUserFormObject/Page_SiteTesting Administration Users Accou_a8eb60/input_Email address_email'

2022-01-16 10:12:14 - [TEST_STEP][PASSED] - click(findTestObject("Object Repository/OptionalUserFormObject/Page_SiteTesting Administration Users Accou_a8eb60/a_Additional names")): Object: 'Object Repository/OptionalUserFormObject/Page_SiteTesting Administration Users Accou_a8eb60/a_Additional names' is clicked on

2022-01-16 10:12:14 - [MESSAGE][PASSED] - Object: 'Object Repository/OptionalUserFormObject/Page_SiteTesting Administration Users Accou_a8eb60/a_Additional names' is clicked on

2022-01-16 10:12:14 - [TEST_STEP][PASSED] - setText(findTestObject("Object Repository/OptionalUserFormObject/Page_SiteTesting Administration Users Accou_a8eb60/input_First name - phonetic_firstnamephonetic"), "Quang"): Text 'Quang' is set on object 'Object Repository/OptionalUserFormObject/Page_SiteTesting Administration Users Accou_a8eb60/input_First name - phonetic_firstnamephonetic'

2022-01-16 10:12:15 - [MESSAGE][PASSED] - Text 'Quang' is set on object 'Object Repository/OptionalUserFormObject/Page_SiteTesting Administration Users Accou_a8eb60/input_First name - phonetic_firstnamephonetic'

2022-01-16 10:12:15 - [TEST_STEP][PASSED] - setText(findTestObject("Object Repository/OptionalUserFormObject/Page_SiteTesting Administration Users Accou_a8eb60/input_Surname - phonetic_lastnamephonetic"), "Le"): Text 'Le' is set on object 'Object Repository/OptionalUserFormObject/Page_SiteTesting Administration Users Accou_a8eb60/input_Surname - phonetic_lastnamephonetic'

2022-01-16 10:12:16 - [MESSAGE][PASSED] - Text 'Le' is set on object 'Object Repository/OptionalUserFormObject/Page_SiteTesting Administration Users Accou_a8eb60/input_Surname - phonetic_lastnamephonetic'

2022-01-16 10:12:16 - [TEST_STEP][PASSED] - setText(findTestObject("Object Repository/OptionalUserFormObject/Page_SiteTesting Administration Users Accou_a8eb60/input_Middle name_middlename"), "Nhat"): Text 'Nhat' is set on object 'Object Repository/OptionalUserFormObject/Page_SiteTesting Administration Users Accou_a8eb60/input_Middle name_middlename'

2022-01-16 10:12:17 - [MESSAGE][PASSED] - Text 'Nhat' is set on object 'Object Repository/OptionalUserFormObject/Page_SiteTesting Administration Users Accou_a8eb60/input_Middle name_middlename'

2022-01-16 10:12:17 - [TEST_STEP][PASSED] - click(findTestObject("Object Repository/OptionalUserFormObject/Page_SiteTesting Administration Users Accou_a8eb60/a_Optional_1")): Object: 'Object Repository/OptionalUserFormObject/Page_SiteTesting Administration Users Accou_a8eb60/a_Optional_1' is clicked on

2022-01-16 10:12:17 - [MESSAGE][PASSED] - Object: 'Object Repository/OptionalUserFormObject/Page_SiteTesting Administration Users Accou_a8eb60/a_Optional_1' is clicked on

2022-01-16 10:12:17 - [TEST_STEP][PASSED] - setText(findTestObject("Object Repository/OptionalUserFormObject/Page_SiteTesting Administration Users Accou_a8eb60/input_Phone_phone1"), "0123456789"): Text '0123456789' is set on object 'Object Repository/OptionalUserFormObject/Page_SiteTesting Administration Users Accou_a8eb60/input_Phone_phone1'

2022-01-16 10:12:18 - [MESSAGE][PASSED] - Text '0123456789' is set on object 'Object Repository/OptionalUserFormObject/Page_SiteTesting Administration Users Accou_a8eb60/input_Phone_phone1'

2022-01-16 10:12:18 - [TEST_STEP][PASSED] - setText(findTestObject("Object Repository/OptionalUserFormObject/Page_SiteTesting Administration Users Accou_a8eb60/input_ID number_idnumber"), "1000"): Text '1000' is set on object 'Object Repository/OptionalUserFormObject/Page_SiteTesting Administration Users Accou_a8eb60/input_ID number_idnumber'

2022-01-16 10:12:19 - [MESSAGE][PASSED] - Text '1000' is set on object 'Object Repository/OptionalUserFormObject/Page_SiteTesting Administration Users Accou_a8eb60/input_ID number_idnumber'

2022-01-16 10:12:19 - [TEST_STEP][PASSED] - click(findTestObject("Object Repository/OptionalUserFormObject/Page_SiteTesting Administration Users Accou_a8eb60/input_Address_submitbutton")): Object: 'Object Repository/OptionalUserFormObject/Page_SiteTesting Administration Users Accou_a8eb60/input_Address_submitbutton' is clicked on

2022-01-16 10:12:21 - [MESSAGE][PASSED] - Object: 'Object Repository/OptionalUserFormObject/Page_SiteTesting Administration Users Accou_a8eb60/input_Address_submitbutton' is clicked on

2022-01-16 10:12:21 - [TEST_STEP][PASSED] - navigateToUrl("http://localhost/admin/user.php"): Navigate to 'http://localhost/admin/user.php' successfully

2022-01-16 10:12:22 - [MESSAGE][PASSED] - Navigate to 'http://localhost/admin/user.php' successfully]]></system-out>
         <system-err><![CDATA[]]></system-err>
      </testcase>
      <testcase name="Test Cases/Tạo 1 User mới/Kiểm tra việc tài khoản bị ban sau khi chọn Suspended account" time="89.527" classname="Test Cases/Tạo 1 User mới/Kiểm tra việc tài khoản bị ban sau khi chọn Suspended account" status="FAILED">
         <failure type="FAILED" message="Test Cases/Tạo 1 User mới/Kiểm tra việc tài khoản bị ban sau khi chọn Suspended account FAILED.
Reason:
com.kms.katalon.core.exception.StepFailedException: Verify element text of test object 'Object Repository/AddSuspendedUserAccount/Page_Automation Testing Site Log in to the site/div_Invalid login, please try again' FAILED.
	at com.kms.katalon.core.webui.keyword.internal.WebUIKeywordMain.stepFailed(WebUIKeywordMain.groovy:64)
	at com.kms.katalon.core.webui.keyword.internal.WebUIKeywordMain.runKeyword(WebUIKeywordMain.groovy:26)
	at com.kms.katalon.core.webui.keyword.builtin.VerifyElementTextKeyword.verifyElementText(VerifyElementTextKeyword.groovy:72)
	at com.kms.katalon.core.webui.keyword.builtin.VerifyElementTextKeyword.execute(VerifyElementTextKeyword.groovy:40)
	at com.kms.katalon.core.keyword.internal.KeywordExecutor.executeKeywordForPlatform(KeywordExecutor.groovy:74)
	at com.kms.katalon.core.webui.keyword.WebUiBuiltInKeywords.verifyElementText(WebUiBuiltInKeywords.groovy:4749)
	at com.kms.katalon.core.webui.keyword.WebUiBuiltInKeywords$verifyElementText$4.call(Unknown Source)
	at Kiểm tra việc tài khoản bị ban sau khi chọn Suspended account.run(Kiểm tra việc tài khoản bị ban sau khi chọn Suspended account:69)
	at com.kms.katalon.core.main.ScriptEngine.run(ScriptEngine.java:194)
	at com.kms.katalon.core.main.ScriptEngine.runScriptAsRawText(ScriptEngine.java:119)
	at com.kms.katalon.core.main.TestCaseExecutor.runScript(TestCaseExecutor.java:442)
	at com.kms.katalon.core.main.TestCaseExecutor.doExecute(TestCaseExecutor.java:433)
	at com.kms.katalon.core.main.TestCaseExecutor.processExecutionPhase(TestCaseExecutor.java:412)
	at com.kms.katalon.core.main.TestCaseExecutor.accessMainPhase(TestCaseExecutor.java:404)
	at com.kms.katalon.core.main.TestCaseExecutor.execute(TestCaseExecutor.java:281)
	at com.kms.katalon.core.main.TestSuiteExecutor.accessTestCaseMainPhase(TestSuiteExecutor.java:202)
	at com.kms.katalon.core.main.TestSuiteExecutor.accessTestSuiteMainPhase(TestSuiteExecutor.java:164)
	at com.kms.katalon.core.main.TestSuiteExecutor.execute(TestSuiteExecutor.java:105)
	at com.kms.katalon.core.main.TestCaseMain.startTestSuite(TestCaseMain.java:181)
	at com.kms.katalon.core.main.TestCaseMain$startTestSuite$0.call(Unknown Source)
	at TempTestSuite1642300051220.run(TempTestSuite1642300051220.groovy:36)
Caused by: com.kms.katalon.core.exception.StepFailedException: Actual text '' and expected text 'Invalid login, please try again' of test object 'Object Repository/AddSuspendedUserAccount/Page_Automation Testing Site Log in to the site/div_Invalid login, please try again' are NOT matched.
	at com.kms.katalon.core.webui.keyword.internal.WebUIKeywordMain.stepFailed(WebUIKeywordMain.groovy:64)
	at com.kms.katalon.core.webui.keyword.builtin.VerifyElementTextKeyword$_verifyElementText_closure1.doCall(VerifyElementTextKeyword.groovy:57)
	at com.kms.katalon.core.webui.keyword.builtin.VerifyElementTextKeyword$_verifyElementText_closure1.call(VerifyElementTextKeyword.groovy)
	at com.kms.katalon.core.webui.keyword.internal.WebUIKeywordMain.runKeyword(WebUIKeywordMain.groovy:20)
	... 19 more
"/>
         <system-out><![CDATA[2022-01-16 10:12:22 - [TEST_CASE][FAILED] - Test Cases/Tạo 1 User mới/Kiểm tra việc tài khoản bị ban sau khi chọn Suspended account: Test Cases/Tạo 1 User mới/Kiểm tra việc tài khoản bị ban sau khi chọn Suspended account FAILED.
Reason:
com.kms.katalon.core.exception.StepFailedException: Verify element text of test object 'Object Repository/AddSuspendedUserAccount/Page_Automation Testing Site Log in to the site/div_Invalid login, please try again' FAILED.
	at com.kms.katalon.core.webui.keyword.internal.WebUIKeywordMain.stepFailed(WebUIKeywordMain.groovy:64)
	at com.kms.katalon.core.webui.keyword.internal.WebUIKeywordMain.runKeyword(WebUIKeywordMain.groovy:26)
	at com.kms.katalon.core.webui.keyword.builtin.VerifyElementTextKeyword.verifyElementText(VerifyElementTextKeyword.groovy:72)
	at com.kms.katalon.core.webui.keyword.builtin.VerifyElementTextKeyword.execute(VerifyElementTextKeyword.groovy:40)
	at com.kms.katalon.core.keyword.internal.KeywordExecutor.executeKeywordForPlatform(KeywordExecutor.groovy:74)
	at com.kms.katalon.core.webui.keyword.WebUiBuiltInKeywords.verifyElementText(WebUiBuiltInKeywords.groovy:4749)
	at com.kms.katalon.core.webui.keyword.WebUiBuiltInKeywords$verifyElementText$4.call(Unknown Source)
	at Kiểm tra việc tài khoản bị ban sau khi chọn Suspended account.run(Kiểm tra việc tài khoản bị ban sau khi chọn Suspended account:69)
	at com.kms.katalon.core.main.ScriptEngine.run(ScriptEngine.java:194)
	at com.kms.katalon.core.main.ScriptEngine.runScriptAsRawText(ScriptEngine.java:119)
	at com.kms.katalon.core.main.TestCaseExecutor.runScript(TestCaseExecutor.java:442)
	at com.kms.katalon.core.main.TestCaseExecutor.doExecute(TestCaseExecutor.java:433)
	at com.kms.katalon.core.main.TestCaseExecutor.processExecutionPhase(TestCaseExecutor.java:412)
	at com.kms.katalon.core.main.TestCaseExecutor.accessMainPhase(TestCaseExecutor.java:404)
	at com.kms.katalon.core.main.TestCaseExecutor.execute(TestCaseExecutor.java:281)
	at com.kms.katalon.core.main.TestSuiteExecutor.accessTestCaseMainPhase(TestSuiteExecutor.java:202)
	at com.kms.katalon.core.main.TestSuiteExecutor.accessTestSuiteMainPhase(TestSuiteExecutor.java:164)
	at com.kms.katalon.core.main.TestSuiteExecutor.execute(TestSuiteExecutor.java:105)
	at com.kms.katalon.core.main.TestCaseMain.startTestSuite(TestCaseMain.java:181)
	at com.kms.katalon.core.main.TestCaseMain$startTestSuite$0.call(Unknown Source)
	at TempTestSuite1642300051220.run(TempTestSuite1642300051220.groovy:36)
Caused by: com.kms.katalon.core.exception.StepFailedException: Actual text '' and expected text 'Invalid login, please try again' of test object 'Object Repository/AddSuspendedUserAccount/Page_Automation Testing Site Log in to the site/div_Invalid login, please try again' are NOT matched.
	at com.kms.katalon.core.webui.keyword.internal.WebUIKeywordMain.stepFailed(WebUIKeywordMain.groovy:64)
	at com.kms.katalon.core.webui.keyword.builtin.VerifyElementTextKeyword$_verifyElementText_closure1.doCall(VerifyElementTextKeyword.groovy:57)
	at com.kms.katalon.core.webui.keyword.builtin.VerifyElementTextKeyword$_verifyElementText_closure1.call(VerifyElementTextKeyword.groovy)
	at com.kms.katalon.core.webui.keyword.internal.WebUIKeywordMain.runKeyword(WebUIKeywordMain.groovy:20)
	... 19 more


2022-01-16 10:12:22 - [TEST_STEP][PASSED] - callTestCase(findTestCase("Kiểm tra thẻ Site Administration/Đăng nhập thành công"), [:], STOP_ON_FAILURE): Call Test Case 'Test Cases/Kiểm tra thẻ Site Administration/Đăng nhập thành công' successfully

2022-01-16 10:12:22 - [TEST_CASE][PASSED] - Test Cases/Kiểm tra thẻ Site Administration/Đăng nhập thành công: Test Cases/Kiểm tra thẻ Site Administration/Đăng nhập thành công

2022-01-16 10:12:22 - [TEST_STEP][PASSED] - openBrowser(""): Browser is opened with url: ''

2022-01-16 10:12:22 - [MESSAGE][WARNING] - A browser is already opened. Closing browser and opening a new one

2022-01-16 10:12:23 - [MESSAGE][INFO] - Starting 'Edge Chromium' driver

2022-01-16 10:12:25 - [MESSAGE][INFO] - Action delay is set to 0 milliseconds

2022-01-16 10:12:26 - [MESSAGE][PASSED] - Browser is opened with url: ''

2022-01-16 10:12:26 - [TEST_STEP][PASSED] - navigateToUrl("http://localhost/"): Navigate to 'http://localhost/' successfully

2022-01-16 10:12:27 - [MESSAGE][PASSED] - Navigate to 'http://localhost/' successfully

2022-01-16 10:12:27 - [TEST_STEP][PASSED] - click(findTestObject("Object Repository/LoginObject/Page_Automation Testing Site/a_Log in")): Object: 'Object Repository/LoginObject/Page_Automation Testing Site/a_Log in' is clicked on

2022-01-16 10:12:28 - [MESSAGE][PASSED] - Object: 'Object Repository/LoginObject/Page_Automation Testing Site/a_Log in' is clicked on

2022-01-16 10:12:28 - [TEST_STEP][PASSED] - setText(findTestObject("Object Repository/LoginObject/Page_Automation Testing Site Log in to the site/input_Username_username"), "admin"): Text 'admin' is set on object 'Object Repository/LoginObject/Page_Automation Testing Site Log in to the site/input_Username_username'

2022-01-16 10:12:28 - [MESSAGE][PASSED] - Text 'admin' is set on object 'Object Repository/LoginObject/Page_Automation Testing Site Log in to the site/input_Username_username'

2022-01-16 10:12:28 - [TEST_STEP][PASSED] - setEncryptedText(findTestObject("Object Repository/LoginObject/Page_Automation Testing Site Log in to the site/input_Password_password"), "cnpXG5HhkrZpEXzNIGBMZQ=="): Text ****** has been set on object 'Object Repository/LoginObject/Page_Automation Testing Site Log in to the site/input_Password_password'

2022-01-16 10:12:29 - [MESSAGE][PASSED] - Text ****** has been set on object 'Object Repository/LoginObject/Page_Automation Testing Site Log in to the site/input_Password_password'

2022-01-16 10:12:29 - [TEST_STEP][PASSED] - click(findTestObject("Object Repository/LoginObject/Page_Automation Testing Site Log in to the site/button_Log in")): Object: 'Object Repository/LoginObject/Page_Automation Testing Site Log in to the site/button_Log in' is clicked on

2022-01-16 10:12:30 - [MESSAGE][PASSED] - Object: 'Object Repository/LoginObject/Page_Automation Testing Site Log in to the site/button_Log in' is clicked on

2022-01-16 10:12:30 - [TEST_STEP][PASSED] - verifyElementText(findTestObject("Object Repository/LoginObject/Page_Dashboard/span_Site administration"), "Site administration"): Actual text and expected text of test object 'Object Repository/LoginObject/Page_Dashboard/span_Site administration' are matched.

2022-01-16 10:12:32 - [MESSAGE][PASSED] - Actual text and expected text of test object 'Object Repository/LoginObject/Page_Dashboard/span_Site administration' are matched.

2022-01-16 10:12:32 - [MESSAGE][PASSED] - Call Test Case 'Test Cases/Kiểm tra thẻ Site Administration/Đăng nhập thành công' successfully

2022-01-16 10:12:32 - [TEST_STEP][PASSED] - click(findTestObject("Object Repository/AddANewUserObject/Page_Dashboard/span_Site administration")): Object: 'Object Repository/AddANewUserObject/Page_Dashboard/span_Site administration' is clicked on

2022-01-16 10:12:33 - [MESSAGE][PASSED] - Object: 'Object Repository/AddANewUserObject/Page_Dashboard/span_Site administration' is clicked on

2022-01-16 10:12:33 - [TEST_STEP][PASSED] - navigateToUrl("http://localhost/admin/search.php"): Navigate to 'http://localhost/admin/search.php' successfully

2022-01-16 10:12:34 - [MESSAGE][PASSED] - Navigate to 'http://localhost/admin/search.php' successfully

2022-01-16 10:12:34 - [TEST_STEP][PASSED] - click(findTestObject("Object Repository/AddSuspendedUserAccount/Page_SiteTesting Administration Search/a_Users")): Object: 'Object Repository/AddSuspendedUserAccount/Page_SiteTesting Administration Search/a_Users' is clicked on

2022-01-16 10:12:34 - [MESSAGE][PASSED] - Object: 'Object Repository/AddSuspendedUserAccount/Page_SiteTesting Administration Search/a_Users' is clicked on

2022-01-16 10:12:34 - [TEST_STEP][PASSED] - click(findTestObject("Object Repository/AddSuspendedUserAccount/Page_SiteTesting Administration Search/a_Add a new user")): Object: 'Object Repository/AddSuspendedUserAccount/Page_SiteTesting Administration Search/a_Add a new user' is clicked on

2022-01-16 10:12:36 - [MESSAGE][PASSED] - Object: 'Object Repository/AddSuspendedUserAccount/Page_SiteTesting Administration Search/a_Add a new user' is clicked on

2022-01-16 10:12:36 - [TEST_STEP][PASSED] - setText(findTestObject("Object Repository/AddSuspendedUserAccount/Page_SiteTesting Administration Users Accou_a8eb60/input_Username_username"), "testing_ban"): Text 'testing_ban' is set on object 'Object Repository/AddSuspendedUserAccount/Page_SiteTesting Administration Users Accou_a8eb60/input_Username_username'

2022-01-16 10:12:37 - [MESSAGE][PASSED] - Text 'testing_ban' is set on object 'Object Repository/AddSuspendedUserAccount/Page_SiteTesting Administration Users Accou_a8eb60/input_Username_username'

2022-01-16 10:12:37 - [TEST_STEP][PASSED] - click(findTestObject("Object Repository/AddSuspendedUserAccount/Page_SiteTesting Administration Users Accou_a8eb60/input_Choose an authentication method_suspended")): Object: 'Object Repository/AddSuspendedUserAccount/Page_SiteTesting Administration Users Accou_a8eb60/input_Choose an authentication method_suspended' is clicked on

2022-01-16 10:13:08 - [MESSAGE][INFO] - Unable to find the element located by 'By.xpath: //input[@id='id_suspended']'. Please recheck the objects properties to make sure the desired element is located. 

2022-01-16 10:13:08 - [MESSAGE][WARNING] - [SELF-HEALING] Failed to find element with id 'Object Repository/AddSuspendedUserAccount/Page_SiteTesting Administration Users Accou_a8eb60/input_Choose an authentication method_suspended'. Try using Self-healing.

2022-01-16 10:13:09 - [MESSAGE][WARNING] - [SELF-HEALING] The current locator of test object 'Object Repository/AddSuspendedUserAccount/Page_SiteTesting Administration Users Accou_a8eb60/input_Choose an authentication method_suspended' was broken. Propose an alternative one: '//div[2]/div/input[2]'.

2022-01-16 10:13:09 - [MESSAGE][PASSED] - Object: 'Object Repository/AddSuspendedUserAccount/Page_SiteTesting Administration Users Accou_a8eb60/input_Choose an authentication method_suspended' is clicked on

2022-01-16 10:13:09 - [TEST_STEP][PASSED] - click(findTestObject("Object Repository/AddSuspendedUserAccount/Page_SiteTesting Administration Users Accou_a8eb60/em_Click to enter text")): Object: 'Object Repository/AddSuspendedUserAccount/Page_SiteTesting Administration Users Accou_a8eb60/em_Click to enter text' is clicked on

2022-01-16 10:13:09 - [MESSAGE][PASSED] - Object: 'Object Repository/AddSuspendedUserAccount/Page_SiteTesting Administration Users Accou_a8eb60/em_Click to enter text' is clicked on

2022-01-16 10:13:09 - [TEST_STEP][PASSED] - setEncryptedText(findTestObject("Object Repository/AddSuspendedUserAccount/Page_SiteTesting Administration Users Accou_a8eb60/input_New password_newpassword"), "cnpXG5HhkrZpEXzNIGBMZQ=="): Text ****** has been set on object 'Object Repository/AddSuspendedUserAccount/Page_SiteTesting Administration Users Accou_a8eb60/input_New password_newpassword'

2022-01-16 10:13:10 - [MESSAGE][PASSED] - Text ****** has been set on object 'Object Repository/AddSuspendedUserAccount/Page_SiteTesting Administration Users Accou_a8eb60/input_New password_newpassword'

2022-01-16 10:13:10 - [TEST_STEP][PASSED] - setText(findTestObject("Object Repository/AddSuspendedUserAccount/Page_SiteTesting Administration Users Accou_a8eb60/input_First name_firstname"), "Quang"): Text 'Quang' is set on object 'Object Repository/AddSuspendedUserAccount/Page_SiteTesting Administration Users Accou_a8eb60/input_First name_firstname'

2022-01-16 10:13:11 - [MESSAGE][PASSED] - Text 'Quang' is set on object 'Object Repository/AddSuspendedUserAccount/Page_SiteTesting Administration Users Accou_a8eb60/input_First name_firstname'

2022-01-16 10:13:11 - [TEST_STEP][PASSED] - setText(findTestObject("Object Repository/AddSuspendedUserAccount/Page_SiteTesting Administration Users Accou_a8eb60/input_Surname_lastname"), "Le4"): Text 'Le4' is set on object 'Object Repository/AddSuspendedUserAccount/Page_SiteTesting Administration Users Accou_a8eb60/input_Surname_lastname'

2022-01-16 10:13:12 - [MESSAGE][PASSED] - Text 'Le4' is set on object 'Object Repository/AddSuspendedUserAccount/Page_SiteTesting Administration Users Accou_a8eb60/input_Surname_lastname'

2022-01-16 10:13:12 - [TEST_STEP][PASSED] - setText(findTestObject("Object Repository/AddSuspendedUserAccount/Page_SiteTesting Administration Users Accou_a8eb60/input_Email address_email"), "testing_ban@gmail.com"): Text 'testing_ban@gmail.com' is set on object 'Object Repository/AddSuspendedUserAccount/Page_SiteTesting Administration Users Accou_a8eb60/input_Email address_email'

2022-01-16 10:13:13 - [MESSAGE][PASSED] - Text 'testing_ban@gmail.com' is set on object 'Object Repository/AddSuspendedUserAccount/Page_SiteTesting Administration Users Accou_a8eb60/input_Email address_email'

2022-01-16 10:13:13 - [TEST_STEP][PASSED] - click(findTestObject("Object Repository/AddSuspendedUserAccount/Page_SiteTesting Administration Users Accou_a8eb60/input_Address_submitbutton")): Object: 'Object Repository/AddSuspendedUserAccount/Page_SiteTesting Administration Users Accou_a8eb60/input_Address_submitbutton' is clicked on

2022-01-16 10:13:14 - [MESSAGE][PASSED] - Object: 'Object Repository/AddSuspendedUserAccount/Page_SiteTesting Administration Users Accou_a8eb60/input_Address_submitbutton' is clicked on

2022-01-16 10:13:14 - [TEST_STEP][PASSED] - navigateToUrl("http://localhost/admin/user.php"): Navigate to 'http://localhost/admin/user.php' successfully

2022-01-16 10:13:15 - [MESSAGE][PASSED] - Navigate to 'http://localhost/admin/user.php' successfully

2022-01-16 10:13:15 - [TEST_STEP][PASSED] - click(findTestObject("Object Repository/AddSuspendedUserAccount/Page_SiteTesting Administration Users Accou_36dc4d/a_Quang Le")): Object: 'Object Repository/AddSuspendedUserAccount/Page_SiteTesting Administration Users Accou_36dc4d/a_Quang Le' is clicked on

2022-01-16 10:13:15 - [MESSAGE][PASSED] - Object: 'Object Repository/AddSuspendedUserAccount/Page_SiteTesting Administration Users Accou_36dc4d/a_Quang Le' is clicked on

2022-01-16 10:13:15 - [TEST_STEP][PASSED] - click(findTestObject("Object Repository/AddSuspendedUserAccount/Page_SiteTesting Administration Users Accou_36dc4d/span_Log out")): Object: 'Object Repository/AddSuspendedUserAccount/Page_SiteTesting Administration Users Accou_36dc4d/span_Log out' is clicked on

2022-01-16 10:13:16 - [MESSAGE][PASSED] - Object: 'Object Repository/AddSuspendedUserAccount/Page_SiteTesting Administration Users Accou_36dc4d/span_Log out' is clicked on

2022-01-16 10:13:16 - [TEST_STEP][PASSED] - navigateToUrl("http://localhost/"): Navigate to 'http://localhost/' successfully

2022-01-16 10:13:16 - [MESSAGE][PASSED] - Navigate to 'http://localhost/' successfully

2022-01-16 10:13:16 - [TEST_STEP][PASSED] - click(findTestObject("Object Repository/AddSuspendedUserAccount/Page_Automation Testing Site/a_Log in")): Object: 'Object Repository/AddSuspendedUserAccount/Page_Automation Testing Site/a_Log in' is clicked on

2022-01-16 10:13:17 - [MESSAGE][PASSED] - Object: 'Object Repository/AddSuspendedUserAccount/Page_Automation Testing Site/a_Log in' is clicked on

2022-01-16 10:13:17 - [TEST_STEP][PASSED] - setText(findTestObject("Object Repository/AddSuspendedUserAccount/Page_Automation Testing Site Log in to the site/input_Username_username"), "testing_ban"): Text 'testing_ban' is set on object 'Object Repository/AddSuspendedUserAccount/Page_Automation Testing Site Log in to the site/input_Username_username'

2022-01-16 10:13:18 - [MESSAGE][PASSED] - Text 'testing_ban' is set on object 'Object Repository/AddSuspendedUserAccount/Page_Automation Testing Site Log in to the site/input_Username_username'

2022-01-16 10:13:18 - [TEST_STEP][PASSED] - setEncryptedText(findTestObject("Object Repository/AddSuspendedUserAccount/Page_Automation Testing Site Log in to the site/input_Password_password"), "cnpXG5HhkrZpEXzNIGBMZQ=="): Text ****** has been set on object 'Object Repository/AddSuspendedUserAccount/Page_Automation Testing Site Log in to the site/input_Password_password'

2022-01-16 10:13:18 - [MESSAGE][PASSED] - Text ****** has been set on object 'Object Repository/AddSuspendedUserAccount/Page_Automation Testing Site Log in to the site/input_Password_password'

2022-01-16 10:13:18 - [TEST_STEP][PASSED] - click(findTestObject("Object Repository/AddSuspendedUserAccount/Page_Automation Testing Site Log in to the site/button_Log in")): Object: 'Object Repository/AddSuspendedUserAccount/Page_Automation Testing Site Log in to the site/button_Log in' is clicked on

2022-01-16 10:13:19 - [MESSAGE][PASSED] - Object: 'Object Repository/AddSuspendedUserAccount/Page_Automation Testing Site Log in to the site/button_Log in' is clicked on

2022-01-16 10:13:19 - [TEST_STEP][FAILED] - verifyElementText(findTestObject("Object Repository/AddSuspendedUserAccount/Page_Automation Testing Site Log in to the site/div_Invalid login, please try again"), "Invalid login, please try again"): Verify element text of test object 'Object Repository/AddSuspendedUserAccount/Page_Automation Testing Site Log in to the site/div_Invalid login, please try again' FAILED. (Root cause: com.kms.katalon.core.exception.StepFailedException: Verify element text of test object 'Object Repository/AddSuspendedUserAccount/Page_Automation Testing Site Log in to the site/div_Invalid login, please try again' FAILED.
	at com.kms.katalon.core.webui.keyword.internal.WebUIKeywordMain.stepFailed(WebUIKeywordMain.groovy:64)
	at com.kms.katalon.core.webui.keyword.internal.WebUIKeywordMain.runKeyword(WebUIKeywordMain.groovy:26)
	at com.kms.katalon.core.webui.keyword.builtin.VerifyElementTextKeyword.verifyElementText(VerifyElementTextKeyword.groovy:72)
	at com.kms.katalon.core.webui.keyword.builtin.VerifyElementTextKeyword.execute(VerifyElementTextKeyword.groovy:40)
	at com.kms.katalon.core.keyword.internal.KeywordExecutor.executeKeywordForPlatform(KeywordExecutor.groovy:74)
	at com.kms.katalon.core.webui.keyword.WebUiBuiltInKeywords.verifyElementText(WebUiBuiltInKeywords.groovy:4749)
	at com.kms.katalon.core.webui.keyword.WebUiBuiltInKeywords$verifyElementText$4.call(Unknown Source)
	at Kiểm tra việc tài khoản bị ban sau khi chọn Suspended account.run(Kiểm tra việc tài khoản bị ban sau khi chọn Suspended account:69)
	at com.kms.katalon.core.main.ScriptEngine.run(ScriptEngine.java:194)
	at com.kms.katalon.core.main.ScriptEngine.runScriptAsRawText(ScriptEngine.java:119)
	at com.kms.katalon.core.main.TestCaseExecutor.runScript(TestCaseExecutor.java:442)
	at com.kms.katalon.core.main.TestCaseExecutor.doExecute(TestCaseExecutor.java:433)
	at com.kms.katalon.core.main.TestCaseExecutor.processExecutionPhase(TestCaseExecutor.java:412)
	at com.kms.katalon.core.main.TestCaseExecutor.accessMainPhase(TestCaseExecutor.java:404)
	at com.kms.katalon.core.main.TestCaseExecutor.execute(TestCaseExecutor.java:281)
	at com.kms.katalon.core.main.TestSuiteExecutor.accessTestCaseMainPhase(TestSuiteExecutor.java:202)
	at com.kms.katalon.core.main.TestSuiteExecutor.accessTestSuiteMainPhase(TestSuiteExecutor.java:164)
	at com.kms.katalon.core.main.TestSuiteExecutor.execute(TestSuiteExecutor.java:105)
	at com.kms.katalon.core.main.TestCaseMain.startTestSuite(TestCaseMain.java:181)
	at com.kms.katalon.core.main.TestCaseMain$startTestSuite$0.call(Unknown Source)
	at TempTestSuite1642300051220.run(TempTestSuite1642300051220.groovy:36)
Caused by: com.kms.katalon.core.exception.StepFailedException: Actual text '' and expected text 'Invalid login, please try again' of test object 'Object Repository/AddSuspendedUserAccount/Page_Automation Testing Site Log in to the site/div_Invalid login, please try again' are NOT matched.
	at com.kms.katalon.core.webui.keyword.internal.WebUIKeywordMain.stepFailed(WebUIKeywordMain.groovy:64)
	at com.kms.katalon.core.webui.keyword.builtin.VerifyElementTextKeyword$_verifyElementText_closure1.doCall(VerifyElementTextKeyword.groovy:57)
	at com.kms.katalon.core.webui.keyword.builtin.VerifyElementTextKeyword$_verifyElementText_closure1.call(VerifyElementTextKeyword.groovy)
	at com.kms.katalon.core.webui.keyword.internal.WebUIKeywordMain.runKeyword(WebUIKeywordMain.groovy:20)
	... 19 more
)

2022-01-16 10:13:50 - [MESSAGE][INFO] - Unable to find the element located by 'By.xpath: //section[@id='region-main']/div/div[2]/div/div/div/div/div/div'. Please recheck the objects properties to make sure the desired element is located. 

2022-01-16 10:13:50 - [MESSAGE][WARNING] - [SELF-HEALING] Failed to find element with id 'Object Repository/AddSuspendedUserAccount/Page_Automation Testing Site Log in to the site/div_Invalid login, please try again'. Try using Self-healing.

2022-01-16 10:13:51 - [MESSAGE][WARNING] - [SELF-HEALING] The current locator of test object 'Object Repository/AddSuspendedUserAccount/Page_Automation Testing Site Log in to the site/div_Invalid login, please try again' was broken. Propose an alternative one: '(.//*[normalize-space(text()) and normalize-space(.)='Skip to main content'])[1]/following::div[12]'.

2022-01-16 10:13:51 - [MESSAGE][FAILED] - Actual text '' and expected text 'Invalid login, please try again' of test object 'Object Repository/AddSuspendedUserAccount/Page_Automation Testing Site Log in to the site/div_Invalid login, please try again' are NOT matched. (Root cause: com.kms.katalon.core.exception.StepFailedException: Actual text '' and expected text 'Invalid login, please try again' of test object 'Object Repository/AddSuspendedUserAccount/Page_Automation Testing Site Log in to the site/div_Invalid login, please try again' are NOT matched.
	at com.kms.katalon.core.webui.keyword.internal.WebUIKeywordMain.stepFailed(WebUIKeywordMain.groovy:64)
	at com.kms.katalon.core.webui.keyword.builtin.VerifyElementTextKeyword$_verifyElementText_closure1.doCall(VerifyElementTextKeyword.groovy:57)
	at com.kms.katalon.core.webui.keyword.builtin.VerifyElementTextKeyword$_verifyElementText_closure1.call(VerifyElementTextKeyword.groovy)
	at com.kms.katalon.core.webui.keyword.internal.WebUIKeywordMain.runKeyword(WebUIKeywordMain.groovy:20)
	at com.kms.katalon.core.webui.keyword.builtin.VerifyElementTextKeyword.verifyElementText(VerifyElementTextKeyword.groovy:72)
	at com.kms.katalon.core.webui.keyword.builtin.VerifyElementTextKeyword.execute(VerifyElementTextKeyword.groovy:40)
	at com.kms.katalon.core.keyword.internal.KeywordExecutor.executeKeywordForPlatform(KeywordExecutor.groovy:74)
	at com.kms.katalon.core.webui.keyword.WebUiBuiltInKeywords.verifyElementText(WebUiBuiltInKeywords.groovy:4749)
	at com.kms.katalon.core.webui.keyword.WebUiBuiltInKeywords$verifyElementText$4.call(Unknown Source)
	at Kiểm tra việc tài khoản bị ban sau khi chọn Suspended account.run(Kiểm tra việc tài khoản bị ban sau khi chọn Suspended account:69)
	at com.kms.katalon.core.main.ScriptEngine.run(ScriptEngine.java:194)
	at com.kms.katalon.core.main.ScriptEngine.runScriptAsRawText(ScriptEngine.java:119)
	at com.kms.katalon.core.main.TestCaseExecutor.runScript(TestCaseExecutor.java:442)
	at com.kms.katalon.core.main.TestCaseExecutor.doExecute(TestCaseExecutor.java:433)
	at com.kms.katalon.core.main.TestCaseExecutor.processExecutionPhase(TestCaseExecutor.java:412)
	at com.kms.katalon.core.main.TestCaseExecutor.accessMainPhase(TestCaseExecutor.java:404)
	at com.kms.katalon.core.main.TestCaseExecutor.execute(TestCaseExecutor.java:281)
	at com.kms.katalon.core.main.TestSuiteExecutor.accessTestCaseMainPhase(TestSuiteExecutor.java:202)
	at com.kms.katalon.core.main.TestSuiteExecutor.accessTestSuiteMainPhase(TestSuiteExecutor.java:164)
	at com.kms.katalon.core.main.TestSuiteExecutor.execute(TestSuiteExecutor.java:105)
	at com.kms.katalon.core.main.TestCaseMain.startTestSuite(TestCaseMain.java:181)
	at com.kms.katalon.core.main.TestCaseMain$startTestSuite$0.call(Unknown Source)
	at TempTestSuite1642300051220.run(TempTestSuite1642300051220.groovy:36)
)
[[ATTACHMENT|E:\\MoodleTestByKatalon\\Reports\\20220116_092731\\Run all test cases\\20220116_092731\\1642302831309.png]]

2022-01-16 10:13:51 - [MESSAGE][FAILED] - Verify element text of test object 'Object Repository/AddSuspendedUserAccount/Page_Automation Testing Site Log in to the site/div_Invalid login, please try again' FAILED. (Root cause: com.kms.katalon.core.exception.StepFailedException: Verify element text of test object 'Object Repository/AddSuspendedUserAccount/Page_Automation Testing Site Log in to the site/div_Invalid login, please try again' FAILED.
	at com.kms.katalon.core.webui.keyword.internal.WebUIKeywordMain.stepFailed(WebUIKeywordMain.groovy:64)
	at com.kms.katalon.core.webui.keyword.internal.WebUIKeywordMain.runKeyword(WebUIKeywordMain.groovy:26)
	at com.kms.katalon.core.webui.keyword.builtin.VerifyElementTextKeyword.verifyElementText(VerifyElementTextKeyword.groovy:72)
	at com.kms.katalon.core.webui.keyword.builtin.VerifyElementTextKeyword.execute(VerifyElementTextKeyword.groovy:40)
	at com.kms.katalon.core.keyword.internal.KeywordExecutor.executeKeywordForPlatform(KeywordExecutor.groovy:74)
	at com.kms.katalon.core.webui.keyword.WebUiBuiltInKeywords.verifyElementText(WebUiBuiltInKeywords.groovy:4749)
	at com.kms.katalon.core.webui.keyword.WebUiBuiltInKeywords$verifyElementText$4.call(Unknown Source)
	at Kiểm tra việc tài khoản bị ban sau khi chọn Suspended account.run(Kiểm tra việc tài khoản bị ban sau khi chọn Suspended account:69)
	at com.kms.katalon.core.main.ScriptEngine.run(ScriptEngine.java:194)
	at com.kms.katalon.core.main.ScriptEngine.runScriptAsRawText(ScriptEngine.java:119)
	at com.kms.katalon.core.main.TestCaseExecutor.runScript(TestCaseExecutor.java:442)
	at com.kms.katalon.core.main.TestCaseExecutor.doExecute(TestCaseExecutor.java:433)
	at com.kms.katalon.core.main.TestCaseExecutor.processExecutionPhase(TestCaseExecutor.java:412)
	at com.kms.katalon.core.main.TestCaseExecutor.accessMainPhase(TestCaseExecutor.java:404)
	at com.kms.katalon.core.main.TestCaseExecutor.execute(TestCaseExecutor.java:281)
	at com.kms.katalon.core.main.TestSuiteExecutor.accessTestCaseMainPhase(TestSuiteExecutor.java:202)
	at com.kms.katalon.core.main.TestSuiteExecutor.accessTestSuiteMainPhase(TestSuiteExecutor.java:164)
	at com.kms.katalon.core.main.TestSuiteExecutor.execute(TestSuiteExecutor.java:105)
	at com.kms.katalon.core.main.TestCaseMain.startTestSuite(TestCaseMain.java:181)
	at com.kms.katalon.core.main.TestCaseMain$startTestSuite$0.call(Unknown Source)
	at TempTestSuite1642300051220.run(TempTestSuite1642300051220.groovy:36)
Caused by: com.kms.katalon.core.exception.StepFailedException: Actual text '' and expected text 'Invalid login, please try again' of test object 'Object Repository/AddSuspendedUserAccount/Page_Automation Testing Site Log in to the site/div_Invalid login, please try again' are NOT matched.
	at com.kms.katalon.core.webui.keyword.internal.WebUIKeywordMain.stepFailed(WebUIKeywordMain.groovy:64)
	at com.kms.katalon.core.webui.keyword.builtin.VerifyElementTextKeyword$_verifyElementText_closure1.doCall(VerifyElementTextKeyword.groovy:57)
	at com.kms.katalon.core.webui.keyword.builtin.VerifyElementTextKeyword$_verifyElementText_closure1.call(VerifyElementTextKeyword.groovy)
	at com.kms.katalon.core.webui.keyword.internal.WebUIKeywordMain.runKeyword(WebUIKeywordMain.groovy:20)
	... 19 more
)
[[ATTACHMENT|E:\\MoodleTestByKatalon\\Reports\\20220116_092731\\Run all test cases\\20220116_092731\\1642302831431.png]]]]></system-out>
         <system-err><![CDATA[2022-01-16 10:12:22 - [TEST_CASE][FAILED] - Test Cases/Tạo 1 User mới/Kiểm tra việc tài khoản bị ban sau khi chọn Suspended account: Test Cases/Tạo 1 User mới/Kiểm tra việc tài khoản bị ban sau khi chọn Suspended account FAILED.
Reason:
com.kms.katalon.core.exception.StepFailedException: Verify element text of test object 'Object Repository/AddSuspendedUserAccount/Page_Automation Testing Site Log in to the site/div_Invalid login, please try again' FAILED.
	at com.kms.katalon.core.webui.keyword.internal.WebUIKeywordMain.stepFailed(WebUIKeywordMain.groovy:64)
	at com.kms.katalon.core.webui.keyword.internal.WebUIKeywordMain.runKeyword(WebUIKeywordMain.groovy:26)
	at com.kms.katalon.core.webui.keyword.builtin.VerifyElementTextKeyword.verifyElementText(VerifyElementTextKeyword.groovy:72)
	at com.kms.katalon.core.webui.keyword.builtin.VerifyElementTextKeyword.execute(VerifyElementTextKeyword.groovy:40)
	at com.kms.katalon.core.keyword.internal.KeywordExecutor.executeKeywordForPlatform(KeywordExecutor.groovy:74)
	at com.kms.katalon.core.webui.keyword.WebUiBuiltInKeywords.verifyElementText(WebUiBuiltInKeywords.groovy:4749)
	at com.kms.katalon.core.webui.keyword.WebUiBuiltInKeywords$verifyElementText$4.call(Unknown Source)
	at Kiểm tra việc tài khoản bị ban sau khi chọn Suspended account.run(Kiểm tra việc tài khoản bị ban sau khi chọn Suspended account:69)
	at com.kms.katalon.core.main.ScriptEngine.run(ScriptEngine.java:194)
	at com.kms.katalon.core.main.ScriptEngine.runScriptAsRawText(ScriptEngine.java:119)
	at com.kms.katalon.core.main.TestCaseExecutor.runScript(TestCaseExecutor.java:442)
	at com.kms.katalon.core.main.TestCaseExecutor.doExecute(TestCaseExecutor.java:433)
	at com.kms.katalon.core.main.TestCaseExecutor.processExecutionPhase(TestCaseExecutor.java:412)
	at com.kms.katalon.core.main.TestCaseExecutor.accessMainPhase(TestCaseExecutor.java:404)
	at com.kms.katalon.core.main.TestCaseExecutor.execute(TestCaseExecutor.java:281)
	at com.kms.katalon.core.main.TestSuiteExecutor.accessTestCaseMainPhase(TestSuiteExecutor.java:202)
	at com.kms.katalon.core.main.TestSuiteExecutor.accessTestSuiteMainPhase(TestSuiteExecutor.java:164)
	at com.kms.katalon.core.main.TestSuiteExecutor.execute(TestSuiteExecutor.java:105)
	at com.kms.katalon.core.main.TestCaseMain.startTestSuite(TestCaseMain.java:181)
	at com.kms.katalon.core.main.TestCaseMain$startTestSuite$0.call(Unknown Source)
	at TempTestSuite1642300051220.run(TempTestSuite1642300051220.groovy:36)
Caused by: com.kms.katalon.core.exception.StepFailedException: Actual text '' and expected text 'Invalid login, please try again' of test object 'Object Repository/AddSuspendedUserAccount/Page_Automation Testing Site Log in to the site/div_Invalid login, please try again' are NOT matched.
	at com.kms.katalon.core.webui.keyword.internal.WebUIKeywordMain.stepFailed(WebUIKeywordMain.groovy:64)
	at com.kms.katalon.core.webui.keyword.builtin.VerifyElementTextKeyword$_verifyElementText_closure1.doCall(VerifyElementTextKeyword.groovy:57)
	at com.kms.katalon.core.webui.keyword.builtin.VerifyElementTextKeyword$_verifyElementText_closure1.call(VerifyElementTextKeyword.groovy)
	at com.kms.katalon.core.webui.keyword.internal.WebUIKeywordMain.runKeyword(WebUIKeywordMain.groovy:20)
	... 19 more]]></system-err>
      </testcase>
      <testcase name="Test Cases/Tạo 1 User mới/Kiểm tra việc gán quyền thành công trong 1 course" time="18.599" classname="Test Cases/Tạo 1 User mới/Kiểm tra việc gán quyền thành công trong 1 course" status="PASSED">
         <system-out><![CDATA[2022-01-16 10:13:51 - [TEST_CASE][PASSED] - Test Cases/Tạo 1 User mới/Kiểm tra việc gán quyền thành công trong 1 course: Test Cases/Tạo 1 User mới/Kiểm tra việc gán quyền thành công trong 1 course

2022-01-16 10:13:51 - [TEST_STEP][PASSED] - callTestCase(findTestCase("Kiểm tra thẻ Site Administration/Đăng nhập thành công"), [:], STOP_ON_FAILURE): Call Test Case 'Test Cases/Kiểm tra thẻ Site Administration/Đăng nhập thành công' successfully

2022-01-16 10:13:51 - [TEST_CASE][PASSED] - Test Cases/Kiểm tra thẻ Site Administration/Đăng nhập thành công: Test Cases/Kiểm tra thẻ Site Administration/Đăng nhập thành công

2022-01-16 10:13:51 - [TEST_STEP][PASSED] - openBrowser(""): Browser is opened with url: ''

2022-01-16 10:13:51 - [MESSAGE][WARNING] - A browser is already opened. Closing browser and opening a new one

2022-01-16 10:13:52 - [MESSAGE][INFO] - Starting 'Edge Chromium' driver

2022-01-16 10:13:54 - [MESSAGE][INFO] - Action delay is set to 0 milliseconds

2022-01-16 10:13:55 - [MESSAGE][PASSED] - Browser is opened with url: ''

2022-01-16 10:13:55 - [TEST_STEP][PASSED] - navigateToUrl("http://localhost/"): Navigate to 'http://localhost/' successfully

2022-01-16 10:13:56 - [MESSAGE][PASSED] - Navigate to 'http://localhost/' successfully

2022-01-16 10:13:56 - [TEST_STEP][PASSED] - click(findTestObject("Object Repository/LoginObject/Page_Automation Testing Site/a_Log in")): Object: 'Object Repository/LoginObject/Page_Automation Testing Site/a_Log in' is clicked on

2022-01-16 10:13:57 - [MESSAGE][PASSED] - Object: 'Object Repository/LoginObject/Page_Automation Testing Site/a_Log in' is clicked on

2022-01-16 10:13:57 - [TEST_STEP][PASSED] - setText(findTestObject("Object Repository/LoginObject/Page_Automation Testing Site Log in to the site/input_Username_username"), "admin"): Text 'admin' is set on object 'Object Repository/LoginObject/Page_Automation Testing Site Log in to the site/input_Username_username'

2022-01-16 10:13:58 - [MESSAGE][PASSED] - Text 'admin' is set on object 'Object Repository/LoginObject/Page_Automation Testing Site Log in to the site/input_Username_username'

2022-01-16 10:13:58 - [TEST_STEP][PASSED] - setEncryptedText(findTestObject("Object Repository/LoginObject/Page_Automation Testing Site Log in to the site/input_Password_password"), "cnpXG5HhkrZpEXzNIGBMZQ=="): Text ****** has been set on object 'Object Repository/LoginObject/Page_Automation Testing Site Log in to the site/input_Password_password'

2022-01-16 10:13:58 - [MESSAGE][PASSED] - Text ****** has been set on object 'Object Repository/LoginObject/Page_Automation Testing Site Log in to the site/input_Password_password'

2022-01-16 10:13:58 - [TEST_STEP][PASSED] - click(findTestObject("Object Repository/LoginObject/Page_Automation Testing Site Log in to the site/button_Log in")): Object: 'Object Repository/LoginObject/Page_Automation Testing Site Log in to the site/button_Log in' is clicked on

2022-01-16 10:13:59 - [MESSAGE][PASSED] - Object: 'Object Repository/LoginObject/Page_Automation Testing Site Log in to the site/button_Log in' is clicked on

2022-01-16 10:13:59 - [TEST_STEP][PASSED] - verifyElementText(findTestObject("Object Repository/LoginObject/Page_Dashboard/span_Site administration"), "Site administration"): Actual text and expected text of test object 'Object Repository/LoginObject/Page_Dashboard/span_Site administration' are matched.

2022-01-16 10:14:01 - [MESSAGE][PASSED] - Actual text and expected text of test object 'Object Repository/LoginObject/Page_Dashboard/span_Site administration' are matched.

2022-01-16 10:14:01 - [MESSAGE][PASSED] - Call Test Case 'Test Cases/Kiểm tra thẻ Site Administration/Đăng nhập thành công' successfully

2022-01-16 10:14:01 - [TEST_STEP][PASSED] - click(findTestObject("Object Repository/AddToCourseObj/Page_Dashboard/span_Site home")): Object: 'Object Repository/AddToCourseObj/Page_Dashboard/span_Site home' is clicked on

2022-01-16 10:14:02 - [MESSAGE][PASSED] - Object: 'Object Repository/AddToCourseObj/Page_Dashboard/span_Site home' is clicked on

2022-01-16 10:14:02 - [TEST_STEP][PASSED] - click(findTestObject("Object Repository/AddToCourseObj/Page_Automation Testing Site/a_Sample Course For Permission")): Object: 'Object Repository/AddToCourseObj/Page_Automation Testing Site/a_Sample Course For Permission' is clicked on

2022-01-16 10:14:03 - [MESSAGE][PASSED] - Object: 'Object Repository/AddToCourseObj/Page_Automation Testing Site/a_Sample Course For Permission' is clicked on

2022-01-16 10:14:03 - [TEST_STEP][PASSED] - click(findTestObject("Object Repository/AddToCourseObj/Page_Course Sample Course For Permission/span_Participants")): Object: 'Object Repository/AddToCourseObj/Page_Course Sample Course For Permission/span_Participants' is clicked on

2022-01-16 10:14:03 - [MESSAGE][PASSED] - Object: 'Object Repository/AddToCourseObj/Page_Course Sample Course For Permission/span_Participants' is clicked on

2022-01-16 10:14:03 - [TEST_STEP][PASSED] - click(findTestObject("Object Repository/AddToCourseObj/Page_SampleC Participants/input_With selected users_btn btn-secondary my-1")): Object: 'Object Repository/AddToCourseObj/Page_SampleC Participants/input_With selected users_btn btn-secondary my-1' is clicked on

2022-01-16 10:14:04 - [MESSAGE][PASSED] - Object: 'Object Repository/AddToCourseObj/Page_SampleC Participants/input_With selected users_btn btn-secondary my-1' is clicked on

2022-01-16 10:14:04 - [TEST_STEP][PASSED] - selectOptionByValue(findTestObject("Object Repository/AddToCourseObj/Page_SampleC Participants/select_Manager            Teacher          _ffc00f"), "4", true): All options with value '4' are selected in object 'Object Repository/AddToCourseObj/Page_SampleC Participants/select_Manager            Teacher          _ffc00f'  using regular expression

2022-01-16 10:14:06 - [MESSAGE][PASSED] - All options with value '4' are selected in object 'Object Repository/AddToCourseObj/Page_SampleC Participants/select_Manager            Teacher          _ffc00f'  using regular expression

2022-01-16 10:14:06 - [TEST_STEP][PASSED] - click(findTestObject("Object Repository/AddToCourseObj/Page_SampleC Participants/span_")): Object: 'Object Repository/AddToCourseObj/Page_SampleC Participants/span_' is clicked on

2022-01-16 10:14:07 - [MESSAGE][PASSED] - Object: 'Object Repository/AddToCourseObj/Page_SampleC Participants/span_' is clicked on

2022-01-16 10:14:07 - [TEST_STEP][PASSED] - click(findTestObject("Object Repository/AddToCourseObj/Page_SampleC Participants/li_Quang Le1    testinggmail.com")): Object: 'Object Repository/AddToCourseObj/Page_SampleC Participants/li_Quang Le1    testinggmail.com' is clicked on

2022-01-16 10:14:08 - [MESSAGE][PASSED] - Object: 'Object Repository/AddToCourseObj/Page_SampleC Participants/li_Quang Le1    testinggmail.com' is clicked on

2022-01-16 10:14:08 - [TEST_STEP][PASSED] - click(findTestObject("Object Repository/AddToCourseObj/Page_SampleC Participants/button_Enrol users")): Object: 'Object Repository/AddToCourseObj/Page_SampleC Participants/button_Enrol users' is clicked on

2022-01-16 10:14:09 - [MESSAGE][PASSED] - Object: 'Object Repository/AddToCourseObj/Page_SampleC Participants/button_Enrol users' is clicked on

2022-01-16 10:14:09 - [TEST_STEP][PASSED] - verifyTextPresent("testing@gmail.com", false): Text 'testing@gmail.com' is present on page 

2022-01-16 10:14:10 - [MESSAGE][PASSED] - Text 'testing@gmail.com' is present on page]]></system-out>
         <system-err><![CDATA[]]></system-err>
      </testcase>
      <testcase name="Test Cases/Phần thiết lập khác/Test bộ lọc trong User của Moodle" time="21.587" classname="Test Cases/Phần thiết lập khác/Test bộ lọc trong User của Moodle" status="PASSED">
         <system-out><![CDATA[2022-01-16 10:14:10 - [TEST_CASE][PASSED] - Test Cases/Phần thiết lập khác/Test bộ lọc trong User của Moodle: Test Cases/Phần thiết lập khác/Test bộ lọc trong User của Moodle

2022-01-16 10:14:10 - [TEST_STEP][PASSED] - callTestCase(findTestCase("Kiểm tra thẻ Site Administration/Đăng nhập thành công"), [:], STOP_ON_FAILURE): Call Test Case 'Test Cases/Kiểm tra thẻ Site Administration/Đăng nhập thành công' successfully

2022-01-16 10:14:10 - [TEST_CASE][PASSED] - Test Cases/Kiểm tra thẻ Site Administration/Đăng nhập thành công: Test Cases/Kiểm tra thẻ Site Administration/Đăng nhập thành công

2022-01-16 10:14:10 - [TEST_STEP][PASSED] - openBrowser(""): Browser is opened with url: ''

2022-01-16 10:14:10 - [MESSAGE][WARNING] - A browser is already opened. Closing browser and opening a new one

2022-01-16 10:14:11 - [MESSAGE][INFO] - Starting 'Edge Chromium' driver

2022-01-16 10:14:13 - [MESSAGE][INFO] - Action delay is set to 0 milliseconds

2022-01-16 10:14:14 - [MESSAGE][PASSED] - Browser is opened with url: ''

2022-01-16 10:14:14 - [TEST_STEP][PASSED] - navigateToUrl("http://localhost/"): Navigate to 'http://localhost/' successfully

2022-01-16 10:14:15 - [MESSAGE][PASSED] - Navigate to 'http://localhost/' successfully

2022-01-16 10:14:15 - [TEST_STEP][PASSED] - click(findTestObject("Object Repository/LoginObject/Page_Automation Testing Site/a_Log in")): Object: 'Object Repository/LoginObject/Page_Automation Testing Site/a_Log in' is clicked on

2022-01-16 10:14:16 - [MESSAGE][PASSED] - Object: 'Object Repository/LoginObject/Page_Automation Testing Site/a_Log in' is clicked on

2022-01-16 10:14:16 - [TEST_STEP][PASSED] - setText(findTestObject("Object Repository/LoginObject/Page_Automation Testing Site Log in to the site/input_Username_username"), "admin"): Text 'admin' is set on object 'Object Repository/LoginObject/Page_Automation Testing Site Log in to the site/input_Username_username'

2022-01-16 10:14:17 - [MESSAGE][PASSED] - Text 'admin' is set on object 'Object Repository/LoginObject/Page_Automation Testing Site Log in to the site/input_Username_username'

2022-01-16 10:14:17 - [TEST_STEP][PASSED] - setEncryptedText(findTestObject("Object Repository/LoginObject/Page_Automation Testing Site Log in to the site/input_Password_password"), "cnpXG5HhkrZpEXzNIGBMZQ=="): Text ****** has been set on object 'Object Repository/LoginObject/Page_Automation Testing Site Log in to the site/input_Password_password'

2022-01-16 10:14:17 - [MESSAGE][PASSED] - Text ****** has been set on object 'Object Repository/LoginObject/Page_Automation Testing Site Log in to the site/input_Password_password'

2022-01-16 10:14:17 - [TEST_STEP][PASSED] - click(findTestObject("Object Repository/LoginObject/Page_Automation Testing Site Log in to the site/button_Log in")): Object: 'Object Repository/LoginObject/Page_Automation Testing Site Log in to the site/button_Log in' is clicked on

2022-01-16 10:14:18 - [MESSAGE][PASSED] - Object: 'Object Repository/LoginObject/Page_Automation Testing Site Log in to the site/button_Log in' is clicked on

2022-01-16 10:14:18 - [TEST_STEP][PASSED] - verifyElementText(findTestObject("Object Repository/LoginObject/Page_Dashboard/span_Site administration"), "Site administration"): Actual text and expected text of test object 'Object Repository/LoginObject/Page_Dashboard/span_Site administration' are matched.

2022-01-16 10:14:20 - [MESSAGE][PASSED] - Actual text and expected text of test object 'Object Repository/LoginObject/Page_Dashboard/span_Site administration' are matched.

2022-01-16 10:14:20 - [MESSAGE][PASSED] - Call Test Case 'Test Cases/Kiểm tra thẻ Site Administration/Đăng nhập thành công' successfully

2022-01-16 10:14:20 - [TEST_STEP][PASSED] - click(findTestObject("Object Repository/TestFilter/Page_Dashboard/span_Site administration")): Object: 'Object Repository/TestFilter/Page_Dashboard/span_Site administration' is clicked on

2022-01-16 10:14:21 - [MESSAGE][PASSED] - Object: 'Object Repository/TestFilter/Page_Dashboard/span_Site administration' is clicked on

2022-01-16 10:14:21 - [TEST_STEP][PASSED] - navigateToUrl("http://localhost/admin/search.php"): Navigate to 'http://localhost/admin/search.php' successfully

2022-01-16 10:14:22 - [MESSAGE][PASSED] - Navigate to 'http://localhost/admin/search.php' successfully

2022-01-16 10:14:22 - [TEST_STEP][PASSED] - click(findTestObject("Object Repository/TestFilter/Page_SiteTesting Administration Search/a_Users")): Object: 'Object Repository/TestFilter/Page_SiteTesting Administration Search/a_Users' is clicked on

2022-01-16 10:14:23 - [MESSAGE][PASSED] - Object: 'Object Repository/TestFilter/Page_SiteTesting Administration Search/a_Users' is clicked on

2022-01-16 10:14:23 - [TEST_STEP][PASSED] - click(findTestObject("Object Repository/TestFilter/Page_SiteTesting Administration Search/a_Browse list of users")): Object: 'Object Repository/TestFilter/Page_SiteTesting Administration Search/a_Browse list of users' is clicked on

2022-01-16 10:14:24 - [MESSAGE][PASSED] - Object: 'Object Repository/TestFilter/Page_SiteTesting Administration Search/a_Browse list of users' is clicked on

2022-01-16 10:14:24 - [TEST_STEP][PASSED] - click(findTestObject("Object Repository/TestFilter/Page_SiteTesting Administration Users Accou_36dc4d/a_Show more")): Object: 'Object Repository/TestFilter/Page_SiteTesting Administration Users Accou_36dc4d/a_Show more' is clicked on

2022-01-16 10:14:24 - [MESSAGE][PASSED] - Object: 'Object Repository/TestFilter/Page_SiteTesting Administration Users Accou_36dc4d/a_Show more' is clicked on

2022-01-16 10:14:24 - [TEST_STEP][PASSED] - setText(findTestObject("Object Repository/TestFilter/Page_SiteTesting Administration Users Accou_36dc4d/input_User full name value_realname"), "Quang"): Text 'Quang' is set on object 'Object Repository/TestFilter/Page_SiteTesting Administration Users Accou_36dc4d/input_User full name value_realname'

2022-01-16 10:14:25 - [MESSAGE][PASSED] - Text 'Quang' is set on object 'Object Repository/TestFilter/Page_SiteTesting Administration Users Accou_36dc4d/input_User full name value_realname'

2022-01-16 10:14:25 - [TEST_STEP][PASSED] - selectOptionByValue(findTestObject("Object Repository/TestFilter/Page_SiteTesting Administration Users Accou_36dc4d/select_contains        doesnt contain      _4edb1a"), "3", true): All options with value '3' are selected in object 'Object Repository/TestFilter/Page_SiteTesting Administration Users Accou_36dc4d/select_contains        doesnt contain      _4edb1a'  using regular expression

2022-01-16 10:14:27 - [MESSAGE][PASSED] - All options with value '3' are selected in object 'Object Repository/TestFilter/Page_SiteTesting Administration Users Accou_36dc4d/select_contains        doesnt contain      _4edb1a'  using regular expression

2022-01-16 10:14:27 - [TEST_STEP][PASSED] - setText(findTestObject("Object Repository/TestFilter/Page_SiteTesting Administration Users Accou_36dc4d/input_Email address value_email"), "testing_des"): Text 'testing_des' is set on object 'Object Repository/TestFilter/Page_SiteTesting Administration Users Accou_36dc4d/input_Email address value_email'

2022-01-16 10:14:27 - [MESSAGE][PASSED] - Text 'testing_des' is set on object 'Object Repository/TestFilter/Page_SiteTesting Administration Users Accou_36dc4d/input_Email address value_email'

2022-01-16 10:14:27 - [TEST_STEP][PASSED] - click(findTestObject("Object Repository/TestFilter/Page_SiteTesting Administration Users Accou_36dc4d/input_Last IP address value_addfilter")): Object: 'Object Repository/TestFilter/Page_SiteTesting Administration Users Accou_36dc4d/input_Last IP address value_addfilter' is clicked on

2022-01-16 10:14:29 - [MESSAGE][PASSED] - Object: 'Object Repository/TestFilter/Page_SiteTesting Administration Users Accou_36dc4d/input_Last IP address value_addfilter' is clicked on

2022-01-16 10:14:29 - [TEST_STEP][PASSED] - verifyTextPresent("testing_description@gmail.com", false): Text 'testing_description@gmail.com' is present on page 

2022-01-16 10:14:30 - [MESSAGE][PASSED] - Text 'testing_description@gmail.com' is present on page 

2022-01-16 10:14:30 - [TEST_STEP][PASSED] - click(findTestObject("Object Repository/TestFilter/Page_SiteTesting Administration Users Accou_36dc4d/input_concat(Email address starts with , , _fe21c5")): Object: 'Object Repository/TestFilter/Page_SiteTesting Administration Users Accou_36dc4d/input_concat(Email address starts with , , _fe21c5' is clicked on

2022-01-16 10:14:31 - [MESSAGE][PASSED] - Object: 'Object Repository/TestFilter/Page_SiteTesting Administration Users Accou_36dc4d/input_concat(Email address starts with , , _fe21c5' is clicked on]]></system-out>
         <system-err><![CDATA[]]></system-err>
      </testcase>
      <testcase name="Test Cases/NewCategory/1. Add category with blank fields" time="17.029" classname="Test Cases/NewCategory/1. Add category with blank fields" status="PASSED">
         <system-out><![CDATA[2022-01-16 10:14:31 - [TEST_CASE][PASSED] - Test Cases/NewCategory/1. Add category with blank fields: Test Cases/NewCategory/1. Add category with blank fields

2022-01-16 10:14:32 - [TEST_STEP][PASSED] - openBrowser(""): Browser is opened with url: ''

2022-01-16 10:14:32 - [MESSAGE][WARNING] - A browser is already opened. Closing browser and opening a new one

2022-01-16 10:14:33 - [MESSAGE][INFO] - Starting 'Edge Chromium' driver

2022-01-16 10:14:35 - [MESSAGE][INFO] - Action delay is set to 0 milliseconds

2022-01-16 10:14:36 - [MESSAGE][PASSED] - Browser is opened with url: ''

2022-01-16 10:14:36 - [TEST_STEP][PASSED] - navigateToUrl("http://localhost/"): Navigate to 'http://localhost/' successfully

2022-01-16 10:14:37 - [MESSAGE][PASSED] - Navigate to 'http://localhost/' successfully

2022-01-16 10:14:37 - [TEST_STEP][PASSED] - click(findTestObject("Object Repository/NewCategory/Page_Automation Testing Site/a_Log in")): Object: 'Object Repository/NewCategory/Page_Automation Testing Site/a_Log in' is clicked on

2022-01-16 10:14:38 - [MESSAGE][PASSED] - Object: 'Object Repository/NewCategory/Page_Automation Testing Site/a_Log in' is clicked on

2022-01-16 10:14:38 - [TEST_STEP][PASSED] - setText(findTestObject("Object Repository/NewCategory/Page_Automation Testing Site Log in to the site/input_Username_username"), "admin"): Text 'admin' is set on object 'Object Repository/NewCategory/Page_Automation Testing Site Log in to the site/input_Username_username'

2022-01-16 10:14:39 - [MESSAGE][PASSED] - Text 'admin' is set on object 'Object Repository/NewCategory/Page_Automation Testing Site Log in to the site/input_Username_username'

2022-01-16 10:14:39 - [TEST_STEP][PASSED] - setEncryptedText(findTestObject("Object Repository/NewCategory/Page_Automation Testing Site Log in to the site/input_Password_password"), "cnpXG5HhkrZpEXzNIGBMZQ=="): Text ****** has been set on object 'Object Repository/NewCategory/Page_Automation Testing Site Log in to the site/input_Password_password'

2022-01-16 10:14:39 - [MESSAGE][PASSED] - Text ****** has been set on object 'Object Repository/NewCategory/Page_Automation Testing Site Log in to the site/input_Password_password'

2022-01-16 10:14:39 - [TEST_STEP][PASSED] - click(findTestObject("Object Repository/NewCategory/Page_Automation Testing Site Log in to the site/button_Log in")): Object: 'Object Repository/NewCategory/Page_Automation Testing Site Log in to the site/button_Log in' is clicked on

2022-01-16 10:14:40 - [MESSAGE][PASSED] - Object: 'Object Repository/NewCategory/Page_Automation Testing Site Log in to the site/button_Log in' is clicked on

2022-01-16 10:14:40 - [TEST_STEP][PASSED] - click(findTestObject("Object Repository/NewCategory/Page_Dashboard/span_Site administration")): Object: 'Object Repository/NewCategory/Page_Dashboard/span_Site administration' is clicked on

2022-01-16 10:14:43 - [MESSAGE][PASSED] - Object: 'Object Repository/NewCategory/Page_Dashboard/span_Site administration' is clicked on

2022-01-16 10:14:43 - [TEST_STEP][PASSED] - click(findTestObject("Object Repository/NewCategory/Page_SiteTesting Administration Search/a_Courses")): Object: 'Object Repository/NewCategory/Page_SiteTesting Administration Search/a_Courses' is clicked on

2022-01-16 10:14:43 - [MESSAGE][PASSED] - Object: 'Object Repository/NewCategory/Page_SiteTesting Administration Search/a_Courses' is clicked on

2022-01-16 10:14:43 - [TEST_STEP][PASSED] - click(findTestObject("Object Repository/NewCategory/Page_SiteTesting Administration Search/a_Add a category")): Object: 'Object Repository/NewCategory/Page_SiteTesting Administration Search/a_Add a category' is clicked on

2022-01-16 10:14:44 - [MESSAGE][PASSED] - Object: 'Object Repository/NewCategory/Page_SiteTesting Administration Search/a_Add a category' is clicked on

2022-01-16 10:14:44 - [TEST_STEP][PASSED] - click(findTestObject("Object Repository/NewCategory/Page_SiteTesting Add new category/input_Description_submitbutton")): Object: 'Object Repository/NewCategory/Page_SiteTesting Add new category/input_Description_submitbutton' is clicked on

2022-01-16 10:14:46 - [MESSAGE][PASSED] - Object: 'Object Repository/NewCategory/Page_SiteTesting Add new category/input_Description_submitbutton' is clicked on

2022-01-16 10:14:46 - [TEST_STEP][PASSED] - verifyElementText(findTestObject("Object Repository/NewCategory/Page_SiteTesting Add new category/div_Required"), "Required"): Actual text and expected text of test object 'Object Repository/NewCategory/Page_SiteTesting Add new category/div_Required' are matched.

2022-01-16 10:14:47 - [MESSAGE][PASSED] - Actual text and expected text of test object 'Object Repository/NewCategory/Page_SiteTesting Add new category/div_Required' are matched.

2022-01-16 10:14:47 - [TEST_STEP][PASSED] - closeBrowser(STOP_ON_FAILURE): Browser is closed

2022-01-16 10:14:48 - [MESSAGE][PASSED] - Browser is closed]]></system-out>
         <system-err><![CDATA[]]></system-err>
      </testcase>
      <testcase name="Test Cases/NewCategory/2. Create successful" time="16.789" classname="Test Cases/NewCategory/2. Create successful" status="PASSED">
         <system-out><![CDATA[2022-01-16 10:14:48 - [TEST_CASE][PASSED] - Test Cases/NewCategory/2. Create successful: Test Cases/NewCategory/2. Create successful

2022-01-16 10:14:48 - [TEST_STEP][PASSED] - openBrowser(""): Browser is opened with url: ''

2022-01-16 10:14:48 - [MESSAGE][INFO] - Starting 'Edge Chromium' driver

2022-01-16 10:14:51 - [MESSAGE][INFO] - Action delay is set to 0 milliseconds

2022-01-16 10:14:52 - [MESSAGE][PASSED] - Browser is opened with url: ''

2022-01-16 10:14:52 - [TEST_STEP][PASSED] - navigateToUrl("http://localhost/"): Navigate to 'http://localhost/' successfully

2022-01-16 10:14:52 - [MESSAGE][PASSED] - Navigate to 'http://localhost/' successfully

2022-01-16 10:14:52 - [TEST_STEP][PASSED] - click(findTestObject("Object Repository/NewCategory/Page_Automation Testing Site/a_Log in")): Object: 'Object Repository/NewCategory/Page_Automation Testing Site/a_Log in' is clicked on

2022-01-16 10:14:53 - [MESSAGE][PASSED] - Object: 'Object Repository/NewCategory/Page_Automation Testing Site/a_Log in' is clicked on

2022-01-16 10:14:53 - [TEST_STEP][PASSED] - setText(findTestObject("Object Repository/NewCategory/Page_Automation Testing Site Log in to the site/input_Username_username"), "admin"): Text 'admin' is set on object 'Object Repository/NewCategory/Page_Automation Testing Site Log in to the site/input_Username_username'

2022-01-16 10:14:54 - [MESSAGE][PASSED] - Text 'admin' is set on object 'Object Repository/NewCategory/Page_Automation Testing Site Log in to the site/input_Username_username'

2022-01-16 10:14:54 - [TEST_STEP][PASSED] - setEncryptedText(findTestObject("Object Repository/NewCategory/Page_Automation Testing Site Log in to the site/input_Password_password"), "cnpXG5HhkrZpEXzNIGBMZQ=="): Text ****** has been set on object 'Object Repository/NewCategory/Page_Automation Testing Site Log in to the site/input_Password_password'

2022-01-16 10:14:54 - [MESSAGE][PASSED] - Text ****** has been set on object 'Object Repository/NewCategory/Page_Automation Testing Site Log in to the site/input_Password_password'

2022-01-16 10:14:54 - [TEST_STEP][PASSED] - click(findTestObject("Object Repository/NewCategory/Page_Automation Testing Site Log in to the site/button_Log in")): Object: 'Object Repository/NewCategory/Page_Automation Testing Site Log in to the site/button_Log in' is clicked on

2022-01-16 10:14:56 - [MESSAGE][PASSED] - Object: 'Object Repository/NewCategory/Page_Automation Testing Site Log in to the site/button_Log in' is clicked on

2022-01-16 10:14:56 - [TEST_STEP][PASSED] - click(findTestObject("Object Repository/NewCategory/Page_Dashboard/span_Site administration")): Object: 'Object Repository/NewCategory/Page_Dashboard/span_Site administration' is clicked on

2022-01-16 10:14:58 - [MESSAGE][PASSED] - Object: 'Object Repository/NewCategory/Page_Dashboard/span_Site administration' is clicked on

2022-01-16 10:14:58 - [TEST_STEP][PASSED] - click(findTestObject("Object Repository/NewCategory/Page_SiteTesting Administration Search/a_Courses")): Object: 'Object Repository/NewCategory/Page_SiteTesting Administration Search/a_Courses' is clicked on

2022-01-16 10:14:58 - [MESSAGE][PASSED] - Object: 'Object Repository/NewCategory/Page_SiteTesting Administration Search/a_Courses' is clicked on

2022-01-16 10:14:58 - [TEST_STEP][PASSED] - click(findTestObject("Object Repository/NewCategory/Page_SiteTesting Administration Search/a_Add a category")): Object: 'Object Repository/NewCategory/Page_SiteTesting Administration Search/a_Add a category' is clicked on

2022-01-16 10:15:00 - [MESSAGE][PASSED] - Object: 'Object Repository/NewCategory/Page_SiteTesting Administration Search/a_Add a category' is clicked on

2022-01-16 10:15:00 - [TEST_STEP][PASSED] - setText(findTestObject("Object Repository/NewCategory/Page_SiteTesting Add new category/input_Category name_name"), "test"): Text 'test' is set on object 'Object Repository/NewCategory/Page_SiteTesting Add new category/input_Category name_name'

2022-01-16 10:15:01 - [MESSAGE][PASSED] - Text 'test' is set on object 'Object Repository/NewCategory/Page_SiteTesting Add new category/input_Category name_name'

2022-01-16 10:15:01 - [TEST_STEP][PASSED] - setText(findTestObject("Object Repository/NewCategory/Page_SiteTesting Add new category/input_Category ID number_idnumber"), "1234"): Text '1234' is set on object 'Object Repository/NewCategory/Page_SiteTesting Add new category/input_Category ID number_idnumber'

2022-01-16 10:15:02 - [MESSAGE][PASSED] - Text '1234' is set on object 'Object Repository/NewCategory/Page_SiteTesting Add new category/input_Category ID number_idnumber'

2022-01-16 10:15:02 - [TEST_STEP][PASSED] - click(findTestObject("Object Repository/NewCategory/Page_SiteTesting Add new category/input_Description_submitbutton")): Object: 'Object Repository/NewCategory/Page_SiteTesting Add new category/input_Description_submitbutton' is clicked on

2022-01-16 10:15:03 - [MESSAGE][PASSED] - Object: 'Object Repository/NewCategory/Page_SiteTesting Add new category/input_Description_submitbutton' is clicked on

2022-01-16 10:15:03 - [TEST_STEP][PASSED] - verifyElementText(findTestObject("Object Repository/NewCategory/Page_Course and category management/h2_Course and category management"), "Course and category management"): Actual text and expected text of test object 'Object Repository/NewCategory/Page_Course and category management/h2_Course and category management' are matched.

2022-01-16 10:15:04 - [MESSAGE][PASSED] - Actual text and expected text of test object 'Object Repository/NewCategory/Page_Course and category management/h2_Course and category management' are matched.

2022-01-16 10:15:04 - [TEST_STEP][PASSED] - closeBrowser(STOP_ON_FAILURE): Browser is closed

2022-01-16 10:15:05 - [MESSAGE][PASSED] - Browser is closed]]></system-out>
         <system-err><![CDATA[]]></system-err>
      </testcase>
      <testcase name="Test Cases/NewCategory/3. Duplicate ID" time="17.362" classname="Test Cases/NewCategory/3. Duplicate ID" status="PASSED">
         <system-out><![CDATA[2022-01-16 10:15:05 - [TEST_CASE][PASSED] - Test Cases/NewCategory/3. Duplicate ID: Test Cases/NewCategory/3. Duplicate ID

2022-01-16 10:15:05 - [TEST_STEP][PASSED] - openBrowser(""): Browser is opened with url: ''

2022-01-16 10:15:05 - [MESSAGE][INFO] - Starting 'Edge Chromium' driver

2022-01-16 10:15:08 - [MESSAGE][INFO] - Action delay is set to 0 milliseconds

2022-01-16 10:15:08 - [MESSAGE][PASSED] - Browser is opened with url: ''

2022-01-16 10:15:08 - [TEST_STEP][PASSED] - navigateToUrl("http://localhost/"): Navigate to 'http://localhost/' successfully

2022-01-16 10:15:09 - [MESSAGE][PASSED] - Navigate to 'http://localhost/' successfully

2022-01-16 10:15:09 - [TEST_STEP][PASSED] - click(findTestObject("Object Repository/NewCategory/Page_Automation Testing Site/a_Log in")): Object: 'Object Repository/NewCategory/Page_Automation Testing Site/a_Log in' is clicked on

2022-01-16 10:15:10 - [MESSAGE][PASSED] - Object: 'Object Repository/NewCategory/Page_Automation Testing Site/a_Log in' is clicked on

2022-01-16 10:15:10 - [TEST_STEP][PASSED] - setText(findTestObject("Object Repository/NewCategory/Page_Automation Testing Site Log in to the site/input_Username_username"), "admin"): Text 'admin' is set on object 'Object Repository/NewCategory/Page_Automation Testing Site Log in to the site/input_Username_username'

2022-01-16 10:15:11 - [MESSAGE][PASSED] - Text 'admin' is set on object 'Object Repository/NewCategory/Page_Automation Testing Site Log in to the site/input_Username_username'

2022-01-16 10:15:11 - [TEST_STEP][PASSED] - setEncryptedText(findTestObject("Object Repository/NewCategory/Page_Automation Testing Site Log in to the site/input_Password_password"), "cnpXG5HhkrZpEXzNIGBMZQ=="): Text ****** has been set on object 'Object Repository/NewCategory/Page_Automation Testing Site Log in to the site/input_Password_password'

2022-01-16 10:15:11 - [MESSAGE][PASSED] - Text ****** has been set on object 'Object Repository/NewCategory/Page_Automation Testing Site Log in to the site/input_Password_password'

2022-01-16 10:15:11 - [TEST_STEP][PASSED] - click(findTestObject("Object Repository/NewCategory/Page_Automation Testing Site Log in to the site/button_Log in")): Object: 'Object Repository/NewCategory/Page_Automation Testing Site Log in to the site/button_Log in' is clicked on

2022-01-16 10:15:13 - [MESSAGE][PASSED] - Object: 'Object Repository/NewCategory/Page_Automation Testing Site Log in to the site/button_Log in' is clicked on

2022-01-16 10:15:13 - [TEST_STEP][PASSED] - click(findTestObject("Object Repository/NewCategory/Page_Dashboard/span_Site administration")): Object: 'Object Repository/NewCategory/Page_Dashboard/span_Site administration' is clicked on

2022-01-16 10:15:15 - [MESSAGE][PASSED] - Object: 'Object Repository/NewCategory/Page_Dashboard/span_Site administration' is clicked on

2022-01-16 10:15:15 - [TEST_STEP][PASSED] - click(findTestObject("Object Repository/NewCategory/Page_SiteTesting Administration Search/a_Courses")): Object: 'Object Repository/NewCategory/Page_SiteTesting Administration Search/a_Courses' is clicked on

2022-01-16 10:15:16 - [MESSAGE][PASSED] - Object: 'Object Repository/NewCategory/Page_SiteTesting Administration Search/a_Courses' is clicked on

2022-01-16 10:15:16 - [TEST_STEP][PASSED] - click(findTestObject("Object Repository/NewCategory/Page_SiteTesting Administration Search/a_Add a category")): Object: 'Object Repository/NewCategory/Page_SiteTesting Administration Search/a_Add a category' is clicked on

2022-01-16 10:15:17 - [MESSAGE][PASSED] - Object: 'Object Repository/NewCategory/Page_SiteTesting Administration Search/a_Add a category' is clicked on

2022-01-16 10:15:17 - [TEST_STEP][PASSED] - setText(findTestObject("Object Repository/NewCategory/Page_SiteTesting Add new category/input_Category name_name"), "test2"): Text 'test2' is set on object 'Object Repository/NewCategory/Page_SiteTesting Add new category/input_Category name_name'

2022-01-16 10:15:18 - [MESSAGE][PASSED] - Text 'test2' is set on object 'Object Repository/NewCategory/Page_SiteTesting Add new category/input_Category name_name'

2022-01-16 10:15:18 - [TEST_STEP][PASSED] - setText(findTestObject("Object Repository/NewCategory/Page_SiteTesting Add new category/input_Category ID number_idnumber"), "1234"): Text '1234' is set on object 'Object Repository/NewCategory/Page_SiteTesting Add new category/input_Category ID number_idnumber'

2022-01-16 10:15:19 - [MESSAGE][PASSED] - Text '1234' is set on object 'Object Repository/NewCategory/Page_SiteTesting Add new category/input_Category ID number_idnumber'

2022-01-16 10:15:19 - [TEST_STEP][PASSED] - click(findTestObject("Object Repository/NewCategory/Page_SiteTesting Add new category/input_Description_submitbutton")): Object: 'Object Repository/NewCategory/Page_SiteTesting Add new category/input_Description_submitbutton' is clicked on

2022-01-16 10:15:21 - [MESSAGE][PASSED] - Object: 'Object Repository/NewCategory/Page_SiteTesting Add new category/input_Description_submitbutton' is clicked on

2022-01-16 10:15:21 - [TEST_STEP][PASSED] - verifyElementText(findTestObject("Object Repository/NewCategory/Page_SiteTesting Add new category/div_ID number is already used for another category"), "ID number is already used for another category"): Actual text and expected text of test object 'Object Repository/NewCategory/Page_SiteTesting Add new category/div_ID number is already used for another category' are matched.

2022-01-16 10:15:22 - [MESSAGE][PASSED] - Actual text and expected text of test object 'Object Repository/NewCategory/Page_SiteTesting Add new category/div_ID number is already used for another category' are matched.

2022-01-16 10:15:22 - [TEST_STEP][PASSED] - closeBrowser(STOP_ON_FAILURE): Browser is closed

2022-01-16 10:15:22 - [MESSAGE][PASSED] - Browser is closed]]></system-out>
         <system-err><![CDATA[]]></system-err>
      </testcase>
      <testcase name="Test Cases/NewCourse/1. Create new course without enter any input field" time="14.776" classname="Test Cases/NewCourse/1. Create new course without enter any input field" status="PASSED">
         <system-out><![CDATA[2022-01-16 10:15:22 - [TEST_CASE][PASSED] - Test Cases/NewCourse/1. Create new course without enter any input field: Test Cases/NewCourse/1. Create new course without enter any input field

2022-01-16 10:15:23 - [TEST_STEP][PASSED] - openBrowser(""): Browser is opened with url: ''

2022-01-16 10:15:23 - [MESSAGE][INFO] - Starting 'Edge Chromium' driver

2022-01-16 10:15:25 - [MESSAGE][INFO] - Action delay is set to 0 milliseconds

2022-01-16 10:15:26 - [MESSAGE][PASSED] - Browser is opened with url: ''

2022-01-16 10:15:26 - [TEST_STEP][PASSED] - navigateToUrl("http://localhost/"): Navigate to 'http://localhost/' successfully

2022-01-16 10:15:27 - [MESSAGE][PASSED] - Navigate to 'http://localhost/' successfully

2022-01-16 10:15:27 - [TEST_STEP][PASSED] - click(findTestObject("NewCourse/Page_Automation Testing Site/a_Log in")): Object: 'Object Repository/NewCourse/Page_Automation Testing Site/a_Log in' is clicked on

2022-01-16 10:15:28 - [MESSAGE][PASSED] - Object: 'Object Repository/NewCourse/Page_Automation Testing Site/a_Log in' is clicked on

2022-01-16 10:15:28 - [TEST_STEP][PASSED] - setText(findTestObject("NewCourse/Page_Automation Testing Site Log in to the site/input_Username_username"), "admin"): Text 'admin' is set on object 'Object Repository/NewCourse/Page_Automation Testing Site Log in to the site/input_Username_username'

2022-01-16 10:15:28 - [MESSAGE][PASSED] - Text 'admin' is set on object 'Object Repository/NewCourse/Page_Automation Testing Site Log in to the site/input_Username_username'

2022-01-16 10:15:28 - [TEST_STEP][PASSED] - setEncryptedText(findTestObject("NewCourse/Page_Automation Testing Site Log in to the site/input_Password_password"), "cnpXG5HhkrZpEXzNIGBMZQ=="): Text ****** has been set on object 'Object Repository/NewCourse/Page_Automation Testing Site Log in to the site/input_Password_password'

2022-01-16 10:15:29 - [MESSAGE][PASSED] - Text ****** has been set on object 'Object Repository/NewCourse/Page_Automation Testing Site Log in to the site/input_Password_password'

2022-01-16 10:15:29 - [TEST_STEP][PASSED] - click(findTestObject("NewCourse/Page_Automation Testing Site Log in to the site/button_Log in")): Object: 'Object Repository/NewCourse/Page_Automation Testing Site Log in to the site/button_Log in' is clicked on

2022-01-16 10:15:30 - [MESSAGE][PASSED] - Object: 'Object Repository/NewCourse/Page_Automation Testing Site Log in to the site/button_Log in' is clicked on

2022-01-16 10:15:30 - [TEST_STEP][PASSED] - click(findTestObject("NewCourse/Page_Dashboard/span_Site administration")): Object: 'Object Repository/NewCourse/Page_Dashboard/span_Site administration' is clicked on

2022-01-16 10:15:33 - [MESSAGE][PASSED] - Object: 'Object Repository/NewCourse/Page_Dashboard/span_Site administration' is clicked on

2022-01-16 10:15:33 - [TEST_STEP][PASSED] - click(findTestObject("NewCourse/Page_SiteTesting Administration Search/a_Courses")): Object: 'Object Repository/NewCourse/Page_SiteTesting Administration Search/a_Courses' is clicked on

2022-01-16 10:15:33 - [MESSAGE][PASSED] - Object: 'Object Repository/NewCourse/Page_SiteTesting Administration Search/a_Courses' is clicked on

2022-01-16 10:15:33 - [TEST_STEP][PASSED] - click(findTestObject("NewCourse/Page_SiteTesting Administration Search/a_Add a new course")): Object: 'Object Repository/NewCourse/Page_SiteTesting Administration Search/a_Add a new course' is clicked on

2022-01-16 10:15:35 - [MESSAGE][PASSED] - Object: 'Object Repository/NewCourse/Page_SiteTesting Administration Search/a_Add a new course' is clicked on

2022-01-16 10:15:35 - [TEST_STEP][PASSED] - click(findTestObject("NewCourse/Page_SiteTesting Add a new course/input__saveanddisplay")): Object: 'Object Repository/NewCourse/Page_SiteTesting Add a new course/input__saveanddisplay' is clicked on

2022-01-16 10:15:36 - [MESSAGE][PASSED] - Object: 'Object Repository/NewCourse/Page_SiteTesting Add a new course/input__saveanddisplay' is clicked on

2022-01-16 10:15:36 - [TEST_STEP][PASSED] - verifyElementText(findTestObject("NewCourse/Page_SiteTesting Add a new course/div_- Missing full name"), "- Missing full name"): Actual text and expected text of test object 'Object Repository/NewCourse/Page_SiteTesting Add a new course/div_- Missing full name' are matched.

2022-01-16 10:15:36 - [MESSAGE][PASSED] - Actual text and expected text of test object 'Object Repository/NewCourse/Page_SiteTesting Add a new course/div_- Missing full name' are matched.

2022-01-16 10:15:36 - [TEST_STEP][PASSED] - closeBrowser(STOP_ON_FAILURE): Browser is closed

2022-01-16 10:15:37 - [MESSAGE][PASSED] - Browser is closed]]></system-out>
         <system-err><![CDATA[]]></system-err>
      </testcase>
      <testcase name="Test Cases/NewCourse/2. NewCourseWithCorrectData" time="20.355" classname="Test Cases/NewCourse/2. NewCourseWithCorrectData" status="PASSED">
         <system-out><![CDATA[2022-01-16 10:15:37 - [TEST_CASE][PASSED] - Test Cases/NewCourse/2. NewCourseWithCorrectData: Test Cases/NewCourse/2. NewCourseWithCorrectData

2022-01-16 10:15:37 - [TEST_STEP][PASSED] - openBrowser(""): Browser is opened with url: ''

2022-01-16 10:15:37 - [MESSAGE][INFO] - Starting 'Edge Chromium' driver

2022-01-16 10:15:40 - [MESSAGE][INFO] - Action delay is set to 0 milliseconds

2022-01-16 10:15:41 - [MESSAGE][PASSED] - Browser is opened with url: ''

2022-01-16 10:15:41 - [TEST_STEP][PASSED] - navigateToUrl("http://localhost/"): Navigate to 'http://localhost/' successfully

2022-01-16 10:15:41 - [MESSAGE][PASSED] - Navigate to 'http://localhost/' successfully

2022-01-16 10:15:41 - [TEST_STEP][PASSED] - click(findTestObject("NewCourse/Page_Automation Testing Site (1)/div_You are not logged in. (Log in)")): Object: 'Object Repository/NewCourse/Page_Automation Testing Site (1)/div_You are not logged in. (Log in)' is clicked on

2022-01-16 10:15:42 - [MESSAGE][PASSED] - Object: 'Object Repository/NewCourse/Page_Automation Testing Site (1)/div_You are not logged in. (Log in)' is clicked on

2022-01-16 10:15:42 - [TEST_STEP][PASSED] - click(findTestObject("NewCourse/Page_Automation Testing Site (1)/a_Log in")): Object: 'Object Repository/NewCourse/Page_Automation Testing Site (1)/a_Log in' is clicked on

2022-01-16 10:15:43 - [MESSAGE][PASSED] - Object: 'Object Repository/NewCourse/Page_Automation Testing Site (1)/a_Log in' is clicked on

2022-01-16 10:15:43 - [TEST_STEP][PASSED] - setText(findTestObject("NewCourse/Page_Automation Testing Site Log in to the site (1)/input_Username_username"), "admin"): Text 'admin' is set on object 'Object Repository/NewCourse/Page_Automation Testing Site Log in to the site (1)/input_Username_username'

2022-01-16 10:15:43 - [MESSAGE][PASSED] - Text 'admin' is set on object 'Object Repository/NewCourse/Page_Automation Testing Site Log in to the site (1)/input_Username_username'

2022-01-16 10:15:43 - [TEST_STEP][PASSED] - setEncryptedText(findTestObject("NewCourse/Page_Automation Testing Site Log in to the site (1)/input_Password_password"), "cnpXG5HhkrZpEXzNIGBMZQ=="): Text ****** has been set on object 'Object Repository/NewCourse/Page_Automation Testing Site Log in to the site (1)/input_Password_password'

2022-01-16 10:15:44 - [MESSAGE][PASSED] - Text ****** has been set on object 'Object Repository/NewCourse/Page_Automation Testing Site Log in to the site (1)/input_Password_password'

2022-01-16 10:15:44 - [TEST_STEP][PASSED] - click(findTestObject("NewCourse/Page_Automation Testing Site Log in to the site (1)/button_Log in")): Object: 'Object Repository/NewCourse/Page_Automation Testing Site Log in to the site (1)/button_Log in' is clicked on

2022-01-16 10:15:45 - [MESSAGE][PASSED] - Object: 'Object Repository/NewCourse/Page_Automation Testing Site Log in to the site (1)/button_Log in' is clicked on

2022-01-16 10:15:45 - [TEST_STEP][PASSED] - click(findTestObject("NewCourse/Page_Dashboard (1)/span_Site administration")): Object: 'Object Repository/NewCourse/Page_Dashboard (1)/span_Site administration' is clicked on

2022-01-16 10:15:48 - [MESSAGE][PASSED] - Object: 'Object Repository/NewCourse/Page_Dashboard (1)/span_Site administration' is clicked on

2022-01-16 10:15:48 - [TEST_STEP][PASSED] - click(findTestObject("NewCourse/Page_SiteTesting Administration Search (1)/a_Courses")): Object: 'Object Repository/NewCourse/Page_SiteTesting Administration Search (1)/a_Courses' is clicked on

2022-01-16 10:15:49 - [MESSAGE][PASSED] - Object: 'Object Repository/NewCourse/Page_SiteTesting Administration Search (1)/a_Courses' is clicked on

2022-01-16 10:15:49 - [TEST_STEP][PASSED] - click(findTestObject("NewCourse/Page_SiteTesting Administration Search (1)/a_Add a new course")): Object: 'Object Repository/NewCourse/Page_SiteTesting Administration Search (1)/a_Add a new course' is clicked on

2022-01-16 10:15:51 - [MESSAGE][PASSED] - Object: 'Object Repository/NewCourse/Page_SiteTesting Administration Search (1)/a_Add a new course' is clicked on

2022-01-16 10:15:51 - [TEST_STEP][PASSED] - setText(findTestObject("NewCourse/Page_SiteTesting Add a new course (1)/input_Course full name_fullname"), "Init Course"): Text 'Init Course' is set on object 'Object Repository/NewCourse/Page_SiteTesting Add a new course (1)/input_Course full name_fullname'

2022-01-16 10:15:52 - [MESSAGE][PASSED] - Text 'Init Course' is set on object 'Object Repository/NewCourse/Page_SiteTesting Add a new course (1)/input_Course full name_fullname'

2022-01-16 10:15:52 - [TEST_STEP][PASSED] - setText(findTestObject("NewCourse/Page_SiteTesting Add a new course (1)/input_Course short name_shortname"), "test"): Text 'test' is set on object 'Object Repository/NewCourse/Page_SiteTesting Add a new course (1)/input_Course short name_shortname'

2022-01-16 10:15:53 - [MESSAGE][PASSED] - Text 'test' is set on object 'Object Repository/NewCourse/Page_SiteTesting Add a new course (1)/input_Course short name_shortname'

2022-01-16 10:15:53 - [TEST_STEP][PASSED] - setText(findTestObject("Object Repository/NewCourse/Page_SiteTesting Add a new course/input_Course ID number_idnumber"), "123"): Text '123' is set on object 'Object Repository/NewCourse/Page_SiteTesting Add a new course/input_Course ID number_idnumber'

2022-01-16 10:15:54 - [MESSAGE][PASSED] - Text '123' is set on object 'Object Repository/NewCourse/Page_SiteTesting Add a new course/input_Course ID number_idnumber'

2022-01-16 10:15:54 - [TEST_STEP][PASSED] - click(findTestObject("NewCourse/Page_SiteTesting Add a new course (1)/input__saveanddisplay")): Object: 'Object Repository/NewCourse/Page_SiteTesting Add a new course (1)/input__saveanddisplay' is clicked on

2022-01-16 10:15:56 - [MESSAGE][PASSED] - Object: 'Object Repository/NewCourse/Page_SiteTesting Add a new course (1)/input__saveanddisplay' is clicked on

2022-01-16 10:15:56 - [TEST_STEP][PASSED] - verifyTextPresent("Init Course", false): Text 'Init Course' is present on page 

2022-01-16 10:15:57 - [MESSAGE][PASSED] - Text 'Init Course' is present on page 

2022-01-16 10:15:57 - [TEST_STEP][PASSED] - closeBrowser(STOP_ON_FAILURE): Browser is closed

2022-01-16 10:15:58 - [MESSAGE][PASSED] - Browser is closed]]></system-out>
         <system-err><![CDATA[]]></system-err>
      </testcase>
      <testcase name="Test Cases/NewCourse/3. Duplicate Short Name" time="17.701" classname="Test Cases/NewCourse/3. Duplicate Short Name" status="PASSED">
         <system-out><![CDATA[2022-01-16 10:15:58 - [TEST_CASE][PASSED] - Test Cases/NewCourse/3. Duplicate Short Name: Test Cases/NewCourse/3. Duplicate Short Name

2022-01-16 10:15:58 - [TEST_STEP][PASSED] - openBrowser(""): Browser is opened with url: ''

2022-01-16 10:15:58 - [MESSAGE][INFO] - Starting 'Edge Chromium' driver

2022-01-16 10:16:00 - [MESSAGE][INFO] - Action delay is set to 0 milliseconds

2022-01-16 10:16:01 - [MESSAGE][PASSED] - Browser is opened with url: ''

2022-01-16 10:16:01 - [TEST_STEP][PASSED] - navigateToUrl("http://localhost/"): Navigate to 'http://localhost/' successfully

2022-01-16 10:16:02 - [MESSAGE][PASSED] - Navigate to 'http://localhost/' successfully

2022-01-16 10:16:02 - [TEST_STEP][PASSED] - click(findTestObject("Object Repository/NewCourse/Page_Automation Testing Site/a_Log in")): Object: 'Object Repository/NewCourse/Page_Automation Testing Site/a_Log in' is clicked on

2022-01-16 10:16:03 - [MESSAGE][PASSED] - Object: 'Object Repository/NewCourse/Page_Automation Testing Site/a_Log in' is clicked on

2022-01-16 10:16:03 - [TEST_STEP][PASSED] - setText(findTestObject("Object Repository/NewCourse/Page_Automation Testing Site Log in to the site/input_Username_username"), "admin"): Text 'admin' is set on object 'Object Repository/NewCourse/Page_Automation Testing Site Log in to the site/input_Username_username'

2022-01-16 10:16:04 - [MESSAGE][PASSED] - Text 'admin' is set on object 'Object Repository/NewCourse/Page_Automation Testing Site Log in to the site/input_Username_username'

2022-01-16 10:16:04 - [TEST_STEP][PASSED] - setEncryptedText(findTestObject("Object Repository/NewCourse/Page_Automation Testing Site Log in to the site/input_Password_password"), "cnpXG5HhkrZpEXzNIGBMZQ=="): Text ****** has been set on object 'Object Repository/NewCourse/Page_Automation Testing Site Log in to the site/input_Password_password'

2022-01-16 10:16:04 - [MESSAGE][PASSED] - Text ****** has been set on object 'Object Repository/NewCourse/Page_Automation Testing Site Log in to the site/input_Password_password'

2022-01-16 10:16:04 - [TEST_STEP][PASSED] - click(findTestObject("Object Repository/NewCourse/Page_Automation Testing Site Log in to the site/button_Log in")): Object: 'Object Repository/NewCourse/Page_Automation Testing Site Log in to the site/button_Log in' is clicked on

2022-01-16 10:16:05 - [MESSAGE][PASSED] - Object: 'Object Repository/NewCourse/Page_Automation Testing Site Log in to the site/button_Log in' is clicked on

2022-01-16 10:16:05 - [TEST_STEP][PASSED] - click(findTestObject("Object Repository/NewCourse/Page_Dashboard/span_Site administration")): Object: 'Object Repository/NewCourse/Page_Dashboard/span_Site administration' is clicked on

2022-01-16 10:16:08 - [MESSAGE][PASSED] - Object: 'Object Repository/NewCourse/Page_Dashboard/span_Site administration' is clicked on

2022-01-16 10:16:08 - [TEST_STEP][PASSED] - click(findTestObject("Object Repository/NewCourse/Page_SiteTesting Administration Search/a_Courses")): Object: 'Object Repository/NewCourse/Page_SiteTesting Administration Search/a_Courses' is clicked on

2022-01-16 10:16:08 - [MESSAGE][PASSED] - Object: 'Object Repository/NewCourse/Page_SiteTesting Administration Search/a_Courses' is clicked on

2022-01-16 10:16:08 - [TEST_STEP][PASSED] - click(findTestObject("Object Repository/NewCourse/Page_SiteTesting Administration Search/a_Add a new course")): Object: 'Object Repository/NewCourse/Page_SiteTesting Administration Search/a_Add a new course' is clicked on

2022-01-16 10:16:10 - [MESSAGE][PASSED] - Object: 'Object Repository/NewCourse/Page_SiteTesting Administration Search/a_Add a new course' is clicked on

2022-01-16 10:16:10 - [TEST_STEP][PASSED] - setText(findTestObject("Object Repository/NewCourse/Page_SiteTesting Add a new course/input_Course full name_fullname"), "Test2"): Text 'Test2' is set on object 'Object Repository/NewCourse/Page_SiteTesting Add a new course/input_Course full name_fullname'

2022-01-16 10:16:11 - [MESSAGE][PASSED] - Text 'Test2' is set on object 'Object Repository/NewCourse/Page_SiteTesting Add a new course/input_Course full name_fullname'

2022-01-16 10:16:11 - [TEST_STEP][PASSED] - setText(findTestObject("Object Repository/NewCourse/Page_SiteTesting Add a new course/input_Course short name_shortname"), "test"): Text 'test' is set on object 'Object Repository/NewCourse/Page_SiteTesting Add a new course/input_Course short name_shortname'

2022-01-16 10:16:12 - [MESSAGE][PASSED] - Text 'test' is set on object 'Object Repository/NewCourse/Page_SiteTesting Add a new course/input_Course short name_shortname'

2022-01-16 10:16:12 - [TEST_STEP][PASSED] - click(findTestObject("Object Repository/NewCourse/Page_SiteTesting Add a new course/input__saveanddisplay")): Object: 'Object Repository/NewCourse/Page_SiteTesting Add a new course/input__saveanddisplay' is clicked on

2022-01-16 10:16:13 - [MESSAGE][PASSED] - Object: 'Object Repository/NewCourse/Page_SiteTesting Add a new course/input__saveanddisplay' is clicked on

2022-01-16 10:16:13 - [TEST_STEP][PASSED] - verifyElementText(findTestObject("Object Repository/NewCourse/Page_SiteTesting Add a new course/div_Short name is already used for another _823d7b"), "Short name is already used for another course (Init Course)"): Actual text and expected text of test object 'Object Repository/NewCourse/Page_SiteTesting Add a new course/div_Short name is already used for another _823d7b' are matched.

2022-01-16 10:16:15 - [MESSAGE][PASSED] - Actual text and expected text of test object 'Object Repository/NewCourse/Page_SiteTesting Add a new course/div_Short name is already used for another _823d7b' are matched.

2022-01-16 10:16:15 - [TEST_STEP][PASSED] - closeBrowser(): Browser is closed

2022-01-16 10:16:15 - [MESSAGE][PASSED] - Browser is closed]]></system-out>
         <system-err><![CDATA[]]></system-err>
      </testcase>
      <testcase name="Test Cases/NewCourse/4. Start day greater than end day" time="23.991" classname="Test Cases/NewCourse/4. Start day greater than end day" status="PASSED">
         <system-out><![CDATA[2022-01-16 10:16:15 - [TEST_CASE][PASSED] - Test Cases/NewCourse/4. Start day greater than end day: Test Cases/NewCourse/4. Start day greater than end day

2022-01-16 10:16:15 - [TEST_STEP][PASSED] - openBrowser(""): Browser is opened with url: ''

2022-01-16 10:16:15 - [MESSAGE][INFO] - Starting 'Edge Chromium' driver

2022-01-16 10:16:18 - [MESSAGE][INFO] - Action delay is set to 0 milliseconds

2022-01-16 10:16:19 - [MESSAGE][PASSED] - Browser is opened with url: ''

2022-01-16 10:16:19 - [TEST_STEP][PASSED] - navigateToUrl("http://localhost/"): Navigate to 'http://localhost/' successfully

2022-01-16 10:16:19 - [MESSAGE][PASSED] - Navigate to 'http://localhost/' successfully

2022-01-16 10:16:19 - [TEST_STEP][PASSED] - click(findTestObject("Object Repository/NewCourse/Page_Automation Testing Site/a_Log in")): Object: 'Object Repository/NewCourse/Page_Automation Testing Site/a_Log in' is clicked on

2022-01-16 10:16:20 - [MESSAGE][PASSED] - Object: 'Object Repository/NewCourse/Page_Automation Testing Site/a_Log in' is clicked on

2022-01-16 10:16:20 - [TEST_STEP][PASSED] - setText(findTestObject("Object Repository/NewCourse/Page_Automation Testing Site Log in to the site/input_Username_username"), "admin"): Text 'admin' is set on object 'Object Repository/NewCourse/Page_Automation Testing Site Log in to the site/input_Username_username'

2022-01-16 10:16:21 - [MESSAGE][PASSED] - Text 'admin' is set on object 'Object Repository/NewCourse/Page_Automation Testing Site Log in to the site/input_Username_username'

2022-01-16 10:16:21 - [TEST_STEP][PASSED] - setEncryptedText(findTestObject("Object Repository/NewCourse/Page_Automation Testing Site Log in to the site/input_Password_password"), "cnpXG5HhkrZpEXzNIGBMZQ=="): Text ****** has been set on object 'Object Repository/NewCourse/Page_Automation Testing Site Log in to the site/input_Password_password'

2022-01-16 10:16:21 - [MESSAGE][PASSED] - Text ****** has been set on object 'Object Repository/NewCourse/Page_Automation Testing Site Log in to the site/input_Password_password'

2022-01-16 10:16:21 - [TEST_STEP][PASSED] - click(findTestObject("Object Repository/NewCourse/Page_Automation Testing Site Log in to the site/button_Log in")): Object: 'Object Repository/NewCourse/Page_Automation Testing Site Log in to the site/button_Log in' is clicked on

2022-01-16 10:16:23 - [MESSAGE][PASSED] - Object: 'Object Repository/NewCourse/Page_Automation Testing Site Log in to the site/button_Log in' is clicked on

2022-01-16 10:16:23 - [TEST_STEP][PASSED] - click(findTestObject("Object Repository/NewCourse/Page_Dashboard/span_Site administration")): Object: 'Object Repository/NewCourse/Page_Dashboard/span_Site administration' is clicked on

2022-01-16 10:16:25 - [MESSAGE][PASSED] - Object: 'Object Repository/NewCourse/Page_Dashboard/span_Site administration' is clicked on

2022-01-16 10:16:25 - [TEST_STEP][PASSED] - click(findTestObject("Object Repository/NewCourse/Page_SiteTesting Administration Search/a_Courses")): Object: 'Object Repository/NewCourse/Page_SiteTesting Administration Search/a_Courses' is clicked on

2022-01-16 10:16:25 - [MESSAGE][PASSED] - Object: 'Object Repository/NewCourse/Page_SiteTesting Administration Search/a_Courses' is clicked on

2022-01-16 10:16:25 - [TEST_STEP][PASSED] - click(findTestObject("Object Repository/NewCourse/Page_SiteTesting Administration Search/a_Add a new course")): Object: 'Object Repository/NewCourse/Page_SiteTesting Administration Search/a_Add a new course' is clicked on

2022-01-16 10:16:27 - [MESSAGE][PASSED] - Object: 'Object Repository/NewCourse/Page_SiteTesting Administration Search/a_Add a new course' is clicked on

2022-01-16 10:16:27 - [TEST_STEP][PASSED] - setText(findTestObject("Object Repository/NewCourse/Page_SiteTesting Add a new course/input_Course full name_fullname"), "testtime123"): Text 'testtime123' is set on object 'Object Repository/NewCourse/Page_SiteTesting Add a new course/input_Course full name_fullname'

2022-01-16 10:16:29 - [MESSAGE][PASSED] - Text 'testtime123' is set on object 'Object Repository/NewCourse/Page_SiteTesting Add a new course/input_Course full name_fullname'

2022-01-16 10:16:29 - [TEST_STEP][PASSED] - setText(findTestObject("Object Repository/NewCourse/Page_SiteTesting Add a new course/input_Course short name_shortname"), "time"): Text 'time' is set on object 'Object Repository/NewCourse/Page_SiteTesting Add a new course/input_Course short name_shortname'

2022-01-16 10:16:29 - [MESSAGE][PASSED] - Text 'time' is set on object 'Object Repository/NewCourse/Page_SiteTesting Add a new course/input_Course short name_shortname'

2022-01-16 10:16:29 - [TEST_STEP][PASSED] - selectOptionByValue(findTestObject("Object Repository/NewCourse/Page_SiteTesting Add a new course/select_1900        1901        1902        _6405c9"), "2017", true): All options with value '2017' are selected in object 'Object Repository/NewCourse/Page_SiteTesting Add a new course/select_1900        1901        1902        _6405c9'  using regular expression

2022-01-16 10:16:35 - [MESSAGE][PASSED] - All options with value '2017' are selected in object 'Object Repository/NewCourse/Page_SiteTesting Add a new course/select_1900        1901        1902        _6405c9'  using regular expression

2022-01-16 10:16:35 - [TEST_STEP][PASSED] - click(findTestObject("Object Repository/NewCourse/Page_SiteTesting Add a new course/input_tag_test2_saveanddisplay")): Object: 'Object Repository/NewCourse/Page_SiteTesting Add a new course/input_tag_test2_saveanddisplay' is clicked on

2022-01-16 10:16:37 - [MESSAGE][PASSED] - Object: 'Object Repository/NewCourse/Page_SiteTesting Add a new course/input_tag_test2_saveanddisplay' is clicked on

2022-01-16 10:16:37 - [TEST_STEP][PASSED] - verifyElementText(findTestObject("Object Repository/NewCourse/Page_SiteTesting Add a new course/div_The course end date must be after the s_271b34"), "The course end date must be after the start date."): Actual text and expected text of test object 'Object Repository/NewCourse/Page_SiteTesting Add a new course/div_The course end date must be after the s_271b34' are matched.

2022-01-16 10:16:38 - [MESSAGE][PASSED] - Actual text and expected text of test object 'Object Repository/NewCourse/Page_SiteTesting Add a new course/div_The course end date must be after the s_271b34' are matched.

2022-01-16 10:16:38 - [TEST_STEP][PASSED] - closeBrowser(STOP_ON_FAILURE): Browser is closed

2022-01-16 10:16:39 - [MESSAGE][PASSED] - Browser is closed]]></system-out>
         <system-err><![CDATA[]]></system-err>
      </testcase>
      <testcase name="Test Cases/NewCourse/5. Duplicate ID" time="20.094" classname="Test Cases/NewCourse/5. Duplicate ID" status="PASSED">
         <system-out><![CDATA[2022-01-16 10:16:39 - [TEST_CASE][PASSED] - Test Cases/NewCourse/5. Duplicate ID: Test Cases/NewCourse/5. Duplicate ID

2022-01-16 10:16:40 - [TEST_STEP][PASSED] - openBrowser(""): Browser is opened with url: ''

2022-01-16 10:16:40 - [MESSAGE][INFO] - Starting 'Edge Chromium' driver

2022-01-16 10:16:42 - [MESSAGE][INFO] - Action delay is set to 0 milliseconds

2022-01-16 10:16:43 - [MESSAGE][PASSED] - Browser is opened with url: ''

2022-01-16 10:16:43 - [TEST_STEP][PASSED] - navigateToUrl("http://localhost/"): Navigate to 'http://localhost/' successfully

2022-01-16 10:16:44 - [MESSAGE][PASSED] - Navigate to 'http://localhost/' successfully

2022-01-16 10:16:44 - [TEST_STEP][PASSED] - click(findTestObject("Object Repository/NewCourse/Page_Automation Testing Site/a_Log in")): Object: 'Object Repository/NewCourse/Page_Automation Testing Site/a_Log in' is clicked on

2022-01-16 10:16:44 - [MESSAGE][PASSED] - Object: 'Object Repository/NewCourse/Page_Automation Testing Site/a_Log in' is clicked on

2022-01-16 10:16:44 - [TEST_STEP][PASSED] - setText(findTestObject("Object Repository/NewCourse/Page_Automation Testing Site Log in to the site/input_Username_username"), "admin"): Text 'admin' is set on object 'Object Repository/NewCourse/Page_Automation Testing Site Log in to the site/input_Username_username'

2022-01-16 10:16:45 - [MESSAGE][PASSED] - Text 'admin' is set on object 'Object Repository/NewCourse/Page_Automation Testing Site Log in to the site/input_Username_username'

2022-01-16 10:16:45 - [TEST_STEP][PASSED] - setEncryptedText(findTestObject("Object Repository/NewCourse/Page_Automation Testing Site Log in to the site/input_Password_password"), "cnpXG5HhkrZpEXzNIGBMZQ=="): Text ****** has been set on object 'Object Repository/NewCourse/Page_Automation Testing Site Log in to the site/input_Password_password'

2022-01-16 10:16:46 - [MESSAGE][PASSED] - Text ****** has been set on object 'Object Repository/NewCourse/Page_Automation Testing Site Log in to the site/input_Password_password'

2022-01-16 10:16:46 - [TEST_STEP][PASSED] - click(findTestObject("Object Repository/NewCourse/Page_Automation Testing Site Log in to the site/button_Log in")): Object: 'Object Repository/NewCourse/Page_Automation Testing Site Log in to the site/button_Log in' is clicked on

2022-01-16 10:16:47 - [MESSAGE][PASSED] - Object: 'Object Repository/NewCourse/Page_Automation Testing Site Log in to the site/button_Log in' is clicked on

2022-01-16 10:16:47 - [TEST_STEP][PASSED] - click(findTestObject("Object Repository/NewCourse/Page_Dashboard/span_Site administration")): Object: 'Object Repository/NewCourse/Page_Dashboard/span_Site administration' is clicked on

2022-01-16 10:16:50 - [MESSAGE][PASSED] - Object: 'Object Repository/NewCourse/Page_Dashboard/span_Site administration' is clicked on

2022-01-16 10:16:50 - [TEST_STEP][PASSED] - click(findTestObject("Object Repository/NewCourse/Page_SiteTesting Administration Search/a_Courses")): Object: 'Object Repository/NewCourse/Page_SiteTesting Administration Search/a_Courses' is clicked on

2022-01-16 10:16:50 - [MESSAGE][PASSED] - Object: 'Object Repository/NewCourse/Page_SiteTesting Administration Search/a_Courses' is clicked on

2022-01-16 10:16:50 - [TEST_STEP][PASSED] - click(findTestObject("Object Repository/NewCourse/Page_SiteTesting Administration Search/a_Add a new course")): Object: 'Object Repository/NewCourse/Page_SiteTesting Administration Search/a_Add a new course' is clicked on

2022-01-16 10:16:52 - [MESSAGE][PASSED] - Object: 'Object Repository/NewCourse/Page_SiteTesting Administration Search/a_Add a new course' is clicked on

2022-01-16 10:16:52 - [TEST_STEP][PASSED] - setText(findTestObject("Object Repository/NewCourse/Page_SiteTesting Add a new course/input_Course full name_fullname"), "testsetsetsets"): Text 'testsetsetsets' is set on object 'Object Repository/NewCourse/Page_SiteTesting Add a new course/input_Course full name_fullname'

2022-01-16 10:16:53 - [MESSAGE][PASSED] - Text 'testsetsetsets' is set on object 'Object Repository/NewCourse/Page_SiteTesting Add a new course/input_Course full name_fullname'

2022-01-16 10:16:53 - [TEST_STEP][PASSED] - setText(findTestObject("Object Repository/NewCourse/Page_SiteTesting Add a new course/input_Course short name_shortname"), "rgergrte"): Text 'rgergrte' is set on object 'Object Repository/NewCourse/Page_SiteTesting Add a new course/input_Course short name_shortname'

2022-01-16 10:16:54 - [MESSAGE][PASSED] - Text 'rgergrte' is set on object 'Object Repository/NewCourse/Page_SiteTesting Add a new course/input_Course short name_shortname'

2022-01-16 10:16:54 - [TEST_STEP][PASSED] - setText(findTestObject("Object Repository/NewCourse/Page_SiteTesting Add a new course/input_Course ID number_idnumber"), "123"): Text '123' is set on object 'Object Repository/NewCourse/Page_SiteTesting Add a new course/input_Course ID number_idnumber'

2022-01-16 10:16:55 - [MESSAGE][PASSED] - Text '123' is set on object 'Object Repository/NewCourse/Page_SiteTesting Add a new course/input_Course ID number_idnumber'

2022-01-16 10:16:55 - [TEST_STEP][PASSED] - click(findTestObject("Object Repository/NewCourse/Page_SiteTesting Add a new course/input_tag_test2_saveanddisplay")): Object: 'Object Repository/NewCourse/Page_SiteTesting Add a new course/input_tag_test2_saveanddisplay' is clicked on

2022-01-16 10:16:57 - [MESSAGE][PASSED] - Object: 'Object Repository/NewCourse/Page_SiteTesting Add a new course/input_tag_test2_saveanddisplay' is clicked on

2022-01-16 10:16:57 - [TEST_STEP][PASSED] - verifyTextPresent("ID number is already used for another course (Init Course)", false): Text 'ID number is already used for another course (Init Course)' is present on page 

2022-01-16 10:16:59 - [MESSAGE][PASSED] - Text 'ID number is already used for another course (Init Course)' is present on page 

2022-01-16 10:16:59 - [TEST_STEP][PASSED] - closeBrowser(STOP_ON_FAILURE): Browser is closed

2022-01-16 10:16:59 - [MESSAGE][PASSED] - Browser is closed]]></system-out>
         <system-err><![CDATA[]]></system-err>
      </testcase>
      <testcase name="Test Cases/NewTag/1. Create New Tag Success" time="107.499" classname="Test Cases/NewTag/1. Create New Tag Success" status="FAILED">
         <failure type="FAILED" message="Test Cases/NewTag/1. Create New Tag Success FAILED.
Reason:
com.kms.katalon.core.exception.StepFailedException: Unable to click on object 'Object Repository/NewTag/Page_SiteTesting Add a new course/a_Tags'
	at com.kms.katalon.core.webui.keyword.internal.WebUIKeywordMain.stepFailed(WebUIKeywordMain.groovy:64)
	at com.kms.katalon.core.webui.keyword.internal.WebUIKeywordMain.runKeyword(WebUIKeywordMain.groovy:26)
	at com.kms.katalon.core.webui.keyword.builtin.ClickKeyword.click(ClickKeyword.groovy:74)
	at com.kms.katalon.core.webui.keyword.builtin.ClickKeyword.execute(ClickKeyword.groovy:40)
	at com.kms.katalon.core.keyword.internal.KeywordExecutor.executeKeywordForPlatform(KeywordExecutor.groovy:74)
	at com.kms.katalon.core.webui.keyword.WebUiBuiltInKeywords.click(WebUiBuiltInKeywords.groovy:620)
	at com.kms.katalon.core.webui.keyword.WebUiBuiltInKeywords$click$1.call(Unknown Source)
	at 1. Create New Tag Success.run(1. Create New Tag Success:40)
	at com.kms.katalon.core.main.ScriptEngine.run(ScriptEngine.java:194)
	at com.kms.katalon.core.main.ScriptEngine.runScriptAsRawText(ScriptEngine.java:119)
	at com.kms.katalon.core.main.TestCaseExecutor.runScript(TestCaseExecutor.java:442)
	at com.kms.katalon.core.main.TestCaseExecutor.doExecute(TestCaseExecutor.java:433)
	at com.kms.katalon.core.main.TestCaseExecutor.processExecutionPhase(TestCaseExecutor.java:412)
	at com.kms.katalon.core.main.TestCaseExecutor.accessMainPhase(TestCaseExecutor.java:404)
	at com.kms.katalon.core.main.TestCaseExecutor.execute(TestCaseExecutor.java:281)
	at com.kms.katalon.core.main.TestSuiteExecutor.accessTestCaseMainPhase(TestSuiteExecutor.java:202)
	at com.kms.katalon.core.main.TestSuiteExecutor.accessTestSuiteMainPhase(TestSuiteExecutor.java:164)
	at com.kms.katalon.core.main.TestSuiteExecutor.execute(TestSuiteExecutor.java:105)
	at com.kms.katalon.core.main.TestCaseMain.startTestSuite(TestCaseMain.java:181)
	at com.kms.katalon.core.main.TestCaseMain$startTestSuite$0.call(Unknown Source)
	at TempTestSuite1642300051220.run(TempTestSuite1642300051220.groovy:36)
Caused by: com.kms.katalon.core.webui.exception.WebElementNotFoundException: Web element with id: 'Object Repository/NewTag/Page_SiteTesting Add a new course/a_Tags' located by '//*[@href = '#' and (text() = 'Tags' or . = 'Tags')]' not found
	at com.kms.katalon.core.webui.common.WebUiCommonHelper.findWebElement(WebUiCommonHelper.java:1368)
	at com.kms.katalon.core.webui.keyword.internal.WebUIAbstractKeyword.findWebElement(WebUIAbstractKeyword.groovy:27)
	at com.kms.katalon.core.webui.keyword.builtin.ClickKeyword$_click_closure1.doCall(ClickKeyword.groovy:65)
	at com.kms.katalon.core.webui.keyword.builtin.ClickKeyword$_click_closure1.call(ClickKeyword.groovy)
	at com.kms.katalon.core.webui.keyword.internal.WebUIKeywordMain.runKeyword(WebUIKeywordMain.groovy:20)
	... 19 more
"/>
         <system-out><![CDATA[2022-01-16 10:16:59 - [TEST_CASE][FAILED] - Test Cases/NewTag/1. Create New Tag Success: Test Cases/NewTag/1. Create New Tag Success FAILED.
Reason:
com.kms.katalon.core.exception.StepFailedException: Unable to click on object 'Object Repository/NewTag/Page_SiteTesting Add a new course/a_Tags'
	at com.kms.katalon.core.webui.keyword.internal.WebUIKeywordMain.stepFailed(WebUIKeywordMain.groovy:64)
	at com.kms.katalon.core.webui.keyword.internal.WebUIKeywordMain.runKeyword(WebUIKeywordMain.groovy:26)
	at com.kms.katalon.core.webui.keyword.builtin.ClickKeyword.click(ClickKeyword.groovy:74)
	at com.kms.katalon.core.webui.keyword.builtin.ClickKeyword.execute(ClickKeyword.groovy:40)
	at com.kms.katalon.core.keyword.internal.KeywordExecutor.executeKeywordForPlatform(KeywordExecutor.groovy:74)
	at com.kms.katalon.core.webui.keyword.WebUiBuiltInKeywords.click(WebUiBuiltInKeywords.groovy:620)
	at com.kms.katalon.core.webui.keyword.WebUiBuiltInKeywords$click$1.call(Unknown Source)
	at 1. Create New Tag Success.run(1. Create New Tag Success:40)
	at com.kms.katalon.core.main.ScriptEngine.run(ScriptEngine.java:194)
	at com.kms.katalon.core.main.ScriptEngine.runScriptAsRawText(ScriptEngine.java:119)
	at com.kms.katalon.core.main.TestCaseExecutor.runScript(TestCaseExecutor.java:442)
	at com.kms.katalon.core.main.TestCaseExecutor.doExecute(TestCaseExecutor.java:433)
	at com.kms.katalon.core.main.TestCaseExecutor.processExecutionPhase(TestCaseExecutor.java:412)
	at com.kms.katalon.core.main.TestCaseExecutor.accessMainPhase(TestCaseExecutor.java:404)
	at com.kms.katalon.core.main.TestCaseExecutor.execute(TestCaseExecutor.java:281)
	at com.kms.katalon.core.main.TestSuiteExecutor.accessTestCaseMainPhase(TestSuiteExecutor.java:202)
	at com.kms.katalon.core.main.TestSuiteExecutor.accessTestSuiteMainPhase(TestSuiteExecutor.java:164)
	at com.kms.katalon.core.main.TestSuiteExecutor.execute(TestSuiteExecutor.java:105)
	at com.kms.katalon.core.main.TestCaseMain.startTestSuite(TestCaseMain.java:181)
	at com.kms.katalon.core.main.TestCaseMain$startTestSuite$0.call(Unknown Source)
	at TempTestSuite1642300051220.run(TempTestSuite1642300051220.groovy:36)
Caused by: com.kms.katalon.core.webui.exception.WebElementNotFoundException: Web element with id: 'Object Repository/NewTag/Page_SiteTesting Add a new course/a_Tags' located by '//*[@href = '#' and (text() = 'Tags' or . = 'Tags')]' not found
	at com.kms.katalon.core.webui.common.WebUiCommonHelper.findWebElement(WebUiCommonHelper.java:1368)
	at com.kms.katalon.core.webui.keyword.internal.WebUIAbstractKeyword.findWebElement(WebUIAbstractKeyword.groovy:27)
	at com.kms.katalon.core.webui.keyword.builtin.ClickKeyword$_click_closure1.doCall(ClickKeyword.groovy:65)
	at com.kms.katalon.core.webui.keyword.builtin.ClickKeyword$_click_closure1.call(ClickKeyword.groovy)
	at com.kms.katalon.core.webui.keyword.internal.WebUIKeywordMain.runKeyword(WebUIKeywordMain.groovy:20)
	... 19 more


2022-01-16 10:17:00 - [TEST_STEP][PASSED] - openBrowser(""): Browser is opened with url: ''

2022-01-16 10:17:00 - [MESSAGE][INFO] - Starting 'Edge Chromium' driver

2022-01-16 10:17:02 - [MESSAGE][INFO] - Action delay is set to 0 milliseconds

2022-01-16 10:17:03 - [MESSAGE][PASSED] - Browser is opened with url: ''

2022-01-16 10:17:03 - [TEST_STEP][PASSED] - navigateToUrl("http://localhost/"): Navigate to 'http://localhost/' successfully

2022-01-16 10:17:04 - [MESSAGE][PASSED] - Navigate to 'http://localhost/' successfully

2022-01-16 10:17:04 - [TEST_STEP][PASSED] - click(findTestObject("Object Repository/NewTag/Page_Automation Testing Site/a_Log in")): Object: 'Object Repository/NewTag/Page_Automation Testing Site/a_Log in' is clicked on

2022-01-16 10:17:04 - [MESSAGE][PASSED] - Object: 'Object Repository/NewTag/Page_Automation Testing Site/a_Log in' is clicked on

2022-01-16 10:17:04 - [TEST_STEP][PASSED] - setText(findTestObject("Object Repository/NewTag/Page_Automation Testing Site Log in to the site/input_Username_username"), "admin"): Text 'admin' is set on object 'Object Repository/NewTag/Page_Automation Testing Site Log in to the site/input_Username_username'

2022-01-16 10:17:05 - [MESSAGE][PASSED] - Text 'admin' is set on object 'Object Repository/NewTag/Page_Automation Testing Site Log in to the site/input_Username_username'

2022-01-16 10:17:05 - [TEST_STEP][PASSED] - setEncryptedText(findTestObject("Object Repository/NewTag/Page_Automation Testing Site Log in to the site/input_Password_password"), "cnpXG5HhkrZpEXzNIGBMZQ=="): Text ****** has been set on object 'Object Repository/NewTag/Page_Automation Testing Site Log in to the site/input_Password_password'

2022-01-16 10:17:06 - [MESSAGE][PASSED] - Text ****** has been set on object 'Object Repository/NewTag/Page_Automation Testing Site Log in to the site/input_Password_password'

2022-01-16 10:17:06 - [TEST_STEP][PASSED] - click(findTestObject("Object Repository/NewTag/Page_Automation Testing Site Log in to the site/button_Log in")): Object: 'Object Repository/NewTag/Page_Automation Testing Site Log in to the site/button_Log in' is clicked on

2022-01-16 10:17:07 - [MESSAGE][PASSED] - Object: 'Object Repository/NewTag/Page_Automation Testing Site Log in to the site/button_Log in' is clicked on

2022-01-16 10:17:07 - [TEST_STEP][PASSED] - click(findTestObject("Object Repository/NewTag/Page_Dashboard/span_Site administration")): Object: 'Object Repository/NewTag/Page_Dashboard/span_Site administration' is clicked on

2022-01-16 10:17:09 - [MESSAGE][PASSED] - Object: 'Object Repository/NewTag/Page_Dashboard/span_Site administration' is clicked on

2022-01-16 10:17:09 - [TEST_STEP][PASSED] - click(findTestObject("Object Repository/NewTag/Page_SiteTesting Administration Search/a_Courses")): Object: 'Object Repository/NewTag/Page_SiteTesting Administration Search/a_Courses' is clicked on

2022-01-16 10:17:10 - [MESSAGE][PASSED] - Object: 'Object Repository/NewTag/Page_SiteTesting Administration Search/a_Courses' is clicked on

2022-01-16 10:17:10 - [TEST_STEP][PASSED] - click(findTestObject("Object Repository/NewTag/Page_SiteTesting Administration Search/a_Add a new course")): Object: 'Object Repository/NewTag/Page_SiteTesting Administration Search/a_Add a new course' is clicked on

2022-01-16 10:17:12 - [MESSAGE][PASSED] - Object: 'Object Repository/NewTag/Page_SiteTesting Administration Search/a_Add a new course' is clicked on

2022-01-16 10:17:12 - [TEST_STEP][FAILED] - click(findTestObject("Object Repository/NewTag/Page_SiteTesting Add a new course/a_Tags")): Unable to click on object 'Object Repository/NewTag/Page_SiteTesting Add a new course/a_Tags' (Root cause: com.kms.katalon.core.exception.StepFailedException: Unable to click on object 'Object Repository/NewTag/Page_SiteTesting Add a new course/a_Tags'
	at com.kms.katalon.core.webui.keyword.internal.WebUIKeywordMain.stepFailed(WebUIKeywordMain.groovy:64)
	at com.kms.katalon.core.webui.keyword.internal.WebUIKeywordMain.runKeyword(WebUIKeywordMain.groovy:26)
	at com.kms.katalon.core.webui.keyword.builtin.ClickKeyword.click(ClickKeyword.groovy:74)
	at com.kms.katalon.core.webui.keyword.builtin.ClickKeyword.execute(ClickKeyword.groovy:40)
	at com.kms.katalon.core.keyword.internal.KeywordExecutor.executeKeywordForPlatform(KeywordExecutor.groovy:74)
	at com.kms.katalon.core.webui.keyword.WebUiBuiltInKeywords.click(WebUiBuiltInKeywords.groovy:620)
	at com.kms.katalon.core.webui.keyword.WebUiBuiltInKeywords$click$1.call(Unknown Source)
	at 1. Create New Tag Success.run(1. Create New Tag Success:40)
	at com.kms.katalon.core.main.ScriptEngine.run(ScriptEngine.java:194)
	at com.kms.katalon.core.main.ScriptEngine.runScriptAsRawText(ScriptEngine.java:119)
	at com.kms.katalon.core.main.TestCaseExecutor.runScript(TestCaseExecutor.java:442)
	at com.kms.katalon.core.main.TestCaseExecutor.doExecute(TestCaseExecutor.java:433)
	at com.kms.katalon.core.main.TestCaseExecutor.processExecutionPhase(TestCaseExecutor.java:412)
	at com.kms.katalon.core.main.TestCaseExecutor.accessMainPhase(TestCaseExecutor.java:404)
	at com.kms.katalon.core.main.TestCaseExecutor.execute(TestCaseExecutor.java:281)
	at com.kms.katalon.core.main.TestSuiteExecutor.accessTestCaseMainPhase(TestSuiteExecutor.java:202)
	at com.kms.katalon.core.main.TestSuiteExecutor.accessTestSuiteMainPhase(TestSuiteExecutor.java:164)
	at com.kms.katalon.core.main.TestSuiteExecutor.execute(TestSuiteExecutor.java:105)
	at com.kms.katalon.core.main.TestCaseMain.startTestSuite(TestCaseMain.java:181)
	at com.kms.katalon.core.main.TestCaseMain$startTestSuite$0.call(Unknown Source)
	at TempTestSuite1642300051220.run(TempTestSuite1642300051220.groovy:36)
Caused by: com.kms.katalon.core.webui.exception.WebElementNotFoundException: Web element with id: 'Object Repository/NewTag/Page_SiteTesting Add a new course/a_Tags' located by '//*[@href = '#' and (text() = 'Tags' or . = 'Tags')]' not found
	at com.kms.katalon.core.webui.common.WebUiCommonHelper.findWebElement(WebUiCommonHelper.java:1368)
	at com.kms.katalon.core.webui.keyword.internal.WebUIAbstractKeyword.findWebElement(WebUIAbstractKeyword.groovy:27)
	at com.kms.katalon.core.webui.keyword.builtin.ClickKeyword$_click_closure1.doCall(ClickKeyword.groovy:65)
	at com.kms.katalon.core.webui.keyword.builtin.ClickKeyword$_click_closure1.call(ClickKeyword.groovy)
	at com.kms.katalon.core.webui.keyword.internal.WebUIKeywordMain.runKeyword(WebUIKeywordMain.groovy:20)
	at com.kms.katalon.core.webui.keyword.builtin.ClickKeyword.click(ClickKeyword.groovy:74)
	at com.kms.katalon.core.webui.keyword.builtin.ClickKeyword.execute(ClickKeyword.groovy:40)
	at com.kms.katalon.core.keyword.internal.KeywordExecutor.executeKeywordForPlatform(KeywordExecutor.groovy:74)
	at com.kms.katalon.core.webui.keyword.WebUiBuiltInKeywords.click(WebUiBuiltInKeywords.groovy:620)
	at com.kms.katalon.core.webui.keyword.WebUiBuiltInKeywords$click$1.call(Unknown Source)
	at Script1641520783167.run(Script1641520783167.groovy:40)
	... 13 more
)

2022-01-16 10:17:43 - [MESSAGE][INFO] - Unable to find the element located by 'By.xpath: //*[@href = '#' and (text() = 'Tags' or . = 'Tags')]'. Please recheck the objects properties to make sure the desired element is located. 

2022-01-16 10:17:43 - [MESSAGE][WARNING] - [SELF-HEALING] Failed to find element with id 'Object Repository/NewTag/Page_SiteTesting Add a new course/a_Tags'. Try using Self-healing.

2022-01-16 10:17:44 - [MESSAGE][INFO] - Unable to find the element located by 'By.xpath: //a[@id='yui_3_17_2_1_1641560066667_96']'. Please recheck the objects properties to make sure the desired element is located. 

2022-01-16 10:17:44 - [MESSAGE][INFO] - [SELF-HEALING] Failed Locator: '//a[@id='yui_3_17_2_1_1641560066667_96']'.

2022-01-16 10:17:45 - [MESSAGE][INFO] - [SELF-HEALING] Failed Locator: '//legend[@id='yui_3_17_2_1_1641560066667_1039']/a'.

2022-01-16 10:17:45 - [MESSAGE][INFO] - [SELF-HEALING] Failed Locator: '//a[contains(text(),'Tags')]'.

2022-01-16 10:17:45 - [MESSAGE][INFO] - [SELF-HEALING] Working Locator: '(.//*[normalize-space(text()) and normalize-space(.)=concat('Your word for ', "'", 'Authenticated user on frontpage', "'", '')])[1]/following::a[1]'.

2022-01-16 10:18:15 - [MESSAGE][ERROR] - [SELF-HEALING] Cannot save screenshot to: E:\MoodleTestByKatalon\Reports\Self-healing, reason: timeout: Timed out receiving message from renderer: 10.000
  (Session info: MicrosoftEdge=97.0.1072.62)
Build info: version: '3.141.59', revision: 'e82be7d358', time: '2018-11-14T08:25:53'
System info: host: 'LAPTOP-O4I5TINJ', ip: '192.168.11.1', os.name: 'Windows 10', os.arch: 'amd64', os.version: '10.0', java.version: '1.8.0_282'
Driver info: com.kms.katalon.selenium.driver.CEdgeDriver
Capabilities {acceptInsecureCerts: false, browserName: msedge, browserVersion: 97.0.1072.62, javascriptEnabled: true, ms:edgeOptions: {debuggerAddress: localhost:65387}, msedge: {msedgedriverVersion: 97.0.1072.55 (ce3bf33648805..., userDataDir: C:\Users\ASUS\AppData\Local...}, networkConnectionEnabled: false, pageLoadStrategy: normal, platform: WINDOWS, platformName: WINDOWS, proxy: Proxy(), setWindowRect: true, strictFileInteractability: false, timeouts: {implicit: 0, pageLoad: 300000, script: 30000}, unhandledPromptBehavior: dismiss and notify, webauthn:extension:credBlob: true, webauthn:extension:largeBlob: true, webauthn:virtualAuthenticators: true}
Session ID: bd8deacf7776ad3230ec480a91b3678c.

2022-01-16 10:18:45 - [MESSAGE][ERROR] - [SELF-HEALING] Cannot save screenshot to: E:\MoodleTestByKatalon\Reports\Self-healing, reason: timeout: Timed out receiving message from renderer: 10.000
  (Session info: MicrosoftEdge=97.0.1072.62)
Build info: version: '3.141.59', revision: 'e82be7d358', time: '2018-11-14T08:25:53'
System info: host: 'LAPTOP-O4I5TINJ', ip: '192.168.11.1', os.name: 'Windows 10', os.arch: 'amd64', os.version: '10.0', java.version: '1.8.0_282'
Driver info: com.kms.katalon.selenium.driver.CEdgeDriver
Capabilities {acceptInsecureCerts: false, browserName: msedge, browserVersion: 97.0.1072.62, javascriptEnabled: true, ms:edgeOptions: {debuggerAddress: localhost:65387}, msedge: {msedgedriverVersion: 97.0.1072.55 (ce3bf33648805..., userDataDir: C:\Users\ASUS\AppData\Local...}, networkConnectionEnabled: false, pageLoadStrategy: normal, platform: WINDOWS, platformName: WINDOWS, proxy: Proxy(), setWindowRect: true, strictFileInteractability: false, timeouts: {implicit: 0, pageLoad: 300000, script: 30000}, unhandledPromptBehavior: dismiss and notify, webauthn:extension:credBlob: true, webauthn:extension:largeBlob: true, webauthn:virtualAuthenticators: true}
Session ID: bd8deacf7776ad3230ec480a91b3678c.

2022-01-16 10:18:45 - [MESSAGE][WARNING] - [SELF-HEALING] 'other' is different type of Path

2022-01-16 10:18:46 - [MESSAGE][INFO] - Unable to find the element located by 'By.cssSelector: #yui_3_17_2_1_1641560066667_96'. Please recheck the objects properties to make sure the desired element is located. 

2022-01-16 10:18:47 - [MESSAGE][FAILED] - Unable to click on object 'Object Repository/NewTag/Page_SiteTesting Add a new course/a_Tags' (Root cause: com.kms.katalon.core.exception.StepFailedException: Unable to click on object 'Object Repository/NewTag/Page_SiteTesting Add a new course/a_Tags'
	at com.kms.katalon.core.webui.keyword.internal.WebUIKeywordMain.stepFailed(WebUIKeywordMain.groovy:64)
	at com.kms.katalon.core.webui.keyword.internal.WebUIKeywordMain.runKeyword(WebUIKeywordMain.groovy:26)
	at com.kms.katalon.core.webui.keyword.builtin.ClickKeyword.click(ClickKeyword.groovy:74)
	at com.kms.katalon.core.webui.keyword.builtin.ClickKeyword.execute(ClickKeyword.groovy:40)
	at com.kms.katalon.core.keyword.internal.KeywordExecutor.executeKeywordForPlatform(KeywordExecutor.groovy:74)
	at com.kms.katalon.core.webui.keyword.WebUiBuiltInKeywords.click(WebUiBuiltInKeywords.groovy:620)
	at com.kms.katalon.core.webui.keyword.WebUiBuiltInKeywords$click$1.call(Unknown Source)
	at 1. Create New Tag Success.run(1. Create New Tag Success:40)
	at com.kms.katalon.core.main.ScriptEngine.run(ScriptEngine.java:194)
	at com.kms.katalon.core.main.ScriptEngine.runScriptAsRawText(ScriptEngine.java:119)
	at com.kms.katalon.core.main.TestCaseExecutor.runScript(TestCaseExecutor.java:442)
	at com.kms.katalon.core.main.TestCaseExecutor.doExecute(TestCaseExecutor.java:433)
	at com.kms.katalon.core.main.TestCaseExecutor.processExecutionPhase(TestCaseExecutor.java:412)
	at com.kms.katalon.core.main.TestCaseExecutor.accessMainPhase(TestCaseExecutor.java:404)
	at com.kms.katalon.core.main.TestCaseExecutor.execute(TestCaseExecutor.java:281)
	at com.kms.katalon.core.main.TestSuiteExecutor.accessTestCaseMainPhase(TestSuiteExecutor.java:202)
	at com.kms.katalon.core.main.TestSuiteExecutor.accessTestSuiteMainPhase(TestSuiteExecutor.java:164)
	at com.kms.katalon.core.main.TestSuiteExecutor.execute(TestSuiteExecutor.java:105)
	at com.kms.katalon.core.main.TestCaseMain.startTestSuite(TestCaseMain.java:181)
	at com.kms.katalon.core.main.TestCaseMain$startTestSuite$0.call(Unknown Source)
	at TempTestSuite1642300051220.run(TempTestSuite1642300051220.groovy:36)
Caused by: com.kms.katalon.core.webui.exception.WebElementNotFoundException: Web element with id: 'Object Repository/NewTag/Page_SiteTesting Add a new course/a_Tags' located by '//*[@href = '#' and (text() = 'Tags' or . = 'Tags')]' not found
	at com.kms.katalon.core.webui.common.WebUiCommonHelper.findWebElement(WebUiCommonHelper.java:1368)
	at com.kms.katalon.core.webui.keyword.internal.WebUIAbstractKeyword.findWebElement(WebUIAbstractKeyword.groovy:27)
	at com.kms.katalon.core.webui.keyword.builtin.ClickKeyword$_click_closure1.doCall(ClickKeyword.groovy:65)
	at com.kms.katalon.core.webui.keyword.builtin.ClickKeyword$_click_closure1.call(ClickKeyword.groovy)
	at com.kms.katalon.core.webui.keyword.internal.WebUIKeywordMain.runKeyword(WebUIKeywordMain.groovy:20)
	at com.kms.katalon.core.webui.keyword.builtin.ClickKeyword.click(ClickKeyword.groovy:74)
	at com.kms.katalon.core.webui.keyword.builtin.ClickKeyword.execute(ClickKeyword.groovy:40)
	at com.kms.katalon.core.keyword.internal.KeywordExecutor.executeKeywordForPlatform(KeywordExecutor.groovy:74)
	at com.kms.katalon.core.webui.keyword.WebUiBuiltInKeywords.click(WebUiBuiltInKeywords.groovy:620)
	at com.kms.katalon.core.webui.keyword.WebUiBuiltInKeywords$click$1.call(Unknown Source)
	at Script1641520783167.run(Script1641520783167.groovy:40)
	... 13 more
)
[[ATTACHMENT|E:\\MoodleTestByKatalon\\Reports\\20220116_092731\\Run all test cases\\20220116_092731\\1642303126922.png]]]]></system-out>
         <system-err><![CDATA[2022-01-16 10:16:59 - [TEST_CASE][FAILED] - Test Cases/NewTag/1. Create New Tag Success: Test Cases/NewTag/1. Create New Tag Success FAILED.
Reason:
com.kms.katalon.core.exception.StepFailedException: Unable to click on object 'Object Repository/NewTag/Page_SiteTesting Add a new course/a_Tags'
	at com.kms.katalon.core.webui.keyword.internal.WebUIKeywordMain.stepFailed(WebUIKeywordMain.groovy:64)
	at com.kms.katalon.core.webui.keyword.internal.WebUIKeywordMain.runKeyword(WebUIKeywordMain.groovy:26)
	at com.kms.katalon.core.webui.keyword.builtin.ClickKeyword.click(ClickKeyword.groovy:74)
	at com.kms.katalon.core.webui.keyword.builtin.ClickKeyword.execute(ClickKeyword.groovy:40)
	at com.kms.katalon.core.keyword.internal.KeywordExecutor.executeKeywordForPlatform(KeywordExecutor.groovy:74)
	at com.kms.katalon.core.webui.keyword.WebUiBuiltInKeywords.click(WebUiBuiltInKeywords.groovy:620)
	at com.kms.katalon.core.webui.keyword.WebUiBuiltInKeywords$click$1.call(Unknown Source)
	at 1. Create New Tag Success.run(1. Create New Tag Success:40)
	at com.kms.katalon.core.main.ScriptEngine.run(ScriptEngine.java:194)
	at com.kms.katalon.core.main.ScriptEngine.runScriptAsRawText(ScriptEngine.java:119)
	at com.kms.katalon.core.main.TestCaseExecutor.runScript(TestCaseExecutor.java:442)
	at com.kms.katalon.core.main.TestCaseExecutor.doExecute(TestCaseExecutor.java:433)
	at com.kms.katalon.core.main.TestCaseExecutor.processExecutionPhase(TestCaseExecutor.java:412)
	at com.kms.katalon.core.main.TestCaseExecutor.accessMainPhase(TestCaseExecutor.java:404)
	at com.kms.katalon.core.main.TestCaseExecutor.execute(TestCaseExecutor.java:281)
	at com.kms.katalon.core.main.TestSuiteExecutor.accessTestCaseMainPhase(TestSuiteExecutor.java:202)
	at com.kms.katalon.core.main.TestSuiteExecutor.accessTestSuiteMainPhase(TestSuiteExecutor.java:164)
	at com.kms.katalon.core.main.TestSuiteExecutor.execute(TestSuiteExecutor.java:105)
	at com.kms.katalon.core.main.TestCaseMain.startTestSuite(TestCaseMain.java:181)
	at com.kms.katalon.core.main.TestCaseMain$startTestSuite$0.call(Unknown Source)
	at TempTestSuite1642300051220.run(TempTestSuite1642300051220.groovy:36)
Caused by: com.kms.katalon.core.webui.exception.WebElementNotFoundException: Web element with id: 'Object Repository/NewTag/Page_SiteTesting Add a new course/a_Tags' located by '//*[@href = '#' and (text() = 'Tags' or . = 'Tags')]' not found
	at com.kms.katalon.core.webui.common.WebUiCommonHelper.findWebElement(WebUiCommonHelper.java:1368)
	at com.kms.katalon.core.webui.keyword.internal.WebUIAbstractKeyword.findWebElement(WebUIAbstractKeyword.groovy:27)
	at com.kms.katalon.core.webui.keyword.builtin.ClickKeyword$_click_closure1.doCall(ClickKeyword.groovy:65)
	at com.kms.katalon.core.webui.keyword.builtin.ClickKeyword$_click_closure1.call(ClickKeyword.groovy)
	at com.kms.katalon.core.webui.keyword.internal.WebUIKeywordMain.runKeyword(WebUIKeywordMain.groovy:20)
	... 19 more]]></system-err>
      </testcase>
      <testcase name="Test Cases/NewTag/2. Create new tag with blank field" time="106.815" classname="Test Cases/NewTag/2. Create new tag with blank field" status="FAILED">
         <failure type="FAILED" message="Test Cases/NewTag/2. Create new tag with blank field FAILED.
Reason:
com.kms.katalon.core.exception.StepFailedException: Unable to click on object 'Object Repository/NewTag/Page_SiteTesting Add a new course/a_Tags'
	at com.kms.katalon.core.webui.keyword.internal.WebUIKeywordMain.stepFailed(WebUIKeywordMain.groovy:64)
	at com.kms.katalon.core.webui.keyword.internal.WebUIKeywordMain.runKeyword(WebUIKeywordMain.groovy:26)
	at com.kms.katalon.core.webui.keyword.builtin.ClickKeyword.click(ClickKeyword.groovy:74)
	at com.kms.katalon.core.webui.keyword.builtin.ClickKeyword.execute(ClickKeyword.groovy:40)
	at com.kms.katalon.core.keyword.internal.KeywordExecutor.executeKeywordForPlatform(KeywordExecutor.groovy:74)
	at com.kms.katalon.core.webui.keyword.WebUiBuiltInKeywords.click(WebUiBuiltInKeywords.groovy:620)
	at com.kms.katalon.core.webui.keyword.WebUiBuiltInKeywords$click$1.call(Unknown Source)
	at 2. Create new tag with blank field.run(2. Create new tag with blank field:40)
	at com.kms.katalon.core.main.ScriptEngine.run(ScriptEngine.java:194)
	at com.kms.katalon.core.main.ScriptEngine.runScriptAsRawText(ScriptEngine.java:119)
	at com.kms.katalon.core.main.TestCaseExecutor.runScript(TestCaseExecutor.java:442)
	at com.kms.katalon.core.main.TestCaseExecutor.doExecute(TestCaseExecutor.java:433)
	at com.kms.katalon.core.main.TestCaseExecutor.processExecutionPhase(TestCaseExecutor.java:412)
	at com.kms.katalon.core.main.TestCaseExecutor.accessMainPhase(TestCaseExecutor.java:404)
	at com.kms.katalon.core.main.TestCaseExecutor.execute(TestCaseExecutor.java:281)
	at com.kms.katalon.core.main.TestSuiteExecutor.accessTestCaseMainPhase(TestSuiteExecutor.java:202)
	at com.kms.katalon.core.main.TestSuiteExecutor.accessTestSuiteMainPhase(TestSuiteExecutor.java:164)
	at com.kms.katalon.core.main.TestSuiteExecutor.execute(TestSuiteExecutor.java:105)
	at com.kms.katalon.core.main.TestCaseMain.startTestSuite(TestCaseMain.java:181)
	at com.kms.katalon.core.main.TestCaseMain$startTestSuite$0.call(Unknown Source)
	at TempTestSuite1642300051220.run(TempTestSuite1642300051220.groovy:36)
Caused by: com.kms.katalon.core.webui.exception.WebElementNotFoundException: Web element with id: 'Object Repository/NewTag/Page_SiteTesting Add a new course/a_Tags' located by '//*[@href = '#' and (text() = 'Tags' or . = 'Tags')]' not found
	at com.kms.katalon.core.webui.common.WebUiCommonHelper.findWebElement(WebUiCommonHelper.java:1368)
	at com.kms.katalon.core.webui.keyword.internal.WebUIAbstractKeyword.findWebElement(WebUIAbstractKeyword.groovy:27)
	at com.kms.katalon.core.webui.keyword.builtin.ClickKeyword$_click_closure1.doCall(ClickKeyword.groovy:65)
	at com.kms.katalon.core.webui.keyword.builtin.ClickKeyword$_click_closure1.call(ClickKeyword.groovy)
	at com.kms.katalon.core.webui.keyword.internal.WebUIKeywordMain.runKeyword(WebUIKeywordMain.groovy:20)
	... 19 more
"/>
         <system-out><![CDATA[2022-01-16 10:18:47 - [TEST_CASE][FAILED] - Test Cases/NewTag/2. Create new tag with blank field: Test Cases/NewTag/2. Create new tag with blank field FAILED.
Reason:
com.kms.katalon.core.exception.StepFailedException: Unable to click on object 'Object Repository/NewTag/Page_SiteTesting Add a new course/a_Tags'
	at com.kms.katalon.core.webui.keyword.internal.WebUIKeywordMain.stepFailed(WebUIKeywordMain.groovy:64)
	at com.kms.katalon.core.webui.keyword.internal.WebUIKeywordMain.runKeyword(WebUIKeywordMain.groovy:26)
	at com.kms.katalon.core.webui.keyword.builtin.ClickKeyword.click(ClickKeyword.groovy:74)
	at com.kms.katalon.core.webui.keyword.builtin.ClickKeyword.execute(ClickKeyword.groovy:40)
	at com.kms.katalon.core.keyword.internal.KeywordExecutor.executeKeywordForPlatform(KeywordExecutor.groovy:74)
	at com.kms.katalon.core.webui.keyword.WebUiBuiltInKeywords.click(WebUiBuiltInKeywords.groovy:620)
	at com.kms.katalon.core.webui.keyword.WebUiBuiltInKeywords$click$1.call(Unknown Source)
	at 2. Create new tag with blank field.run(2. Create new tag with blank field:40)
	at com.kms.katalon.core.main.ScriptEngine.run(ScriptEngine.java:194)
	at com.kms.katalon.core.main.ScriptEngine.runScriptAsRawText(ScriptEngine.java:119)
	at com.kms.katalon.core.main.TestCaseExecutor.runScript(TestCaseExecutor.java:442)
	at com.kms.katalon.core.main.TestCaseExecutor.doExecute(TestCaseExecutor.java:433)
	at com.kms.katalon.core.main.TestCaseExecutor.processExecutionPhase(TestCaseExecutor.java:412)
	at com.kms.katalon.core.main.TestCaseExecutor.accessMainPhase(TestCaseExecutor.java:404)
	at com.kms.katalon.core.main.TestCaseExecutor.execute(TestCaseExecutor.java:281)
	at com.kms.katalon.core.main.TestSuiteExecutor.accessTestCaseMainPhase(TestSuiteExecutor.java:202)
	at com.kms.katalon.core.main.TestSuiteExecutor.accessTestSuiteMainPhase(TestSuiteExecutor.java:164)
	at com.kms.katalon.core.main.TestSuiteExecutor.execute(TestSuiteExecutor.java:105)
	at com.kms.katalon.core.main.TestCaseMain.startTestSuite(TestCaseMain.java:181)
	at com.kms.katalon.core.main.TestCaseMain$startTestSuite$0.call(Unknown Source)
	at TempTestSuite1642300051220.run(TempTestSuite1642300051220.groovy:36)
Caused by: com.kms.katalon.core.webui.exception.WebElementNotFoundException: Web element with id: 'Object Repository/NewTag/Page_SiteTesting Add a new course/a_Tags' located by '//*[@href = '#' and (text() = 'Tags' or . = 'Tags')]' not found
	at com.kms.katalon.core.webui.common.WebUiCommonHelper.findWebElement(WebUiCommonHelper.java:1368)
	at com.kms.katalon.core.webui.keyword.internal.WebUIAbstractKeyword.findWebElement(WebUIAbstractKeyword.groovy:27)
	at com.kms.katalon.core.webui.keyword.builtin.ClickKeyword$_click_closure1.doCall(ClickKeyword.groovy:65)
	at com.kms.katalon.core.webui.keyword.builtin.ClickKeyword$_click_closure1.call(ClickKeyword.groovy)
	at com.kms.katalon.core.webui.keyword.internal.WebUIKeywordMain.runKeyword(WebUIKeywordMain.groovy:20)
	... 19 more


2022-01-16 10:18:47 - [TEST_STEP][PASSED] - openBrowser(""): Browser is opened with url: ''

2022-01-16 10:18:47 - [MESSAGE][WARNING] - A browser is already opened. Closing browser and opening a new one

2022-01-16 10:18:48 - [MESSAGE][INFO] - Starting 'Edge Chromium' driver

2022-01-16 10:18:50 - [MESSAGE][INFO] - Action delay is set to 0 milliseconds

2022-01-16 10:18:51 - [MESSAGE][PASSED] - Browser is opened with url: ''

2022-01-16 10:18:51 - [TEST_STEP][PASSED] - navigateToUrl("http://localhost/"): Navigate to 'http://localhost/' successfully

2022-01-16 10:18:51 - [MESSAGE][PASSED] - Navigate to 'http://localhost/' successfully

2022-01-16 10:18:51 - [TEST_STEP][PASSED] - click(findTestObject("Object Repository/NewTag/Page_Automation Testing Site/a_Log in")): Object: 'Object Repository/NewTag/Page_Automation Testing Site/a_Log in' is clicked on

2022-01-16 10:18:52 - [MESSAGE][PASSED] - Object: 'Object Repository/NewTag/Page_Automation Testing Site/a_Log in' is clicked on

2022-01-16 10:18:52 - [TEST_STEP][PASSED] - setText(findTestObject("Object Repository/NewTag/Page_Automation Testing Site Log in to the site/input_Username_username"), "admin"): Text 'admin' is set on object 'Object Repository/NewTag/Page_Automation Testing Site Log in to the site/input_Username_username'

2022-01-16 10:18:53 - [MESSAGE][PASSED] - Text 'admin' is set on object 'Object Repository/NewTag/Page_Automation Testing Site Log in to the site/input_Username_username'

2022-01-16 10:18:53 - [TEST_STEP][PASSED] - setEncryptedText(findTestObject("Object Repository/NewTag/Page_Automation Testing Site Log in to the site/input_Password_password"), "cnpXG5HhkrZpEXzNIGBMZQ=="): Text ****** has been set on object 'Object Repository/NewTag/Page_Automation Testing Site Log in to the site/input_Password_password'

2022-01-16 10:18:53 - [MESSAGE][PASSED] - Text ****** has been set on object 'Object Repository/NewTag/Page_Automation Testing Site Log in to the site/input_Password_password'

2022-01-16 10:18:53 - [TEST_STEP][PASSED] - click(findTestObject("Object Repository/NewTag/Page_Automation Testing Site Log in to the site/button_Log in")): Object: 'Object Repository/NewTag/Page_Automation Testing Site Log in to the site/button_Log in' is clicked on

2022-01-16 10:18:55 - [MESSAGE][PASSED] - Object: 'Object Repository/NewTag/Page_Automation Testing Site Log in to the site/button_Log in' is clicked on

2022-01-16 10:18:55 - [TEST_STEP][PASSED] - click(findTestObject("Object Repository/NewTag/Page_Dashboard/span_Site administration")): Object: 'Object Repository/NewTag/Page_Dashboard/span_Site administration' is clicked on

2022-01-16 10:18:56 - [MESSAGE][PASSED] - Object: 'Object Repository/NewTag/Page_Dashboard/span_Site administration' is clicked on

2022-01-16 10:18:56 - [TEST_STEP][PASSED] - click(findTestObject("Object Repository/NewTag/Page_SiteTesting Administration Search/a_Courses")): Object: 'Object Repository/NewTag/Page_SiteTesting Administration Search/a_Courses' is clicked on

2022-01-16 10:18:57 - [MESSAGE][PASSED] - Object: 'Object Repository/NewTag/Page_SiteTesting Administration Search/a_Courses' is clicked on

2022-01-16 10:18:57 - [TEST_STEP][PASSED] - click(findTestObject("Object Repository/NewTag/Page_SiteTesting Administration Search/a_Add a new course")): Object: 'Object Repository/NewTag/Page_SiteTesting Administration Search/a_Add a new course' is clicked on

2022-01-16 10:18:58 - [MESSAGE][PASSED] - Object: 'Object Repository/NewTag/Page_SiteTesting Administration Search/a_Add a new course' is clicked on

2022-01-16 10:18:58 - [TEST_STEP][FAILED] - click(findTestObject("Object Repository/NewTag/Page_SiteTesting Add a new course/a_Tags")): Unable to click on object 'Object Repository/NewTag/Page_SiteTesting Add a new course/a_Tags' (Root cause: com.kms.katalon.core.exception.StepFailedException: Unable to click on object 'Object Repository/NewTag/Page_SiteTesting Add a new course/a_Tags'
	at com.kms.katalon.core.webui.keyword.internal.WebUIKeywordMain.stepFailed(WebUIKeywordMain.groovy:64)
	at com.kms.katalon.core.webui.keyword.internal.WebUIKeywordMain.runKeyword(WebUIKeywordMain.groovy:26)
	at com.kms.katalon.core.webui.keyword.builtin.ClickKeyword.click(ClickKeyword.groovy:74)
	at com.kms.katalon.core.webui.keyword.builtin.ClickKeyword.execute(ClickKeyword.groovy:40)
	at com.kms.katalon.core.keyword.internal.KeywordExecutor.executeKeywordForPlatform(KeywordExecutor.groovy:74)
	at com.kms.katalon.core.webui.keyword.WebUiBuiltInKeywords.click(WebUiBuiltInKeywords.groovy:620)
	at com.kms.katalon.core.webui.keyword.WebUiBuiltInKeywords$click$1.call(Unknown Source)
	at 2. Create new tag with blank field.run(2. Create new tag with blank field:40)
	at com.kms.katalon.core.main.ScriptEngine.run(ScriptEngine.java:194)
	at com.kms.katalon.core.main.ScriptEngine.runScriptAsRawText(ScriptEngine.java:119)
	at com.kms.katalon.core.main.TestCaseExecutor.runScript(TestCaseExecutor.java:442)
	at com.kms.katalon.core.main.TestCaseExecutor.doExecute(TestCaseExecutor.java:433)
	at com.kms.katalon.core.main.TestCaseExecutor.processExecutionPhase(TestCaseExecutor.java:412)
	at com.kms.katalon.core.main.TestCaseExecutor.accessMainPhase(TestCaseExecutor.java:404)
	at com.kms.katalon.core.main.TestCaseExecutor.execute(TestCaseExecutor.java:281)
	at com.kms.katalon.core.main.TestSuiteExecutor.accessTestCaseMainPhase(TestSuiteExecutor.java:202)
	at com.kms.katalon.core.main.TestSuiteExecutor.accessTestSuiteMainPhase(TestSuiteExecutor.java:164)
	at com.kms.katalon.core.main.TestSuiteExecutor.execute(TestSuiteExecutor.java:105)
	at com.kms.katalon.core.main.TestCaseMain.startTestSuite(TestCaseMain.java:181)
	at com.kms.katalon.core.main.TestCaseMain$startTestSuite$0.call(Unknown Source)
	at TempTestSuite1642300051220.run(TempTestSuite1642300051220.groovy:36)
Caused by: com.kms.katalon.core.webui.exception.WebElementNotFoundException: Web element with id: 'Object Repository/NewTag/Page_SiteTesting Add a new course/a_Tags' located by '//*[@href = '#' and (text() = 'Tags' or . = 'Tags')]' not found
	at com.kms.katalon.core.webui.common.WebUiCommonHelper.findWebElement(WebUiCommonHelper.java:1368)
	at com.kms.katalon.core.webui.keyword.internal.WebUIAbstractKeyword.findWebElement(WebUIAbstractKeyword.groovy:27)
	at com.kms.katalon.core.webui.keyword.builtin.ClickKeyword$_click_closure1.doCall(ClickKeyword.groovy:65)
	at com.kms.katalon.core.webui.keyword.builtin.ClickKeyword$_click_closure1.call(ClickKeyword.groovy)
	at com.kms.katalon.core.webui.keyword.internal.WebUIKeywordMain.runKeyword(WebUIKeywordMain.groovy:20)
	at com.kms.katalon.core.webui.keyword.builtin.ClickKeyword.click(ClickKeyword.groovy:74)
	at com.kms.katalon.core.webui.keyword.builtin.ClickKeyword.execute(ClickKeyword.groovy:40)
	at com.kms.katalon.core.keyword.internal.KeywordExecutor.executeKeywordForPlatform(KeywordExecutor.groovy:74)
	at com.kms.katalon.core.webui.keyword.WebUiBuiltInKeywords.click(WebUiBuiltInKeywords.groovy:620)
	at com.kms.katalon.core.webui.keyword.WebUiBuiltInKeywords$click$1.call(Unknown Source)
	at Script1641560022245.run(Script1641560022245.groovy:40)
	... 13 more
)

2022-01-16 10:19:30 - [MESSAGE][INFO] - Unable to find the element located by 'By.xpath: //*[@href = '#' and (text() = 'Tags' or . = 'Tags')]'. Please recheck the objects properties to make sure the desired element is located. 

2022-01-16 10:19:30 - [MESSAGE][WARNING] - [SELF-HEALING] Failed to find element with id 'Object Repository/NewTag/Page_SiteTesting Add a new course/a_Tags'. Try using Self-healing.

2022-01-16 10:19:31 - [MESSAGE][INFO] - Unable to find the element located by 'By.xpath: //a[@id='yui_3_17_2_1_1641560066667_96']'. Please recheck the objects properties to make sure the desired element is located. 

2022-01-16 10:19:31 - [MESSAGE][INFO] - [SELF-HEALING] Failed Locator: '//a[@id='yui_3_17_2_1_1641560066667_96']'.

2022-01-16 10:19:31 - [MESSAGE][INFO] - [SELF-HEALING] Failed Locator: '//legend[@id='yui_3_17_2_1_1641560066667_1039']/a'.

2022-01-16 10:19:32 - [MESSAGE][INFO] - [SELF-HEALING] Failed Locator: '//a[contains(text(),'Tags')]'.

2022-01-16 10:19:32 - [MESSAGE][INFO] - [SELF-HEALING] Working Locator: '(.//*[normalize-space(text()) and normalize-space(.)=concat('Your word for ', "'", 'Authenticated user on frontpage', "'", '')])[1]/following::a[1]'.

2022-01-16 10:20:02 - [MESSAGE][ERROR] - [SELF-HEALING] Cannot save screenshot to: E:\MoodleTestByKatalon\Reports\Self-healing, reason: timeout: Timed out receiving message from renderer: 10.000
  (Session info: MicrosoftEdge=97.0.1072.62)
Build info: version: '3.141.59', revision: 'e82be7d358', time: '2018-11-14T08:25:53'
System info: host: 'LAPTOP-O4I5TINJ', ip: '192.168.11.1', os.name: 'Windows 10', os.arch: 'amd64', os.version: '10.0', java.version: '1.8.0_282'
Driver info: com.kms.katalon.selenium.driver.CEdgeDriver
Capabilities {acceptInsecureCerts: false, browserName: msedge, browserVersion: 97.0.1072.62, javascriptEnabled: true, ms:edgeOptions: {debuggerAddress: localhost:65477}, msedge: {msedgedriverVersion: 97.0.1072.55 (ce3bf33648805..., userDataDir: C:\Users\ASUS\AppData\Local...}, networkConnectionEnabled: false, pageLoadStrategy: normal, platform: WINDOWS, platformName: WINDOWS, proxy: Proxy(), setWindowRect: true, strictFileInteractability: false, timeouts: {implicit: 0, pageLoad: 300000, script: 30000}, unhandledPromptBehavior: dismiss and notify, webauthn:extension:credBlob: true, webauthn:extension:largeBlob: true, webauthn:virtualAuthenticators: true}
Session ID: e2fe78b704df2c516352d948797efd54.

2022-01-16 10:20:32 - [MESSAGE][ERROR] - [SELF-HEALING] Cannot save screenshot to: E:\MoodleTestByKatalon\Reports\Self-healing, reason: timeout: Timed out receiving message from renderer: 10.000
  (Session info: MicrosoftEdge=97.0.1072.62)
Build info: version: '3.141.59', revision: 'e82be7d358', time: '2018-11-14T08:25:53'
System info: host: 'LAPTOP-O4I5TINJ', ip: '192.168.11.1', os.name: 'Windows 10', os.arch: 'amd64', os.version: '10.0', java.version: '1.8.0_282'
Driver info: com.kms.katalon.selenium.driver.CEdgeDriver
Capabilities {acceptInsecureCerts: false, browserName: msedge, browserVersion: 97.0.1072.62, javascriptEnabled: true, ms:edgeOptions: {debuggerAddress: localhost:65477}, msedge: {msedgedriverVersion: 97.0.1072.55 (ce3bf33648805..., userDataDir: C:\Users\ASUS\AppData\Local...}, networkConnectionEnabled: false, pageLoadStrategy: normal, platform: WINDOWS, platformName: WINDOWS, proxy: Proxy(), setWindowRect: true, strictFileInteractability: false, timeouts: {implicit: 0, pageLoad: 300000, script: 30000}, unhandledPromptBehavior: dismiss and notify, webauthn:extension:credBlob: true, webauthn:extension:largeBlob: true, webauthn:virtualAuthenticators: true}
Session ID: e2fe78b704df2c516352d948797efd54.

2022-01-16 10:20:32 - [MESSAGE][WARNING] - [SELF-HEALING] 'other' is different type of Path

2022-01-16 10:20:33 - [MESSAGE][INFO] - Unable to find the element located by 'By.cssSelector: #yui_3_17_2_1_1641560066667_96'. Please recheck the objects properties to make sure the desired element is located. 

2022-01-16 10:20:34 - [MESSAGE][FAILED] - Unable to click on object 'Object Repository/NewTag/Page_SiteTesting Add a new course/a_Tags' (Root cause: com.kms.katalon.core.exception.StepFailedException: Unable to click on object 'Object Repository/NewTag/Page_SiteTesting Add a new course/a_Tags'
	at com.kms.katalon.core.webui.keyword.internal.WebUIKeywordMain.stepFailed(WebUIKeywordMain.groovy:64)
	at com.kms.katalon.core.webui.keyword.internal.WebUIKeywordMain.runKeyword(WebUIKeywordMain.groovy:26)
	at com.kms.katalon.core.webui.keyword.builtin.ClickKeyword.click(ClickKeyword.groovy:74)
	at com.kms.katalon.core.webui.keyword.builtin.ClickKeyword.execute(ClickKeyword.groovy:40)
	at com.kms.katalon.core.keyword.internal.KeywordExecutor.executeKeywordForPlatform(KeywordExecutor.groovy:74)
	at com.kms.katalon.core.webui.keyword.WebUiBuiltInKeywords.click(WebUiBuiltInKeywords.groovy:620)
	at com.kms.katalon.core.webui.keyword.WebUiBuiltInKeywords$click$1.call(Unknown Source)
	at 2. Create new tag with blank field.run(2. Create new tag with blank field:40)
	at com.kms.katalon.core.main.ScriptEngine.run(ScriptEngine.java:194)
	at com.kms.katalon.core.main.ScriptEngine.runScriptAsRawText(ScriptEngine.java:119)
	at com.kms.katalon.core.main.TestCaseExecutor.runScript(TestCaseExecutor.java:442)
	at com.kms.katalon.core.main.TestCaseExecutor.doExecute(TestCaseExecutor.java:433)
	at com.kms.katalon.core.main.TestCaseExecutor.processExecutionPhase(TestCaseExecutor.java:412)
	at com.kms.katalon.core.main.TestCaseExecutor.accessMainPhase(TestCaseExecutor.java:404)
	at com.kms.katalon.core.main.TestCaseExecutor.execute(TestCaseExecutor.java:281)
	at com.kms.katalon.core.main.TestSuiteExecutor.accessTestCaseMainPhase(TestSuiteExecutor.java:202)
	at com.kms.katalon.core.main.TestSuiteExecutor.accessTestSuiteMainPhase(TestSuiteExecutor.java:164)
	at com.kms.katalon.core.main.TestSuiteExecutor.execute(TestSuiteExecutor.java:105)
	at com.kms.katalon.core.main.TestCaseMain.startTestSuite(TestCaseMain.java:181)
	at com.kms.katalon.core.main.TestCaseMain$startTestSuite$0.call(Unknown Source)
	at TempTestSuite1642300051220.run(TempTestSuite1642300051220.groovy:36)
Caused by: com.kms.katalon.core.webui.exception.WebElementNotFoundException: Web element with id: 'Object Repository/NewTag/Page_SiteTesting Add a new course/a_Tags' located by '//*[@href = '#' and (text() = 'Tags' or . = 'Tags')]' not found
	at com.kms.katalon.core.webui.common.WebUiCommonHelper.findWebElement(WebUiCommonHelper.java:1368)
	at com.kms.katalon.core.webui.keyword.internal.WebUIAbstractKeyword.findWebElement(WebUIAbstractKeyword.groovy:27)
	at com.kms.katalon.core.webui.keyword.builtin.ClickKeyword$_click_closure1.doCall(ClickKeyword.groovy:65)
	at com.kms.katalon.core.webui.keyword.builtin.ClickKeyword$_click_closure1.call(ClickKeyword.groovy)
	at com.kms.katalon.core.webui.keyword.internal.WebUIKeywordMain.runKeyword(WebUIKeywordMain.groovy:20)
	at com.kms.katalon.core.webui.keyword.builtin.ClickKeyword.click(ClickKeyword.groovy:74)
	at com.kms.katalon.core.webui.keyword.builtin.ClickKeyword.execute(ClickKeyword.groovy:40)
	at com.kms.katalon.core.keyword.internal.KeywordExecutor.executeKeywordForPlatform(KeywordExecutor.groovy:74)
	at com.kms.katalon.core.webui.keyword.WebUiBuiltInKeywords.click(WebUiBuiltInKeywords.groovy:620)
	at com.kms.katalon.core.webui.keyword.WebUiBuiltInKeywords$click$1.call(Unknown Source)
	at Script1641560022245.run(Script1641560022245.groovy:40)
	... 13 more
)
[[ATTACHMENT|E:\\MoodleTestByKatalon\\Reports\\20220116_092731\\Run all test cases\\20220116_092731\\1642303233731.png]]]]></system-out>
         <system-err><![CDATA[2022-01-16 10:18:47 - [TEST_CASE][FAILED] - Test Cases/NewTag/2. Create new tag with blank field: Test Cases/NewTag/2. Create new tag with blank field FAILED.
Reason:
com.kms.katalon.core.exception.StepFailedException: Unable to click on object 'Object Repository/NewTag/Page_SiteTesting Add a new course/a_Tags'
	at com.kms.katalon.core.webui.keyword.internal.WebUIKeywordMain.stepFailed(WebUIKeywordMain.groovy:64)
	at com.kms.katalon.core.webui.keyword.internal.WebUIKeywordMain.runKeyword(WebUIKeywordMain.groovy:26)
	at com.kms.katalon.core.webui.keyword.builtin.ClickKeyword.click(ClickKeyword.groovy:74)
	at com.kms.katalon.core.webui.keyword.builtin.ClickKeyword.execute(ClickKeyword.groovy:40)
	at com.kms.katalon.core.keyword.internal.KeywordExecutor.executeKeywordForPlatform(KeywordExecutor.groovy:74)
	at com.kms.katalon.core.webui.keyword.WebUiBuiltInKeywords.click(WebUiBuiltInKeywords.groovy:620)
	at com.kms.katalon.core.webui.keyword.WebUiBuiltInKeywords$click$1.call(Unknown Source)
	at 2. Create new tag with blank field.run(2. Create new tag with blank field:40)
	at com.kms.katalon.core.main.ScriptEngine.run(ScriptEngine.java:194)
	at com.kms.katalon.core.main.ScriptEngine.runScriptAsRawText(ScriptEngine.java:119)
	at com.kms.katalon.core.main.TestCaseExecutor.runScript(TestCaseExecutor.java:442)
	at com.kms.katalon.core.main.TestCaseExecutor.doExecute(TestCaseExecutor.java:433)
	at com.kms.katalon.core.main.TestCaseExecutor.processExecutionPhase(TestCaseExecutor.java:412)
	at com.kms.katalon.core.main.TestCaseExecutor.accessMainPhase(TestCaseExecutor.java:404)
	at com.kms.katalon.core.main.TestCaseExecutor.execute(TestCaseExecutor.java:281)
	at com.kms.katalon.core.main.TestSuiteExecutor.accessTestCaseMainPhase(TestSuiteExecutor.java:202)
	at com.kms.katalon.core.main.TestSuiteExecutor.accessTestSuiteMainPhase(TestSuiteExecutor.java:164)
	at com.kms.katalon.core.main.TestSuiteExecutor.execute(TestSuiteExecutor.java:105)
	at com.kms.katalon.core.main.TestCaseMain.startTestSuite(TestCaseMain.java:181)
	at com.kms.katalon.core.main.TestCaseMain$startTestSuite$0.call(Unknown Source)
	at TempTestSuite1642300051220.run(TempTestSuite1642300051220.groovy:36)
Caused by: com.kms.katalon.core.webui.exception.WebElementNotFoundException: Web element with id: 'Object Repository/NewTag/Page_SiteTesting Add a new course/a_Tags' located by '//*[@href = '#' and (text() = 'Tags' or . = 'Tags')]' not found
	at com.kms.katalon.core.webui.common.WebUiCommonHelper.findWebElement(WebUiCommonHelper.java:1368)
	at com.kms.katalon.core.webui.keyword.internal.WebUIAbstractKeyword.findWebElement(WebUIAbstractKeyword.groovy:27)
	at com.kms.katalon.core.webui.keyword.builtin.ClickKeyword$_click_closure1.doCall(ClickKeyword.groovy:65)
	at com.kms.katalon.core.webui.keyword.builtin.ClickKeyword$_click_closure1.call(ClickKeyword.groovy)
	at com.kms.katalon.core.webui.keyword.internal.WebUIKeywordMain.runKeyword(WebUIKeywordMain.groovy:20)
	... 19 more]]></system-err>
      </testcase>
      <testcase name="Test Cases/Role Giáo Viên/1. Tạo thông báo mới với dữ liệu trống" time="13.275" classname="Test Cases/Role Giáo Viên/1. Tạo thông báo mới với dữ liệu trống" status="PASSED">
         <system-out><![CDATA[2022-01-16 10:20:34 - [TEST_CASE][PASSED] - Test Cases/Role Giáo Viên/1. Tạo thông báo mới với dữ liệu trống: Test Cases/Role Giáo Viên/1. Tạo thông báo mới với dữ liệu trống

2022-01-16 10:20:34 - [TEST_STEP][PASSED] - openBrowser(""): Browser is opened with url: ''

2022-01-16 10:20:34 - [MESSAGE][WARNING] - A browser is already opened. Closing browser and opening a new one

2022-01-16 10:20:35 - [MESSAGE][INFO] - Starting 'Edge Chromium' driver

2022-01-16 10:20:37 - [MESSAGE][INFO] - Action delay is set to 0 milliseconds

2022-01-16 10:20:38 - [MESSAGE][PASSED] - Browser is opened with url: ''

2022-01-16 10:20:38 - [TEST_STEP][PASSED] - navigateToUrl("http://localhost/"): Navigate to 'http://localhost/' successfully

2022-01-16 10:20:38 - [MESSAGE][PASSED] - Navigate to 'http://localhost/' successfully

2022-01-16 10:20:38 - [TEST_STEP][PASSED] - click(findTestObject("Object Repository/Tạo thông báo mới với dữ liệu trống/Page_Automation Testing Site/a_Log in")): Object: 'Object Repository/Tạo thông báo mới với dữ liệu trống/Page_Automation Testing Site/a_Log in' is clicked on

2022-01-16 10:20:39 - [MESSAGE][PASSED] - Object: 'Object Repository/Tạo thông báo mới với dữ liệu trống/Page_Automation Testing Site/a_Log in' is clicked on

2022-01-16 10:20:39 - [TEST_STEP][PASSED] - setText(findTestObject("Object Repository/Tạo thông báo mới với dữ liệu trống/Page_Automation Testing Site Log in to the site/input_Username_username"), "admin"): Text 'admin' is set on object 'Object Repository/Tạo thông báo mới với dữ liệu trống/Page_Automation Testing Site Log in to the site/input_Username_username'

2022-01-16 10:20:40 - [MESSAGE][PASSED] - Text 'admin' is set on object 'Object Repository/Tạo thông báo mới với dữ liệu trống/Page_Automation Testing Site Log in to the site/input_Username_username'

2022-01-16 10:20:40 - [TEST_STEP][PASSED] - setEncryptedText(findTestObject("Object Repository/Tạo thông báo mới với dữ liệu trống/Page_Automation Testing Site Log in to the site/input_Password_password"), "cnpXG5HhkrZpEXzNIGBMZQ=="): Text ****** has been set on object 'Object Repository/Tạo thông báo mới với dữ liệu trống/Page_Automation Testing Site Log in to the site/input_Password_password'

2022-01-16 10:20:40 - [MESSAGE][PASSED] - Text ****** has been set on object 'Object Repository/Tạo thông báo mới với dữ liệu trống/Page_Automation Testing Site Log in to the site/input_Password_password'

2022-01-16 10:20:40 - [TEST_STEP][PASSED] - click(findTestObject("Object Repository/Tạo thông báo mới với dữ liệu trống/Page_Automation Testing Site Log in to the site/button_Log in")): Object: 'Object Repository/Tạo thông báo mới với dữ liệu trống/Page_Automation Testing Site Log in to the site/button_Log in' is clicked on

2022-01-16 10:20:42 - [MESSAGE][PASSED] - Object: 'Object Repository/Tạo thông báo mới với dữ liệu trống/Page_Automation Testing Site Log in to the site/button_Log in' is clicked on

2022-01-16 10:20:42 - [TEST_STEP][PASSED] - click(findTestObject("Object Repository/Tạo thông báo mới với dữ liệu trống/Page_Dashboard/span_Site home")): Object: 'Object Repository/Tạo thông báo mới với dữ liệu trống/Page_Dashboard/span_Site home' is clicked on

2022-01-16 10:20:43 - [MESSAGE][PASSED] - Object: 'Object Repository/Tạo thông báo mới với dữ liệu trống/Page_Dashboard/span_Site home' is clicked on

2022-01-16 10:20:43 - [TEST_STEP][PASSED] - click(findTestObject("Object Repository/Tạo thông báo mới với dữ liệu trống/Page_Automation Testing Site/a_Init Course")): Object: 'Object Repository/Tạo thông báo mới với dữ liệu trống/Page_Automation Testing Site/a_Init Course' is clicked on

2022-01-16 10:20:44 - [MESSAGE][PASSED] - Object: 'Object Repository/Tạo thông báo mới với dữ liệu trống/Page_Automation Testing Site/a_Init Course' is clicked on

2022-01-16 10:20:44 - [TEST_STEP][PASSED] - click(findTestObject("Object Repository/Tạo thông báo mới với dữ liệu trống/Page_Course Init Course/span_Announcements Forum")): Object: 'Object Repository/Tạo thông báo mới với dữ liệu trống/Page_Course Init Course/span_Announcements Forum' is clicked on

2022-01-16 10:20:45 - [MESSAGE][PASSED] - Object: 'Object Repository/Tạo thông báo mới với dữ liệu trống/Page_Course Init Course/span_Announcements Forum' is clicked on

2022-01-16 10:20:45 - [TEST_STEP][PASSED] - click(findTestObject("Object Repository/Tạo thông báo mới với dữ liệu trống/Page_Announcements/a_Add a new topic")): Object: 'Object Repository/Tạo thông báo mới với dữ liệu trống/Page_Announcements/a_Add a new topic' is clicked on

2022-01-16 10:20:46 - [MESSAGE][PASSED] - Object: 'Object Repository/Tạo thông báo mới với dữ liệu trống/Page_Announcements/a_Add a new topic' is clicked on

2022-01-16 10:20:46 - [TEST_STEP][PASSED] - click(findTestObject("Object Repository/Tạo thông báo mới với dữ liệu trống/Page_Announcements/input_Message_submitbutton")): Object: 'Object Repository/Tạo thông báo mới với dữ liệu trống/Page_Announcements/input_Message_submitbutton' is clicked on

2022-01-16 10:20:46 - [MESSAGE][PASSED] - Object: 'Object Repository/Tạo thông báo mới với dữ liệu trống/Page_Announcements/input_Message_submitbutton' is clicked on

2022-01-16 10:20:46 - [TEST_STEP][PASSED] - verifyTextPresent("- Required", false): Text '- Required' is present on page 

2022-01-16 10:20:47 - [MESSAGE][PASSED] - Text '- Required' is present on page]]></system-out>
         <system-err><![CDATA[]]></system-err>
      </testcase>
      <testcase name="Test Cases/Role Giáo Viên/2. Tạo thông báo mới với đầy đủ dữ liệu" time="16.494" classname="Test Cases/Role Giáo Viên/2. Tạo thông báo mới với đầy đủ dữ liệu" status="PASSED">
         <system-out><![CDATA[2022-01-16 10:20:47 - [TEST_CASE][PASSED] - Test Cases/Role Giáo Viên/2. Tạo thông báo mới với đầy đủ dữ liệu: Test Cases/Role Giáo Viên/2. Tạo thông báo mới với đầy đủ dữ liệu

2022-01-16 10:20:47 - [TEST_STEP][PASSED] - openBrowser(""): Browser is opened with url: ''

2022-01-16 10:20:47 - [MESSAGE][WARNING] - A browser is already opened. Closing browser and opening a new one

2022-01-16 10:20:48 - [MESSAGE][INFO] - Starting 'Edge Chromium' driver

2022-01-16 10:20:50 - [MESSAGE][INFO] - Action delay is set to 0 milliseconds

2022-01-16 10:20:51 - [MESSAGE][PASSED] - Browser is opened with url: ''

2022-01-16 10:20:51 - [TEST_STEP][PASSED] - navigateToUrl("http://localhost/"): Navigate to 'http://localhost/' successfully

2022-01-16 10:20:52 - [MESSAGE][PASSED] - Navigate to 'http://localhost/' successfully

2022-01-16 10:20:52 - [TEST_STEP][PASSED] - click(findTestObject("Object Repository/Tạo thông báo mới với dữ liệu đúng/Page_Automation Testing Site/a_Log in")): Object: 'Object Repository/Tạo thông báo mới với dữ liệu đúng/Page_Automation Testing Site/a_Log in' is clicked on

2022-01-16 10:20:52 - [MESSAGE][PASSED] - Object: 'Object Repository/Tạo thông báo mới với dữ liệu đúng/Page_Automation Testing Site/a_Log in' is clicked on

2022-01-16 10:20:52 - [TEST_STEP][PASSED] - setText(findTestObject("Object Repository/Tạo thông báo mới với dữ liệu đúng/Page_Automation Testing Site Log in to the site/input_Username_username"), "admin"): Text 'admin' is set on object 'Object Repository/Tạo thông báo mới với dữ liệu đúng/Page_Automation Testing Site Log in to the site/input_Username_username'

2022-01-16 10:20:53 - [MESSAGE][PASSED] - Text 'admin' is set on object 'Object Repository/Tạo thông báo mới với dữ liệu đúng/Page_Automation Testing Site Log in to the site/input_Username_username'

2022-01-16 10:20:53 - [TEST_STEP][PASSED] - setEncryptedText(findTestObject("Object Repository/Tạo thông báo mới với dữ liệu đúng/Page_Automation Testing Site Log in to the site/input_Password_password"), "cnpXG5HhkrZpEXzNIGBMZQ=="): Text ****** has been set on object 'Object Repository/Tạo thông báo mới với dữ liệu đúng/Page_Automation Testing Site Log in to the site/input_Password_password'

2022-01-16 10:20:54 - [MESSAGE][PASSED] - Text ****** has been set on object 'Object Repository/Tạo thông báo mới với dữ liệu đúng/Page_Automation Testing Site Log in to the site/input_Password_password'

2022-01-16 10:20:54 - [TEST_STEP][PASSED] - click(findTestObject("Object Repository/Tạo thông báo mới với dữ liệu đúng/Page_Automation Testing Site Log in to the site/button_Log in")): Object: 'Object Repository/Tạo thông báo mới với dữ liệu đúng/Page_Automation Testing Site Log in to the site/button_Log in' is clicked on

2022-01-16 10:20:55 - [MESSAGE][PASSED] - Object: 'Object Repository/Tạo thông báo mới với dữ liệu đúng/Page_Automation Testing Site Log in to the site/button_Log in' is clicked on

2022-01-16 10:20:55 - [TEST_STEP][PASSED] - click(findTestObject("Object Repository/Tạo thông báo mới với dữ liệu đúng/Page_Dashboard/span_Site home")): Object: 'Object Repository/Tạo thông báo mới với dữ liệu đúng/Page_Dashboard/span_Site home' is clicked on

2022-01-16 10:20:56 - [MESSAGE][PASSED] - Object: 'Object Repository/Tạo thông báo mới với dữ liệu đúng/Page_Dashboard/span_Site home' is clicked on

2022-01-16 10:20:56 - [TEST_STEP][PASSED] - click(findTestObject("Object Repository/Tạo thông báo mới với dữ liệu đúng/Page_Automation Testing Site/a_Init Course")): Object: 'Object Repository/Tạo thông báo mới với dữ liệu đúng/Page_Automation Testing Site/a_Init Course' is clicked on

2022-01-16 10:20:57 - [MESSAGE][PASSED] - Object: 'Object Repository/Tạo thông báo mới với dữ liệu đúng/Page_Automation Testing Site/a_Init Course' is clicked on

2022-01-16 10:20:57 - [TEST_STEP][PASSED] - click(findTestObject("Object Repository/Tạo thông báo mới với dữ liệu đúng/Page_Course Init Course/span_Announcements Forum")): Object: 'Object Repository/Tạo thông báo mới với dữ liệu đúng/Page_Course Init Course/span_Announcements Forum' is clicked on

2022-01-16 10:20:58 - [MESSAGE][PASSED] - Object: 'Object Repository/Tạo thông báo mới với dữ liệu đúng/Page_Course Init Course/span_Announcements Forum' is clicked on

2022-01-16 10:20:58 - [TEST_STEP][PASSED] - click(findTestObject("Object Repository/Tạo thông báo mới với dữ liệu đúng/Page_Announcements/a_Add a new topic")): Object: 'Object Repository/Tạo thông báo mới với dữ liệu đúng/Page_Announcements/a_Add a new topic' is clicked on

2022-01-16 10:20:59 - [MESSAGE][PASSED] - Object: 'Object Repository/Tạo thông báo mới với dữ liệu đúng/Page_Announcements/a_Add a new topic' is clicked on

2022-01-16 10:20:59 - [TEST_STEP][PASSED] - setText(findTestObject("Object Repository/Tạo thông báo mới với dữ liệu đúng/Page_Announcements/input_Subject_subject"), "Test announce"): Text 'Test announce' is set on object 'Object Repository/Tạo thông báo mới với dữ liệu đúng/Page_Announcements/input_Subject_subject'

2022-01-16 10:21:00 - [MESSAGE][PASSED] - Text 'Test announce' is set on object 'Object Repository/Tạo thông báo mới với dữ liệu đúng/Page_Announcements/input_Subject_subject'

2022-01-16 10:21:00 - [TEST_STEP][PASSED] - setText(findTestObject("Object Repository/Tạo thông báo mới với dữ liệu đúng/Page_Announcements/div_test content"), "<p dir="ltr" style="text-align: left;">test content</p>"): Text '<p dir="ltr" style="text-align: left;">test content</p>' is set on object 'Object Repository/Tạo thông báo mới với dữ liệu đúng/Page_Announcements/div_test content'

2022-01-16 10:21:01 - [MESSAGE][PASSED] - Text '<p dir="ltr" style="text-align: left;">test content</p>' is set on object 'Object Repository/Tạo thông báo mới với dữ liệu đúng/Page_Announcements/div_test content'

2022-01-16 10:21:01 - [TEST_STEP][PASSED] - click(findTestObject("Object Repository/Tạo thông báo mới với dữ liệu đúng/Page_Announcements/input_Message_submitbutton")): Object: 'Object Repository/Tạo thông báo mới với dữ liệu đúng/Page_Announcements/input_Message_submitbutton' is clicked on

2022-01-16 10:21:02 - [MESSAGE][PASSED] - Object: 'Object Repository/Tạo thông báo mới với dữ liệu đúng/Page_Announcements/input_Message_submitbutton' is clicked on

2022-01-16 10:21:02 - [TEST_STEP][PASSED] - verifyElementText(findTestObject("Object Repository/Tạo thông báo mới với dữ liệu đúng/Page_Announcements/p_Your post was successfully added"), "Your post was successfully added."): Actual text and expected text of test object 'Object Repository/Tạo thông báo mới với dữ liệu đúng/Page_Announcements/p_Your post was successfully added' are matched.

2022-01-16 10:21:03 - [MESSAGE][PASSED] - Actual text and expected text of test object 'Object Repository/Tạo thông báo mới với dữ liệu đúng/Page_Announcements/p_Your post was successfully added' are matched.

2022-01-16 10:21:03 - [TEST_STEP][PASSED] - closeBrowser(): Browser is closed

2022-01-16 10:21:03 - [MESSAGE][PASSED] - Browser is closed]]></system-out>
         <system-err><![CDATA[]]></system-err>
      </testcase>
      <testcase name="Test Cases/Role Giáo Viên/3. Tạo bài tập mới với dữ liệu rỗng" time="46.655" classname="Test Cases/Role Giáo Viên/3. Tạo bài tập mới với dữ liệu rỗng" status="PASSED">
         <system-out><![CDATA[2022-01-16 10:21:03 - [TEST_CASE][PASSED] - Test Cases/Role Giáo Viên/3. Tạo bài tập mới với dữ liệu rỗng: Test Cases/Role Giáo Viên/3. Tạo bài tập mới với dữ liệu rỗng

2022-01-16 10:21:04 - [TEST_STEP][PASSED] - openBrowser(""): Browser is opened with url: ''

2022-01-16 10:21:04 - [MESSAGE][INFO] - Starting 'Edge Chromium' driver

2022-01-16 10:21:06 - [MESSAGE][INFO] - Action delay is set to 0 milliseconds

2022-01-16 10:21:07 - [MESSAGE][PASSED] - Browser is opened with url: ''

2022-01-16 10:21:07 - [TEST_STEP][PASSED] - navigateToUrl("http://localhost/"): Navigate to 'http://localhost/' successfully

2022-01-16 10:21:07 - [MESSAGE][PASSED] - Navigate to 'http://localhost/' successfully

2022-01-16 10:21:07 - [TEST_STEP][PASSED] - click(findTestObject("Object Repository/Tạo bài tập mới với dữ liệu rỗng/Page_Automation Testing Site/a_Log in")): Object: 'Object Repository/Tạo bài tập mới với dữ liệu rỗng/Page_Automation Testing Site/a_Log in' is clicked on

2022-01-16 10:21:08 - [MESSAGE][PASSED] - Object: 'Object Repository/Tạo bài tập mới với dữ liệu rỗng/Page_Automation Testing Site/a_Log in' is clicked on

2022-01-16 10:21:08 - [TEST_STEP][PASSED] - setText(findTestObject("Object Repository/Tạo bài tập mới với dữ liệu rỗng/Page_Automation Testing Site Log in to the site/input_Username_username"), "admin"): Text 'admin' is set on object 'Object Repository/Tạo bài tập mới với dữ liệu rỗng/Page_Automation Testing Site Log in to the site/input_Username_username'

2022-01-16 10:21:09 - [MESSAGE][PASSED] - Text 'admin' is set on object 'Object Repository/Tạo bài tập mới với dữ liệu rỗng/Page_Automation Testing Site Log in to the site/input_Username_username'

2022-01-16 10:21:09 - [TEST_STEP][PASSED] - setEncryptedText(findTestObject("Object Repository/Tạo bài tập mới với dữ liệu rỗng/Page_Automation Testing Site Log in to the site/input_Password_password"), "cnpXG5HhkrZpEXzNIGBMZQ=="): Text ****** has been set on object 'Object Repository/Tạo bài tập mới với dữ liệu rỗng/Page_Automation Testing Site Log in to the site/input_Password_password'

2022-01-16 10:21:09 - [MESSAGE][PASSED] - Text ****** has been set on object 'Object Repository/Tạo bài tập mới với dữ liệu rỗng/Page_Automation Testing Site Log in to the site/input_Password_password'

2022-01-16 10:21:09 - [TEST_STEP][PASSED] - click(findTestObject("Object Repository/Tạo bài tập mới với dữ liệu rỗng/Page_Automation Testing Site Log in to the site/button_Log in")): Object: 'Object Repository/Tạo bài tập mới với dữ liệu rỗng/Page_Automation Testing Site Log in to the site/button_Log in' is clicked on

2022-01-16 10:21:11 - [MESSAGE][PASSED] - Object: 'Object Repository/Tạo bài tập mới với dữ liệu rỗng/Page_Automation Testing Site Log in to the site/button_Log in' is clicked on

2022-01-16 10:21:11 - [TEST_STEP][PASSED] - click(findTestObject("Object Repository/Tạo bài tập mới với dữ liệu rỗng/Page_Dashboard/span_Site home")): Object: 'Object Repository/Tạo bài tập mới với dữ liệu rỗng/Page_Dashboard/span_Site home' is clicked on

2022-01-16 10:21:12 - [MESSAGE][PASSED] - Object: 'Object Repository/Tạo bài tập mới với dữ liệu rỗng/Page_Dashboard/span_Site home' is clicked on

2022-01-16 10:21:12 - [TEST_STEP][PASSED] - click(findTestObject("Object Repository/Tạo bài tập mới với dữ liệu rỗng/Page_Automation Testing Site/a_Init Course")): Object: 'Object Repository/Tạo bài tập mới với dữ liệu rỗng/Page_Automation Testing Site/a_Init Course' is clicked on

2022-01-16 10:21:13 - [MESSAGE][PASSED] - Object: 'Object Repository/Tạo bài tập mới với dữ liệu rỗng/Page_Automation Testing Site/a_Init Course' is clicked on

2022-01-16 10:21:13 - [TEST_STEP][PASSED] - click(findTestObject("Object Repository/Tạo bài tập mới với dữ liệu rỗng/Page_Course Init Course/button_Turn editing on")): Object: 'Object Repository/Tạo bài tập mới với dữ liệu rỗng/Page_Course Init Course/button_Turn editing on' is clicked on

2022-01-16 10:21:14 - [MESSAGE][PASSED] - Object: 'Object Repository/Tạo bài tập mới với dữ liệu rỗng/Page_Course Init Course/button_Turn editing on' is clicked on

2022-01-16 10:21:14 - [TEST_STEP][PASSED] - click(findTestObject("Object Repository/Tạo bài tập mới với dữ liệu rỗng/Page_Course Init Course/span_Add an activity or resource")): Object: 'Object Repository/Tạo bài tập mới với dữ liệu rỗng/Page_Course Init Course/span_Add an activity or resource' is clicked on

2022-01-16 10:21:15 - [MESSAGE][PASSED] - Object: 'Object Repository/Tạo bài tập mới với dữ liệu rỗng/Page_Course Init Course/span_Add an activity or resource' is clicked on

2022-01-16 10:21:15 - [TEST_STEP][PASSED] - click(findTestObject("Object Repository/Tạo bài tập mới với dữ liệu rỗng/Page_Course Init Course/img_Recommended_icon icon")): Object: 'Object Repository/Tạo bài tập mới với dữ liệu rỗng/Page_Course Init Course/img_Recommended_icon icon' is clicked on

2022-01-16 10:21:46 - [MESSAGE][INFO] - Unable to find the element located by 'By.xpath: //*[@class = 'icon icon' and @src = 'http://localhost/theme/image.php/boost/assign/1641197589/icon']'. Please recheck the objects properties to make sure the desired element is located. 

2022-01-16 10:21:46 - [MESSAGE][WARNING] - [SELF-HEALING] Failed to find element with id 'Object Repository/Tạo bài tập mới với dữ liệu rỗng/Page_Course Init Course/img_Recommended_icon icon'. Try using Self-healing.

2022-01-16 10:21:47 - [MESSAGE][WARNING] - [SELF-HEALING] The current locator of test object 'Object Repository/Tạo bài tập mới với dữ liệu rỗng/Page_Course Init Course/img_Recommended_icon icon' was broken. Propose an alternative one: '//div[@id='all-4']/div/div/div/a/div/img'.

2022-01-16 10:21:48 - [MESSAGE][PASSED] - Object: 'Object Repository/Tạo bài tập mới với dữ liệu rỗng/Page_Course Init Course/img_Recommended_icon icon' is clicked on

2022-01-16 10:21:48 - [TEST_STEP][PASSED] - click(findTestObject("Object Repository/Tạo bài tập mới với dữ liệu rỗng/Page_Editing Assignment/input_Upon activity completion_submitbutton")): Object: 'Object Repository/Tạo bài tập mới với dữ liệu rỗng/Page_Editing Assignment/input_Upon activity completion_submitbutton' is clicked on

2022-01-16 10:21:49 - [MESSAGE][PASSED] - Object: 'Object Repository/Tạo bài tập mới với dữ liệu rỗng/Page_Editing Assignment/input_Upon activity completion_submitbutton' is clicked on

2022-01-16 10:21:49 - [TEST_STEP][PASSED] - verifyElementText(findTestObject("Object Repository/Tạo bài tập mới với dữ liệu rỗng/Page_Editing Assignment/div_- You must supply a value here"), "- You must supply a value here."): Actual text and expected text of test object 'Object Repository/Tạo bài tập mới với dữ liệu rỗng/Page_Editing Assignment/div_- You must supply a value here' are matched.

2022-01-16 10:21:49 - [MESSAGE][PASSED] - Actual text and expected text of test object 'Object Repository/Tạo bài tập mới với dữ liệu rỗng/Page_Editing Assignment/div_- You must supply a value here' are matched.

2022-01-16 10:21:49 - [TEST_STEP][PASSED] - closeBrowser(): Browser is closed

2022-01-16 10:21:50 - [MESSAGE][PASSED] - Browser is closed]]></system-out>
         <system-err><![CDATA[]]></system-err>
      </testcase>
      <testcase name="Test Cases/Role Giáo Viên/4. Tạo bài tập mới với dữ liệu đúng" time="48.542" classname="Test Cases/Role Giáo Viên/4. Tạo bài tập mới với dữ liệu đúng" status="PASSED">
         <system-out><![CDATA[2022-01-16 10:21:50 - [TEST_CASE][PASSED] - Test Cases/Role Giáo Viên/4. Tạo bài tập mới với dữ liệu đúng: Test Cases/Role Giáo Viên/4. Tạo bài tập mới với dữ liệu đúng

2022-01-16 10:21:50 - [TEST_STEP][PASSED] - openBrowser(""): Browser is opened with url: ''

2022-01-16 10:21:50 - [MESSAGE][INFO] - Starting 'Edge Chromium' driver

2022-01-16 10:21:52 - [MESSAGE][INFO] - Action delay is set to 0 milliseconds

2022-01-16 10:21:53 - [MESSAGE][PASSED] - Browser is opened with url: ''

2022-01-16 10:21:53 - [TEST_STEP][PASSED] - navigateToUrl("http://localhost/"): Navigate to 'http://localhost/' successfully

2022-01-16 10:21:54 - [MESSAGE][PASSED] - Navigate to 'http://localhost/' successfully

2022-01-16 10:21:54 - [TEST_STEP][PASSED] - click(findTestObject("Object Repository/Tạo bài tập mới với dữ liệu đúng/Page_Automation Testing Site/a_Log in")): Object: 'Object Repository/Tạo bài tập mới với dữ liệu đúng/Page_Automation Testing Site/a_Log in' is clicked on

2022-01-16 10:21:55 - [MESSAGE][PASSED] - Object: 'Object Repository/Tạo bài tập mới với dữ liệu đúng/Page_Automation Testing Site/a_Log in' is clicked on

2022-01-16 10:21:55 - [TEST_STEP][PASSED] - setText(findTestObject("Object Repository/Tạo bài tập mới với dữ liệu đúng/Page_Automation Testing Site Log in to the site/input_Username_username"), "admin"): Text 'admin' is set on object 'Object Repository/Tạo bài tập mới với dữ liệu đúng/Page_Automation Testing Site Log in to the site/input_Username_username'

2022-01-16 10:21:56 - [MESSAGE][PASSED] - Text 'admin' is set on object 'Object Repository/Tạo bài tập mới với dữ liệu đúng/Page_Automation Testing Site Log in to the site/input_Username_username'

2022-01-16 10:21:56 - [TEST_STEP][PASSED] - setEncryptedText(findTestObject("Object Repository/Tạo bài tập mới với dữ liệu đúng/Page_Automation Testing Site Log in to the site/input_Password_password"), "cnpXG5HhkrZpEXzNIGBMZQ=="): Text ****** has been set on object 'Object Repository/Tạo bài tập mới với dữ liệu đúng/Page_Automation Testing Site Log in to the site/input_Password_password'

2022-01-16 10:21:56 - [MESSAGE][PASSED] - Text ****** has been set on object 'Object Repository/Tạo bài tập mới với dữ liệu đúng/Page_Automation Testing Site Log in to the site/input_Password_password'

2022-01-16 10:21:56 - [TEST_STEP][PASSED] - click(findTestObject("Object Repository/Tạo bài tập mới với dữ liệu đúng/Page_Automation Testing Site Log in to the site/button_Log in")): Object: 'Object Repository/Tạo bài tập mới với dữ liệu đúng/Page_Automation Testing Site Log in to the site/button_Log in' is clicked on

2022-01-16 10:21:57 - [MESSAGE][PASSED] - Object: 'Object Repository/Tạo bài tập mới với dữ liệu đúng/Page_Automation Testing Site Log in to the site/button_Log in' is clicked on

2022-01-16 10:21:57 - [TEST_STEP][PASSED] - click(findTestObject("Object Repository/Tạo bài tập mới với dữ liệu đúng/Page_Dashboard/span_Site home")): Object: 'Object Repository/Tạo bài tập mới với dữ liệu đúng/Page_Dashboard/span_Site home' is clicked on

2022-01-16 10:21:59 - [MESSAGE][PASSED] - Object: 'Object Repository/Tạo bài tập mới với dữ liệu đúng/Page_Dashboard/span_Site home' is clicked on

2022-01-16 10:21:59 - [TEST_STEP][PASSED] - click(findTestObject("Object Repository/Tạo bài tập mới với dữ liệu đúng/Page_Automation Testing Site/a_Init Course")): Object: 'Object Repository/Tạo bài tập mới với dữ liệu đúng/Page_Automation Testing Site/a_Init Course' is clicked on

2022-01-16 10:22:00 - [MESSAGE][PASSED] - Object: 'Object Repository/Tạo bài tập mới với dữ liệu đúng/Page_Automation Testing Site/a_Init Course' is clicked on

2022-01-16 10:22:00 - [TEST_STEP][PASSED] - click(findTestObject("Object Repository/Tạo bài tập mới với dữ liệu đúng/Page_Course Init Course/button_Turn editing on")): Object: 'Object Repository/Tạo bài tập mới với dữ liệu đúng/Page_Course Init Course/button_Turn editing on' is clicked on

2022-01-16 10:22:01 - [MESSAGE][PASSED] - Object: 'Object Repository/Tạo bài tập mới với dữ liệu đúng/Page_Course Init Course/button_Turn editing on' is clicked on

2022-01-16 10:22:01 - [TEST_STEP][PASSED] - click(findTestObject("Object Repository/Tạo bài tập mới với dữ liệu đúng/Page_Course Init Course/span_Add an activity or resource")): Object: 'Object Repository/Tạo bài tập mới với dữ liệu đúng/Page_Course Init Course/span_Add an activity or resource' is clicked on

2022-01-16 10:22:02 - [MESSAGE][PASSED] - Object: 'Object Repository/Tạo bài tập mới với dữ liệu đúng/Page_Course Init Course/span_Add an activity or resource' is clicked on

2022-01-16 10:22:02 - [TEST_STEP][PASSED] - click(findTestObject("Object Repository/Tạo bài tập mới với dữ liệu đúng/Page_Course Init Course/img_Recommended_icon icon")): Object: 'Object Repository/Tạo bài tập mới với dữ liệu đúng/Page_Course Init Course/img_Recommended_icon icon' is clicked on

2022-01-16 10:22:33 - [MESSAGE][INFO] - Unable to find the element located by 'By.xpath: //*[@class = 'icon icon' and @src = 'http://localhost/theme/image.php/boost/assign/1641197589/icon']'. Please recheck the objects properties to make sure the desired element is located. 

2022-01-16 10:22:33 - [MESSAGE][WARNING] - [SELF-HEALING] Failed to find element with id 'Object Repository/Tạo bài tập mới với dữ liệu đúng/Page_Course Init Course/img_Recommended_icon icon'. Try using Self-healing.

2022-01-16 10:22:33 - [MESSAGE][WARNING] - [SELF-HEALING] The current locator of test object 'Object Repository/Tạo bài tập mới với dữ liệu đúng/Page_Course Init Course/img_Recommended_icon icon' was broken. Propose an alternative one: '//div[@id='all-4']/div/div/div/a/div/img'.

2022-01-16 10:22:34 - [MESSAGE][PASSED] - Object: 'Object Repository/Tạo bài tập mới với dữ liệu đúng/Page_Course Init Course/img_Recommended_icon icon' is clicked on

2022-01-16 10:22:34 - [TEST_STEP][PASSED] - setText(findTestObject("Object Repository/Tạo bài tập mới với dữ liệu đúng/Page_Editing Assignment/input_Assignment name_name"), "Bài taapkj mới"): Text 'Bài taapkj mới' is set on object 'Object Repository/Tạo bài tập mới với dữ liệu đúng/Page_Editing Assignment/input_Assignment name_name'

2022-01-16 10:22:36 - [MESSAGE][PASSED] - Text 'Bài taapkj mới' is set on object 'Object Repository/Tạo bài tập mới với dữ liệu đúng/Page_Editing Assignment/input_Assignment name_name'

2022-01-16 10:22:36 - [TEST_STEP][PASSED] - click(findTestObject("Object Repository/Tạo bài tập mới với dữ liệu đúng/Page_Editing Assignment/input_Upon activity completion_submitbutton")): Object: 'Object Repository/Tạo bài tập mới với dữ liệu đúng/Page_Editing Assignment/input_Upon activity completion_submitbutton' is clicked on

2022-01-16 10:22:37 - [MESSAGE][PASSED] - Object: 'Object Repository/Tạo bài tập mới với dữ liệu đúng/Page_Editing Assignment/input_Upon activity completion_submitbutton' is clicked on

2022-01-16 10:22:37 - [TEST_STEP][PASSED] - verifyElementText(findTestObject("Object Repository/Tạo bài tập mới với dữ liệu đúng/Page_init Bi taapkj mi/h2_Bi taapkj mi"), "Bài taapkj mới"): Actual text and expected text of test object 'Object Repository/Tạo bài tập mới với dữ liệu đúng/Page_init Bi taapkj mi/h2_Bi taapkj mi' are matched.

2022-01-16 10:22:38 - [MESSAGE][PASSED] - Actual text and expected text of test object 'Object Repository/Tạo bài tập mới với dữ liệu đúng/Page_init Bi taapkj mi/h2_Bi taapkj mi' are matched.

2022-01-16 10:22:38 - [TEST_STEP][PASSED] - closeBrowser(): Browser is closed

2022-01-16 10:22:39 - [MESSAGE][PASSED] - Browser is closed]]></system-out>
         <system-err><![CDATA[]]></system-err>
      </testcase>
      <testcase name="Test Cases/Role Giáo Viên/5. Tạo bài tập mới với ngày open lớn hơn due day" time="50.453" classname="Test Cases/Role Giáo Viên/5. Tạo bài tập mới với ngày open lớn hơn due day" status="PASSED">
         <system-out><![CDATA[2022-01-16 10:22:39 - [TEST_CASE][PASSED] - Test Cases/Role Giáo Viên/5. Tạo bài tập mới với ngày open lớn hơn due day: Test Cases/Role Giáo Viên/5. Tạo bài tập mới với ngày open lớn hơn due day

2022-01-16 10:22:39 - [TEST_STEP][PASSED] - openBrowser(""): Browser is opened with url: ''

2022-01-16 10:22:39 - [MESSAGE][INFO] - Starting 'Edge Chromium' driver

2022-01-16 10:22:41 - [MESSAGE][INFO] - Action delay is set to 0 milliseconds

2022-01-16 10:22:42 - [MESSAGE][PASSED] - Browser is opened with url: ''

2022-01-16 10:22:42 - [TEST_STEP][PASSED] - navigateToUrl("http://localhost/"): Navigate to 'http://localhost/' successfully

2022-01-16 10:22:43 - [MESSAGE][PASSED] - Navigate to 'http://localhost/' successfully

2022-01-16 10:22:43 - [TEST_STEP][PASSED] - click(findTestObject("Object Repository/Tạo bài tập mới với ngày open lớn hơn due date/Page_Automation Testing Site/a_Log in")): Object: 'Object Repository/Tạo bài tập mới với ngày open lớn hơn due date/Page_Automation Testing Site/a_Log in' is clicked on

2022-01-16 10:22:43 - [MESSAGE][PASSED] - Object: 'Object Repository/Tạo bài tập mới với ngày open lớn hơn due date/Page_Automation Testing Site/a_Log in' is clicked on

2022-01-16 10:22:43 - [TEST_STEP][PASSED] - setText(findTestObject("Object Repository/Tạo bài tập mới với ngày open lớn hơn due date/Page_Automation Testing Site Log in to the site/input_Username_username"), "admin"): Text 'admin' is set on object 'Object Repository/Tạo bài tập mới với ngày open lớn hơn due date/Page_Automation Testing Site Log in to the site/input_Username_username'

2022-01-16 10:22:44 - [MESSAGE][PASSED] - Text 'admin' is set on object 'Object Repository/Tạo bài tập mới với ngày open lớn hơn due date/Page_Automation Testing Site Log in to the site/input_Username_username'

2022-01-16 10:22:44 - [TEST_STEP][PASSED] - setEncryptedText(findTestObject("Object Repository/Tạo bài tập mới với ngày open lớn hơn due date/Page_Automation Testing Site Log in to the site/input_Password_password"), "cnpXG5HhkrZpEXzNIGBMZQ=="): Text ****** has been set on object 'Object Repository/Tạo bài tập mới với ngày open lớn hơn due date/Page_Automation Testing Site Log in to the site/input_Password_password'

2022-01-16 10:22:45 - [MESSAGE][PASSED] - Text ****** has been set on object 'Object Repository/Tạo bài tập mới với ngày open lớn hơn due date/Page_Automation Testing Site Log in to the site/input_Password_password'

2022-01-16 10:22:45 - [TEST_STEP][PASSED] - click(findTestObject("Object Repository/Tạo bài tập mới với ngày open lớn hơn due date/Page_Automation Testing Site Log in to the site/button_Log in")): Object: 'Object Repository/Tạo bài tập mới với ngày open lớn hơn due date/Page_Automation Testing Site Log in to the site/button_Log in' is clicked on

2022-01-16 10:22:46 - [MESSAGE][PASSED] - Object: 'Object Repository/Tạo bài tập mới với ngày open lớn hơn due date/Page_Automation Testing Site Log in to the site/button_Log in' is clicked on

2022-01-16 10:22:46 - [TEST_STEP][PASSED] - click(findTestObject("Object Repository/Tạo bài tập mới với ngày open lớn hơn due date/Page_Dashboard/span_Site home")): Object: 'Object Repository/Tạo bài tập mới với ngày open lớn hơn due date/Page_Dashboard/span_Site home' is clicked on

2022-01-16 10:22:47 - [MESSAGE][PASSED] - Object: 'Object Repository/Tạo bài tập mới với ngày open lớn hơn due date/Page_Dashboard/span_Site home' is clicked on

2022-01-16 10:22:47 - [TEST_STEP][PASSED] - click(findTestObject("Object Repository/Tạo bài tập mới với ngày open lớn hơn due date/Page_Automation Testing Site/a_Init Course")): Object: 'Object Repository/Tạo bài tập mới với ngày open lớn hơn due date/Page_Automation Testing Site/a_Init Course' is clicked on

2022-01-16 10:22:48 - [MESSAGE][PASSED] - Object: 'Object Repository/Tạo bài tập mới với ngày open lớn hơn due date/Page_Automation Testing Site/a_Init Course' is clicked on

2022-01-16 10:22:48 - [TEST_STEP][PASSED] - click(findTestObject("Object Repository/Tạo bài tập mới với ngày open lớn hơn due date/Page_Course Init Course/button_Turn editing on")): Object: 'Object Repository/Tạo bài tập mới với ngày open lớn hơn due date/Page_Course Init Course/button_Turn editing on' is clicked on

2022-01-16 10:22:49 - [MESSAGE][PASSED] - Object: 'Object Repository/Tạo bài tập mới với ngày open lớn hơn due date/Page_Course Init Course/button_Turn editing on' is clicked on

2022-01-16 10:22:49 - [TEST_STEP][PASSED] - click(findTestObject("Object Repository/Tạo bài tập mới với ngày open lớn hơn due date/Page_Course Init Course/span_Add an activity or resource")): Object: 'Object Repository/Tạo bài tập mới với ngày open lớn hơn due date/Page_Course Init Course/span_Add an activity or resource' is clicked on

2022-01-16 10:22:50 - [MESSAGE][PASSED] - Object: 'Object Repository/Tạo bài tập mới với ngày open lớn hơn due date/Page_Course Init Course/span_Add an activity or resource' is clicked on

2022-01-16 10:22:50 - [TEST_STEP][PASSED] - click(findTestObject("Object Repository/Tạo bài tập mới với ngày open lớn hơn due date/Page_Course Init Course/img_Recommended_icon icon")): Object: 'Object Repository/Tạo bài tập mới với ngày open lớn hơn due date/Page_Course Init Course/img_Recommended_icon icon' is clicked on

2022-01-16 10:23:21 - [MESSAGE][INFO] - Unable to find the element located by 'By.xpath: //*[@class = 'icon icon' and @src = 'http://localhost/theme/image.php/boost/assign/1641197589/icon']'. Please recheck the objects properties to make sure the desired element is located. 

2022-01-16 10:23:21 - [MESSAGE][WARNING] - [SELF-HEALING] Failed to find element with id 'Object Repository/Tạo bài tập mới với ngày open lớn hơn due date/Page_Course Init Course/img_Recommended_icon icon'. Try using Self-healing.

2022-01-16 10:23:21 - [MESSAGE][WARNING] - [SELF-HEALING] The current locator of test object 'Object Repository/Tạo bài tập mới với ngày open lớn hơn due date/Page_Course Init Course/img_Recommended_icon icon' was broken. Propose an alternative one: '//div[@id='all-4']/div/div/div/a/div/img'.

2022-01-16 10:23:22 - [MESSAGE][PASSED] - Object: 'Object Repository/Tạo bài tập mới với ngày open lớn hơn due date/Page_Course Init Course/img_Recommended_icon icon' is clicked on

2022-01-16 10:23:22 - [TEST_STEP][PASSED] - setText(findTestObject("Object Repository/Tạo bài tập mới với ngày open lớn hơn due date/Page_Editing Assignment/input_Assignment name_name"), "test"): Text 'test' is set on object 'Object Repository/Tạo bài tập mới với ngày open lớn hơn due date/Page_Editing Assignment/input_Assignment name_name'

2022-01-16 10:23:23 - [MESSAGE][PASSED] - Text 'test' is set on object 'Object Repository/Tạo bài tập mới với ngày open lớn hơn due date/Page_Editing Assignment/input_Assignment name_name'

2022-01-16 10:23:23 - [TEST_STEP][PASSED] - selectOptionByValue(findTestObject("Object Repository/Tạo bài tập mới với ngày open lớn hơn due date/Page_Editing Assignment/select_1        2        3        4        _45ea30"), "28", true): All options with value '28' are selected in object 'Object Repository/Tạo bài tập mới với ngày open lớn hơn due date/Page_Editing Assignment/select_1        2        3        4        _45ea30'  using regular expression

2022-01-16 10:23:26 - [MESSAGE][PASSED] - All options with value '28' are selected in object 'Object Repository/Tạo bài tập mới với ngày open lớn hơn due date/Page_Editing Assignment/select_1        2        3        4        _45ea30'  using regular expression

2022-01-16 10:23:26 - [TEST_STEP][PASSED] - click(findTestObject("Object Repository/Tạo bài tập mới với ngày open lớn hơn due date/Page_Editing Assignment/input_Upon activity completion_submitbutton")): Object: 'Object Repository/Tạo bài tập mới với ngày open lớn hơn due date/Page_Editing Assignment/input_Upon activity completion_submitbutton' is clicked on

2022-01-16 10:23:27 - [MESSAGE][PASSED] - Object: 'Object Repository/Tạo bài tập mới với ngày open lớn hơn due date/Page_Editing Assignment/input_Upon activity completion_submitbutton' is clicked on

2022-01-16 10:23:27 - [TEST_STEP][PASSED] - verifyElementText(findTestObject("Object Repository/Tạo bài tập mới với ngày open lớn hơn due date/Page_Editing Assignment/div_Due date cannot be earlier than the all_eaad69"), "Due date cannot be earlier than the allow submissions from date."): Actual text and expected text of test object 'Object Repository/Tạo bài tập mới với ngày open lớn hơn due date/Page_Editing Assignment/div_Due date cannot be earlier than the all_eaad69' are matched.

2022-01-16 10:23:28 - [MESSAGE][PASSED] - Actual text and expected text of test object 'Object Repository/Tạo bài tập mới với ngày open lớn hơn due date/Page_Editing Assignment/div_Due date cannot be earlier than the all_eaad69' are matched.

2022-01-16 10:23:28 - [TEST_STEP][PASSED] - closeBrowser(): Browser is closed

2022-01-16 10:23:29 - [MESSAGE][PASSED] - Browser is closed]]></system-out>
         <system-err><![CDATA[]]></system-err>
      </testcase>
      <testcase name="Test Cases/Role Giáo Viên/6. Chuyển đổi mode" time="12.789" classname="Test Cases/Role Giáo Viên/6. Chuyển đổi mode" status="PASSED">
         <system-out><![CDATA[2022-01-16 10:23:29 - [TEST_CASE][PASSED] - Test Cases/Role Giáo Viên/6. Chuyển đổi mode: Test Cases/Role Giáo Viên/6. Chuyển đổi mode

2022-01-16 10:23:29 - [TEST_STEP][PASSED] - openBrowser(""): Browser is opened with url: ''

2022-01-16 10:23:29 - [MESSAGE][INFO] - Starting 'Edge Chromium' driver

2022-01-16 10:23:31 - [MESSAGE][INFO] - Action delay is set to 0 milliseconds

2022-01-16 10:23:32 - [MESSAGE][PASSED] - Browser is opened with url: ''

2022-01-16 10:23:32 - [TEST_STEP][PASSED] - navigateToUrl("http://localhost/"): Navigate to 'http://localhost/' successfully

2022-01-16 10:23:33 - [MESSAGE][PASSED] - Navigate to 'http://localhost/' successfully

2022-01-16 10:23:33 - [TEST_STEP][PASSED] - click(findTestObject("Object Repository/Chuyển đổi mode/Page_Automation Testing Site/a_Log in")): Object: 'Object Repository/Chuyển đổi mode/Page_Automation Testing Site/a_Log in' is clicked on

2022-01-16 10:23:34 - [MESSAGE][PASSED] - Object: 'Object Repository/Chuyển đổi mode/Page_Automation Testing Site/a_Log in' is clicked on

2022-01-16 10:23:34 - [TEST_STEP][PASSED] - setText(findTestObject("Object Repository/Chuyển đổi mode/Page_Automation Testing Site Log in to the site/input_Username_username"), "admin"): Text 'admin' is set on object 'Object Repository/Chuyển đổi mode/Page_Automation Testing Site Log in to the site/input_Username_username'

2022-01-16 10:23:35 - [MESSAGE][PASSED] - Text 'admin' is set on object 'Object Repository/Chuyển đổi mode/Page_Automation Testing Site Log in to the site/input_Username_username'

2022-01-16 10:23:35 - [TEST_STEP][PASSED] - setEncryptedText(findTestObject("Object Repository/Chuyển đổi mode/Page_Automation Testing Site Log in to the site/input_Password_password"), "cnpXG5HhkrZpEXzNIGBMZQ=="): Text ****** has been set on object 'Object Repository/Chuyển đổi mode/Page_Automation Testing Site Log in to the site/input_Password_password'

2022-01-16 10:23:35 - [MESSAGE][PASSED] - Text ****** has been set on object 'Object Repository/Chuyển đổi mode/Page_Automation Testing Site Log in to the site/input_Password_password'

2022-01-16 10:23:35 - [TEST_STEP][PASSED] - click(findTestObject("Object Repository/Chuyển đổi mode/Page_Automation Testing Site Log in to the site/button_Log in")): Object: 'Object Repository/Chuyển đổi mode/Page_Automation Testing Site Log in to the site/button_Log in' is clicked on

2022-01-16 10:23:36 - [MESSAGE][PASSED] - Object: 'Object Repository/Chuyển đổi mode/Page_Automation Testing Site Log in to the site/button_Log in' is clicked on

2022-01-16 10:23:36 - [TEST_STEP][PASSED] - click(findTestObject("Object Repository/Chuyển đổi mode/Page_Dashboard/span_Site home")): Object: 'Object Repository/Chuyển đổi mode/Page_Dashboard/span_Site home' is clicked on

2022-01-16 10:23:38 - [MESSAGE][PASSED] - Object: 'Object Repository/Chuyển đổi mode/Page_Dashboard/span_Site home' is clicked on

2022-01-16 10:23:38 - [TEST_STEP][PASSED] - click(findTestObject("Object Repository/Chuyển đổi mode/Page_Automation Testing Site/a_Init Course")): Object: 'Object Repository/Chuyển đổi mode/Page_Automation Testing Site/a_Init Course' is clicked on

2022-01-16 10:23:39 - [MESSAGE][PASSED] - Object: 'Object Repository/Chuyển đổi mode/Page_Automation Testing Site/a_Init Course' is clicked on

2022-01-16 10:23:39 - [TEST_STEP][PASSED] - click(findTestObject("Object Repository/Chuyển đổi mode/Page_Course Init Course/button_Turn editing on")): Object: 'Object Repository/Chuyển đổi mode/Page_Course Init Course/button_Turn editing on' is clicked on

2022-01-16 10:23:40 - [MESSAGE][PASSED] - Object: 'Object Repository/Chuyển đổi mode/Page_Course Init Course/button_Turn editing on' is clicked on

2022-01-16 10:23:40 - [TEST_STEP][PASSED] - verifyElementText(findTestObject("Object Repository/Chuyển đổi mode/Page_Course Init Course/a_Edit"), "Edit"): Actual text and expected text of test object 'Object Repository/Chuyển đổi mode/Page_Course Init Course/a_Edit' are matched.

2022-01-16 10:23:41 - [MESSAGE][PASSED] - Actual text and expected text of test object 'Object Repository/Chuyển đổi mode/Page_Course Init Course/a_Edit' are matched.

2022-01-16 10:23:41 - [TEST_STEP][PASSED] - closeBrowser(): Browser is closed

2022-01-16 10:23:42 - [MESSAGE][PASSED] - Browser is closed]]></system-out>
         <system-err><![CDATA[]]></system-err>
      </testcase>
      <testcase name="Test Cases/Role Giáo Viên/7. Tạo quiz" time="50.921" classname="Test Cases/Role Giáo Viên/7. Tạo quiz" status="PASSED">
         <system-out><![CDATA[2022-01-16 10:23:42 - [TEST_CASE][PASSED] - Test Cases/Role Giáo Viên/7. Tạo quiz: Test Cases/Role Giáo Viên/7. Tạo quiz

2022-01-16 10:23:42 - [TEST_STEP][PASSED] - openBrowser(""): Browser is opened with url: ''

2022-01-16 10:23:42 - [MESSAGE][INFO] - Starting 'Edge Chromium' driver

2022-01-16 10:23:44 - [MESSAGE][INFO] - Action delay is set to 0 milliseconds

2022-01-16 10:23:46 - [MESSAGE][PASSED] - Browser is opened with url: ''

2022-01-16 10:23:46 - [TEST_STEP][PASSED] - navigateToUrl("http://localhost/"): Navigate to 'http://localhost/' successfully

2022-01-16 10:23:47 - [MESSAGE][PASSED] - Navigate to 'http://localhost/' successfully

2022-01-16 10:23:47 - [TEST_STEP][PASSED] - click(findTestObject("Object Repository/Tạo quiz/Page_Automation Testing Site/a_Log in")): Object: 'Object Repository/Tạo quiz/Page_Automation Testing Site/a_Log in' is clicked on

2022-01-16 10:23:48 - [MESSAGE][PASSED] - Object: 'Object Repository/Tạo quiz/Page_Automation Testing Site/a_Log in' is clicked on

2022-01-16 10:23:48 - [TEST_STEP][PASSED] - setText(findTestObject("Object Repository/Tạo quiz/Page_Automation Testing Site Log in to the site/input_Username_username"), "admin"): Text 'admin' is set on object 'Object Repository/Tạo quiz/Page_Automation Testing Site Log in to the site/input_Username_username'

2022-01-16 10:23:49 - [MESSAGE][PASSED] - Text 'admin' is set on object 'Object Repository/Tạo quiz/Page_Automation Testing Site Log in to the site/input_Username_username'

2022-01-16 10:23:49 - [TEST_STEP][PASSED] - setEncryptedText(findTestObject("Object Repository/Tạo quiz/Page_Automation Testing Site Log in to the site/input_Password_password"), "cnpXG5HhkrZpEXzNIGBMZQ=="): Text ****** has been set on object 'Object Repository/Tạo quiz/Page_Automation Testing Site Log in to the site/input_Password_password'

2022-01-16 10:23:50 - [MESSAGE][PASSED] - Text ****** has been set on object 'Object Repository/Tạo quiz/Page_Automation Testing Site Log in to the site/input_Password_password'

2022-01-16 10:23:50 - [TEST_STEP][PASSED] - click(findTestObject("Object Repository/Tạo quiz/Page_Automation Testing Site Log in to the site/button_Log in")): Object: 'Object Repository/Tạo quiz/Page_Automation Testing Site Log in to the site/button_Log in' is clicked on

2022-01-16 10:23:51 - [MESSAGE][PASSED] - Object: 'Object Repository/Tạo quiz/Page_Automation Testing Site Log in to the site/button_Log in' is clicked on

2022-01-16 10:23:51 - [TEST_STEP][PASSED] - click(findTestObject("Object Repository/Tạo quiz/Page_Dashboard/span_Site home")): Object: 'Object Repository/Tạo quiz/Page_Dashboard/span_Site home' is clicked on

2022-01-16 10:23:53 - [MESSAGE][PASSED] - Object: 'Object Repository/Tạo quiz/Page_Dashboard/span_Site home' is clicked on

2022-01-16 10:23:53 - [TEST_STEP][PASSED] - click(findTestObject("Object Repository/Tạo quiz/Page_Automation Testing Site/a_Init Course")): Object: 'Object Repository/Tạo quiz/Page_Automation Testing Site/a_Init Course' is clicked on

2022-01-16 10:23:54 - [MESSAGE][PASSED] - Object: 'Object Repository/Tạo quiz/Page_Automation Testing Site/a_Init Course' is clicked on

2022-01-16 10:23:54 - [TEST_STEP][PASSED] - click(findTestObject("Object Repository/Tạo quiz/Page_Course Init Course/button_Turn editing on")): Object: 'Object Repository/Tạo quiz/Page_Course Init Course/button_Turn editing on' is clicked on

2022-01-16 10:23:55 - [MESSAGE][PASSED] - Object: 'Object Repository/Tạo quiz/Page_Course Init Course/button_Turn editing on' is clicked on

2022-01-16 10:23:55 - [TEST_STEP][PASSED] - click(findTestObject("Object Repository/Tạo quiz/Page_Course Init Course/span_Add an activity or resource")): Object: 'Object Repository/Tạo quiz/Page_Course Init Course/span_Add an activity or resource' is clicked on

2022-01-16 10:23:56 - [MESSAGE][PASSED] - Object: 'Object Repository/Tạo quiz/Page_Course Init Course/span_Add an activity or resource' is clicked on

2022-01-16 10:23:56 - [TEST_STEP][PASSED] - click(findTestObject("Object Repository/Tạo quiz/Page_Course Init Course/img_Information about the Page activity_icon icon")): Object: 'Object Repository/Tạo quiz/Page_Course Init Course/img_Information about the Page activity_icon icon' is clicked on

2022-01-16 10:24:28 - [MESSAGE][INFO] - Unable to find the element located by 'By.xpath: //*[@class = 'icon icon' and @src = 'http://localhost/theme/image.php/boost/quiz/1641197589/icon']'. Please recheck the objects properties to make sure the desired element is located. 

2022-01-16 10:24:28 - [MESSAGE][WARNING] - [SELF-HEALING] Failed to find element with id 'Object Repository/Tạo quiz/Page_Course Init Course/img_Information about the Page activity_icon icon'. Try using Self-healing.

2022-01-16 10:24:28 - [MESSAGE][WARNING] - [SELF-HEALING] The current locator of test object 'Object Repository/Tạo quiz/Page_Course Init Course/img_Information about the Page activity_icon icon' was broken. Propose an alternative one: '//div[@id='all-4']/div/div[17]/div/a/div/img'.

2022-01-16 10:24:29 - [MESSAGE][PASSED] - Object: 'Object Repository/Tạo quiz/Page_Course Init Course/img_Information about the Page activity_icon icon' is clicked on

2022-01-16 10:24:29 - [TEST_STEP][PASSED] - setText(findTestObject("Object Repository/Tạo quiz/Page_Editing Quiz/input_Name_name"), "tsesst"): Text 'tsesst' is set on object 'Object Repository/Tạo quiz/Page_Editing Quiz/input_Name_name'

2022-01-16 10:24:30 - [MESSAGE][PASSED] - Text 'tsesst' is set on object 'Object Repository/Tạo quiz/Page_Editing Quiz/input_Name_name'

2022-01-16 10:24:30 - [TEST_STEP][PASSED] - click(findTestObject("Object Repository/Tạo quiz/Page_Editing Quiz/input_Upon activity completion_submitbutton2")): Object: 'Object Repository/Tạo quiz/Page_Editing Quiz/input_Upon activity completion_submitbutton2' is clicked on

2022-01-16 10:24:32 - [MESSAGE][PASSED] - Object: 'Object Repository/Tạo quiz/Page_Editing Quiz/input_Upon activity completion_submitbutton2' is clicked on

2022-01-16 10:24:32 - [TEST_STEP][PASSED] - verifyTextPresent("tsesst", false): Text 'tsesst' is present on page 

2022-01-16 10:24:33 - [MESSAGE][PASSED] - Text 'tsesst' is present on page]]></system-out>
         <system-err><![CDATA[]]></system-err>
      </testcase>
      <testcase name="Test Cases/Xóa tài khoản/Xóa hết tài khoản đã tạo" time="45.587" classname="Test Cases/Xóa tài khoản/Xóa hết tài khoản đã tạo" status="PASSED">
         <system-out><![CDATA[2022-01-16 10:24:33 - [TEST_CASE][PASSED] - Test Cases/Xóa tài khoản/Xóa hết tài khoản đã tạo: Test Cases/Xóa tài khoản/Xóa hết tài khoản đã tạo

2022-01-16 10:24:33 - [TEST_STEP][PASSED] - callTestCase(findTestCase("Kiểm tra thẻ Site Administration/Đăng nhập thành công"), [:], STOP_ON_FAILURE): Call Test Case 'Test Cases/Kiểm tra thẻ Site Administration/Đăng nhập thành công' successfully

2022-01-16 10:24:33 - [TEST_CASE][PASSED] - Test Cases/Kiểm tra thẻ Site Administration/Đăng nhập thành công: Test Cases/Kiểm tra thẻ Site Administration/Đăng nhập thành công

2022-01-16 10:24:33 - [TEST_STEP][PASSED] - openBrowser(""): Browser is opened with url: ''

2022-01-16 10:24:33 - [MESSAGE][WARNING] - A browser is already opened. Closing browser and opening a new one

2022-01-16 10:24:34 - [MESSAGE][INFO] - Starting 'Edge Chromium' driver

2022-01-16 10:24:36 - [MESSAGE][INFO] - Action delay is set to 0 milliseconds

2022-01-16 10:24:37 - [MESSAGE][PASSED] - Browser is opened with url: ''

2022-01-16 10:24:37 - [TEST_STEP][PASSED] - navigateToUrl("http://localhost/"): Navigate to 'http://localhost/' successfully

2022-01-16 10:24:38 - [MESSAGE][PASSED] - Navigate to 'http://localhost/' successfully

2022-01-16 10:24:38 - [TEST_STEP][PASSED] - click(findTestObject("Object Repository/LoginObject/Page_Automation Testing Site/a_Log in")): Object: 'Object Repository/LoginObject/Page_Automation Testing Site/a_Log in' is clicked on

2022-01-16 10:24:39 - [MESSAGE][PASSED] - Object: 'Object Repository/LoginObject/Page_Automation Testing Site/a_Log in' is clicked on

2022-01-16 10:24:39 - [TEST_STEP][PASSED] - setText(findTestObject("Object Repository/LoginObject/Page_Automation Testing Site Log in to the site/input_Username_username"), "admin"): Text 'admin' is set on object 'Object Repository/LoginObject/Page_Automation Testing Site Log in to the site/input_Username_username'

2022-01-16 10:24:39 - [MESSAGE][PASSED] - Text 'admin' is set on object 'Object Repository/LoginObject/Page_Automation Testing Site Log in to the site/input_Username_username'

2022-01-16 10:24:39 - [TEST_STEP][PASSED] - setEncryptedText(findTestObject("Object Repository/LoginObject/Page_Automation Testing Site Log in to the site/input_Password_password"), "cnpXG5HhkrZpEXzNIGBMZQ=="): Text ****** has been set on object 'Object Repository/LoginObject/Page_Automation Testing Site Log in to the site/input_Password_password'

2022-01-16 10:24:40 - [MESSAGE][PASSED] - Text ****** has been set on object 'Object Repository/LoginObject/Page_Automation Testing Site Log in to the site/input_Password_password'

2022-01-16 10:24:40 - [TEST_STEP][PASSED] - click(findTestObject("Object Repository/LoginObject/Page_Automation Testing Site Log in to the site/button_Log in")): Object: 'Object Repository/LoginObject/Page_Automation Testing Site Log in to the site/button_Log in' is clicked on

2022-01-16 10:24:41 - [MESSAGE][PASSED] - Object: 'Object Repository/LoginObject/Page_Automation Testing Site Log in to the site/button_Log in' is clicked on

2022-01-16 10:24:41 - [TEST_STEP][PASSED] - verifyElementText(findTestObject("Object Repository/LoginObject/Page_Dashboard/span_Site administration"), "Site administration"): Actual text and expected text of test object 'Object Repository/LoginObject/Page_Dashboard/span_Site administration' are matched.

2022-01-16 10:24:42 - [MESSAGE][PASSED] - Actual text and expected text of test object 'Object Repository/LoginObject/Page_Dashboard/span_Site administration' are matched.

2022-01-16 10:24:42 - [MESSAGE][PASSED] - Call Test Case 'Test Cases/Kiểm tra thẻ Site Administration/Đăng nhập thành công' successfully

2022-01-16 10:24:42 - [TEST_STEP][PASSED] - click(findTestObject("Object Repository/AddANewUserObject/Page_Dashboard/span_Site administration")): Object: 'Object Repository/AddANewUserObject/Page_Dashboard/span_Site administration' is clicked on

2022-01-16 10:24:44 - [MESSAGE][PASSED] - Object: 'Object Repository/AddANewUserObject/Page_Dashboard/span_Site administration' is clicked on

2022-01-16 10:24:44 - [TEST_STEP][PASSED] - navigateToUrl("http://localhost/admin/search.php"): Navigate to 'http://localhost/admin/search.php' successfully

2022-01-16 10:24:45 - [MESSAGE][PASSED] - Navigate to 'http://localhost/admin/search.php' successfully

2022-01-16 10:24:45 - [TEST_STEP][PASSED] - click(findTestObject("Object Repository/DeleteAnAccount/Page_SiteTesting Administration Search/a_Users")): Object: 'Object Repository/DeleteAnAccount/Page_SiteTesting Administration Search/a_Users' is clicked on

2022-01-16 10:24:45 - [MESSAGE][PASSED] - Object: 'Object Repository/DeleteAnAccount/Page_SiteTesting Administration Search/a_Users' is clicked on

2022-01-16 10:24:45 - [TEST_STEP][PASSED] - click(findTestObject("Object Repository/DeleteAnAccount/Page_SiteTesting Administration Search/a_Browse list of users")): Object: 'Object Repository/DeleteAnAccount/Page_SiteTesting Administration Search/a_Browse list of users' is clicked on

2022-01-16 10:24:48 - [MESSAGE][PASSED] - Object: 'Object Repository/DeleteAnAccount/Page_SiteTesting Administration Search/a_Browse list of users' is clicked on

2022-01-16 10:24:48 - [TEST_STEP][PASSED] - navigateToUrl("http://localhost/admin/user.php"): Navigate to 'http://localhost/admin/user.php' successfully

2022-01-16 10:24:49 - [MESSAGE][PASSED] - Navigate to 'http://localhost/admin/user.php' successfully

2022-01-16 10:24:49 - [TEST_STEP][PASSED] - while (true): null

2022-01-16 10:24:49 - [TEST_STEP][PASSED] - if (waitForElementVisible(findTestObject("Object Repository/DeleteAllObject/Page_SiteTesting Administration Users Accou_36dc4d/i_Never_icon fa fa-trash fa-fw"), 1, OPTIONAL) == false): Object 'Object Repository/DeleteAllObject/Page_SiteTesting Administration Users Accou_36dc4d/i_Never_icon fa fa-trash fa-fw' is visible

2022-01-16 10:24:50 - [MESSAGE][PASSED] - Object 'Object Repository/DeleteAllObject/Page_SiteTesting Administration Users Accou_36dc4d/i_Never_icon fa fa-trash fa-fw' is visible

2022-01-16 10:24:50 - [TEST_STEP][PASSED] - click(findTestObject("Object Repository/DeleteAllObject/Page_SiteTesting Administration Users Accou_36dc4d/i_Never_icon fa fa-trash fa-fw")): Object: 'Object Repository/DeleteAllObject/Page_SiteTesting Administration Users Accou_36dc4d/i_Never_icon fa fa-trash fa-fw' is clicked on

2022-01-16 10:24:51 - [MESSAGE][PASSED] - Object: 'Object Repository/DeleteAllObject/Page_SiteTesting Administration Users Accou_36dc4d/i_Never_icon fa fa-trash fa-fw' is clicked on

2022-01-16 10:24:51 - [TEST_STEP][PASSED] - click(findTestObject("Object Repository/DeleteAllObject/Page_SiteTesting Administration Users Accou_36dc4d/button_Delete")): Object: 'Object Repository/DeleteAllObject/Page_SiteTesting Administration Users Accou_36dc4d/button_Delete' is clicked on

2022-01-16 10:24:54 - [MESSAGE][PASSED] - Object: 'Object Repository/DeleteAllObject/Page_SiteTesting Administration Users Accou_36dc4d/button_Delete' is clicked on

2022-01-16 10:24:54 - [TEST_STEP][PASSED] - navigateToUrl("http://localhost/admin/user.php?sort=name&dir=ASC&perpage=30&page=0&delete=57&sesskey=OUmxCxziON"): Navigate to 'http://localhost/admin/user.php?sort=name&dir=ASC&perpage=30&page=0&delete=57&sesskey=OUmxCxziON' successfully

2022-01-16 10:24:55 - [MESSAGE][PASSED] - Navigate to 'http://localhost/admin/user.php?sort=name&dir=ASC&perpage=30&page=0&delete=57&sesskey=OUmxCxziON' successfully

2022-01-16 10:24:55 - [TEST_STEP][PASSED] - if (waitForElementVisible(findTestObject("Object Repository/DeleteAllObject/Page_SiteTesting Administration Users Accou_36dc4d/i_Never_icon fa fa-trash fa-fw"), 1, OPTIONAL) == false): Object 'Object Repository/DeleteAllObject/Page_SiteTesting Administration Users Accou_36dc4d/i_Never_icon fa fa-trash fa-fw' is visible

2022-01-16 10:24:56 - [MESSAGE][PASSED] - Object 'Object Repository/DeleteAllObject/Page_SiteTesting Administration Users Accou_36dc4d/i_Never_icon fa fa-trash fa-fw' is visible

2022-01-16 10:24:56 - [TEST_STEP][PASSED] - click(findTestObject("Object Repository/DeleteAllObject/Page_SiteTesting Administration Users Accou_36dc4d/i_Never_icon fa fa-trash fa-fw")): Object: 'Object Repository/DeleteAllObject/Page_SiteTesting Administration Users Accou_36dc4d/i_Never_icon fa fa-trash fa-fw' is clicked on

2022-01-16 10:24:57 - [MESSAGE][PASSED] - Object: 'Object Repository/DeleteAllObject/Page_SiteTesting Administration Users Accou_36dc4d/i_Never_icon fa fa-trash fa-fw' is clicked on

2022-01-16 10:24:57 - [TEST_STEP][PASSED] - click(findTestObject("Object Repository/DeleteAllObject/Page_SiteTesting Administration Users Accou_36dc4d/button_Delete")): Object: 'Object Repository/DeleteAllObject/Page_SiteTesting Administration Users Accou_36dc4d/button_Delete' is clicked on

2022-01-16 10:24:58 - [MESSAGE][PASSED] - Object: 'Object Repository/DeleteAllObject/Page_SiteTesting Administration Users Accou_36dc4d/button_Delete' is clicked on

2022-01-16 10:24:58 - [TEST_STEP][PASSED] - navigateToUrl("http://localhost/admin/user.php?sort=name&dir=ASC&perpage=30&page=0&delete=57&sesskey=OUmxCxziON"): Navigate to 'http://localhost/admin/user.php?sort=name&dir=ASC&perpage=30&page=0&delete=57&sesskey=OUmxCxziON' successfully

2022-01-16 10:24:59 - [MESSAGE][PASSED] - Navigate to 'http://localhost/admin/user.php?sort=name&dir=ASC&perpage=30&page=0&delete=57&sesskey=OUmxCxziON' successfully

2022-01-16 10:24:59 - [TEST_STEP][PASSED] - if (waitForElementVisible(findTestObject("Object Repository/DeleteAllObject/Page_SiteTesting Administration Users Accou_36dc4d/i_Never_icon fa fa-trash fa-fw"), 1, OPTIONAL) == false): Object 'Object Repository/DeleteAllObject/Page_SiteTesting Administration Users Accou_36dc4d/i_Never_icon fa fa-trash fa-fw' is visible

2022-01-16 10:25:00 - [MESSAGE][PASSED] - Object 'Object Repository/DeleteAllObject/Page_SiteTesting Administration Users Accou_36dc4d/i_Never_icon fa fa-trash fa-fw' is visible

2022-01-16 10:25:00 - [TEST_STEP][PASSED] - click(findTestObject("Object Repository/DeleteAllObject/Page_SiteTesting Administration Users Accou_36dc4d/i_Never_icon fa fa-trash fa-fw")): Object: 'Object Repository/DeleteAllObject/Page_SiteTesting Administration Users Accou_36dc4d/i_Never_icon fa fa-trash fa-fw' is clicked on

2022-01-16 10:25:01 - [MESSAGE][PASSED] - Object: 'Object Repository/DeleteAllObject/Page_SiteTesting Administration Users Accou_36dc4d/i_Never_icon fa fa-trash fa-fw' is clicked on

2022-01-16 10:25:01 - [TEST_STEP][PASSED] - click(findTestObject("Object Repository/DeleteAllObject/Page_SiteTesting Administration Users Accou_36dc4d/button_Delete")): Object: 'Object Repository/DeleteAllObject/Page_SiteTesting Administration Users Accou_36dc4d/button_Delete' is clicked on

2022-01-16 10:25:02 - [MESSAGE][PASSED] - Object: 'Object Repository/DeleteAllObject/Page_SiteTesting Administration Users Accou_36dc4d/button_Delete' is clicked on

2022-01-16 10:25:02 - [TEST_STEP][PASSED] - navigateToUrl("http://localhost/admin/user.php?sort=name&dir=ASC&perpage=30&page=0&delete=57&sesskey=OUmxCxziON"): Navigate to 'http://localhost/admin/user.php?sort=name&dir=ASC&perpage=30&page=0&delete=57&sesskey=OUmxCxziON' successfully

2022-01-16 10:25:03 - [MESSAGE][PASSED] - Navigate to 'http://localhost/admin/user.php?sort=name&dir=ASC&perpage=30&page=0&delete=57&sesskey=OUmxCxziON' successfully

2022-01-16 10:25:03 - [TEST_STEP][PASSED] - if (waitForElementVisible(findTestObject("Object Repository/DeleteAllObject/Page_SiteTesting Administration Users Accou_36dc4d/i_Never_icon fa fa-trash fa-fw"), 1, OPTIONAL) == false): Object 'Object Repository/DeleteAllObject/Page_SiteTesting Administration Users Accou_36dc4d/i_Never_icon fa fa-trash fa-fw' is visible

2022-01-16 10:25:04 - [MESSAGE][PASSED] - Object 'Object Repository/DeleteAllObject/Page_SiteTesting Administration Users Accou_36dc4d/i_Never_icon fa fa-trash fa-fw' is visible

2022-01-16 10:25:04 - [TEST_STEP][PASSED] - click(findTestObject("Object Repository/DeleteAllObject/Page_SiteTesting Administration Users Accou_36dc4d/i_Never_icon fa fa-trash fa-fw")): Object: 'Object Repository/DeleteAllObject/Page_SiteTesting Administration Users Accou_36dc4d/i_Never_icon fa fa-trash fa-fw' is clicked on

2022-01-16 10:25:05 - [MESSAGE][PASSED] - Object: 'Object Repository/DeleteAllObject/Page_SiteTesting Administration Users Accou_36dc4d/i_Never_icon fa fa-trash fa-fw' is clicked on

2022-01-16 10:25:05 - [TEST_STEP][PASSED] - click(findTestObject("Object Repository/DeleteAllObject/Page_SiteTesting Administration Users Accou_36dc4d/button_Delete")): Object: 'Object Repository/DeleteAllObject/Page_SiteTesting Administration Users Accou_36dc4d/button_Delete' is clicked on

2022-01-16 10:25:06 - [MESSAGE][PASSED] - Object: 'Object Repository/DeleteAllObject/Page_SiteTesting Administration Users Accou_36dc4d/button_Delete' is clicked on

2022-01-16 10:25:06 - [TEST_STEP][PASSED] - navigateToUrl("http://localhost/admin/user.php?sort=name&dir=ASC&perpage=30&page=0&delete=57&sesskey=OUmxCxziON"): Navigate to 'http://localhost/admin/user.php?sort=name&dir=ASC&perpage=30&page=0&delete=57&sesskey=OUmxCxziON' successfully

2022-01-16 10:25:07 - [MESSAGE][PASSED] - Navigate to 'http://localhost/admin/user.php?sort=name&dir=ASC&perpage=30&page=0&delete=57&sesskey=OUmxCxziON' successfully

2022-01-16 10:25:07 - [TEST_STEP][PASSED] - if (waitForElementVisible(findTestObject("Object Repository/DeleteAllObject/Page_SiteTesting Administration Users Accou_36dc4d/i_Never_icon fa fa-trash fa-fw"), 1, OPTIONAL) == false): null

2022-01-16 10:25:09 - [MESSAGE][INFO] - Unable to find the element located by 'By.xpath: //i[@class = 'icon fa fa-trash fa-fw ' and @title = 'Delete']'. Please recheck the objects properties to make sure the desired element is located. 

2022-01-16 10:25:09 - [MESSAGE][WARNING] - [SELF-HEALING] Failed to find element with id 'Object Repository/DeleteAllObject/Page_SiteTesting Administration Users Accou_36dc4d/i_Never_icon fa fa-trash fa-fw'. Try using Self-healing.

2022-01-16 10:25:11 - [MESSAGE][INFO] - Unable to find the element located by 'By.xpath: //a[@id='yui_3_17_2_1_1641381882105_554']/i'. Please recheck the objects properties to make sure the desired element is located. 

2022-01-16 10:25:11 - [MESSAGE][INFO] - [SELF-HEALING] Failed Locator: '//a[@id='yui_3_17_2_1_1641381882105_554']/i'.

2022-01-16 10:25:11 - [MESSAGE][INFO] - [SELF-HEALING] Failed Locator: '//tr[4]/td[6]/a/i'.

2022-01-16 10:25:11 - [MESSAGE][INFO] - [SELF-HEALING] Failed Locator: '//a[@id='yui_3_17_2_1_1641381882105_554']/i'.

2022-01-16 10:25:12 - [MESSAGE][INFO] - [SELF-HEALING] Failed Locator: '//tr[4]/td[6]/a/i'.

2022-01-16 10:25:13 - [MESSAGE][INFO] - Unable to find the element located by 'By.cssSelector: '. Please recheck the objects properties to make sure the desired element is located. 

2022-01-16 10:25:13 - [MESSAGE][WARNING] - Web element with id: 'Object Repository/DeleteAllObject/Page_SiteTesting Administration Users Accou_36dc4d/i_Never_icon fa fa-trash fa-fw' located by '//i[@class = 'icon fa fa-trash fa-fw ' and @title = 'Delete']' not found

2022-01-16 10:25:13 - [TEST_STEP][PASSED] - break: null

2022-01-16 10:25:13 - [TEST_STEP][PASSED] - if (waitForElementVisible(findTestObject("Object Repository/DeleteAllObject/Page_SiteTesting Administration Users Accou_36dc4d/i_Never_icon fa fa-trash fa-fw"), 1, OPTIONAL) == true): Web element with id: 'Object Repository/DeleteAllObject/Page_SiteTesting Administration Users Accou_36dc4d/i_Never_icon fa fa-trash fa-fw' located by '//i[@class = 'icon fa fa-trash fa-fw ' and @title = 'Delete']' not found

2022-01-16 10:25:15 - [MESSAGE][INFO] - Unable to find the element located by 'By.xpath: //i[@class = 'icon fa fa-trash fa-fw ' and @title = 'Delete']'. Please recheck the objects properties to make sure the desired element is located. 

2022-01-16 10:25:15 - [MESSAGE][WARNING] - [SELF-HEALING] Failed to find element with id 'Object Repository/DeleteAllObject/Page_SiteTesting Administration Users Accou_36dc4d/i_Never_icon fa fa-trash fa-fw'. Try using Self-healing.

2022-01-16 10:25:16 - [MESSAGE][INFO] - Unable to find the element located by 'By.xpath: //a[@id='yui_3_17_2_1_1641381882105_554']/i'. Please recheck the objects properties to make sure the desired element is located. 

2022-01-16 10:25:16 - [MESSAGE][INFO] - [SELF-HEALING] Failed Locator: '//a[@id='yui_3_17_2_1_1641381882105_554']/i'.

2022-01-16 10:25:17 - [MESSAGE][INFO] - [SELF-HEALING] Failed Locator: '//tr[4]/td[6]/a/i'.

2022-01-16 10:25:17 - [MESSAGE][INFO] - [SELF-HEALING] Failed Locator: '//a[@id='yui_3_17_2_1_1641381882105_554']/i'.

2022-01-16 10:25:17 - [MESSAGE][INFO] - [SELF-HEALING] Failed Locator: '//tr[4]/td[6]/a/i'.

2022-01-16 10:25:18 - [MESSAGE][INFO] - Unable to find the element located by 'By.cssSelector: '. Please recheck the objects properties to make sure the desired element is located. 

2022-01-16 10:25:18 - [MESSAGE][WARNING] - Web element with id: 'Object Repository/DeleteAllObject/Page_SiteTesting Administration Users Accou_36dc4d/i_Never_icon fa fa-trash fa-fw' located by '//i[@class = 'icon fa fa-trash fa-fw ' and @title = 'Delete']' not found]]></system-out>
         <system-err><![CDATA[]]></system-err>
      </testcase>
      <system-out><![CDATA[2022-01-16 09:27:46 - [TEST_SUITE][FAILED] - Run all test cases: Test Cases/Student/5. Submit/1. Mask Done FAILED.
Reason:
com.kms.katalon.core.exception.StepFailedException: Unable to click on object 'Object Repository/Page_cntn assignment test/button_Done'
	at com.kms.katalon.core.webui.keyword.internal.WebUIKeywordMain.stepFailed(WebUIKeywordMain.groovy:64)
	at com.kms.katalon.core.webui.keyword.internal.WebUIKeywordMain.runKeyword(WebUIKeywordMain.groovy:26)
	at com.kms.katalon.core.webui.keyword.builtin.ClickKeyword.click(ClickKeyword.groovy:74)
	at com.kms.katalon.core.webui.keyword.builtin.ClickKeyword.execute(ClickKeyword.groovy:40)
	at com.kms.katalon.core.keyword.internal.KeywordExecutor.executeKeywordForPlatform(KeywordExecutor.groovy:74)
	at com.kms.katalon.core.webui.keyword.WebUiBuiltInKeywords.click(WebUiBuiltInKeywords.groovy:620)
	at com.kms.katalon.core.webui.keyword.WebUiBuiltInKeywords$click$1.call(Unknown Source)
	at 1. Mask Done.run(1. Mask Done:26)
	at com.kms.katalon.core.main.ScriptEngine.run(ScriptEngine.java:194)
	at com.kms.katalon.core.main.ScriptEngine.runScriptAsRawText(ScriptEngine.java:119)
	at com.kms.katalon.core.main.TestCaseExecutor.runScript(TestCaseExecutor.java:442)
	at com.kms.katalon.core.main.TestCaseExecutor.doExecute(TestCaseExecutor.java:433)
	at com.kms.katalon.core.main.TestCaseExecutor.processExecutionPhase(TestCaseExecutor.java:412)
	at com.kms.katalon.core.main.TestCaseExecutor.accessMainPhase(TestCaseExecutor.java:404)
	at com.kms.katalon.core.main.TestCaseExecutor.execute(TestCaseExecutor.java:281)
	at com.kms.katalon.core.main.TestSuiteExecutor.accessTestCaseMainPhase(TestSuiteExecutor.java:202)
	at com.kms.katalon.core.main.TestSuiteExecutor.accessTestSuiteMainPhase(TestSuiteExecutor.java:164)
	at com.kms.katalon.core.main.TestSuiteExecutor.execute(TestSuiteExecutor.java:105)
	at com.kms.katalon.core.main.TestCaseMain.startTestSuite(TestCaseMain.java:181)
	at com.kms.katalon.core.main.TestCaseMain$startTestSuite$0.call(Unknown Source)
	at TempTestSuite1642300051220.run(TempTestSuite1642300051220.groovy:36)
Caused by: org.openqa.selenium.ElementClickInterceptedException: element click intercepted: Element <button class="btn btn-outline-secondary" data-action="toggle-manual-completion" id="yui_3_17_2_1_1642301126571_39">...</button> is not clickable at point (353, 350). Other element would receive the click: <div class="yui3-widget-mask" style="position: fixed; width: 100%; height: 100%; top: 0px; left: 0px; z-index: 1041;"></div>
  (Session info: MicrosoftEdge=97.0.1072.62)
Build info: version: '3.141.59', revision: 'e82be7d358', time: '2018-11-14T08:25:53'
System info: host: 'LAPTOP-O4I5TINJ', ip: '192.168.11.1', os.name: 'Windows 10', os.arch: 'amd64', os.version: '10.0', java.version: '1.8.0_282'
Driver info: com.kms.katalon.selenium.driver.CEdgeDriver
Capabilities {acceptInsecureCerts: false, browserName: msedge, browserVersion: 97.0.1072.62, javascriptEnabled: true, ms:edgeOptions: {debuggerAddress: localhost:57451}, msedge: {msedgedriverVersion: 97.0.1072.55 (ce3bf33648805..., userDataDir: C:\Users\ASUS\AppData\Local...}, networkConnectionEnabled: false, pageLoadStrategy: normal, platform: WINDOWS, platformName: WINDOWS, proxy: Proxy(), setWindowRect: true, strictFileInteractability: false, timeouts: {implicit: 0, pageLoad: 300000, script: 30000}, unhandledPromptBehavior: dismiss and notify, webauthn:extension:credBlob: true, webauthn:extension:largeBlob: true, webauthn:virtualAuthenticators: true}
Session ID: e5a3b2f806216951313f8e4571db1d56
	at org.openqa.selenium.remote.http.W3CHttpResponseCodec.createException(W3CHttpResponseCodec.java:187)
	at org.openqa.selenium.remote.http.W3CHttpResponseCodec.decode(W3CHttpResponseCodec.java:122)
	at org.openqa.selenium.remote.http.W3CHttpResponseCodec.decode(W3CHttpResponseCodec.java:49)
	at org.openqa.selenium.remote.HttpCommandExecutor.execute(HttpCommandExecutor.java:158)
	at org.openqa.selenium.remote.service.DriverCommandExecutor.execute(DriverCommandExecutor.java:83)
	at org.openqa.selenium.remote.RemoteWebDriver.execute(RemoteWebDriver.java:552)
	at com.kms.katalon.selenium.driver.CEdgeDriver.execute(CEdgeDriver.java:20)
	at org.openqa.selenium.remote.RemoteWebElement.execute(RemoteWebElement.java:285)
	at org.openqa.selenium.remote.RemoteWebElement.click(RemoteWebElement.java:84)
	at org.openqa.selenium.support.events.EventFiringWebDriver$EventFiringWebElement.lambda$new$0(EventFiringWebDriver.java:404)
	at com.sun.proxy.$Proxy11.click(Unknown Source)
	at org.openqa.selenium.support.events.EventFiringWebDriver$EventFiringWebElement.click(EventFiringWebDriver.java:417)
	at org.openqa.selenium.WebElement$click.call(Unknown Source)
	at com.kms.katalon.core.webui.keyword.builtin.ClickKeyword.clickUntilSuccessWithTimeout(ClickKeyword.groovy:81)
	at com.kms.katalon.core.webui.keyword.builtin.ClickKeyword.clickUntilSuccessWithTimeout(ClickKeyword.groovy)
	at com.kms.katalon.core.webui.keyword.builtin.ClickKeyword$_click_closure1.doCall(ClickKeyword.groovy:67)
	at com.kms.katalon.core.webui.keyword.builtin.ClickKeyword$_click_closure1.call(ClickKeyword.groovy)
	at com.kms.katalon.core.webui.keyword.internal.WebUIKeywordMain.runKeyword(WebUIKeywordMain.groovy:20)
	... 19 more]]></system-out>
      <system-err><![CDATA[2022-01-16 09:27:46 - [TEST_SUITE][FAILED] - Run all test cases: Test Cases/Student/5. Submit/1. Mask Done FAILED.
Reason:
com.kms.katalon.core.exception.StepFailedException: Unable to click on object 'Object Repository/Page_cntn assignment test/button_Done'
	at com.kms.katalon.core.webui.keyword.internal.WebUIKeywordMain.stepFailed(WebUIKeywordMain.groovy:64)
	at com.kms.katalon.core.webui.keyword.internal.WebUIKeywordMain.runKeyword(WebUIKeywordMain.groovy:26)
	at com.kms.katalon.core.webui.keyword.builtin.ClickKeyword.click(ClickKeyword.groovy:74)
	at com.kms.katalon.core.webui.keyword.builtin.ClickKeyword.execute(ClickKeyword.groovy:40)
	at com.kms.katalon.core.keyword.internal.KeywordExecutor.executeKeywordForPlatform(KeywordExecutor.groovy:74)
	at com.kms.katalon.core.webui.keyword.WebUiBuiltInKeywords.click(WebUiBuiltInKeywords.groovy:620)
	at com.kms.katalon.core.webui.keyword.WebUiBuiltInKeywords$click$1.call(Unknown Source)
	at 1. Mask Done.run(1. Mask Done:26)
	at com.kms.katalon.core.main.ScriptEngine.run(ScriptEngine.java:194)
	at com.kms.katalon.core.main.ScriptEngine.runScriptAsRawText(ScriptEngine.java:119)
	at com.kms.katalon.core.main.TestCaseExecutor.runScript(TestCaseExecutor.java:442)
	at com.kms.katalon.core.main.TestCaseExecutor.doExecute(TestCaseExecutor.java:433)
	at com.kms.katalon.core.main.TestCaseExecutor.processExecutionPhase(TestCaseExecutor.java:412)
	at com.kms.katalon.core.main.TestCaseExecutor.accessMainPhase(TestCaseExecutor.java:404)
	at com.kms.katalon.core.main.TestCaseExecutor.execute(TestCaseExecutor.java:281)
	at com.kms.katalon.core.main.TestSuiteExecutor.accessTestCaseMainPhase(TestSuiteExecutor.java:202)
	at com.kms.katalon.core.main.TestSuiteExecutor.accessTestSuiteMainPhase(TestSuiteExecutor.java:164)
	at com.kms.katalon.core.main.TestSuiteExecutor.execute(TestSuiteExecutor.java:105)
	at com.kms.katalon.core.main.TestCaseMain.startTestSuite(TestCaseMain.java:181)
	at com.kms.katalon.core.main.TestCaseMain$startTestSuite$0.call(Unknown Source)
	at TempTestSuite1642300051220.run(TempTestSuite1642300051220.groovy:36)
Caused by: org.openqa.selenium.ElementClickInterceptedException: element click intercepted: Element <button class="btn btn-outline-secondary" data-action="toggle-manual-completion" id="yui_3_17_2_1_1642301126571_39">...</button> is not clickable at point (353, 350). Other element would receive the click: <div class="yui3-widget-mask" style="position: fixed; width: 100%; height: 100%; top: 0px; left: 0px; z-index: 1041;"></div>
  (Session info: MicrosoftEdge=97.0.1072.62)
Build info: version: '3.141.59', revision: 'e82be7d358', time: '2018-11-14T08:25:53'
System info: host: 'LAPTOP-O4I5TINJ', ip: '192.168.11.1', os.name: 'Windows 10', os.arch: 'amd64', os.version: '10.0', java.version: '1.8.0_282'
Driver info: com.kms.katalon.selenium.driver.CEdgeDriver
Capabilities {acceptInsecureCerts: false, browserName: msedge, browserVersion: 97.0.1072.62, javascriptEnabled: true, ms:edgeOptions: {debuggerAddress: localhost:57451}, msedge: {msedgedriverVersion: 97.0.1072.55 (ce3bf33648805..., userDataDir: C:\Users\ASUS\AppData\Local...}, networkConnectionEnabled: false, pageLoadStrategy: normal, platform: WINDOWS, platformName: WINDOWS, proxy: Proxy(), setWindowRect: true, strictFileInteractability: false, timeouts: {implicit: 0, pageLoad: 300000, script: 30000}, unhandledPromptBehavior: dismiss and notify, webauthn:extension:credBlob: true, webauthn:extension:largeBlob: true, webauthn:virtualAuthenticators: true}
Session ID: e5a3b2f806216951313f8e4571db1d56
	at org.openqa.selenium.remote.http.W3CHttpResponseCodec.createException(W3CHttpResponseCodec.java:187)
	at org.openqa.selenium.remote.http.W3CHttpResponseCodec.decode(W3CHttpResponseCodec.java:122)
	at org.openqa.selenium.remote.http.W3CHttpResponseCodec.decode(W3CHttpResponseCodec.java:49)
	at org.openqa.selenium.remote.HttpCommandExecutor.execute(HttpCommandExecutor.java:158)
	at org.openqa.selenium.remote.service.DriverCommandExecutor.execute(DriverCommandExecutor.java:83)
	at org.openqa.selenium.remote.RemoteWebDriver.execute(RemoteWebDriver.java:552)
	at com.kms.katalon.selenium.driver.CEdgeDriver.execute(CEdgeDriver.java:20)
	at org.openqa.selenium.remote.RemoteWebElement.execute(RemoteWebElement.java:285)
	at org.openqa.selenium.remote.RemoteWebElement.click(RemoteWebElement.java:84)
	at org.openqa.selenium.support.events.EventFiringWebDriver$EventFiringWebElement.lambda$new$0(EventFiringWebDriver.java:404)
	at com.sun.proxy.$Proxy11.click(Unknown Source)
	at org.openqa.selenium.support.events.EventFiringWebDriver$EventFiringWebElement.click(EventFiringWebDriver.java:417)
	at org.openqa.selenium.WebElement$click.call(Unknown Source)
	at com.kms.katalon.core.webui.keyword.builtin.ClickKeyword.clickUntilSuccessWithTimeout(ClickKeyword.groovy:81)
	at com.kms.katalon.core.webui.keyword.builtin.ClickKeyword.clickUntilSuccessWithTimeout(ClickKeyword.groovy)
	at com.kms.katalon.core.webui.keyword.builtin.ClickKeyword$_click_closure1.doCall(ClickKeyword.groovy:67)
	at com.kms.katalon.core.webui.keyword.builtin.ClickKeyword$_click_closure1.call(ClickKeyword.groovy)
	at com.kms.katalon.core.webui.keyword.internal.WebUIKeywordMain.runKeyword(WebUIKeywordMain.groovy:20)
	... 19 more]]></system-err>
   </testsuite>
</testsuites>
