<?xml version="1.0" encoding="UTF-8"?>
<testsuites name="Run all test cases" time="3510.829" tests="50" failures="7" errors="0">
   <testsuite name="Run all test cases" tests="50" failures="7" errors="0" time="3510.829" skipped="0" timestamp="2022-01-16 11:28:30" hostname="ASUS - LAPTOP-O4I5TINJ" id="Test Suites/Run all test cases">
      <properties>
         <property name="deviceName" value=""/>
         <property name="devicePlatform" value=""/>
         <property name="logFolder" value="E:\\MoodleTestByKatalon\\Reports\\20220116_112815\\Run all test cases\\20220116_112815"/>
         <property name="logFiles" value="E:\\MoodleTestByKatalon\\Reports\\20220116_112815\\Run all test cases\\20220116_112815\\execution0.log"/>
         <property name="attachments" value="E:\\MoodleTestByKatalon\\Reports\\20220116_112815\\Run all test cases\\20220116_112815\\1642308447334.png, E:\\MoodleTestByKatalon\\Reports\\20220116_112815\\Run all test cases\\20220116_112815\\1642309914937.png, E:\\MoodleTestByKatalon\\Reports\\20220116_112815\\Run all test cases\\20220116_112815\\1642309957854.png, E:\\MoodleTestByKatalon\\Reports\\20220116_112815\\Run all test cases\\20220116_112815\\1642310158311.png, E:\\MoodleTestByKatalon\\Reports\\20220116_112815\\Run all test cases\\20220116_112815\\1642310158426.png, E:\\MoodleTestByKatalon\\Reports\\20220116_112815\\Run all test cases\\20220116_112815\\1642310271940.png, E:\\MoodleTestByKatalon\\Reports\\20220116_112815\\Run all test cases\\20220116_112815\\1642310272076.png, E:\\MoodleTestByKatalon\\Reports\\20220116_112815\\Run all test cases\\20220116_112815\\1642310384631.png, E:\\MoodleTestByKatalon\\Reports\\20220116_112815\\Run all test cases\\20220116_112815\\1642310384744.png"/>
         <property name="hostName" value="ASUS - LAPTOP-O4I5TINJ"/>
         <property name="os" value="Windows 10 64bit"/>
         <property name="katalonVersion" value="8.2.0.208"/>
         <property name="browser" value="Edge Chromium 97"/>
         <property name="hostAddress" value="192.168.11.1"/>
         <property name="sessionId" value="3a25e8a67d1f5b4ccc908a3f1598d8dd"/>
         <property name="seleniumVersion" value="3.141.59"/>
         <property name="proxyInformation" value="ProxyInformation { proxyOption=NO_PROXY, proxyServerType=HTTP, username=, password=********, proxyServerAddress=, proxyServerPort=0, executionList=&quot;&quot;, isApplyToDesiredCapabilities=true }"/>
         <property name="platform" value="Windows 10"/>
      </properties>
      <testcase name="Test Cases/Phần thiết lập khác/Tạo Course tên là Sample Course For Permission" time="27.594" classname="Test Cases/Phần thiết lập khác/Tạo Course tên là Sample Course For Permission" status="PASSED">
         <system-out><![CDATA[2022-01-16 11:28:31 - [TEST_CASE][PASSED] - Test Cases/Phần thiết lập khác/Tạo Course tên là Sample Course For Permission: Test Cases/Phần thiết lập khác/Tạo Course tên là Sample Course For Permission

2022-01-16 11:28:32 - [TEST_STEP][PASSED] - callTestCase(findTestCase("Kiểm tra thẻ Site Administration/Đăng nhập thành công"), [:], STOP_ON_FAILURE): Call Test Case 'Test Cases/Kiểm tra thẻ Site Administration/Đăng nhập thành công' successfully

2022-01-16 11:28:32 - [TEST_CASE][PASSED] - Test Cases/Kiểm tra thẻ Site Administration/Đăng nhập thành công: Test Cases/Kiểm tra thẻ Site Administration/Đăng nhập thành công

2022-01-16 11:28:32 - [TEST_STEP][PASSED] - openBrowser(""): Browser is opened with url: ''

2022-01-16 11:28:32 - [MESSAGE][INFO] - Starting 'Edge Chromium' driver

2022-01-16 11:28:35 - [MESSAGE][INFO] - Action delay is set to 0 milliseconds

2022-01-16 11:28:38 - [MESSAGE][PASSED] - Browser is opened with url: ''

2022-01-16 11:28:38 - [TEST_STEP][PASSED] - navigateToUrl("http://localhost/"): Navigate to 'http://localhost/' successfully

2022-01-16 11:28:43 - [MESSAGE][PASSED] - Navigate to 'http://localhost/' successfully

2022-01-16 11:28:43 - [TEST_STEP][PASSED] - click(findTestObject("Object Repository/LoginObject/Page_Automation Testing Site/a_Log in")): Object: 'Object Repository/LoginObject/Page_Automation Testing Site/a_Log in' is clicked on

2022-01-16 11:28:44 - [MESSAGE][PASSED] - Object: 'Object Repository/LoginObject/Page_Automation Testing Site/a_Log in' is clicked on

2022-01-16 11:28:44 - [TEST_STEP][PASSED] - setText(findTestObject("Object Repository/LoginObject/Page_Automation Testing Site Log in to the site/input_Username_username"), "admin"): Text 'admin' is set on object 'Object Repository/LoginObject/Page_Automation Testing Site Log in to the site/input_Username_username'

2022-01-16 11:28:45 - [MESSAGE][PASSED] - Text 'admin' is set on object 'Object Repository/LoginObject/Page_Automation Testing Site Log in to the site/input_Username_username'

2022-01-16 11:28:45 - [TEST_STEP][PASSED] - setEncryptedText(findTestObject("Object Repository/LoginObject/Page_Automation Testing Site Log in to the site/input_Password_password"), "cnpXG5HhkrZpEXzNIGBMZQ=="): Text ****** has been set on object 'Object Repository/LoginObject/Page_Automation Testing Site Log in to the site/input_Password_password'

2022-01-16 11:28:45 - [MESSAGE][PASSED] - Text ****** has been set on object 'Object Repository/LoginObject/Page_Automation Testing Site Log in to the site/input_Password_password'

2022-01-16 11:28:45 - [TEST_STEP][PASSED] - click(findTestObject("Object Repository/LoginObject/Page_Automation Testing Site Log in to the site/button_Log in")): Object: 'Object Repository/LoginObject/Page_Automation Testing Site Log in to the site/button_Log in' is clicked on

2022-01-16 11:28:47 - [MESSAGE][PASSED] - Object: 'Object Repository/LoginObject/Page_Automation Testing Site Log in to the site/button_Log in' is clicked on

2022-01-16 11:28:47 - [TEST_STEP][PASSED] - verifyElementText(findTestObject("Object Repository/LoginObject/Page_Dashboard/span_Site administration"), "Site administration"): Actual text and expected text of test object 'Object Repository/LoginObject/Page_Dashboard/span_Site administration' are matched.

2022-01-16 11:28:49 - [MESSAGE][PASSED] - Actual text and expected text of test object 'Object Repository/LoginObject/Page_Dashboard/span_Site administration' are matched.

2022-01-16 11:28:49 - [MESSAGE][PASSED] - Call Test Case 'Test Cases/Kiểm tra thẻ Site Administration/Đăng nhập thành công' successfully

2022-01-16 11:28:49 - [TEST_STEP][PASSED] - click(findTestObject("Object Repository/AddSampleCourse/Page_Dashboard/span_Site home")): Object: 'Object Repository/AddSampleCourse/Page_Dashboard/span_Site home' is clicked on

2022-01-16 11:28:51 - [MESSAGE][PASSED] - Object: 'Object Repository/AddSampleCourse/Page_Dashboard/span_Site home' is clicked on

2022-01-16 11:28:51 - [TEST_STEP][PASSED] - if (verifyTextPresent("Sample Course For Permission", false, OPTIONAL) == true): Text 'Sample Course For Permission' is not present on page  (Root cause: com.kms.katalon.core.exception.StepFailedException: Text 'Sample Course For Permission' is not present on page 
	at com.kms.katalon.core.webui.keyword.internal.WebUIKeywordMain.stepFailed(WebUIKeywordMain.groovy:64)
	at com.kms.katalon.core.webui.keyword.builtin.VerifyTextPresentKeyword$_verifyTextPresent_closure1.doCall(VerifyTextPresentKeyword.groovy:79)
	at com.kms.katalon.core.webui.keyword.builtin.VerifyTextPresentKeyword$_verifyTextPresent_closure1.call(VerifyTextPresentKeyword.groovy)
	at com.kms.katalon.core.webui.keyword.internal.WebUIKeywordMain.runKeyword(WebUIKeywordMain.groovy:20)
	at com.kms.katalon.core.webui.keyword.builtin.VerifyTextPresentKeyword.verifyTextPresent(VerifyTextPresentKeyword.groovy:83)
	at com.kms.katalon.core.webui.keyword.builtin.VerifyTextPresentKeyword.execute(VerifyTextPresentKeyword.groovy:68)
	at com.kms.katalon.core.keyword.internal.KeywordExecutor.executeKeywordForPlatform(KeywordExecutor.groovy:74)
	at com.kms.katalon.core.webui.keyword.WebUiBuiltInKeywords.verifyTextPresent(WebUiBuiltInKeywords.groovy:1707)
	at com.kms.katalon.core.webui.keyword.WebUiBuiltInKeywords$verifyTextPresent$5.call(Unknown Source)
	at Tạo Course tên là Sample Course For Permission.run(Tạo Course tên là Sample Course For Permission:27)
	at com.kms.katalon.core.main.ScriptEngine.run(ScriptEngine.java:194)
	at com.kms.katalon.core.main.ScriptEngine.runScriptAsRawText(ScriptEngine.java:119)
	at com.kms.katalon.core.main.TestCaseExecutor.runScript(TestCaseExecutor.java:442)
	at com.kms.katalon.core.main.TestCaseExecutor.doExecute(TestCaseExecutor.java:433)
	at com.kms.katalon.core.main.TestCaseExecutor.processExecutionPhase(TestCaseExecutor.java:412)
	at com.kms.katalon.core.main.TestCaseExecutor.accessMainPhase(TestCaseExecutor.java:404)
	at com.kms.katalon.core.main.TestCaseExecutor.execute(TestCaseExecutor.java:281)
	at com.kms.katalon.core.main.TestSuiteExecutor.accessTestCaseMainPhase(TestSuiteExecutor.java:202)
	at com.kms.katalon.core.main.TestSuiteExecutor.accessTestSuiteMainPhase(TestSuiteExecutor.java:164)
	at com.kms.katalon.core.main.TestSuiteExecutor.execute(TestSuiteExecutor.java:105)
	at com.kms.katalon.core.main.TestCaseMain.startTestSuite(TestCaseMain.java:181)
	at com.kms.katalon.core.main.TestCaseMain$startTestSuite$0.call(Unknown Source)
	at TempTestSuite1642307295030.run(TempTestSuite1642307295030.groovy:36)
)

2022-01-16 11:28:51 - [MESSAGE][WARNING] - Text 'Sample Course For Permission' is not present on page  (Root cause: com.kms.katalon.core.exception.StepFailedException: Text 'Sample Course For Permission' is not present on page 
	at com.kms.katalon.core.webui.keyword.internal.WebUIKeywordMain.stepFailed(WebUIKeywordMain.groovy:64)
	at com.kms.katalon.core.webui.keyword.builtin.VerifyTextPresentKeyword$_verifyTextPresent_closure1.doCall(VerifyTextPresentKeyword.groovy:79)
	at com.kms.katalon.core.webui.keyword.builtin.VerifyTextPresentKeyword$_verifyTextPresent_closure1.call(VerifyTextPresentKeyword.groovy)
	at com.kms.katalon.core.webui.keyword.internal.WebUIKeywordMain.runKeyword(WebUIKeywordMain.groovy:20)
	at com.kms.katalon.core.webui.keyword.builtin.VerifyTextPresentKeyword.verifyTextPresent(VerifyTextPresentKeyword.groovy:83)
	at com.kms.katalon.core.webui.keyword.builtin.VerifyTextPresentKeyword.execute(VerifyTextPresentKeyword.groovy:68)
	at com.kms.katalon.core.keyword.internal.KeywordExecutor.executeKeywordForPlatform(KeywordExecutor.groovy:74)
	at com.kms.katalon.core.webui.keyword.WebUiBuiltInKeywords.verifyTextPresent(WebUiBuiltInKeywords.groovy:1707)
	at com.kms.katalon.core.webui.keyword.WebUiBuiltInKeywords$verifyTextPresent$5.call(Unknown Source)
	at Tạo Course tên là Sample Course For Permission.run(Tạo Course tên là Sample Course For Permission:27)
	at com.kms.katalon.core.main.ScriptEngine.run(ScriptEngine.java:194)
	at com.kms.katalon.core.main.ScriptEngine.runScriptAsRawText(ScriptEngine.java:119)
	at com.kms.katalon.core.main.TestCaseExecutor.runScript(TestCaseExecutor.java:442)
	at com.kms.katalon.core.main.TestCaseExecutor.doExecute(TestCaseExecutor.java:433)
	at com.kms.katalon.core.main.TestCaseExecutor.processExecutionPhase(TestCaseExecutor.java:412)
	at com.kms.katalon.core.main.TestCaseExecutor.accessMainPhase(TestCaseExecutor.java:404)
	at com.kms.katalon.core.main.TestCaseExecutor.execute(TestCaseExecutor.java:281)
	at com.kms.katalon.core.main.TestSuiteExecutor.accessTestCaseMainPhase(TestSuiteExecutor.java:202)
	at com.kms.katalon.core.main.TestSuiteExecutor.accessTestSuiteMainPhase(TestSuiteExecutor.java:164)
	at com.kms.katalon.core.main.TestSuiteExecutor.execute(TestSuiteExecutor.java:105)
	at com.kms.katalon.core.main.TestCaseMain.startTestSuite(TestCaseMain.java:181)
	at com.kms.katalon.core.main.TestCaseMain$startTestSuite$0.call(Unknown Source)
	at TempTestSuite1642307295030.run(TempTestSuite1642307295030.groovy:36)
)

2022-01-16 11:28:51 - [TEST_STEP][PASSED] - else: Text 'Sample Course For Permission' is present on page 

2022-01-16 11:28:51 - [TEST_STEP][PASSED] - click(findTestObject("Object Repository/AddSampleCourse/Page_Automation Testing Site/button_Add a new course")): Object: 'Object Repository/AddSampleCourse/Page_Automation Testing Site/button_Add a new course' is clicked on

2022-01-16 11:28:54 - [MESSAGE][PASSED] - Object: 'Object Repository/AddSampleCourse/Page_Automation Testing Site/button_Add a new course' is clicked on

2022-01-16 11:28:54 - [TEST_STEP][PASSED] - setText(findTestObject("Object Repository/AddSampleCourse/Page_SiteTesting Add a new course/input_Course full name_fullname"), "Sample Course For Permission"): Text 'Sample Course For Permission' is set on object 'Object Repository/AddSampleCourse/Page_SiteTesting Add a new course/input_Course full name_fullname'

2022-01-16 11:28:56 - [MESSAGE][PASSED] - Text 'Sample Course For Permission' is set on object 'Object Repository/AddSampleCourse/Page_SiteTesting Add a new course/input_Course full name_fullname'

2022-01-16 11:28:56 - [TEST_STEP][PASSED] - setText(findTestObject("Object Repository/AddSampleCourse/Page_SiteTesting Add a new course/input_Course short name_shortname"), "SampleC"): Text 'SampleC' is set on object 'Object Repository/AddSampleCourse/Page_SiteTesting Add a new course/input_Course short name_shortname'

2022-01-16 11:28:57 - [MESSAGE][PASSED] - Text 'SampleC' is set on object 'Object Repository/AddSampleCourse/Page_SiteTesting Add a new course/input_Course short name_shortname'

2022-01-16 11:28:57 - [TEST_STEP][PASSED] - click(findTestObject("Object Repository/AddSampleCourse/Page_SiteTesting Add a new course/input__saveandreturn")): Object: 'Object Repository/AddSampleCourse/Page_SiteTesting Add a new course/input__saveandreturn' is clicked on

2022-01-16 11:28:58 - [MESSAGE][PASSED] - Object: 'Object Repository/AddSampleCourse/Page_SiteTesting Add a new course/input__saveandreturn' is clicked on

2022-01-16 11:28:58 - [TEST_STEP][PASSED] - verifyTextPresent("Sample Course For Permission", false): Text 'Sample Course For Permission' is present on page 

2022-01-16 11:28:58 - [MESSAGE][PASSED] - Text 'Sample Course For Permission' is present on page]]></system-out>
         <system-err><![CDATA[]]></system-err>
      </testcase>
      <testcase name="Test Cases/Student/0. Setup student env" time="165.415" classname="Test Cases/Student/0. Setup student env" status="PASSED">
         <system-out><![CDATA[2022-01-16 11:28:58 - [TEST_CASE][PASSED] - Test Cases/Student/0. Setup student env: Test Cases/Student/0. Setup student env

2022-01-16 11:28:59 - [TEST_STEP][PASSED] - openBrowser(""): Browser is opened with url: ''

2022-01-16 11:28:59 - [MESSAGE][WARNING] - A browser is already opened. Closing browser and opening a new one

2022-01-16 11:28:59 - [MESSAGE][INFO] - Starting 'Edge Chromium' driver

2022-01-16 11:29:02 - [MESSAGE][INFO] - Action delay is set to 0 milliseconds

2022-01-16 11:29:03 - [MESSAGE][PASSED] - Browser is opened with url: ''

2022-01-16 11:29:03 - [TEST_STEP][PASSED] - navigateToUrl("http://localhost/"): Navigate to 'http://localhost/' successfully

2022-01-16 11:29:05 - [MESSAGE][PASSED] - Navigate to 'http://localhost/' successfully

2022-01-16 11:29:05 - [TEST_STEP][PASSED] - click(findTestObject("Object Repository/Page_Automation Testing Site/a_Log in")): Object: 'Object Repository/Page_Automation Testing Site/a_Log in' is clicked on

2022-01-16 11:29:06 - [MESSAGE][PASSED] - Object: 'Object Repository/Page_Automation Testing Site/a_Log in' is clicked on

2022-01-16 11:29:06 - [TEST_STEP][PASSED] - setText(findTestObject("Object Repository/Page_Automation Testing Site Log in to the site/input_Username_username"), "admin"): Text 'admin' is set on object 'Object Repository/Page_Automation Testing Site Log in to the site/input_Username_username'

2022-01-16 11:29:07 - [MESSAGE][PASSED] - Text 'admin' is set on object 'Object Repository/Page_Automation Testing Site Log in to the site/input_Username_username'

2022-01-16 11:29:07 - [TEST_STEP][PASSED] - setEncryptedText(findTestObject("Object Repository/Page_Automation Testing Site Log in to the site/input_Password_password"), "cnpXG5HhkrZpEXzNIGBMZQ=="): Text ****** has been set on object 'Object Repository/Page_Automation Testing Site Log in to the site/input_Password_password'

2022-01-16 11:29:08 - [MESSAGE][PASSED] - Text ****** has been set on object 'Object Repository/Page_Automation Testing Site Log in to the site/input_Password_password'

2022-01-16 11:29:08 - [TEST_STEP][PASSED] - click(findTestObject("Object Repository/Page_Automation Testing Site Log in to the site/button_Log in")): Object: 'Object Repository/Page_Automation Testing Site Log in to the site/button_Log in' is clicked on

2022-01-16 11:29:09 - [MESSAGE][PASSED] - Object: 'Object Repository/Page_Automation Testing Site Log in to the site/button_Log in' is clicked on

2022-01-16 11:29:09 - [TEST_STEP][PASSED] - click(findTestObject("Object Repository/Page_Course and category management/span_Site administration")): Object: 'Object Repository/Page_Course and category management/span_Site administration' is clicked on

2022-01-16 11:29:11 - [MESSAGE][PASSED] - Object: 'Object Repository/Page_Course and category management/span_Site administration' is clicked on

2022-01-16 11:29:11 - [TEST_STEP][PASSED] - click(findTestObject("Object Repository/Page_SiteTesting Administration Search/a_Courses")): Object: 'Object Repository/Page_SiteTesting Administration Search/a_Courses' is clicked on

2022-01-16 11:29:12 - [MESSAGE][PASSED] - Object: 'Object Repository/Page_SiteTesting Administration Search/a_Courses' is clicked on

2022-01-16 11:29:12 - [TEST_STEP][PASSED] - click(findTestObject("Object Repository/Page_SiteTesting Administration Search/a_Manage courses and categories")): Object: 'Object Repository/Page_SiteTesting Administration Search/a_Manage courses and categories' is clicked on

2022-01-16 11:29:13 - [MESSAGE][PASSED] - Object: 'Object Repository/Page_SiteTesting Administration Search/a_Manage courses and categories' is clicked on

2022-01-16 11:29:13 - [TEST_STEP][PASSED] - click(findTestObject("Object Repository/Page_Course and category management/a_Create new course")): Object: 'Object Repository/Page_Course and category management/a_Create new course' is clicked on

2022-01-16 11:29:44 - [MESSAGE][INFO] - Unable to find the element located by 'By.xpath: //div[@id='yui_3_17_2_1_1642147506792_57']/div/div/a'. Please recheck the objects properties to make sure the desired element is located. 

2022-01-16 11:29:44 - [MESSAGE][WARNING] - [SELF-HEALING] Failed to find element with id 'Object Repository/Page_Course and category management/a_Create new course'. Try using Self-healing.

2022-01-16 11:29:45 - [MESSAGE][WARNING] - [SELF-HEALING] The current locator of test object 'Object Repository/Page_Course and category management/a_Create new course' was broken. Propose an alternative one: '//a[contains(text(),'Create new course')]'.

2022-01-16 11:29:46 - [MESSAGE][PASSED] - Object: 'Object Repository/Page_Course and category management/a_Create new course' is clicked on

2022-01-16 11:29:46 - [TEST_STEP][PASSED] - setText(findTestObject("Object Repository/Page_SiteTesting Add a new course/input_Course full name_fullname"), "CNTN"): Text 'CNTN' is set on object 'Object Repository/Page_SiteTesting Add a new course/input_Course full name_fullname'

2022-01-16 11:29:47 - [MESSAGE][PASSED] - Text 'CNTN' is set on object 'Object Repository/Page_SiteTesting Add a new course/input_Course full name_fullname'

2022-01-16 11:29:47 - [TEST_STEP][PASSED] - setText(findTestObject("Object Repository/Page_SiteTesting Add a new course/input_Course short name_shortname"), "cntn"): Text 'cntn' is set on object 'Object Repository/Page_SiteTesting Add a new course/input_Course short name_shortname'

2022-01-16 11:29:48 - [MESSAGE][PASSED] - Text 'cntn' is set on object 'Object Repository/Page_SiteTesting Add a new course/input_Course short name_shortname'

2022-01-16 11:29:48 - [TEST_STEP][PASSED] - click(findTestObject("Object Repository/Page_SiteTesting Add a new course/input__saveanddisplay")): Object: 'Object Repository/Page_SiteTesting Add a new course/input__saveanddisplay' is clicked on

2022-01-16 11:29:50 - [MESSAGE][PASSED] - Object: 'Object Repository/Page_SiteTesting Add a new course/input__saveanddisplay' is clicked on

2022-01-16 11:29:50 - [TEST_STEP][PASSED] - click(findTestObject("Object Repository/Page_Grades View/span_General")): Object: 'Object Repository/Page_Grades View/span_General' is clicked on

2022-01-16 11:29:51 - [MESSAGE][PASSED] - Object: 'Object Repository/Page_Grades View/span_General' is clicked on

2022-01-16 11:29:51 - [TEST_STEP][PASSED] - scrollToPosition(0, 0): Browser is scrolled to position x = 0, y = 0

2022-01-16 11:29:51 - [MESSAGE][PASSED] - Browser is scrolled to position x = 0, y = 0

2022-01-16 11:29:51 - [TEST_STEP][PASSED] - click(findTestObject("Object Repository/Page_Course CNTN/button_Turn editing on")): Object: 'Object Repository/Page_Course CNTN/button_Turn editing on' is clicked on

2022-01-16 11:29:52 - [MESSAGE][PASSED] - Object: 'Object Repository/Page_Course CNTN/button_Turn editing on' is clicked on

2022-01-16 11:29:52 - [TEST_STEP][PASSED] - click(findTestObject("Object Repository/Page_Course CNTN/span_Add an activity or resource")): Object: 'Object Repository/Page_Course CNTN/span_Add an activity or resource' is clicked on

2022-01-16 11:29:53 - [MESSAGE][PASSED] - Object: 'Object Repository/Page_Course CNTN/span_Add an activity or resource' is clicked on

2022-01-16 11:29:53 - [TEST_STEP][PASSED] - click(findTestObject("Object Repository/Page_Course CNTN/div_Assignment")): Object: 'Object Repository/Page_Course CNTN/div_Assignment' is clicked on

2022-01-16 11:30:24 - [MESSAGE][INFO] - Unable to find the element located by 'By.xpath: //div[@id='all-6']/div/div/div/a/div[2]'. Please recheck the objects properties to make sure the desired element is located. 

2022-01-16 11:30:24 - [MESSAGE][WARNING] - [SELF-HEALING] Failed to find element with id 'Object Repository/Page_Course CNTN/div_Assignment'. Try using Self-healing.

2022-01-16 11:30:25 - [MESSAGE][WARNING] - [SELF-HEALING] The current locator of test object 'Object Repository/Page_Course CNTN/div_Assignment' was broken. Propose an alternative one: '(.//*[normalize-space(text()) and normalize-space(.)='Recommended'])[1]/following::div[9]'.

2022-01-16 11:30:26 - [MESSAGE][PASSED] - Object: 'Object Repository/Page_Course CNTN/div_Assignment' is clicked on

2022-01-16 11:30:26 - [TEST_STEP][PASSED] - setText(findTestObject("Object Repository/Page_Editing Assignment/input_Assignment name_name"), "assignment test"): Text 'assignment test' is set on object 'Object Repository/Page_Editing Assignment/input_Assignment name_name'

2022-01-16 11:30:28 - [MESSAGE][PASSED] - Text 'assignment test' is set on object 'Object Repository/Page_Editing Assignment/input_Assignment name_name'

2022-01-16 11:30:28 - [TEST_STEP][PASSED] - click(findTestObject("Object Repository/Page_Editing Assignment/input_File submissions_assignsubmission_fil_19d1d4")): Object: 'Object Repository/Page_Editing Assignment/input_File submissions_assignsubmission_fil_19d1d4' is clicked on

2022-01-16 11:30:28 - [MESSAGE][PASSED] - Object: 'Object Repository/Page_Editing Assignment/input_File submissions_assignsubmission_fil_19d1d4' is clicked on

2022-01-16 11:30:28 - [TEST_STEP][PASSED] - click(findTestObject("Object Repository/Page_Editing Assignment/input_Online text_assignsubmission_onlinete_900d47")): Object: 'Object Repository/Page_Editing Assignment/input_Online text_assignsubmission_onlinete_900d47' is clicked on

2022-01-16 11:30:29 - [MESSAGE][PASSED] - Object: 'Object Repository/Page_Editing Assignment/input_Online text_assignsubmission_onlinete_900d47' is clicked on

2022-01-16 11:30:29 - [TEST_STEP][PASSED] - click(findTestObject("Object Repository/Page_Editing Assignment/input_Upon activity completion_submitbutton2")): Object: 'Object Repository/Page_Editing Assignment/input_Upon activity completion_submitbutton2' is clicked on

2022-01-16 11:30:30 - [MESSAGE][PASSED] - Object: 'Object Repository/Page_Editing Assignment/input_Upon activity completion_submitbutton2' is clicked on

2022-01-16 11:30:30 - [TEST_STEP][PASSED] - click(findTestObject("Object Repository/Page_Course CNTN/span_Add an activity or resource_1")): Object: 'Object Repository/Page_Course CNTN/span_Add an activity or resource_1' is clicked on

2022-01-16 11:31:01 - [MESSAGE][INFO] - Unable to find the element located by 'By.xpath: //span[@id='yui_3_17_2_1_1642138852412_644']'. Please recheck the objects properties to make sure the desired element is located. 

2022-01-16 11:31:01 - [MESSAGE][WARNING] - [SELF-HEALING] Failed to find element with id 'Object Repository/Page_Course CNTN/span_Add an activity or resource_1'. Try using Self-healing.

2022-01-16 11:31:02 - [MESSAGE][WARNING] - [SELF-HEALING] The current locator of test object 'Object Repository/Page_Course CNTN/span_Add an activity or resource_1' was broken. Propose an alternative one: '(.//*[normalize-space(text()) and normalize-space(.)='Add file(s) here'])[1]/following::span[1]'.

2022-01-16 11:31:02 - [MESSAGE][PASSED] - Object: 'Object Repository/Page_Course CNTN/span_Add an activity or resource_1' is clicked on

2022-01-16 11:31:02 - [TEST_STEP][PASSED] - click(findTestObject("Object Repository/Page_Course CNTN/div_Chat")): Object: 'Object Repository/Page_Course CNTN/div_Chat' is clicked on

2022-01-16 11:31:04 - [MESSAGE][PASSED] - Object: 'Object Repository/Page_Course CNTN/div_Chat' is clicked on

2022-01-16 11:31:04 - [TEST_STEP][PASSED] - setText(findTestObject("Object Repository/Page_Editing Chat/input_Name of this chat room_name"), "chat test"): Text 'chat test' is set on object 'Object Repository/Page_Editing Chat/input_Name of this chat room_name'

2022-01-16 11:31:05 - [MESSAGE][PASSED] - Text 'chat test' is set on object 'Object Repository/Page_Editing Chat/input_Name of this chat room_name'

2022-01-16 11:31:05 - [TEST_STEP][PASSED] - click(findTestObject("Object Repository/Page_Editing Chat/input_Upon activity completion_submitbutton2")): Object: 'Object Repository/Page_Editing Chat/input_Upon activity completion_submitbutton2' is clicked on

2022-01-16 11:31:06 - [MESSAGE][PASSED] - Object: 'Object Repository/Page_Editing Chat/input_Upon activity completion_submitbutton2' is clicked on

2022-01-16 11:31:06 - [TEST_STEP][PASSED] - click(findTestObject("Object Repository/Page_Course CNTN/span_Add an activity or resource_1_2_3")): Object: 'Object Repository/Page_Course CNTN/span_Add an activity or resource_1_2_3' is clicked on

2022-01-16 11:31:38 - [MESSAGE][INFO] - Unable to find the element located by 'By.xpath: //span[@id='yui_3_17_2_1_1642147556110_611']'. Please recheck the objects properties to make sure the desired element is located. 

2022-01-16 11:31:38 - [MESSAGE][WARNING] - [SELF-HEALING] Failed to find element with id 'Object Repository/Page_Course CNTN/span_Add an activity or resource_1_2_3'. Try using Self-healing.

2022-01-16 11:31:38 - [MESSAGE][WARNING] - [SELF-HEALING] The current locator of test object 'Object Repository/Page_Course CNTN/span_Add an activity or resource_1_2_3' was broken. Propose an alternative one: '(.//*[normalize-space(text()) and normalize-space(.)='Add file(s) here'])[1]/following::span[1]'.

2022-01-16 11:31:38 - [MESSAGE][PASSED] - Object: 'Object Repository/Page_Course CNTN/span_Add an activity or resource_1_2_3' is clicked on

2022-01-16 11:31:38 - [TEST_STEP][PASSED] - click(findTestObject("Object Repository/Page_Course CNTN/div_Forum")): Object: 'Object Repository/Page_Course CNTN/div_Forum' is clicked on

2022-01-16 11:31:40 - [MESSAGE][PASSED] - Object: 'Object Repository/Page_Course CNTN/div_Forum' is clicked on

2022-01-16 11:31:40 - [TEST_STEP][PASSED] - setText(findTestObject("Object Repository/Page_Editing Forum/input_Forum name_name"), "forum test"): Text 'forum test' is set on object 'Object Repository/Page_Editing Forum/input_Forum name_name'

2022-01-16 11:31:42 - [MESSAGE][PASSED] - Text 'forum test' is set on object 'Object Repository/Page_Editing Forum/input_Forum name_name'

2022-01-16 11:31:42 - [TEST_STEP][PASSED] - click(findTestObject("Object Repository/Page_Editing Forum/input_Upon activity completion_submitbutton2")): Object: 'Object Repository/Page_Editing Forum/input_Upon activity completion_submitbutton2' is clicked on

2022-01-16 11:31:43 - [MESSAGE][PASSED] - Object: 'Object Repository/Page_Editing Forum/input_Upon activity completion_submitbutton2' is clicked on

2022-01-16 11:31:43 - [TEST_STEP][PASSED] - closeBrowser(): Browser is closed

2022-01-16 11:31:44 - [MESSAGE][PASSED] - Browser is closed]]></system-out>
         <system-err><![CDATA[]]></system-err>
      </testcase>
      <testcase name="Test Cases/Student/1. Join class" time="148.09" classname="Test Cases/Student/1. Join class" status="PASSED">
         <system-out><![CDATA[2022-01-16 11:31:44 - [TEST_CASE][PASSED] - Test Cases/Student/1. Join class: Test Cases/Student/1. Join class

2022-01-16 11:31:44 - [TEST_STEP][PASSED] - openBrowser(""): Browser is opened with url: ''

2022-01-16 11:31:44 - [MESSAGE][INFO] - Starting 'Edge Chromium' driver

2022-01-16 11:31:46 - [MESSAGE][INFO] - Action delay is set to 0 milliseconds

2022-01-16 11:31:47 - [MESSAGE][PASSED] - Browser is opened with url: ''

2022-01-16 11:31:47 - [TEST_STEP][PASSED] - navigateToUrl("http://localhost/"): Navigate to 'http://localhost/' successfully

2022-01-16 11:31:48 - [MESSAGE][PASSED] - Navigate to 'http://localhost/' successfully

2022-01-16 11:31:48 - [TEST_STEP][PASSED] - click(findTestObject("Object Repository/Page_Automation Testing Site/a_Log in")): Object: 'Object Repository/Page_Automation Testing Site/a_Log in' is clicked on

2022-01-16 11:31:48 - [MESSAGE][PASSED] - Object: 'Object Repository/Page_Automation Testing Site/a_Log in' is clicked on

2022-01-16 11:31:48 - [TEST_STEP][PASSED] - setText(findTestObject("Object Repository/Page_Automation Testing Site Log in to the site/input_Username_username"), "admin"): Text 'admin' is set on object 'Object Repository/Page_Automation Testing Site Log in to the site/input_Username_username'

2022-01-16 11:31:49 - [MESSAGE][PASSED] - Text 'admin' is set on object 'Object Repository/Page_Automation Testing Site Log in to the site/input_Username_username'

2022-01-16 11:31:49 - [TEST_STEP][PASSED] - setEncryptedText(findTestObject("Object Repository/Page_Automation Testing Site Log in to the site/input_Password_password"), "cnpXG5HhkrZpEXzNIGBMZQ=="): Text ****** has been set on object 'Object Repository/Page_Automation Testing Site Log in to the site/input_Password_password'

2022-01-16 11:31:50 - [MESSAGE][PASSED] - Text ****** has been set on object 'Object Repository/Page_Automation Testing Site Log in to the site/input_Password_password'

2022-01-16 11:31:50 - [TEST_STEP][PASSED] - click(findTestObject("Object Repository/Page_Automation Testing Site Log in to the site/button_Log in")): Object: 'Object Repository/Page_Automation Testing Site Log in to the site/button_Log in' is clicked on

2022-01-16 11:31:51 - [MESSAGE][PASSED] - Object: 'Object Repository/Page_Automation Testing Site Log in to the site/button_Log in' is clicked on

2022-01-16 11:31:51 - [TEST_STEP][PASSED] - click(findTestObject("Object Repository/Page_Dashboard/span_Site administration")): Object: 'Object Repository/Page_Dashboard/span_Site administration' is clicked on

2022-01-16 11:31:53 - [MESSAGE][PASSED] - Object: 'Object Repository/Page_Dashboard/span_Site administration' is clicked on

2022-01-16 11:31:53 - [TEST_STEP][PASSED] - click(findTestObject("Object Repository/Page_SiteTesting Administration Search/a_Users")): Object: 'Object Repository/Page_SiteTesting Administration Search/a_Users' is clicked on

2022-01-16 11:31:53 - [MESSAGE][PASSED] - Object: 'Object Repository/Page_SiteTesting Administration Search/a_Users' is clicked on

2022-01-16 11:31:53 - [TEST_STEP][PASSED] - click(findTestObject("Object Repository/Page_SiteTesting Administration Search/a_Add a new user")): Object: 'Object Repository/Page_SiteTesting Administration Search/a_Add a new user' is clicked on

2022-01-16 11:31:55 - [MESSAGE][PASSED] - Object: 'Object Repository/Page_SiteTesting Administration Search/a_Add a new user' is clicked on

2022-01-16 11:31:55 - [TEST_STEP][PASSED] - setText(findTestObject("Object Repository/Page_SiteTesting Administration Users Accou_a8eb60/input_Username_username"), "student"): Text 'student' is set on object 'Object Repository/Page_SiteTesting Administration Users Accou_a8eb60/input_Username_username'

2022-01-16 11:31:56 - [MESSAGE][PASSED] - Text 'student' is set on object 'Object Repository/Page_SiteTesting Administration Users Accou_a8eb60/input_Username_username'

2022-01-16 11:31:56 - [TEST_STEP][PASSED] - click(findTestObject("Object Repository/Page_SiteTesting Administration Users Accou_a8eb60/em_Click to enter text")): Object: 'Object Repository/Page_SiteTesting Administration Users Accou_a8eb60/em_Click to enter text' is clicked on

2022-01-16 11:32:27 - [MESSAGE][INFO] - Unable to find the element located by 'By.xpath: //a[@id='yui_3_17_2_1_1642121855075_766']/span/span/em'. Please recheck the objects properties to make sure the desired element is located. 

2022-01-16 11:32:27 - [MESSAGE][WARNING] - [SELF-HEALING] Failed to find element with id 'Object Repository/Page_SiteTesting Administration Users Accou_a8eb60/em_Click to enter text'. Try using Self-healing.

2022-01-16 11:32:28 - [MESSAGE][WARNING] - [SELF-HEALING] The current locator of test object 'Object Repository/Page_SiteTesting Administration Users Accou_a8eb60/em_Click to enter text' was broken. Propose an alternative one: '(.//*[normalize-space(text()) and normalize-space(.)='New password'])[1]/following::em[1]'.

2022-01-16 11:32:28 - [MESSAGE][PASSED] - Object: 'Object Repository/Page_SiteTesting Administration Users Accou_a8eb60/em_Click to enter text' is clicked on

2022-01-16 11:32:28 - [TEST_STEP][PASSED] - setEncryptedText(findTestObject("Object Repository/Page_SiteTesting Administration Users Accou_a8eb60/input_New password_newpassword"), "cnpXG5HhkrZpEXzNIGBMZQ=="): Text ****** has been set on object 'Object Repository/Page_SiteTesting Administration Users Accou_a8eb60/input_New password_newpassword'

2022-01-16 11:32:28 - [MESSAGE][PASSED] - Text ****** has been set on object 'Object Repository/Page_SiteTesting Administration Users Accou_a8eb60/input_New password_newpassword'

2022-01-16 11:32:28 - [TEST_STEP][PASSED] - setText(findTestObject("Object Repository/Page_SiteTesting Administration Users Accou_a8eb60/input_First name_firstname"), "a"): Text 'a' is set on object 'Object Repository/Page_SiteTesting Administration Users Accou_a8eb60/input_First name_firstname'

2022-01-16 11:32:29 - [MESSAGE][PASSED] - Text 'a' is set on object 'Object Repository/Page_SiteTesting Administration Users Accou_a8eb60/input_First name_firstname'

2022-01-16 11:32:29 - [TEST_STEP][PASSED] - setText(findTestObject("Object Repository/Page_SiteTesting Administration Users Accou_a8eb60/input_Surname_lastname"), "b"): Text 'b' is set on object 'Object Repository/Page_SiteTesting Administration Users Accou_a8eb60/input_Surname_lastname'

2022-01-16 11:32:30 - [MESSAGE][PASSED] - Text 'b' is set on object 'Object Repository/Page_SiteTesting Administration Users Accou_a8eb60/input_Surname_lastname'

2022-01-16 11:32:30 - [TEST_STEP][PASSED] - setText(findTestObject("Object Repository/Page_SiteTesting Administration Users Accou_a8eb60/input_Email address_email"), "c@gmail.com"): Text 'c@gmail.com' is set on object 'Object Repository/Page_SiteTesting Administration Users Accou_a8eb60/input_Email address_email'

2022-01-16 11:32:31 - [MESSAGE][PASSED] - Text 'c@gmail.com' is set on object 'Object Repository/Page_SiteTesting Administration Users Accou_a8eb60/input_Email address_email'

2022-01-16 11:32:31 - [TEST_STEP][PASSED] - click(findTestObject("Object Repository/Page_SiteTesting Administration Users Accou_a8eb60/input_Address_submitbutton")): Object: 'Object Repository/Page_SiteTesting Administration Users Accou_a8eb60/input_Address_submitbutton' is clicked on

2022-01-16 11:32:33 - [MESSAGE][PASSED] - Object: 'Object Repository/Page_SiteTesting Administration Users Accou_a8eb60/input_Address_submitbutton' is clicked on

2022-01-16 11:32:33 - [TEST_STEP][PASSED] - click(findTestObject("Object Repository/Page_SiteTesting Administration Search/span_Site home")): Object: 'Object Repository/Page_SiteTesting Administration Search/span_Site home' is clicked on

2022-01-16 11:32:34 - [MESSAGE][PASSED] - Object: 'Object Repository/Page_SiteTesting Administration Search/span_Site home' is clicked on

2022-01-16 11:32:34 - [TEST_STEP][PASSED] - click(findTestObject("Object Repository/Page_Automation Testing Site/a_CNTN")): Object: 'Object Repository/Page_Automation Testing Site/a_CNTN' is clicked on

2022-01-16 11:32:35 - [MESSAGE][PASSED] - Object: 'Object Repository/Page_Automation Testing Site/a_CNTN' is clicked on

2022-01-16 11:32:35 - [TEST_STEP][PASSED] - click(findTestObject("Object Repository/Page_Course CNTN/span_Participants")): Object: 'Object Repository/Page_Course CNTN/span_Participants' is clicked on

2022-01-16 11:32:35 - [MESSAGE][PASSED] - Object: 'Object Repository/Page_Course CNTN/span_Participants' is clicked on

2022-01-16 11:32:35 - [TEST_STEP][PASSED] - click(findTestObject("Object Repository/Page_cntn Participants/input_Participants_btn btn-secondary my-1")): Object: 'Object Repository/Page_cntn Participants/input_Participants_btn btn-secondary my-1' is clicked on

2022-01-16 11:32:36 - [MESSAGE][PASSED] - Object: 'Object Repository/Page_cntn Participants/input_Participants_btn btn-secondary my-1' is clicked on

2022-01-16 11:32:36 - [TEST_STEP][PASSED] - click(findTestObject("Object Repository/Page_cntn Participants/span_")): Object: 'Object Repository/Page_cntn Participants/span_' is clicked on

2022-01-16 11:33:07 - [MESSAGE][INFO] - Unable to find the element located by 'By.xpath: //span[@id='form_autocomplete_downarrow-1642122004951']'. Please recheck the objects properties to make sure the desired element is located. 

2022-01-16 11:33:07 - [MESSAGE][WARNING] - [SELF-HEALING] Failed to find element with id 'Object Repository/Page_cntn Participants/span_'. Try using Self-healing.

2022-01-16 11:33:07 - [MESSAGE][WARNING] - [SELF-HEALING] The current locator of test object 'Object Repository/Page_cntn Participants/span_' was broken. Propose an alternative one: '//div[@id='fitem_id_userlist']/div[2]/div[3]/span'.

2022-01-16 11:33:08 - [MESSAGE][PASSED] - Object: 'Object Repository/Page_cntn Participants/span_' is clicked on

2022-01-16 11:33:08 - [TEST_STEP][PASSED] - click(findTestObject("Object Repository/Page_cntn Participants/small_cgmail.com")): Object: 'Object Repository/Page_cntn Participants/small_cgmail.com' is clicked on

2022-01-16 11:33:39 - [MESSAGE][INFO] - Unable to find the element located by 'By.xpath: //li[@id='form_autocomplete_suggestions-1642122004951-0']/span/span[2]/small'. Please recheck the objects properties to make sure the desired element is located. 

2022-01-16 11:33:39 - [MESSAGE][WARNING] - [SELF-HEALING] Failed to find element with id 'Object Repository/Page_cntn Participants/small_cgmail.com'. Try using Self-healing.

2022-01-16 11:33:39 - [MESSAGE][WARNING] - [SELF-HEALING] The current locator of test object 'Object Repository/Page_cntn Participants/small_cgmail.com' was broken. Propose an alternative one: '(.//*[normalize-space(text()) and normalize-space(.)='a b'])[2]/following::small[1]'.

2022-01-16 11:33:39 - [MESSAGE][PASSED] - Object: 'Object Repository/Page_cntn Participants/small_cgmail.com' is clicked on

2022-01-16 11:33:39 - [TEST_STEP][PASSED] - click(findTestObject("Object Repository/Page_cntn Participants/button_Enrol users")): Object: 'Object Repository/Page_cntn Participants/button_Enrol users' is clicked on

2022-01-16 11:34:11 - [MESSAGE][INFO] - Unable to find the element located by 'By.xpath: //button[@id='yui_3_17_2_1_1642122004793_252']'. Please recheck the objects properties to make sure the desired element is located. 

2022-01-16 11:34:11 - [MESSAGE][WARNING] - [SELF-HEALING] Failed to find element with id 'Object Repository/Page_cntn Participants/button_Enrol users'. Try using Self-healing.

2022-01-16 11:34:11 - [MESSAGE][WARNING] - [SELF-HEALING] The current locator of test object 'Object Repository/Page_cntn Participants/button_Enrol users' was broken. Propose an alternative one: '(.//*[normalize-space(text()) and normalize-space(.)='Minute'])[1]/following::button[1]'.

2022-01-16 11:34:11 - [MESSAGE][PASSED] - Object: 'Object Repository/Page_cntn Participants/button_Enrol users' is clicked on

2022-01-16 11:34:11 - [TEST_STEP][PASSED] - closeBrowser(): Browser is closed

2022-01-16 11:34:12 - [MESSAGE][PASSED] - Browser is closed]]></system-out>
         <system-err><![CDATA[]]></system-err>
      </testcase>
      <testcase name="Test Cases/Student/3. Calendar/1. create calendar event" time="75.694" classname="Test Cases/Student/3. Calendar/1. create calendar event" status="PASSED">
         <system-out><![CDATA[2022-01-16 11:34:12 - [TEST_CASE][PASSED] - Test Cases/Student/3. Calendar/1. create calendar event: Test Cases/Student/3. Calendar/1. create calendar event

2022-01-16 11:34:12 - [TEST_STEP][PASSED] - callTestCase(findTestCase("Student/2. Login as student"), [:], STOP_ON_FAILURE): Call Test Case 'Test Cases/Student/2. Login as student' successfully

2022-01-16 11:34:12 - [TEST_CASE][PASSED] - Test Cases/Student/2. Login as student: Test Cases/Student/2. Login as student

2022-01-16 11:34:12 - [TEST_STEP][PASSED] - openBrowser(""): Browser is opened with url: ''

2022-01-16 11:34:12 - [MESSAGE][INFO] - Starting 'Edge Chromium' driver

2022-01-16 11:34:15 - [MESSAGE][INFO] - Action delay is set to 0 milliseconds

2022-01-16 11:34:15 - [MESSAGE][PASSED] - Browser is opened with url: ''

2022-01-16 11:34:15 - [TEST_STEP][PASSED] - navigateToUrl("http://localhost/"): Navigate to 'http://localhost/' successfully

2022-01-16 11:34:16 - [MESSAGE][PASSED] - Navigate to 'http://localhost/' successfully

2022-01-16 11:34:16 - [TEST_STEP][PASSED] - click(findTestObject("Object Repository/Page_Automation Testing Site/a_Log in")): Object: 'Object Repository/Page_Automation Testing Site/a_Log in' is clicked on

2022-01-16 11:34:17 - [MESSAGE][PASSED] - Object: 'Object Repository/Page_Automation Testing Site/a_Log in' is clicked on

2022-01-16 11:34:17 - [TEST_STEP][PASSED] - setText(findTestObject("Object Repository/Page_Automation Testing Site Log in to the site/input_Username_username"), "student"): Text 'student' is set on object 'Object Repository/Page_Automation Testing Site Log in to the site/input_Username_username'

2022-01-16 11:34:18 - [MESSAGE][PASSED] - Text 'student' is set on object 'Object Repository/Page_Automation Testing Site Log in to the site/input_Username_username'

2022-01-16 11:34:18 - [TEST_STEP][PASSED] - setEncryptedText(findTestObject("Object Repository/Page_Automation Testing Site Log in to the site/input_Password_password"), "cnpXG5HhkrZpEXzNIGBMZQ=="): Text ****** has been set on object 'Object Repository/Page_Automation Testing Site Log in to the site/input_Password_password'

2022-01-16 11:34:18 - [MESSAGE][PASSED] - Text ****** has been set on object 'Object Repository/Page_Automation Testing Site Log in to the site/input_Password_password'

2022-01-16 11:34:18 - [TEST_STEP][PASSED] - click(findTestObject("Object Repository/Page_Automation Testing Site Log in to the site/button_Log in")): Object: 'Object Repository/Page_Automation Testing Site Log in to the site/button_Log in' is clicked on

2022-01-16 11:34:20 - [MESSAGE][PASSED] - Object: 'Object Repository/Page_Automation Testing Site Log in to the site/button_Log in' is clicked on

2022-01-16 11:34:20 - [TEST_STEP][PASSED] - click(findTestObject("Object Repository/Page_Dashboard/span_Site home")): Object: 'Object Repository/Page_Dashboard/span_Site home' is clicked on

2022-01-16 11:34:51 - [MESSAGE][INFO] - Unable to find the element located by 'By.xpath: '. Please recheck the objects properties to make sure the desired element is located. 

2022-01-16 11:34:51 - [MESSAGE][WARNING] - [SELF-HEALING] Failed to find element with id 'Object Repository/Page_Dashboard/span_Site home'. Try using Self-healing.

2022-01-16 11:34:51 - [MESSAGE][WARNING] - [SELF-HEALING] The current locator of test object 'Object Repository/Page_Dashboard/span_Site home' was broken. Propose an alternative one: '//div[@id='nav-drawer']/nav/ul/li[2]/a/div/div/span[2]'.

2022-01-16 11:34:51 - [MESSAGE][PASSED] - Object: 'Object Repository/Page_Dashboard/span_Site home' is clicked on

2022-01-16 11:34:51 - [TEST_STEP][PASSED] - click(findTestObject("Object Repository/Page_Automation Testing Site/a_CNTN")): Object: 'Object Repository/Page_Automation Testing Site/a_CNTN' is clicked on

2022-01-16 11:34:52 - [MESSAGE][PASSED] - Object: 'Object Repository/Page_Automation Testing Site/a_CNTN' is clicked on

2022-01-16 11:34:52 - [MESSAGE][INFO] - 

2022-01-16 11:34:52 - [MESSAGE][INFO] - ===================== Self-healing Report ====================

2022-01-16 11:34:52 - [MESSAGE][INFO] - One of the failed test object locators has been recovered by Self-healing. Please refer to the Self-healing Insights tab for more details.

2022-01-16 11:34:52 - [MESSAGE][INFO] - To learn more about Self-healing, please read https://docs.katalon.com/katalon-studio/docs/self-healing.html

2022-01-16 11:34:52 - [MESSAGE][INFO] - ==============================================================

2022-01-16 11:34:52 - [MESSAGE][PASSED] - Call Test Case 'Test Cases/Student/2. Login as student' successfully

2022-01-16 11:34:52 - [TEST_STEP][PASSED] - navigateToUrl("http://localhost/calendar/view.php?view=month"): Navigate to 'http://localhost/calendar/view.php?view=month' successfully

2022-01-16 11:34:53 - [MESSAGE][PASSED] - Navigate to 'http://localhost/calendar/view.php?view=month' successfully

2022-01-16 11:34:53 - [TEST_STEP][PASSED] - click(findTestObject("Object Repository/Page_SiteTesting Calendar Detailed month vi_90ebed/button_New event")): Object: 'Object Repository/Page_SiteTesting Calendar Detailed month vi_90ebed/button_New event' is clicked on

2022-01-16 11:34:54 - [MESSAGE][PASSED] - Object: 'Object Repository/Page_SiteTesting Calendar Detailed month vi_90ebed/button_New event' is clicked on

2022-01-16 11:34:54 - [TEST_STEP][PASSED] - setText(findTestObject("Object Repository/Page_SiteTesting Calendar Detailed month vi_90ebed/input_Event title_name"), "new"): Text 'new' is set on object 'Object Repository/Page_SiteTesting Calendar Detailed month vi_90ebed/input_Event title_name'

2022-01-16 11:34:55 - [MESSAGE][PASSED] - Text 'new' is set on object 'Object Repository/Page_SiteTesting Calendar Detailed month vi_90ebed/input_Event title_name'

2022-01-16 11:34:55 - [TEST_STEP][PASSED] - click(findTestObject("Object Repository/Page_SiteTesting Calendar Detailed month vi_90ebed/button_Save")): Object: 'Object Repository/Page_SiteTesting Calendar Detailed month vi_90ebed/button_Save' is clicked on

2022-01-16 11:35:26 - [MESSAGE][INFO] - Unable to find the element located by 'By.xpath: //button[@type = 'button' and @class = 'btn btn-primary' and @data-action = 'save' and (text() = '

            Save
            
                
                
                
            
        ' or . = '

            Save
            
                
                
                
            
        ')]'. Please recheck the objects properties to make sure the desired element is located. 

2022-01-16 11:35:26 - [MESSAGE][WARNING] - [SELF-HEALING] Failed to find element with id 'Object Repository/Page_SiteTesting Calendar Detailed month vi_90ebed/button_Save'. Try using Self-healing.

2022-01-16 11:35:27 - [MESSAGE][WARNING] - [SELF-HEALING] The current locator of test object 'Object Repository/Page_SiteTesting Calendar Detailed month vi_90ebed/button_Save' was broken. Propose an alternative one: '(.//*[normalize-space(text()) and normalize-space(.)='Repeat weekly, creating altogether'])[1]/following::button[1]'.

2022-01-16 11:35:27 - [MESSAGE][PASSED] - Object: 'Object Repository/Page_SiteTesting Calendar Detailed month vi_90ebed/button_Save' is clicked on

2022-01-16 11:35:27 - [TEST_STEP][PASSED] - closeBrowser(): Browser is closed

2022-01-16 11:35:28 - [MESSAGE][PASSED] - Browser is closed]]></system-out>
         <system-err><![CDATA[]]></system-err>
      </testcase>
      <testcase name="Test Cases/Student/3. Calendar/2. create and delete calendar" time="168.348" classname="Test Cases/Student/3. Calendar/2. create and delete calendar" status="PASSED">
         <system-out><![CDATA[2022-01-16 11:35:28 - [TEST_CASE][PASSED] - Test Cases/Student/3. Calendar/2. create and delete calendar: Test Cases/Student/3. Calendar/2. create and delete calendar

2022-01-16 11:35:28 - [TEST_STEP][PASSED] - openBrowser(""): Browser is opened with url: ''

2022-01-16 11:35:28 - [MESSAGE][INFO] - Starting 'Edge Chromium' driver

2022-01-16 11:35:30 - [MESSAGE][INFO] - Action delay is set to 0 milliseconds

2022-01-16 11:35:31 - [MESSAGE][PASSED] - Browser is opened with url: ''

2022-01-16 11:35:31 - [TEST_STEP][PASSED] - navigateToUrl("http://localhost/"): Navigate to 'http://localhost/' successfully

2022-01-16 11:35:32 - [MESSAGE][PASSED] - Navigate to 'http://localhost/' successfully

2022-01-16 11:35:32 - [TEST_STEP][PASSED] - click(findTestObject("Object Repository/Page_Automation Testing Site/a_Log in")): Object: 'Object Repository/Page_Automation Testing Site/a_Log in' is clicked on

2022-01-16 11:35:32 - [MESSAGE][PASSED] - Object: 'Object Repository/Page_Automation Testing Site/a_Log in' is clicked on

2022-01-16 11:35:32 - [TEST_STEP][PASSED] - setText(findTestObject("Object Repository/Page_Automation Testing Site Log in to the site/input_Username_username"), "student"): Text 'student' is set on object 'Object Repository/Page_Automation Testing Site Log in to the site/input_Username_username'

2022-01-16 11:35:33 - [MESSAGE][PASSED] - Text 'student' is set on object 'Object Repository/Page_Automation Testing Site Log in to the site/input_Username_username'

2022-01-16 11:35:33 - [TEST_STEP][PASSED] - setEncryptedText(findTestObject("Object Repository/Page_Automation Testing Site Log in to the site/input_Password_password"), "cnpXG5HhkrZpEXzNIGBMZQ=="): Text ****** has been set on object 'Object Repository/Page_Automation Testing Site Log in to the site/input_Password_password'

2022-01-16 11:35:34 - [MESSAGE][PASSED] - Text ****** has been set on object 'Object Repository/Page_Automation Testing Site Log in to the site/input_Password_password'

2022-01-16 11:35:34 - [TEST_STEP][PASSED] - click(findTestObject("Object Repository/Page_Automation Testing Site Log in to the site/button_Log in")): Object: 'Object Repository/Page_Automation Testing Site Log in to the site/button_Log in' is clicked on

2022-01-16 11:35:35 - [MESSAGE][PASSED] - Object: 'Object Repository/Page_Automation Testing Site Log in to the site/button_Log in' is clicked on

2022-01-16 11:35:35 - [TEST_STEP][PASSED] - click(findTestObject("Object Repository/CreateAndDeleteEvent/Page_Dashboard/span_Calendar")): Object: 'Object Repository/CreateAndDeleteEvent/Page_Dashboard/span_Calendar' is clicked on

2022-01-16 11:35:37 - [MESSAGE][PASSED] - Object: 'Object Repository/CreateAndDeleteEvent/Page_Dashboard/span_Calendar' is clicked on

2022-01-16 11:35:37 - [TEST_STEP][PASSED] - click(findTestObject("Object Repository/CreateAndDeleteEvent/Page_SiteTesting Calendar Detailed month vi_90ebed/button_New event")): Object: 'Object Repository/CreateAndDeleteEvent/Page_SiteTesting Calendar Detailed month vi_90ebed/button_New event' is clicked on

2022-01-16 11:36:08 - [MESSAGE][INFO] - Unable to find the element located by 'By.xpath: //div[@id='calendar-month-61e37021be34e61e370219286d15']/div/button'. Please recheck the objects properties to make sure the desired element is located. 

2022-01-16 11:36:08 - [MESSAGE][WARNING] - [SELF-HEALING] Failed to find element with id 'Object Repository/CreateAndDeleteEvent/Page_SiteTesting Calendar Detailed month vi_90ebed/button_New event'. Try using Self-healing.

2022-01-16 11:36:08 - [MESSAGE][WARNING] - [SELF-HEALING] The current locator of test object 'Object Repository/CreateAndDeleteEvent/Page_SiteTesting Calendar Detailed month vi_90ebed/button_New event' was broken. Propose an alternative one: '(.//*[normalize-space(text()) and normalize-space(.)='List of courses'])[1]/following::button[1]'.

2022-01-16 11:36:08 - [MESSAGE][PASSED] - Object: 'Object Repository/CreateAndDeleteEvent/Page_SiteTesting Calendar Detailed month vi_90ebed/button_New event' is clicked on

2022-01-16 11:36:08 - [TEST_STEP][PASSED] - setText(findTestObject("Object Repository/CreateAndDeleteEvent/Page_SiteTesting Calendar Detailed month vi_90ebed/input_Event title_name"), "Deadline"): Text 'Deadline' is set on object 'Object Repository/CreateAndDeleteEvent/Page_SiteTesting Calendar Detailed month vi_90ebed/input_Event title_name'

2022-01-16 11:36:10 - [MESSAGE][PASSED] - Text 'Deadline' is set on object 'Object Repository/CreateAndDeleteEvent/Page_SiteTesting Calendar Detailed month vi_90ebed/input_Event title_name'

2022-01-16 11:36:10 - [TEST_STEP][PASSED] - click(findTestObject("Object Repository/CreateAndDeleteEvent/Page_SiteTesting Calendar Detailed month vi_90ebed/button_Save")): Object: 'Object Repository/CreateAndDeleteEvent/Page_SiteTesting Calendar Detailed month vi_90ebed/button_Save' is clicked on

2022-01-16 11:36:41 - [MESSAGE][INFO] - Unable to find the element located by 'By.xpath: //button[@id='yui_3_17_2_1_1642295329780_1151']'. Please recheck the objects properties to make sure the desired element is located. 

2022-01-16 11:36:41 - [MESSAGE][WARNING] - [SELF-HEALING] Failed to find element with id 'Object Repository/CreateAndDeleteEvent/Page_SiteTesting Calendar Detailed month vi_90ebed/button_Save'. Try using Self-healing.

2022-01-16 11:36:41 - [MESSAGE][WARNING] - [SELF-HEALING] The current locator of test object 'Object Repository/CreateAndDeleteEvent/Page_SiteTesting Calendar Detailed month vi_90ebed/button_Save' was broken. Propose an alternative one: '(.//*[normalize-space(text()) and normalize-space(.)='Repeat weekly, creating altogether'])[1]/following::button[1]'.

2022-01-16 11:36:41 - [MESSAGE][PASSED] - Object: 'Object Repository/CreateAndDeleteEvent/Page_SiteTesting Calendar Detailed month vi_90ebed/button_Save' is clicked on

2022-01-16 11:36:41 - [TEST_STEP][PASSED] - click(findTestObject("Object Repository/CreateAndDeleteEvent/Page_SiteTesting Calendar Detailed month vi_90ebed/span_Deadline")): Object: 'Object Repository/CreateAndDeleteEvent/Page_SiteTesting Calendar Detailed month vi_90ebed/span_Deadline' is clicked on

2022-01-16 11:37:13 - [MESSAGE][INFO] - Unable to find the element located by 'By.xpath: //a[@id='yui_3_17_2_1_1642295329780_1883']/span[2]'. Please recheck the objects properties to make sure the desired element is located. 

2022-01-16 11:37:13 - [MESSAGE][WARNING] - [SELF-HEALING] Failed to find element with id 'Object Repository/CreateAndDeleteEvent/Page_SiteTesting Calendar Detailed month vi_90ebed/span_Deadline'. Try using Self-healing.

2022-01-16 11:37:13 - [MESSAGE][WARNING] - [SELF-HEALING] The current locator of test object 'Object Repository/CreateAndDeleteEvent/Page_SiteTesting Calendar Detailed month vi_90ebed/span_Deadline' was broken. Propose an alternative one: '(.//*[normalize-space(text()) and normalize-space(.)='new'])[1]/following::span[2]'.

2022-01-16 11:37:13 - [MESSAGE][PASSED] - Object: 'Object Repository/CreateAndDeleteEvent/Page_SiteTesting Calendar Detailed month vi_90ebed/span_Deadline' is clicked on

2022-01-16 11:37:13 - [TEST_STEP][PASSED] - click(findTestObject("Object Repository/CreateAndDeleteEvent/Page_SiteTesting Calendar Detailed month vi_90ebed/button_Delete")): Object: 'Object Repository/CreateAndDeleteEvent/Page_SiteTesting Calendar Detailed month vi_90ebed/button_Delete' is clicked on

2022-01-16 11:37:44 - [MESSAGE][INFO] - Unable to find the element located by 'By.xpath: //button[@id='yui_3_17_2_1_1642295329780_1905']'. Please recheck the objects properties to make sure the desired element is located. 

2022-01-16 11:37:44 - [MESSAGE][WARNING] - [SELF-HEALING] Failed to find element with id 'Object Repository/CreateAndDeleteEvent/Page_SiteTesting Calendar Detailed month vi_90ebed/button_Delete'. Try using Self-healing.

2022-01-16 11:37:44 - [MESSAGE][WARNING] - [SELF-HEALING] The current locator of test object 'Object Repository/CreateAndDeleteEvent/Page_SiteTesting Calendar Detailed month vi_90ebed/button_Delete' was broken. Propose an alternative one: '(.//*[normalize-space(text()) and normalize-space(.)='User event'])[1]/following::button[1]'.

2022-01-16 11:37:44 - [MESSAGE][PASSED] - Object: 'Object Repository/CreateAndDeleteEvent/Page_SiteTesting Calendar Detailed month vi_90ebed/button_Delete' is clicked on

2022-01-16 11:37:44 - [TEST_STEP][PASSED] - click(findTestObject("Object Repository/CreateAndDeleteEvent/Page_SiteTesting Calendar Detailed month vi_90ebed/button_Delete event")): Object: 'Object Repository/CreateAndDeleteEvent/Page_SiteTesting Calendar Detailed month vi_90ebed/button_Delete event' is clicked on

2022-01-16 11:38:16 - [MESSAGE][INFO] - Unable to find the element located by 'By.xpath: //button[@id='yui_3_17_2_1_1642295329780_1925']'. Please recheck the objects properties to make sure the desired element is located. 

2022-01-16 11:38:16 - [MESSAGE][WARNING] - [SELF-HEALING] Failed to find element with id 'Object Repository/CreateAndDeleteEvent/Page_SiteTesting Calendar Detailed month vi_90ebed/button_Delete event'. Try using Self-healing.

2022-01-16 11:38:16 - [MESSAGE][WARNING] - [SELF-HEALING] The current locator of test object 'Object Repository/CreateAndDeleteEvent/Page_SiteTesting Calendar Detailed month vi_90ebed/button_Delete event' was broken. Propose an alternative one: '(.//*[normalize-space(text()) and normalize-space(.)=concat('Are you sure you want to delete the ', '"', 'Deadline', '"', ' event?')])[1]/following::button[1]'.

2022-01-16 11:38:16 - [MESSAGE][PASSED] - Object: 'Object Repository/CreateAndDeleteEvent/Page_SiteTesting Calendar Detailed month vi_90ebed/button_Delete event' is clicked on]]></system-out>
         <system-err><![CDATA[]]></system-err>
      </testcase>
      <testcase name="Test Cases/Student/3. Calendar/3. create calendar empty title" time="75.219" classname="Test Cases/Student/3. Calendar/3. create calendar empty title" status="PASSED">
         <system-out><![CDATA[2022-01-16 11:38:16 - [TEST_CASE][PASSED] - Test Cases/Student/3. Calendar/3. create calendar empty title: Test Cases/Student/3. Calendar/3. create calendar empty title

2022-01-16 11:38:16 - [TEST_STEP][PASSED] - callTestCase(findTestCase("Student/2. Login as student"), [:], STOP_ON_FAILURE): Call Test Case 'Test Cases/Student/2. Login as student' successfully

2022-01-16 11:38:16 - [TEST_CASE][PASSED] - Test Cases/Student/2. Login as student: Test Cases/Student/2. Login as student

2022-01-16 11:38:16 - [TEST_STEP][PASSED] - openBrowser(""): Browser is opened with url: ''

2022-01-16 11:38:16 - [MESSAGE][WARNING] - A browser is already opened. Closing browser and opening a new one

2022-01-16 11:38:17 - [MESSAGE][INFO] - Starting 'Edge Chromium' driver

2022-01-16 11:38:19 - [MESSAGE][INFO] - Action delay is set to 0 milliseconds

2022-01-16 11:38:20 - [MESSAGE][PASSED] - Browser is opened with url: ''

2022-01-16 11:38:20 - [TEST_STEP][PASSED] - navigateToUrl("http://localhost/"): Navigate to 'http://localhost/' successfully

2022-01-16 11:38:21 - [MESSAGE][PASSED] - Navigate to 'http://localhost/' successfully

2022-01-16 11:38:21 - [TEST_STEP][PASSED] - click(findTestObject("Object Repository/Page_Automation Testing Site/a_Log in")): Object: 'Object Repository/Page_Automation Testing Site/a_Log in' is clicked on

2022-01-16 11:38:22 - [MESSAGE][PASSED] - Object: 'Object Repository/Page_Automation Testing Site/a_Log in' is clicked on

2022-01-16 11:38:22 - [TEST_STEP][PASSED] - setText(findTestObject("Object Repository/Page_Automation Testing Site Log in to the site/input_Username_username"), "student"): Text 'student' is set on object 'Object Repository/Page_Automation Testing Site Log in to the site/input_Username_username'

2022-01-16 11:38:23 - [MESSAGE][PASSED] - Text 'student' is set on object 'Object Repository/Page_Automation Testing Site Log in to the site/input_Username_username'

2022-01-16 11:38:23 - [TEST_STEP][PASSED] - setEncryptedText(findTestObject("Object Repository/Page_Automation Testing Site Log in to the site/input_Password_password"), "cnpXG5HhkrZpEXzNIGBMZQ=="): Text ****** has been set on object 'Object Repository/Page_Automation Testing Site Log in to the site/input_Password_password'

2022-01-16 11:38:23 - [MESSAGE][PASSED] - Text ****** has been set on object 'Object Repository/Page_Automation Testing Site Log in to the site/input_Password_password'

2022-01-16 11:38:23 - [TEST_STEP][PASSED] - click(findTestObject("Object Repository/Page_Automation Testing Site Log in to the site/button_Log in")): Object: 'Object Repository/Page_Automation Testing Site Log in to the site/button_Log in' is clicked on

2022-01-16 11:38:24 - [MESSAGE][PASSED] - Object: 'Object Repository/Page_Automation Testing Site Log in to the site/button_Log in' is clicked on

2022-01-16 11:38:24 - [TEST_STEP][PASSED] - click(findTestObject("Object Repository/Page_Dashboard/span_Site home")): Object: 'Object Repository/Page_Dashboard/span_Site home' is clicked on

2022-01-16 11:38:55 - [MESSAGE][INFO] - Unable to find the element located by 'By.xpath: '. Please recheck the objects properties to make sure the desired element is located. 

2022-01-16 11:38:55 - [MESSAGE][WARNING] - [SELF-HEALING] Failed to find element with id 'Object Repository/Page_Dashboard/span_Site home'. Try using Self-healing.

2022-01-16 11:38:56 - [MESSAGE][WARNING] - [SELF-HEALING] The current locator of test object 'Object Repository/Page_Dashboard/span_Site home' was broken. Propose an alternative one: '//div[@id='nav-drawer']/nav/ul/li[2]/a/div/div/span[2]'.

2022-01-16 11:38:56 - [MESSAGE][PASSED] - Object: 'Object Repository/Page_Dashboard/span_Site home' is clicked on

2022-01-16 11:38:56 - [TEST_STEP][PASSED] - click(findTestObject("Object Repository/Page_Automation Testing Site/a_CNTN")): Object: 'Object Repository/Page_Automation Testing Site/a_CNTN' is clicked on

2022-01-16 11:38:57 - [MESSAGE][PASSED] - Object: 'Object Repository/Page_Automation Testing Site/a_CNTN' is clicked on

2022-01-16 11:38:57 - [MESSAGE][INFO] - 

2022-01-16 11:38:57 - [MESSAGE][INFO] - ===================== Self-healing Report ====================

2022-01-16 11:38:57 - [MESSAGE][INFO] - One of the failed test object locators has been recovered by Self-healing. Please refer to the Self-healing Insights tab for more details.

2022-01-16 11:38:57 - [MESSAGE][INFO] - To learn more about Self-healing, please read https://docs.katalon.com/katalon-studio/docs/self-healing.html

2022-01-16 11:38:57 - [MESSAGE][INFO] - ==============================================================

2022-01-16 11:38:57 - [MESSAGE][PASSED] - Call Test Case 'Test Cases/Student/2. Login as student' successfully

2022-01-16 11:38:57 - [TEST_STEP][PASSED] - navigateToUrl("http://localhost/calendar/view.php?view=month"): Navigate to 'http://localhost/calendar/view.php?view=month' successfully

2022-01-16 11:38:57 - [MESSAGE][PASSED] - Navigate to 'http://localhost/calendar/view.php?view=month' successfully

2022-01-16 11:38:57 - [TEST_STEP][PASSED] - click(findTestObject("Object Repository/Page_SiteTesting Calendar Detailed month vi_90ebed/button_New event")): Object: 'Object Repository/Page_SiteTesting Calendar Detailed month vi_90ebed/button_New event' is clicked on

2022-01-16 11:38:58 - [MESSAGE][PASSED] - Object: 'Object Repository/Page_SiteTesting Calendar Detailed month vi_90ebed/button_New event' is clicked on

2022-01-16 11:38:58 - [TEST_STEP][PASSED] - click(findTestObject("Object Repository/Page_SiteTesting Calendar Detailed month vi_90ebed/button_Save")): Object: 'Object Repository/Page_SiteTesting Calendar Detailed month vi_90ebed/button_Save' is clicked on

2022-01-16 11:39:29 - [MESSAGE][INFO] - Unable to find the element located by 'By.xpath: //button[@type = 'button' and @class = 'btn btn-primary' and @data-action = 'save' and (text() = '

            Save
            
                
                
                
            
        ' or . = '

            Save
            
                
                
                
            
        ')]'. Please recheck the objects properties to make sure the desired element is located. 

2022-01-16 11:39:29 - [MESSAGE][WARNING] - [SELF-HEALING] Failed to find element with id 'Object Repository/Page_SiteTesting Calendar Detailed month vi_90ebed/button_Save'. Try using Self-healing.

2022-01-16 11:39:30 - [MESSAGE][WARNING] - [SELF-HEALING] The current locator of test object 'Object Repository/Page_SiteTesting Calendar Detailed month vi_90ebed/button_Save' was broken. Propose an alternative one: '(.//*[normalize-space(text()) and normalize-space(.)='Repeat weekly, creating altogether'])[1]/following::button[1]'.

2022-01-16 11:39:30 - [MESSAGE][PASSED] - Object: 'Object Repository/Page_SiteTesting Calendar Detailed month vi_90ebed/button_Save' is clicked on

2022-01-16 11:39:30 - [TEST_STEP][PASSED] - verifyElementText(findTestObject("Object Repository/Page_SiteTesting Calendar Detailed month vi_90ebed/div_- Required"), "- Required"): Actual text and expected text of test object 'Object Repository/Page_SiteTesting Calendar Detailed month vi_90ebed/div_- Required' are matched.

2022-01-16 11:39:30 - [MESSAGE][PASSED] - Actual text and expected text of test object 'Object Repository/Page_SiteTesting Calendar Detailed month vi_90ebed/div_- Required' are matched.

2022-01-16 11:39:30 - [TEST_STEP][PASSED] - closeBrowser(): Browser is closed

2022-01-16 11:39:31 - [MESSAGE][PASSED] - Browser is closed]]></system-out>
         <system-err><![CDATA[]]></system-err>
      </testcase>
      <testcase name="Test Cases/Student/3. Calendar/4. create calendar with invaid date" time="109.271" classname="Test Cases/Student/3. Calendar/4. create calendar with invaid date" status="PASSED">
         <system-out><![CDATA[2022-01-16 11:39:31 - [TEST_CASE][PASSED] - Test Cases/Student/3. Calendar/4. create calendar with invaid date: Test Cases/Student/3. Calendar/4. create calendar with invaid date

2022-01-16 11:39:31 - [TEST_STEP][PASSED] - callTestCase(findTestCase("Student/2. Login as student"), [:], STOP_ON_FAILURE): Call Test Case 'Test Cases/Student/2. Login as student' successfully

2022-01-16 11:39:31 - [TEST_CASE][PASSED] - Test Cases/Student/2. Login as student: Test Cases/Student/2. Login as student

2022-01-16 11:39:31 - [TEST_STEP][PASSED] - openBrowser(""): Browser is opened with url: ''

2022-01-16 11:39:31 - [MESSAGE][INFO] - Starting 'Edge Chromium' driver

2022-01-16 11:39:34 - [MESSAGE][INFO] - Action delay is set to 0 milliseconds

2022-01-16 11:39:35 - [MESSAGE][PASSED] - Browser is opened with url: ''

2022-01-16 11:39:35 - [TEST_STEP][PASSED] - navigateToUrl("http://localhost/"): Navigate to 'http://localhost/' successfully

2022-01-16 11:39:35 - [MESSAGE][PASSED] - Navigate to 'http://localhost/' successfully

2022-01-16 11:39:35 - [TEST_STEP][PASSED] - click(findTestObject("Object Repository/Page_Automation Testing Site/a_Log in")): Object: 'Object Repository/Page_Automation Testing Site/a_Log in' is clicked on

2022-01-16 11:39:36 - [MESSAGE][PASSED] - Object: 'Object Repository/Page_Automation Testing Site/a_Log in' is clicked on

2022-01-16 11:39:36 - [TEST_STEP][PASSED] - setText(findTestObject("Object Repository/Page_Automation Testing Site Log in to the site/input_Username_username"), "student"): Text 'student' is set on object 'Object Repository/Page_Automation Testing Site Log in to the site/input_Username_username'

2022-01-16 11:39:37 - [MESSAGE][PASSED] - Text 'student' is set on object 'Object Repository/Page_Automation Testing Site Log in to the site/input_Username_username'

2022-01-16 11:39:37 - [TEST_STEP][PASSED] - setEncryptedText(findTestObject("Object Repository/Page_Automation Testing Site Log in to the site/input_Password_password"), "cnpXG5HhkrZpEXzNIGBMZQ=="): Text ****** has been set on object 'Object Repository/Page_Automation Testing Site Log in to the site/input_Password_password'

2022-01-16 11:39:37 - [MESSAGE][PASSED] - Text ****** has been set on object 'Object Repository/Page_Automation Testing Site Log in to the site/input_Password_password'

2022-01-16 11:39:37 - [TEST_STEP][PASSED] - click(findTestObject("Object Repository/Page_Automation Testing Site Log in to the site/button_Log in")): Object: 'Object Repository/Page_Automation Testing Site Log in to the site/button_Log in' is clicked on

2022-01-16 11:39:38 - [MESSAGE][PASSED] - Object: 'Object Repository/Page_Automation Testing Site Log in to the site/button_Log in' is clicked on

2022-01-16 11:39:38 - [TEST_STEP][PASSED] - click(findTestObject("Object Repository/Page_Dashboard/span_Site home")): Object: 'Object Repository/Page_Dashboard/span_Site home' is clicked on

2022-01-16 11:40:09 - [MESSAGE][INFO] - Unable to find the element located by 'By.xpath: '. Please recheck the objects properties to make sure the desired element is located. 

2022-01-16 11:40:09 - [MESSAGE][WARNING] - [SELF-HEALING] Failed to find element with id 'Object Repository/Page_Dashboard/span_Site home'. Try using Self-healing.

2022-01-16 11:40:10 - [MESSAGE][WARNING] - [SELF-HEALING] The current locator of test object 'Object Repository/Page_Dashboard/span_Site home' was broken. Propose an alternative one: '//div[@id='nav-drawer']/nav/ul/li[2]/a/div/div/span[2]'.

2022-01-16 11:40:10 - [MESSAGE][PASSED] - Object: 'Object Repository/Page_Dashboard/span_Site home' is clicked on

2022-01-16 11:40:10 - [TEST_STEP][PASSED] - click(findTestObject("Object Repository/Page_Automation Testing Site/a_CNTN")): Object: 'Object Repository/Page_Automation Testing Site/a_CNTN' is clicked on

2022-01-16 11:40:11 - [MESSAGE][PASSED] - Object: 'Object Repository/Page_Automation Testing Site/a_CNTN' is clicked on

2022-01-16 11:40:11 - [MESSAGE][INFO] - 

2022-01-16 11:40:11 - [MESSAGE][INFO] - ===================== Self-healing Report ====================

2022-01-16 11:40:11 - [MESSAGE][INFO] - One of the failed test object locators has been recovered by Self-healing. Please refer to the Self-healing Insights tab for more details.

2022-01-16 11:40:11 - [MESSAGE][INFO] - To learn more about Self-healing, please read https://docs.katalon.com/katalon-studio/docs/self-healing.html

2022-01-16 11:40:11 - [MESSAGE][INFO] - ==============================================================

2022-01-16 11:40:11 - [MESSAGE][PASSED] - Call Test Case 'Test Cases/Student/2. Login as student' successfully

2022-01-16 11:40:11 - [TEST_STEP][PASSED] - navigateToUrl("http://localhost/calendar/view.php?view=month"): Navigate to 'http://localhost/calendar/view.php?view=month' successfully

2022-01-16 11:40:11 - [MESSAGE][PASSED] - Navigate to 'http://localhost/calendar/view.php?view=month' successfully

2022-01-16 11:40:11 - [TEST_STEP][PASSED] - click(findTestObject("Object Repository/Page_SiteTesting Calendar Detailed month vi_90ebed/button_New event")): Object: 'Object Repository/Page_SiteTesting Calendar Detailed month vi_90ebed/button_New event' is clicked on

2022-01-16 11:40:12 - [MESSAGE][PASSED] - Object: 'Object Repository/Page_SiteTesting Calendar Detailed month vi_90ebed/button_New event' is clicked on

2022-01-16 11:40:12 - [TEST_STEP][PASSED] - click(findTestObject("Object Repository/Page_SiteTesting Calendar Detailed month vi_90ebed/a_Show more")): Object: 'Object Repository/Page_SiteTesting Calendar Detailed month vi_90ebed/a_Show more' is clicked on

2022-01-16 11:40:43 - [MESSAGE][INFO] - Unable to find the element located by 'By.xpath: //*[@href = '#' and @class = 'moreless-toggler' and @aria-expanded = 'false' and @role = 'button' and @id = 'yui_3_17_2_1_1641262406973_609' and (text() = 'Show more...' or . = 'Show more...')]'. Please recheck the objects properties to make sure the desired element is located. 

2022-01-16 11:40:43 - [MESSAGE][WARNING] - [SELF-HEALING] Failed to find element with id 'Object Repository/Page_SiteTesting Calendar Detailed month vi_90ebed/a_Show more'. Try using Self-healing.

2022-01-16 11:40:44 - [MESSAGE][WARNING] - [SELF-HEALING] The current locator of test object 'Object Repository/Page_SiteTesting Calendar Detailed month vi_90ebed/a_Show more' was broken. Propose an alternative one: '//a[contains(text(),'Show more...')]'.

2022-01-16 11:40:44 - [MESSAGE][PASSED] - Object: 'Object Repository/Page_SiteTesting Calendar Detailed month vi_90ebed/a_Show more' is clicked on

2022-01-16 11:40:44 - [TEST_STEP][PASSED] - click(findTestObject("Object Repository/Page_SiteTesting Calendar Detailed month vi_90ebed/label_Until")): Object: 'Object Repository/Page_SiteTesting Calendar Detailed month vi_90ebed/label_Until' is clicked on

2022-01-16 11:40:44 - [MESSAGE][PASSED] - Object: 'Object Repository/Page_SiteTesting Calendar Detailed month vi_90ebed/label_Until' is clicked on

2022-01-16 11:40:44 - [TEST_STEP][PASSED] - selectOptionByValue(findTestObject("Object Repository/Page_SiteTesting Calendar Detailed month vi_90ebed/select_1        2        3        4        _45ea30_1"), "3", true): All options with value '3' are selected in object 'Object Repository/Page_SiteTesting Calendar Detailed month vi_90ebed/select_1        2        3        4        _45ea30_1'  using regular expression

2022-01-16 11:40:46 - [MESSAGE][PASSED] - All options with value '3' are selected in object 'Object Repository/Page_SiteTesting Calendar Detailed month vi_90ebed/select_1        2        3        4        _45ea30_1'  using regular expression

2022-01-16 11:40:46 - [TEST_STEP][PASSED] - setText(findTestObject("Object Repository/Page_SiteTesting Calendar Detailed month vi_90ebed/input_Event title_name"), "new"): Text 'new' is set on object 'Object Repository/Page_SiteTesting Calendar Detailed month vi_90ebed/input_Event title_name'

2022-01-16 11:40:47 - [MESSAGE][PASSED] - Text 'new' is set on object 'Object Repository/Page_SiteTesting Calendar Detailed month vi_90ebed/input_Event title_name'

2022-01-16 11:40:47 - [TEST_STEP][PASSED] - click(findTestObject("Object Repository/Page_SiteTesting Calendar Detailed month vi_90ebed/button_Save_1")): Object: 'Object Repository/Page_SiteTesting Calendar Detailed month vi_90ebed/button_Save_1' is clicked on

2022-01-16 11:41:18 - [MESSAGE][INFO] - Unable to find the element located by 'By.xpath: //button[@type = 'button' and @class = 'btn btn-primary' and @data-action = 'save' and (text() = '

            Save
            
                
                
                
            
        ' or . = '

            Save
            
                
                
                
            
        ')]'. Please recheck the objects properties to make sure the desired element is located. 

2022-01-16 11:41:18 - [MESSAGE][WARNING] - [SELF-HEALING] Failed to find element with id 'Object Repository/Page_SiteTesting Calendar Detailed month vi_90ebed/button_Save_1'. Try using Self-healing.

2022-01-16 11:41:18 - [MESSAGE][WARNING] - [SELF-HEALING] The current locator of test object 'Object Repository/Page_SiteTesting Calendar Detailed month vi_90ebed/button_Save_1' was broken. Propose an alternative one: '(.//*[normalize-space(text()) and normalize-space(.)='Repeat weekly, creating altogether'])[1]/following::button[1]'.

2022-01-16 11:41:18 - [MESSAGE][PASSED] - Object: 'Object Repository/Page_SiteTesting Calendar Detailed month vi_90ebed/button_Save_1' is clicked on

2022-01-16 11:41:18 - [TEST_STEP][PASSED] - verifyElementText(findTestObject("Object Repository/Page_SiteTesting Calendar Detailed month vi_90ebed/div_The date and time you selected for dura_28074d"), "The date and time you selected for duration until is before the start time of the event. Please correct this before proceeding."): Actual text and expected text of test object 'Object Repository/Page_SiteTesting Calendar Detailed month vi_90ebed/div_The date and time you selected for dura_28074d' are matched.

2022-01-16 11:41:20 - [MESSAGE][PASSED] - Actual text and expected text of test object 'Object Repository/Page_SiteTesting Calendar Detailed month vi_90ebed/div_The date and time you selected for dura_28074d' are matched.

2022-01-16 11:41:20 - [TEST_STEP][PASSED] - closeBrowser(): Browser is closed

2022-01-16 11:41:20 - [MESSAGE][PASSED] - Browser is closed]]></system-out>
         <system-err><![CDATA[]]></system-err>
      </testcase>
      <testcase name="Test Cases/Student/4. Comment/2. Add comment" time="230.446" classname="Test Cases/Student/4. Comment/2. Add comment" status="PASSED">
         <system-out><![CDATA[2022-01-16 11:41:20 - [TEST_CASE][PASSED] - Test Cases/Student/4. Comment/2. Add comment: Test Cases/Student/4. Comment/2. Add comment

2022-01-16 11:41:21 - [TEST_STEP][PASSED] - callTestCase(findTestCase("Student/2. Login as student"), [:], STOP_ON_FAILURE): Call Test Case 'Test Cases/Student/2. Login as student' successfully

2022-01-16 11:41:21 - [TEST_CASE][PASSED] - Test Cases/Student/2. Login as student: Test Cases/Student/2. Login as student

2022-01-16 11:41:21 - [TEST_STEP][PASSED] - openBrowser(""): Browser is opened with url: ''

2022-01-16 11:41:21 - [MESSAGE][INFO] - Starting 'Edge Chromium' driver

2022-01-16 11:41:23 - [MESSAGE][INFO] - Action delay is set to 0 milliseconds

2022-01-16 11:41:24 - [MESSAGE][PASSED] - Browser is opened with url: ''

2022-01-16 11:41:24 - [TEST_STEP][PASSED] - navigateToUrl("http://localhost/"): Navigate to 'http://localhost/' successfully

2022-01-16 11:41:24 - [MESSAGE][PASSED] - Navigate to 'http://localhost/' successfully

2022-01-16 11:41:24 - [TEST_STEP][PASSED] - click(findTestObject("Object Repository/Page_Automation Testing Site/a_Log in")): Object: 'Object Repository/Page_Automation Testing Site/a_Log in' is clicked on

2022-01-16 11:41:25 - [MESSAGE][PASSED] - Object: 'Object Repository/Page_Automation Testing Site/a_Log in' is clicked on

2022-01-16 11:41:25 - [TEST_STEP][PASSED] - setText(findTestObject("Object Repository/Page_Automation Testing Site Log in to the site/input_Username_username"), "student"): Text 'student' is set on object 'Object Repository/Page_Automation Testing Site Log in to the site/input_Username_username'

2022-01-16 11:41:26 - [MESSAGE][PASSED] - Text 'student' is set on object 'Object Repository/Page_Automation Testing Site Log in to the site/input_Username_username'

2022-01-16 11:41:26 - [TEST_STEP][PASSED] - setEncryptedText(findTestObject("Object Repository/Page_Automation Testing Site Log in to the site/input_Password_password"), "cnpXG5HhkrZpEXzNIGBMZQ=="): Text ****** has been set on object 'Object Repository/Page_Automation Testing Site Log in to the site/input_Password_password'

2022-01-16 11:41:26 - [MESSAGE][PASSED] - Text ****** has been set on object 'Object Repository/Page_Automation Testing Site Log in to the site/input_Password_password'

2022-01-16 11:41:26 - [TEST_STEP][PASSED] - click(findTestObject("Object Repository/Page_Automation Testing Site Log in to the site/button_Log in")): Object: 'Object Repository/Page_Automation Testing Site Log in to the site/button_Log in' is clicked on

2022-01-16 11:41:28 - [MESSAGE][PASSED] - Object: 'Object Repository/Page_Automation Testing Site Log in to the site/button_Log in' is clicked on

2022-01-16 11:41:28 - [TEST_STEP][PASSED] - click(findTestObject("Object Repository/Page_Dashboard/span_Site home")): Object: 'Object Repository/Page_Dashboard/span_Site home' is clicked on

2022-01-16 11:41:59 - [MESSAGE][INFO] - Unable to find the element located by 'By.xpath: '. Please recheck the objects properties to make sure the desired element is located. 

2022-01-16 11:41:59 - [MESSAGE][WARNING] - [SELF-HEALING] Failed to find element with id 'Object Repository/Page_Dashboard/span_Site home'. Try using Self-healing.

2022-01-16 11:41:59 - [MESSAGE][WARNING] - [SELF-HEALING] The current locator of test object 'Object Repository/Page_Dashboard/span_Site home' was broken. Propose an alternative one: '//div[@id='nav-drawer']/nav/ul/li[2]/a/div/div/span[2]'.

2022-01-16 11:42:00 - [MESSAGE][PASSED] - Object: 'Object Repository/Page_Dashboard/span_Site home' is clicked on

2022-01-16 11:42:00 - [TEST_STEP][PASSED] - click(findTestObject("Object Repository/Page_Automation Testing Site/a_CNTN")): Object: 'Object Repository/Page_Automation Testing Site/a_CNTN' is clicked on

2022-01-16 11:42:00 - [MESSAGE][PASSED] - Object: 'Object Repository/Page_Automation Testing Site/a_CNTN' is clicked on

2022-01-16 11:42:00 - [MESSAGE][INFO] - 

2022-01-16 11:42:00 - [MESSAGE][INFO] - ===================== Self-healing Report ====================

2022-01-16 11:42:00 - [MESSAGE][INFO] - One of the failed test object locators has been recovered by Self-healing. Please refer to the Self-healing Insights tab for more details.

2022-01-16 11:42:00 - [MESSAGE][INFO] - To learn more about Self-healing, please read https://docs.katalon.com/katalon-studio/docs/self-healing.html

2022-01-16 11:42:00 - [MESSAGE][INFO] - ==============================================================

2022-01-16 11:42:00 - [MESSAGE][PASSED] - Call Test Case 'Test Cases/Student/2. Login as student' successfully

2022-01-16 11:42:00 - [TEST_STEP][PASSED] - click(findTestObject("Object Repository/Page_Course CNTN/span_assignment test")): Object: 'Object Repository/Page_Course CNTN/span_assignment test' is clicked on

2022-01-16 11:42:32 - [MESSAGE][INFO] - Unable to find the element located by 'By.xpath: //li[@id='module-13']/div/div/div[2]/div/a/span'. Please recheck the objects properties to make sure the desired element is located. 

2022-01-16 11:42:32 - [MESSAGE][WARNING] - [SELF-HEALING] Failed to find element with id 'Object Repository/Page_Course CNTN/span_assignment test'. Try using Self-healing.

2022-01-16 11:42:32 - [MESSAGE][WARNING] - [SELF-HEALING] The current locator of test object 'Object Repository/Page_Course CNTN/span_assignment test' was broken. Propose an alternative one: '(.//*[normalize-space(text()) and normalize-space(.)='Forum'])[1]/following::span[1]'.

2022-01-16 11:42:32 - [MESSAGE][PASSED] - Object: 'Object Repository/Page_Course CNTN/span_assignment test' is clicked on

2022-01-16 11:42:32 - [TEST_STEP][PASSED] - click(findTestObject("Object Repository/Page_cntn assignment test/span_Comments (0)")): Object: 'Object Repository/Page_cntn assignment test/span_Comments (0)' is clicked on

2022-01-16 11:43:04 - [MESSAGE][INFO] - Unable to find the element located by 'By.xpath: //span[@id='comment-link-text-61e0d7219f79b']'. Please recheck the objects properties to make sure the desired element is located. 

2022-01-16 11:43:04 - [MESSAGE][WARNING] - [SELF-HEALING] Failed to find element with id 'Object Repository/Page_cntn assignment test/span_Comments (0)'. Try using Self-healing.

2022-01-16 11:43:04 - [MESSAGE][WARNING] - [SELF-HEALING] The current locator of test object 'Object Repository/Page_cntn assignment test/span_Comments (0)' was broken. Propose an alternative one: '(.//*[normalize-space(text()) and normalize-space(.)='Show comments'])[1]/following::span[1]'.

2022-01-16 11:43:04 - [MESSAGE][PASSED] - Object: 'Object Repository/Page_cntn assignment test/span_Comments (0)' is clicked on

2022-01-16 11:43:04 - [TEST_STEP][PASSED] - setText(findTestObject("Object Repository/Page_cntn assignment test/textarea_Comments (0)_content"), "test"): Text 'test' is set on object 'Object Repository/Page_cntn assignment test/textarea_Comments (0)_content'

2022-01-16 11:43:35 - [MESSAGE][INFO] - Unable to find the element located by 'By.xpath: //textarea[@id='dlg-content-61e0d7219f79b']'. Please recheck the objects properties to make sure the desired element is located. 

2022-01-16 11:43:35 - [MESSAGE][WARNING] - [SELF-HEALING] Failed to find element with id 'Object Repository/Page_cntn assignment test/textarea_Comments (0)_content'. Try using Self-healing.

2022-01-16 11:43:35 - [MESSAGE][WARNING] - [SELF-HEALING] The current locator of test object 'Object Repository/Page_cntn assignment test/textarea_Comments (0)_content' was broken. Propose an alternative one: '//textarea'.

2022-01-16 11:44:06 - [MESSAGE][INFO] - Unable to find the element located by 'By.xpath: //textarea[@id='dlg-content-61e0d7219f79b']'. Please recheck the objects properties to make sure the desired element is located. 

2022-01-16 11:44:06 - [MESSAGE][WARNING] - [SELF-HEALING] Failed to find element with id 'Object Repository/Page_cntn assignment test/textarea_Comments (0)_content'. Try using Self-healing.

2022-01-16 11:44:07 - [MESSAGE][WARNING] - [SELF-HEALING] The current locator of test object 'Object Repository/Page_cntn assignment test/textarea_Comments (0)_content' was broken. Propose an alternative one: '//textarea'.

2022-01-16 11:44:07 - [MESSAGE][PASSED] - Text 'test' is set on object 'Object Repository/Page_cntn assignment test/textarea_Comments (0)_content'

2022-01-16 11:44:07 - [TEST_STEP][PASSED] - click(findTestObject("Object Repository/Page_cntn assignment test/a_Save comment")): Object: 'Object Repository/Page_cntn assignment test/a_Save comment' is clicked on

2022-01-16 11:44:38 - [MESSAGE][INFO] - Unable to find the element located by 'By.xpath: //a[@id='comment-action-post-61e0d7219f79b']'. Please recheck the objects properties to make sure the desired element is located. 

2022-01-16 11:44:38 - [MESSAGE][WARNING] - [SELF-HEALING] Failed to find element with id 'Object Repository/Page_cntn assignment test/a_Save comment'. Try using Self-healing.

2022-01-16 11:44:38 - [MESSAGE][WARNING] - [SELF-HEALING] The current locator of test object 'Object Repository/Page_cntn assignment test/a_Save comment' was broken. Propose an alternative one: '//a[contains(text(),'Save comment')]'.

2022-01-16 11:44:38 - [MESSAGE][PASSED] - Object: 'Object Repository/Page_cntn assignment test/a_Save comment' is clicked on

2022-01-16 11:44:38 - [TEST_STEP][PASSED] - verifyElementText(findTestObject("Object Repository/Page_cntn assignment test/div_test"), "test"): Actual text and expected text of test object 'Object Repository/Page_cntn assignment test/div_test' are matched.

2022-01-16 11:45:10 - [MESSAGE][INFO] - Unable to find the element located by 'By.xpath: //li[@id='comment-3-61e0d6b2c515d']/div/div[2]/div[2]/div'. Please recheck the objects properties to make sure the desired element is located. 

2022-01-16 11:45:10 - [MESSAGE][WARNING] - [SELF-HEALING] Failed to find element with id 'Object Repository/Page_cntn assignment test/div_test'. Try using Self-healing.

2022-01-16 11:45:10 - [MESSAGE][WARNING] - [SELF-HEALING] The current locator of test object 'Object Repository/Page_cntn assignment test/div_test' was broken. Propose an alternative one: '(.//*[normalize-space(text()) and normalize-space(.)='a b'])[2]/following::div[4]'.

2022-01-16 11:45:10 - [MESSAGE][PASSED] - Actual text and expected text of test object 'Object Repository/Page_cntn assignment test/div_test' are matched.

2022-01-16 11:45:10 - [TEST_STEP][PASSED] - closeBrowser(): Browser is closed

2022-01-16 11:45:11 - [MESSAGE][PASSED] - Browser is closed]]></system-out>
         <system-err><![CDATA[]]></system-err>
      </testcase>
      <testcase name="Test Cases/Student/5. Submit/1. Mask Done" time="136.041" classname="Test Cases/Student/5. Submit/1. Mask Done" status="FAILED">
         <failure type="FAILED" message="Test Cases/Student/5. Submit/1. Mask Done FAILED.
Reason:
com.kms.katalon.core.exception.StepFailedException: Unable to click on object 'Object Repository/Page_cntn assignment test/button_Done'
	at com.kms.katalon.core.webui.keyword.internal.WebUIKeywordMain.stepFailed(WebUIKeywordMain.groovy:64)
	at com.kms.katalon.core.webui.keyword.internal.WebUIKeywordMain.runKeyword(WebUIKeywordMain.groovy:26)
	at com.kms.katalon.core.webui.keyword.builtin.ClickKeyword.click(ClickKeyword.groovy:74)
	at com.kms.katalon.core.webui.keyword.builtin.ClickKeyword.execute(ClickKeyword.groovy:40)
	at com.kms.katalon.core.keyword.internal.KeywordExecutor.executeKeywordForPlatform(KeywordExecutor.groovy:74)
	at com.kms.katalon.core.webui.keyword.WebUiBuiltInKeywords.click(WebUiBuiltInKeywords.groovy:620)
	at com.kms.katalon.core.webui.keyword.WebUiBuiltInKeywords$click$1.call(Unknown Source)
	at 1. Mask Done.run(1. Mask Done:26)
	at com.kms.katalon.core.main.ScriptEngine.run(ScriptEngine.java:194)
	at com.kms.katalon.core.main.ScriptEngine.runScriptAsRawText(ScriptEngine.java:119)
	at com.kms.katalon.core.main.TestCaseExecutor.runScript(TestCaseExecutor.java:442)
	at com.kms.katalon.core.main.TestCaseExecutor.doExecute(TestCaseExecutor.java:433)
	at com.kms.katalon.core.main.TestCaseExecutor.processExecutionPhase(TestCaseExecutor.java:412)
	at com.kms.katalon.core.main.TestCaseExecutor.accessMainPhase(TestCaseExecutor.java:404)
	at com.kms.katalon.core.main.TestCaseExecutor.execute(TestCaseExecutor.java:281)
	at com.kms.katalon.core.main.TestSuiteExecutor.accessTestCaseMainPhase(TestSuiteExecutor.java:202)
	at com.kms.katalon.core.main.TestSuiteExecutor.accessTestSuiteMainPhase(TestSuiteExecutor.java:164)
	at com.kms.katalon.core.main.TestSuiteExecutor.execute(TestSuiteExecutor.java:105)
	at com.kms.katalon.core.main.TestCaseMain.startTestSuite(TestCaseMain.java:181)
	at com.kms.katalon.core.main.TestCaseMain$startTestSuite$0.call(Unknown Source)
	at TempTestSuite1642307295030.run(TempTestSuite1642307295030.groovy:36)
Caused by: org.openqa.selenium.ElementClickInterceptedException: element click intercepted: Element &lt;button class=&quot;btn btn-outline-secondary&quot; data-action=&quot;toggle-manual-completion&quot; id=&quot;yui_3_17_2_1_1642308382910_39&quot;>...&lt;/button> is not clickable at point (353, 350). Other element would receive the click: &lt;div class=&quot;yui3-widget-mask&quot; style=&quot;position: fixed; width: 100%; height: 100%; top: 0px; left: 0px; z-index: 1041;&quot;>&lt;/div>
  (Session info: MicrosoftEdge=97.0.1072.62)
Build info: version: '3.141.59', revision: 'e82be7d358', time: '2018-11-14T08:25:53'
System info: host: 'LAPTOP-O4I5TINJ', ip: '192.168.11.1', os.name: 'Windows 10', os.arch: 'amd64', os.version: '10.0', java.version: '1.8.0_282'
Driver info: com.kms.katalon.selenium.driver.CEdgeDriver
Capabilities {acceptInsecureCerts: false, browserName: msedge, browserVersion: 97.0.1072.62, javascriptEnabled: true, ms:edgeOptions: {debuggerAddress: localhost:60010}, msedge: {msedgedriverVersion: 97.0.1072.55 (ce3bf33648805..., userDataDir: C:\Users\ASUS\AppData\Local...}, networkConnectionEnabled: false, pageLoadStrategy: normal, platform: WINDOWS, platformName: WINDOWS, proxy: Proxy(), setWindowRect: true, strictFileInteractability: false, timeouts: {implicit: 0, pageLoad: 300000, script: 30000}, unhandledPromptBehavior: dismiss and notify, webauthn:extension:credBlob: true, webauthn:extension:largeBlob: true, webauthn:virtualAuthenticators: true}
Session ID: 8d068f4037f5608558727d6bd9d4bfaa
	at org.openqa.selenium.remote.http.W3CHttpResponseCodec.createException(W3CHttpResponseCodec.java:187)
	at org.openqa.selenium.remote.http.W3CHttpResponseCodec.decode(W3CHttpResponseCodec.java:122)
	at org.openqa.selenium.remote.http.W3CHttpResponseCodec.decode(W3CHttpResponseCodec.java:49)
	at org.openqa.selenium.remote.HttpCommandExecutor.execute(HttpCommandExecutor.java:158)
	at org.openqa.selenium.remote.service.DriverCommandExecutor.execute(DriverCommandExecutor.java:83)
	at org.openqa.selenium.remote.RemoteWebDriver.execute(RemoteWebDriver.java:552)
	at com.kms.katalon.selenium.driver.CEdgeDriver.execute(CEdgeDriver.java:20)
	at org.openqa.selenium.remote.RemoteWebElement.execute(RemoteWebElement.java:285)
	at org.openqa.selenium.remote.RemoteWebElement.click(RemoteWebElement.java:84)
	at org.openqa.selenium.support.events.EventFiringWebDriver$EventFiringWebElement.lambda$new$0(EventFiringWebDriver.java:404)
	at com.sun.proxy.$Proxy11.click(Unknown Source)
	at org.openqa.selenium.support.events.EventFiringWebDriver$EventFiringWebElement.click(EventFiringWebDriver.java:417)
	at org.openqa.selenium.WebElement$click.call(Unknown Source)
	at com.kms.katalon.core.webui.keyword.builtin.ClickKeyword.clickUntilSuccessWithTimeout(ClickKeyword.groovy:81)
	at com.kms.katalon.core.webui.keyword.builtin.ClickKeyword.clickUntilSuccessWithTimeout(ClickKeyword.groovy)
	at com.kms.katalon.core.webui.keyword.builtin.ClickKeyword$_click_closure1.doCall(ClickKeyword.groovy:67)
	at com.kms.katalon.core.webui.keyword.builtin.ClickKeyword$_click_closure1.call(ClickKeyword.groovy)
	at com.kms.katalon.core.webui.keyword.internal.WebUIKeywordMain.runKeyword(WebUIKeywordMain.groovy:20)
	... 19 more
"/>
         <system-out><![CDATA[2022-01-16 11:45:11 - [TEST_CASE][FAILED] - Test Cases/Student/5. Submit/1. Mask Done: Test Cases/Student/5. Submit/1. Mask Done FAILED.
Reason:
com.kms.katalon.core.exception.StepFailedException: Unable to click on object 'Object Repository/Page_cntn assignment test/button_Done'
	at com.kms.katalon.core.webui.keyword.internal.WebUIKeywordMain.stepFailed(WebUIKeywordMain.groovy:64)
	at com.kms.katalon.core.webui.keyword.internal.WebUIKeywordMain.runKeyword(WebUIKeywordMain.groovy:26)
	at com.kms.katalon.core.webui.keyword.builtin.ClickKeyword.click(ClickKeyword.groovy:74)
	at com.kms.katalon.core.webui.keyword.builtin.ClickKeyword.execute(ClickKeyword.groovy:40)
	at com.kms.katalon.core.keyword.internal.KeywordExecutor.executeKeywordForPlatform(KeywordExecutor.groovy:74)
	at com.kms.katalon.core.webui.keyword.WebUiBuiltInKeywords.click(WebUiBuiltInKeywords.groovy:620)
	at com.kms.katalon.core.webui.keyword.WebUiBuiltInKeywords$click$1.call(Unknown Source)
	at 1. Mask Done.run(1. Mask Done:26)
	at com.kms.katalon.core.main.ScriptEngine.run(ScriptEngine.java:194)
	at com.kms.katalon.core.main.ScriptEngine.runScriptAsRawText(ScriptEngine.java:119)
	at com.kms.katalon.core.main.TestCaseExecutor.runScript(TestCaseExecutor.java:442)
	at com.kms.katalon.core.main.TestCaseExecutor.doExecute(TestCaseExecutor.java:433)
	at com.kms.katalon.core.main.TestCaseExecutor.processExecutionPhase(TestCaseExecutor.java:412)
	at com.kms.katalon.core.main.TestCaseExecutor.accessMainPhase(TestCaseExecutor.java:404)
	at com.kms.katalon.core.main.TestCaseExecutor.execute(TestCaseExecutor.java:281)
	at com.kms.katalon.core.main.TestSuiteExecutor.accessTestCaseMainPhase(TestSuiteExecutor.java:202)
	at com.kms.katalon.core.main.TestSuiteExecutor.accessTestSuiteMainPhase(TestSuiteExecutor.java:164)
	at com.kms.katalon.core.main.TestSuiteExecutor.execute(TestSuiteExecutor.java:105)
	at com.kms.katalon.core.main.TestCaseMain.startTestSuite(TestCaseMain.java:181)
	at com.kms.katalon.core.main.TestCaseMain$startTestSuite$0.call(Unknown Source)
	at TempTestSuite1642307295030.run(TempTestSuite1642307295030.groovy:36)
Caused by: org.openqa.selenium.ElementClickInterceptedException: element click intercepted: Element <button class="btn btn-outline-secondary" data-action="toggle-manual-completion" id="yui_3_17_2_1_1642308382910_39">...</button> is not clickable at point (353, 350). Other element would receive the click: <div class="yui3-widget-mask" style="position: fixed; width: 100%; height: 100%; top: 0px; left: 0px; z-index: 1041;"></div>
  (Session info: MicrosoftEdge=97.0.1072.62)
Build info: version: '3.141.59', revision: 'e82be7d358', time: '2018-11-14T08:25:53'
System info: host: 'LAPTOP-O4I5TINJ', ip: '192.168.11.1', os.name: 'Windows 10', os.arch: 'amd64', os.version: '10.0', java.version: '1.8.0_282'
Driver info: com.kms.katalon.selenium.driver.CEdgeDriver
Capabilities {acceptInsecureCerts: false, browserName: msedge, browserVersion: 97.0.1072.62, javascriptEnabled: true, ms:edgeOptions: {debuggerAddress: localhost:60010}, msedge: {msedgedriverVersion: 97.0.1072.55 (ce3bf33648805..., userDataDir: C:\Users\ASUS\AppData\Local...}, networkConnectionEnabled: false, pageLoadStrategy: normal, platform: WINDOWS, platformName: WINDOWS, proxy: Proxy(), setWindowRect: true, strictFileInteractability: false, timeouts: {implicit: 0, pageLoad: 300000, script: 30000}, unhandledPromptBehavior: dismiss and notify, webauthn:extension:credBlob: true, webauthn:extension:largeBlob: true, webauthn:virtualAuthenticators: true}
Session ID: 8d068f4037f5608558727d6bd9d4bfaa
	at org.openqa.selenium.remote.http.W3CHttpResponseCodec.createException(W3CHttpResponseCodec.java:187)
	at org.openqa.selenium.remote.http.W3CHttpResponseCodec.decode(W3CHttpResponseCodec.java:122)
	at org.openqa.selenium.remote.http.W3CHttpResponseCodec.decode(W3CHttpResponseCodec.java:49)
	at org.openqa.selenium.remote.HttpCommandExecutor.execute(HttpCommandExecutor.java:158)
	at org.openqa.selenium.remote.service.DriverCommandExecutor.execute(DriverCommandExecutor.java:83)
	at org.openqa.selenium.remote.RemoteWebDriver.execute(RemoteWebDriver.java:552)
	at com.kms.katalon.selenium.driver.CEdgeDriver.execute(CEdgeDriver.java:20)
	at org.openqa.selenium.remote.RemoteWebElement.execute(RemoteWebElement.java:285)
	at org.openqa.selenium.remote.RemoteWebElement.click(RemoteWebElement.java:84)
	at org.openqa.selenium.support.events.EventFiringWebDriver$EventFiringWebElement.lambda$new$0(EventFiringWebDriver.java:404)
	at com.sun.proxy.$Proxy11.click(Unknown Source)
	at org.openqa.selenium.support.events.EventFiringWebDriver$EventFiringWebElement.click(EventFiringWebDriver.java:417)
	at org.openqa.selenium.WebElement$click.call(Unknown Source)
	at com.kms.katalon.core.webui.keyword.builtin.ClickKeyword.clickUntilSuccessWithTimeout(ClickKeyword.groovy:81)
	at com.kms.katalon.core.webui.keyword.builtin.ClickKeyword.clickUntilSuccessWithTimeout(ClickKeyword.groovy)
	at com.kms.katalon.core.webui.keyword.builtin.ClickKeyword$_click_closure1.doCall(ClickKeyword.groovy:67)
	at com.kms.katalon.core.webui.keyword.builtin.ClickKeyword$_click_closure1.call(ClickKeyword.groovy)
	at com.kms.katalon.core.webui.keyword.internal.WebUIKeywordMain.runKeyword(WebUIKeywordMain.groovy:20)
	... 19 more


2022-01-16 11:45:11 - [TEST_STEP][PASSED] - callTestCase(findTestCase("Student/2. Login as student"), [:], STOP_ON_FAILURE): Call Test Case 'Test Cases/Student/2. Login as student' successfully

2022-01-16 11:45:11 - [TEST_CASE][PASSED] - Test Cases/Student/2. Login as student: Test Cases/Student/2. Login as student

2022-01-16 11:45:11 - [TEST_STEP][PASSED] - openBrowser(""): Browser is opened with url: ''

2022-01-16 11:45:11 - [MESSAGE][INFO] - Starting 'Edge Chromium' driver

2022-01-16 11:45:13 - [MESSAGE][INFO] - Action delay is set to 0 milliseconds

2022-01-16 11:45:14 - [MESSAGE][PASSED] - Browser is opened with url: ''

2022-01-16 11:45:14 - [TEST_STEP][PASSED] - navigateToUrl("http://localhost/"): Navigate to 'http://localhost/' successfully

2022-01-16 11:45:15 - [MESSAGE][PASSED] - Navigate to 'http://localhost/' successfully

2022-01-16 11:45:15 - [TEST_STEP][PASSED] - click(findTestObject("Object Repository/Page_Automation Testing Site/a_Log in")): Object: 'Object Repository/Page_Automation Testing Site/a_Log in' is clicked on

2022-01-16 11:45:16 - [MESSAGE][PASSED] - Object: 'Object Repository/Page_Automation Testing Site/a_Log in' is clicked on

2022-01-16 11:45:16 - [TEST_STEP][PASSED] - setText(findTestObject("Object Repository/Page_Automation Testing Site Log in to the site/input_Username_username"), "student"): Text 'student' is set on object 'Object Repository/Page_Automation Testing Site Log in to the site/input_Username_username'

2022-01-16 11:45:17 - [MESSAGE][PASSED] - Text 'student' is set on object 'Object Repository/Page_Automation Testing Site Log in to the site/input_Username_username'

2022-01-16 11:45:17 - [TEST_STEP][PASSED] - setEncryptedText(findTestObject("Object Repository/Page_Automation Testing Site Log in to the site/input_Password_password"), "cnpXG5HhkrZpEXzNIGBMZQ=="): Text ****** has been set on object 'Object Repository/Page_Automation Testing Site Log in to the site/input_Password_password'

2022-01-16 11:45:17 - [MESSAGE][PASSED] - Text ****** has been set on object 'Object Repository/Page_Automation Testing Site Log in to the site/input_Password_password'

2022-01-16 11:45:17 - [TEST_STEP][PASSED] - click(findTestObject("Object Repository/Page_Automation Testing Site Log in to the site/button_Log in")): Object: 'Object Repository/Page_Automation Testing Site Log in to the site/button_Log in' is clicked on

2022-01-16 11:45:18 - [MESSAGE][PASSED] - Object: 'Object Repository/Page_Automation Testing Site Log in to the site/button_Log in' is clicked on

2022-01-16 11:45:18 - [TEST_STEP][PASSED] - click(findTestObject("Object Repository/Page_Dashboard/span_Site home")): Object: 'Object Repository/Page_Dashboard/span_Site home' is clicked on

2022-01-16 11:45:49 - [MESSAGE][INFO] - Unable to find the element located by 'By.xpath: '. Please recheck the objects properties to make sure the desired element is located. 

2022-01-16 11:45:49 - [MESSAGE][WARNING] - [SELF-HEALING] Failed to find element with id 'Object Repository/Page_Dashboard/span_Site home'. Try using Self-healing.

2022-01-16 11:45:49 - [MESSAGE][WARNING] - [SELF-HEALING] The current locator of test object 'Object Repository/Page_Dashboard/span_Site home' was broken. Propose an alternative one: '//div[@id='nav-drawer']/nav/ul/li[2]/a/div/div/span[2]'.

2022-01-16 11:45:50 - [MESSAGE][PASSED] - Object: 'Object Repository/Page_Dashboard/span_Site home' is clicked on

2022-01-16 11:45:50 - [TEST_STEP][PASSED] - click(findTestObject("Object Repository/Page_Automation Testing Site/a_CNTN")): Object: 'Object Repository/Page_Automation Testing Site/a_CNTN' is clicked on

2022-01-16 11:45:51 - [MESSAGE][PASSED] - Object: 'Object Repository/Page_Automation Testing Site/a_CNTN' is clicked on

2022-01-16 11:45:51 - [MESSAGE][INFO] - 

2022-01-16 11:45:51 - [MESSAGE][INFO] - ===================== Self-healing Report ====================

2022-01-16 11:45:51 - [MESSAGE][INFO] - One of the failed test object locators has been recovered by Self-healing. Please refer to the Self-healing Insights tab for more details.

2022-01-16 11:45:51 - [MESSAGE][INFO] - To learn more about Self-healing, please read https://docs.katalon.com/katalon-studio/docs/self-healing.html

2022-01-16 11:45:51 - [MESSAGE][INFO] - ==============================================================

2022-01-16 11:45:51 - [MESSAGE][PASSED] - Call Test Case 'Test Cases/Student/2. Login as student' successfully

2022-01-16 11:45:51 - [TEST_STEP][PASSED] - click(findTestObject("Object Repository/Page_Course CNTN/span_assignment test")): Object: 'Object Repository/Page_Course CNTN/span_assignment test' is clicked on

2022-01-16 11:46:22 - [MESSAGE][INFO] - Unable to find the element located by 'By.xpath: //li[@id='module-13']/div/div/div[2]/div/a/span'. Please recheck the objects properties to make sure the desired element is located. 

2022-01-16 11:46:22 - [MESSAGE][WARNING] - [SELF-HEALING] Failed to find element with id 'Object Repository/Page_Course CNTN/span_assignment test'. Try using Self-healing.

2022-01-16 11:46:22 - [MESSAGE][WARNING] - [SELF-HEALING] The current locator of test object 'Object Repository/Page_Course CNTN/span_assignment test' was broken. Propose an alternative one: '(.//*[normalize-space(text()) and normalize-space(.)='Forum'])[1]/following::span[1]'.

2022-01-16 11:46:23 - [MESSAGE][PASSED] - Object: 'Object Repository/Page_Course CNTN/span_assignment test' is clicked on

2022-01-16 11:46:23 - [TEST_STEP][PASSED] - click(findTestObject("Object Repository/Page_cntn assignment test/button_Mark as done")): Object: 'Object Repository/Page_cntn assignment test/button_Mark as done' is clicked on

2022-01-16 11:46:23 - [MESSAGE][PASSED] - Object: 'Object Repository/Page_cntn assignment test/button_Mark as done' is clicked on

2022-01-16 11:46:23 - [TEST_STEP][FAILED] - click(findTestObject("Object Repository/Page_cntn assignment test/button_Done")): Unable to click on object 'Object Repository/Page_cntn assignment test/button_Done' (Root cause: com.kms.katalon.core.exception.StepFailedException: Unable to click on object 'Object Repository/Page_cntn assignment test/button_Done'
	at com.kms.katalon.core.webui.keyword.internal.WebUIKeywordMain.stepFailed(WebUIKeywordMain.groovy:64)
	at com.kms.katalon.core.webui.keyword.internal.WebUIKeywordMain.runKeyword(WebUIKeywordMain.groovy:26)
	at com.kms.katalon.core.webui.keyword.builtin.ClickKeyword.click(ClickKeyword.groovy:74)
	at com.kms.katalon.core.webui.keyword.builtin.ClickKeyword.execute(ClickKeyword.groovy:40)
	at com.kms.katalon.core.keyword.internal.KeywordExecutor.executeKeywordForPlatform(KeywordExecutor.groovy:74)
	at com.kms.katalon.core.webui.keyword.WebUiBuiltInKeywords.click(WebUiBuiltInKeywords.groovy:620)
	at com.kms.katalon.core.webui.keyword.WebUiBuiltInKeywords$click$1.call(Unknown Source)
	at 1. Mask Done.run(1. Mask Done:26)
	at com.kms.katalon.core.main.ScriptEngine.run(ScriptEngine.java:194)
	at com.kms.katalon.core.main.ScriptEngine.runScriptAsRawText(ScriptEngine.java:119)
	at com.kms.katalon.core.main.TestCaseExecutor.runScript(TestCaseExecutor.java:442)
	at com.kms.katalon.core.main.TestCaseExecutor.doExecute(TestCaseExecutor.java:433)
	at com.kms.katalon.core.main.TestCaseExecutor.processExecutionPhase(TestCaseExecutor.java:412)
	at com.kms.katalon.core.main.TestCaseExecutor.accessMainPhase(TestCaseExecutor.java:404)
	at com.kms.katalon.core.main.TestCaseExecutor.execute(TestCaseExecutor.java:281)
	at com.kms.katalon.core.main.TestSuiteExecutor.accessTestCaseMainPhase(TestSuiteExecutor.java:202)
	at com.kms.katalon.core.main.TestSuiteExecutor.accessTestSuiteMainPhase(TestSuiteExecutor.java:164)
	at com.kms.katalon.core.main.TestSuiteExecutor.execute(TestSuiteExecutor.java:105)
	at com.kms.katalon.core.main.TestCaseMain.startTestSuite(TestCaseMain.java:181)
	at com.kms.katalon.core.main.TestCaseMain$startTestSuite$0.call(Unknown Source)
	at TempTestSuite1642307295030.run(TempTestSuite1642307295030.groovy:36)
Caused by: org.openqa.selenium.ElementClickInterceptedException: element click intercepted: Element <button class="btn btn-outline-secondary" data-action="toggle-manual-completion" id="yui_3_17_2_1_1642308382910_39">...</button> is not clickable at point (353, 350). Other element would receive the click: <div class="yui3-widget-mask" style="position: fixed; width: 100%; height: 100%; top: 0px; left: 0px; z-index: 1041;"></div>
  (Session info: MicrosoftEdge=97.0.1072.62)
Build info: version: '3.141.59', revision: 'e82be7d358', time: '2018-11-14T08:25:53'
System info: host: 'LAPTOP-O4I5TINJ', ip: '192.168.11.1', os.name: 'Windows 10', os.arch: 'amd64', os.version: '10.0', java.version: '1.8.0_282'
Driver info: com.kms.katalon.selenium.driver.CEdgeDriver
Capabilities {acceptInsecureCerts: false, browserName: msedge, browserVersion: 97.0.1072.62, javascriptEnabled: true, ms:edgeOptions: {debuggerAddress: localhost:60010}, msedge: {msedgedriverVersion: 97.0.1072.55 (ce3bf33648805..., userDataDir: C:\Users\ASUS\AppData\Local...}, networkConnectionEnabled: false, pageLoadStrategy: normal, platform: WINDOWS, platformName: WINDOWS, proxy: Proxy(), setWindowRect: true, strictFileInteractability: false, timeouts: {implicit: 0, pageLoad: 300000, script: 30000}, unhandledPromptBehavior: dismiss and notify, webauthn:extension:credBlob: true, webauthn:extension:largeBlob: true, webauthn:virtualAuthenticators: true}
Session ID: 8d068f4037f5608558727d6bd9d4bfaa
	at org.openqa.selenium.remote.http.W3CHttpResponseCodec.createException(W3CHttpResponseCodec.java:187)
	at org.openqa.selenium.remote.http.W3CHttpResponseCodec.decode(W3CHttpResponseCodec.java:122)
	at org.openqa.selenium.remote.http.W3CHttpResponseCodec.decode(W3CHttpResponseCodec.java:49)
	at org.openqa.selenium.remote.HttpCommandExecutor.execute(HttpCommandExecutor.java:158)
	at org.openqa.selenium.remote.service.DriverCommandExecutor.execute(DriverCommandExecutor.java:83)
	at org.openqa.selenium.remote.RemoteWebDriver.execute(RemoteWebDriver.java:552)
	at com.kms.katalon.selenium.driver.CEdgeDriver.execute(CEdgeDriver.java:20)
	at org.openqa.selenium.remote.RemoteWebElement.execute(RemoteWebElement.java:285)
	at org.openqa.selenium.remote.RemoteWebElement.click(RemoteWebElement.java:84)
	at org.openqa.selenium.support.events.EventFiringWebDriver$EventFiringWebElement.lambda$new$0(EventFiringWebDriver.java:404)
	at com.sun.proxy.$Proxy11.click(Unknown Source)
	at org.openqa.selenium.support.events.EventFiringWebDriver$EventFiringWebElement.click(EventFiringWebDriver.java:417)
	at org.openqa.selenium.WebElement$click.call(Unknown Source)
	at com.kms.katalon.core.webui.keyword.builtin.ClickKeyword.clickUntilSuccessWithTimeout(ClickKeyword.groovy:81)
	at com.kms.katalon.core.webui.keyword.builtin.ClickKeyword.clickUntilSuccessWithTimeout(ClickKeyword.groovy)
	at com.kms.katalon.core.webui.keyword.builtin.ClickKeyword$_click_closure1.doCall(ClickKeyword.groovy:67)
	at com.kms.katalon.core.webui.keyword.builtin.ClickKeyword$_click_closure1.call(ClickKeyword.groovy)
	at com.kms.katalon.core.webui.keyword.internal.WebUIKeywordMain.runKeyword(WebUIKeywordMain.groovy:20)
	at com.kms.katalon.core.webui.keyword.builtin.ClickKeyword.click(ClickKeyword.groovy:74)
	at com.kms.katalon.core.webui.keyword.builtin.ClickKeyword.execute(ClickKeyword.groovy:40)
	at com.kms.katalon.core.keyword.internal.KeywordExecutor.executeKeywordForPlatform(KeywordExecutor.groovy:74)
	at com.kms.katalon.core.webui.keyword.WebUiBuiltInKeywords.click(WebUiBuiltInKeywords.groovy:620)
	at com.kms.katalon.core.webui.keyword.WebUiBuiltInKeywords$click$1.call(Unknown Source)
	at Script1642125307344.run(Script1642125307344.groovy:26)
	... 13 more
)

2022-01-16 11:46:54 - [MESSAGE][INFO] - Unable to find the element located by 'By.xpath: //button[@id='yui_3_17_2_1_1642122361242_63']'. Please recheck the objects properties to make sure the desired element is located. 

2022-01-16 11:46:54 - [MESSAGE][WARNING] - [SELF-HEALING] Failed to find element with id 'Object Repository/Page_cntn assignment test/button_Done'. Try using Self-healing.

2022-01-16 11:46:54 - [MESSAGE][WARNING] - [SELF-HEALING] The current locator of test object 'Object Repository/Page_cntn assignment test/button_Done' was broken. Propose an alternative one: '//div[2]/button'.

2022-01-16 11:47:27 - [MESSAGE][FAILED] - Unable to click on object 'Object Repository/Page_cntn assignment test/button_Done' (Root cause: com.kms.katalon.core.exception.StepFailedException: Unable to click on object 'Object Repository/Page_cntn assignment test/button_Done'
	at com.kms.katalon.core.webui.keyword.internal.WebUIKeywordMain.stepFailed(WebUIKeywordMain.groovy:64)
	at com.kms.katalon.core.webui.keyword.internal.WebUIKeywordMain.runKeyword(WebUIKeywordMain.groovy:26)
	at com.kms.katalon.core.webui.keyword.builtin.ClickKeyword.click(ClickKeyword.groovy:74)
	at com.kms.katalon.core.webui.keyword.builtin.ClickKeyword.execute(ClickKeyword.groovy:40)
	at com.kms.katalon.core.keyword.internal.KeywordExecutor.executeKeywordForPlatform(KeywordExecutor.groovy:74)
	at com.kms.katalon.core.webui.keyword.WebUiBuiltInKeywords.click(WebUiBuiltInKeywords.groovy:620)
	at com.kms.katalon.core.webui.keyword.WebUiBuiltInKeywords$click$1.call(Unknown Source)
	at 1. Mask Done.run(1. Mask Done:26)
	at com.kms.katalon.core.main.ScriptEngine.run(ScriptEngine.java:194)
	at com.kms.katalon.core.main.ScriptEngine.runScriptAsRawText(ScriptEngine.java:119)
	at com.kms.katalon.core.main.TestCaseExecutor.runScript(TestCaseExecutor.java:442)
	at com.kms.katalon.core.main.TestCaseExecutor.doExecute(TestCaseExecutor.java:433)
	at com.kms.katalon.core.main.TestCaseExecutor.processExecutionPhase(TestCaseExecutor.java:412)
	at com.kms.katalon.core.main.TestCaseExecutor.accessMainPhase(TestCaseExecutor.java:404)
	at com.kms.katalon.core.main.TestCaseExecutor.execute(TestCaseExecutor.java:281)
	at com.kms.katalon.core.main.TestSuiteExecutor.accessTestCaseMainPhase(TestSuiteExecutor.java:202)
	at com.kms.katalon.core.main.TestSuiteExecutor.accessTestSuiteMainPhase(TestSuiteExecutor.java:164)
	at com.kms.katalon.core.main.TestSuiteExecutor.execute(TestSuiteExecutor.java:105)
	at com.kms.katalon.core.main.TestCaseMain.startTestSuite(TestCaseMain.java:181)
	at com.kms.katalon.core.main.TestCaseMain$startTestSuite$0.call(Unknown Source)
	at TempTestSuite1642307295030.run(TempTestSuite1642307295030.groovy:36)
Caused by: org.openqa.selenium.ElementClickInterceptedException: element click intercepted: Element <button class="btn btn-outline-secondary" data-action="toggle-manual-completion" id="yui_3_17_2_1_1642308382910_39">...</button> is not clickable at point (353, 350). Other element would receive the click: <div class="yui3-widget-mask" style="position: fixed; width: 100%; height: 100%; top: 0px; left: 0px; z-index: 1041;"></div>
  (Session info: MicrosoftEdge=97.0.1072.62)
Build info: version: '3.141.59', revision: 'e82be7d358', time: '2018-11-14T08:25:53'
System info: host: 'LAPTOP-O4I5TINJ', ip: '192.168.11.1', os.name: 'Windows 10', os.arch: 'amd64', os.version: '10.0', java.version: '1.8.0_282'
Driver info: com.kms.katalon.selenium.driver.CEdgeDriver
Capabilities {acceptInsecureCerts: false, browserName: msedge, browserVersion: 97.0.1072.62, javascriptEnabled: true, ms:edgeOptions: {debuggerAddress: localhost:60010}, msedge: {msedgedriverVersion: 97.0.1072.55 (ce3bf33648805..., userDataDir: C:\Users\ASUS\AppData\Local...}, networkConnectionEnabled: false, pageLoadStrategy: normal, platform: WINDOWS, platformName: WINDOWS, proxy: Proxy(), setWindowRect: true, strictFileInteractability: false, timeouts: {implicit: 0, pageLoad: 300000, script: 30000}, unhandledPromptBehavior: dismiss and notify, webauthn:extension:credBlob: true, webauthn:extension:largeBlob: true, webauthn:virtualAuthenticators: true}
Session ID: 8d068f4037f5608558727d6bd9d4bfaa
	at org.openqa.selenium.remote.http.W3CHttpResponseCodec.createException(W3CHttpResponseCodec.java:187)
	at org.openqa.selenium.remote.http.W3CHttpResponseCodec.decode(W3CHttpResponseCodec.java:122)
	at org.openqa.selenium.remote.http.W3CHttpResponseCodec.decode(W3CHttpResponseCodec.java:49)
	at org.openqa.selenium.remote.HttpCommandExecutor.execute(HttpCommandExecutor.java:158)
	at org.openqa.selenium.remote.service.DriverCommandExecutor.execute(DriverCommandExecutor.java:83)
	at org.openqa.selenium.remote.RemoteWebDriver.execute(RemoteWebDriver.java:552)
	at com.kms.katalon.selenium.driver.CEdgeDriver.execute(CEdgeDriver.java:20)
	at org.openqa.selenium.remote.RemoteWebElement.execute(RemoteWebElement.java:285)
	at org.openqa.selenium.remote.RemoteWebElement.click(RemoteWebElement.java:84)
	at org.openqa.selenium.support.events.EventFiringWebDriver$EventFiringWebElement.lambda$new$0(EventFiringWebDriver.java:404)
	at com.sun.proxy.$Proxy11.click(Unknown Source)
	at org.openqa.selenium.support.events.EventFiringWebDriver$EventFiringWebElement.click(EventFiringWebDriver.java:417)
	at org.openqa.selenium.WebElement$click.call(Unknown Source)
	at com.kms.katalon.core.webui.keyword.builtin.ClickKeyword.clickUntilSuccessWithTimeout(ClickKeyword.groovy:81)
	at com.kms.katalon.core.webui.keyword.builtin.ClickKeyword.clickUntilSuccessWithTimeout(ClickKeyword.groovy)
	at com.kms.katalon.core.webui.keyword.builtin.ClickKeyword$_click_closure1.doCall(ClickKeyword.groovy:67)
	at com.kms.katalon.core.webui.keyword.builtin.ClickKeyword$_click_closure1.call(ClickKeyword.groovy)
	at com.kms.katalon.core.webui.keyword.internal.WebUIKeywordMain.runKeyword(WebUIKeywordMain.groovy:20)
	at com.kms.katalon.core.webui.keyword.builtin.ClickKeyword.click(ClickKeyword.groovy:74)
	at com.kms.katalon.core.webui.keyword.builtin.ClickKeyword.execute(ClickKeyword.groovy:40)
	at com.kms.katalon.core.keyword.internal.KeywordExecutor.executeKeywordForPlatform(KeywordExecutor.groovy:74)
	at com.kms.katalon.core.webui.keyword.WebUiBuiltInKeywords.click(WebUiBuiltInKeywords.groovy:620)
	at com.kms.katalon.core.webui.keyword.WebUiBuiltInKeywords$click$1.call(Unknown Source)
	at Script1642125307344.run(Script1642125307344.groovy:26)
	... 13 more
)
[[ATTACHMENT|E:\\MoodleTestByKatalon\\Reports\\20220116_112815\\Run all test cases\\20220116_112815\\1642308447334.png]]]]></system-out>
         <system-err><![CDATA[2022-01-16 11:45:11 - [TEST_CASE][FAILED] - Test Cases/Student/5. Submit/1. Mask Done: Test Cases/Student/5. Submit/1. Mask Done FAILED.
Reason:
com.kms.katalon.core.exception.StepFailedException: Unable to click on object 'Object Repository/Page_cntn assignment test/button_Done'
	at com.kms.katalon.core.webui.keyword.internal.WebUIKeywordMain.stepFailed(WebUIKeywordMain.groovy:64)
	at com.kms.katalon.core.webui.keyword.internal.WebUIKeywordMain.runKeyword(WebUIKeywordMain.groovy:26)
	at com.kms.katalon.core.webui.keyword.builtin.ClickKeyword.click(ClickKeyword.groovy:74)
	at com.kms.katalon.core.webui.keyword.builtin.ClickKeyword.execute(ClickKeyword.groovy:40)
	at com.kms.katalon.core.keyword.internal.KeywordExecutor.executeKeywordForPlatform(KeywordExecutor.groovy:74)
	at com.kms.katalon.core.webui.keyword.WebUiBuiltInKeywords.click(WebUiBuiltInKeywords.groovy:620)
	at com.kms.katalon.core.webui.keyword.WebUiBuiltInKeywords$click$1.call(Unknown Source)
	at 1. Mask Done.run(1. Mask Done:26)
	at com.kms.katalon.core.main.ScriptEngine.run(ScriptEngine.java:194)
	at com.kms.katalon.core.main.ScriptEngine.runScriptAsRawText(ScriptEngine.java:119)
	at com.kms.katalon.core.main.TestCaseExecutor.runScript(TestCaseExecutor.java:442)
	at com.kms.katalon.core.main.TestCaseExecutor.doExecute(TestCaseExecutor.java:433)
	at com.kms.katalon.core.main.TestCaseExecutor.processExecutionPhase(TestCaseExecutor.java:412)
	at com.kms.katalon.core.main.TestCaseExecutor.accessMainPhase(TestCaseExecutor.java:404)
	at com.kms.katalon.core.main.TestCaseExecutor.execute(TestCaseExecutor.java:281)
	at com.kms.katalon.core.main.TestSuiteExecutor.accessTestCaseMainPhase(TestSuiteExecutor.java:202)
	at com.kms.katalon.core.main.TestSuiteExecutor.accessTestSuiteMainPhase(TestSuiteExecutor.java:164)
	at com.kms.katalon.core.main.TestSuiteExecutor.execute(TestSuiteExecutor.java:105)
	at com.kms.katalon.core.main.TestCaseMain.startTestSuite(TestCaseMain.java:181)
	at com.kms.katalon.core.main.TestCaseMain$startTestSuite$0.call(Unknown Source)
	at TempTestSuite1642307295030.run(TempTestSuite1642307295030.groovy:36)
Caused by: org.openqa.selenium.ElementClickInterceptedException: element click intercepted: Element <button class="btn btn-outline-secondary" data-action="toggle-manual-completion" id="yui_3_17_2_1_1642308382910_39">...</button> is not clickable at point (353, 350). Other element would receive the click: <div class="yui3-widget-mask" style="position: fixed; width: 100%; height: 100%; top: 0px; left: 0px; z-index: 1041;"></div>
  (Session info: MicrosoftEdge=97.0.1072.62)
Build info: version: '3.141.59', revision: 'e82be7d358', time: '2018-11-14T08:25:53'
System info: host: 'LAPTOP-O4I5TINJ', ip: '192.168.11.1', os.name: 'Windows 10', os.arch: 'amd64', os.version: '10.0', java.version: '1.8.0_282'
Driver info: com.kms.katalon.selenium.driver.CEdgeDriver
Capabilities {acceptInsecureCerts: false, browserName: msedge, browserVersion: 97.0.1072.62, javascriptEnabled: true, ms:edgeOptions: {debuggerAddress: localhost:60010}, msedge: {msedgedriverVersion: 97.0.1072.55 (ce3bf33648805..., userDataDir: C:\Users\ASUS\AppData\Local...}, networkConnectionEnabled: false, pageLoadStrategy: normal, platform: WINDOWS, platformName: WINDOWS, proxy: Proxy(), setWindowRect: true, strictFileInteractability: false, timeouts: {implicit: 0, pageLoad: 300000, script: 30000}, unhandledPromptBehavior: dismiss and notify, webauthn:extension:credBlob: true, webauthn:extension:largeBlob: true, webauthn:virtualAuthenticators: true}
Session ID: 8d068f4037f5608558727d6bd9d4bfaa
	at org.openqa.selenium.remote.http.W3CHttpResponseCodec.createException(W3CHttpResponseCodec.java:187)
	at org.openqa.selenium.remote.http.W3CHttpResponseCodec.decode(W3CHttpResponseCodec.java:122)
	at org.openqa.selenium.remote.http.W3CHttpResponseCodec.decode(W3CHttpResponseCodec.java:49)
	at org.openqa.selenium.remote.HttpCommandExecutor.execute(HttpCommandExecutor.java:158)
	at org.openqa.selenium.remote.service.DriverCommandExecutor.execute(DriverCommandExecutor.java:83)
	at org.openqa.selenium.remote.RemoteWebDriver.execute(RemoteWebDriver.java:552)
	at com.kms.katalon.selenium.driver.CEdgeDriver.execute(CEdgeDriver.java:20)
	at org.openqa.selenium.remote.RemoteWebElement.execute(RemoteWebElement.java:285)
	at org.openqa.selenium.remote.RemoteWebElement.click(RemoteWebElement.java:84)
	at org.openqa.selenium.support.events.EventFiringWebDriver$EventFiringWebElement.lambda$new$0(EventFiringWebDriver.java:404)
	at com.sun.proxy.$Proxy11.click(Unknown Source)
	at org.openqa.selenium.support.events.EventFiringWebDriver$EventFiringWebElement.click(EventFiringWebDriver.java:417)
	at org.openqa.selenium.WebElement$click.call(Unknown Source)
	at com.kms.katalon.core.webui.keyword.builtin.ClickKeyword.clickUntilSuccessWithTimeout(ClickKeyword.groovy:81)
	at com.kms.katalon.core.webui.keyword.builtin.ClickKeyword.clickUntilSuccessWithTimeout(ClickKeyword.groovy)
	at com.kms.katalon.core.webui.keyword.builtin.ClickKeyword$_click_closure1.doCall(ClickKeyword.groovy:67)
	at com.kms.katalon.core.webui.keyword.builtin.ClickKeyword$_click_closure1.call(ClickKeyword.groovy)
	at com.kms.katalon.core.webui.keyword.internal.WebUIKeywordMain.runKeyword(WebUIKeywordMain.groovy:20)
	... 19 more]]></system-err>
      </testcase>
      <testcase name="Test Cases/Student/5. Submit/2. Submit empty text" time="107.636" classname="Test Cases/Student/5. Submit/2. Submit empty text" status="PASSED">
         <system-out><![CDATA[2022-01-16 11:47:27 - [TEST_CASE][PASSED] - Test Cases/Student/5. Submit/2. Submit empty text: Test Cases/Student/5. Submit/2. Submit empty text

2022-01-16 11:47:27 - [TEST_STEP][PASSED] - callTestCase(findTestCase("Student/2. Login as student"), [:], STOP_ON_FAILURE): Call Test Case 'Test Cases/Student/2. Login as student' successfully

2022-01-16 11:47:27 - [TEST_CASE][PASSED] - Test Cases/Student/2. Login as student: Test Cases/Student/2. Login as student

2022-01-16 11:47:27 - [TEST_STEP][PASSED] - openBrowser(""): Browser is opened with url: ''

2022-01-16 11:47:27 - [MESSAGE][WARNING] - A browser is already opened. Closing browser and opening a new one

2022-01-16 11:47:28 - [MESSAGE][INFO] - Starting 'Edge Chromium' driver

2022-01-16 11:47:30 - [MESSAGE][INFO] - Action delay is set to 0 milliseconds

2022-01-16 11:47:31 - [MESSAGE][PASSED] - Browser is opened with url: ''

2022-01-16 11:47:31 - [TEST_STEP][PASSED] - navigateToUrl("http://localhost/"): Navigate to 'http://localhost/' successfully

2022-01-16 11:47:32 - [MESSAGE][PASSED] - Navigate to 'http://localhost/' successfully

2022-01-16 11:47:32 - [TEST_STEP][PASSED] - click(findTestObject("Object Repository/Page_Automation Testing Site/a_Log in")): Object: 'Object Repository/Page_Automation Testing Site/a_Log in' is clicked on

2022-01-16 11:47:33 - [MESSAGE][PASSED] - Object: 'Object Repository/Page_Automation Testing Site/a_Log in' is clicked on

2022-01-16 11:47:33 - [TEST_STEP][PASSED] - setText(findTestObject("Object Repository/Page_Automation Testing Site Log in to the site/input_Username_username"), "student"): Text 'student' is set on object 'Object Repository/Page_Automation Testing Site Log in to the site/input_Username_username'

2022-01-16 11:47:34 - [MESSAGE][PASSED] - Text 'student' is set on object 'Object Repository/Page_Automation Testing Site Log in to the site/input_Username_username'

2022-01-16 11:47:34 - [TEST_STEP][PASSED] - setEncryptedText(findTestObject("Object Repository/Page_Automation Testing Site Log in to the site/input_Password_password"), "cnpXG5HhkrZpEXzNIGBMZQ=="): Text ****** has been set on object 'Object Repository/Page_Automation Testing Site Log in to the site/input_Password_password'

2022-01-16 11:47:34 - [MESSAGE][PASSED] - Text ****** has been set on object 'Object Repository/Page_Automation Testing Site Log in to the site/input_Password_password'

2022-01-16 11:47:34 - [TEST_STEP][PASSED] - click(findTestObject("Object Repository/Page_Automation Testing Site Log in to the site/button_Log in")): Object: 'Object Repository/Page_Automation Testing Site Log in to the site/button_Log in' is clicked on

2022-01-16 11:47:35 - [MESSAGE][PASSED] - Object: 'Object Repository/Page_Automation Testing Site Log in to the site/button_Log in' is clicked on

2022-01-16 11:47:35 - [TEST_STEP][PASSED] - click(findTestObject("Object Repository/Page_Dashboard/span_Site home")): Object: 'Object Repository/Page_Dashboard/span_Site home' is clicked on

2022-01-16 11:48:06 - [MESSAGE][INFO] - Unable to find the element located by 'By.xpath: '. Please recheck the objects properties to make sure the desired element is located. 

2022-01-16 11:48:06 - [MESSAGE][WARNING] - [SELF-HEALING] Failed to find element with id 'Object Repository/Page_Dashboard/span_Site home'. Try using Self-healing.

2022-01-16 11:48:07 - [MESSAGE][WARNING] - [SELF-HEALING] The current locator of test object 'Object Repository/Page_Dashboard/span_Site home' was broken. Propose an alternative one: '//div[@id='nav-drawer']/nav/ul/li[2]/a/div/div/span[2]'.

2022-01-16 11:48:07 - [MESSAGE][PASSED] - Object: 'Object Repository/Page_Dashboard/span_Site home' is clicked on

2022-01-16 11:48:07 - [TEST_STEP][PASSED] - click(findTestObject("Object Repository/Page_Automation Testing Site/a_CNTN")): Object: 'Object Repository/Page_Automation Testing Site/a_CNTN' is clicked on

2022-01-16 11:48:08 - [MESSAGE][PASSED] - Object: 'Object Repository/Page_Automation Testing Site/a_CNTN' is clicked on

2022-01-16 11:48:08 - [MESSAGE][INFO] - 

2022-01-16 11:48:08 - [MESSAGE][INFO] - ===================== Self-healing Report ====================

2022-01-16 11:48:08 - [MESSAGE][INFO] - One of the failed test object locators has been recovered by Self-healing. Please refer to the Self-healing Insights tab for more details.

2022-01-16 11:48:08 - [MESSAGE][INFO] - To learn more about Self-healing, please read https://docs.katalon.com/katalon-studio/docs/self-healing.html

2022-01-16 11:48:08 - [MESSAGE][INFO] - ==============================================================

2022-01-16 11:48:08 - [MESSAGE][PASSED] - Call Test Case 'Test Cases/Student/2. Login as student' successfully

2022-01-16 11:48:08 - [TEST_STEP][PASSED] - click(findTestObject("Object Repository/Page_Course CNTN/span_assignment test")): Object: 'Object Repository/Page_Course CNTN/span_assignment test' is clicked on

2022-01-16 11:48:39 - [MESSAGE][INFO] - Unable to find the element located by 'By.xpath: //li[@id='module-13']/div/div/div[2]/div/a/span'. Please recheck the objects properties to make sure the desired element is located. 

2022-01-16 11:48:39 - [MESSAGE][WARNING] - [SELF-HEALING] Failed to find element with id 'Object Repository/Page_Course CNTN/span_assignment test'. Try using Self-healing.

2022-01-16 11:48:39 - [MESSAGE][WARNING] - [SELF-HEALING] The current locator of test object 'Object Repository/Page_Course CNTN/span_assignment test' was broken. Propose an alternative one: '(.//*[normalize-space(text()) and normalize-space(.)='Forum'])[1]/following::span[1]'.

2022-01-16 11:48:40 - [MESSAGE][PASSED] - Object: 'Object Repository/Page_Course CNTN/span_assignment test' is clicked on

2022-01-16 11:48:40 - [TEST_STEP][PASSED] - click(findTestObject("Object Repository/Page_cntn assignment test/button_Add submission")): Object: 'Object Repository/Page_cntn assignment test/button_Add submission' is clicked on

2022-01-16 11:49:11 - [MESSAGE][INFO] - Unable to find the element located by 'By.xpath: //button[@id='single_button61e0d28ae8c4015']'. Please recheck the objects properties to make sure the desired element is located. 

2022-01-16 11:49:11 - [MESSAGE][WARNING] - [SELF-HEALING] Failed to find element with id 'Object Repository/Page_cntn assignment test/button_Add submission'. Try using Self-healing.

2022-01-16 11:49:11 - [MESSAGE][WARNING] - [SELF-HEALING] The current locator of test object 'Object Repository/Page_cntn assignment test/button_Add submission' was broken. Propose an alternative one: '//form/button'.

2022-01-16 11:49:12 - [MESSAGE][PASSED] - Object: 'Object Repository/Page_cntn assignment test/button_Add submission' is clicked on

2022-01-16 11:49:12 - [TEST_STEP][PASSED] - click(findTestObject("Object Repository/Page_cntn assignment test - Edit submission/input_Online text_submitbutton")): Object: 'Object Repository/Page_cntn assignment test - Edit submission/input_Online text_submitbutton' is clicked on

2022-01-16 11:49:13 - [MESSAGE][PASSED] - Object: 'Object Repository/Page_cntn assignment test - Edit submission/input_Online text_submitbutton' is clicked on

2022-01-16 11:49:13 - [TEST_STEP][PASSED] - verifyElementPresent(findTestObject("Object Repository/Page_cntn assignment test - Edit submission/div_Nothing was submitted"), 0): Object 'Object Repository/Page_cntn assignment test - Edit submission/div_Nothing was submitted' is present

2022-01-16 11:49:13 - [MESSAGE][WARNING] - Timeout '0' is invalid. Using default page load timeout: '30'

2022-01-16 11:49:14 - [MESSAGE][PASSED] - Object 'Object Repository/Page_cntn assignment test - Edit submission/div_Nothing was submitted' is present

2022-01-16 11:49:14 - [TEST_STEP][PASSED] - closeBrowser(): Browser is closed

2022-01-16 11:49:15 - [MESSAGE][PASSED] - Browser is closed]]></system-out>
         <system-err><![CDATA[]]></system-err>
      </testcase>
      <testcase name="Test Cases/Student/5. Submit/3. Submit" time="109.887" classname="Test Cases/Student/5. Submit/3. Submit" status="PASSED">
         <system-out><![CDATA[2022-01-16 11:49:15 - [TEST_CASE][PASSED] - Test Cases/Student/5. Submit/3. Submit: Test Cases/Student/5. Submit/3. Submit

2022-01-16 11:49:15 - [TEST_STEP][PASSED] - callTestCase(findTestCase("Student/2. Login as student"), [:], STOP_ON_FAILURE): Call Test Case 'Test Cases/Student/2. Login as student' successfully

2022-01-16 11:49:15 - [TEST_CASE][PASSED] - Test Cases/Student/2. Login as student: Test Cases/Student/2. Login as student

2022-01-16 11:49:15 - [TEST_STEP][PASSED] - openBrowser(""): Browser is opened with url: ''

2022-01-16 11:49:15 - [MESSAGE][INFO] - Starting 'Edge Chromium' driver

2022-01-16 11:49:17 - [MESSAGE][INFO] - Action delay is set to 0 milliseconds

2022-01-16 11:49:18 - [MESSAGE][PASSED] - Browser is opened with url: ''

2022-01-16 11:49:18 - [TEST_STEP][PASSED] - navigateToUrl("http://localhost/"): Navigate to 'http://localhost/' successfully

2022-01-16 11:49:19 - [MESSAGE][PASSED] - Navigate to 'http://localhost/' successfully

2022-01-16 11:49:19 - [TEST_STEP][PASSED] - click(findTestObject("Object Repository/Page_Automation Testing Site/a_Log in")): Object: 'Object Repository/Page_Automation Testing Site/a_Log in' is clicked on

2022-01-16 11:49:19 - [MESSAGE][PASSED] - Object: 'Object Repository/Page_Automation Testing Site/a_Log in' is clicked on

2022-01-16 11:49:19 - [TEST_STEP][PASSED] - setText(findTestObject("Object Repository/Page_Automation Testing Site Log in to the site/input_Username_username"), "student"): Text 'student' is set on object 'Object Repository/Page_Automation Testing Site Log in to the site/input_Username_username'

2022-01-16 11:49:20 - [MESSAGE][PASSED] - Text 'student' is set on object 'Object Repository/Page_Automation Testing Site Log in to the site/input_Username_username'

2022-01-16 11:49:20 - [TEST_STEP][PASSED] - setEncryptedText(findTestObject("Object Repository/Page_Automation Testing Site Log in to the site/input_Password_password"), "cnpXG5HhkrZpEXzNIGBMZQ=="): Text ****** has been set on object 'Object Repository/Page_Automation Testing Site Log in to the site/input_Password_password'

2022-01-16 11:49:21 - [MESSAGE][PASSED] - Text ****** has been set on object 'Object Repository/Page_Automation Testing Site Log in to the site/input_Password_password'

2022-01-16 11:49:21 - [TEST_STEP][PASSED] - click(findTestObject("Object Repository/Page_Automation Testing Site Log in to the site/button_Log in")): Object: 'Object Repository/Page_Automation Testing Site Log in to the site/button_Log in' is clicked on

2022-01-16 11:49:22 - [MESSAGE][PASSED] - Object: 'Object Repository/Page_Automation Testing Site Log in to the site/button_Log in' is clicked on

2022-01-16 11:49:22 - [TEST_STEP][PASSED] - click(findTestObject("Object Repository/Page_Dashboard/span_Site home")): Object: 'Object Repository/Page_Dashboard/span_Site home' is clicked on

2022-01-16 11:49:53 - [MESSAGE][INFO] - Unable to find the element located by 'By.xpath: '. Please recheck the objects properties to make sure the desired element is located. 

2022-01-16 11:49:53 - [MESSAGE][WARNING] - [SELF-HEALING] Failed to find element with id 'Object Repository/Page_Dashboard/span_Site home'. Try using Self-healing.

2022-01-16 11:49:53 - [MESSAGE][WARNING] - [SELF-HEALING] The current locator of test object 'Object Repository/Page_Dashboard/span_Site home' was broken. Propose an alternative one: '//div[@id='nav-drawer']/nav/ul/li[2]/a/div/div/span[2]'.

2022-01-16 11:49:54 - [MESSAGE][PASSED] - Object: 'Object Repository/Page_Dashboard/span_Site home' is clicked on

2022-01-16 11:49:54 - [TEST_STEP][PASSED] - click(findTestObject("Object Repository/Page_Automation Testing Site/a_CNTN")): Object: 'Object Repository/Page_Automation Testing Site/a_CNTN' is clicked on

2022-01-16 11:49:54 - [MESSAGE][PASSED] - Object: 'Object Repository/Page_Automation Testing Site/a_CNTN' is clicked on

2022-01-16 11:49:54 - [MESSAGE][INFO] - 

2022-01-16 11:49:54 - [MESSAGE][INFO] - ===================== Self-healing Report ====================

2022-01-16 11:49:54 - [MESSAGE][INFO] - One of the failed test object locators has been recovered by Self-healing. Please refer to the Self-healing Insights tab for more details.

2022-01-16 11:49:54 - [MESSAGE][INFO] - To learn more about Self-healing, please read https://docs.katalon.com/katalon-studio/docs/self-healing.html

2022-01-16 11:49:54 - [MESSAGE][INFO] - ==============================================================

2022-01-16 11:49:54 - [MESSAGE][PASSED] - Call Test Case 'Test Cases/Student/2. Login as student' successfully

2022-01-16 11:49:54 - [TEST_STEP][PASSED] - click(findTestObject("Object Repository/Page_Course CNTN/span_assignment test")): Object: 'Object Repository/Page_Course CNTN/span_assignment test' is clicked on

2022-01-16 11:50:26 - [MESSAGE][INFO] - Unable to find the element located by 'By.xpath: //li[@id='module-13']/div/div/div[2]/div/a/span'. Please recheck the objects properties to make sure the desired element is located. 

2022-01-16 11:50:26 - [MESSAGE][WARNING] - [SELF-HEALING] Failed to find element with id 'Object Repository/Page_Course CNTN/span_assignment test'. Try using Self-healing.

2022-01-16 11:50:26 - [MESSAGE][WARNING] - [SELF-HEALING] The current locator of test object 'Object Repository/Page_Course CNTN/span_assignment test' was broken. Propose an alternative one: '(.//*[normalize-space(text()) and normalize-space(.)='Forum'])[1]/following::span[1]'.

2022-01-16 11:50:26 - [MESSAGE][PASSED] - Object: 'Object Repository/Page_Course CNTN/span_assignment test' is clicked on

2022-01-16 11:50:26 - [TEST_STEP][PASSED] - click(findTestObject("Object Repository/Page_cntn assignment test/button_Add submission")): Object: 'Object Repository/Page_cntn assignment test/button_Add submission' is clicked on

2022-01-16 11:50:58 - [MESSAGE][INFO] - Unable to find the element located by 'By.xpath: //button[@id='single_button61e0d28ae8c4015']'. Please recheck the objects properties to make sure the desired element is located. 

2022-01-16 11:50:58 - [MESSAGE][WARNING] - [SELF-HEALING] Failed to find element with id 'Object Repository/Page_cntn assignment test/button_Add submission'. Try using Self-healing.

2022-01-16 11:50:58 - [MESSAGE][WARNING] - [SELF-HEALING] The current locator of test object 'Object Repository/Page_cntn assignment test/button_Add submission' was broken. Propose an alternative one: '//form/button'.

2022-01-16 11:50:59 - [MESSAGE][PASSED] - Object: 'Object Repository/Page_cntn assignment test/button_Add submission' is clicked on

2022-01-16 11:50:59 - [TEST_STEP][PASSED] - setText(findTestObject("Object Repository/Page_cntn assignment test - Edit submission/div_Online text_id_onlinetext_editoreditable"), "<p dir="ltr" style="text-align: left;"><ul id="yui_3_17_2_1_1642123027625_540"><li id="yui_3_17_2_1_1642123027625_539"><br id="yui_3_17_2_1_1642123027625_541"></li></ul></p>"): Text '<p dir="ltr" style="text-align: left;"><ul id="yui_3_17_2_1_1642123027625_540"><li id="yui_3_17_2_1_1642123027625_539"><br id="yui_3_17_2_1_1642123027625_541"></li></ul></p>' is set on object 'Object Repository/Page_cntn assignment test - Edit submission/div_Online text_id_onlinetext_editoreditable'

2022-01-16 11:51:00 - [MESSAGE][PASSED] - Text '<p dir="ltr" style="text-align: left;"><ul id="yui_3_17_2_1_1642123027625_540"><li id="yui_3_17_2_1_1642123027625_539"><br id="yui_3_17_2_1_1642123027625_541"></li></ul></p>' is set on object 'Object Repository/Page_cntn assignment test - Edit submission/div_Online text_id_onlinetext_editoreditable'

2022-01-16 11:51:00 - [TEST_STEP][PASSED] - click(findTestObject("Object Repository/Page_cntn assignment test - Edit submission/input_Draft saved_submitbutton")): Object: 'Object Repository/Page_cntn assignment test - Edit submission/input_Draft saved_submitbutton' is clicked on

2022-01-16 11:51:04 - [MESSAGE][PASSED] - Object: 'Object Repository/Page_cntn assignment test - Edit submission/input_Draft saved_submitbutton' is clicked on

2022-01-16 11:51:04 - [TEST_STEP][PASSED] - closeBrowser(): Browser is closed

2022-01-16 11:51:05 - [MESSAGE][PASSED] - Browser is closed]]></system-out>
         <system-err><![CDATA[]]></system-err>
      </testcase>
      <testcase name="Test Cases/Student/5. Submit/4. Remove submittion" time="137.204" classname="Test Cases/Student/5. Submit/4. Remove submittion" status="PASSED">
         <system-out><![CDATA[2022-01-16 11:51:05 - [TEST_CASE][PASSED] - Test Cases/Student/5. Submit/4. Remove submittion: Test Cases/Student/5. Submit/4. Remove submittion

2022-01-16 11:51:05 - [TEST_STEP][PASSED] - callTestCase(findTestCase("Student/2. Login as student"), [:], STOP_ON_FAILURE): Call Test Case 'Test Cases/Student/2. Login as student' successfully

2022-01-16 11:51:05 - [TEST_CASE][PASSED] - Test Cases/Student/2. Login as student: Test Cases/Student/2. Login as student

2022-01-16 11:51:05 - [TEST_STEP][PASSED] - openBrowser(""): Browser is opened with url: ''

2022-01-16 11:51:05 - [MESSAGE][INFO] - Starting 'Edge Chromium' driver

2022-01-16 11:51:07 - [MESSAGE][INFO] - Action delay is set to 0 milliseconds

2022-01-16 11:51:08 - [MESSAGE][PASSED] - Browser is opened with url: ''

2022-01-16 11:51:08 - [TEST_STEP][PASSED] - navigateToUrl("http://localhost/"): Navigate to 'http://localhost/' successfully

2022-01-16 11:51:09 - [MESSAGE][PASSED] - Navigate to 'http://localhost/' successfully

2022-01-16 11:51:09 - [TEST_STEP][PASSED] - click(findTestObject("Object Repository/Page_Automation Testing Site/a_Log in")): Object: 'Object Repository/Page_Automation Testing Site/a_Log in' is clicked on

2022-01-16 11:51:09 - [MESSAGE][PASSED] - Object: 'Object Repository/Page_Automation Testing Site/a_Log in' is clicked on

2022-01-16 11:51:09 - [TEST_STEP][PASSED] - setText(findTestObject("Object Repository/Page_Automation Testing Site Log in to the site/input_Username_username"), "student"): Text 'student' is set on object 'Object Repository/Page_Automation Testing Site Log in to the site/input_Username_username'

2022-01-16 11:51:10 - [MESSAGE][PASSED] - Text 'student' is set on object 'Object Repository/Page_Automation Testing Site Log in to the site/input_Username_username'

2022-01-16 11:51:10 - [TEST_STEP][PASSED] - setEncryptedText(findTestObject("Object Repository/Page_Automation Testing Site Log in to the site/input_Password_password"), "cnpXG5HhkrZpEXzNIGBMZQ=="): Text ****** has been set on object 'Object Repository/Page_Automation Testing Site Log in to the site/input_Password_password'

2022-01-16 11:51:11 - [MESSAGE][PASSED] - Text ****** has been set on object 'Object Repository/Page_Automation Testing Site Log in to the site/input_Password_password'

2022-01-16 11:51:11 - [TEST_STEP][PASSED] - click(findTestObject("Object Repository/Page_Automation Testing Site Log in to the site/button_Log in")): Object: 'Object Repository/Page_Automation Testing Site Log in to the site/button_Log in' is clicked on

2022-01-16 11:51:12 - [MESSAGE][PASSED] - Object: 'Object Repository/Page_Automation Testing Site Log in to the site/button_Log in' is clicked on

2022-01-16 11:51:12 - [TEST_STEP][PASSED] - click(findTestObject("Object Repository/Page_Dashboard/span_Site home")): Object: 'Object Repository/Page_Dashboard/span_Site home' is clicked on

2022-01-16 11:51:43 - [MESSAGE][INFO] - Unable to find the element located by 'By.xpath: '. Please recheck the objects properties to make sure the desired element is located. 

2022-01-16 11:51:43 - [MESSAGE][WARNING] - [SELF-HEALING] Failed to find element with id 'Object Repository/Page_Dashboard/span_Site home'. Try using Self-healing.

2022-01-16 11:51:43 - [MESSAGE][WARNING] - [SELF-HEALING] The current locator of test object 'Object Repository/Page_Dashboard/span_Site home' was broken. Propose an alternative one: '//div[@id='nav-drawer']/nav/ul/li[2]/a/div/div/span[2]'.

2022-01-16 11:51:44 - [MESSAGE][PASSED] - Object: 'Object Repository/Page_Dashboard/span_Site home' is clicked on

2022-01-16 11:51:44 - [TEST_STEP][PASSED] - click(findTestObject("Object Repository/Page_Automation Testing Site/a_CNTN")): Object: 'Object Repository/Page_Automation Testing Site/a_CNTN' is clicked on

2022-01-16 11:51:44 - [MESSAGE][PASSED] - Object: 'Object Repository/Page_Automation Testing Site/a_CNTN' is clicked on

2022-01-16 11:51:44 - [MESSAGE][INFO] - 

2022-01-16 11:51:44 - [MESSAGE][INFO] - ===================== Self-healing Report ====================

2022-01-16 11:51:44 - [MESSAGE][INFO] - One of the failed test object locators has been recovered by Self-healing. Please refer to the Self-healing Insights tab for more details.

2022-01-16 11:51:44 - [MESSAGE][INFO] - To learn more about Self-healing, please read https://docs.katalon.com/katalon-studio/docs/self-healing.html

2022-01-16 11:51:44 - [MESSAGE][INFO] - ==============================================================

2022-01-16 11:51:44 - [MESSAGE][PASSED] - Call Test Case 'Test Cases/Student/2. Login as student' successfully

2022-01-16 11:51:44 - [TEST_STEP][PASSED] - click(findTestObject("Object Repository/Page_Course CNTN/span_assignment test")): Object: 'Object Repository/Page_Course CNTN/span_assignment test' is clicked on

2022-01-16 11:52:16 - [MESSAGE][INFO] - Unable to find the element located by 'By.xpath: //li[@id='module-13']/div/div/div[2]/div/a/span'. Please recheck the objects properties to make sure the desired element is located. 

2022-01-16 11:52:16 - [MESSAGE][WARNING] - [SELF-HEALING] Failed to find element with id 'Object Repository/Page_Course CNTN/span_assignment test'. Try using Self-healing.

2022-01-16 11:52:16 - [MESSAGE][WARNING] - [SELF-HEALING] The current locator of test object 'Object Repository/Page_Course CNTN/span_assignment test' was broken. Propose an alternative one: '(.//*[normalize-space(text()) and normalize-space(.)='Forum'])[1]/following::span[1]'.

2022-01-16 11:52:16 - [MESSAGE][PASSED] - Object: 'Object Repository/Page_Course CNTN/span_assignment test' is clicked on

2022-01-16 11:52:16 - [TEST_STEP][PASSED] - click(findTestObject("Object Repository/Page_cntn assignment test/button_Remove submission")): Object: 'Object Repository/Page_cntn assignment test/button_Remove submission' is clicked on

2022-01-16 11:52:48 - [MESSAGE][INFO] - Unable to find the element located by 'By.xpath: //button[@id='single_button61e0d0d10be4a18']'. Please recheck the objects properties to make sure the desired element is located. 

2022-01-16 11:52:48 - [MESSAGE][WARNING] - [SELF-HEALING] Failed to find element with id 'Object Repository/Page_cntn assignment test/button_Remove submission'. Try using Self-healing.

2022-01-16 11:52:48 - [MESSAGE][WARNING] - [SELF-HEALING] The current locator of test object 'Object Repository/Page_cntn assignment test/button_Remove submission' was broken. Propose an alternative one: '//section[@id='region-main']/div/div[3]/div[2]/div[2]/form/button'.

2022-01-16 11:52:48 - [MESSAGE][PASSED] - Object: 'Object Repository/Page_cntn assignment test/button_Remove submission' is clicked on

2022-01-16 11:52:48 - [TEST_STEP][PASSED] - click(findTestObject("Object Repository/Page_cntn assignment test/button_Continue")): Object: 'Object Repository/Page_cntn assignment test/button_Continue' is clicked on

2022-01-16 11:53:19 - [MESSAGE][INFO] - Unable to find the element located by 'By.xpath: //button[@id='single_button61e0d0d82a84914']'. Please recheck the objects properties to make sure the desired element is located. 

2022-01-16 11:53:19 - [MESSAGE][WARNING] - [SELF-HEALING] Failed to find element with id 'Object Repository/Page_cntn assignment test/button_Continue'. Try using Self-healing.

2022-01-16 11:53:20 - [MESSAGE][WARNING] - [SELF-HEALING] The current locator of test object 'Object Repository/Page_cntn assignment test/button_Continue' was broken. Propose an alternative one: '//div[@id='modal-footer']/div/div/form/button'.

2022-01-16 11:53:20 - [MESSAGE][PASSED] - Object: 'Object Repository/Page_cntn assignment test/button_Continue' is clicked on

2022-01-16 11:53:20 - [TEST_STEP][PASSED] - verifyElementText(findTestObject("Object Repository/Page_cntn assignment test/td_-"), "-"): Actual text and expected text of test object 'Object Repository/Page_cntn assignment test/td_-' are matched.

2022-01-16 11:53:21 - [MESSAGE][PASSED] - Actual text and expected text of test object 'Object Repository/Page_cntn assignment test/td_-' are matched.

2022-01-16 11:53:21 - [TEST_STEP][PASSED] - closeBrowser(): Browser is closed

2022-01-16 11:53:22 - [MESSAGE][PASSED] - Browser is closed]]></system-out>
         <system-err><![CDATA[]]></system-err>
      </testcase>
      <testcase name="Test Cases/Student/6. Grade/1. Give grade" time="353.533" classname="Test Cases/Student/6. Grade/1. Give grade" status="FAILED">
         <failure type="FAILED" message="Test Cases/Student/6. Grade/1. Give grade FAILED.
Reason:
com.kms.katalon.core.exception.StepFailedException: Unable to click on object 'Object Repository/Page_Course CNTN/span_Grades'
	at com.kms.katalon.core.webui.keyword.internal.WebUIKeywordMain.stepFailed(WebUIKeywordMain.groovy:64)
	at com.kms.katalon.core.webui.keyword.internal.WebUIKeywordMain.runKeyword(WebUIKeywordMain.groovy:26)
	at com.kms.katalon.core.webui.keyword.builtin.ClickKeyword.click(ClickKeyword.groovy:74)
	at com.kms.katalon.core.webui.keyword.builtin.ClickKeyword.execute(ClickKeyword.groovy:40)
	at com.kms.katalon.core.keyword.internal.KeywordExecutor.executeKeywordForPlatform(KeywordExecutor.groovy:74)
	at com.kms.katalon.core.webui.keyword.WebUiBuiltInKeywords.click(WebUiBuiltInKeywords.groovy:620)
	at com.kms.katalon.core.webui.keyword.WebUiBuiltInKeywords$click$1.call(Unknown Source)
	at 1. Give grade.run(1. Give grade:64)
	at com.kms.katalon.core.main.ScriptEngine.run(ScriptEngine.java:194)
	at com.kms.katalon.core.main.ScriptEngine.runScriptAsRawText(ScriptEngine.java:119)
	at com.kms.katalon.core.main.TestCaseExecutor.runScript(TestCaseExecutor.java:442)
	at com.kms.katalon.core.main.TestCaseExecutor.doExecute(TestCaseExecutor.java:433)
	at com.kms.katalon.core.main.TestCaseExecutor.processExecutionPhase(TestCaseExecutor.java:412)
	at com.kms.katalon.core.main.TestCaseExecutor.accessMainPhase(TestCaseExecutor.java:404)
	at com.kms.katalon.core.main.TestCaseExecutor.execute(TestCaseExecutor.java:281)
	at com.kms.katalon.core.main.TestSuiteExecutor.accessTestCaseMainPhase(TestSuiteExecutor.java:202)
	at com.kms.katalon.core.main.TestSuiteExecutor.accessTestSuiteMainPhase(TestSuiteExecutor.java:164)
	at com.kms.katalon.core.main.TestSuiteExecutor.execute(TestSuiteExecutor.java:105)
	at com.kms.katalon.core.main.TestCaseMain.startTestSuite(TestCaseMain.java:181)
	at com.kms.katalon.core.main.TestCaseMain$startTestSuite$0.call(Unknown Source)
	at TempTestSuite1642307295030.run(TempTestSuite1642307295030.groovy:36)
Caused by: org.openqa.selenium.NoSuchSessionException: Session ID is null. Using WebDriver after calling quit()?
Build info: version: '3.141.59', revision: 'e82be7d358', time: '2018-11-14T08:25:53'
System info: host: 'LAPTOP-O4I5TINJ', ip: '192.168.11.1', os.name: 'Windows 10', os.arch: 'amd64', os.version: '10.0', java.version: '1.8.0_282'
Driver info: driver.version: RemoteWebDriver
	at org.openqa.selenium.remote.HttpCommandExecutor.execute(HttpCommandExecutor.java:125)
	at org.openqa.selenium.remote.service.DriverCommandExecutor.execute(DriverCommandExecutor.java:83)
	at org.openqa.selenium.remote.RemoteWebDriver.execute(RemoteWebDriver.java:552)
	at com.kms.katalon.selenium.driver.CEdgeDriver.execute(CEdgeDriver.java:20)
	at org.openqa.selenium.remote.RemoteWebDriver.findElements(RemoteWebDriver.java:353)
	at org.openqa.selenium.remote.RemoteWebDriver.findElementsByXPath(RemoteWebDriver.java:432)
	at org.openqa.selenium.By$ByXPath.findElements(By.java:348)
	at org.openqa.selenium.remote.RemoteWebDriver.findElements(RemoteWebDriver.java:311)
	at com.kms.katalon.core.webui.common.WebUiCommonHelper.findElementByNormalMethods(WebUiCommonHelper.java:1014)
	at com.kms.katalon.core.webui.common.WebUiCommonHelper.findElementsBySelectedMethod(WebUiCommonHelper.java:909)
	at com.kms.katalon.core.webui.common.WebUiCommonHelper.findElementsBySelectedMethod(WebUiCommonHelper.java:892)
	at com.kms.katalon.core.webui.common.WebUiCommonHelper.findElementsBySelectedMethod(WebUiCommonHelper.java:887)
	at com.kms.katalon.core.webui.common.WebUiCommonHelper.findElementsByDefault(WebUiCommonHelper.java:883)
	at com.kms.katalon.core.webui.common.WebUiCommonHelper.findElementsWithSelfHealing(WebUiCommonHelper.java:733)
	at com.kms.katalon.core.webui.common.WebUiCommonHelper.findWebElements(WebUiCommonHelper.java:718)
	at com.kms.katalon.core.webui.common.WebUiCommonHelper.findWebElement(WebUiCommonHelper.java:1363)
	at com.kms.katalon.core.webui.keyword.internal.WebUIAbstractKeyword.findWebElement(WebUIAbstractKeyword.groovy:27)
	at com.kms.katalon.core.webui.keyword.builtin.ClickKeyword$_click_closure1.doCall(ClickKeyword.groovy:65)
	at com.kms.katalon.core.webui.keyword.builtin.ClickKeyword$_click_closure1.call(ClickKeyword.groovy)
	at com.kms.katalon.core.webui.keyword.internal.WebUIKeywordMain.runKeyword(WebUIKeywordMain.groovy:20)
	... 19 more
"/>
         <system-out><![CDATA[2022-01-16 11:53:22 - [TEST_CASE][FAILED] - Test Cases/Student/6. Grade/1. Give grade: Test Cases/Student/6. Grade/1. Give grade FAILED.
Reason:
com.kms.katalon.core.exception.StepFailedException: Unable to click on object 'Object Repository/Page_Course CNTN/span_Grades'
	at com.kms.katalon.core.webui.keyword.internal.WebUIKeywordMain.stepFailed(WebUIKeywordMain.groovy:64)
	at com.kms.katalon.core.webui.keyword.internal.WebUIKeywordMain.runKeyword(WebUIKeywordMain.groovy:26)
	at com.kms.katalon.core.webui.keyword.builtin.ClickKeyword.click(ClickKeyword.groovy:74)
	at com.kms.katalon.core.webui.keyword.builtin.ClickKeyword.execute(ClickKeyword.groovy:40)
	at com.kms.katalon.core.keyword.internal.KeywordExecutor.executeKeywordForPlatform(KeywordExecutor.groovy:74)
	at com.kms.katalon.core.webui.keyword.WebUiBuiltInKeywords.click(WebUiBuiltInKeywords.groovy:620)
	at com.kms.katalon.core.webui.keyword.WebUiBuiltInKeywords$click$1.call(Unknown Source)
	at 1. Give grade.run(1. Give grade:64)
	at com.kms.katalon.core.main.ScriptEngine.run(ScriptEngine.java:194)
	at com.kms.katalon.core.main.ScriptEngine.runScriptAsRawText(ScriptEngine.java:119)
	at com.kms.katalon.core.main.TestCaseExecutor.runScript(TestCaseExecutor.java:442)
	at com.kms.katalon.core.main.TestCaseExecutor.doExecute(TestCaseExecutor.java:433)
	at com.kms.katalon.core.main.TestCaseExecutor.processExecutionPhase(TestCaseExecutor.java:412)
	at com.kms.katalon.core.main.TestCaseExecutor.accessMainPhase(TestCaseExecutor.java:404)
	at com.kms.katalon.core.main.TestCaseExecutor.execute(TestCaseExecutor.java:281)
	at com.kms.katalon.core.main.TestSuiteExecutor.accessTestCaseMainPhase(TestSuiteExecutor.java:202)
	at com.kms.katalon.core.main.TestSuiteExecutor.accessTestSuiteMainPhase(TestSuiteExecutor.java:164)
	at com.kms.katalon.core.main.TestSuiteExecutor.execute(TestSuiteExecutor.java:105)
	at com.kms.katalon.core.main.TestCaseMain.startTestSuite(TestCaseMain.java:181)
	at com.kms.katalon.core.main.TestCaseMain$startTestSuite$0.call(Unknown Source)
	at TempTestSuite1642307295030.run(TempTestSuite1642307295030.groovy:36)
Caused by: org.openqa.selenium.NoSuchSessionException: Session ID is null. Using WebDriver after calling quit()?
Build info: version: '3.141.59', revision: 'e82be7d358', time: '2018-11-14T08:25:53'
System info: host: 'LAPTOP-O4I5TINJ', ip: '192.168.11.1', os.name: 'Windows 10', os.arch: 'amd64', os.version: '10.0', java.version: '1.8.0_282'
Driver info: driver.version: RemoteWebDriver
	at org.openqa.selenium.remote.HttpCommandExecutor.execute(HttpCommandExecutor.java:125)
	at org.openqa.selenium.remote.service.DriverCommandExecutor.execute(DriverCommandExecutor.java:83)
	at org.openqa.selenium.remote.RemoteWebDriver.execute(RemoteWebDriver.java:552)
	at com.kms.katalon.selenium.driver.CEdgeDriver.execute(CEdgeDriver.java:20)
	at org.openqa.selenium.remote.RemoteWebDriver.findElements(RemoteWebDriver.java:353)
	at org.openqa.selenium.remote.RemoteWebDriver.findElementsByXPath(RemoteWebDriver.java:432)
	at org.openqa.selenium.By$ByXPath.findElements(By.java:348)
	at org.openqa.selenium.remote.RemoteWebDriver.findElements(RemoteWebDriver.java:311)
	at com.kms.katalon.core.webui.common.WebUiCommonHelper.findElementByNormalMethods(WebUiCommonHelper.java:1014)
	at com.kms.katalon.core.webui.common.WebUiCommonHelper.findElementsBySelectedMethod(WebUiCommonHelper.java:909)
	at com.kms.katalon.core.webui.common.WebUiCommonHelper.findElementsBySelectedMethod(WebUiCommonHelper.java:892)
	at com.kms.katalon.core.webui.common.WebUiCommonHelper.findElementsBySelectedMethod(WebUiCommonHelper.java:887)
	at com.kms.katalon.core.webui.common.WebUiCommonHelper.findElementsByDefault(WebUiCommonHelper.java:883)
	at com.kms.katalon.core.webui.common.WebUiCommonHelper.findElementsWithSelfHealing(WebUiCommonHelper.java:733)
	at com.kms.katalon.core.webui.common.WebUiCommonHelper.findWebElements(WebUiCommonHelper.java:718)
	at com.kms.katalon.core.webui.common.WebUiCommonHelper.findWebElement(WebUiCommonHelper.java:1363)
	at com.kms.katalon.core.webui.keyword.internal.WebUIAbstractKeyword.findWebElement(WebUIAbstractKeyword.groovy:27)
	at com.kms.katalon.core.webui.keyword.builtin.ClickKeyword$_click_closure1.doCall(ClickKeyword.groovy:65)
	at com.kms.katalon.core.webui.keyword.builtin.ClickKeyword$_click_closure1.call(ClickKeyword.groovy)
	at com.kms.katalon.core.webui.keyword.internal.WebUIKeywordMain.runKeyword(WebUIKeywordMain.groovy:20)
	... 19 more


2022-01-16 11:53:22 - [TEST_STEP][PASSED] - callTestCase(findTestCase("Student/5. Submit/3. Submit"), [:], STOP_ON_FAILURE): Call Test Case 'Test Cases/Student/5. Submit/3. Submit' successfully

2022-01-16 11:53:22 - [TEST_CASE][PASSED] - Test Cases/Student/5. Submit/3. Submit: Test Cases/Student/5. Submit/3. Submit

2022-01-16 11:53:22 - [TEST_STEP][PASSED] - callTestCase(findTestCase("Student/2. Login as student"), [:], STOP_ON_FAILURE): Call Test Case 'Test Cases/Student/2. Login as student' successfully

2022-01-16 11:53:22 - [TEST_CASE][PASSED] - Test Cases/Student/2. Login as student: Test Cases/Student/2. Login as student

2022-01-16 11:53:22 - [TEST_STEP][PASSED] - openBrowser(""): Browser is opened with url: ''

2022-01-16 11:53:22 - [MESSAGE][INFO] - Starting 'Edge Chromium' driver

2022-01-16 11:53:24 - [MESSAGE][INFO] - Action delay is set to 0 milliseconds

2022-01-16 11:53:25 - [MESSAGE][PASSED] - Browser is opened with url: ''

2022-01-16 11:53:25 - [TEST_STEP][PASSED] - navigateToUrl("http://localhost/"): Navigate to 'http://localhost/' successfully

2022-01-16 11:53:26 - [MESSAGE][PASSED] - Navigate to 'http://localhost/' successfully

2022-01-16 11:53:26 - [TEST_STEP][PASSED] - click(findTestObject("Object Repository/Page_Automation Testing Site/a_Log in")): Object: 'Object Repository/Page_Automation Testing Site/a_Log in' is clicked on

2022-01-16 11:53:26 - [MESSAGE][PASSED] - Object: 'Object Repository/Page_Automation Testing Site/a_Log in' is clicked on

2022-01-16 11:53:26 - [TEST_STEP][PASSED] - setText(findTestObject("Object Repository/Page_Automation Testing Site Log in to the site/input_Username_username"), "student"): Text 'student' is set on object 'Object Repository/Page_Automation Testing Site Log in to the site/input_Username_username'

2022-01-16 11:53:27 - [MESSAGE][PASSED] - Text 'student' is set on object 'Object Repository/Page_Automation Testing Site Log in to the site/input_Username_username'

2022-01-16 11:53:27 - [TEST_STEP][PASSED] - setEncryptedText(findTestObject("Object Repository/Page_Automation Testing Site Log in to the site/input_Password_password"), "cnpXG5HhkrZpEXzNIGBMZQ=="): Text ****** has been set on object 'Object Repository/Page_Automation Testing Site Log in to the site/input_Password_password'

2022-01-16 11:53:28 - [MESSAGE][PASSED] - Text ****** has been set on object 'Object Repository/Page_Automation Testing Site Log in to the site/input_Password_password'

2022-01-16 11:53:28 - [TEST_STEP][PASSED] - click(findTestObject("Object Repository/Page_Automation Testing Site Log in to the site/button_Log in")): Object: 'Object Repository/Page_Automation Testing Site Log in to the site/button_Log in' is clicked on

2022-01-16 11:53:29 - [MESSAGE][PASSED] - Object: 'Object Repository/Page_Automation Testing Site Log in to the site/button_Log in' is clicked on

2022-01-16 11:53:29 - [TEST_STEP][PASSED] - click(findTestObject("Object Repository/Page_Dashboard/span_Site home")): Object: 'Object Repository/Page_Dashboard/span_Site home' is clicked on

2022-01-16 11:54:00 - [MESSAGE][INFO] - Unable to find the element located by 'By.xpath: '. Please recheck the objects properties to make sure the desired element is located. 

2022-01-16 11:54:00 - [MESSAGE][WARNING] - [SELF-HEALING] Failed to find element with id 'Object Repository/Page_Dashboard/span_Site home'. Try using Self-healing.

2022-01-16 11:54:00 - [MESSAGE][WARNING] - [SELF-HEALING] The current locator of test object 'Object Repository/Page_Dashboard/span_Site home' was broken. Propose an alternative one: '//div[@id='nav-drawer']/nav/ul/li[2]/a/div/div/span[2]'.

2022-01-16 11:54:01 - [MESSAGE][PASSED] - Object: 'Object Repository/Page_Dashboard/span_Site home' is clicked on

2022-01-16 11:54:01 - [TEST_STEP][PASSED] - click(findTestObject("Object Repository/Page_Automation Testing Site/a_CNTN")): Object: 'Object Repository/Page_Automation Testing Site/a_CNTN' is clicked on

2022-01-16 11:54:01 - [MESSAGE][PASSED] - Object: 'Object Repository/Page_Automation Testing Site/a_CNTN' is clicked on

2022-01-16 11:54:01 - [MESSAGE][INFO] - 

2022-01-16 11:54:01 - [MESSAGE][INFO] - ===================== Self-healing Report ====================

2022-01-16 11:54:01 - [MESSAGE][INFO] - One of the failed test object locators has been recovered by Self-healing. Please refer to the Self-healing Insights tab for more details.

2022-01-16 11:54:01 - [MESSAGE][INFO] - To learn more about Self-healing, please read https://docs.katalon.com/katalon-studio/docs/self-healing.html

2022-01-16 11:54:01 - [MESSAGE][INFO] - ==============================================================

2022-01-16 11:54:01 - [MESSAGE][PASSED] - Call Test Case 'Test Cases/Student/2. Login as student' successfully

2022-01-16 11:54:01 - [TEST_STEP][PASSED] - click(findTestObject("Object Repository/Page_Course CNTN/span_assignment test")): Object: 'Object Repository/Page_Course CNTN/span_assignment test' is clicked on

2022-01-16 11:54:33 - [MESSAGE][INFO] - Unable to find the element located by 'By.xpath: //li[@id='module-13']/div/div/div[2]/div/a/span'. Please recheck the objects properties to make sure the desired element is located. 

2022-01-16 11:54:33 - [MESSAGE][WARNING] - [SELF-HEALING] Failed to find element with id 'Object Repository/Page_Course CNTN/span_assignment test'. Try using Self-healing.

2022-01-16 11:54:33 - [MESSAGE][WARNING] - [SELF-HEALING] The current locator of test object 'Object Repository/Page_Course CNTN/span_assignment test' was broken. Propose an alternative one: '(.//*[normalize-space(text()) and normalize-space(.)='Forum'])[1]/following::span[1]'.

2022-01-16 11:54:33 - [MESSAGE][PASSED] - Object: 'Object Repository/Page_Course CNTN/span_assignment test' is clicked on

2022-01-16 11:54:33 - [TEST_STEP][PASSED] - click(findTestObject("Object Repository/Page_cntn assignment test/button_Add submission")): Object: 'Object Repository/Page_cntn assignment test/button_Add submission' is clicked on

2022-01-16 11:55:05 - [MESSAGE][INFO] - Unable to find the element located by 'By.xpath: //button[@id='single_button61e0d28ae8c4015']'. Please recheck the objects properties to make sure the desired element is located. 

2022-01-16 11:55:05 - [MESSAGE][WARNING] - [SELF-HEALING] Failed to find element with id 'Object Repository/Page_cntn assignment test/button_Add submission'. Try using Self-healing.

2022-01-16 11:55:05 - [MESSAGE][WARNING] - [SELF-HEALING] The current locator of test object 'Object Repository/Page_cntn assignment test/button_Add submission' was broken. Propose an alternative one: '//form/button'.

2022-01-16 11:55:06 - [MESSAGE][PASSED] - Object: 'Object Repository/Page_cntn assignment test/button_Add submission' is clicked on

2022-01-16 11:55:06 - [TEST_STEP][PASSED] - setText(findTestObject("Object Repository/Page_cntn assignment test - Edit submission/div_Online text_id_onlinetext_editoreditable"), "<p dir="ltr" style="text-align: left;"><ul id="yui_3_17_2_1_1642123027625_540"><li id="yui_3_17_2_1_1642123027625_539"><br id="yui_3_17_2_1_1642123027625_541"></li></ul></p>"): Text '<p dir="ltr" style="text-align: left;"><ul id="yui_3_17_2_1_1642123027625_540"><li id="yui_3_17_2_1_1642123027625_539"><br id="yui_3_17_2_1_1642123027625_541"></li></ul></p>' is set on object 'Object Repository/Page_cntn assignment test - Edit submission/div_Online text_id_onlinetext_editoreditable'

2022-01-16 11:55:07 - [MESSAGE][PASSED] - Text '<p dir="ltr" style="text-align: left;"><ul id="yui_3_17_2_1_1642123027625_540"><li id="yui_3_17_2_1_1642123027625_539"><br id="yui_3_17_2_1_1642123027625_541"></li></ul></p>' is set on object 'Object Repository/Page_cntn assignment test - Edit submission/div_Online text_id_onlinetext_editoreditable'

2022-01-16 11:55:07 - [TEST_STEP][PASSED] - click(findTestObject("Object Repository/Page_cntn assignment test - Edit submission/input_Draft saved_submitbutton")): Object: 'Object Repository/Page_cntn assignment test - Edit submission/input_Draft saved_submitbutton' is clicked on

2022-01-16 11:55:11 - [MESSAGE][PASSED] - Object: 'Object Repository/Page_cntn assignment test - Edit submission/input_Draft saved_submitbutton' is clicked on

2022-01-16 11:55:11 - [TEST_STEP][PASSED] - closeBrowser(): Browser is closed

2022-01-16 11:55:11 - [MESSAGE][PASSED] - Browser is closed

2022-01-16 11:55:11 - [MESSAGE][INFO] - 

2022-01-16 11:55:11 - [MESSAGE][INFO] - ===================== Self-healing Report ====================

2022-01-16 11:55:11 - [MESSAGE][INFO] - One of the failed test object locators has been recovered by Self-healing. Please refer to the Self-healing Insights tab for more details.

2022-01-16 11:55:11 - [MESSAGE][INFO] - To learn more about Self-healing, please read https://docs.katalon.com/katalon-studio/docs/self-healing.html

2022-01-16 11:55:11 - [MESSAGE][INFO] - ==============================================================

2022-01-16 11:55:11 - [MESSAGE][PASSED] - Call Test Case 'Test Cases/Student/5. Submit/3. Submit' successfully

2022-01-16 11:55:11 - [TEST_STEP][PASSED] - closeBrowser(): Browser is closed

2022-01-16 11:55:11 - [MESSAGE][PASSED] - Browser is closed

2022-01-16 11:55:11 - [TEST_STEP][PASSED] - openBrowser(""): Browser is opened with url: ''

2022-01-16 11:55:11 - [MESSAGE][INFO] - Starting 'Edge Chromium' driver

2022-01-16 11:55:14 - [MESSAGE][INFO] - Action delay is set to 0 milliseconds

2022-01-16 11:55:15 - [MESSAGE][PASSED] - Browser is opened with url: ''

2022-01-16 11:55:15 - [TEST_STEP][PASSED] - navigateToUrl("http://localhost/"): Navigate to 'http://localhost/' successfully

2022-01-16 11:55:15 - [MESSAGE][PASSED] - Navigate to 'http://localhost/' successfully

2022-01-16 11:55:15 - [TEST_STEP][PASSED] - click(findTestObject("Object Repository/Page_Automation Testing Site/a_Log in")): Object: 'Object Repository/Page_Automation Testing Site/a_Log in' is clicked on

2022-01-16 11:55:16 - [MESSAGE][PASSED] - Object: 'Object Repository/Page_Automation Testing Site/a_Log in' is clicked on

2022-01-16 11:55:16 - [TEST_STEP][PASSED] - setText(findTestObject("Object Repository/Page_Automation Testing Site Log in to the site/input_Username_username"), "admin"): Text 'admin' is set on object 'Object Repository/Page_Automation Testing Site Log in to the site/input_Username_username'

2022-01-16 11:55:17 - [MESSAGE][PASSED] - Text 'admin' is set on object 'Object Repository/Page_Automation Testing Site Log in to the site/input_Username_username'

2022-01-16 11:55:17 - [TEST_STEP][PASSED] - setEncryptedText(findTestObject("Object Repository/Page_Automation Testing Site Log in to the site/input_Password_password"), "cnpXG5HhkrZpEXzNIGBMZQ=="): Text ****** has been set on object 'Object Repository/Page_Automation Testing Site Log in to the site/input_Password_password'

2022-01-16 11:55:17 - [MESSAGE][PASSED] - Text ****** has been set on object 'Object Repository/Page_Automation Testing Site Log in to the site/input_Password_password'

2022-01-16 11:55:17 - [TEST_STEP][PASSED] - click(findTestObject("Object Repository/Page_Automation Testing Site Log in to the site/button_Log in")): Object: 'Object Repository/Page_Automation Testing Site Log in to the site/button_Log in' is clicked on

2022-01-16 11:55:19 - [MESSAGE][PASSED] - Object: 'Object Repository/Page_Automation Testing Site Log in to the site/button_Log in' is clicked on

2022-01-16 11:55:19 - [TEST_STEP][PASSED] - click(findTestObject("Object Repository/Page_Dashboard/span_Site home")): Object: 'Object Repository/Page_Dashboard/span_Site home' is clicked on

2022-01-16 11:55:50 - [MESSAGE][INFO] - Unable to find the element located by 'By.xpath: '. Please recheck the objects properties to make sure the desired element is located. 

2022-01-16 11:55:50 - [MESSAGE][WARNING] - [SELF-HEALING] Failed to find element with id 'Object Repository/Page_Dashboard/span_Site home'. Try using Self-healing.

2022-01-16 11:55:50 - [MESSAGE][WARNING] - [SELF-HEALING] The current locator of test object 'Object Repository/Page_Dashboard/span_Site home' was broken. Propose an alternative one: '//div[@id='nav-drawer']/nav/ul/li[2]/a/div/div/span[2]'.

2022-01-16 11:55:51 - [MESSAGE][PASSED] - Object: 'Object Repository/Page_Dashboard/span_Site home' is clicked on

2022-01-16 11:55:51 - [TEST_STEP][PASSED] - click(findTestObject("Object Repository/Page_Automation Testing Site/a_CNTN")): Object: 'Object Repository/Page_Automation Testing Site/a_CNTN' is clicked on

2022-01-16 11:55:51 - [MESSAGE][PASSED] - Object: 'Object Repository/Page_Automation Testing Site/a_CNTN' is clicked on

2022-01-16 11:55:51 - [TEST_STEP][PASSED] - click(findTestObject("Object Repository/Page_Course CNTN/span_assignment test")): Object: 'Object Repository/Page_Course CNTN/span_assignment test' is clicked on

2022-01-16 11:56:23 - [MESSAGE][INFO] - Unable to find the element located by 'By.xpath: //li[@id='module-13']/div/div/div[2]/div/a/span'. Please recheck the objects properties to make sure the desired element is located. 

2022-01-16 11:56:23 - [MESSAGE][WARNING] - [SELF-HEALING] Failed to find element with id 'Object Repository/Page_Course CNTN/span_assignment test'. Try using Self-healing.

2022-01-16 11:56:23 - [MESSAGE][WARNING] - [SELF-HEALING] The current locator of test object 'Object Repository/Page_Course CNTN/span_assignment test' was broken. Propose an alternative one: '(.//*[normalize-space(text()) and normalize-space(.)='Forum'])[1]/following::span[1]'.

2022-01-16 11:56:23 - [MESSAGE][PASSED] - Object: 'Object Repository/Page_Course CNTN/span_assignment test' is clicked on

2022-01-16 11:56:23 - [TEST_STEP][PASSED] - click(findTestObject("Object Repository/Page_cntn assignment test/a_Grade")): Object: 'Object Repository/Page_cntn assignment test/a_Grade' is clicked on

2022-01-16 11:56:24 - [MESSAGE][PASSED] - Object: 'Object Repository/Page_cntn assignment test/a_Grade' is clicked on

2022-01-16 11:56:24 - [TEST_STEP][PASSED] - setText(findTestObject("Object Repository/Page_cntn assignment test - Grading/input_Grade out of 100_grade"), "90"): Text '90' is set on object 'Object Repository/Page_cntn assignment test - Grading/input_Grade out of 100_grade'

2022-01-16 11:56:27 - [MESSAGE][PASSED] - Text '90' is set on object 'Object Repository/Page_cntn assignment test - Grading/input_Grade out of 100_grade'

2022-01-16 11:56:27 - [TEST_STEP][PASSED] - click(findTestObject("Object Repository/Page_cntn assignment test - Grading/button_Save changes")): Object: 'Object Repository/Page_cntn assignment test - Grading/button_Save changes' is clicked on

2022-01-16 11:56:58 - [MESSAGE][INFO] - Unable to find the element located by 'By.xpath: //button[@id='yui_3_17_2_1_1642124150222_570']'. Please recheck the objects properties to make sure the desired element is located. 

2022-01-16 11:56:58 - [MESSAGE][WARNING] - [SELF-HEALING] Failed to find element with id 'Object Repository/Page_cntn assignment test - Grading/button_Save changes'. Try using Self-healing.

2022-01-16 11:56:58 - [MESSAGE][WARNING] - [SELF-HEALING] The current locator of test object 'Object Repository/Page_cntn assignment test - Grading/button_Save changes' was broken. Propose an alternative one: '(.//*[normalize-space(text()) and normalize-space(.)='Notify student'])[1]/following::button[1]'.

2022-01-16 11:56:58 - [MESSAGE][PASSED] - Object: 'Object Repository/Page_cntn assignment test - Grading/button_Save changes' is clicked on

2022-01-16 11:56:58 - [TEST_STEP][PASSED] - verifyElementText(findTestObject("Object Repository/Page_cntn assignment test - Grading/a_90.00"), "90.00"): Actual text and expected text of test object 'Object Repository/Page_cntn assignment test - Grading/a_90.00' are matched.

2022-01-16 11:57:30 - [MESSAGE][INFO] - Unable to find the element located by 'By.xpath: //a[@id='action_link61e0d388954b916']'. Please recheck the objects properties to make sure the desired element is located. 

2022-01-16 11:57:30 - [MESSAGE][WARNING] - [SELF-HEALING] Failed to find element with id 'Object Repository/Page_cntn assignment test - Grading/a_90.00'. Try using Self-healing.

2022-01-16 11:57:30 - [MESSAGE][WARNING] - [SELF-HEALING] The current locator of test object 'Object Repository/Page_cntn assignment test - Grading/a_90.00' was broken. Propose an alternative one: '//a[contains(text(),'90.00')]'.

2022-01-16 11:57:30 - [MESSAGE][PASSED] - Actual text and expected text of test object 'Object Repository/Page_cntn assignment test - Grading/a_90.00' are matched.

2022-01-16 11:57:30 - [TEST_STEP][PASSED] - closeBrowser(): Browser is closed

2022-01-16 11:57:31 - [MESSAGE][PASSED] - Browser is closed

2022-01-16 11:57:31 - [TEST_STEP][PASSED] - callTestCase(findTestCase("Student/2. Login as student"), [:], STOP_ON_FAILURE): Call Test Case 'Test Cases/Student/2. Login as student' successfully

2022-01-16 11:57:31 - [TEST_CASE][PASSED] - Test Cases/Student/2. Login as student: Test Cases/Student/2. Login as student

2022-01-16 11:57:31 - [TEST_STEP][PASSED] - openBrowser(""): Browser is opened with url: ''

2022-01-16 11:57:31 - [MESSAGE][INFO] - Starting 'Edge Chromium' driver

2022-01-16 11:57:33 - [MESSAGE][INFO] - Action delay is set to 0 milliseconds

2022-01-16 11:57:34 - [MESSAGE][PASSED] - Browser is opened with url: ''

2022-01-16 11:57:34 - [TEST_STEP][PASSED] - navigateToUrl("http://localhost/"): Navigate to 'http://localhost/' successfully

2022-01-16 11:57:35 - [MESSAGE][PASSED] - Navigate to 'http://localhost/' successfully

2022-01-16 11:57:35 - [TEST_STEP][PASSED] - click(findTestObject("Object Repository/Page_Automation Testing Site/a_Log in")): Object: 'Object Repository/Page_Automation Testing Site/a_Log in' is clicked on

2022-01-16 11:57:35 - [MESSAGE][PASSED] - Object: 'Object Repository/Page_Automation Testing Site/a_Log in' is clicked on

2022-01-16 11:57:35 - [TEST_STEP][PASSED] - setText(findTestObject("Object Repository/Page_Automation Testing Site Log in to the site/input_Username_username"), "student"): Text 'student' is set on object 'Object Repository/Page_Automation Testing Site Log in to the site/input_Username_username'

2022-01-16 11:57:36 - [MESSAGE][PASSED] - Text 'student' is set on object 'Object Repository/Page_Automation Testing Site Log in to the site/input_Username_username'

2022-01-16 11:57:36 - [TEST_STEP][PASSED] - setEncryptedText(findTestObject("Object Repository/Page_Automation Testing Site Log in to the site/input_Password_password"), "cnpXG5HhkrZpEXzNIGBMZQ=="): Text ****** has been set on object 'Object Repository/Page_Automation Testing Site Log in to the site/input_Password_password'

2022-01-16 11:57:37 - [MESSAGE][PASSED] - Text ****** has been set on object 'Object Repository/Page_Automation Testing Site Log in to the site/input_Password_password'

2022-01-16 11:57:37 - [TEST_STEP][PASSED] - click(findTestObject("Object Repository/Page_Automation Testing Site Log in to the site/button_Log in")): Object: 'Object Repository/Page_Automation Testing Site Log in to the site/button_Log in' is clicked on

2022-01-16 11:57:38 - [MESSAGE][PASSED] - Object: 'Object Repository/Page_Automation Testing Site Log in to the site/button_Log in' is clicked on

2022-01-16 11:57:38 - [TEST_STEP][PASSED] - click(findTestObject("Object Repository/Page_Dashboard/span_Site home")): Object: 'Object Repository/Page_Dashboard/span_Site home' is clicked on

2022-01-16 11:58:09 - [MESSAGE][INFO] - Unable to find the element located by 'By.xpath: '. Please recheck the objects properties to make sure the desired element is located. 

2022-01-16 11:58:09 - [MESSAGE][WARNING] - [SELF-HEALING] Failed to find element with id 'Object Repository/Page_Dashboard/span_Site home'. Try using Self-healing.

2022-01-16 11:58:09 - [MESSAGE][WARNING] - [SELF-HEALING] The current locator of test object 'Object Repository/Page_Dashboard/span_Site home' was broken. Propose an alternative one: '//div[@id='nav-drawer']/nav/ul/li[2]/a/div/div/span[2]'.

2022-01-16 11:58:10 - [MESSAGE][PASSED] - Object: 'Object Repository/Page_Dashboard/span_Site home' is clicked on

2022-01-16 11:58:10 - [TEST_STEP][PASSED] - click(findTestObject("Object Repository/Page_Automation Testing Site/a_CNTN")): Object: 'Object Repository/Page_Automation Testing Site/a_CNTN' is clicked on

2022-01-16 11:58:10 - [MESSAGE][PASSED] - Object: 'Object Repository/Page_Automation Testing Site/a_CNTN' is clicked on

2022-01-16 11:58:10 - [MESSAGE][INFO] - 

2022-01-16 11:58:10 - [MESSAGE][INFO] - ===================== Self-healing Report ====================

2022-01-16 11:58:10 - [MESSAGE][INFO] - One of the failed test object locators has been recovered by Self-healing. Please refer to the Self-healing Insights tab for more details.

2022-01-16 11:58:10 - [MESSAGE][INFO] - To learn more about Self-healing, please read https://docs.katalon.com/katalon-studio/docs/self-healing.html

2022-01-16 11:58:10 - [MESSAGE][INFO] - ==============================================================

2022-01-16 11:58:10 - [MESSAGE][PASSED] - Call Test Case 'Test Cases/Student/2. Login as student' successfully

2022-01-16 11:58:10 - [TEST_STEP][PASSED] - click(findTestObject("Object Repository/Page_Course CNTN/span_Grades")): Object: 'Object Repository/Page_Course CNTN/span_Grades' is clicked on

2022-01-16 11:58:11 - [MESSAGE][PASSED] - Object: 'Object Repository/Page_Course CNTN/span_Grades' is clicked on

2022-01-16 11:58:11 - [TEST_STEP][PASSED] - verifyElementText(findTestObject("Object Repository/Page_Grades View/a_assignment test"), "assignment test"): Actual text and expected text of test object 'Object Repository/Page_Grades View/a_assignment test' are matched.

2022-01-16 11:58:43 - [MESSAGE][INFO] - Unable to find the element located by 'By.xpath: //th[@id='row_10_4']/a'. Please recheck the objects properties to make sure the desired element is located. 

2022-01-16 11:58:43 - [MESSAGE][WARNING] - [SELF-HEALING] Failed to find element with id 'Object Repository/Page_Grades View/a_assignment test'. Try using Self-healing.

2022-01-16 11:58:43 - [MESSAGE][WARNING] - [SELF-HEALING] The current locator of test object 'Object Repository/Page_Grades View/a_assignment test' was broken. Propose an alternative one: '//a[contains(text(),'assignment test')]'.

2022-01-16 11:58:43 - [MESSAGE][PASSED] - Actual text and expected text of test object 'Object Repository/Page_Grades View/a_assignment test' are matched.

2022-01-16 11:58:43 - [TEST_STEP][PASSED] - verifyElementText(findTestObject("Object Repository/Page_Grades View/td_90.00"), "90.00"): Actual text and expected text of test object 'Object Repository/Page_Grades View/td_90.00' are matched.

2022-01-16 11:59:14 - [MESSAGE][INFO] - Unable to find the element located by 'By.xpath: //div[@id='yui_3_17_2_1_1642124699891_24']/table/tbody/tr[2]/td[2]'. Please recheck the objects properties to make sure the desired element is located. 

2022-01-16 11:59:14 - [MESSAGE][WARNING] - [SELF-HEALING] Failed to find element with id 'Object Repository/Page_Grades View/td_90.00'. Try using Self-healing.

2022-01-16 11:59:14 - [MESSAGE][WARNING] - [SELF-HEALING] The current locator of test object 'Object Repository/Page_Grades View/td_90.00' was broken. Propose an alternative one: '//*[(text() = '90.00' or . = '90.00')]'.

2022-01-16 11:59:14 - [MESSAGE][PASSED] - Actual text and expected text of test object 'Object Repository/Page_Grades View/td_90.00' are matched.

2022-01-16 11:59:14 - [TEST_STEP][PASSED] - closeBrowser(): Browser is closed

2022-01-16 11:59:15 - [MESSAGE][PASSED] - Browser is closed

2022-01-16 11:59:15 - [TEST_STEP][FAILED] - click(findTestObject("Object Repository/Page_Course CNTN/span_Grades")): Unable to click on object 'Object Repository/Page_Course CNTN/span_Grades' (Root cause: com.kms.katalon.core.exception.StepFailedException: Unable to click on object 'Object Repository/Page_Course CNTN/span_Grades'
	at com.kms.katalon.core.webui.keyword.internal.WebUIKeywordMain.stepFailed(WebUIKeywordMain.groovy:64)
	at com.kms.katalon.core.webui.keyword.internal.WebUIKeywordMain.runKeyword(WebUIKeywordMain.groovy:26)
	at com.kms.katalon.core.webui.keyword.builtin.ClickKeyword.click(ClickKeyword.groovy:74)
	at com.kms.katalon.core.webui.keyword.builtin.ClickKeyword.execute(ClickKeyword.groovy:40)
	at com.kms.katalon.core.keyword.internal.KeywordExecutor.executeKeywordForPlatform(KeywordExecutor.groovy:74)
	at com.kms.katalon.core.webui.keyword.WebUiBuiltInKeywords.click(WebUiBuiltInKeywords.groovy:620)
	at com.kms.katalon.core.webui.keyword.WebUiBuiltInKeywords$click$1.call(Unknown Source)
	at 1. Give grade.run(1. Give grade:64)
	at com.kms.katalon.core.main.ScriptEngine.run(ScriptEngine.java:194)
	at com.kms.katalon.core.main.ScriptEngine.runScriptAsRawText(ScriptEngine.java:119)
	at com.kms.katalon.core.main.TestCaseExecutor.runScript(TestCaseExecutor.java:442)
	at com.kms.katalon.core.main.TestCaseExecutor.doExecute(TestCaseExecutor.java:433)
	at com.kms.katalon.core.main.TestCaseExecutor.processExecutionPhase(TestCaseExecutor.java:412)
	at com.kms.katalon.core.main.TestCaseExecutor.accessMainPhase(TestCaseExecutor.java:404)
	at com.kms.katalon.core.main.TestCaseExecutor.execute(TestCaseExecutor.java:281)
	at com.kms.katalon.core.main.TestSuiteExecutor.accessTestCaseMainPhase(TestSuiteExecutor.java:202)
	at com.kms.katalon.core.main.TestSuiteExecutor.accessTestSuiteMainPhase(TestSuiteExecutor.java:164)
	at com.kms.katalon.core.main.TestSuiteExecutor.execute(TestSuiteExecutor.java:105)
	at com.kms.katalon.core.main.TestCaseMain.startTestSuite(TestCaseMain.java:181)
	at com.kms.katalon.core.main.TestCaseMain$startTestSuite$0.call(Unknown Source)
	at TempTestSuite1642307295030.run(TempTestSuite1642307295030.groovy:36)
Caused by: org.openqa.selenium.NoSuchSessionException: Session ID is null. Using WebDriver after calling quit()?
Build info: version: '3.141.59', revision: 'e82be7d358', time: '2018-11-14T08:25:53'
System info: host: 'LAPTOP-O4I5TINJ', ip: '192.168.11.1', os.name: 'Windows 10', os.arch: 'amd64', os.version: '10.0', java.version: '1.8.0_282'
Driver info: driver.version: RemoteWebDriver
	at org.openqa.selenium.remote.HttpCommandExecutor.execute(HttpCommandExecutor.java:125)
	at org.openqa.selenium.remote.service.DriverCommandExecutor.execute(DriverCommandExecutor.java:83)
	at org.openqa.selenium.remote.RemoteWebDriver.execute(RemoteWebDriver.java:552)
	at com.kms.katalon.selenium.driver.CEdgeDriver.execute(CEdgeDriver.java:20)
	at org.openqa.selenium.remote.RemoteWebDriver.findElements(RemoteWebDriver.java:353)
	at org.openqa.selenium.remote.RemoteWebDriver.findElementsByXPath(RemoteWebDriver.java:432)
	at org.openqa.selenium.By$ByXPath.findElements(By.java:348)
	at org.openqa.selenium.remote.RemoteWebDriver.findElements(RemoteWebDriver.java:311)
	at com.kms.katalon.core.webui.common.WebUiCommonHelper.findElementByNormalMethods(WebUiCommonHelper.java:1014)
	at com.kms.katalon.core.webui.common.WebUiCommonHelper.findElementsBySelectedMethod(WebUiCommonHelper.java:909)
	at com.kms.katalon.core.webui.common.WebUiCommonHelper.findElementsBySelectedMethod(WebUiCommonHelper.java:892)
	at com.kms.katalon.core.webui.common.WebUiCommonHelper.findElementsBySelectedMethod(WebUiCommonHelper.java:887)
	at com.kms.katalon.core.webui.common.WebUiCommonHelper.findElementsByDefault(WebUiCommonHelper.java:883)
	at com.kms.katalon.core.webui.common.WebUiCommonHelper.findElementsWithSelfHealing(WebUiCommonHelper.java:733)
	at com.kms.katalon.core.webui.common.WebUiCommonHelper.findWebElements(WebUiCommonHelper.java:718)
	at com.kms.katalon.core.webui.common.WebUiCommonHelper.findWebElement(WebUiCommonHelper.java:1363)
	at com.kms.katalon.core.webui.keyword.internal.WebUIAbstractKeyword.findWebElement(WebUIAbstractKeyword.groovy:27)
	at com.kms.katalon.core.webui.keyword.builtin.ClickKeyword$_click_closure1.doCall(ClickKeyword.groovy:65)
	at com.kms.katalon.core.webui.keyword.builtin.ClickKeyword$_click_closure1.call(ClickKeyword.groovy)
	at com.kms.katalon.core.webui.keyword.internal.WebUIKeywordMain.runKeyword(WebUIKeywordMain.groovy:20)
	at com.kms.katalon.core.webui.keyword.builtin.ClickKeyword.click(ClickKeyword.groovy:74)
	at com.kms.katalon.core.webui.keyword.builtin.ClickKeyword.execute(ClickKeyword.groovy:40)
	at com.kms.katalon.core.keyword.internal.KeywordExecutor.executeKeywordForPlatform(KeywordExecutor.groovy:74)
	at com.kms.katalon.core.webui.keyword.WebUiBuiltInKeywords.click(WebUiBuiltInKeywords.groovy:620)
	at com.kms.katalon.core.webui.keyword.WebUiBuiltInKeywords$click$1.call(Unknown Source)
	at Script1642125313964.run(Script1642125313964.groovy:64)
	... 13 more
)

2022-01-16 11:59:15 - [MESSAGE][WARNING] - [SELF-HEALING] Failed to find element with id 'Object Repository/Page_Course CNTN/span_Grades'. Try using Self-healing.

2022-01-16 11:59:15 - [MESSAGE][WARNING] - [SELF-HEALING] Session ID is null. Using WebDriver after calling quit()?
Build info: version: '3.141.59', revision: 'e82be7d358', time: '2018-11-14T08:25:53'
System info: host: 'LAPTOP-O4I5TINJ', ip: '192.168.11.1', os.name: 'Windows 10', os.arch: 'amd64', os.version: '10.0', java.version: '1.8.0_282'
Driver info: driver.version: RemoteWebDriver

2022-01-16 11:59:15 - [MESSAGE][WARNING] - [SELF-HEALING] Session ID is null. Using WebDriver after calling quit()?
Build info: version: '3.141.59', revision: 'e82be7d358', time: '2018-11-14T08:25:53'
System info: host: 'LAPTOP-O4I5TINJ', ip: '192.168.11.1', os.name: 'Windows 10', os.arch: 'amd64', os.version: '10.0', java.version: '1.8.0_282'
Driver info: driver.version: RemoteWebDriver

2022-01-16 11:59:15 - [MESSAGE][WARNING] - [SELF-HEALING] Session ID is null. Using WebDriver after calling quit()?
Build info: version: '3.141.59', revision: 'e82be7d358', time: '2018-11-14T08:25:53'
System info: host: 'LAPTOP-O4I5TINJ', ip: '192.168.11.1', os.name: 'Windows 10', os.arch: 'amd64', os.version: '10.0', java.version: '1.8.0_282'
Driver info: driver.version: RemoteWebDriver

2022-01-16 11:59:15 - [MESSAGE][WARNING] - Cannot take screenshot

2022-01-16 11:59:15 - [MESSAGE][FAILED] - Unable to click on object 'Object Repository/Page_Course CNTN/span_Grades' (Root cause: com.kms.katalon.core.exception.StepFailedException: Unable to click on object 'Object Repository/Page_Course CNTN/span_Grades'
	at com.kms.katalon.core.webui.keyword.internal.WebUIKeywordMain.stepFailed(WebUIKeywordMain.groovy:64)
	at com.kms.katalon.core.webui.keyword.internal.WebUIKeywordMain.runKeyword(WebUIKeywordMain.groovy:26)
	at com.kms.katalon.core.webui.keyword.builtin.ClickKeyword.click(ClickKeyword.groovy:74)
	at com.kms.katalon.core.webui.keyword.builtin.ClickKeyword.execute(ClickKeyword.groovy:40)
	at com.kms.katalon.core.keyword.internal.KeywordExecutor.executeKeywordForPlatform(KeywordExecutor.groovy:74)
	at com.kms.katalon.core.webui.keyword.WebUiBuiltInKeywords.click(WebUiBuiltInKeywords.groovy:620)
	at com.kms.katalon.core.webui.keyword.WebUiBuiltInKeywords$click$1.call(Unknown Source)
	at 1. Give grade.run(1. Give grade:64)
	at com.kms.katalon.core.main.ScriptEngine.run(ScriptEngine.java:194)
	at com.kms.katalon.core.main.ScriptEngine.runScriptAsRawText(ScriptEngine.java:119)
	at com.kms.katalon.core.main.TestCaseExecutor.runScript(TestCaseExecutor.java:442)
	at com.kms.katalon.core.main.TestCaseExecutor.doExecute(TestCaseExecutor.java:433)
	at com.kms.katalon.core.main.TestCaseExecutor.processExecutionPhase(TestCaseExecutor.java:412)
	at com.kms.katalon.core.main.TestCaseExecutor.accessMainPhase(TestCaseExecutor.java:404)
	at com.kms.katalon.core.main.TestCaseExecutor.execute(TestCaseExecutor.java:281)
	at com.kms.katalon.core.main.TestSuiteExecutor.accessTestCaseMainPhase(TestSuiteExecutor.java:202)
	at com.kms.katalon.core.main.TestSuiteExecutor.accessTestSuiteMainPhase(TestSuiteExecutor.java:164)
	at com.kms.katalon.core.main.TestSuiteExecutor.execute(TestSuiteExecutor.java:105)
	at com.kms.katalon.core.main.TestCaseMain.startTestSuite(TestCaseMain.java:181)
	at com.kms.katalon.core.main.TestCaseMain$startTestSuite$0.call(Unknown Source)
	at TempTestSuite1642307295030.run(TempTestSuite1642307295030.groovy:36)
Caused by: org.openqa.selenium.NoSuchSessionException: Session ID is null. Using WebDriver after calling quit()?
Build info: version: '3.141.59', revision: 'e82be7d358', time: '2018-11-14T08:25:53'
System info: host: 'LAPTOP-O4I5TINJ', ip: '192.168.11.1', os.name: 'Windows 10', os.arch: 'amd64', os.version: '10.0', java.version: '1.8.0_282'
Driver info: driver.version: RemoteWebDriver
	at org.openqa.selenium.remote.HttpCommandExecutor.execute(HttpCommandExecutor.java:125)
	at org.openqa.selenium.remote.service.DriverCommandExecutor.execute(DriverCommandExecutor.java:83)
	at org.openqa.selenium.remote.RemoteWebDriver.execute(RemoteWebDriver.java:552)
	at com.kms.katalon.selenium.driver.CEdgeDriver.execute(CEdgeDriver.java:20)
	at org.openqa.selenium.remote.RemoteWebDriver.findElements(RemoteWebDriver.java:353)
	at org.openqa.selenium.remote.RemoteWebDriver.findElementsByXPath(RemoteWebDriver.java:432)
	at org.openqa.selenium.By$ByXPath.findElements(By.java:348)
	at org.openqa.selenium.remote.RemoteWebDriver.findElements(RemoteWebDriver.java:311)
	at com.kms.katalon.core.webui.common.WebUiCommonHelper.findElementByNormalMethods(WebUiCommonHelper.java:1014)
	at com.kms.katalon.core.webui.common.WebUiCommonHelper.findElementsBySelectedMethod(WebUiCommonHelper.java:909)
	at com.kms.katalon.core.webui.common.WebUiCommonHelper.findElementsBySelectedMethod(WebUiCommonHelper.java:892)
	at com.kms.katalon.core.webui.common.WebUiCommonHelper.findElementsBySelectedMethod(WebUiCommonHelper.java:887)
	at com.kms.katalon.core.webui.common.WebUiCommonHelper.findElementsByDefault(WebUiCommonHelper.java:883)
	at com.kms.katalon.core.webui.common.WebUiCommonHelper.findElementsWithSelfHealing(WebUiCommonHelper.java:733)
	at com.kms.katalon.core.webui.common.WebUiCommonHelper.findWebElements(WebUiCommonHelper.java:718)
	at com.kms.katalon.core.webui.common.WebUiCommonHelper.findWebElement(WebUiCommonHelper.java:1363)
	at com.kms.katalon.core.webui.keyword.internal.WebUIAbstractKeyword.findWebElement(WebUIAbstractKeyword.groovy:27)
	at com.kms.katalon.core.webui.keyword.builtin.ClickKeyword$_click_closure1.doCall(ClickKeyword.groovy:65)
	at com.kms.katalon.core.webui.keyword.builtin.ClickKeyword$_click_closure1.call(ClickKeyword.groovy)
	at com.kms.katalon.core.webui.keyword.internal.WebUIKeywordMain.runKeyword(WebUIKeywordMain.groovy:20)
	at com.kms.katalon.core.webui.keyword.builtin.ClickKeyword.click(ClickKeyword.groovy:74)
	at com.kms.katalon.core.webui.keyword.builtin.ClickKeyword.execute(ClickKeyword.groovy:40)
	at com.kms.katalon.core.keyword.internal.KeywordExecutor.executeKeywordForPlatform(KeywordExecutor.groovy:74)
	at com.kms.katalon.core.webui.keyword.WebUiBuiltInKeywords.click(WebUiBuiltInKeywords.groovy:620)
	at com.kms.katalon.core.webui.keyword.WebUiBuiltInKeywords$click$1.call(Unknown Source)
	at Script1642125313964.run(Script1642125313964.groovy:64)
	... 13 more
)]]></system-out>
         <system-err><![CDATA[2022-01-16 11:53:22 - [TEST_CASE][FAILED] - Test Cases/Student/6. Grade/1. Give grade: Test Cases/Student/6. Grade/1. Give grade FAILED.
Reason:
com.kms.katalon.core.exception.StepFailedException: Unable to click on object 'Object Repository/Page_Course CNTN/span_Grades'
	at com.kms.katalon.core.webui.keyword.internal.WebUIKeywordMain.stepFailed(WebUIKeywordMain.groovy:64)
	at com.kms.katalon.core.webui.keyword.internal.WebUIKeywordMain.runKeyword(WebUIKeywordMain.groovy:26)
	at com.kms.katalon.core.webui.keyword.builtin.ClickKeyword.click(ClickKeyword.groovy:74)
	at com.kms.katalon.core.webui.keyword.builtin.ClickKeyword.execute(ClickKeyword.groovy:40)
	at com.kms.katalon.core.keyword.internal.KeywordExecutor.executeKeywordForPlatform(KeywordExecutor.groovy:74)
	at com.kms.katalon.core.webui.keyword.WebUiBuiltInKeywords.click(WebUiBuiltInKeywords.groovy:620)
	at com.kms.katalon.core.webui.keyword.WebUiBuiltInKeywords$click$1.call(Unknown Source)
	at 1. Give grade.run(1. Give grade:64)
	at com.kms.katalon.core.main.ScriptEngine.run(ScriptEngine.java:194)
	at com.kms.katalon.core.main.ScriptEngine.runScriptAsRawText(ScriptEngine.java:119)
	at com.kms.katalon.core.main.TestCaseExecutor.runScript(TestCaseExecutor.java:442)
	at com.kms.katalon.core.main.TestCaseExecutor.doExecute(TestCaseExecutor.java:433)
	at com.kms.katalon.core.main.TestCaseExecutor.processExecutionPhase(TestCaseExecutor.java:412)
	at com.kms.katalon.core.main.TestCaseExecutor.accessMainPhase(TestCaseExecutor.java:404)
	at com.kms.katalon.core.main.TestCaseExecutor.execute(TestCaseExecutor.java:281)
	at com.kms.katalon.core.main.TestSuiteExecutor.accessTestCaseMainPhase(TestSuiteExecutor.java:202)
	at com.kms.katalon.core.main.TestSuiteExecutor.accessTestSuiteMainPhase(TestSuiteExecutor.java:164)
	at com.kms.katalon.core.main.TestSuiteExecutor.execute(TestSuiteExecutor.java:105)
	at com.kms.katalon.core.main.TestCaseMain.startTestSuite(TestCaseMain.java:181)
	at com.kms.katalon.core.main.TestCaseMain$startTestSuite$0.call(Unknown Source)
	at TempTestSuite1642307295030.run(TempTestSuite1642307295030.groovy:36)
Caused by: org.openqa.selenium.NoSuchSessionException: Session ID is null. Using WebDriver after calling quit()?
Build info: version: '3.141.59', revision: 'e82be7d358', time: '2018-11-14T08:25:53'
System info: host: 'LAPTOP-O4I5TINJ', ip: '192.168.11.1', os.name: 'Windows 10', os.arch: 'amd64', os.version: '10.0', java.version: '1.8.0_282'
Driver info: driver.version: RemoteWebDriver
	at org.openqa.selenium.remote.HttpCommandExecutor.execute(HttpCommandExecutor.java:125)
	at org.openqa.selenium.remote.service.DriverCommandExecutor.execute(DriverCommandExecutor.java:83)
	at org.openqa.selenium.remote.RemoteWebDriver.execute(RemoteWebDriver.java:552)
	at com.kms.katalon.selenium.driver.CEdgeDriver.execute(CEdgeDriver.java:20)
	at org.openqa.selenium.remote.RemoteWebDriver.findElements(RemoteWebDriver.java:353)
	at org.openqa.selenium.remote.RemoteWebDriver.findElementsByXPath(RemoteWebDriver.java:432)
	at org.openqa.selenium.By$ByXPath.findElements(By.java:348)
	at org.openqa.selenium.remote.RemoteWebDriver.findElements(RemoteWebDriver.java:311)
	at com.kms.katalon.core.webui.common.WebUiCommonHelper.findElementByNormalMethods(WebUiCommonHelper.java:1014)
	at com.kms.katalon.core.webui.common.WebUiCommonHelper.findElementsBySelectedMethod(WebUiCommonHelper.java:909)
	at com.kms.katalon.core.webui.common.WebUiCommonHelper.findElementsBySelectedMethod(WebUiCommonHelper.java:892)
	at com.kms.katalon.core.webui.common.WebUiCommonHelper.findElementsBySelectedMethod(WebUiCommonHelper.java:887)
	at com.kms.katalon.core.webui.common.WebUiCommonHelper.findElementsByDefault(WebUiCommonHelper.java:883)
	at com.kms.katalon.core.webui.common.WebUiCommonHelper.findElementsWithSelfHealing(WebUiCommonHelper.java:733)
	at com.kms.katalon.core.webui.common.WebUiCommonHelper.findWebElements(WebUiCommonHelper.java:718)
	at com.kms.katalon.core.webui.common.WebUiCommonHelper.findWebElement(WebUiCommonHelper.java:1363)
	at com.kms.katalon.core.webui.keyword.internal.WebUIAbstractKeyword.findWebElement(WebUIAbstractKeyword.groovy:27)
	at com.kms.katalon.core.webui.keyword.builtin.ClickKeyword$_click_closure1.doCall(ClickKeyword.groovy:65)
	at com.kms.katalon.core.webui.keyword.builtin.ClickKeyword$_click_closure1.call(ClickKeyword.groovy)
	at com.kms.katalon.core.webui.keyword.internal.WebUIKeywordMain.runKeyword(WebUIKeywordMain.groovy:20)
	... 19 more]]></system-err>
      </testcase>
      <testcase name="Test Cases/Student/6. Grade/2. View Grade" time="104.797" classname="Test Cases/Student/6. Grade/2. View Grade" status="PASSED">
         <system-out><![CDATA[2022-01-16 11:59:15 - [TEST_CASE][PASSED] - Test Cases/Student/6. Grade/2. View Grade: Test Cases/Student/6. Grade/2. View Grade

2022-01-16 11:59:15 - [TEST_STEP][PASSED] - callTestCase(findTestCase("Student/2. Login as student"), [:], STOP_ON_FAILURE): Call Test Case 'Test Cases/Student/2. Login as student' successfully

2022-01-16 11:59:15 - [TEST_CASE][PASSED] - Test Cases/Student/2. Login as student: Test Cases/Student/2. Login as student

2022-01-16 11:59:15 - [TEST_STEP][PASSED] - openBrowser(""): Browser is opened with url: ''

2022-01-16 11:59:15 - [MESSAGE][INFO] - Starting 'Edge Chromium' driver

2022-01-16 11:59:18 - [MESSAGE][INFO] - Action delay is set to 0 milliseconds

2022-01-16 11:59:18 - [MESSAGE][PASSED] - Browser is opened with url: ''

2022-01-16 11:59:18 - [TEST_STEP][PASSED] - navigateToUrl("http://localhost/"): Navigate to 'http://localhost/' successfully

2022-01-16 11:59:19 - [MESSAGE][PASSED] - Navigate to 'http://localhost/' successfully

2022-01-16 11:59:19 - [TEST_STEP][PASSED] - click(findTestObject("Object Repository/Page_Automation Testing Site/a_Log in")): Object: 'Object Repository/Page_Automation Testing Site/a_Log in' is clicked on

2022-01-16 11:59:20 - [MESSAGE][PASSED] - Object: 'Object Repository/Page_Automation Testing Site/a_Log in' is clicked on

2022-01-16 11:59:20 - [TEST_STEP][PASSED] - setText(findTestObject("Object Repository/Page_Automation Testing Site Log in to the site/input_Username_username"), "student"): Text 'student' is set on object 'Object Repository/Page_Automation Testing Site Log in to the site/input_Username_username'

2022-01-16 11:59:21 - [MESSAGE][PASSED] - Text 'student' is set on object 'Object Repository/Page_Automation Testing Site Log in to the site/input_Username_username'

2022-01-16 11:59:21 - [TEST_STEP][PASSED] - setEncryptedText(findTestObject("Object Repository/Page_Automation Testing Site Log in to the site/input_Password_password"), "cnpXG5HhkrZpEXzNIGBMZQ=="): Text ****** has been set on object 'Object Repository/Page_Automation Testing Site Log in to the site/input_Password_password'

2022-01-16 11:59:21 - [MESSAGE][PASSED] - Text ****** has been set on object 'Object Repository/Page_Automation Testing Site Log in to the site/input_Password_password'

2022-01-16 11:59:21 - [TEST_STEP][PASSED] - click(findTestObject("Object Repository/Page_Automation Testing Site Log in to the site/button_Log in")): Object: 'Object Repository/Page_Automation Testing Site Log in to the site/button_Log in' is clicked on

2022-01-16 11:59:22 - [MESSAGE][PASSED] - Object: 'Object Repository/Page_Automation Testing Site Log in to the site/button_Log in' is clicked on

2022-01-16 11:59:22 - [TEST_STEP][PASSED] - click(findTestObject("Object Repository/Page_Dashboard/span_Site home")): Object: 'Object Repository/Page_Dashboard/span_Site home' is clicked on

2022-01-16 11:59:53 - [MESSAGE][INFO] - Unable to find the element located by 'By.xpath: '. Please recheck the objects properties to make sure the desired element is located. 

2022-01-16 11:59:53 - [MESSAGE][WARNING] - [SELF-HEALING] Failed to find element with id 'Object Repository/Page_Dashboard/span_Site home'. Try using Self-healing.

2022-01-16 11:59:54 - [MESSAGE][WARNING] - [SELF-HEALING] The current locator of test object 'Object Repository/Page_Dashboard/span_Site home' was broken. Propose an alternative one: '//div[@id='nav-drawer']/nav/ul/li[2]/a/div/div/span[2]'.

2022-01-16 11:59:54 - [MESSAGE][PASSED] - Object: 'Object Repository/Page_Dashboard/span_Site home' is clicked on

2022-01-16 11:59:54 - [TEST_STEP][PASSED] - click(findTestObject("Object Repository/Page_Automation Testing Site/a_CNTN")): Object: 'Object Repository/Page_Automation Testing Site/a_CNTN' is clicked on

2022-01-16 11:59:55 - [MESSAGE][PASSED] - Object: 'Object Repository/Page_Automation Testing Site/a_CNTN' is clicked on

2022-01-16 11:59:55 - [MESSAGE][INFO] - 

2022-01-16 11:59:55 - [MESSAGE][INFO] - ===================== Self-healing Report ====================

2022-01-16 11:59:55 - [MESSAGE][INFO] - One of the failed test object locators has been recovered by Self-healing. Please refer to the Self-healing Insights tab for more details.

2022-01-16 11:59:55 - [MESSAGE][INFO] - To learn more about Self-healing, please read https://docs.katalon.com/katalon-studio/docs/self-healing.html

2022-01-16 11:59:55 - [MESSAGE][INFO] - ==============================================================

2022-01-16 11:59:55 - [MESSAGE][PASSED] - Call Test Case 'Test Cases/Student/2. Login as student' successfully

2022-01-16 11:59:55 - [TEST_STEP][PASSED] - click(findTestObject("Object Repository/Page_Course CNTN/span_Grades")): Object: 'Object Repository/Page_Course CNTN/span_Grades' is clicked on

2022-01-16 11:59:56 - [MESSAGE][PASSED] - Object: 'Object Repository/Page_Course CNTN/span_Grades' is clicked on

2022-01-16 11:59:56 - [TEST_STEP][PASSED] - click(findTestObject("Object Repository/Page_Grades View/a_User report")): Object: 'Object Repository/Page_Grades View/a_User report' is clicked on

2022-01-16 11:59:56 - [MESSAGE][PASSED] - Object: 'Object Repository/Page_Grades View/a_User report' is clicked on

2022-01-16 11:59:56 - [TEST_STEP][PASSED] - verifyElementText(findTestObject("Object Repository/Page_Grades View/a_assignment test"), "assignment test"): Actual text and expected text of test object 'Object Repository/Page_Grades View/a_assignment test' are matched.

2022-01-16 12:00:27 - [MESSAGE][INFO] - Unable to find the element located by 'By.xpath: //th[@id='row_10_4']/a'. Please recheck the objects properties to make sure the desired element is located. 

2022-01-16 12:00:27 - [MESSAGE][WARNING] - [SELF-HEALING] Failed to find element with id 'Object Repository/Page_Grades View/a_assignment test'. Try using Self-healing.

2022-01-16 12:00:28 - [MESSAGE][WARNING] - [SELF-HEALING] The current locator of test object 'Object Repository/Page_Grades View/a_assignment test' was broken. Propose an alternative one: '//a[contains(text(),'assignment test')]'.

2022-01-16 12:00:28 - [MESSAGE][PASSED] - Actual text and expected text of test object 'Object Repository/Page_Grades View/a_assignment test' are matched.

2022-01-16 12:00:28 - [TEST_STEP][PASSED] - verifyElementText(findTestObject("Object Repository/Page_Grades View/td_90.00"), "90.00"): Actual text and expected text of test object 'Object Repository/Page_Grades View/td_90.00' are matched.

2022-01-16 12:00:59 - [MESSAGE][INFO] - Unable to find the element located by 'By.xpath: //div[@id='yui_3_17_2_1_1642124699891_24']/table/tbody/tr[2]/td[2]'. Please recheck the objects properties to make sure the desired element is located. 

2022-01-16 12:00:59 - [MESSAGE][WARNING] - [SELF-HEALING] Failed to find element with id 'Object Repository/Page_Grades View/td_90.00'. Try using Self-healing.

2022-01-16 12:00:59 - [MESSAGE][WARNING] - [SELF-HEALING] The current locator of test object 'Object Repository/Page_Grades View/td_90.00' was broken. Propose an alternative one: '//*[(text() = '90.00' or . = '90.00')]'.

2022-01-16 12:00:59 - [MESSAGE][PASSED] - Actual text and expected text of test object 'Object Repository/Page_Grades View/td_90.00' are matched.

2022-01-16 12:00:59 - [TEST_STEP][PASSED] - closeBrowser(): Browser is closed

2022-01-16 12:01:00 - [MESSAGE][PASSED] - Browser is closed]]></system-out>
         <system-err><![CDATA[]]></system-err>
      </testcase>
      <testcase name="Test Cases/Student/6. Grade/3. View Overview report" time="105.115" classname="Test Cases/Student/6. Grade/3. View Overview report" status="PASSED">
         <system-out><![CDATA[2022-01-16 12:01:00 - [TEST_CASE][PASSED] - Test Cases/Student/6. Grade/3. View Overview report: Test Cases/Student/6. Grade/3. View Overview report

2022-01-16 12:01:00 - [TEST_STEP][PASSED] - callTestCase(findTestCase("Student/2. Login as student"), [:], STOP_ON_FAILURE): Call Test Case 'Test Cases/Student/2. Login as student' successfully

2022-01-16 12:01:00 - [TEST_CASE][PASSED] - Test Cases/Student/2. Login as student: Test Cases/Student/2. Login as student

2022-01-16 12:01:00 - [TEST_STEP][PASSED] - openBrowser(""): Browser is opened with url: ''

2022-01-16 12:01:00 - [MESSAGE][INFO] - Starting 'Edge Chromium' driver

2022-01-16 12:01:03 - [MESSAGE][INFO] - Action delay is set to 0 milliseconds

2022-01-16 12:01:03 - [MESSAGE][PASSED] - Browser is opened with url: ''

2022-01-16 12:01:03 - [TEST_STEP][PASSED] - navigateToUrl("http://localhost/"): Navigate to 'http://localhost/' successfully

2022-01-16 12:01:04 - [MESSAGE][PASSED] - Navigate to 'http://localhost/' successfully

2022-01-16 12:01:04 - [TEST_STEP][PASSED] - click(findTestObject("Object Repository/Page_Automation Testing Site/a_Log in")): Object: 'Object Repository/Page_Automation Testing Site/a_Log in' is clicked on

2022-01-16 12:01:05 - [MESSAGE][PASSED] - Object: 'Object Repository/Page_Automation Testing Site/a_Log in' is clicked on

2022-01-16 12:01:05 - [TEST_STEP][PASSED] - setText(findTestObject("Object Repository/Page_Automation Testing Site Log in to the site/input_Username_username"), "student"): Text 'student' is set on object 'Object Repository/Page_Automation Testing Site Log in to the site/input_Username_username'

2022-01-16 12:01:06 - [MESSAGE][PASSED] - Text 'student' is set on object 'Object Repository/Page_Automation Testing Site Log in to the site/input_Username_username'

2022-01-16 12:01:06 - [TEST_STEP][PASSED] - setEncryptedText(findTestObject("Object Repository/Page_Automation Testing Site Log in to the site/input_Password_password"), "cnpXG5HhkrZpEXzNIGBMZQ=="): Text ****** has been set on object 'Object Repository/Page_Automation Testing Site Log in to the site/input_Password_password'

2022-01-16 12:01:06 - [MESSAGE][PASSED] - Text ****** has been set on object 'Object Repository/Page_Automation Testing Site Log in to the site/input_Password_password'

2022-01-16 12:01:06 - [TEST_STEP][PASSED] - click(findTestObject("Object Repository/Page_Automation Testing Site Log in to the site/button_Log in")): Object: 'Object Repository/Page_Automation Testing Site Log in to the site/button_Log in' is clicked on

2022-01-16 12:01:07 - [MESSAGE][PASSED] - Object: 'Object Repository/Page_Automation Testing Site Log in to the site/button_Log in' is clicked on

2022-01-16 12:01:07 - [TEST_STEP][PASSED] - click(findTestObject("Object Repository/Page_Dashboard/span_Site home")): Object: 'Object Repository/Page_Dashboard/span_Site home' is clicked on

2022-01-16 12:01:38 - [MESSAGE][INFO] - Unable to find the element located by 'By.xpath: '. Please recheck the objects properties to make sure the desired element is located. 

2022-01-16 12:01:38 - [MESSAGE][WARNING] - [SELF-HEALING] Failed to find element with id 'Object Repository/Page_Dashboard/span_Site home'. Try using Self-healing.

2022-01-16 12:01:39 - [MESSAGE][WARNING] - [SELF-HEALING] The current locator of test object 'Object Repository/Page_Dashboard/span_Site home' was broken. Propose an alternative one: '//div[@id='nav-drawer']/nav/ul/li[2]/a/div/div/span[2]'.

2022-01-16 12:01:39 - [MESSAGE][PASSED] - Object: 'Object Repository/Page_Dashboard/span_Site home' is clicked on

2022-01-16 12:01:39 - [TEST_STEP][PASSED] - click(findTestObject("Object Repository/Page_Automation Testing Site/a_CNTN")): Object: 'Object Repository/Page_Automation Testing Site/a_CNTN' is clicked on

2022-01-16 12:01:40 - [MESSAGE][PASSED] - Object: 'Object Repository/Page_Automation Testing Site/a_CNTN' is clicked on

2022-01-16 12:01:40 - [MESSAGE][INFO] - 

2022-01-16 12:01:40 - [MESSAGE][INFO] - ===================== Self-healing Report ====================

2022-01-16 12:01:40 - [MESSAGE][INFO] - One of the failed test object locators has been recovered by Self-healing. Please refer to the Self-healing Insights tab for more details.

2022-01-16 12:01:40 - [MESSAGE][INFO] - To learn more about Self-healing, please read https://docs.katalon.com/katalon-studio/docs/self-healing.html

2022-01-16 12:01:40 - [MESSAGE][INFO] - ==============================================================

2022-01-16 12:01:40 - [MESSAGE][PASSED] - Call Test Case 'Test Cases/Student/2. Login as student' successfully

2022-01-16 12:01:40 - [TEST_STEP][PASSED] - click(findTestObject("Object Repository/Page_Course CNTN/span_Grades")): Object: 'Object Repository/Page_Course CNTN/span_Grades' is clicked on

2022-01-16 12:01:41 - [MESSAGE][PASSED] - Object: 'Object Repository/Page_Course CNTN/span_Grades' is clicked on

2022-01-16 12:01:41 - [TEST_STEP][PASSED] - click(findTestObject("Object Repository/Page_Grades View/a_Overview report")): Object: 'Object Repository/Page_Grades View/a_Overview report' is clicked on

2022-01-16 12:01:42 - [MESSAGE][PASSED] - Object: 'Object Repository/Page_Grades View/a_Overview report' is clicked on

2022-01-16 12:01:42 - [TEST_STEP][PASSED] - verifyElementText(findTestObject("Object Repository/Page_Grades View/a_CNTN"), "CNTN"): Actual text and expected text of test object 'Object Repository/Page_Grades View/a_CNTN' are matched.

2022-01-16 12:02:13 - [MESSAGE][INFO] - Unable to find the element located by 'By.xpath: //td[@id='grade-report-overview-4_r0_c0']/a'. Please recheck the objects properties to make sure the desired element is located. 

2022-01-16 12:02:13 - [MESSAGE][WARNING] - [SELF-HEALING] Failed to find element with id 'Object Repository/Page_Grades View/a_CNTN'. Try using Self-healing.

2022-01-16 12:02:13 - [MESSAGE][WARNING] - [SELF-HEALING] The current locator of test object 'Object Repository/Page_Grades View/a_CNTN' was broken. Propose an alternative one: '//a[contains(text(),'CNTN')]'.

2022-01-16 12:02:13 - [MESSAGE][PASSED] - Actual text and expected text of test object 'Object Repository/Page_Grades View/a_CNTN' are matched.

2022-01-16 12:02:13 - [TEST_STEP][PASSED] - verifyElementText(findTestObject("Object Repository/Page_Grades View/td_90.00"), "90.00"): Actual text and expected text of test object 'Object Repository/Page_Grades View/td_90.00' are matched.

2022-01-16 12:02:44 - [MESSAGE][INFO] - Unable to find the element located by 'By.xpath: //div[@id='yui_3_17_2_1_1642124699891_24']/table/tbody/tr[2]/td[2]'. Please recheck the objects properties to make sure the desired element is located. 

2022-01-16 12:02:44 - [MESSAGE][WARNING] - [SELF-HEALING] Failed to find element with id 'Object Repository/Page_Grades View/td_90.00'. Try using Self-healing.

2022-01-16 12:02:44 - [MESSAGE][WARNING] - [SELF-HEALING] The current locator of test object 'Object Repository/Page_Grades View/td_90.00' was broken. Propose an alternative one: '//*[(text() = '90.00' or . = '90.00')]'.

2022-01-16 12:02:44 - [MESSAGE][PASSED] - Actual text and expected text of test object 'Object Repository/Page_Grades View/td_90.00' are matched.

2022-01-16 12:02:44 - [TEST_STEP][PASSED] - closeBrowser(): Browser is closed

2022-01-16 12:02:45 - [MESSAGE][PASSED] - Browser is closed]]></system-out>
         <system-err><![CDATA[]]></system-err>
      </testcase>
      <testcase name="Test Cases/Student/6. Grade/4. Check graded" time="73.221" classname="Test Cases/Student/6. Grade/4. Check graded" status="PASSED">
         <system-out><![CDATA[2022-01-16 12:02:45 - [TEST_CASE][PASSED] - Test Cases/Student/6. Grade/4. Check graded: Test Cases/Student/6. Grade/4. Check graded

2022-01-16 12:02:45 - [TEST_STEP][PASSED] - callTestCase(findTestCase("Student/2. Login as student"), [:], STOP_ON_FAILURE): Call Test Case 'Test Cases/Student/2. Login as student' successfully

2022-01-16 12:02:45 - [TEST_CASE][PASSED] - Test Cases/Student/2. Login as student: Test Cases/Student/2. Login as student

2022-01-16 12:02:45 - [TEST_STEP][PASSED] - openBrowser(""): Browser is opened with url: ''

2022-01-16 12:02:45 - [MESSAGE][INFO] - Starting 'Edge Chromium' driver

2022-01-16 12:02:48 - [MESSAGE][INFO] - Action delay is set to 0 milliseconds

2022-01-16 12:02:48 - [MESSAGE][PASSED] - Browser is opened with url: ''

2022-01-16 12:02:48 - [TEST_STEP][PASSED] - navigateToUrl("http://localhost/"): Navigate to 'http://localhost/' successfully

2022-01-16 12:02:49 - [MESSAGE][PASSED] - Navigate to 'http://localhost/' successfully

2022-01-16 12:02:49 - [TEST_STEP][PASSED] - click(findTestObject("Object Repository/Page_Automation Testing Site/a_Log in")): Object: 'Object Repository/Page_Automation Testing Site/a_Log in' is clicked on

2022-01-16 12:02:50 - [MESSAGE][PASSED] - Object: 'Object Repository/Page_Automation Testing Site/a_Log in' is clicked on

2022-01-16 12:02:50 - [TEST_STEP][PASSED] - setText(findTestObject("Object Repository/Page_Automation Testing Site Log in to the site/input_Username_username"), "student"): Text 'student' is set on object 'Object Repository/Page_Automation Testing Site Log in to the site/input_Username_username'

2022-01-16 12:02:51 - [MESSAGE][PASSED] - Text 'student' is set on object 'Object Repository/Page_Automation Testing Site Log in to the site/input_Username_username'

2022-01-16 12:02:51 - [TEST_STEP][PASSED] - setEncryptedText(findTestObject("Object Repository/Page_Automation Testing Site Log in to the site/input_Password_password"), "cnpXG5HhkrZpEXzNIGBMZQ=="): Text ****** has been set on object 'Object Repository/Page_Automation Testing Site Log in to the site/input_Password_password'

2022-01-16 12:02:51 - [MESSAGE][PASSED] - Text ****** has been set on object 'Object Repository/Page_Automation Testing Site Log in to the site/input_Password_password'

2022-01-16 12:02:51 - [TEST_STEP][PASSED] - click(findTestObject("Object Repository/Page_Automation Testing Site Log in to the site/button_Log in")): Object: 'Object Repository/Page_Automation Testing Site Log in to the site/button_Log in' is clicked on

2022-01-16 12:02:52 - [MESSAGE][PASSED] - Object: 'Object Repository/Page_Automation Testing Site Log in to the site/button_Log in' is clicked on

2022-01-16 12:02:52 - [TEST_STEP][PASSED] - click(findTestObject("Object Repository/Page_Dashboard/span_Site home")): Object: 'Object Repository/Page_Dashboard/span_Site home' is clicked on

2022-01-16 12:03:24 - [MESSAGE][INFO] - Unable to find the element located by 'By.xpath: '. Please recheck the objects properties to make sure the desired element is located. 

2022-01-16 12:03:24 - [MESSAGE][WARNING] - [SELF-HEALING] Failed to find element with id 'Object Repository/Page_Dashboard/span_Site home'. Try using Self-healing.

2022-01-16 12:03:24 - [MESSAGE][WARNING] - [SELF-HEALING] The current locator of test object 'Object Repository/Page_Dashboard/span_Site home' was broken. Propose an alternative one: '//div[@id='nav-drawer']/nav/ul/li[2]/a/div/div/span[2]'.

2022-01-16 12:03:24 - [MESSAGE][PASSED] - Object: 'Object Repository/Page_Dashboard/span_Site home' is clicked on

2022-01-16 12:03:24 - [TEST_STEP][PASSED] - click(findTestObject("Object Repository/Page_Automation Testing Site/a_CNTN")): Object: 'Object Repository/Page_Automation Testing Site/a_CNTN' is clicked on

2022-01-16 12:03:25 - [MESSAGE][PASSED] - Object: 'Object Repository/Page_Automation Testing Site/a_CNTN' is clicked on

2022-01-16 12:03:25 - [MESSAGE][INFO] - 

2022-01-16 12:03:25 - [MESSAGE][INFO] - ===================== Self-healing Report ====================

2022-01-16 12:03:25 - [MESSAGE][INFO] - One of the failed test object locators has been recovered by Self-healing. Please refer to the Self-healing Insights tab for more details.

2022-01-16 12:03:25 - [MESSAGE][INFO] - To learn more about Self-healing, please read https://docs.katalon.com/katalon-studio/docs/self-healing.html

2022-01-16 12:03:25 - [MESSAGE][INFO] - ==============================================================

2022-01-16 12:03:25 - [MESSAGE][PASSED] - Call Test Case 'Test Cases/Student/2. Login as student' successfully

2022-01-16 12:03:25 - [TEST_STEP][PASSED] - click(findTestObject("Object Repository/Page_Course CNTN/span_assignment test")): Object: 'Object Repository/Page_Course CNTN/span_assignment test' is clicked on

2022-01-16 12:03:56 - [MESSAGE][INFO] - Unable to find the element located by 'By.xpath: //li[@id='module-13']/div/div/div[2]/div/a/span'. Please recheck the objects properties to make sure the desired element is located. 

2022-01-16 12:03:56 - [MESSAGE][WARNING] - [SELF-HEALING] Failed to find element with id 'Object Repository/Page_Course CNTN/span_assignment test'. Try using Self-healing.

2022-01-16 12:03:56 - [MESSAGE][WARNING] - [SELF-HEALING] The current locator of test object 'Object Repository/Page_Course CNTN/span_assignment test' was broken. Propose an alternative one: '(.//*[normalize-space(text()) and normalize-space(.)='Forum'])[1]/following::span[1]'.

2022-01-16 12:03:57 - [MESSAGE][PASSED] - Object: 'Object Repository/Page_Course CNTN/span_assignment test' is clicked on

2022-01-16 12:03:57 - [TEST_STEP][PASSED] - verifyElementText(findTestObject("Object Repository/Page_cntn assignment test/td_Graded"), "Graded"): Actual text and expected text of test object 'Object Repository/Page_cntn assignment test/td_Graded' are matched.

2022-01-16 12:03:57 - [MESSAGE][PASSED] - Actual text and expected text of test object 'Object Repository/Page_cntn assignment test/td_Graded' are matched.

2022-01-16 12:03:57 - [TEST_STEP][PASSED] - closeBrowser(): Browser is closed

2022-01-16 12:03:58 - [MESSAGE][PASSED] - Browser is closed]]></system-out>
         <system-err><![CDATA[]]></system-err>
      </testcase>
      <testcase name="Test Cases/Student/7. Khác/1. Forum" time="206.823" classname="Test Cases/Student/7. Khác/1. Forum" status="PASSED">
         <system-out><![CDATA[2022-01-16 12:03:58 - [TEST_CASE][PASSED] - Test Cases/Student/7. Khác/1. Forum: Test Cases/Student/7. Khác/1. Forum

2022-01-16 12:03:59 - [TEST_STEP][PASSED] - callTestCase(findTestCase("Student/2. Login as student"), [:], STOP_ON_FAILURE): Call Test Case 'Test Cases/Student/2. Login as student' successfully

2022-01-16 12:03:59 - [TEST_CASE][PASSED] - Test Cases/Student/2. Login as student: Test Cases/Student/2. Login as student

2022-01-16 12:03:59 - [TEST_STEP][PASSED] - openBrowser(""): Browser is opened with url: ''

2022-01-16 12:03:59 - [MESSAGE][INFO] - Starting 'Edge Chromium' driver

2022-01-16 12:04:01 - [MESSAGE][INFO] - Action delay is set to 0 milliseconds

2022-01-16 12:04:02 - [MESSAGE][PASSED] - Browser is opened with url: ''

2022-01-16 12:04:02 - [TEST_STEP][PASSED] - navigateToUrl("http://localhost/"): Navigate to 'http://localhost/' successfully

2022-01-16 12:04:02 - [MESSAGE][PASSED] - Navigate to 'http://localhost/' successfully

2022-01-16 12:04:02 - [TEST_STEP][PASSED] - click(findTestObject("Object Repository/Page_Automation Testing Site/a_Log in")): Object: 'Object Repository/Page_Automation Testing Site/a_Log in' is clicked on

2022-01-16 12:04:03 - [MESSAGE][PASSED] - Object: 'Object Repository/Page_Automation Testing Site/a_Log in' is clicked on

2022-01-16 12:04:03 - [TEST_STEP][PASSED] - setText(findTestObject("Object Repository/Page_Automation Testing Site Log in to the site/input_Username_username"), "student"): Text 'student' is set on object 'Object Repository/Page_Automation Testing Site Log in to the site/input_Username_username'

2022-01-16 12:04:04 - [MESSAGE][PASSED] - Text 'student' is set on object 'Object Repository/Page_Automation Testing Site Log in to the site/input_Username_username'

2022-01-16 12:04:04 - [TEST_STEP][PASSED] - setEncryptedText(findTestObject("Object Repository/Page_Automation Testing Site Log in to the site/input_Password_password"), "cnpXG5HhkrZpEXzNIGBMZQ=="): Text ****** has been set on object 'Object Repository/Page_Automation Testing Site Log in to the site/input_Password_password'

2022-01-16 12:04:04 - [MESSAGE][PASSED] - Text ****** has been set on object 'Object Repository/Page_Automation Testing Site Log in to the site/input_Password_password'

2022-01-16 12:04:04 - [TEST_STEP][PASSED] - click(findTestObject("Object Repository/Page_Automation Testing Site Log in to the site/button_Log in")): Object: 'Object Repository/Page_Automation Testing Site Log in to the site/button_Log in' is clicked on

2022-01-16 12:04:06 - [MESSAGE][PASSED] - Object: 'Object Repository/Page_Automation Testing Site Log in to the site/button_Log in' is clicked on

2022-01-16 12:04:06 - [TEST_STEP][PASSED] - click(findTestObject("Object Repository/Page_Dashboard/span_Site home")): Object: 'Object Repository/Page_Dashboard/span_Site home' is clicked on

2022-01-16 12:04:37 - [MESSAGE][INFO] - Unable to find the element located by 'By.xpath: '. Please recheck the objects properties to make sure the desired element is located. 

2022-01-16 12:04:37 - [MESSAGE][WARNING] - [SELF-HEALING] Failed to find element with id 'Object Repository/Page_Dashboard/span_Site home'. Try using Self-healing.

2022-01-16 12:04:37 - [MESSAGE][WARNING] - [SELF-HEALING] The current locator of test object 'Object Repository/Page_Dashboard/span_Site home' was broken. Propose an alternative one: '//div[@id='nav-drawer']/nav/ul/li[2]/a/div/div/span[2]'.

2022-01-16 12:04:38 - [MESSAGE][PASSED] - Object: 'Object Repository/Page_Dashboard/span_Site home' is clicked on

2022-01-16 12:04:38 - [TEST_STEP][PASSED] - click(findTestObject("Object Repository/Page_Automation Testing Site/a_CNTN")): Object: 'Object Repository/Page_Automation Testing Site/a_CNTN' is clicked on

2022-01-16 12:04:40 - [MESSAGE][PASSED] - Object: 'Object Repository/Page_Automation Testing Site/a_CNTN' is clicked on

2022-01-16 12:04:40 - [MESSAGE][INFO] - 

2022-01-16 12:04:40 - [MESSAGE][INFO] - ===================== Self-healing Report ====================

2022-01-16 12:04:40 - [MESSAGE][INFO] - One of the failed test object locators has been recovered by Self-healing. Please refer to the Self-healing Insights tab for more details.

2022-01-16 12:04:40 - [MESSAGE][INFO] - To learn more about Self-healing, please read https://docs.katalon.com/katalon-studio/docs/self-healing.html

2022-01-16 12:04:40 - [MESSAGE][INFO] - ==============================================================

2022-01-16 12:04:40 - [MESSAGE][PASSED] - Call Test Case 'Test Cases/Student/2. Login as student' successfully

2022-01-16 12:04:40 - [TEST_STEP][PASSED] - click(findTestObject("Object Repository/Page_Course CNTN/span_forum test")): Object: 'Object Repository/Page_Course CNTN/span_forum test' is clicked on

2022-01-16 12:05:11 - [MESSAGE][INFO] - Unable to find the element located by 'By.xpath: //li[@id='module-15']/div/div/div[2]/div/a/span'. Please recheck the objects properties to make sure the desired element is located. 

2022-01-16 12:05:11 - [MESSAGE][WARNING] - [SELF-HEALING] Failed to find element with id 'Object Repository/Page_Course CNTN/span_forum test'. Try using Self-healing.

2022-01-16 12:05:11 - [MESSAGE][WARNING] - [SELF-HEALING] The current locator of test object 'Object Repository/Page_Course CNTN/span_forum test' was broken. Propose an alternative one: '(.//*[normalize-space(text()) and normalize-space(.)='chat test'])[1]/following::span[1]'.

2022-01-16 12:05:12 - [MESSAGE][PASSED] - Object: 'Object Repository/Page_Course CNTN/span_forum test' is clicked on

2022-01-16 12:05:12 - [TEST_STEP][PASSED] - click(findTestObject("Object Repository/Page_forum test/a_Add a new discussion topic")): Object: 'Object Repository/Page_forum test/a_Add a new discussion topic' is clicked on

2022-01-16 12:05:44 - [MESSAGE][INFO] - Unable to find the element located by 'By.xpath: //a[@id='yui_3_17_2_1_1642141777368_496']'. Please recheck the objects properties to make sure the desired element is located. 

2022-01-16 12:05:44 - [MESSAGE][WARNING] - [SELF-HEALING] Failed to find element with id 'Object Repository/Page_forum test/a_Add a new discussion topic'. Try using Self-healing.

2022-01-16 12:05:44 - [MESSAGE][WARNING] - [SELF-HEALING] The current locator of test object 'Object Repository/Page_forum test/a_Add a new discussion topic' was broken. Propose an alternative one: '//a[contains(text(),'Add a new discussion topic')]'.

2022-01-16 12:05:44 - [MESSAGE][PASSED] - Object: 'Object Repository/Page_forum test/a_Add a new discussion topic' is clicked on

2022-01-16 12:05:44 - [TEST_STEP][PASSED] - setText(findTestObject("Object Repository/Page_forum test/input_Subject_subject"), "Test"): Text 'Test' is set on object 'Object Repository/Page_forum test/input_Subject_subject'

2022-01-16 12:05:45 - [MESSAGE][PASSED] - Text 'Test' is set on object 'Object Repository/Page_forum test/input_Subject_subject'

2022-01-16 12:05:45 - [TEST_STEP][PASSED] - click(findTestObject("Object Repository/Page_forum test/p_Test")): Object: 'Object Repository/Page_forum test/p_Test' is clicked on

2022-01-16 12:06:16 - [MESSAGE][INFO] - Unable to find the element located by 'By.xpath: //p[@id='yui_3_17_2_1_1642140744739_515']'. Please recheck the objects properties to make sure the desired element is located. 

2022-01-16 12:06:16 - [MESSAGE][WARNING] - [SELF-HEALING] Failed to find element with id 'Object Repository/Page_forum test/p_Test'. Try using Self-healing.

2022-01-16 12:06:16 - [MESSAGE][WARNING] - [SELF-HEALING] The current locator of test object 'Object Repository/Page_forum test/p_Test' was broken. Propose an alternative one: '//div[@id='id_messageeditable']/p'.

2022-01-16 12:06:16 - [MESSAGE][PASSED] - Object: 'Object Repository/Page_forum test/p_Test' is clicked on

2022-01-16 12:06:16 - [TEST_STEP][PASSED] - setText(findTestObject("Object Repository/Page_forum test/div_Test forum"), "<p dir="ltr" style="text-align: left;" id="yui_3_17_2_1_1642140744739_515">Test forum</p><p dir="ltr" style="text-align: left;" id="yui_3_17_2_1_1642140744739_515"><br></p>"): Text '<p dir="ltr" style="text-align: left;" id="yui_3_17_2_1_1642140744739_515">Test forum</p><p dir="ltr" style="text-align: left;" id="yui_3_17_2_1_1642140744739_515"><br></p>' is set on object 'Object Repository/Page_forum test/div_Test forum'

2022-01-16 12:06:18 - [MESSAGE][PASSED] - Text '<p dir="ltr" style="text-align: left;" id="yui_3_17_2_1_1642140744739_515">Test forum</p><p dir="ltr" style="text-align: left;" id="yui_3_17_2_1_1642140744739_515"><br></p>' is set on object 'Object Repository/Page_forum test/div_Test forum'

2022-01-16 12:06:18 - [TEST_STEP][PASSED] - click(findTestObject("Object Repository/Page_forum test/input_Draft saved_submitbutton")): Object: 'Object Repository/Page_forum test/input_Draft saved_submitbutton' is clicked on

2022-01-16 12:06:19 - [MESSAGE][PASSED] - Object: 'Object Repository/Page_forum test/input_Draft saved_submitbutton' is clicked on

2022-01-16 12:06:19 - [TEST_STEP][PASSED] - click(findTestObject("Object Repository/Page_forum test/a_Test")): Object: 'Object Repository/Page_forum test/a_Test' is clicked on

2022-01-16 12:06:50 - [MESSAGE][INFO] - Unable to find the element located by 'By.xpath: //a[@id='yui_3_17_2_1_1642140833563_499']'. Please recheck the objects properties to make sure the desired element is located. 

2022-01-16 12:06:50 - [MESSAGE][WARNING] - [SELF-HEALING] Failed to find element with id 'Object Repository/Page_forum test/a_Test'. Try using Self-healing.

2022-01-16 12:06:51 - [MESSAGE][WARNING] - [SELF-HEALING] The current locator of test object 'Object Repository/Page_forum test/a_Test' was broken. Propose an alternative one: '//a[contains(text(),'Test')]'.

2022-01-16 12:06:51 - [MESSAGE][PASSED] - Object: 'Object Repository/Page_forum test/a_Test' is clicked on

2022-01-16 12:06:51 - [TEST_STEP][PASSED] - click(findTestObject("Object Repository/Page_cntn Test/a_Delete")): Object: 'Object Repository/Page_cntn Test/a_Delete' is clicked on

2022-01-16 12:07:23 - [MESSAGE][INFO] - Unable to find the element located by 'By.xpath: //article[@id='p4']/div/div/div/div[2]/div[2]/div/a[3]'. Please recheck the objects properties to make sure the desired element is located. 

2022-01-16 12:07:23 - [MESSAGE][WARNING] - [SELF-HEALING] Failed to find element with id 'Object Repository/Page_cntn Test/a_Delete'. Try using Self-healing.

2022-01-16 12:07:23 - [MESSAGE][WARNING] - [SELF-HEALING] The current locator of test object 'Object Repository/Page_cntn Test/a_Delete' was broken. Propose an alternative one: '//a[contains(text(),'Delete')]'.

2022-01-16 12:07:23 - [MESSAGE][PASSED] - Object: 'Object Repository/Page_cntn Test/a_Delete' is clicked on

2022-01-16 12:07:23 - [TEST_STEP][PASSED] - click(findTestObject("Object Repository/Page_cntn/button_Continue")): Object: 'Object Repository/Page_cntn/button_Continue' is clicked on

2022-01-16 12:07:24 - [MESSAGE][PASSED] - Object: 'Object Repository/Page_cntn/button_Continue' is clicked on

2022-01-16 12:07:24 - [TEST_STEP][PASSED] - closeBrowser(): Browser is closed

2022-01-16 12:07:25 - [MESSAGE][PASSED] - Browser is closed]]></system-out>
         <system-err><![CDATA[]]></system-err>
      </testcase>
      <testcase name="Test Cases/Student/7. Khác/2. Create forum with empty description" time="105.859" classname="Test Cases/Student/7. Khác/2. Create forum with empty description" status="PASSED">
         <system-out><![CDATA[2022-01-16 12:07:25 - [TEST_CASE][PASSED] - Test Cases/Student/7. Khác/2. Create forum with empty description: Test Cases/Student/7. Khác/2. Create forum with empty description

2022-01-16 12:07:25 - [TEST_STEP][PASSED] - callTestCase(findTestCase("Student/2. Login as student"), [:], STOP_ON_FAILURE): Call Test Case 'Test Cases/Student/2. Login as student' successfully

2022-01-16 12:07:25 - [TEST_CASE][PASSED] - Test Cases/Student/2. Login as student: Test Cases/Student/2. Login as student

2022-01-16 12:07:25 - [TEST_STEP][PASSED] - openBrowser(""): Browser is opened with url: ''

2022-01-16 12:07:25 - [MESSAGE][INFO] - Starting 'Edge Chromium' driver

2022-01-16 12:07:28 - [MESSAGE][INFO] - Action delay is set to 0 milliseconds

2022-01-16 12:07:29 - [MESSAGE][PASSED] - Browser is opened with url: ''

2022-01-16 12:07:29 - [TEST_STEP][PASSED] - navigateToUrl("http://localhost/"): Navigate to 'http://localhost/' successfully

2022-01-16 12:07:29 - [MESSAGE][PASSED] - Navigate to 'http://localhost/' successfully

2022-01-16 12:07:29 - [TEST_STEP][PASSED] - click(findTestObject("Object Repository/Page_Automation Testing Site/a_Log in")): Object: 'Object Repository/Page_Automation Testing Site/a_Log in' is clicked on

2022-01-16 12:07:30 - [MESSAGE][PASSED] - Object: 'Object Repository/Page_Automation Testing Site/a_Log in' is clicked on

2022-01-16 12:07:30 - [TEST_STEP][PASSED] - setText(findTestObject("Object Repository/Page_Automation Testing Site Log in to the site/input_Username_username"), "student"): Text 'student' is set on object 'Object Repository/Page_Automation Testing Site Log in to the site/input_Username_username'

2022-01-16 12:07:31 - [MESSAGE][PASSED] - Text 'student' is set on object 'Object Repository/Page_Automation Testing Site Log in to the site/input_Username_username'

2022-01-16 12:07:31 - [TEST_STEP][PASSED] - setEncryptedText(findTestObject("Object Repository/Page_Automation Testing Site Log in to the site/input_Password_password"), "cnpXG5HhkrZpEXzNIGBMZQ=="): Text ****** has been set on object 'Object Repository/Page_Automation Testing Site Log in to the site/input_Password_password'

2022-01-16 12:07:31 - [MESSAGE][PASSED] - Text ****** has been set on object 'Object Repository/Page_Automation Testing Site Log in to the site/input_Password_password'

2022-01-16 12:07:31 - [TEST_STEP][PASSED] - click(findTestObject("Object Repository/Page_Automation Testing Site Log in to the site/button_Log in")): Object: 'Object Repository/Page_Automation Testing Site Log in to the site/button_Log in' is clicked on

2022-01-16 12:07:32 - [MESSAGE][PASSED] - Object: 'Object Repository/Page_Automation Testing Site Log in to the site/button_Log in' is clicked on

2022-01-16 12:07:32 - [TEST_STEP][PASSED] - click(findTestObject("Object Repository/Page_Dashboard/span_Site home")): Object: 'Object Repository/Page_Dashboard/span_Site home' is clicked on

2022-01-16 12:08:03 - [MESSAGE][INFO] - Unable to find the element located by 'By.xpath: '. Please recheck the objects properties to make sure the desired element is located. 

2022-01-16 12:08:03 - [MESSAGE][WARNING] - [SELF-HEALING] Failed to find element with id 'Object Repository/Page_Dashboard/span_Site home'. Try using Self-healing.

2022-01-16 12:08:04 - [MESSAGE][WARNING] - [SELF-HEALING] The current locator of test object 'Object Repository/Page_Dashboard/span_Site home' was broken. Propose an alternative one: '//div[@id='nav-drawer']/nav/ul/li[2]/a/div/div/span[2]'.

2022-01-16 12:08:04 - [MESSAGE][PASSED] - Object: 'Object Repository/Page_Dashboard/span_Site home' is clicked on

2022-01-16 12:08:04 - [TEST_STEP][PASSED] - click(findTestObject("Object Repository/Page_Automation Testing Site/a_CNTN")): Object: 'Object Repository/Page_Automation Testing Site/a_CNTN' is clicked on

2022-01-16 12:08:05 - [MESSAGE][PASSED] - Object: 'Object Repository/Page_Automation Testing Site/a_CNTN' is clicked on

2022-01-16 12:08:05 - [MESSAGE][INFO] - 

2022-01-16 12:08:05 - [MESSAGE][INFO] - ===================== Self-healing Report ====================

2022-01-16 12:08:05 - [MESSAGE][INFO] - One of the failed test object locators has been recovered by Self-healing. Please refer to the Self-healing Insights tab for more details.

2022-01-16 12:08:05 - [MESSAGE][INFO] - To learn more about Self-healing, please read https://docs.katalon.com/katalon-studio/docs/self-healing.html

2022-01-16 12:08:05 - [MESSAGE][INFO] - ==============================================================

2022-01-16 12:08:05 - [MESSAGE][PASSED] - Call Test Case 'Test Cases/Student/2. Login as student' successfully

2022-01-16 12:08:05 - [TEST_STEP][PASSED] - click(findTestObject("Object Repository/Page_Course CNTN/span_forum test")): Object: 'Object Repository/Page_Course CNTN/span_forum test' is clicked on

2022-01-16 12:08:36 - [MESSAGE][INFO] - Unable to find the element located by 'By.xpath: //li[@id='module-15']/div/div/div[2]/div/a/span'. Please recheck the objects properties to make sure the desired element is located. 

2022-01-16 12:08:36 - [MESSAGE][WARNING] - [SELF-HEALING] Failed to find element with id 'Object Repository/Page_Course CNTN/span_forum test'. Try using Self-healing.

2022-01-16 12:08:36 - [MESSAGE][WARNING] - [SELF-HEALING] The current locator of test object 'Object Repository/Page_Course CNTN/span_forum test' was broken. Propose an alternative one: '(.//*[normalize-space(text()) and normalize-space(.)='chat test'])[1]/following::span[1]'.

2022-01-16 12:08:37 - [MESSAGE][PASSED] - Object: 'Object Repository/Page_Course CNTN/span_forum test' is clicked on

2022-01-16 12:08:37 - [TEST_STEP][PASSED] - click(findTestObject("Object Repository/Page_forum test/a_Add a new discussion topic")): Object: 'Object Repository/Page_forum test/a_Add a new discussion topic' is clicked on

2022-01-16 12:09:08 - [MESSAGE][INFO] - Unable to find the element located by 'By.xpath: //a[@id='yui_3_17_2_1_1642141777368_496']'. Please recheck the objects properties to make sure the desired element is located. 

2022-01-16 12:09:08 - [MESSAGE][WARNING] - [SELF-HEALING] Failed to find element with id 'Object Repository/Page_forum test/a_Add a new discussion topic'. Try using Self-healing.

2022-01-16 12:09:08 - [MESSAGE][WARNING] - [SELF-HEALING] The current locator of test object 'Object Repository/Page_forum test/a_Add a new discussion topic' was broken. Propose an alternative one: '//a[contains(text(),'Add a new discussion topic')]'.

2022-01-16 12:09:08 - [MESSAGE][PASSED] - Object: 'Object Repository/Page_forum test/a_Add a new discussion topic' is clicked on

2022-01-16 12:09:08 - [TEST_STEP][PASSED] - setText(findTestObject("Object Repository/Page_forum test/input_Subject_subject"), "test"): Text 'test' is set on object 'Object Repository/Page_forum test/input_Subject_subject'

2022-01-16 12:09:09 - [MESSAGE][PASSED] - Text 'test' is set on object 'Object Repository/Page_forum test/input_Subject_subject'

2022-01-16 12:09:09 - [TEST_STEP][PASSED] - click(findTestObject("Object Repository/Page_forum test/input_Message_submitbutton")): Object: 'Object Repository/Page_forum test/input_Message_submitbutton' is clicked on

2022-01-16 12:09:10 - [MESSAGE][PASSED] - Object: 'Object Repository/Page_forum test/input_Message_submitbutton' is clicked on

2022-01-16 12:09:10 - [TEST_STEP][PASSED] - verifyElementText(findTestObject("Object Repository/Page_forum test/div_- Required"), "- Required"): Actual text and expected text of test object 'Object Repository/Page_forum test/div_- Required' are matched.

2022-01-16 12:09:10 - [MESSAGE][PASSED] - Actual text and expected text of test object 'Object Repository/Page_forum test/div_- Required' are matched.

2022-01-16 12:09:10 - [TEST_STEP][PASSED] - closeBrowser(): Browser is closed

2022-01-16 12:09:11 - [MESSAGE][PASSED] - Browser is closed]]></system-out>
         <system-err><![CDATA[]]></system-err>
      </testcase>
      <testcase name="Test Cases/Student/7. Khác/4. View announcements" time="73.003" classname="Test Cases/Student/7. Khác/4. View announcements" status="PASSED">
         <system-out><![CDATA[2022-01-16 12:09:11 - [TEST_CASE][PASSED] - Test Cases/Student/7. Khác/4. View announcements: Test Cases/Student/7. Khác/4. View announcements

2022-01-16 12:09:11 - [TEST_STEP][PASSED] - callTestCase(findTestCase("Student/2. Login as student"), [:], STOP_ON_FAILURE): Call Test Case 'Test Cases/Student/2. Login as student' successfully

2022-01-16 12:09:11 - [TEST_CASE][PASSED] - Test Cases/Student/2. Login as student: Test Cases/Student/2. Login as student

2022-01-16 12:09:11 - [TEST_STEP][PASSED] - openBrowser(""): Browser is opened with url: ''

2022-01-16 12:09:11 - [MESSAGE][INFO] - Starting 'Edge Chromium' driver

2022-01-16 12:09:14 - [MESSAGE][INFO] - Action delay is set to 0 milliseconds

2022-01-16 12:09:14 - [MESSAGE][PASSED] - Browser is opened with url: ''

2022-01-16 12:09:14 - [TEST_STEP][PASSED] - navigateToUrl("http://localhost/"): Navigate to 'http://localhost/' successfully

2022-01-16 12:09:15 - [MESSAGE][PASSED] - Navigate to 'http://localhost/' successfully

2022-01-16 12:09:15 - [TEST_STEP][PASSED] - click(findTestObject("Object Repository/Page_Automation Testing Site/a_Log in")): Object: 'Object Repository/Page_Automation Testing Site/a_Log in' is clicked on

2022-01-16 12:09:16 - [MESSAGE][PASSED] - Object: 'Object Repository/Page_Automation Testing Site/a_Log in' is clicked on

2022-01-16 12:09:16 - [TEST_STEP][PASSED] - setText(findTestObject("Object Repository/Page_Automation Testing Site Log in to the site/input_Username_username"), "student"): Text 'student' is set on object 'Object Repository/Page_Automation Testing Site Log in to the site/input_Username_username'

2022-01-16 12:09:17 - [MESSAGE][PASSED] - Text 'student' is set on object 'Object Repository/Page_Automation Testing Site Log in to the site/input_Username_username'

2022-01-16 12:09:17 - [TEST_STEP][PASSED] - setEncryptedText(findTestObject("Object Repository/Page_Automation Testing Site Log in to the site/input_Password_password"), "cnpXG5HhkrZpEXzNIGBMZQ=="): Text ****** has been set on object 'Object Repository/Page_Automation Testing Site Log in to the site/input_Password_password'

2022-01-16 12:09:17 - [MESSAGE][PASSED] - Text ****** has been set on object 'Object Repository/Page_Automation Testing Site Log in to the site/input_Password_password'

2022-01-16 12:09:17 - [TEST_STEP][PASSED] - click(findTestObject("Object Repository/Page_Automation Testing Site Log in to the site/button_Log in")): Object: 'Object Repository/Page_Automation Testing Site Log in to the site/button_Log in' is clicked on

2022-01-16 12:09:18 - [MESSAGE][PASSED] - Object: 'Object Repository/Page_Automation Testing Site Log in to the site/button_Log in' is clicked on

2022-01-16 12:09:18 - [TEST_STEP][PASSED] - click(findTestObject("Object Repository/Page_Dashboard/span_Site home")): Object: 'Object Repository/Page_Dashboard/span_Site home' is clicked on

2022-01-16 12:09:49 - [MESSAGE][INFO] - Unable to find the element located by 'By.xpath: '. Please recheck the objects properties to make sure the desired element is located. 

2022-01-16 12:09:49 - [MESSAGE][WARNING] - [SELF-HEALING] Failed to find element with id 'Object Repository/Page_Dashboard/span_Site home'. Try using Self-healing.

2022-01-16 12:09:50 - [MESSAGE][WARNING] - [SELF-HEALING] The current locator of test object 'Object Repository/Page_Dashboard/span_Site home' was broken. Propose an alternative one: '//div[@id='nav-drawer']/nav/ul/li[2]/a/div/div/span[2]'.

2022-01-16 12:09:50 - [MESSAGE][PASSED] - Object: 'Object Repository/Page_Dashboard/span_Site home' is clicked on

2022-01-16 12:09:50 - [TEST_STEP][PASSED] - click(findTestObject("Object Repository/Page_Automation Testing Site/a_CNTN")): Object: 'Object Repository/Page_Automation Testing Site/a_CNTN' is clicked on

2022-01-16 12:09:51 - [MESSAGE][PASSED] - Object: 'Object Repository/Page_Automation Testing Site/a_CNTN' is clicked on

2022-01-16 12:09:51 - [MESSAGE][INFO] - 

2022-01-16 12:09:51 - [MESSAGE][INFO] - ===================== Self-healing Report ====================

2022-01-16 12:09:51 - [MESSAGE][INFO] - One of the failed test object locators has been recovered by Self-healing. Please refer to the Self-healing Insights tab for more details.

2022-01-16 12:09:51 - [MESSAGE][INFO] - To learn more about Self-healing, please read https://docs.katalon.com/katalon-studio/docs/self-healing.html

2022-01-16 12:09:51 - [MESSAGE][INFO] - ==============================================================

2022-01-16 12:09:51 - [MESSAGE][PASSED] - Call Test Case 'Test Cases/Student/2. Login as student' successfully

2022-01-16 12:09:51 - [TEST_STEP][PASSED] - click(findTestObject("Object Repository/Page_Course CNTN/span_Announcements Forum")): Object: 'Object Repository/Page_Course CNTN/span_Announcements Forum' is clicked on

2022-01-16 12:10:22 - [MESSAGE][INFO] - Unable to find the element located by 'By.xpath: //li[@id='module-12']/div/div/div[2]/div/a/span'. Please recheck the objects properties to make sure the desired element is located. 

2022-01-16 12:10:22 - [MESSAGE][WARNING] - [SELF-HEALING] Failed to find element with id 'Object Repository/Page_Course CNTN/span_Announcements Forum'. Try using Self-healing.

2022-01-16 12:10:22 - [MESSAGE][WARNING] - [SELF-HEALING] The current locator of test object 'Object Repository/Page_Course CNTN/span_Announcements Forum' was broken. Propose an alternative one: '(.//*[normalize-space(text()) and normalize-space(.)='General'])[2]/following::span[1]'.

2022-01-16 12:10:23 - [MESSAGE][PASSED] - Object: 'Object Repository/Page_Course CNTN/span_Announcements Forum' is clicked on

2022-01-16 12:10:23 - [TEST_STEP][PASSED] - verifyElementText(findTestObject("Object Repository/Page_Announcements/div_General news and announcements"), "General news and announcements"): Actual text and expected text of test object 'Object Repository/Page_Announcements/div_General news and announcements' are matched.

2022-01-16 12:10:23 - [MESSAGE][PASSED] - Actual text and expected text of test object 'Object Repository/Page_Announcements/div_General news and announcements' are matched.

2022-01-16 12:10:23 - [TEST_STEP][PASSED] - closeBrowser(): Browser is closed

2022-01-16 12:10:24 - [MESSAGE][PASSED] - Browser is closed]]></system-out>
         <system-err><![CDATA[]]></system-err>
      </testcase>
      <testcase name="Test Cases/Kiểm tra thẻ Site Administration/Đăng nhập dưới quyền Ẩn danh" time="8.94" classname="Test Cases/Kiểm tra thẻ Site Administration/Đăng nhập dưới quyền Ẩn danh" status="PASSED">
         <system-out><![CDATA[2022-01-16 12:10:24 - [TEST_CASE][PASSED] - Test Cases/Kiểm tra thẻ Site Administration/Đăng nhập dưới quyền Ẩn danh: Test Cases/Kiểm tra thẻ Site Administration/Đăng nhập dưới quyền Ẩn danh

2022-01-16 12:10:24 - [TEST_STEP][PASSED] - openBrowser(""): Browser is opened with url: ''

2022-01-16 12:10:24 - [MESSAGE][INFO] - Starting 'Edge Chromium' driver

2022-01-16 12:10:27 - [MESSAGE][INFO] - Action delay is set to 0 milliseconds

2022-01-16 12:10:27 - [MESSAGE][PASSED] - Browser is opened with url: ''

2022-01-16 12:10:27 - [TEST_STEP][PASSED] - navigateToUrl("http://localhost/"): Navigate to 'http://localhost/' successfully

2022-01-16 12:10:28 - [MESSAGE][PASSED] - Navigate to 'http://localhost/' successfully

2022-01-16 12:10:28 - [TEST_STEP][PASSED] - click(findTestObject("Object Repository/AnonymousSignIn/Page_Automation Testing Site/a_Log in")): Object: 'Object Repository/AnonymousSignIn/Page_Automation Testing Site/a_Log in' is clicked on

2022-01-16 12:10:29 - [MESSAGE][PASSED] - Object: 'Object Repository/AnonymousSignIn/Page_Automation Testing Site/a_Log in' is clicked on

2022-01-16 12:10:29 - [TEST_STEP][PASSED] - verifyElementPresent(findTestObject("Object Repository/AnonymousSignIn/Page_Automation Testing Site Log in to the site/button_Log in as a guest"), 0): Object 'Object Repository/AnonymousSignIn/Page_Automation Testing Site Log in to the site/button_Log in as a guest' is present

2022-01-16 12:10:29 - [MESSAGE][WARNING] - Timeout '0' is invalid. Using default page load timeout: '30'

2022-01-16 12:10:29 - [MESSAGE][PASSED] - Object 'Object Repository/AnonymousSignIn/Page_Automation Testing Site Log in to the site/button_Log in as a guest' is present

2022-01-16 12:10:29 - [TEST_STEP][PASSED] - click(findTestObject("Object Repository/AnonymousSignIn/Page_Automation Testing Site Log in to the site/button_Log in as a guest")): Object: 'Object Repository/AnonymousSignIn/Page_Automation Testing Site Log in to the site/button_Log in as a guest' is clicked on

2022-01-16 12:10:30 - [MESSAGE][PASSED] - Object: 'Object Repository/AnonymousSignIn/Page_Automation Testing Site Log in to the site/button_Log in as a guest' is clicked on

2022-01-16 12:10:30 - [TEST_STEP][PASSED] - navigateToUrl("http://localhost/"): Navigate to 'http://localhost/' successfully

2022-01-16 12:10:30 - [MESSAGE][PASSED] - Navigate to 'http://localhost/' successfully

2022-01-16 12:10:30 - [TEST_STEP][PASSED] - verifyElementPresent(findTestObject("Object Repository/AnonymousSignIn/Page_Automation Testing Site/span_Calendar"), 0): Object 'Object Repository/AnonymousSignIn/Page_Automation Testing Site/span_Calendar' is present

2022-01-16 12:10:30 - [MESSAGE][WARNING] - Timeout '0' is invalid. Using default page load timeout: '30'

2022-01-16 12:10:31 - [MESSAGE][PASSED] - Object 'Object Repository/AnonymousSignIn/Page_Automation Testing Site/span_Calendar' is present

2022-01-16 12:10:31 - [TEST_STEP][PASSED] - click(findTestObject("Object Repository/AnonymousSignIn/Page_Automation Testing Site/span_Calendar")): Object: 'Object Repository/AnonymousSignIn/Page_Automation Testing Site/span_Calendar' is clicked on

2022-01-16 12:10:31 - [MESSAGE][PASSED] - Object: 'Object Repository/AnonymousSignIn/Page_Automation Testing Site/span_Calendar' is clicked on

2022-01-16 12:10:31 - [TEST_STEP][PASSED] - verifyTextPresent("You are currently using guest access (Log in)", false): Text 'You are currently using guest access (Log in)' is present on page 

2022-01-16 12:10:33 - [MESSAGE][PASSED] - Text 'You are currently using guest access (Log in)' is present on page]]></system-out>
         <system-err><![CDATA[]]></system-err>
      </testcase>
      <testcase name="Test Cases/Kiểm tra thẻ Site Administration/Đăng nhập thất bại" time="8.672" classname="Test Cases/Kiểm tra thẻ Site Administration/Đăng nhập thất bại" status="PASSED">
         <system-out><![CDATA[2022-01-16 12:10:33 - [TEST_CASE][PASSED] - Test Cases/Kiểm tra thẻ Site Administration/Đăng nhập thất bại: Test Cases/Kiểm tra thẻ Site Administration/Đăng nhập thất bại

2022-01-16 12:10:33 - [TEST_STEP][PASSED] - openBrowser(""): Browser is opened with url: ''

2022-01-16 12:10:33 - [MESSAGE][WARNING] - A browser is already opened. Closing browser and opening a new one

2022-01-16 12:10:34 - [MESSAGE][INFO] - Starting 'Edge Chromium' driver

2022-01-16 12:10:36 - [MESSAGE][INFO] - Action delay is set to 0 milliseconds

2022-01-16 12:10:37 - [MESSAGE][PASSED] - Browser is opened with url: ''

2022-01-16 12:10:37 - [TEST_STEP][PASSED] - navigateToUrl("http://localhost/"): Navigate to 'http://localhost/' successfully

2022-01-16 12:10:38 - [MESSAGE][PASSED] - Navigate to 'http://localhost/' successfully

2022-01-16 12:10:38 - [TEST_STEP][PASSED] - click(findTestObject("Object Repository/LoginFailedObject/Page_Automation Testing Site/a_Log in")): Object: 'Object Repository/LoginFailedObject/Page_Automation Testing Site/a_Log in' is clicked on

2022-01-16 12:10:39 - [MESSAGE][PASSED] - Object: 'Object Repository/LoginFailedObject/Page_Automation Testing Site/a_Log in' is clicked on

2022-01-16 12:10:39 - [TEST_STEP][PASSED] - setText(findTestObject("Object Repository/LoginFailedObject/Page_Automation Testing Site Log in to the site/input_Username_username"), "admin"): Text 'admin' is set on object 'Object Repository/LoginFailedObject/Page_Automation Testing Site Log in to the site/input_Username_username'

2022-01-16 12:10:39 - [MESSAGE][PASSED] - Text 'admin' is set on object 'Object Repository/LoginFailedObject/Page_Automation Testing Site Log in to the site/input_Username_username'

2022-01-16 12:10:39 - [TEST_STEP][PASSED] - setEncryptedText(findTestObject("Object Repository/LoginFailedObject/Page_Automation Testing Site Log in to the site/input_Password_password"), "RAIVpflpDOg="): Text ****** has been set on object 'Object Repository/LoginFailedObject/Page_Automation Testing Site Log in to the site/input_Password_password'

2022-01-16 12:10:40 - [MESSAGE][PASSED] - Text ****** has been set on object 'Object Repository/LoginFailedObject/Page_Automation Testing Site Log in to the site/input_Password_password'

2022-01-16 12:10:40 - [TEST_STEP][PASSED] - click(findTestObject("Object Repository/LoginFailedObject/Page_Automation Testing Site Log in to the site/button_Log in")): Object: 'Object Repository/LoginFailedObject/Page_Automation Testing Site Log in to the site/button_Log in' is clicked on

2022-01-16 12:10:40 - [MESSAGE][PASSED] - Object: 'Object Repository/LoginFailedObject/Page_Automation Testing Site Log in to the site/button_Log in' is clicked on

2022-01-16 12:10:40 - [TEST_STEP][PASSED] - verifyElementPresent(findTestObject("Object Repository/LoginFailedObject/Page_Automation Testing Site Log in to the site/div_Invalid login, please try again"), 0): Object 'Object Repository/LoginFailedObject/Page_Automation Testing Site Log in to the site/div_Invalid login, please try again' is present

2022-01-16 12:10:41 - [MESSAGE][WARNING] - Timeout '0' is invalid. Using default page load timeout: '30'

2022-01-16 12:10:41 - [MESSAGE][PASSED] - Object 'Object Repository/LoginFailedObject/Page_Automation Testing Site Log in to the site/div_Invalid login, please try again' is present

2022-01-16 12:10:41 - [TEST_STEP][PASSED] - closeBrowser(): Browser is closed

2022-01-16 12:10:42 - [MESSAGE][PASSED] - Browser is closed]]></system-out>
         <system-err><![CDATA[]]></system-err>
      </testcase>
      <testcase name="Test Cases/Kiểm tra thẻ Site Administration/Đăng nhập thành công" time="8.331" classname="Test Cases/Kiểm tra thẻ Site Administration/Đăng nhập thành công" status="PASSED">
         <system-out><![CDATA[2022-01-16 12:10:42 - [TEST_CASE][PASSED] - Test Cases/Kiểm tra thẻ Site Administration/Đăng nhập thành công: Test Cases/Kiểm tra thẻ Site Administration/Đăng nhập thành công

2022-01-16 12:10:42 - [TEST_STEP][PASSED] - openBrowser(""): Browser is opened with url: ''

2022-01-16 12:10:42 - [MESSAGE][INFO] - Starting 'Edge Chromium' driver

2022-01-16 12:10:44 - [MESSAGE][INFO] - Action delay is set to 0 milliseconds

2022-01-16 12:10:45 - [MESSAGE][PASSED] - Browser is opened with url: ''

2022-01-16 12:10:45 - [TEST_STEP][PASSED] - navigateToUrl("http://localhost/"): Navigate to 'http://localhost/' successfully

2022-01-16 12:10:45 - [MESSAGE][PASSED] - Navigate to 'http://localhost/' successfully

2022-01-16 12:10:45 - [TEST_STEP][PASSED] - click(findTestObject("Object Repository/LoginObject/Page_Automation Testing Site/a_Log in")): Object: 'Object Repository/LoginObject/Page_Automation Testing Site/a_Log in' is clicked on

2022-01-16 12:10:46 - [MESSAGE][PASSED] - Object: 'Object Repository/LoginObject/Page_Automation Testing Site/a_Log in' is clicked on

2022-01-16 12:10:46 - [TEST_STEP][PASSED] - setText(findTestObject("Object Repository/LoginObject/Page_Automation Testing Site Log in to the site/input_Username_username"), "admin"): Text 'admin' is set on object 'Object Repository/LoginObject/Page_Automation Testing Site Log in to the site/input_Username_username'

2022-01-16 12:10:47 - [MESSAGE][PASSED] - Text 'admin' is set on object 'Object Repository/LoginObject/Page_Automation Testing Site Log in to the site/input_Username_username'

2022-01-16 12:10:47 - [TEST_STEP][PASSED] - setEncryptedText(findTestObject("Object Repository/LoginObject/Page_Automation Testing Site Log in to the site/input_Password_password"), "cnpXG5HhkrZpEXzNIGBMZQ=="): Text ****** has been set on object 'Object Repository/LoginObject/Page_Automation Testing Site Log in to the site/input_Password_password'

2022-01-16 12:10:47 - [MESSAGE][PASSED] - Text ****** has been set on object 'Object Repository/LoginObject/Page_Automation Testing Site Log in to the site/input_Password_password'

2022-01-16 12:10:47 - [TEST_STEP][PASSED] - click(findTestObject("Object Repository/LoginObject/Page_Automation Testing Site Log in to the site/button_Log in")): Object: 'Object Repository/LoginObject/Page_Automation Testing Site Log in to the site/button_Log in' is clicked on

2022-01-16 12:10:49 - [MESSAGE][PASSED] - Object: 'Object Repository/LoginObject/Page_Automation Testing Site Log in to the site/button_Log in' is clicked on

2022-01-16 12:10:49 - [TEST_STEP][PASSED] - verifyElementText(findTestObject("Object Repository/LoginObject/Page_Dashboard/span_Site administration"), "Site administration"): Actual text and expected text of test object 'Object Repository/LoginObject/Page_Dashboard/span_Site administration' are matched.

2022-01-16 12:10:50 - [MESSAGE][PASSED] - Actual text and expected text of test object 'Object Repository/LoginObject/Page_Dashboard/span_Site administration' are matched.]]></system-out>
         <system-err><![CDATA[]]></system-err>
      </testcase>
      <testcase name="Test Cases/Phần thiết lập khác/Kiểm tra sự hiện diện của tính năng tin nhắn" time="13.862" classname="Test Cases/Phần thiết lập khác/Kiểm tra sự hiện diện của tính năng tin nhắn" status="PASSED">
         <system-out><![CDATA[2022-01-16 12:10:50 - [TEST_CASE][PASSED] - Test Cases/Phần thiết lập khác/Kiểm tra sự hiện diện của tính năng tin nhắn: Test Cases/Phần thiết lập khác/Kiểm tra sự hiện diện của tính năng tin nhắn

2022-01-16 12:10:50 - [TEST_STEP][PASSED] - callTestCase(findTestCase("Kiểm tra thẻ Site Administration/Đăng nhập thành công"), [:], STOP_ON_FAILURE): Call Test Case 'Test Cases/Kiểm tra thẻ Site Administration/Đăng nhập thành công' successfully

2022-01-16 12:10:50 - [TEST_CASE][PASSED] - Test Cases/Kiểm tra thẻ Site Administration/Đăng nhập thành công: Test Cases/Kiểm tra thẻ Site Administration/Đăng nhập thành công

2022-01-16 12:10:50 - [TEST_STEP][PASSED] - openBrowser(""): Browser is opened with url: ''

2022-01-16 12:10:50 - [MESSAGE][WARNING] - A browser is already opened. Closing browser and opening a new one

2022-01-16 12:10:51 - [MESSAGE][INFO] - Starting 'Edge Chromium' driver

2022-01-16 12:10:53 - [MESSAGE][INFO] - Action delay is set to 0 milliseconds

2022-01-16 12:10:54 - [MESSAGE][PASSED] - Browser is opened with url: ''

2022-01-16 12:10:54 - [TEST_STEP][PASSED] - navigateToUrl("http://localhost/"): Navigate to 'http://localhost/' successfully

2022-01-16 12:10:55 - [MESSAGE][PASSED] - Navigate to 'http://localhost/' successfully

2022-01-16 12:10:55 - [TEST_STEP][PASSED] - click(findTestObject("Object Repository/LoginObject/Page_Automation Testing Site/a_Log in")): Object: 'Object Repository/LoginObject/Page_Automation Testing Site/a_Log in' is clicked on

2022-01-16 12:10:56 - [MESSAGE][PASSED] - Object: 'Object Repository/LoginObject/Page_Automation Testing Site/a_Log in' is clicked on

2022-01-16 12:10:56 - [TEST_STEP][PASSED] - setText(findTestObject("Object Repository/LoginObject/Page_Automation Testing Site Log in to the site/input_Username_username"), "admin"): Text 'admin' is set on object 'Object Repository/LoginObject/Page_Automation Testing Site Log in to the site/input_Username_username'

2022-01-16 12:10:57 - [MESSAGE][PASSED] - Text 'admin' is set on object 'Object Repository/LoginObject/Page_Automation Testing Site Log in to the site/input_Username_username'

2022-01-16 12:10:57 - [TEST_STEP][PASSED] - setEncryptedText(findTestObject("Object Repository/LoginObject/Page_Automation Testing Site Log in to the site/input_Password_password"), "cnpXG5HhkrZpEXzNIGBMZQ=="): Text ****** has been set on object 'Object Repository/LoginObject/Page_Automation Testing Site Log in to the site/input_Password_password'

2022-01-16 12:10:57 - [MESSAGE][PASSED] - Text ****** has been set on object 'Object Repository/LoginObject/Page_Automation Testing Site Log in to the site/input_Password_password'

2022-01-16 12:10:57 - [TEST_STEP][PASSED] - click(findTestObject("Object Repository/LoginObject/Page_Automation Testing Site Log in to the site/button_Log in")): Object: 'Object Repository/LoginObject/Page_Automation Testing Site Log in to the site/button_Log in' is clicked on

2022-01-16 12:10:59 - [MESSAGE][PASSED] - Object: 'Object Repository/LoginObject/Page_Automation Testing Site Log in to the site/button_Log in' is clicked on

2022-01-16 12:10:59 - [TEST_STEP][PASSED] - verifyElementText(findTestObject("Object Repository/LoginObject/Page_Dashboard/span_Site administration"), "Site administration"): Actual text and expected text of test object 'Object Repository/LoginObject/Page_Dashboard/span_Site administration' are matched.

2022-01-16 12:11:00 - [MESSAGE][PASSED] - Actual text and expected text of test object 'Object Repository/LoginObject/Page_Dashboard/span_Site administration' are matched.

2022-01-16 12:11:00 - [MESSAGE][PASSED] - Call Test Case 'Test Cases/Kiểm tra thẻ Site Administration/Đăng nhập thành công' successfully

2022-01-16 12:11:00 - [TEST_STEP][PASSED] - click(findTestObject("Object Repository/CheckMessageVisible/Page_Dashboard/i_See all_icon fa fa-comment fa-fw")): Object: 'Object Repository/CheckMessageVisible/Page_Dashboard/i_See all_icon fa fa-comment fa-fw' is clicked on

2022-01-16 12:11:01 - [MESSAGE][PASSED] - Object: 'Object Repository/CheckMessageVisible/Page_Dashboard/i_See all_icon fa fa-comment fa-fw' is clicked on

2022-01-16 12:11:01 - [TEST_STEP][PASSED] - verifyTextPresent("Contacts", false): Text 'Contacts' is present on page 

2022-01-16 12:11:02 - [MESSAGE][PASSED] - Text 'Contacts' is present on page 

2022-01-16 12:11:02 - [TEST_STEP][PASSED] - verifyTextPresent("Group", false): Text 'Group' is present on page 

2022-01-16 12:11:03 - [MESSAGE][PASSED] - Text 'Group' is present on page 

2022-01-16 12:11:03 - [TEST_STEP][PASSED] - verifyTextPresent("Private", false): Text 'Private' is present on page 

2022-01-16 12:11:03 - [MESSAGE][PASSED] - Text 'Private' is present on page 

2022-01-16 12:11:03 - [TEST_STEP][PASSED] - click(findTestObject("Object Repository/CheckMessageVisible/Page_Dashboard/i_See all_icon fa fa-comment fa-fw")): Object: 'Object Repository/CheckMessageVisible/Page_Dashboard/i_See all_icon fa fa-comment fa-fw' is clicked on

2022-01-16 12:11:04 - [MESSAGE][PASSED] - Object: 'Object Repository/CheckMessageVisible/Page_Dashboard/i_See all_icon fa fa-comment fa-fw' is clicked on]]></system-out>
         <system-err><![CDATA[]]></system-err>
      </testcase>
      <testcase name="Test Cases/Phần thiết lập khác/Kiểm tra việc tạo và xóa một Cohort" time="50.662" classname="Test Cases/Phần thiết lập khác/Kiểm tra việc tạo và xóa một Cohort" status="FAILED">
         <failure type="FAILED" message="Test Cases/Phần thiết lập khác/Kiểm tra việc tạo và xóa một Cohort FAILED.
Reason:
com.kms.katalon.core.exception.StepFailedException: Unable to click on object 'Object Repository/AddCohort/Page_SiteTesting Administration Users Accou_c8a473/a_Add new cohort'
	at com.kms.katalon.core.webui.keyword.internal.WebUIKeywordMain.stepFailed(WebUIKeywordMain.groovy:64)
	at com.kms.katalon.core.webui.keyword.internal.WebUIKeywordMain.runKeyword(WebUIKeywordMain.groovy:26)
	at com.kms.katalon.core.webui.keyword.builtin.ClickKeyword.click(ClickKeyword.groovy:74)
	at com.kms.katalon.core.webui.keyword.builtin.ClickKeyword.execute(ClickKeyword.groovy:40)
	at com.kms.katalon.core.keyword.internal.KeywordExecutor.executeKeywordForPlatform(KeywordExecutor.groovy:74)
	at com.kms.katalon.core.webui.keyword.WebUiBuiltInKeywords.click(WebUiBuiltInKeywords.groovy:620)
	at com.kms.katalon.core.webui.keyword.WebUiBuiltInKeywords$click$1.call(Unknown Source)
	at Kiểm tra việc tạo và xóa một Cohort.run(Kiểm tra việc tạo và xóa một Cohort:30)
	at com.kms.katalon.core.main.ScriptEngine.run(ScriptEngine.java:194)
	at com.kms.katalon.core.main.ScriptEngine.runScriptAsRawText(ScriptEngine.java:119)
	at com.kms.katalon.core.main.TestCaseExecutor.runScript(TestCaseExecutor.java:442)
	at com.kms.katalon.core.main.TestCaseExecutor.doExecute(TestCaseExecutor.java:433)
	at com.kms.katalon.core.main.TestCaseExecutor.processExecutionPhase(TestCaseExecutor.java:412)
	at com.kms.katalon.core.main.TestCaseExecutor.accessMainPhase(TestCaseExecutor.java:404)
	at com.kms.katalon.core.main.TestCaseExecutor.execute(TestCaseExecutor.java:281)
	at com.kms.katalon.core.main.TestSuiteExecutor.accessTestCaseMainPhase(TestSuiteExecutor.java:202)
	at com.kms.katalon.core.main.TestSuiteExecutor.accessTestSuiteMainPhase(TestSuiteExecutor.java:164)
	at com.kms.katalon.core.main.TestSuiteExecutor.execute(TestSuiteExecutor.java:105)
	at com.kms.katalon.core.main.TestCaseMain.startTestSuite(TestCaseMain.java:181)
	at com.kms.katalon.core.main.TestCaseMain$startTestSuite$0.call(Unknown Source)
	at TempTestSuite1642307295030.run(TempTestSuite1642307295030.groovy:36)
Caused by: com.kms.katalon.core.webui.exception.WebElementNotFoundException: Web element with id: 'Object Repository/AddCohort/Page_SiteTesting Administration Users Accou_c8a473/a_Add new cohort' located by '//section[@id='region-main']/div/ul/li[3]/a' not found
	at com.kms.katalon.core.webui.common.WebUiCommonHelper.findWebElement(WebUiCommonHelper.java:1368)
	at com.kms.katalon.core.webui.keyword.internal.WebUIAbstractKeyword.findWebElement(WebUIAbstractKeyword.groovy:27)
	at com.kms.katalon.core.webui.keyword.builtin.ClickKeyword$_click_closure1.doCall(ClickKeyword.groovy:65)
	at com.kms.katalon.core.webui.keyword.builtin.ClickKeyword$_click_closure1.call(ClickKeyword.groovy)
	at com.kms.katalon.core.webui.keyword.internal.WebUIKeywordMain.runKeyword(WebUIKeywordMain.groovy:20)
	... 19 more
"/>
         <system-out><![CDATA[2022-01-16 12:11:04 - [TEST_CASE][FAILED] - Test Cases/Phần thiết lập khác/Kiểm tra việc tạo và xóa một Cohort: Test Cases/Phần thiết lập khác/Kiểm tra việc tạo và xóa một Cohort FAILED.
Reason:
com.kms.katalon.core.exception.StepFailedException: Unable to click on object 'Object Repository/AddCohort/Page_SiteTesting Administration Users Accou_c8a473/a_Add new cohort'
	at com.kms.katalon.core.webui.keyword.internal.WebUIKeywordMain.stepFailed(WebUIKeywordMain.groovy:64)
	at com.kms.katalon.core.webui.keyword.internal.WebUIKeywordMain.runKeyword(WebUIKeywordMain.groovy:26)
	at com.kms.katalon.core.webui.keyword.builtin.ClickKeyword.click(ClickKeyword.groovy:74)
	at com.kms.katalon.core.webui.keyword.builtin.ClickKeyword.execute(ClickKeyword.groovy:40)
	at com.kms.katalon.core.keyword.internal.KeywordExecutor.executeKeywordForPlatform(KeywordExecutor.groovy:74)
	at com.kms.katalon.core.webui.keyword.WebUiBuiltInKeywords.click(WebUiBuiltInKeywords.groovy:620)
	at com.kms.katalon.core.webui.keyword.WebUiBuiltInKeywords$click$1.call(Unknown Source)
	at Kiểm tra việc tạo và xóa một Cohort.run(Kiểm tra việc tạo và xóa một Cohort:30)
	at com.kms.katalon.core.main.ScriptEngine.run(ScriptEngine.java:194)
	at com.kms.katalon.core.main.ScriptEngine.runScriptAsRawText(ScriptEngine.java:119)
	at com.kms.katalon.core.main.TestCaseExecutor.runScript(TestCaseExecutor.java:442)
	at com.kms.katalon.core.main.TestCaseExecutor.doExecute(TestCaseExecutor.java:433)
	at com.kms.katalon.core.main.TestCaseExecutor.processExecutionPhase(TestCaseExecutor.java:412)
	at com.kms.katalon.core.main.TestCaseExecutor.accessMainPhase(TestCaseExecutor.java:404)
	at com.kms.katalon.core.main.TestCaseExecutor.execute(TestCaseExecutor.java:281)
	at com.kms.katalon.core.main.TestSuiteExecutor.accessTestCaseMainPhase(TestSuiteExecutor.java:202)
	at com.kms.katalon.core.main.TestSuiteExecutor.accessTestSuiteMainPhase(TestSuiteExecutor.java:164)
	at com.kms.katalon.core.main.TestSuiteExecutor.execute(TestSuiteExecutor.java:105)
	at com.kms.katalon.core.main.TestCaseMain.startTestSuite(TestCaseMain.java:181)
	at com.kms.katalon.core.main.TestCaseMain$startTestSuite$0.call(Unknown Source)
	at TempTestSuite1642307295030.run(TempTestSuite1642307295030.groovy:36)
Caused by: com.kms.katalon.core.webui.exception.WebElementNotFoundException: Web element with id: 'Object Repository/AddCohort/Page_SiteTesting Administration Users Accou_c8a473/a_Add new cohort' located by '//section[@id='region-main']/div/ul/li[3]/a' not found
	at com.kms.katalon.core.webui.common.WebUiCommonHelper.findWebElement(WebUiCommonHelper.java:1368)
	at com.kms.katalon.core.webui.keyword.internal.WebUIAbstractKeyword.findWebElement(WebUIAbstractKeyword.groovy:27)
	at com.kms.katalon.core.webui.keyword.builtin.ClickKeyword$_click_closure1.doCall(ClickKeyword.groovy:65)
	at com.kms.katalon.core.webui.keyword.builtin.ClickKeyword$_click_closure1.call(ClickKeyword.groovy)
	at com.kms.katalon.core.webui.keyword.internal.WebUIKeywordMain.runKeyword(WebUIKeywordMain.groovy:20)
	... 19 more


2022-01-16 12:11:04 - [TEST_STEP][PASSED] - callTestCase(findTestCase("Kiểm tra thẻ Site Administration/Đăng nhập thành công"), [:], STOP_ON_FAILURE): Call Test Case 'Test Cases/Kiểm tra thẻ Site Administration/Đăng nhập thành công' successfully

2022-01-16 12:11:04 - [TEST_CASE][PASSED] - Test Cases/Kiểm tra thẻ Site Administration/Đăng nhập thành công: Test Cases/Kiểm tra thẻ Site Administration/Đăng nhập thành công

2022-01-16 12:11:04 - [TEST_STEP][PASSED] - openBrowser(""): Browser is opened with url: ''

2022-01-16 12:11:04 - [MESSAGE][WARNING] - A browser is already opened. Closing browser and opening a new one

2022-01-16 12:11:05 - [MESSAGE][INFO] - Starting 'Edge Chromium' driver

2022-01-16 12:11:07 - [MESSAGE][INFO] - Action delay is set to 0 milliseconds

2022-01-16 12:11:08 - [MESSAGE][PASSED] - Browser is opened with url: ''

2022-01-16 12:11:08 - [TEST_STEP][PASSED] - navigateToUrl("http://localhost/"): Navigate to 'http://localhost/' successfully

2022-01-16 12:11:09 - [MESSAGE][PASSED] - Navigate to 'http://localhost/' successfully

2022-01-16 12:11:09 - [TEST_STEP][PASSED] - click(findTestObject("Object Repository/LoginObject/Page_Automation Testing Site/a_Log in")): Object: 'Object Repository/LoginObject/Page_Automation Testing Site/a_Log in' is clicked on

2022-01-16 12:11:10 - [MESSAGE][PASSED] - Object: 'Object Repository/LoginObject/Page_Automation Testing Site/a_Log in' is clicked on

2022-01-16 12:11:10 - [TEST_STEP][PASSED] - setText(findTestObject("Object Repository/LoginObject/Page_Automation Testing Site Log in to the site/input_Username_username"), "admin"): Text 'admin' is set on object 'Object Repository/LoginObject/Page_Automation Testing Site Log in to the site/input_Username_username'

2022-01-16 12:11:11 - [MESSAGE][PASSED] - Text 'admin' is set on object 'Object Repository/LoginObject/Page_Automation Testing Site Log in to the site/input_Username_username'

2022-01-16 12:11:11 - [TEST_STEP][PASSED] - setEncryptedText(findTestObject("Object Repository/LoginObject/Page_Automation Testing Site Log in to the site/input_Password_password"), "cnpXG5HhkrZpEXzNIGBMZQ=="): Text ****** has been set on object 'Object Repository/LoginObject/Page_Automation Testing Site Log in to the site/input_Password_password'

2022-01-16 12:11:11 - [MESSAGE][PASSED] - Text ****** has been set on object 'Object Repository/LoginObject/Page_Automation Testing Site Log in to the site/input_Password_password'

2022-01-16 12:11:11 - [TEST_STEP][PASSED] - click(findTestObject("Object Repository/LoginObject/Page_Automation Testing Site Log in to the site/button_Log in")): Object: 'Object Repository/LoginObject/Page_Automation Testing Site Log in to the site/button_Log in' is clicked on

2022-01-16 12:11:13 - [MESSAGE][PASSED] - Object: 'Object Repository/LoginObject/Page_Automation Testing Site Log in to the site/button_Log in' is clicked on

2022-01-16 12:11:13 - [TEST_STEP][PASSED] - verifyElementText(findTestObject("Object Repository/LoginObject/Page_Dashboard/span_Site administration"), "Site administration"): Actual text and expected text of test object 'Object Repository/LoginObject/Page_Dashboard/span_Site administration' are matched.

2022-01-16 12:11:14 - [MESSAGE][PASSED] - Actual text and expected text of test object 'Object Repository/LoginObject/Page_Dashboard/span_Site administration' are matched.

2022-01-16 12:11:14 - [MESSAGE][PASSED] - Call Test Case 'Test Cases/Kiểm tra thẻ Site Administration/Đăng nhập thành công' successfully

2022-01-16 12:11:14 - [TEST_STEP][PASSED] - click(findTestObject("Object Repository/AddANewUserObject/Page_Dashboard/span_Site administration")): Object: 'Object Repository/AddANewUserObject/Page_Dashboard/span_Site administration' is clicked on

2022-01-16 12:11:16 - [MESSAGE][PASSED] - Object: 'Object Repository/AddANewUserObject/Page_Dashboard/span_Site administration' is clicked on

2022-01-16 12:11:16 - [TEST_STEP][PASSED] - navigateToUrl("http://localhost/admin/search.php"): Navigate to 'http://localhost/admin/search.php' successfully

2022-01-16 12:11:16 - [MESSAGE][PASSED] - Navigate to 'http://localhost/admin/search.php' successfully

2022-01-16 12:11:16 - [TEST_STEP][PASSED] - click(findTestObject("Object Repository/AddCohort/Page_SiteTesting Administration Search/a_Users")): Object: 'Object Repository/AddCohort/Page_SiteTesting Administration Search/a_Users' is clicked on

2022-01-16 12:11:17 - [MESSAGE][PASSED] - Object: 'Object Repository/AddCohort/Page_SiteTesting Administration Search/a_Users' is clicked on

2022-01-16 12:11:17 - [TEST_STEP][PASSED] - click(findTestObject("Object Repository/AddCohort/Page_SiteTesting Administration Search/a_Cohorts")): Object: 'Object Repository/AddCohort/Page_SiteTesting Administration Search/a_Cohorts' is clicked on

2022-01-16 12:11:18 - [MESSAGE][PASSED] - Object: 'Object Repository/AddCohort/Page_SiteTesting Administration Search/a_Cohorts' is clicked on

2022-01-16 12:11:18 - [TEST_STEP][FAILED] - click(findTestObject("Object Repository/AddCohort/Page_SiteTesting Administration Users Accou_c8a473/a_Add new cohort")): Unable to click on object 'Object Repository/AddCohort/Page_SiteTesting Administration Users Accou_c8a473/a_Add new cohort' (Root cause: com.kms.katalon.core.exception.StepFailedException: Unable to click on object 'Object Repository/AddCohort/Page_SiteTesting Administration Users Accou_c8a473/a_Add new cohort'
	at com.kms.katalon.core.webui.keyword.internal.WebUIKeywordMain.stepFailed(WebUIKeywordMain.groovy:64)
	at com.kms.katalon.core.webui.keyword.internal.WebUIKeywordMain.runKeyword(WebUIKeywordMain.groovy:26)
	at com.kms.katalon.core.webui.keyword.builtin.ClickKeyword.click(ClickKeyword.groovy:74)
	at com.kms.katalon.core.webui.keyword.builtin.ClickKeyword.execute(ClickKeyword.groovy:40)
	at com.kms.katalon.core.keyword.internal.KeywordExecutor.executeKeywordForPlatform(KeywordExecutor.groovy:74)
	at com.kms.katalon.core.webui.keyword.WebUiBuiltInKeywords.click(WebUiBuiltInKeywords.groovy:620)
	at com.kms.katalon.core.webui.keyword.WebUiBuiltInKeywords$click$1.call(Unknown Source)
	at Kiểm tra việc tạo và xóa một Cohort.run(Kiểm tra việc tạo và xóa một Cohort:30)
	at com.kms.katalon.core.main.ScriptEngine.run(ScriptEngine.java:194)
	at com.kms.katalon.core.main.ScriptEngine.runScriptAsRawText(ScriptEngine.java:119)
	at com.kms.katalon.core.main.TestCaseExecutor.runScript(TestCaseExecutor.java:442)
	at com.kms.katalon.core.main.TestCaseExecutor.doExecute(TestCaseExecutor.java:433)
	at com.kms.katalon.core.main.TestCaseExecutor.processExecutionPhase(TestCaseExecutor.java:412)
	at com.kms.katalon.core.main.TestCaseExecutor.accessMainPhase(TestCaseExecutor.java:404)
	at com.kms.katalon.core.main.TestCaseExecutor.execute(TestCaseExecutor.java:281)
	at com.kms.katalon.core.main.TestSuiteExecutor.accessTestCaseMainPhase(TestSuiteExecutor.java:202)
	at com.kms.katalon.core.main.TestSuiteExecutor.accessTestSuiteMainPhase(TestSuiteExecutor.java:164)
	at com.kms.katalon.core.main.TestSuiteExecutor.execute(TestSuiteExecutor.java:105)
	at com.kms.katalon.core.main.TestCaseMain.startTestSuite(TestCaseMain.java:181)
	at com.kms.katalon.core.main.TestCaseMain$startTestSuite$0.call(Unknown Source)
	at TempTestSuite1642307295030.run(TempTestSuite1642307295030.groovy:36)
Caused by: com.kms.katalon.core.webui.exception.WebElementNotFoundException: Web element with id: 'Object Repository/AddCohort/Page_SiteTesting Administration Users Accou_c8a473/a_Add new cohort' located by '//section[@id='region-main']/div/ul/li[3]/a' not found
	at com.kms.katalon.core.webui.common.WebUiCommonHelper.findWebElement(WebUiCommonHelper.java:1368)
	at com.kms.katalon.core.webui.keyword.internal.WebUIAbstractKeyword.findWebElement(WebUIAbstractKeyword.groovy:27)
	at com.kms.katalon.core.webui.keyword.builtin.ClickKeyword$_click_closure1.doCall(ClickKeyword.groovy:65)
	at com.kms.katalon.core.webui.keyword.builtin.ClickKeyword$_click_closure1.call(ClickKeyword.groovy)
	at com.kms.katalon.core.webui.keyword.internal.WebUIKeywordMain.runKeyword(WebUIKeywordMain.groovy:20)
	at com.kms.katalon.core.webui.keyword.builtin.ClickKeyword.click(ClickKeyword.groovy:74)
	at com.kms.katalon.core.webui.keyword.builtin.ClickKeyword.execute(ClickKeyword.groovy:40)
	at com.kms.katalon.core.keyword.internal.KeywordExecutor.executeKeywordForPlatform(KeywordExecutor.groovy:74)
	at com.kms.katalon.core.webui.keyword.WebUiBuiltInKeywords.click(WebUiBuiltInKeywords.groovy:620)
	at com.kms.katalon.core.webui.keyword.WebUiBuiltInKeywords$click$1.call(Unknown Source)
	at Script1641947964168.run(Script1641947964168.groovy:30)
	... 13 more
)

2022-01-16 12:11:49 - [MESSAGE][INFO] - Unable to find the element located by 'By.xpath: //section[@id='region-main']/div/ul/li[3]/a'. Please recheck the objects properties to make sure the desired element is located. 

2022-01-16 12:11:49 - [MESSAGE][WARNING] - [SELF-HEALING] Failed to find element with id 'Object Repository/AddCohort/Page_SiteTesting Administration Users Accou_c8a473/a_Add new cohort'. Try using Self-healing.

2022-01-16 12:11:50 - [MESSAGE][INFO] - [SELF-HEALING] Failed Locator: '//section[@id='region-main']/div/ul/li[3]/a'.

2022-01-16 12:11:50 - [MESSAGE][INFO] - [SELF-HEALING] Failed Locator: '//a[contains(text(),'Add new cohort')]'.

2022-01-16 12:11:50 - [MESSAGE][INFO] - [SELF-HEALING] Failed Locator: '(.//*[normalize-space(text()) and normalize-space(.)='All cohorts'])[1]/following::a[1]'.

2022-01-16 12:11:51 - [MESSAGE][INFO] - [SELF-HEALING] Failed Locator: '(.//*[normalize-space(text()) and normalize-space(.)='System cohorts'])[1]/following::a[2]'.

2022-01-16 12:11:51 - [MESSAGE][INFO] - [SELF-HEALING] Failed Locator: '(.//*[normalize-space(text()) and normalize-space(.)='Upload cohorts'])[1]/preceding::a[1]'.

2022-01-16 12:11:51 - [MESSAGE][INFO] - [SELF-HEALING] Failed Locator: '(.//*[normalize-space(text()) and normalize-space(.)='Search'])[1]/preceding::a[2]'.

2022-01-16 12:11:52 - [MESSAGE][INFO] - [SELF-HEALING] Failed Locator: '//*/text()[normalize-space(.)='Add new cohort']/parent::*'.

2022-01-16 12:11:52 - [MESSAGE][INFO] - [SELF-HEALING] Failed Locator: '//a[@href='http://localhost/cohort/edit.php?contextid=1']'.

2022-01-16 12:11:52 - [MESSAGE][INFO] - [SELF-HEALING] Failed Locator: '//div/ul/li[3]/a'.

2022-01-16 12:11:53 - [MESSAGE][INFO] - Unable to find the element located by 'By.xpath: //*[@href = 'http://localhost/cohort/edit.php?contextid=1' and @title = 'Add new cohort' and (text() = 'Add new cohort' or . = 'Add new cohort')]'. Please recheck the objects properties to make sure the desired element is located. 

2022-01-16 12:11:54 - [MESSAGE][INFO] - Unable to find the element located by 'By.cssSelector: '. Please recheck the objects properties to make sure the desired element is located. 

2022-01-16 12:11:55 - [MESSAGE][FAILED] - Unable to click on object 'Object Repository/AddCohort/Page_SiteTesting Administration Users Accou_c8a473/a_Add new cohort' (Root cause: com.kms.katalon.core.exception.StepFailedException: Unable to click on object 'Object Repository/AddCohort/Page_SiteTesting Administration Users Accou_c8a473/a_Add new cohort'
	at com.kms.katalon.core.webui.keyword.internal.WebUIKeywordMain.stepFailed(WebUIKeywordMain.groovy:64)
	at com.kms.katalon.core.webui.keyword.internal.WebUIKeywordMain.runKeyword(WebUIKeywordMain.groovy:26)
	at com.kms.katalon.core.webui.keyword.builtin.ClickKeyword.click(ClickKeyword.groovy:74)
	at com.kms.katalon.core.webui.keyword.builtin.ClickKeyword.execute(ClickKeyword.groovy:40)
	at com.kms.katalon.core.keyword.internal.KeywordExecutor.executeKeywordForPlatform(KeywordExecutor.groovy:74)
	at com.kms.katalon.core.webui.keyword.WebUiBuiltInKeywords.click(WebUiBuiltInKeywords.groovy:620)
	at com.kms.katalon.core.webui.keyword.WebUiBuiltInKeywords$click$1.call(Unknown Source)
	at Kiểm tra việc tạo và xóa một Cohort.run(Kiểm tra việc tạo và xóa một Cohort:30)
	at com.kms.katalon.core.main.ScriptEngine.run(ScriptEngine.java:194)
	at com.kms.katalon.core.main.ScriptEngine.runScriptAsRawText(ScriptEngine.java:119)
	at com.kms.katalon.core.main.TestCaseExecutor.runScript(TestCaseExecutor.java:442)
	at com.kms.katalon.core.main.TestCaseExecutor.doExecute(TestCaseExecutor.java:433)
	at com.kms.katalon.core.main.TestCaseExecutor.processExecutionPhase(TestCaseExecutor.java:412)
	at com.kms.katalon.core.main.TestCaseExecutor.accessMainPhase(TestCaseExecutor.java:404)
	at com.kms.katalon.core.main.TestCaseExecutor.execute(TestCaseExecutor.java:281)
	at com.kms.katalon.core.main.TestSuiteExecutor.accessTestCaseMainPhase(TestSuiteExecutor.java:202)
	at com.kms.katalon.core.main.TestSuiteExecutor.accessTestSuiteMainPhase(TestSuiteExecutor.java:164)
	at com.kms.katalon.core.main.TestSuiteExecutor.execute(TestSuiteExecutor.java:105)
	at com.kms.katalon.core.main.TestCaseMain.startTestSuite(TestCaseMain.java:181)
	at com.kms.katalon.core.main.TestCaseMain$startTestSuite$0.call(Unknown Source)
	at TempTestSuite1642307295030.run(TempTestSuite1642307295030.groovy:36)
Caused by: com.kms.katalon.core.webui.exception.WebElementNotFoundException: Web element with id: 'Object Repository/AddCohort/Page_SiteTesting Administration Users Accou_c8a473/a_Add new cohort' located by '//section[@id='region-main']/div/ul/li[3]/a' not found
	at com.kms.katalon.core.webui.common.WebUiCommonHelper.findWebElement(WebUiCommonHelper.java:1368)
	at com.kms.katalon.core.webui.keyword.internal.WebUIAbstractKeyword.findWebElement(WebUIAbstractKeyword.groovy:27)
	at com.kms.katalon.core.webui.keyword.builtin.ClickKeyword$_click_closure1.doCall(ClickKeyword.groovy:65)
	at com.kms.katalon.core.webui.keyword.builtin.ClickKeyword$_click_closure1.call(ClickKeyword.groovy)
	at com.kms.katalon.core.webui.keyword.internal.WebUIKeywordMain.runKeyword(WebUIKeywordMain.groovy:20)
	at com.kms.katalon.core.webui.keyword.builtin.ClickKeyword.click(ClickKeyword.groovy:74)
	at com.kms.katalon.core.webui.keyword.builtin.ClickKeyword.execute(ClickKeyword.groovy:40)
	at com.kms.katalon.core.keyword.internal.KeywordExecutor.executeKeywordForPlatform(KeywordExecutor.groovy:74)
	at com.kms.katalon.core.webui.keyword.WebUiBuiltInKeywords.click(WebUiBuiltInKeywords.groovy:620)
	at com.kms.katalon.core.webui.keyword.WebUiBuiltInKeywords$click$1.call(Unknown Source)
	at Script1641947964168.run(Script1641947964168.groovy:30)
	... 13 more
)
[[ATTACHMENT|E:\\MoodleTestByKatalon\\Reports\\20220116_112815\\Run all test cases\\20220116_112815\\1642309914937.png]]]]></system-out>
         <system-err><![CDATA[2022-01-16 12:11:04 - [TEST_CASE][FAILED] - Test Cases/Phần thiết lập khác/Kiểm tra việc tạo và xóa một Cohort: Test Cases/Phần thiết lập khác/Kiểm tra việc tạo và xóa một Cohort FAILED.
Reason:
com.kms.katalon.core.exception.StepFailedException: Unable to click on object 'Object Repository/AddCohort/Page_SiteTesting Administration Users Accou_c8a473/a_Add new cohort'
	at com.kms.katalon.core.webui.keyword.internal.WebUIKeywordMain.stepFailed(WebUIKeywordMain.groovy:64)
	at com.kms.katalon.core.webui.keyword.internal.WebUIKeywordMain.runKeyword(WebUIKeywordMain.groovy:26)
	at com.kms.katalon.core.webui.keyword.builtin.ClickKeyword.click(ClickKeyword.groovy:74)
	at com.kms.katalon.core.webui.keyword.builtin.ClickKeyword.execute(ClickKeyword.groovy:40)
	at com.kms.katalon.core.keyword.internal.KeywordExecutor.executeKeywordForPlatform(KeywordExecutor.groovy:74)
	at com.kms.katalon.core.webui.keyword.WebUiBuiltInKeywords.click(WebUiBuiltInKeywords.groovy:620)
	at com.kms.katalon.core.webui.keyword.WebUiBuiltInKeywords$click$1.call(Unknown Source)
	at Kiểm tra việc tạo và xóa một Cohort.run(Kiểm tra việc tạo và xóa một Cohort:30)
	at com.kms.katalon.core.main.ScriptEngine.run(ScriptEngine.java:194)
	at com.kms.katalon.core.main.ScriptEngine.runScriptAsRawText(ScriptEngine.java:119)
	at com.kms.katalon.core.main.TestCaseExecutor.runScript(TestCaseExecutor.java:442)
	at com.kms.katalon.core.main.TestCaseExecutor.doExecute(TestCaseExecutor.java:433)
	at com.kms.katalon.core.main.TestCaseExecutor.processExecutionPhase(TestCaseExecutor.java:412)
	at com.kms.katalon.core.main.TestCaseExecutor.accessMainPhase(TestCaseExecutor.java:404)
	at com.kms.katalon.core.main.TestCaseExecutor.execute(TestCaseExecutor.java:281)
	at com.kms.katalon.core.main.TestSuiteExecutor.accessTestCaseMainPhase(TestSuiteExecutor.java:202)
	at com.kms.katalon.core.main.TestSuiteExecutor.accessTestSuiteMainPhase(TestSuiteExecutor.java:164)
	at com.kms.katalon.core.main.TestSuiteExecutor.execute(TestSuiteExecutor.java:105)
	at com.kms.katalon.core.main.TestCaseMain.startTestSuite(TestCaseMain.java:181)
	at com.kms.katalon.core.main.TestCaseMain$startTestSuite$0.call(Unknown Source)
	at TempTestSuite1642307295030.run(TempTestSuite1642307295030.groovy:36)
Caused by: com.kms.katalon.core.webui.exception.WebElementNotFoundException: Web element with id: 'Object Repository/AddCohort/Page_SiteTesting Administration Users Accou_c8a473/a_Add new cohort' located by '//section[@id='region-main']/div/ul/li[3]/a' not found
	at com.kms.katalon.core.webui.common.WebUiCommonHelper.findWebElement(WebUiCommonHelper.java:1368)
	at com.kms.katalon.core.webui.keyword.internal.WebUIAbstractKeyword.findWebElement(WebUIAbstractKeyword.groovy:27)
	at com.kms.katalon.core.webui.keyword.builtin.ClickKeyword$_click_closure1.doCall(ClickKeyword.groovy:65)
	at com.kms.katalon.core.webui.keyword.builtin.ClickKeyword$_click_closure1.call(ClickKeyword.groovy)
	at com.kms.katalon.core.webui.keyword.internal.WebUIKeywordMain.runKeyword(WebUIKeywordMain.groovy:20)
	... 19 more]]></system-err>
      </testcase>
      <testcase name="Test Cases/Tạo 1 User mới/Điền không đầy đủ thông tin bắt buộc" time="18.768" classname="Test Cases/Tạo 1 User mới/Điền không đầy đủ thông tin bắt buộc" status="PASSED">
         <system-out><![CDATA[2022-01-16 12:11:55 - [TEST_CASE][PASSED] - Test Cases/Tạo 1 User mới/Điền không đầy đủ thông tin bắt buộc: Test Cases/Tạo 1 User mới/Điền không đầy đủ thông tin bắt buộc

2022-01-16 12:11:55 - [TEST_STEP][PASSED] - callTestCase(findTestCase("Kiểm tra thẻ Site Administration/Đăng nhập thành công"), [:], STOP_ON_FAILURE): Call Test Case 'Test Cases/Kiểm tra thẻ Site Administration/Đăng nhập thành công' successfully

2022-01-16 12:11:55 - [TEST_CASE][PASSED] - Test Cases/Kiểm tra thẻ Site Administration/Đăng nhập thành công: Test Cases/Kiểm tra thẻ Site Administration/Đăng nhập thành công

2022-01-16 12:11:55 - [TEST_STEP][PASSED] - openBrowser(""): Browser is opened with url: ''

2022-01-16 12:11:55 - [MESSAGE][WARNING] - A browser is already opened. Closing browser and opening a new one

2022-01-16 12:11:56 - [MESSAGE][INFO] - Starting 'Edge Chromium' driver

2022-01-16 12:11:58 - [MESSAGE][INFO] - Action delay is set to 0 milliseconds

2022-01-16 12:11:59 - [MESSAGE][PASSED] - Browser is opened with url: ''

2022-01-16 12:11:59 - [TEST_STEP][PASSED] - navigateToUrl("http://localhost/"): Navigate to 'http://localhost/' successfully

2022-01-16 12:12:00 - [MESSAGE][PASSED] - Navigate to 'http://localhost/' successfully

2022-01-16 12:12:00 - [TEST_STEP][PASSED] - click(findTestObject("Object Repository/LoginObject/Page_Automation Testing Site/a_Log in")): Object: 'Object Repository/LoginObject/Page_Automation Testing Site/a_Log in' is clicked on

2022-01-16 12:12:00 - [MESSAGE][PASSED] - Object: 'Object Repository/LoginObject/Page_Automation Testing Site/a_Log in' is clicked on

2022-01-16 12:12:00 - [TEST_STEP][PASSED] - setText(findTestObject("Object Repository/LoginObject/Page_Automation Testing Site Log in to the site/input_Username_username"), "admin"): Text 'admin' is set on object 'Object Repository/LoginObject/Page_Automation Testing Site Log in to the site/input_Username_username'

2022-01-16 12:12:01 - [MESSAGE][PASSED] - Text 'admin' is set on object 'Object Repository/LoginObject/Page_Automation Testing Site Log in to the site/input_Username_username'

2022-01-16 12:12:01 - [TEST_STEP][PASSED] - setEncryptedText(findTestObject("Object Repository/LoginObject/Page_Automation Testing Site Log in to the site/input_Password_password"), "cnpXG5HhkrZpEXzNIGBMZQ=="): Text ****** has been set on object 'Object Repository/LoginObject/Page_Automation Testing Site Log in to the site/input_Password_password'

2022-01-16 12:12:02 - [MESSAGE][PASSED] - Text ****** has been set on object 'Object Repository/LoginObject/Page_Automation Testing Site Log in to the site/input_Password_password'

2022-01-16 12:12:02 - [TEST_STEP][PASSED] - click(findTestObject("Object Repository/LoginObject/Page_Automation Testing Site Log in to the site/button_Log in")): Object: 'Object Repository/LoginObject/Page_Automation Testing Site Log in to the site/button_Log in' is clicked on

2022-01-16 12:12:03 - [MESSAGE][PASSED] - Object: 'Object Repository/LoginObject/Page_Automation Testing Site Log in to the site/button_Log in' is clicked on

2022-01-16 12:12:03 - [TEST_STEP][PASSED] - verifyElementText(findTestObject("Object Repository/LoginObject/Page_Dashboard/span_Site administration"), "Site administration"): Actual text and expected text of test object 'Object Repository/LoginObject/Page_Dashboard/span_Site administration' are matched.

2022-01-16 12:12:04 - [MESSAGE][PASSED] - Actual text and expected text of test object 'Object Repository/LoginObject/Page_Dashboard/span_Site administration' are matched.

2022-01-16 12:12:04 - [MESSAGE][PASSED] - Call Test Case 'Test Cases/Kiểm tra thẻ Site Administration/Đăng nhập thành công' successfully

2022-01-16 12:12:04 - [TEST_STEP][PASSED] - click(findTestObject("Object Repository/AddANewUserObject/Page_Dashboard/span_Site administration")): Object: 'Object Repository/AddANewUserObject/Page_Dashboard/span_Site administration' is clicked on

2022-01-16 12:12:05 - [MESSAGE][PASSED] - Object: 'Object Repository/AddANewUserObject/Page_Dashboard/span_Site administration' is clicked on

2022-01-16 12:12:05 - [TEST_STEP][PASSED] - navigateToUrl("http://localhost/admin/search.php"): Navigate to 'http://localhost/admin/search.php' successfully

2022-01-16 12:12:05 - [MESSAGE][PASSED] - Navigate to 'http://localhost/admin/search.php' successfully

2022-01-16 12:12:05 - [TEST_STEP][PASSED] - click(findTestObject("Object Repository/AddANewUserObject/Page_SiteTesting Administration Search/a_Users")): Object: 'Object Repository/AddANewUserObject/Page_SiteTesting Administration Search/a_Users' is clicked on

2022-01-16 12:12:06 - [MESSAGE][PASSED] - Object: 'Object Repository/AddANewUserObject/Page_SiteTesting Administration Search/a_Users' is clicked on

2022-01-16 12:12:06 - [TEST_STEP][PASSED] - click(findTestObject("Object Repository/AddANewUserObject/Page_SiteTesting Administration Search/a_Add a new user")): Object: 'Object Repository/AddANewUserObject/Page_SiteTesting Administration Search/a_Add a new user' is clicked on

2022-01-16 12:12:07 - [MESSAGE][PASSED] - Object: 'Object Repository/AddANewUserObject/Page_SiteTesting Administration Search/a_Add a new user' is clicked on

2022-01-16 12:12:07 - [TEST_STEP][PASSED] - setText(findTestObject("Object Repository/AddANewUserObject/Page_SiteTesting Administration Users Accou_a8eb60/input_Username_username"), "testing_redundant"): Text 'testing_redundant' is set on object 'Object Repository/AddANewUserObject/Page_SiteTesting Administration Users Accou_a8eb60/input_Username_username'

2022-01-16 12:12:09 - [MESSAGE][PASSED] - Text 'testing_redundant' is set on object 'Object Repository/AddANewUserObject/Page_SiteTesting Administration Users Accou_a8eb60/input_Username_username'

2022-01-16 12:12:09 - [TEST_STEP][PASSED] - click(findTestObject("Object Repository/AddANewUserObject/Page_SiteTesting Administration Users Accou_a8eb60/em_Click to enter text")): Object: 'Object Repository/AddANewUserObject/Page_SiteTesting Administration Users Accou_a8eb60/em_Click to enter text' is clicked on

2022-01-16 12:12:10 - [MESSAGE][PASSED] - Object: 'Object Repository/AddANewUserObject/Page_SiteTesting Administration Users Accou_a8eb60/em_Click to enter text' is clicked on

2022-01-16 12:12:10 - [TEST_STEP][PASSED] - setEncryptedText(findTestObject("Object Repository/AddANewUserObject/Page_SiteTesting Administration Users Accou_a8eb60/input_New password_newpassword"), "cnpXG5HhkrZpEXzNIGBMZQ=="): Text ****** has been set on object 'Object Repository/AddANewUserObject/Page_SiteTesting Administration Users Accou_a8eb60/input_New password_newpassword'

2022-01-16 12:12:10 - [MESSAGE][PASSED] - Text ****** has been set on object 'Object Repository/AddANewUserObject/Page_SiteTesting Administration Users Accou_a8eb60/input_New password_newpassword'

2022-01-16 12:12:10 - [TEST_STEP][PASSED] - setText(findTestObject("Object Repository/AddANewUserObject/Page_SiteTesting Administration Users Accou_a8eb60/input_First name_firstname"), "Quang"): Text 'Quang' is set on object 'Object Repository/AddANewUserObject/Page_SiteTesting Administration Users Accou_a8eb60/input_First name_firstname'

2022-01-16 12:12:11 - [MESSAGE][PASSED] - Text 'Quang' is set on object 'Object Repository/AddANewUserObject/Page_SiteTesting Administration Users Accou_a8eb60/input_First name_firstname'

2022-01-16 12:12:11 - [TEST_STEP][PASSED] - setText(findTestObject("Object Repository/AddANewUserObject/Page_SiteTesting Administration Users Accou_a8eb60/input_Email address_email"), "testing_redundant@gmail.com"): Text 'testing_redundant@gmail.com' is set on object 'Object Repository/AddANewUserObject/Page_SiteTesting Administration Users Accou_a8eb60/input_Email address_email'

2022-01-16 12:12:12 - [MESSAGE][PASSED] - Text 'testing_redundant@gmail.com' is set on object 'Object Repository/AddANewUserObject/Page_SiteTesting Administration Users Accou_a8eb60/input_Email address_email'

2022-01-16 12:12:12 - [TEST_STEP][PASSED] - click(findTestObject("Object Repository/AddANewUserObject/Page_SiteTesting Administration Users Accou_a8eb60/input_Address_submitbutton")): Object: 'Object Repository/AddANewUserObject/Page_SiteTesting Administration Users Accou_a8eb60/input_Address_submitbutton' is clicked on

2022-01-16 12:12:13 - [MESSAGE][PASSED] - Object: 'Object Repository/AddANewUserObject/Page_SiteTesting Administration Users Accou_a8eb60/input_Address_submitbutton' is clicked on

2022-01-16 12:12:13 - [TEST_STEP][PASSED] - verifyElementText(findTestObject("Object Repository/AddANewUserObject/Page_SiteTesting Administration Users Accou_a8eb60/div_- Missing surname"), "- Missing surname"): Actual text and expected text of test object 'Object Repository/AddANewUserObject/Page_SiteTesting Administration Users Accou_a8eb60/div_- Missing surname' are matched.

2022-01-16 12:12:13 - [MESSAGE][PASSED] - Actual text and expected text of test object 'Object Repository/AddANewUserObject/Page_SiteTesting Administration Users Accou_a8eb60/div_- Missing surname' are matched.]]></system-out>
         <system-err><![CDATA[]]></system-err>
      </testcase>
      <testcase name="Test Cases/Tạo 1 User mới/Điền mật khẩu yếu" time="24.254" classname="Test Cases/Tạo 1 User mới/Điền mật khẩu yếu" status="FAILED">
         <failure type="FAILED" message="Test Cases/Tạo 1 User mới/Điền mật khẩu yếu FAILED.
Reason:
com.kms.katalon.core.exception.StepFailedException: Unable to verify text 'The password must have at least 1 special character(s) such as as *, -, or #.' is present 
	at com.kms.katalon.core.webui.keyword.internal.WebUIKeywordMain.stepFailed(WebUIKeywordMain.groovy:64)
	at com.kms.katalon.core.webui.keyword.internal.WebUIKeywordMain.runKeyword(WebUIKeywordMain.groovy:26)
	at com.kms.katalon.core.webui.keyword.builtin.VerifyTextPresentKeyword.verifyTextPresent(VerifyTextPresentKeyword.groovy:83)
	at com.kms.katalon.core.webui.keyword.builtin.VerifyTextPresentKeyword.execute(VerifyTextPresentKeyword.groovy:68)
	at com.kms.katalon.core.keyword.internal.KeywordExecutor.executeKeywordForPlatform(KeywordExecutor.groovy:74)
	at com.kms.katalon.core.webui.keyword.WebUiBuiltInKeywords.verifyTextPresent(WebUiBuiltInKeywords.groovy:1723)
	at com.kms.katalon.core.webui.keyword.WebUiBuiltInKeywords$verifyTextPresent$6.call(Unknown Source)
	at Điền mật khẩu yếu.run(Điền mật khẩu yếu:49)
	at com.kms.katalon.core.main.ScriptEngine.run(ScriptEngine.java:194)
	at com.kms.katalon.core.main.ScriptEngine.runScriptAsRawText(ScriptEngine.java:119)
	at com.kms.katalon.core.main.TestCaseExecutor.runScript(TestCaseExecutor.java:442)
	at com.kms.katalon.core.main.TestCaseExecutor.doExecute(TestCaseExecutor.java:433)
	at com.kms.katalon.core.main.TestCaseExecutor.processExecutionPhase(TestCaseExecutor.java:412)
	at com.kms.katalon.core.main.TestCaseExecutor.accessMainPhase(TestCaseExecutor.java:404)
	at com.kms.katalon.core.main.TestCaseExecutor.execute(TestCaseExecutor.java:281)
	at com.kms.katalon.core.main.TestSuiteExecutor.accessTestCaseMainPhase(TestSuiteExecutor.java:202)
	at com.kms.katalon.core.main.TestSuiteExecutor.accessTestSuiteMainPhase(TestSuiteExecutor.java:164)
	at com.kms.katalon.core.main.TestSuiteExecutor.execute(TestSuiteExecutor.java:105)
	at com.kms.katalon.core.main.TestCaseMain.startTestSuite(TestCaseMain.java:181)
	at com.kms.katalon.core.main.TestCaseMain$startTestSuite$0.call(Unknown Source)
	at TempTestSuite1642307295030.run(TempTestSuite1642307295030.groovy:36)
Caused by: com.kms.katalon.core.exception.StepFailedException: Text 'The password must have at least 1 special character(s) such as as *, -, or #.' is not present on page 
	at com.kms.katalon.core.webui.keyword.internal.WebUIKeywordMain.stepFailed(WebUIKeywordMain.groovy:64)
	at com.kms.katalon.core.webui.keyword.builtin.VerifyTextPresentKeyword$_verifyTextPresent_closure1.doCall(VerifyTextPresentKeyword.groovy:79)
	at com.kms.katalon.core.webui.keyword.builtin.VerifyTextPresentKeyword$_verifyTextPresent_closure1.call(VerifyTextPresentKeyword.groovy)
	at com.kms.katalon.core.webui.keyword.internal.WebUIKeywordMain.runKeyword(WebUIKeywordMain.groovy:20)
	... 19 more
"/>
         <system-out><![CDATA[2022-01-16 12:12:13 - [TEST_CASE][FAILED] - Test Cases/Tạo 1 User mới/Điền mật khẩu yếu: Test Cases/Tạo 1 User mới/Điền mật khẩu yếu FAILED.
Reason:
com.kms.katalon.core.exception.StepFailedException: Unable to verify text 'The password must have at least 1 special character(s) such as as *, -, or #.' is present 
	at com.kms.katalon.core.webui.keyword.internal.WebUIKeywordMain.stepFailed(WebUIKeywordMain.groovy:64)
	at com.kms.katalon.core.webui.keyword.internal.WebUIKeywordMain.runKeyword(WebUIKeywordMain.groovy:26)
	at com.kms.katalon.core.webui.keyword.builtin.VerifyTextPresentKeyword.verifyTextPresent(VerifyTextPresentKeyword.groovy:83)
	at com.kms.katalon.core.webui.keyword.builtin.VerifyTextPresentKeyword.execute(VerifyTextPresentKeyword.groovy:68)
	at com.kms.katalon.core.keyword.internal.KeywordExecutor.executeKeywordForPlatform(KeywordExecutor.groovy:74)
	at com.kms.katalon.core.webui.keyword.WebUiBuiltInKeywords.verifyTextPresent(WebUiBuiltInKeywords.groovy:1723)
	at com.kms.katalon.core.webui.keyword.WebUiBuiltInKeywords$verifyTextPresent$6.call(Unknown Source)
	at Điền mật khẩu yếu.run(Điền mật khẩu yếu:49)
	at com.kms.katalon.core.main.ScriptEngine.run(ScriptEngine.java:194)
	at com.kms.katalon.core.main.ScriptEngine.runScriptAsRawText(ScriptEngine.java:119)
	at com.kms.katalon.core.main.TestCaseExecutor.runScript(TestCaseExecutor.java:442)
	at com.kms.katalon.core.main.TestCaseExecutor.doExecute(TestCaseExecutor.java:433)
	at com.kms.katalon.core.main.TestCaseExecutor.processExecutionPhase(TestCaseExecutor.java:412)
	at com.kms.katalon.core.main.TestCaseExecutor.accessMainPhase(TestCaseExecutor.java:404)
	at com.kms.katalon.core.main.TestCaseExecutor.execute(TestCaseExecutor.java:281)
	at com.kms.katalon.core.main.TestSuiteExecutor.accessTestCaseMainPhase(TestSuiteExecutor.java:202)
	at com.kms.katalon.core.main.TestSuiteExecutor.accessTestSuiteMainPhase(TestSuiteExecutor.java:164)
	at com.kms.katalon.core.main.TestSuiteExecutor.execute(TestSuiteExecutor.java:105)
	at com.kms.katalon.core.main.TestCaseMain.startTestSuite(TestCaseMain.java:181)
	at com.kms.katalon.core.main.TestCaseMain$startTestSuite$0.call(Unknown Source)
	at TempTestSuite1642307295030.run(TempTestSuite1642307295030.groovy:36)
Caused by: com.kms.katalon.core.exception.StepFailedException: Text 'The password must have at least 1 special character(s) such as as *, -, or #.' is not present on page 
	at com.kms.katalon.core.webui.keyword.internal.WebUIKeywordMain.stepFailed(WebUIKeywordMain.groovy:64)
	at com.kms.katalon.core.webui.keyword.builtin.VerifyTextPresentKeyword$_verifyTextPresent_closure1.doCall(VerifyTextPresentKeyword.groovy:79)
	at com.kms.katalon.core.webui.keyword.builtin.VerifyTextPresentKeyword$_verifyTextPresent_closure1.call(VerifyTextPresentKeyword.groovy)
	at com.kms.katalon.core.webui.keyword.internal.WebUIKeywordMain.runKeyword(WebUIKeywordMain.groovy:20)
	... 19 more


2022-01-16 12:12:14 - [TEST_STEP][PASSED] - callTestCase(findTestCase("Kiểm tra thẻ Site Administration/Đăng nhập thành công"), [:], STOP_ON_FAILURE): Call Test Case 'Test Cases/Kiểm tra thẻ Site Administration/Đăng nhập thành công' successfully

2022-01-16 12:12:14 - [TEST_CASE][PASSED] - Test Cases/Kiểm tra thẻ Site Administration/Đăng nhập thành công: Test Cases/Kiểm tra thẻ Site Administration/Đăng nhập thành công

2022-01-16 12:12:14 - [TEST_STEP][PASSED] - openBrowser(""): Browser is opened with url: ''

2022-01-16 12:12:14 - [MESSAGE][WARNING] - A browser is already opened. Closing browser and opening a new one

2022-01-16 12:12:15 - [MESSAGE][INFO] - Starting 'Edge Chromium' driver

2022-01-16 12:12:17 - [MESSAGE][INFO] - Action delay is set to 0 milliseconds

2022-01-16 12:12:17 - [MESSAGE][PASSED] - Browser is opened with url: ''

2022-01-16 12:12:17 - [TEST_STEP][PASSED] - navigateToUrl("http://localhost/"): Navigate to 'http://localhost/' successfully

2022-01-16 12:12:18 - [MESSAGE][PASSED] - Navigate to 'http://localhost/' successfully

2022-01-16 12:12:18 - [TEST_STEP][PASSED] - click(findTestObject("Object Repository/LoginObject/Page_Automation Testing Site/a_Log in")): Object: 'Object Repository/LoginObject/Page_Automation Testing Site/a_Log in' is clicked on

2022-01-16 12:12:19 - [MESSAGE][PASSED] - Object: 'Object Repository/LoginObject/Page_Automation Testing Site/a_Log in' is clicked on

2022-01-16 12:12:19 - [TEST_STEP][PASSED] - setText(findTestObject("Object Repository/LoginObject/Page_Automation Testing Site Log in to the site/input_Username_username"), "admin"): Text 'admin' is set on object 'Object Repository/LoginObject/Page_Automation Testing Site Log in to the site/input_Username_username'

2022-01-16 12:12:20 - [MESSAGE][PASSED] - Text 'admin' is set on object 'Object Repository/LoginObject/Page_Automation Testing Site Log in to the site/input_Username_username'

2022-01-16 12:12:20 - [TEST_STEP][PASSED] - setEncryptedText(findTestObject("Object Repository/LoginObject/Page_Automation Testing Site Log in to the site/input_Password_password"), "cnpXG5HhkrZpEXzNIGBMZQ=="): Text ****** has been set on object 'Object Repository/LoginObject/Page_Automation Testing Site Log in to the site/input_Password_password'

2022-01-16 12:12:20 - [MESSAGE][PASSED] - Text ****** has been set on object 'Object Repository/LoginObject/Page_Automation Testing Site Log in to the site/input_Password_password'

2022-01-16 12:12:20 - [TEST_STEP][PASSED] - click(findTestObject("Object Repository/LoginObject/Page_Automation Testing Site Log in to the site/button_Log in")): Object: 'Object Repository/LoginObject/Page_Automation Testing Site Log in to the site/button_Log in' is clicked on

2022-01-16 12:12:22 - [MESSAGE][PASSED] - Object: 'Object Repository/LoginObject/Page_Automation Testing Site Log in to the site/button_Log in' is clicked on

2022-01-16 12:12:22 - [TEST_STEP][PASSED] - verifyElementText(findTestObject("Object Repository/LoginObject/Page_Dashboard/span_Site administration"), "Site administration"): Actual text and expected text of test object 'Object Repository/LoginObject/Page_Dashboard/span_Site administration' are matched.

2022-01-16 12:12:24 - [MESSAGE][PASSED] - Actual text and expected text of test object 'Object Repository/LoginObject/Page_Dashboard/span_Site administration' are matched.

2022-01-16 12:12:24 - [MESSAGE][PASSED] - Call Test Case 'Test Cases/Kiểm tra thẻ Site Administration/Đăng nhập thành công' successfully

2022-01-16 12:12:24 - [TEST_STEP][PASSED] - click(findTestObject("Object Repository/AddANewUserObject/Page_Dashboard/span_Site administration")): Object: 'Object Repository/AddANewUserObject/Page_Dashboard/span_Site administration' is clicked on

2022-01-16 12:12:25 - [MESSAGE][PASSED] - Object: 'Object Repository/AddANewUserObject/Page_Dashboard/span_Site administration' is clicked on

2022-01-16 12:12:25 - [TEST_STEP][PASSED] - navigateToUrl("http://localhost/admin/search.php"): Navigate to 'http://localhost/admin/search.php' successfully

2022-01-16 12:12:26 - [MESSAGE][PASSED] - Navigate to 'http://localhost/admin/search.php' successfully

2022-01-16 12:12:26 - [TEST_STEP][PASSED] - click(findTestObject("Object Repository/AddANewUserObject/Page_SiteTesting Administration Search/a_Users")): Object: 'Object Repository/AddANewUserObject/Page_SiteTesting Administration Search/a_Users' is clicked on

2022-01-16 12:12:26 - [MESSAGE][PASSED] - Object: 'Object Repository/AddANewUserObject/Page_SiteTesting Administration Search/a_Users' is clicked on

2022-01-16 12:12:26 - [TEST_STEP][PASSED] - click(findTestObject("Object Repository/AddANewUserObject/Page_SiteTesting Administration Search/a_Add a new user")): Object: 'Object Repository/AddANewUserObject/Page_SiteTesting Administration Search/a_Add a new user' is clicked on

2022-01-16 12:12:28 - [MESSAGE][PASSED] - Object: 'Object Repository/AddANewUserObject/Page_SiteTesting Administration Search/a_Add a new user' is clicked on

2022-01-16 12:12:28 - [TEST_STEP][PASSED] - setText(findTestObject("Object Repository/WeakPasswordObject/Page_SiteTesting Administration Users Accou_a8eb60/input_Username_username"), "testing_weak_pass"): Text 'testing_weak_pass' is set on object 'Object Repository/WeakPasswordObject/Page_SiteTesting Administration Users Accou_a8eb60/input_Username_username'

2022-01-16 12:12:29 - [MESSAGE][PASSED] - Text 'testing_weak_pass' is set on object 'Object Repository/WeakPasswordObject/Page_SiteTesting Administration Users Accou_a8eb60/input_Username_username'

2022-01-16 12:12:29 - [TEST_STEP][PASSED] - setText(findTestObject("Object Repository/WeakPasswordObject/Page_SiteTesting Administration Users Accou_a8eb60/input_First name_firstname"), "Quang"): Text 'Quang' is set on object 'Object Repository/WeakPasswordObject/Page_SiteTesting Administration Users Accou_a8eb60/input_First name_firstname'

2022-01-16 12:12:30 - [MESSAGE][PASSED] - Text 'Quang' is set on object 'Object Repository/WeakPasswordObject/Page_SiteTesting Administration Users Accou_a8eb60/input_First name_firstname'

2022-01-16 12:12:30 - [TEST_STEP][PASSED] - setText(findTestObject("Object Repository/WeakPasswordObject/Page_SiteTesting Administration Users Accou_a8eb60/input_Surname_lastname"), "Le6"): Text 'Le6' is set on object 'Object Repository/WeakPasswordObject/Page_SiteTesting Administration Users Accou_a8eb60/input_Surname_lastname'

2022-01-16 12:12:31 - [MESSAGE][PASSED] - Text 'Le6' is set on object 'Object Repository/WeakPasswordObject/Page_SiteTesting Administration Users Accou_a8eb60/input_Surname_lastname'

2022-01-16 12:12:31 - [TEST_STEP][PASSED] - setText(findTestObject("Object Repository/WeakPasswordObject/Page_SiteTesting Administration Users Accou_a8eb60/input_Email address_email"), "testing_weak_pass@gmail.com"): Text 'testing_weak_pass@gmail.com' is set on object 'Object Repository/WeakPasswordObject/Page_SiteTesting Administration Users Accou_a8eb60/input_Email address_email'

2022-01-16 12:12:32 - [MESSAGE][PASSED] - Text 'testing_weak_pass@gmail.com' is set on object 'Object Repository/WeakPasswordObject/Page_SiteTesting Administration Users Accou_a8eb60/input_Email address_email'

2022-01-16 12:12:32 - [TEST_STEP][PASSED] - click(findTestObject("Object Repository/AddANewUserObject/Page_SiteTesting Administration Users Accou_a8eb60/em_Click to enter text")): Object: 'Object Repository/AddANewUserObject/Page_SiteTesting Administration Users Accou_a8eb60/em_Click to enter text' is clicked on

2022-01-16 12:12:33 - [MESSAGE][PASSED] - Object: 'Object Repository/AddANewUserObject/Page_SiteTesting Administration Users Accou_a8eb60/em_Click to enter text' is clicked on

2022-01-16 12:12:33 - [TEST_STEP][PASSED] - setEncryptedText(findTestObject("Object Repository/WeakPasswordObject/Page_SiteTesting Administration Users Accou_a8eb60/input_New password_newpassword"), "RigbBhfdqOBGNlJIWM1ClA=="): Text ****** has been set on object 'Object Repository/WeakPasswordObject/Page_SiteTesting Administration Users Accou_a8eb60/input_New password_newpassword'

2022-01-16 12:12:33 - [MESSAGE][PASSED] - Text ****** has been set on object 'Object Repository/WeakPasswordObject/Page_SiteTesting Administration Users Accou_a8eb60/input_New password_newpassword'

2022-01-16 12:12:33 - [TEST_STEP][PASSED] - click(findTestObject("Object Repository/AddANewUserObject/Page_SiteTesting Administration Users Accou_a8eb60/input_Address_submitbutton")): Object: 'Object Repository/AddANewUserObject/Page_SiteTesting Administration Users Accou_a8eb60/input_Address_submitbutton' is clicked on

2022-01-16 12:12:35 - [MESSAGE][PASSED] - Object: 'Object Repository/AddANewUserObject/Page_SiteTesting Administration Users Accou_a8eb60/input_Address_submitbutton' is clicked on

2022-01-16 12:12:35 - [TEST_STEP][FAILED] - verifyTextPresent("The password must have at least 1 special character(s) such as as *, -, or #.", false): Unable to verify text 'The password must have at least 1 special character(s) such as as *, -, or #.' is present  (Root cause: com.kms.katalon.core.exception.StepFailedException: Unable to verify text 'The password must have at least 1 special character(s) such as as *, -, or #.' is present 
	at com.kms.katalon.core.webui.keyword.internal.WebUIKeywordMain.stepFailed(WebUIKeywordMain.groovy:64)
	at com.kms.katalon.core.webui.keyword.internal.WebUIKeywordMain.runKeyword(WebUIKeywordMain.groovy:26)
	at com.kms.katalon.core.webui.keyword.builtin.VerifyTextPresentKeyword.verifyTextPresent(VerifyTextPresentKeyword.groovy:83)
	at com.kms.katalon.core.webui.keyword.builtin.VerifyTextPresentKeyword.execute(VerifyTextPresentKeyword.groovy:68)
	at com.kms.katalon.core.keyword.internal.KeywordExecutor.executeKeywordForPlatform(KeywordExecutor.groovy:74)
	at com.kms.katalon.core.webui.keyword.WebUiBuiltInKeywords.verifyTextPresent(WebUiBuiltInKeywords.groovy:1723)
	at com.kms.katalon.core.webui.keyword.WebUiBuiltInKeywords$verifyTextPresent$6.call(Unknown Source)
	at Điền mật khẩu yếu.run(Điền mật khẩu yếu:49)
	at com.kms.katalon.core.main.ScriptEngine.run(ScriptEngine.java:194)
	at com.kms.katalon.core.main.ScriptEngine.runScriptAsRawText(ScriptEngine.java:119)
	at com.kms.katalon.core.main.TestCaseExecutor.runScript(TestCaseExecutor.java:442)
	at com.kms.katalon.core.main.TestCaseExecutor.doExecute(TestCaseExecutor.java:433)
	at com.kms.katalon.core.main.TestCaseExecutor.processExecutionPhase(TestCaseExecutor.java:412)
	at com.kms.katalon.core.main.TestCaseExecutor.accessMainPhase(TestCaseExecutor.java:404)
	at com.kms.katalon.core.main.TestCaseExecutor.execute(TestCaseExecutor.java:281)
	at com.kms.katalon.core.main.TestSuiteExecutor.accessTestCaseMainPhase(TestSuiteExecutor.java:202)
	at com.kms.katalon.core.main.TestSuiteExecutor.accessTestSuiteMainPhase(TestSuiteExecutor.java:164)
	at com.kms.katalon.core.main.TestSuiteExecutor.execute(TestSuiteExecutor.java:105)
	at com.kms.katalon.core.main.TestCaseMain.startTestSuite(TestCaseMain.java:181)
	at com.kms.katalon.core.main.TestCaseMain$startTestSuite$0.call(Unknown Source)
	at TempTestSuite1642307295030.run(TempTestSuite1642307295030.groovy:36)
Caused by: com.kms.katalon.core.exception.StepFailedException: Text 'The password must have at least 1 special character(s) such as as *, -, or #.' is not present on page 
	at com.kms.katalon.core.webui.keyword.internal.WebUIKeywordMain.stepFailed(WebUIKeywordMain.groovy:64)
	at com.kms.katalon.core.webui.keyword.builtin.VerifyTextPresentKeyword$_verifyTextPresent_closure1.doCall(VerifyTextPresentKeyword.groovy:79)
	at com.kms.katalon.core.webui.keyword.builtin.VerifyTextPresentKeyword$_verifyTextPresent_closure1.call(VerifyTextPresentKeyword.groovy)
	at com.kms.katalon.core.webui.keyword.internal.WebUIKeywordMain.runKeyword(WebUIKeywordMain.groovy:20)
	... 19 more
)

2022-01-16 12:12:37 - [MESSAGE][FAILED] - Text 'The password must have at least 1 special character(s) such as as *, -, or #.' is not present on page  (Root cause: com.kms.katalon.core.exception.StepFailedException: Text 'The password must have at least 1 special character(s) such as as *, -, or #.' is not present on page 
	at com.kms.katalon.core.webui.keyword.internal.WebUIKeywordMain.stepFailed(WebUIKeywordMain.groovy:64)
	at com.kms.katalon.core.webui.keyword.builtin.VerifyTextPresentKeyword$_verifyTextPresent_closure1.doCall(VerifyTextPresentKeyword.groovy:79)
	at com.kms.katalon.core.webui.keyword.builtin.VerifyTextPresentKeyword$_verifyTextPresent_closure1.call(VerifyTextPresentKeyword.groovy)
	at com.kms.katalon.core.webui.keyword.internal.WebUIKeywordMain.runKeyword(WebUIKeywordMain.groovy:20)
	at com.kms.katalon.core.webui.keyword.builtin.VerifyTextPresentKeyword.verifyTextPresent(VerifyTextPresentKeyword.groovy:83)
	at com.kms.katalon.core.webui.keyword.builtin.VerifyTextPresentKeyword.execute(VerifyTextPresentKeyword.groovy:68)
	at com.kms.katalon.core.keyword.internal.KeywordExecutor.executeKeywordForPlatform(KeywordExecutor.groovy:74)
	at com.kms.katalon.core.webui.keyword.WebUiBuiltInKeywords.verifyTextPresent(WebUiBuiltInKeywords.groovy:1723)
	at com.kms.katalon.core.webui.keyword.WebUiBuiltInKeywords$verifyTextPresent$6.call(Unknown Source)
	at Điền mật khẩu yếu.run(Điền mật khẩu yếu:49)
	at com.kms.katalon.core.main.ScriptEngine.run(ScriptEngine.java:194)
	at com.kms.katalon.core.main.ScriptEngine.runScriptAsRawText(ScriptEngine.java:119)
	at com.kms.katalon.core.main.TestCaseExecutor.runScript(TestCaseExecutor.java:442)
	at com.kms.katalon.core.main.TestCaseExecutor.doExecute(TestCaseExecutor.java:433)
	at com.kms.katalon.core.main.TestCaseExecutor.processExecutionPhase(TestCaseExecutor.java:412)
	at com.kms.katalon.core.main.TestCaseExecutor.accessMainPhase(TestCaseExecutor.java:404)
	at com.kms.katalon.core.main.TestCaseExecutor.execute(TestCaseExecutor.java:281)
	at com.kms.katalon.core.main.TestSuiteExecutor.accessTestCaseMainPhase(TestSuiteExecutor.java:202)
	at com.kms.katalon.core.main.TestSuiteExecutor.accessTestSuiteMainPhase(TestSuiteExecutor.java:164)
	at com.kms.katalon.core.main.TestSuiteExecutor.execute(TestSuiteExecutor.java:105)
	at com.kms.katalon.core.main.TestCaseMain.startTestSuite(TestCaseMain.java:181)
	at com.kms.katalon.core.main.TestCaseMain$startTestSuite$0.call(Unknown Source)
	at TempTestSuite1642307295030.run(TempTestSuite1642307295030.groovy:36)
)

2022-01-16 12:12:38 - [MESSAGE][FAILED] - Unable to verify text 'The password must have at least 1 special character(s) such as as *, -, or #.' is present  (Root cause: com.kms.katalon.core.exception.StepFailedException: Unable to verify text 'The password must have at least 1 special character(s) such as as *, -, or #.' is present 
	at com.kms.katalon.core.webui.keyword.internal.WebUIKeywordMain.stepFailed(WebUIKeywordMain.groovy:64)
	at com.kms.katalon.core.webui.keyword.internal.WebUIKeywordMain.runKeyword(WebUIKeywordMain.groovy:26)
	at com.kms.katalon.core.webui.keyword.builtin.VerifyTextPresentKeyword.verifyTextPresent(VerifyTextPresentKeyword.groovy:83)
	at com.kms.katalon.core.webui.keyword.builtin.VerifyTextPresentKeyword.execute(VerifyTextPresentKeyword.groovy:68)
	at com.kms.katalon.core.keyword.internal.KeywordExecutor.executeKeywordForPlatform(KeywordExecutor.groovy:74)
	at com.kms.katalon.core.webui.keyword.WebUiBuiltInKeywords.verifyTextPresent(WebUiBuiltInKeywords.groovy:1723)
	at com.kms.katalon.core.webui.keyword.WebUiBuiltInKeywords$verifyTextPresent$6.call(Unknown Source)
	at Điền mật khẩu yếu.run(Điền mật khẩu yếu:49)
	at com.kms.katalon.core.main.ScriptEngine.run(ScriptEngine.java:194)
	at com.kms.katalon.core.main.ScriptEngine.runScriptAsRawText(ScriptEngine.java:119)
	at com.kms.katalon.core.main.TestCaseExecutor.runScript(TestCaseExecutor.java:442)
	at com.kms.katalon.core.main.TestCaseExecutor.doExecute(TestCaseExecutor.java:433)
	at com.kms.katalon.core.main.TestCaseExecutor.processExecutionPhase(TestCaseExecutor.java:412)
	at com.kms.katalon.core.main.TestCaseExecutor.accessMainPhase(TestCaseExecutor.java:404)
	at com.kms.katalon.core.main.TestCaseExecutor.execute(TestCaseExecutor.java:281)
	at com.kms.katalon.core.main.TestSuiteExecutor.accessTestCaseMainPhase(TestSuiteExecutor.java:202)
	at com.kms.katalon.core.main.TestSuiteExecutor.accessTestSuiteMainPhase(TestSuiteExecutor.java:164)
	at com.kms.katalon.core.main.TestSuiteExecutor.execute(TestSuiteExecutor.java:105)
	at com.kms.katalon.core.main.TestCaseMain.startTestSuite(TestCaseMain.java:181)
	at com.kms.katalon.core.main.TestCaseMain$startTestSuite$0.call(Unknown Source)
	at TempTestSuite1642307295030.run(TempTestSuite1642307295030.groovy:36)
Caused by: com.kms.katalon.core.exception.StepFailedException: Text 'The password must have at least 1 special character(s) such as as *, -, or #.' is not present on page 
	at com.kms.katalon.core.webui.keyword.internal.WebUIKeywordMain.stepFailed(WebUIKeywordMain.groovy:64)
	at com.kms.katalon.core.webui.keyword.builtin.VerifyTextPresentKeyword$_verifyTextPresent_closure1.doCall(VerifyTextPresentKeyword.groovy:79)
	at com.kms.katalon.core.webui.keyword.builtin.VerifyTextPresentKeyword$_verifyTextPresent_closure1.call(VerifyTextPresentKeyword.groovy)
	at com.kms.katalon.core.webui.keyword.internal.WebUIKeywordMain.runKeyword(WebUIKeywordMain.groovy:20)
	... 19 more
)
[[ATTACHMENT|E:\\MoodleTestByKatalon\\Reports\\20220116_112815\\Run all test cases\\20220116_112815\\1642309957854.png]]]]></system-out>
         <system-err><![CDATA[2022-01-16 12:12:13 - [TEST_CASE][FAILED] - Test Cases/Tạo 1 User mới/Điền mật khẩu yếu: Test Cases/Tạo 1 User mới/Điền mật khẩu yếu FAILED.
Reason:
com.kms.katalon.core.exception.StepFailedException: Unable to verify text 'The password must have at least 1 special character(s) such as as *, -, or #.' is present 
	at com.kms.katalon.core.webui.keyword.internal.WebUIKeywordMain.stepFailed(WebUIKeywordMain.groovy:64)
	at com.kms.katalon.core.webui.keyword.internal.WebUIKeywordMain.runKeyword(WebUIKeywordMain.groovy:26)
	at com.kms.katalon.core.webui.keyword.builtin.VerifyTextPresentKeyword.verifyTextPresent(VerifyTextPresentKeyword.groovy:83)
	at com.kms.katalon.core.webui.keyword.builtin.VerifyTextPresentKeyword.execute(VerifyTextPresentKeyword.groovy:68)
	at com.kms.katalon.core.keyword.internal.KeywordExecutor.executeKeywordForPlatform(KeywordExecutor.groovy:74)
	at com.kms.katalon.core.webui.keyword.WebUiBuiltInKeywords.verifyTextPresent(WebUiBuiltInKeywords.groovy:1723)
	at com.kms.katalon.core.webui.keyword.WebUiBuiltInKeywords$verifyTextPresent$6.call(Unknown Source)
	at Điền mật khẩu yếu.run(Điền mật khẩu yếu:49)
	at com.kms.katalon.core.main.ScriptEngine.run(ScriptEngine.java:194)
	at com.kms.katalon.core.main.ScriptEngine.runScriptAsRawText(ScriptEngine.java:119)
	at com.kms.katalon.core.main.TestCaseExecutor.runScript(TestCaseExecutor.java:442)
	at com.kms.katalon.core.main.TestCaseExecutor.doExecute(TestCaseExecutor.java:433)
	at com.kms.katalon.core.main.TestCaseExecutor.processExecutionPhase(TestCaseExecutor.java:412)
	at com.kms.katalon.core.main.TestCaseExecutor.accessMainPhase(TestCaseExecutor.java:404)
	at com.kms.katalon.core.main.TestCaseExecutor.execute(TestCaseExecutor.java:281)
	at com.kms.katalon.core.main.TestSuiteExecutor.accessTestCaseMainPhase(TestSuiteExecutor.java:202)
	at com.kms.katalon.core.main.TestSuiteExecutor.accessTestSuiteMainPhase(TestSuiteExecutor.java:164)
	at com.kms.katalon.core.main.TestSuiteExecutor.execute(TestSuiteExecutor.java:105)
	at com.kms.katalon.core.main.TestCaseMain.startTestSuite(TestCaseMain.java:181)
	at com.kms.katalon.core.main.TestCaseMain$startTestSuite$0.call(Unknown Source)
	at TempTestSuite1642307295030.run(TempTestSuite1642307295030.groovy:36)
Caused by: com.kms.katalon.core.exception.StepFailedException: Text 'The password must have at least 1 special character(s) such as as *, -, or #.' is not present on page 
	at com.kms.katalon.core.webui.keyword.internal.WebUIKeywordMain.stepFailed(WebUIKeywordMain.groovy:64)
	at com.kms.katalon.core.webui.keyword.builtin.VerifyTextPresentKeyword$_verifyTextPresent_closure1.doCall(VerifyTextPresentKeyword.groovy:79)
	at com.kms.katalon.core.webui.keyword.builtin.VerifyTextPresentKeyword$_verifyTextPresent_closure1.call(VerifyTextPresentKeyword.groovy)
	at com.kms.katalon.core.webui.keyword.internal.WebUIKeywordMain.runKeyword(WebUIKeywordMain.groovy:20)
	... 19 more]]></system-err>
      </testcase>
      <testcase name="Test Cases/Tạo 1 User mới/Điền sai định dạng email" time="23.181" classname="Test Cases/Tạo 1 User mới/Điền sai định dạng email" status="PASSED">
         <system-out><![CDATA[2022-01-16 12:12:38 - [TEST_CASE][PASSED] - Test Cases/Tạo 1 User mới/Điền sai định dạng email: Test Cases/Tạo 1 User mới/Điền sai định dạng email

2022-01-16 12:12:38 - [TEST_STEP][PASSED] - callTestCase(findTestCase("Kiểm tra thẻ Site Administration/Đăng nhập thành công"), [:], STOP_ON_FAILURE): Call Test Case 'Test Cases/Kiểm tra thẻ Site Administration/Đăng nhập thành công' successfully

2022-01-16 12:12:38 - [TEST_CASE][PASSED] - Test Cases/Kiểm tra thẻ Site Administration/Đăng nhập thành công: Test Cases/Kiểm tra thẻ Site Administration/Đăng nhập thành công

2022-01-16 12:12:38 - [TEST_STEP][PASSED] - openBrowser(""): Browser is opened with url: ''

2022-01-16 12:12:38 - [MESSAGE][WARNING] - A browser is already opened. Closing browser and opening a new one

2022-01-16 12:12:39 - [MESSAGE][INFO] - Starting 'Edge Chromium' driver

2022-01-16 12:12:41 - [MESSAGE][INFO] - Action delay is set to 0 milliseconds

2022-01-16 12:12:42 - [MESSAGE][PASSED] - Browser is opened with url: ''

2022-01-16 12:12:42 - [TEST_STEP][PASSED] - navigateToUrl("http://localhost/"): Navigate to 'http://localhost/' successfully

2022-01-16 12:12:43 - [MESSAGE][PASSED] - Navigate to 'http://localhost/' successfully

2022-01-16 12:12:43 - [TEST_STEP][PASSED] - click(findTestObject("Object Repository/LoginObject/Page_Automation Testing Site/a_Log in")): Object: 'Object Repository/LoginObject/Page_Automation Testing Site/a_Log in' is clicked on

2022-01-16 12:12:44 - [MESSAGE][PASSED] - Object: 'Object Repository/LoginObject/Page_Automation Testing Site/a_Log in' is clicked on

2022-01-16 12:12:44 - [TEST_STEP][PASSED] - setText(findTestObject("Object Repository/LoginObject/Page_Automation Testing Site Log in to the site/input_Username_username"), "admin"): Text 'admin' is set on object 'Object Repository/LoginObject/Page_Automation Testing Site Log in to the site/input_Username_username'

2022-01-16 12:12:45 - [MESSAGE][PASSED] - Text 'admin' is set on object 'Object Repository/LoginObject/Page_Automation Testing Site Log in to the site/input_Username_username'

2022-01-16 12:12:45 - [TEST_STEP][PASSED] - setEncryptedText(findTestObject("Object Repository/LoginObject/Page_Automation Testing Site Log in to the site/input_Password_password"), "cnpXG5HhkrZpEXzNIGBMZQ=="): Text ****** has been set on object 'Object Repository/LoginObject/Page_Automation Testing Site Log in to the site/input_Password_password'

2022-01-16 12:12:45 - [MESSAGE][PASSED] - Text ****** has been set on object 'Object Repository/LoginObject/Page_Automation Testing Site Log in to the site/input_Password_password'

2022-01-16 12:12:45 - [TEST_STEP][PASSED] - click(findTestObject("Object Repository/LoginObject/Page_Automation Testing Site Log in to the site/button_Log in")): Object: 'Object Repository/LoginObject/Page_Automation Testing Site Log in to the site/button_Log in' is clicked on

2022-01-16 12:12:47 - [MESSAGE][PASSED] - Object: 'Object Repository/LoginObject/Page_Automation Testing Site Log in to the site/button_Log in' is clicked on

2022-01-16 12:12:47 - [TEST_STEP][PASSED] - verifyElementText(findTestObject("Object Repository/LoginObject/Page_Dashboard/span_Site administration"), "Site administration"): Actual text and expected text of test object 'Object Repository/LoginObject/Page_Dashboard/span_Site administration' are matched.

2022-01-16 12:12:48 - [MESSAGE][PASSED] - Actual text and expected text of test object 'Object Repository/LoginObject/Page_Dashboard/span_Site administration' are matched.

2022-01-16 12:12:48 - [MESSAGE][PASSED] - Call Test Case 'Test Cases/Kiểm tra thẻ Site Administration/Đăng nhập thành công' successfully

2022-01-16 12:12:48 - [TEST_STEP][PASSED] - click(findTestObject("Object Repository/AddANewUserObject/Page_Dashboard/span_Site administration")): Object: 'Object Repository/AddANewUserObject/Page_Dashboard/span_Site administration' is clicked on

2022-01-16 12:12:49 - [MESSAGE][PASSED] - Object: 'Object Repository/AddANewUserObject/Page_Dashboard/span_Site administration' is clicked on

2022-01-16 12:12:49 - [TEST_STEP][PASSED] - navigateToUrl("http://localhost/admin/search.php"): Navigate to 'http://localhost/admin/search.php' successfully

2022-01-16 12:12:50 - [MESSAGE][PASSED] - Navigate to 'http://localhost/admin/search.php' successfully

2022-01-16 12:12:50 - [TEST_STEP][PASSED] - click(findTestObject("Object Repository/AddANewUserObject/Page_SiteTesting Administration Search/a_Users")): Object: 'Object Repository/AddANewUserObject/Page_SiteTesting Administration Search/a_Users' is clicked on

2022-01-16 12:12:51 - [MESSAGE][PASSED] - Object: 'Object Repository/AddANewUserObject/Page_SiteTesting Administration Search/a_Users' is clicked on

2022-01-16 12:12:51 - [TEST_STEP][PASSED] - click(findTestObject("Object Repository/AddANewUserObject/Page_SiteTesting Administration Search/a_Add a new user")): Object: 'Object Repository/AddANewUserObject/Page_SiteTesting Administration Search/a_Add a new user' is clicked on

2022-01-16 12:12:52 - [MESSAGE][PASSED] - Object: 'Object Repository/AddANewUserObject/Page_SiteTesting Administration Search/a_Add a new user' is clicked on

2022-01-16 12:12:52 - [TEST_STEP][PASSED] - setText(findTestObject("Object Repository/AddANewUserObject/Page_SiteTesting Administration Users Accou_a8eb60/input_Username_username"), "testing_wrong_email"): Text 'testing_wrong_email' is set on object 'Object Repository/AddANewUserObject/Page_SiteTesting Administration Users Accou_a8eb60/input_Username_username'

2022-01-16 12:12:54 - [MESSAGE][PASSED] - Text 'testing_wrong_email' is set on object 'Object Repository/AddANewUserObject/Page_SiteTesting Administration Users Accou_a8eb60/input_Username_username'

2022-01-16 12:12:54 - [TEST_STEP][PASSED] - click(findTestObject("Object Repository/AddANewUserObject/Page_SiteTesting Administration Users Accou_a8eb60/em_Click to enter text")): Object: 'Object Repository/AddANewUserObject/Page_SiteTesting Administration Users Accou_a8eb60/em_Click to enter text' is clicked on

2022-01-16 12:12:54 - [MESSAGE][PASSED] - Object: 'Object Repository/AddANewUserObject/Page_SiteTesting Administration Users Accou_a8eb60/em_Click to enter text' is clicked on

2022-01-16 12:12:54 - [TEST_STEP][PASSED] - setEncryptedText(findTestObject("Object Repository/AddANewUserObject/Page_SiteTesting Administration Users Accou_a8eb60/input_New password_newpassword"), "cnpXG5HhkrZpEXzNIGBMZQ=="): Text ****** has been set on object 'Object Repository/AddANewUserObject/Page_SiteTesting Administration Users Accou_a8eb60/input_New password_newpassword'

2022-01-16 12:12:55 - [MESSAGE][PASSED] - Text ****** has been set on object 'Object Repository/AddANewUserObject/Page_SiteTesting Administration Users Accou_a8eb60/input_New password_newpassword'

2022-01-16 12:12:55 - [TEST_STEP][PASSED] - setText(findTestObject("Object Repository/AddANewUserObject/Page_SiteTesting Administration Users Accou_a8eb60/input_First name_firstname"), "Quang"): Text 'Quang' is set on object 'Object Repository/AddANewUserObject/Page_SiteTesting Administration Users Accou_a8eb60/input_First name_firstname'

2022-01-16 12:12:56 - [MESSAGE][PASSED] - Text 'Quang' is set on object 'Object Repository/AddANewUserObject/Page_SiteTesting Administration Users Accou_a8eb60/input_First name_firstname'

2022-01-16 12:12:56 - [TEST_STEP][PASSED] - setText(findTestObject("Object Repository/AddANewUserObject/Page_SiteTesting Administration Users Accou_a8eb60/input_Surname_lastname"), "Le2"): Text 'Le2' is set on object 'Object Repository/AddANewUserObject/Page_SiteTesting Administration Users Accou_a8eb60/input_Surname_lastname'

2022-01-16 12:12:57 - [MESSAGE][PASSED] - Text 'Le2' is set on object 'Object Repository/AddANewUserObject/Page_SiteTesting Administration Users Accou_a8eb60/input_Surname_lastname'

2022-01-16 12:12:57 - [TEST_STEP][PASSED] - setText(findTestObject("Object Repository/AddANewUserObject/Page_SiteTesting Administration Users Accou_a8eb60/input_Email address_email"), "testing_wrong_email"): Text 'testing_wrong_email' is set on object 'Object Repository/AddANewUserObject/Page_SiteTesting Administration Users Accou_a8eb60/input_Email address_email'

2022-01-16 12:12:58 - [MESSAGE][PASSED] - Text 'testing_wrong_email' is set on object 'Object Repository/AddANewUserObject/Page_SiteTesting Administration Users Accou_a8eb60/input_Email address_email'

2022-01-16 12:12:58 - [TEST_STEP][PASSED] - click(findTestObject("Object Repository/AddANewUserObject/Page_SiteTesting Administration Users Accou_a8eb60/input_Address_submitbutton")): Object: 'Object Repository/AddANewUserObject/Page_SiteTesting Administration Users Accou_a8eb60/input_Address_submitbutton' is clicked on

2022-01-16 12:13:00 - [MESSAGE][PASSED] - Object: 'Object Repository/AddANewUserObject/Page_SiteTesting Administration Users Accou_a8eb60/input_Address_submitbutton' is clicked on

2022-01-16 12:13:00 - [TEST_STEP][PASSED] - verifyElementText(findTestObject("Object Repository/AddANewUserObject/Page_SiteTesting Administration Users Accou_a8eb60/div_Invalid email address"), "Invalid email address"): Actual text and expected text of test object 'Object Repository/AddANewUserObject/Page_SiteTesting Administration Users Accou_a8eb60/div_Invalid email address' are matched.

2022-01-16 12:13:01 - [MESSAGE][PASSED] - Actual text and expected text of test object 'Object Repository/AddANewUserObject/Page_SiteTesting Administration Users Accou_a8eb60/div_Invalid email address' are matched.]]></system-out>
         <system-err><![CDATA[]]></system-err>
      </testcase>
      <testcase name="Test Cases/Tạo 1 User mới/Điền đầy đủ thông tin bắt buộc" time="24.869" classname="Test Cases/Tạo 1 User mới/Điền đầy đủ thông tin bắt buộc" status="PASSED">
         <system-out><![CDATA[2022-01-16 12:13:01 - [TEST_CASE][PASSED] - Test Cases/Tạo 1 User mới/Điền đầy đủ thông tin bắt buộc: Test Cases/Tạo 1 User mới/Điền đầy đủ thông tin bắt buộc

2022-01-16 12:13:01 - [TEST_STEP][PASSED] - callTestCase(findTestCase("Kiểm tra thẻ Site Administration/Đăng nhập thành công"), [:], STOP_ON_FAILURE): Call Test Case 'Test Cases/Kiểm tra thẻ Site Administration/Đăng nhập thành công' successfully

2022-01-16 12:13:01 - [TEST_CASE][PASSED] - Test Cases/Kiểm tra thẻ Site Administration/Đăng nhập thành công: Test Cases/Kiểm tra thẻ Site Administration/Đăng nhập thành công

2022-01-16 12:13:01 - [TEST_STEP][PASSED] - openBrowser(""): Browser is opened with url: ''

2022-01-16 12:13:01 - [MESSAGE][WARNING] - A browser is already opened. Closing browser and opening a new one

2022-01-16 12:13:02 - [MESSAGE][INFO] - Starting 'Edge Chromium' driver

2022-01-16 12:13:05 - [MESSAGE][INFO] - Action delay is set to 0 milliseconds

2022-01-16 12:13:05 - [MESSAGE][PASSED] - Browser is opened with url: ''

2022-01-16 12:13:05 - [TEST_STEP][PASSED] - navigateToUrl("http://localhost/"): Navigate to 'http://localhost/' successfully

2022-01-16 12:13:06 - [MESSAGE][PASSED] - Navigate to 'http://localhost/' successfully

2022-01-16 12:13:06 - [TEST_STEP][PASSED] - click(findTestObject("Object Repository/LoginObject/Page_Automation Testing Site/a_Log in")): Object: 'Object Repository/LoginObject/Page_Automation Testing Site/a_Log in' is clicked on

2022-01-16 12:13:07 - [MESSAGE][PASSED] - Object: 'Object Repository/LoginObject/Page_Automation Testing Site/a_Log in' is clicked on

2022-01-16 12:13:07 - [TEST_STEP][PASSED] - setText(findTestObject("Object Repository/LoginObject/Page_Automation Testing Site Log in to the site/input_Username_username"), "admin"): Text 'admin' is set on object 'Object Repository/LoginObject/Page_Automation Testing Site Log in to the site/input_Username_username'

2022-01-16 12:13:08 - [MESSAGE][PASSED] - Text 'admin' is set on object 'Object Repository/LoginObject/Page_Automation Testing Site Log in to the site/input_Username_username'

2022-01-16 12:13:08 - [TEST_STEP][PASSED] - setEncryptedText(findTestObject("Object Repository/LoginObject/Page_Automation Testing Site Log in to the site/input_Password_password"), "cnpXG5HhkrZpEXzNIGBMZQ=="): Text ****** has been set on object 'Object Repository/LoginObject/Page_Automation Testing Site Log in to the site/input_Password_password'

2022-01-16 12:13:09 - [MESSAGE][PASSED] - Text ****** has been set on object 'Object Repository/LoginObject/Page_Automation Testing Site Log in to the site/input_Password_password'

2022-01-16 12:13:09 - [TEST_STEP][PASSED] - click(findTestObject("Object Repository/LoginObject/Page_Automation Testing Site Log in to the site/button_Log in")): Object: 'Object Repository/LoginObject/Page_Automation Testing Site Log in to the site/button_Log in' is clicked on

2022-01-16 12:13:10 - [MESSAGE][PASSED] - Object: 'Object Repository/LoginObject/Page_Automation Testing Site Log in to the site/button_Log in' is clicked on

2022-01-16 12:13:10 - [TEST_STEP][PASSED] - verifyElementText(findTestObject("Object Repository/LoginObject/Page_Dashboard/span_Site administration"), "Site administration"): Actual text and expected text of test object 'Object Repository/LoginObject/Page_Dashboard/span_Site administration' are matched.

2022-01-16 12:13:12 - [MESSAGE][PASSED] - Actual text and expected text of test object 'Object Repository/LoginObject/Page_Dashboard/span_Site administration' are matched.

2022-01-16 12:13:12 - [MESSAGE][PASSED] - Call Test Case 'Test Cases/Kiểm tra thẻ Site Administration/Đăng nhập thành công' successfully

2022-01-16 12:13:12 - [TEST_STEP][PASSED] - click(findTestObject("Object Repository/AddANewUserObject/Page_Dashboard/span_Site administration")): Object: 'Object Repository/AddANewUserObject/Page_Dashboard/span_Site administration' is clicked on

2022-01-16 12:13:13 - [MESSAGE][PASSED] - Object: 'Object Repository/AddANewUserObject/Page_Dashboard/span_Site administration' is clicked on

2022-01-16 12:13:13 - [TEST_STEP][PASSED] - navigateToUrl("http://localhost/admin/search.php"): Navigate to 'http://localhost/admin/search.php' successfully

2022-01-16 12:13:14 - [MESSAGE][PASSED] - Navigate to 'http://localhost/admin/search.php' successfully

2022-01-16 12:13:14 - [TEST_STEP][PASSED] - click(findTestObject("Object Repository/AddANewUserObject/Page_SiteTesting Administration Search/a_Users")): Object: 'Object Repository/AddANewUserObject/Page_SiteTesting Administration Search/a_Users' is clicked on

2022-01-16 12:13:15 - [MESSAGE][PASSED] - Object: 'Object Repository/AddANewUserObject/Page_SiteTesting Administration Search/a_Users' is clicked on

2022-01-16 12:13:15 - [TEST_STEP][PASSED] - click(findTestObject("Object Repository/AddANewUserObject/Page_SiteTesting Administration Search/a_Add a new user")): Object: 'Object Repository/AddANewUserObject/Page_SiteTesting Administration Search/a_Add a new user' is clicked on

2022-01-16 12:13:17 - [MESSAGE][PASSED] - Object: 'Object Repository/AddANewUserObject/Page_SiteTesting Administration Search/a_Add a new user' is clicked on

2022-01-16 12:13:17 - [TEST_STEP][PASSED] - setText(findTestObject("Object Repository/AddANewUserObject/Page_SiteTesting Administration Users Accou_a8eb60/input_Username_username"), "testing"): Text 'testing' is set on object 'Object Repository/AddANewUserObject/Page_SiteTesting Administration Users Accou_a8eb60/input_Username_username'

2022-01-16 12:13:18 - [MESSAGE][PASSED] - Text 'testing' is set on object 'Object Repository/AddANewUserObject/Page_SiteTesting Administration Users Accou_a8eb60/input_Username_username'

2022-01-16 12:13:18 - [TEST_STEP][PASSED] - click(findTestObject("Object Repository/AddANewUserObject/Page_SiteTesting Administration Users Accou_a8eb60/em_Click to enter text")): Object: 'Object Repository/AddANewUserObject/Page_SiteTesting Administration Users Accou_a8eb60/em_Click to enter text' is clicked on

2022-01-16 12:13:19 - [MESSAGE][PASSED] - Object: 'Object Repository/AddANewUserObject/Page_SiteTesting Administration Users Accou_a8eb60/em_Click to enter text' is clicked on

2022-01-16 12:13:19 - [TEST_STEP][PASSED] - setEncryptedText(findTestObject("Object Repository/AddANewUserObject/Page_SiteTesting Administration Users Accou_a8eb60/input_New password_newpassword"), "cnpXG5HhkrZpEXzNIGBMZQ=="): Text ****** has been set on object 'Object Repository/AddANewUserObject/Page_SiteTesting Administration Users Accou_a8eb60/input_New password_newpassword'

2022-01-16 12:13:19 - [MESSAGE][PASSED] - Text ****** has been set on object 'Object Repository/AddANewUserObject/Page_SiteTesting Administration Users Accou_a8eb60/input_New password_newpassword'

2022-01-16 12:13:19 - [TEST_STEP][PASSED] - setText(findTestObject("Object Repository/AddANewUserObject/Page_SiteTesting Administration Users Accou_a8eb60/input_First name_firstname"), "Quang"): Text 'Quang' is set on object 'Object Repository/AddANewUserObject/Page_SiteTesting Administration Users Accou_a8eb60/input_First name_firstname'

2022-01-16 12:13:20 - [MESSAGE][PASSED] - Text 'Quang' is set on object 'Object Repository/AddANewUserObject/Page_SiteTesting Administration Users Accou_a8eb60/input_First name_firstname'

2022-01-16 12:13:20 - [TEST_STEP][PASSED] - setText(findTestObject("Object Repository/AddANewUserObject/Page_SiteTesting Administration Users Accou_a8eb60/input_Surname_lastname"), "Le1"): Text 'Le1' is set on object 'Object Repository/AddANewUserObject/Page_SiteTesting Administration Users Accou_a8eb60/input_Surname_lastname'

2022-01-16 12:13:21 - [MESSAGE][PASSED] - Text 'Le1' is set on object 'Object Repository/AddANewUserObject/Page_SiteTesting Administration Users Accou_a8eb60/input_Surname_lastname'

2022-01-16 12:13:21 - [TEST_STEP][PASSED] - setText(findTestObject("Object Repository/AddANewUserObject/Page_SiteTesting Administration Users Accou_a8eb60/input_Email address_email"), "testing@gmail.com"): Text 'testing@gmail.com' is set on object 'Object Repository/AddANewUserObject/Page_SiteTesting Administration Users Accou_a8eb60/input_Email address_email'

2022-01-16 12:13:22 - [MESSAGE][PASSED] - Text 'testing@gmail.com' is set on object 'Object Repository/AddANewUserObject/Page_SiteTesting Administration Users Accou_a8eb60/input_Email address_email'

2022-01-16 12:13:22 - [TEST_STEP][PASSED] - click(findTestObject("Object Repository/AddANewUserObject/Page_SiteTesting Administration Users Accou_a8eb60/input_Address_submitbutton")): Object: 'Object Repository/AddANewUserObject/Page_SiteTesting Administration Users Accou_a8eb60/input_Address_submitbutton' is clicked on

2022-01-16 12:13:25 - [MESSAGE][PASSED] - Object: 'Object Repository/AddANewUserObject/Page_SiteTesting Administration Users Accou_a8eb60/input_Address_submitbutton' is clicked on

2022-01-16 12:13:25 - [TEST_STEP][PASSED] - verifyElementText(findTestObject("Object Repository/AddANewUserObject/Page_SiteTesting Administration Users Accou_36dc4d/td_testinggmail.com"), "testing@gmail.com"): Actual text and expected text of test object 'Object Repository/AddANewUserObject/Page_SiteTesting Administration Users Accou_36dc4d/td_testinggmail.com' are matched.

2022-01-16 12:13:26 - [MESSAGE][PASSED] - Actual text and expected text of test object 'Object Repository/AddANewUserObject/Page_SiteTesting Administration Users Accou_36dc4d/td_testinggmail.com' are matched.]]></system-out>
         <system-err><![CDATA[]]></system-err>
      </testcase>
      <testcase name="Test Cases/Tạo 1 User mới/Test 1 vài trường optional khác" time="28.858" classname="Test Cases/Tạo 1 User mới/Test 1 vài trường optional khác" status="PASSED">
         <system-out><![CDATA[2022-01-16 12:13:26 - [TEST_CASE][PASSED] - Test Cases/Tạo 1 User mới/Test 1 vài trường optional khác: Test Cases/Tạo 1 User mới/Test 1 vài trường optional khác

2022-01-16 12:13:26 - [TEST_STEP][PASSED] - callTestCase(findTestCase("Kiểm tra thẻ Site Administration/Đăng nhập thành công"), [:], STOP_ON_FAILURE): Call Test Case 'Test Cases/Kiểm tra thẻ Site Administration/Đăng nhập thành công' successfully

2022-01-16 12:13:26 - [TEST_CASE][PASSED] - Test Cases/Kiểm tra thẻ Site Administration/Đăng nhập thành công: Test Cases/Kiểm tra thẻ Site Administration/Đăng nhập thành công

2022-01-16 12:13:26 - [TEST_STEP][PASSED] - openBrowser(""): Browser is opened with url: ''

2022-01-16 12:13:26 - [MESSAGE][WARNING] - A browser is already opened. Closing browser and opening a new one

2022-01-16 12:13:27 - [MESSAGE][INFO] - Starting 'Edge Chromium' driver

2022-01-16 12:13:29 - [MESSAGE][INFO] - Action delay is set to 0 milliseconds

2022-01-16 12:13:30 - [MESSAGE][PASSED] - Browser is opened with url: ''

2022-01-16 12:13:30 - [TEST_STEP][PASSED] - navigateToUrl("http://localhost/"): Navigate to 'http://localhost/' successfully

2022-01-16 12:13:31 - [MESSAGE][PASSED] - Navigate to 'http://localhost/' successfully

2022-01-16 12:13:31 - [TEST_STEP][PASSED] - click(findTestObject("Object Repository/LoginObject/Page_Automation Testing Site/a_Log in")): Object: 'Object Repository/LoginObject/Page_Automation Testing Site/a_Log in' is clicked on

2022-01-16 12:13:32 - [MESSAGE][PASSED] - Object: 'Object Repository/LoginObject/Page_Automation Testing Site/a_Log in' is clicked on

2022-01-16 12:13:32 - [TEST_STEP][PASSED] - setText(findTestObject("Object Repository/LoginObject/Page_Automation Testing Site Log in to the site/input_Username_username"), "admin"): Text 'admin' is set on object 'Object Repository/LoginObject/Page_Automation Testing Site Log in to the site/input_Username_username'

2022-01-16 12:13:33 - [MESSAGE][PASSED] - Text 'admin' is set on object 'Object Repository/LoginObject/Page_Automation Testing Site Log in to the site/input_Username_username'

2022-01-16 12:13:33 - [TEST_STEP][PASSED] - setEncryptedText(findTestObject("Object Repository/LoginObject/Page_Automation Testing Site Log in to the site/input_Password_password"), "cnpXG5HhkrZpEXzNIGBMZQ=="): Text ****** has been set on object 'Object Repository/LoginObject/Page_Automation Testing Site Log in to the site/input_Password_password'

2022-01-16 12:13:33 - [MESSAGE][PASSED] - Text ****** has been set on object 'Object Repository/LoginObject/Page_Automation Testing Site Log in to the site/input_Password_password'

2022-01-16 12:13:33 - [TEST_STEP][PASSED] - click(findTestObject("Object Repository/LoginObject/Page_Automation Testing Site Log in to the site/button_Log in")): Object: 'Object Repository/LoginObject/Page_Automation Testing Site Log in to the site/button_Log in' is clicked on

2022-01-16 12:13:35 - [MESSAGE][PASSED] - Object: 'Object Repository/LoginObject/Page_Automation Testing Site Log in to the site/button_Log in' is clicked on

2022-01-16 12:13:35 - [TEST_STEP][PASSED] - verifyElementText(findTestObject("Object Repository/LoginObject/Page_Dashboard/span_Site administration"), "Site administration"): Actual text and expected text of test object 'Object Repository/LoginObject/Page_Dashboard/span_Site administration' are matched.

2022-01-16 12:13:36 - [MESSAGE][PASSED] - Actual text and expected text of test object 'Object Repository/LoginObject/Page_Dashboard/span_Site administration' are matched.

2022-01-16 12:13:36 - [MESSAGE][PASSED] - Call Test Case 'Test Cases/Kiểm tra thẻ Site Administration/Đăng nhập thành công' successfully

2022-01-16 12:13:36 - [TEST_STEP][PASSED] - click(findTestObject("Object Repository/AddANewUserObject/Page_Dashboard/span_Site administration")): Object: 'Object Repository/AddANewUserObject/Page_Dashboard/span_Site administration' is clicked on

2022-01-16 12:13:38 - [MESSAGE][PASSED] - Object: 'Object Repository/AddANewUserObject/Page_Dashboard/span_Site administration' is clicked on

2022-01-16 12:13:38 - [TEST_STEP][PASSED] - navigateToUrl("http://localhost/admin/search.php"): Navigate to 'http://localhost/admin/search.php' successfully

2022-01-16 12:13:38 - [MESSAGE][PASSED] - Navigate to 'http://localhost/admin/search.php' successfully

2022-01-16 12:13:38 - [TEST_STEP][PASSED] - click(findTestObject("Object Repository/AddANewUserObject/Page_SiteTesting Administration Search/a_Users")): Object: 'Object Repository/AddANewUserObject/Page_SiteTesting Administration Search/a_Users' is clicked on

2022-01-16 12:13:39 - [MESSAGE][PASSED] - Object: 'Object Repository/AddANewUserObject/Page_SiteTesting Administration Search/a_Users' is clicked on

2022-01-16 12:13:39 - [TEST_STEP][PASSED] - click(findTestObject("Object Repository/AddANewUserObject/Page_SiteTesting Administration Search/a_Add a new user")): Object: 'Object Repository/AddANewUserObject/Page_SiteTesting Administration Search/a_Add a new user' is clicked on

2022-01-16 12:13:40 - [MESSAGE][PASSED] - Object: 'Object Repository/AddANewUserObject/Page_SiteTesting Administration Search/a_Add a new user' is clicked on

2022-01-16 12:13:40 - [TEST_STEP][PASSED] - setText(findTestObject("Object Repository/OptionalUserFormObject/Page_SiteTesting Administration Users Accou_a8eb60/input_Username_username"), "testing_description"): Text 'testing_description' is set on object 'Object Repository/OptionalUserFormObject/Page_SiteTesting Administration Users Accou_a8eb60/input_Username_username'

2022-01-16 12:13:42 - [MESSAGE][PASSED] - Text 'testing_description' is set on object 'Object Repository/OptionalUserFormObject/Page_SiteTesting Administration Users Accou_a8eb60/input_Username_username'

2022-01-16 12:13:42 - [TEST_STEP][PASSED] - click(findTestObject("Object Repository/OptionalUserFormObject/Page_SiteTesting Administration Users Accou_a8eb60/em_Click to enter text")): Object: 'Object Repository/OptionalUserFormObject/Page_SiteTesting Administration Users Accou_a8eb60/em_Click to enter text' is clicked on

2022-01-16 12:13:42 - [MESSAGE][PASSED] - Object: 'Object Repository/OptionalUserFormObject/Page_SiteTesting Administration Users Accou_a8eb60/em_Click to enter text' is clicked on

2022-01-16 12:13:42 - [TEST_STEP][PASSED] - setEncryptedText(findTestObject("Object Repository/OptionalUserFormObject/Page_SiteTesting Administration Users Accou_a8eb60/input_New password_newpassword"), "cnpXG5HhkrZpEXzNIGBMZQ=="): Text ****** has been set on object 'Object Repository/OptionalUserFormObject/Page_SiteTesting Administration Users Accou_a8eb60/input_New password_newpassword'

2022-01-16 12:13:43 - [MESSAGE][PASSED] - Text ****** has been set on object 'Object Repository/OptionalUserFormObject/Page_SiteTesting Administration Users Accou_a8eb60/input_New password_newpassword'

2022-01-16 12:13:43 - [TEST_STEP][PASSED] - setText(findTestObject("Object Repository/OptionalUserFormObject/Page_SiteTesting Administration Users Accou_a8eb60/input_First name_firstname"), "Quang"): Text 'Quang' is set on object 'Object Repository/OptionalUserFormObject/Page_SiteTesting Administration Users Accou_a8eb60/input_First name_firstname'

2022-01-16 12:13:44 - [MESSAGE][PASSED] - Text 'Quang' is set on object 'Object Repository/OptionalUserFormObject/Page_SiteTesting Administration Users Accou_a8eb60/input_First name_firstname'

2022-01-16 12:13:44 - [TEST_STEP][PASSED] - setText(findTestObject("Object Repository/OptionalUserFormObject/Page_SiteTesting Administration Users Accou_a8eb60/input_Surname_lastname"), "Le5"): Text 'Le5' is set on object 'Object Repository/OptionalUserFormObject/Page_SiteTesting Administration Users Accou_a8eb60/input_Surname_lastname'

2022-01-16 12:13:45 - [MESSAGE][PASSED] - Text 'Le5' is set on object 'Object Repository/OptionalUserFormObject/Page_SiteTesting Administration Users Accou_a8eb60/input_Surname_lastname'

2022-01-16 12:13:45 - [TEST_STEP][PASSED] - setText(findTestObject("Object Repository/OptionalUserFormObject/Page_SiteTesting Administration Users Accou_a8eb60/input_Email address_email"), "testing_description@gmail.com"): Text 'testing_description@gmail.com' is set on object 'Object Repository/OptionalUserFormObject/Page_SiteTesting Administration Users Accou_a8eb60/input_Email address_email'

2022-01-16 12:13:46 - [MESSAGE][PASSED] - Text 'testing_description@gmail.com' is set on object 'Object Repository/OptionalUserFormObject/Page_SiteTesting Administration Users Accou_a8eb60/input_Email address_email'

2022-01-16 12:13:46 - [TEST_STEP][PASSED] - click(findTestObject("Object Repository/OptionalUserFormObject/Page_SiteTesting Administration Users Accou_a8eb60/a_Additional names")): Object: 'Object Repository/OptionalUserFormObject/Page_SiteTesting Administration Users Accou_a8eb60/a_Additional names' is clicked on

2022-01-16 12:13:46 - [MESSAGE][PASSED] - Object: 'Object Repository/OptionalUserFormObject/Page_SiteTesting Administration Users Accou_a8eb60/a_Additional names' is clicked on

2022-01-16 12:13:46 - [TEST_STEP][PASSED] - setText(findTestObject("Object Repository/OptionalUserFormObject/Page_SiteTesting Administration Users Accou_a8eb60/input_First name - phonetic_firstnamephonetic"), "Quang"): Text 'Quang' is set on object 'Object Repository/OptionalUserFormObject/Page_SiteTesting Administration Users Accou_a8eb60/input_First name - phonetic_firstnamephonetic'

2022-01-16 12:13:47 - [MESSAGE][PASSED] - Text 'Quang' is set on object 'Object Repository/OptionalUserFormObject/Page_SiteTesting Administration Users Accou_a8eb60/input_First name - phonetic_firstnamephonetic'

2022-01-16 12:13:47 - [TEST_STEP][PASSED] - setText(findTestObject("Object Repository/OptionalUserFormObject/Page_SiteTesting Administration Users Accou_a8eb60/input_Surname - phonetic_lastnamephonetic"), "Le"): Text 'Le' is set on object 'Object Repository/OptionalUserFormObject/Page_SiteTesting Administration Users Accou_a8eb60/input_Surname - phonetic_lastnamephonetic'

2022-01-16 12:13:48 - [MESSAGE][PASSED] - Text 'Le' is set on object 'Object Repository/OptionalUserFormObject/Page_SiteTesting Administration Users Accou_a8eb60/input_Surname - phonetic_lastnamephonetic'

2022-01-16 12:13:48 - [TEST_STEP][PASSED] - setText(findTestObject("Object Repository/OptionalUserFormObject/Page_SiteTesting Administration Users Accou_a8eb60/input_Middle name_middlename"), "Nhat"): Text 'Nhat' is set on object 'Object Repository/OptionalUserFormObject/Page_SiteTesting Administration Users Accou_a8eb60/input_Middle name_middlename'

2022-01-16 12:13:49 - [MESSAGE][PASSED] - Text 'Nhat' is set on object 'Object Repository/OptionalUserFormObject/Page_SiteTesting Administration Users Accou_a8eb60/input_Middle name_middlename'

2022-01-16 12:13:49 - [TEST_STEP][PASSED] - click(findTestObject("Object Repository/OptionalUserFormObject/Page_SiteTesting Administration Users Accou_a8eb60/a_Optional_1")): Object: 'Object Repository/OptionalUserFormObject/Page_SiteTesting Administration Users Accou_a8eb60/a_Optional_1' is clicked on

2022-01-16 12:13:49 - [MESSAGE][PASSED] - Object: 'Object Repository/OptionalUserFormObject/Page_SiteTesting Administration Users Accou_a8eb60/a_Optional_1' is clicked on

2022-01-16 12:13:49 - [TEST_STEP][PASSED] - setText(findTestObject("Object Repository/OptionalUserFormObject/Page_SiteTesting Administration Users Accou_a8eb60/input_Phone_phone1"), "0123456789"): Text '0123456789' is set on object 'Object Repository/OptionalUserFormObject/Page_SiteTesting Administration Users Accou_a8eb60/input_Phone_phone1'

2022-01-16 12:13:50 - [MESSAGE][PASSED] - Text '0123456789' is set on object 'Object Repository/OptionalUserFormObject/Page_SiteTesting Administration Users Accou_a8eb60/input_Phone_phone1'

2022-01-16 12:13:50 - [TEST_STEP][PASSED] - setText(findTestObject("Object Repository/OptionalUserFormObject/Page_SiteTesting Administration Users Accou_a8eb60/input_ID number_idnumber"), "1000"): Text '1000' is set on object 'Object Repository/OptionalUserFormObject/Page_SiteTesting Administration Users Accou_a8eb60/input_ID number_idnumber'

2022-01-16 12:13:51 - [MESSAGE][PASSED] - Text '1000' is set on object 'Object Repository/OptionalUserFormObject/Page_SiteTesting Administration Users Accou_a8eb60/input_ID number_idnumber'

2022-01-16 12:13:51 - [TEST_STEP][PASSED] - click(findTestObject("Object Repository/OptionalUserFormObject/Page_SiteTesting Administration Users Accou_a8eb60/input_Address_submitbutton")): Object: 'Object Repository/OptionalUserFormObject/Page_SiteTesting Administration Users Accou_a8eb60/input_Address_submitbutton' is clicked on

2022-01-16 12:13:53 - [MESSAGE][PASSED] - Object: 'Object Repository/OptionalUserFormObject/Page_SiteTesting Administration Users Accou_a8eb60/input_Address_submitbutton' is clicked on

2022-01-16 12:13:53 - [TEST_STEP][PASSED] - navigateToUrl("http://localhost/admin/user.php"): Navigate to 'http://localhost/admin/user.php' successfully

2022-01-16 12:13:54 - [MESSAGE][PASSED] - Navigate to 'http://localhost/admin/user.php' successfully]]></system-out>
         <system-err><![CDATA[]]></system-err>
      </testcase>
      <testcase name="Test Cases/Tạo 1 User mới/Kiểm tra việc tài khoản bị ban sau khi chọn Suspended account" time="29.999" classname="Test Cases/Tạo 1 User mới/Kiểm tra việc tài khoản bị ban sau khi chọn Suspended account" status="PASSED">
         <system-out><![CDATA[2022-01-16 12:13:55 - [TEST_CASE][PASSED] - Test Cases/Tạo 1 User mới/Kiểm tra việc tài khoản bị ban sau khi chọn Suspended account: Test Cases/Tạo 1 User mới/Kiểm tra việc tài khoản bị ban sau khi chọn Suspended account

2022-01-16 12:13:55 - [TEST_STEP][PASSED] - callTestCase(findTestCase("Kiểm tra thẻ Site Administration/Đăng nhập thành công"), [:], STOP_ON_FAILURE): Call Test Case 'Test Cases/Kiểm tra thẻ Site Administration/Đăng nhập thành công' successfully

2022-01-16 12:13:55 - [TEST_CASE][PASSED] - Test Cases/Kiểm tra thẻ Site Administration/Đăng nhập thành công: Test Cases/Kiểm tra thẻ Site Administration/Đăng nhập thành công

2022-01-16 12:13:55 - [TEST_STEP][PASSED] - openBrowser(""): Browser is opened with url: ''

2022-01-16 12:13:55 - [MESSAGE][WARNING] - A browser is already opened. Closing browser and opening a new one

2022-01-16 12:13:56 - [MESSAGE][INFO] - Starting 'Edge Chromium' driver

2022-01-16 12:13:58 - [MESSAGE][INFO] - Action delay is set to 0 milliseconds

2022-01-16 12:13:59 - [MESSAGE][PASSED] - Browser is opened with url: ''

2022-01-16 12:13:59 - [TEST_STEP][PASSED] - navigateToUrl("http://localhost/"): Navigate to 'http://localhost/' successfully

2022-01-16 12:14:00 - [MESSAGE][PASSED] - Navigate to 'http://localhost/' successfully

2022-01-16 12:14:00 - [TEST_STEP][PASSED] - click(findTestObject("Object Repository/LoginObject/Page_Automation Testing Site/a_Log in")): Object: 'Object Repository/LoginObject/Page_Automation Testing Site/a_Log in' is clicked on

2022-01-16 12:14:01 - [MESSAGE][PASSED] - Object: 'Object Repository/LoginObject/Page_Automation Testing Site/a_Log in' is clicked on

2022-01-16 12:14:01 - [TEST_STEP][PASSED] - setText(findTestObject("Object Repository/LoginObject/Page_Automation Testing Site Log in to the site/input_Username_username"), "admin"): Text 'admin' is set on object 'Object Repository/LoginObject/Page_Automation Testing Site Log in to the site/input_Username_username'

2022-01-16 12:14:02 - [MESSAGE][PASSED] - Text 'admin' is set on object 'Object Repository/LoginObject/Page_Automation Testing Site Log in to the site/input_Username_username'

2022-01-16 12:14:02 - [TEST_STEP][PASSED] - setEncryptedText(findTestObject("Object Repository/LoginObject/Page_Automation Testing Site Log in to the site/input_Password_password"), "cnpXG5HhkrZpEXzNIGBMZQ=="): Text ****** has been set on object 'Object Repository/LoginObject/Page_Automation Testing Site Log in to the site/input_Password_password'

2022-01-16 12:14:02 - [MESSAGE][PASSED] - Text ****** has been set on object 'Object Repository/LoginObject/Page_Automation Testing Site Log in to the site/input_Password_password'

2022-01-16 12:14:02 - [TEST_STEP][PASSED] - click(findTestObject("Object Repository/LoginObject/Page_Automation Testing Site Log in to the site/button_Log in")): Object: 'Object Repository/LoginObject/Page_Automation Testing Site Log in to the site/button_Log in' is clicked on

2022-01-16 12:14:04 - [MESSAGE][PASSED] - Object: 'Object Repository/LoginObject/Page_Automation Testing Site Log in to the site/button_Log in' is clicked on

2022-01-16 12:14:04 - [TEST_STEP][PASSED] - verifyElementText(findTestObject("Object Repository/LoginObject/Page_Dashboard/span_Site administration"), "Site administration"): Actual text and expected text of test object 'Object Repository/LoginObject/Page_Dashboard/span_Site administration' are matched.

2022-01-16 12:14:05 - [MESSAGE][PASSED] - Actual text and expected text of test object 'Object Repository/LoginObject/Page_Dashboard/span_Site administration' are matched.

2022-01-16 12:14:05 - [MESSAGE][PASSED] - Call Test Case 'Test Cases/Kiểm tra thẻ Site Administration/Đăng nhập thành công' successfully

2022-01-16 12:14:05 - [TEST_STEP][PASSED] - click(findTestObject("Object Repository/AddANewUserObject/Page_Dashboard/span_Site administration")): Object: 'Object Repository/AddANewUserObject/Page_Dashboard/span_Site administration' is clicked on

2022-01-16 12:14:06 - [MESSAGE][PASSED] - Object: 'Object Repository/AddANewUserObject/Page_Dashboard/span_Site administration' is clicked on

2022-01-16 12:14:07 - [TEST_STEP][PASSED] - navigateToUrl("http://localhost/admin/search.php"): Navigate to 'http://localhost/admin/search.php' successfully

2022-01-16 12:14:07 - [MESSAGE][PASSED] - Navigate to 'http://localhost/admin/search.php' successfully

2022-01-16 12:14:07 - [TEST_STEP][PASSED] - click(findTestObject("Object Repository/AddSuspendedUserAccount/Page_SiteTesting Administration Search/a_Users")): Object: 'Object Repository/AddSuspendedUserAccount/Page_SiteTesting Administration Search/a_Users' is clicked on

2022-01-16 12:14:08 - [MESSAGE][PASSED] - Object: 'Object Repository/AddSuspendedUserAccount/Page_SiteTesting Administration Search/a_Users' is clicked on

2022-01-16 12:14:08 - [TEST_STEP][PASSED] - click(findTestObject("Object Repository/AddSuspendedUserAccount/Page_SiteTesting Administration Search/a_Add a new user")): Object: 'Object Repository/AddSuspendedUserAccount/Page_SiteTesting Administration Search/a_Add a new user' is clicked on

2022-01-16 12:14:09 - [MESSAGE][PASSED] - Object: 'Object Repository/AddSuspendedUserAccount/Page_SiteTesting Administration Search/a_Add a new user' is clicked on

2022-01-16 12:14:09 - [TEST_STEP][PASSED] - setText(findTestObject("Object Repository/AddSuspendedUserAccount/Page_SiteTesting Administration Users Accou_a8eb60/input_Username_username"), "testing_ban"): Text 'testing_ban' is set on object 'Object Repository/AddSuspendedUserAccount/Page_SiteTesting Administration Users Accou_a8eb60/input_Username_username'

2022-01-16 12:14:11 - [MESSAGE][PASSED] - Text 'testing_ban' is set on object 'Object Repository/AddSuspendedUserAccount/Page_SiteTesting Administration Users Accou_a8eb60/input_Username_username'

2022-01-16 12:14:11 - [TEST_STEP][PASSED] - click(findTestObject("Object Repository/AddSuspendedUserAccount/Page_SiteTesting Administration Users Accou_a8eb60/input_Choose an authentication method_suspended")): Object: 'Object Repository/AddSuspendedUserAccount/Page_SiteTesting Administration Users Accou_a8eb60/input_Choose an authentication method_suspended' is clicked on

2022-01-16 12:14:11 - [MESSAGE][PASSED] - Object: 'Object Repository/AddSuspendedUserAccount/Page_SiteTesting Administration Users Accou_a8eb60/input_Choose an authentication method_suspended' is clicked on

2022-01-16 12:14:11 - [TEST_STEP][PASSED] - click(findTestObject("Object Repository/AddSuspendedUserAccount/Page_SiteTesting Administration Users Accou_a8eb60/em_Click to enter text")): Object: 'Object Repository/AddSuspendedUserAccount/Page_SiteTesting Administration Users Accou_a8eb60/em_Click to enter text' is clicked on

2022-01-16 12:14:12 - [MESSAGE][PASSED] - Object: 'Object Repository/AddSuspendedUserAccount/Page_SiteTesting Administration Users Accou_a8eb60/em_Click to enter text' is clicked on

2022-01-16 12:14:12 - [TEST_STEP][PASSED] - setEncryptedText(findTestObject("Object Repository/AddSuspendedUserAccount/Page_SiteTesting Administration Users Accou_a8eb60/input_New password_newpassword"), "cnpXG5HhkrZpEXzNIGBMZQ=="): Text ****** has been set on object 'Object Repository/AddSuspendedUserAccount/Page_SiteTesting Administration Users Accou_a8eb60/input_New password_newpassword'

2022-01-16 12:14:12 - [MESSAGE][PASSED] - Text ****** has been set on object 'Object Repository/AddSuspendedUserAccount/Page_SiteTesting Administration Users Accou_a8eb60/input_New password_newpassword'

2022-01-16 12:14:12 - [TEST_STEP][PASSED] - setText(findTestObject("Object Repository/AddSuspendedUserAccount/Page_SiteTesting Administration Users Accou_a8eb60/input_First name_firstname"), "Quang"): Text 'Quang' is set on object 'Object Repository/AddSuspendedUserAccount/Page_SiteTesting Administration Users Accou_a8eb60/input_First name_firstname'

2022-01-16 12:14:13 - [MESSAGE][PASSED] - Text 'Quang' is set on object 'Object Repository/AddSuspendedUserAccount/Page_SiteTesting Administration Users Accou_a8eb60/input_First name_firstname'

2022-01-16 12:14:13 - [TEST_STEP][PASSED] - setText(findTestObject("Object Repository/AddSuspendedUserAccount/Page_SiteTesting Administration Users Accou_a8eb60/input_Surname_lastname"), "Le4"): Text 'Le4' is set on object 'Object Repository/AddSuspendedUserAccount/Page_SiteTesting Administration Users Accou_a8eb60/input_Surname_lastname'

2022-01-16 12:14:14 - [MESSAGE][PASSED] - Text 'Le4' is set on object 'Object Repository/AddSuspendedUserAccount/Page_SiteTesting Administration Users Accou_a8eb60/input_Surname_lastname'

2022-01-16 12:14:14 - [TEST_STEP][PASSED] - setText(findTestObject("Object Repository/AddSuspendedUserAccount/Page_SiteTesting Administration Users Accou_a8eb60/input_Email address_email"), "testing_ban@gmail.com"): Text 'testing_ban@gmail.com' is set on object 'Object Repository/AddSuspendedUserAccount/Page_SiteTesting Administration Users Accou_a8eb60/input_Email address_email'

2022-01-16 12:14:15 - [MESSAGE][PASSED] - Text 'testing_ban@gmail.com' is set on object 'Object Repository/AddSuspendedUserAccount/Page_SiteTesting Administration Users Accou_a8eb60/input_Email address_email'

2022-01-16 12:14:15 - [TEST_STEP][PASSED] - click(findTestObject("Object Repository/AddSuspendedUserAccount/Page_SiteTesting Administration Users Accou_a8eb60/input_Address_submitbutton")): Object: 'Object Repository/AddSuspendedUserAccount/Page_SiteTesting Administration Users Accou_a8eb60/input_Address_submitbutton' is clicked on

2022-01-16 12:14:17 - [MESSAGE][PASSED] - Object: 'Object Repository/AddSuspendedUserAccount/Page_SiteTesting Administration Users Accou_a8eb60/input_Address_submitbutton' is clicked on

2022-01-16 12:14:17 - [TEST_STEP][PASSED] - navigateToUrl("http://localhost/admin/user.php"): Navigate to 'http://localhost/admin/user.php' successfully

2022-01-16 12:14:19 - [MESSAGE][PASSED] - Navigate to 'http://localhost/admin/user.php' successfully

2022-01-16 12:14:19 - [TEST_STEP][PASSED] - click(findTestObject("Object Repository/AddSuspendedUserAccount/Page_SiteTesting Administration Users Accou_36dc4d/a_Quang Le")): Object: 'Object Repository/AddSuspendedUserAccount/Page_SiteTesting Administration Users Accou_36dc4d/a_Quang Le' is clicked on

2022-01-16 12:14:20 - [MESSAGE][PASSED] - Object: 'Object Repository/AddSuspendedUserAccount/Page_SiteTesting Administration Users Accou_36dc4d/a_Quang Le' is clicked on

2022-01-16 12:14:20 - [TEST_STEP][PASSED] - click(findTestObject("Object Repository/AddSuspendedUserAccount/Page_SiteTesting Administration Users Accou_36dc4d/span_Log out")): Object: 'Object Repository/AddSuspendedUserAccount/Page_SiteTesting Administration Users Accou_36dc4d/span_Log out' is clicked on

2022-01-16 12:14:21 - [MESSAGE][PASSED] - Object: 'Object Repository/AddSuspendedUserAccount/Page_SiteTesting Administration Users Accou_36dc4d/span_Log out' is clicked on

2022-01-16 12:14:21 - [TEST_STEP][PASSED] - navigateToUrl("http://localhost/"): Navigate to 'http://localhost/' successfully

2022-01-16 12:14:21 - [MESSAGE][PASSED] - Navigate to 'http://localhost/' successfully

2022-01-16 12:14:21 - [TEST_STEP][PASSED] - click(findTestObject("Object Repository/AddSuspendedUserAccount/Page_Automation Testing Site/a_Log in")): Object: 'Object Repository/AddSuspendedUserAccount/Page_Automation Testing Site/a_Log in' is clicked on

2022-01-16 12:14:22 - [MESSAGE][PASSED] - Object: 'Object Repository/AddSuspendedUserAccount/Page_Automation Testing Site/a_Log in' is clicked on

2022-01-16 12:14:22 - [TEST_STEP][PASSED] - setText(findTestObject("Object Repository/AddSuspendedUserAccount/Page_Automation Testing Site Log in to the site/input_Username_username"), "testing_ban"): Text 'testing_ban' is set on object 'Object Repository/AddSuspendedUserAccount/Page_Automation Testing Site Log in to the site/input_Username_username'

2022-01-16 12:14:23 - [MESSAGE][PASSED] - Text 'testing_ban' is set on object 'Object Repository/AddSuspendedUserAccount/Page_Automation Testing Site Log in to the site/input_Username_username'

2022-01-16 12:14:23 - [TEST_STEP][PASSED] - setEncryptedText(findTestObject("Object Repository/AddSuspendedUserAccount/Page_Automation Testing Site Log in to the site/input_Password_password"), "cnpXG5HhkrZpEXzNIGBMZQ=="): Text ****** has been set on object 'Object Repository/AddSuspendedUserAccount/Page_Automation Testing Site Log in to the site/input_Password_password'

2022-01-16 12:14:23 - [MESSAGE][PASSED] - Text ****** has been set on object 'Object Repository/AddSuspendedUserAccount/Page_Automation Testing Site Log in to the site/input_Password_password'

2022-01-16 12:14:23 - [TEST_STEP][PASSED] - click(findTestObject("Object Repository/AddSuspendedUserAccount/Page_Automation Testing Site Log in to the site/button_Log in")): Object: 'Object Repository/AddSuspendedUserAccount/Page_Automation Testing Site Log in to the site/button_Log in' is clicked on

2022-01-16 12:14:24 - [MESSAGE][PASSED] - Object: 'Object Repository/AddSuspendedUserAccount/Page_Automation Testing Site Log in to the site/button_Log in' is clicked on

2022-01-16 12:14:24 - [TEST_STEP][PASSED] - verifyElementText(findTestObject("Object Repository/AddSuspendedUserAccount/Page_Automation Testing Site Log in to the site/div_Invalid login, please try again"), "Invalid login, please try again"): Actual text and expected text of test object 'Object Repository/AddSuspendedUserAccount/Page_Automation Testing Site Log in to the site/div_Invalid login, please try again' are matched.

2022-01-16 12:14:25 - [MESSAGE][PASSED] - Actual text and expected text of test object 'Object Repository/AddSuspendedUserAccount/Page_Automation Testing Site Log in to the site/div_Invalid login, please try again' are matched.]]></system-out>
         <system-err><![CDATA[]]></system-err>
      </testcase>
      <testcase name="Test Cases/Tạo 1 User mới/Kiểm tra việc gán quyền thành công trong 1 course" time="20.362" classname="Test Cases/Tạo 1 User mới/Kiểm tra việc gán quyền thành công trong 1 course" status="PASSED">
         <system-out><![CDATA[2022-01-16 12:14:25 - [TEST_CASE][PASSED] - Test Cases/Tạo 1 User mới/Kiểm tra việc gán quyền thành công trong 1 course: Test Cases/Tạo 1 User mới/Kiểm tra việc gán quyền thành công trong 1 course

2022-01-16 12:14:25 - [TEST_STEP][PASSED] - callTestCase(findTestCase("Kiểm tra thẻ Site Administration/Đăng nhập thành công"), [:], STOP_ON_FAILURE): Call Test Case 'Test Cases/Kiểm tra thẻ Site Administration/Đăng nhập thành công' successfully

2022-01-16 12:14:25 - [TEST_CASE][PASSED] - Test Cases/Kiểm tra thẻ Site Administration/Đăng nhập thành công: Test Cases/Kiểm tra thẻ Site Administration/Đăng nhập thành công

2022-01-16 12:14:25 - [TEST_STEP][PASSED] - openBrowser(""): Browser is opened with url: ''

2022-01-16 12:14:25 - [MESSAGE][WARNING] - A browser is already opened. Closing browser and opening a new one

2022-01-16 12:14:26 - [MESSAGE][INFO] - Starting 'Edge Chromium' driver

2022-01-16 12:14:28 - [MESSAGE][INFO] - Action delay is set to 0 milliseconds

2022-01-16 12:14:29 - [MESSAGE][PASSED] - Browser is opened with url: ''

2022-01-16 12:14:29 - [TEST_STEP][PASSED] - navigateToUrl("http://localhost/"): Navigate to 'http://localhost/' successfully

2022-01-16 12:14:30 - [MESSAGE][PASSED] - Navigate to 'http://localhost/' successfully

2022-01-16 12:14:30 - [TEST_STEP][PASSED] - click(findTestObject("Object Repository/LoginObject/Page_Automation Testing Site/a_Log in")): Object: 'Object Repository/LoginObject/Page_Automation Testing Site/a_Log in' is clicked on

2022-01-16 12:14:31 - [MESSAGE][PASSED] - Object: 'Object Repository/LoginObject/Page_Automation Testing Site/a_Log in' is clicked on

2022-01-16 12:14:31 - [TEST_STEP][PASSED] - setText(findTestObject("Object Repository/LoginObject/Page_Automation Testing Site Log in to the site/input_Username_username"), "admin"): Text 'admin' is set on object 'Object Repository/LoginObject/Page_Automation Testing Site Log in to the site/input_Username_username'

2022-01-16 12:14:32 - [MESSAGE][PASSED] - Text 'admin' is set on object 'Object Repository/LoginObject/Page_Automation Testing Site Log in to the site/input_Username_username'

2022-01-16 12:14:32 - [TEST_STEP][PASSED] - setEncryptedText(findTestObject("Object Repository/LoginObject/Page_Automation Testing Site Log in to the site/input_Password_password"), "cnpXG5HhkrZpEXzNIGBMZQ=="): Text ****** has been set on object 'Object Repository/LoginObject/Page_Automation Testing Site Log in to the site/input_Password_password'

2022-01-16 12:14:32 - [MESSAGE][PASSED] - Text ****** has been set on object 'Object Repository/LoginObject/Page_Automation Testing Site Log in to the site/input_Password_password'

2022-01-16 12:14:32 - [TEST_STEP][PASSED] - click(findTestObject("Object Repository/LoginObject/Page_Automation Testing Site Log in to the site/button_Log in")): Object: 'Object Repository/LoginObject/Page_Automation Testing Site Log in to the site/button_Log in' is clicked on

2022-01-16 12:14:34 - [MESSAGE][PASSED] - Object: 'Object Repository/LoginObject/Page_Automation Testing Site Log in to the site/button_Log in' is clicked on

2022-01-16 12:14:34 - [TEST_STEP][PASSED] - verifyElementText(findTestObject("Object Repository/LoginObject/Page_Dashboard/span_Site administration"), "Site administration"): Actual text and expected text of test object 'Object Repository/LoginObject/Page_Dashboard/span_Site administration' are matched.

2022-01-16 12:14:35 - [MESSAGE][PASSED] - Actual text and expected text of test object 'Object Repository/LoginObject/Page_Dashboard/span_Site administration' are matched.

2022-01-16 12:14:35 - [MESSAGE][PASSED] - Call Test Case 'Test Cases/Kiểm tra thẻ Site Administration/Đăng nhập thành công' successfully

2022-01-16 12:14:35 - [TEST_STEP][PASSED] - click(findTestObject("Object Repository/AddToCourseObj/Page_Dashboard/span_Site home")): Object: 'Object Repository/AddToCourseObj/Page_Dashboard/span_Site home' is clicked on

2022-01-16 12:14:36 - [MESSAGE][PASSED] - Object: 'Object Repository/AddToCourseObj/Page_Dashboard/span_Site home' is clicked on

2022-01-16 12:14:36 - [TEST_STEP][PASSED] - click(findTestObject("Object Repository/AddToCourseObj/Page_Automation Testing Site/a_Sample Course For Permission")): Object: 'Object Repository/AddToCourseObj/Page_Automation Testing Site/a_Sample Course For Permission' is clicked on

2022-01-16 12:14:37 - [MESSAGE][PASSED] - Object: 'Object Repository/AddToCourseObj/Page_Automation Testing Site/a_Sample Course For Permission' is clicked on

2022-01-16 12:14:37 - [TEST_STEP][PASSED] - click(findTestObject("Object Repository/AddToCourseObj/Page_Course Sample Course For Permission/span_Participants")): Object: 'Object Repository/AddToCourseObj/Page_Course Sample Course For Permission/span_Participants' is clicked on

2022-01-16 12:14:38 - [MESSAGE][PASSED] - Object: 'Object Repository/AddToCourseObj/Page_Course Sample Course For Permission/span_Participants' is clicked on

2022-01-16 12:14:38 - [TEST_STEP][PASSED] - click(findTestObject("Object Repository/AddToCourseObj/Page_SampleC Participants/input_With selected users_btn btn-secondary my-1")): Object: 'Object Repository/AddToCourseObj/Page_SampleC Participants/input_With selected users_btn btn-secondary my-1' is clicked on

2022-01-16 12:14:39 - [MESSAGE][PASSED] - Object: 'Object Repository/AddToCourseObj/Page_SampleC Participants/input_With selected users_btn btn-secondary my-1' is clicked on

2022-01-16 12:14:39 - [TEST_STEP][PASSED] - selectOptionByValue(findTestObject("Object Repository/AddToCourseObj/Page_SampleC Participants/select_Manager            Teacher          _ffc00f"), "4", true): All options with value '4' are selected in object 'Object Repository/AddToCourseObj/Page_SampleC Participants/select_Manager            Teacher          _ffc00f'  using regular expression

2022-01-16 12:14:41 - [MESSAGE][PASSED] - All options with value '4' are selected in object 'Object Repository/AddToCourseObj/Page_SampleC Participants/select_Manager            Teacher          _ffc00f'  using regular expression

2022-01-16 12:14:41 - [TEST_STEP][PASSED] - click(findTestObject("Object Repository/AddToCourseObj/Page_SampleC Participants/span_")): Object: 'Object Repository/AddToCourseObj/Page_SampleC Participants/span_' is clicked on

2022-01-16 12:14:42 - [MESSAGE][PASSED] - Object: 'Object Repository/AddToCourseObj/Page_SampleC Participants/span_' is clicked on

2022-01-16 12:14:42 - [TEST_STEP][PASSED] - click(findTestObject("Object Repository/AddToCourseObj/Page_SampleC Participants/li_Quang Le1    testinggmail.com")): Object: 'Object Repository/AddToCourseObj/Page_SampleC Participants/li_Quang Le1    testinggmail.com' is clicked on

2022-01-16 12:14:43 - [MESSAGE][PASSED] - Object: 'Object Repository/AddToCourseObj/Page_SampleC Participants/li_Quang Le1    testinggmail.com' is clicked on

2022-01-16 12:14:43 - [TEST_STEP][PASSED] - click(findTestObject("Object Repository/AddToCourseObj/Page_SampleC Participants/button_Enrol users")): Object: 'Object Repository/AddToCourseObj/Page_SampleC Participants/button_Enrol users' is clicked on

2022-01-16 12:14:44 - [MESSAGE][PASSED] - Object: 'Object Repository/AddToCourseObj/Page_SampleC Participants/button_Enrol users' is clicked on

2022-01-16 12:14:44 - [TEST_STEP][PASSED] - verifyTextPresent("testing@gmail.com", false): Text 'testing@gmail.com' is present on page 

2022-01-16 12:14:45 - [MESSAGE][PASSED] - Text 'testing@gmail.com' is present on page]]></system-out>
         <system-err><![CDATA[]]></system-err>
      </testcase>
      <testcase name="Test Cases/Phần thiết lập khác/Test bộ lọc trong User của Moodle" time="22.433" classname="Test Cases/Phần thiết lập khác/Test bộ lọc trong User của Moodle" status="PASSED">
         <system-out><![CDATA[2022-01-16 12:14:45 - [TEST_CASE][PASSED] - Test Cases/Phần thiết lập khác/Test bộ lọc trong User của Moodle: Test Cases/Phần thiết lập khác/Test bộ lọc trong User của Moodle

2022-01-16 12:14:45 - [TEST_STEP][PASSED] - callTestCase(findTestCase("Kiểm tra thẻ Site Administration/Đăng nhập thành công"), [:], STOP_ON_FAILURE): Call Test Case 'Test Cases/Kiểm tra thẻ Site Administration/Đăng nhập thành công' successfully

2022-01-16 12:14:45 - [TEST_CASE][PASSED] - Test Cases/Kiểm tra thẻ Site Administration/Đăng nhập thành công: Test Cases/Kiểm tra thẻ Site Administration/Đăng nhập thành công

2022-01-16 12:14:46 - [TEST_STEP][PASSED] - openBrowser(""): Browser is opened with url: ''

2022-01-16 12:14:46 - [MESSAGE][WARNING] - A browser is already opened. Closing browser and opening a new one

2022-01-16 12:14:46 - [MESSAGE][INFO] - Starting 'Edge Chromium' driver

2022-01-16 12:14:49 - [MESSAGE][INFO] - Action delay is set to 0 milliseconds

2022-01-16 12:14:50 - [MESSAGE][PASSED] - Browser is opened with url: ''

2022-01-16 12:14:50 - [TEST_STEP][PASSED] - navigateToUrl("http://localhost/"): Navigate to 'http://localhost/' successfully

2022-01-16 12:14:50 - [MESSAGE][PASSED] - Navigate to 'http://localhost/' successfully

2022-01-16 12:14:50 - [TEST_STEP][PASSED] - click(findTestObject("Object Repository/LoginObject/Page_Automation Testing Site/a_Log in")): Object: 'Object Repository/LoginObject/Page_Automation Testing Site/a_Log in' is clicked on

2022-01-16 12:14:51 - [MESSAGE][PASSED] - Object: 'Object Repository/LoginObject/Page_Automation Testing Site/a_Log in' is clicked on

2022-01-16 12:14:51 - [TEST_STEP][PASSED] - setText(findTestObject("Object Repository/LoginObject/Page_Automation Testing Site Log in to the site/input_Username_username"), "admin"): Text 'admin' is set on object 'Object Repository/LoginObject/Page_Automation Testing Site Log in to the site/input_Username_username'

2022-01-16 12:14:52 - [MESSAGE][PASSED] - Text 'admin' is set on object 'Object Repository/LoginObject/Page_Automation Testing Site Log in to the site/input_Username_username'

2022-01-16 12:14:52 - [TEST_STEP][PASSED] - setEncryptedText(findTestObject("Object Repository/LoginObject/Page_Automation Testing Site Log in to the site/input_Password_password"), "cnpXG5HhkrZpEXzNIGBMZQ=="): Text ****** has been set on object 'Object Repository/LoginObject/Page_Automation Testing Site Log in to the site/input_Password_password'

2022-01-16 12:14:53 - [MESSAGE][PASSED] - Text ****** has been set on object 'Object Repository/LoginObject/Page_Automation Testing Site Log in to the site/input_Password_password'

2022-01-16 12:14:53 - [TEST_STEP][PASSED] - click(findTestObject("Object Repository/LoginObject/Page_Automation Testing Site Log in to the site/button_Log in")): Object: 'Object Repository/LoginObject/Page_Automation Testing Site Log in to the site/button_Log in' is clicked on

2022-01-16 12:14:54 - [MESSAGE][PASSED] - Object: 'Object Repository/LoginObject/Page_Automation Testing Site Log in to the site/button_Log in' is clicked on

2022-01-16 12:14:54 - [TEST_STEP][PASSED] - verifyElementText(findTestObject("Object Repository/LoginObject/Page_Dashboard/span_Site administration"), "Site administration"): Actual text and expected text of test object 'Object Repository/LoginObject/Page_Dashboard/span_Site administration' are matched.

2022-01-16 12:14:56 - [MESSAGE][PASSED] - Actual text and expected text of test object 'Object Repository/LoginObject/Page_Dashboard/span_Site administration' are matched.

2022-01-16 12:14:56 - [MESSAGE][PASSED] - Call Test Case 'Test Cases/Kiểm tra thẻ Site Administration/Đăng nhập thành công' successfully

2022-01-16 12:14:56 - [TEST_STEP][PASSED] - click(findTestObject("Object Repository/TestFilter/Page_Dashboard/span_Site administration")): Object: 'Object Repository/TestFilter/Page_Dashboard/span_Site administration' is clicked on

2022-01-16 12:14:57 - [MESSAGE][PASSED] - Object: 'Object Repository/TestFilter/Page_Dashboard/span_Site administration' is clicked on

2022-01-16 12:14:57 - [TEST_STEP][PASSED] - navigateToUrl("http://localhost/admin/search.php"): Navigate to 'http://localhost/admin/search.php' successfully

2022-01-16 12:14:58 - [MESSAGE][PASSED] - Navigate to 'http://localhost/admin/search.php' successfully

2022-01-16 12:14:58 - [TEST_STEP][PASSED] - click(findTestObject("Object Repository/TestFilter/Page_SiteTesting Administration Search/a_Users")): Object: 'Object Repository/TestFilter/Page_SiteTesting Administration Search/a_Users' is clicked on

2022-01-16 12:14:59 - [MESSAGE][PASSED] - Object: 'Object Repository/TestFilter/Page_SiteTesting Administration Search/a_Users' is clicked on

2022-01-16 12:14:59 - [TEST_STEP][PASSED] - click(findTestObject("Object Repository/TestFilter/Page_SiteTesting Administration Search/a_Browse list of users")): Object: 'Object Repository/TestFilter/Page_SiteTesting Administration Search/a_Browse list of users' is clicked on

2022-01-16 12:15:00 - [MESSAGE][PASSED] - Object: 'Object Repository/TestFilter/Page_SiteTesting Administration Search/a_Browse list of users' is clicked on

2022-01-16 12:15:00 - [TEST_STEP][PASSED] - click(findTestObject("Object Repository/TestFilter/Page_SiteTesting Administration Users Accou_36dc4d/a_Show more")): Object: 'Object Repository/TestFilter/Page_SiteTesting Administration Users Accou_36dc4d/a_Show more' is clicked on

2022-01-16 12:15:01 - [MESSAGE][PASSED] - Object: 'Object Repository/TestFilter/Page_SiteTesting Administration Users Accou_36dc4d/a_Show more' is clicked on

2022-01-16 12:15:01 - [TEST_STEP][PASSED] - setText(findTestObject("Object Repository/TestFilter/Page_SiteTesting Administration Users Accou_36dc4d/input_User full name value_realname"), "Quang"): Text 'Quang' is set on object 'Object Repository/TestFilter/Page_SiteTesting Administration Users Accou_36dc4d/input_User full name value_realname'

2022-01-16 12:15:01 - [MESSAGE][PASSED] - Text 'Quang' is set on object 'Object Repository/TestFilter/Page_SiteTesting Administration Users Accou_36dc4d/input_User full name value_realname'

2022-01-16 12:15:01 - [TEST_STEP][PASSED] - selectOptionByValue(findTestObject("Object Repository/TestFilter/Page_SiteTesting Administration Users Accou_36dc4d/select_contains        doesnt contain      _4edb1a"), "3", true): All options with value '3' are selected in object 'Object Repository/TestFilter/Page_SiteTesting Administration Users Accou_36dc4d/select_contains        doesnt contain      _4edb1a'  using regular expression

2022-01-16 12:15:03 - [MESSAGE][PASSED] - All options with value '3' are selected in object 'Object Repository/TestFilter/Page_SiteTesting Administration Users Accou_36dc4d/select_contains        doesnt contain      _4edb1a'  using regular expression

2022-01-16 12:15:03 - [TEST_STEP][PASSED] - setText(findTestObject("Object Repository/TestFilter/Page_SiteTesting Administration Users Accou_36dc4d/input_Email address value_email"), "testing_des"): Text 'testing_des' is set on object 'Object Repository/TestFilter/Page_SiteTesting Administration Users Accou_36dc4d/input_Email address value_email'

2022-01-16 12:15:03 - [MESSAGE][PASSED] - Text 'testing_des' is set on object 'Object Repository/TestFilter/Page_SiteTesting Administration Users Accou_36dc4d/input_Email address value_email'

2022-01-16 12:15:03 - [TEST_STEP][PASSED] - click(findTestObject("Object Repository/TestFilter/Page_SiteTesting Administration Users Accou_36dc4d/input_Last IP address value_addfilter")): Object: 'Object Repository/TestFilter/Page_SiteTesting Administration Users Accou_36dc4d/input_Last IP address value_addfilter' is clicked on

2022-01-16 12:15:05 - [MESSAGE][PASSED] - Object: 'Object Repository/TestFilter/Page_SiteTesting Administration Users Accou_36dc4d/input_Last IP address value_addfilter' is clicked on

2022-01-16 12:15:05 - [TEST_STEP][PASSED] - verifyTextPresent("testing_description@gmail.com", false): Text 'testing_description@gmail.com' is present on page 

2022-01-16 12:15:06 - [MESSAGE][PASSED] - Text 'testing_description@gmail.com' is present on page 

2022-01-16 12:15:06 - [TEST_STEP][PASSED] - click(findTestObject("Object Repository/TestFilter/Page_SiteTesting Administration Users Accou_36dc4d/input_concat(Email address starts with , , _fe21c5")): Object: 'Object Repository/TestFilter/Page_SiteTesting Administration Users Accou_36dc4d/input_concat(Email address starts with , , _fe21c5' is clicked on

2022-01-16 12:15:07 - [MESSAGE][PASSED] - Object: 'Object Repository/TestFilter/Page_SiteTesting Administration Users Accou_36dc4d/input_concat(Email address starts with , , _fe21c5' is clicked on]]></system-out>
         <system-err><![CDATA[]]></system-err>
      </testcase>
      <testcase name="Test Cases/NewCategory/1. Add category with blank fields" time="50.732" classname="Test Cases/NewCategory/1. Add category with blank fields" status="FAILED">
         <failure type="FAILED" message="Test Cases/NewCategory/1. Add category with blank fields FAILED.
Reason:
com.kms.katalon.core.exception.StepFailedException: Verify element text of test object 'Object Repository/NewCategory/Page_SiteTesting Add new category/div_Required' FAILED.
	at com.kms.katalon.core.webui.keyword.internal.WebUIKeywordMain.stepFailed(WebUIKeywordMain.groovy:64)
	at com.kms.katalon.core.webui.keyword.internal.WebUIKeywordMain.runKeyword(WebUIKeywordMain.groovy:26)
	at com.kms.katalon.core.webui.keyword.builtin.VerifyElementTextKeyword.verifyElementText(VerifyElementTextKeyword.groovy:72)
	at com.kms.katalon.core.webui.keyword.builtin.VerifyElementTextKeyword.execute(VerifyElementTextKeyword.groovy:40)
	at com.kms.katalon.core.keyword.internal.KeywordExecutor.executeKeywordForPlatform(KeywordExecutor.groovy:74)
	at com.kms.katalon.core.webui.keyword.WebUiBuiltInKeywords.verifyElementText(WebUiBuiltInKeywords.groovy:4749)
	at com.kms.katalon.core.webui.keyword.WebUiBuiltInKeywords$verifyElementText$4.call(Unknown Source)
	at 1. Add category with blank fields.run(1. Add category with blank fields:42)
	at com.kms.katalon.core.main.ScriptEngine.run(ScriptEngine.java:194)
	at com.kms.katalon.core.main.ScriptEngine.runScriptAsRawText(ScriptEngine.java:119)
	at com.kms.katalon.core.main.TestCaseExecutor.runScript(TestCaseExecutor.java:442)
	at com.kms.katalon.core.main.TestCaseExecutor.doExecute(TestCaseExecutor.java:433)
	at com.kms.katalon.core.main.TestCaseExecutor.processExecutionPhase(TestCaseExecutor.java:412)
	at com.kms.katalon.core.main.TestCaseExecutor.accessMainPhase(TestCaseExecutor.java:404)
	at com.kms.katalon.core.main.TestCaseExecutor.execute(TestCaseExecutor.java:281)
	at com.kms.katalon.core.main.TestSuiteExecutor.accessTestCaseMainPhase(TestSuiteExecutor.java:202)
	at com.kms.katalon.core.main.TestSuiteExecutor.accessTestSuiteMainPhase(TestSuiteExecutor.java:164)
	at com.kms.katalon.core.main.TestSuiteExecutor.execute(TestSuiteExecutor.java:105)
	at com.kms.katalon.core.main.TestCaseMain.startTestSuite(TestCaseMain.java:181)
	at com.kms.katalon.core.main.TestCaseMain$startTestSuite$0.call(Unknown Source)
	at TempTestSuite1642307295030.run(TempTestSuite1642307295030.groovy:36)
Caused by: com.kms.katalon.core.exception.StepFailedException: com.kms.katalon.core.webui.exception.WebElementNotFoundException: Web element with id: 'Object Repository/NewCategory/Page_SiteTesting Add new category/div_Required' located by '//div[@id='id_error_name']' not found
	at com.kms.katalon.core.webui.keyword.internal.WebUIKeywordMain.stepFailed(WebUIKeywordMain.groovy:64)
	at com.kms.katalon.core.webui.keyword.builtin.VerifyElementTextKeyword$_verifyElementText_closure1.doCall(VerifyElementTextKeyword.groovy:64)
	at com.kms.katalon.core.webui.keyword.builtin.VerifyElementTextKeyword$_verifyElementText_closure1.call(VerifyElementTextKeyword.groovy)
	at com.kms.katalon.core.webui.keyword.internal.WebUIKeywordMain.runKeyword(WebUIKeywordMain.groovy:20)
	... 19 more
"/>
         <system-out><![CDATA[2022-01-16 12:15:07 - [TEST_CASE][FAILED] - Test Cases/NewCategory/1. Add category with blank fields: Test Cases/NewCategory/1. Add category with blank fields FAILED.
Reason:
com.kms.katalon.core.exception.StepFailedException: Verify element text of test object 'Object Repository/NewCategory/Page_SiteTesting Add new category/div_Required' FAILED.
	at com.kms.katalon.core.webui.keyword.internal.WebUIKeywordMain.stepFailed(WebUIKeywordMain.groovy:64)
	at com.kms.katalon.core.webui.keyword.internal.WebUIKeywordMain.runKeyword(WebUIKeywordMain.groovy:26)
	at com.kms.katalon.core.webui.keyword.builtin.VerifyElementTextKeyword.verifyElementText(VerifyElementTextKeyword.groovy:72)
	at com.kms.katalon.core.webui.keyword.builtin.VerifyElementTextKeyword.execute(VerifyElementTextKeyword.groovy:40)
	at com.kms.katalon.core.keyword.internal.KeywordExecutor.executeKeywordForPlatform(KeywordExecutor.groovy:74)
	at com.kms.katalon.core.webui.keyword.WebUiBuiltInKeywords.verifyElementText(WebUiBuiltInKeywords.groovy:4749)
	at com.kms.katalon.core.webui.keyword.WebUiBuiltInKeywords$verifyElementText$4.call(Unknown Source)
	at 1. Add category with blank fields.run(1. Add category with blank fields:42)
	at com.kms.katalon.core.main.ScriptEngine.run(ScriptEngine.java:194)
	at com.kms.katalon.core.main.ScriptEngine.runScriptAsRawText(ScriptEngine.java:119)
	at com.kms.katalon.core.main.TestCaseExecutor.runScript(TestCaseExecutor.java:442)
	at com.kms.katalon.core.main.TestCaseExecutor.doExecute(TestCaseExecutor.java:433)
	at com.kms.katalon.core.main.TestCaseExecutor.processExecutionPhase(TestCaseExecutor.java:412)
	at com.kms.katalon.core.main.TestCaseExecutor.accessMainPhase(TestCaseExecutor.java:404)
	at com.kms.katalon.core.main.TestCaseExecutor.execute(TestCaseExecutor.java:281)
	at com.kms.katalon.core.main.TestSuiteExecutor.accessTestCaseMainPhase(TestSuiteExecutor.java:202)
	at com.kms.katalon.core.main.TestSuiteExecutor.accessTestSuiteMainPhase(TestSuiteExecutor.java:164)
	at com.kms.katalon.core.main.TestSuiteExecutor.execute(TestSuiteExecutor.java:105)
	at com.kms.katalon.core.main.TestCaseMain.startTestSuite(TestCaseMain.java:181)
	at com.kms.katalon.core.main.TestCaseMain$startTestSuite$0.call(Unknown Source)
	at TempTestSuite1642307295030.run(TempTestSuite1642307295030.groovy:36)
Caused by: com.kms.katalon.core.exception.StepFailedException: com.kms.katalon.core.webui.exception.WebElementNotFoundException: Web element with id: 'Object Repository/NewCategory/Page_SiteTesting Add new category/div_Required' located by '//div[@id='id_error_name']' not found
	at com.kms.katalon.core.webui.keyword.internal.WebUIKeywordMain.stepFailed(WebUIKeywordMain.groovy:64)
	at com.kms.katalon.core.webui.keyword.builtin.VerifyElementTextKeyword$_verifyElementText_closure1.doCall(VerifyElementTextKeyword.groovy:64)
	at com.kms.katalon.core.webui.keyword.builtin.VerifyElementTextKeyword$_verifyElementText_closure1.call(VerifyElementTextKeyword.groovy)
	at com.kms.katalon.core.webui.keyword.internal.WebUIKeywordMain.runKeyword(WebUIKeywordMain.groovy:20)
	... 19 more


2022-01-16 12:15:08 - [TEST_STEP][PASSED] - openBrowser(""): Browser is opened with url: ''

2022-01-16 12:15:08 - [MESSAGE][WARNING] - A browser is already opened. Closing browser and opening a new one

2022-01-16 12:15:09 - [MESSAGE][INFO] - Starting 'Edge Chromium' driver

2022-01-16 12:15:11 - [MESSAGE][INFO] - Action delay is set to 0 milliseconds

2022-01-16 12:15:12 - [MESSAGE][PASSED] - Browser is opened with url: ''

2022-01-16 12:15:12 - [TEST_STEP][PASSED] - navigateToUrl("http://localhost/"): Navigate to 'http://localhost/' successfully

2022-01-16 12:15:12 - [MESSAGE][PASSED] - Navigate to 'http://localhost/' successfully

2022-01-16 12:15:12 - [TEST_STEP][PASSED] - click(findTestObject("Object Repository/NewCategory/Page_Automation Testing Site/a_Log in")): Object: 'Object Repository/NewCategory/Page_Automation Testing Site/a_Log in' is clicked on

2022-01-16 12:15:13 - [MESSAGE][PASSED] - Object: 'Object Repository/NewCategory/Page_Automation Testing Site/a_Log in' is clicked on

2022-01-16 12:15:13 - [TEST_STEP][PASSED] - setText(findTestObject("Object Repository/NewCategory/Page_Automation Testing Site Log in to the site/input_Username_username"), "admin"): Text 'admin' is set on object 'Object Repository/NewCategory/Page_Automation Testing Site Log in to the site/input_Username_username'

2022-01-16 12:15:14 - [MESSAGE][PASSED] - Text 'admin' is set on object 'Object Repository/NewCategory/Page_Automation Testing Site Log in to the site/input_Username_username'

2022-01-16 12:15:14 - [TEST_STEP][PASSED] - setEncryptedText(findTestObject("Object Repository/NewCategory/Page_Automation Testing Site Log in to the site/input_Password_password"), "cnpXG5HhkrZpEXzNIGBMZQ=="): Text ****** has been set on object 'Object Repository/NewCategory/Page_Automation Testing Site Log in to the site/input_Password_password'

2022-01-16 12:15:15 - [MESSAGE][PASSED] - Text ****** has been set on object 'Object Repository/NewCategory/Page_Automation Testing Site Log in to the site/input_Password_password'

2022-01-16 12:15:15 - [TEST_STEP][PASSED] - click(findTestObject("Object Repository/NewCategory/Page_Automation Testing Site Log in to the site/button_Log in")): Object: 'Object Repository/NewCategory/Page_Automation Testing Site Log in to the site/button_Log in' is clicked on

2022-01-16 12:15:16 - [MESSAGE][PASSED] - Object: 'Object Repository/NewCategory/Page_Automation Testing Site Log in to the site/button_Log in' is clicked on

2022-01-16 12:15:16 - [TEST_STEP][PASSED] - click(findTestObject("Object Repository/NewCategory/Page_Dashboard/span_Site administration")): Object: 'Object Repository/NewCategory/Page_Dashboard/span_Site administration' is clicked on

2022-01-16 12:15:18 - [MESSAGE][PASSED] - Object: 'Object Repository/NewCategory/Page_Dashboard/span_Site administration' is clicked on

2022-01-16 12:15:18 - [TEST_STEP][PASSED] - click(findTestObject("Object Repository/NewCategory/Page_SiteTesting Administration Search/a_Courses")): Object: 'Object Repository/NewCategory/Page_SiteTesting Administration Search/a_Courses' is clicked on

2022-01-16 12:15:19 - [MESSAGE][PASSED] - Object: 'Object Repository/NewCategory/Page_SiteTesting Administration Search/a_Courses' is clicked on

2022-01-16 12:15:19 - [TEST_STEP][PASSED] - click(findTestObject("Object Repository/NewCategory/Page_SiteTesting Administration Search/a_Add a category")): Object: 'Object Repository/NewCategory/Page_SiteTesting Administration Search/a_Add a category' is clicked on

2022-01-16 12:15:20 - [MESSAGE][PASSED] - Object: 'Object Repository/NewCategory/Page_SiteTesting Administration Search/a_Add a category' is clicked on

2022-01-16 12:15:20 - [TEST_STEP][PASSED] - click(findTestObject("Object Repository/NewCategory/Page_SiteTesting Add new category/input_Description_submitbutton")): Object: 'Object Repository/NewCategory/Page_SiteTesting Add new category/input_Description_submitbutton' is clicked on

2022-01-16 12:15:22 - [MESSAGE][PASSED] - Object: 'Object Repository/NewCategory/Page_SiteTesting Add new category/input_Description_submitbutton' is clicked on

2022-01-16 12:15:22 - [TEST_STEP][FAILED] - verifyElementText(findTestObject("Object Repository/NewCategory/Page_SiteTesting Add new category/div_Required"), "Required"): Verify element text of test object 'Object Repository/NewCategory/Page_SiteTesting Add new category/div_Required' FAILED. (Root cause: com.kms.katalon.core.exception.StepFailedException: Verify element text of test object 'Object Repository/NewCategory/Page_SiteTesting Add new category/div_Required' FAILED.
	at com.kms.katalon.core.webui.keyword.internal.WebUIKeywordMain.stepFailed(WebUIKeywordMain.groovy:64)
	at com.kms.katalon.core.webui.keyword.internal.WebUIKeywordMain.runKeyword(WebUIKeywordMain.groovy:26)
	at com.kms.katalon.core.webui.keyword.builtin.VerifyElementTextKeyword.verifyElementText(VerifyElementTextKeyword.groovy:72)
	at com.kms.katalon.core.webui.keyword.builtin.VerifyElementTextKeyword.execute(VerifyElementTextKeyword.groovy:40)
	at com.kms.katalon.core.keyword.internal.KeywordExecutor.executeKeywordForPlatform(KeywordExecutor.groovy:74)
	at com.kms.katalon.core.webui.keyword.WebUiBuiltInKeywords.verifyElementText(WebUiBuiltInKeywords.groovy:4749)
	at com.kms.katalon.core.webui.keyword.WebUiBuiltInKeywords$verifyElementText$4.call(Unknown Source)
	at 1. Add category with blank fields.run(1. Add category with blank fields:42)
	at com.kms.katalon.core.main.ScriptEngine.run(ScriptEngine.java:194)
	at com.kms.katalon.core.main.ScriptEngine.runScriptAsRawText(ScriptEngine.java:119)
	at com.kms.katalon.core.main.TestCaseExecutor.runScript(TestCaseExecutor.java:442)
	at com.kms.katalon.core.main.TestCaseExecutor.doExecute(TestCaseExecutor.java:433)
	at com.kms.katalon.core.main.TestCaseExecutor.processExecutionPhase(TestCaseExecutor.java:412)
	at com.kms.katalon.core.main.TestCaseExecutor.accessMainPhase(TestCaseExecutor.java:404)
	at com.kms.katalon.core.main.TestCaseExecutor.execute(TestCaseExecutor.java:281)
	at com.kms.katalon.core.main.TestSuiteExecutor.accessTestCaseMainPhase(TestSuiteExecutor.java:202)
	at com.kms.katalon.core.main.TestSuiteExecutor.accessTestSuiteMainPhase(TestSuiteExecutor.java:164)
	at com.kms.katalon.core.main.TestSuiteExecutor.execute(TestSuiteExecutor.java:105)
	at com.kms.katalon.core.main.TestCaseMain.startTestSuite(TestCaseMain.java:181)
	at com.kms.katalon.core.main.TestCaseMain$startTestSuite$0.call(Unknown Source)
	at TempTestSuite1642307295030.run(TempTestSuite1642307295030.groovy:36)
Caused by: com.kms.katalon.core.exception.StepFailedException: com.kms.katalon.core.webui.exception.WebElementNotFoundException: Web element with id: 'Object Repository/NewCategory/Page_SiteTesting Add new category/div_Required' located by '//div[@id='id_error_name']' not found
	at com.kms.katalon.core.webui.keyword.internal.WebUIKeywordMain.stepFailed(WebUIKeywordMain.groovy:64)
	at com.kms.katalon.core.webui.keyword.builtin.VerifyElementTextKeyword$_verifyElementText_closure1.doCall(VerifyElementTextKeyword.groovy:64)
	at com.kms.katalon.core.webui.keyword.builtin.VerifyElementTextKeyword$_verifyElementText_closure1.call(VerifyElementTextKeyword.groovy)
	at com.kms.katalon.core.webui.keyword.internal.WebUIKeywordMain.runKeyword(WebUIKeywordMain.groovy:20)
	... 19 more
)

2022-01-16 12:15:53 - [MESSAGE][INFO] - Unable to find the element located by 'By.xpath: //div[@id='id_error_name']'. Please recheck the objects properties to make sure the desired element is located. 

2022-01-16 12:15:53 - [MESSAGE][WARNING] - [SELF-HEALING] Failed to find element with id 'Object Repository/NewCategory/Page_SiteTesting Add new category/div_Required'. Try using Self-healing.

2022-01-16 12:15:53 - [MESSAGE][INFO] - [SELF-HEALING] Failed Locator: '//div[@id='id_error_name']'.

2022-01-16 12:15:54 - [MESSAGE][INFO] - [SELF-HEALING] Failed Locator: '//div[@id='fitem_id_name']/div[2]/div'.

2022-01-16 12:15:54 - [MESSAGE][INFO] - [SELF-HEALING] Failed Locator: '(.//*[normalize-space(text()) and normalize-space(.)='Category name'])[1]/following::div[4]'.

2022-01-16 12:15:54 - [MESSAGE][INFO] - [SELF-HEALING] Failed Locator: '(.//*[normalize-space(text()) and normalize-space(.)='Test1'])[2]/following::div[6]'.

2022-01-16 12:15:55 - [MESSAGE][INFO] - [SELF-HEALING] Failed Locator: '(.//*[normalize-space(text()) and normalize-space(.)='Category ID number'])[1]/preceding::div[1]'.

2022-01-16 12:15:55 - [MESSAGE][INFO] - [SELF-HEALING] Failed Locator: '(.//*[normalize-space(text()) and normalize-space(.)='Description'])[1]/preceding::div[6]'.

2022-01-16 12:15:55 - [MESSAGE][INFO] - [SELF-HEALING] Failed Locator: '//*/text()[normalize-space(.)='Required']/parent::*'.

2022-01-16 12:15:55 - [MESSAGE][INFO] - [SELF-HEALING] Working Locator: '//div[3]/div[2]/div'.

2022-01-16 12:15:55 - [MESSAGE][ERROR] - [SELF-HEALING] Cannot save screenshot to: E:\MoodleTestByKatalon\Reports\Self-healing, reason: unknown error: unhandled inspector error: {"code":-32000,"message":"Cannot take screenshot with 0 width."}
  (Session info: MicrosoftEdge=97.0.1072.62)
Build info: version: '3.141.59', revision: 'e82be7d358', time: '2018-11-14T08:25:53'
System info: host: 'LAPTOP-O4I5TINJ', ip: '192.168.11.1', os.name: 'Windows 10', os.arch: 'amd64', os.version: '10.0', java.version: '1.8.0_282'
Driver info: com.kms.katalon.selenium.driver.CEdgeDriver
Capabilities {acceptInsecureCerts: false, browserName: msedge, browserVersion: 97.0.1072.62, javascriptEnabled: true, ms:edgeOptions: {debuggerAddress: localhost:63204}, msedge: {msedgedriverVersion: 97.0.1072.55 (ce3bf33648805..., userDataDir: C:\Users\ASUS\AppData\Local...}, networkConnectionEnabled: false, pageLoadStrategy: normal, platform: WINDOWS, platformName: WINDOWS, proxy: Proxy(), setWindowRect: true, strictFileInteractability: false, timeouts: {implicit: 0, pageLoad: 300000, script: 30000}, unhandledPromptBehavior: dismiss and notify, webauthn:extension:credBlob: true, webauthn:extension:largeBlob: true, webauthn:virtualAuthenticators: true}
Session ID: 753ea2af60605e138975cac78031eaad.

2022-01-16 12:15:55 - [MESSAGE][ERROR] - [SELF-HEALING] Cannot save screenshot to: E:\MoodleTestByKatalon\Reports\Self-healing, reason: unknown error: unhandled inspector error: {"code":-32000,"message":"Cannot take screenshot with 0 width."}
  (Session info: MicrosoftEdge=97.0.1072.62)
Build info: version: '3.141.59', revision: 'e82be7d358', time: '2018-11-14T08:25:53'
System info: host: 'LAPTOP-O4I5TINJ', ip: '192.168.11.1', os.name: 'Windows 10', os.arch: 'amd64', os.version: '10.0', java.version: '1.8.0_282'
Driver info: com.kms.katalon.selenium.driver.CEdgeDriver
Capabilities {acceptInsecureCerts: false, browserName: msedge, browserVersion: 97.0.1072.62, javascriptEnabled: true, ms:edgeOptions: {debuggerAddress: localhost:63204}, msedge: {msedgedriverVersion: 97.0.1072.55 (ce3bf33648805..., userDataDir: C:\Users\ASUS\AppData\Local...}, networkConnectionEnabled: false, pageLoadStrategy: normal, platform: WINDOWS, platformName: WINDOWS, proxy: Proxy(), setWindowRect: true, strictFileInteractability: false, timeouts: {implicit: 0, pageLoad: 300000, script: 30000}, unhandledPromptBehavior: dismiss and notify, webauthn:extension:credBlob: true, webauthn:extension:largeBlob: true, webauthn:virtualAuthenticators: true}
Session ID: 753ea2af60605e138975cac78031eaad.

2022-01-16 12:15:55 - [MESSAGE][WARNING] - [SELF-HEALING] 'other' is different type of Path

2022-01-16 12:15:57 - [MESSAGE][INFO] - Unable to find the element located by 'By.xpath: //*[@id = 'id_error_name' and (text() = '
            Required
        ' or . = '
            Required
        ')]'. Please recheck the objects properties to make sure the desired element is located. 

2022-01-16 12:15:58 - [MESSAGE][INFO] - Unable to find the element located by 'By.cssSelector: #id_error_name'. Please recheck the objects properties to make sure the desired element is located. 

2022-01-16 12:15:58 - [MESSAGE][FAILED] - com.kms.katalon.core.webui.exception.WebElementNotFoundException: Web element with id: 'Object Repository/NewCategory/Page_SiteTesting Add new category/div_Required' located by '//div[@id='id_error_name']' not found (Root cause: com.kms.katalon.core.exception.StepFailedException: com.kms.katalon.core.webui.exception.WebElementNotFoundException: Web element with id: 'Object Repository/NewCategory/Page_SiteTesting Add new category/div_Required' located by '//div[@id='id_error_name']' not found
	at com.kms.katalon.core.webui.keyword.internal.WebUIKeywordMain.stepFailed(WebUIKeywordMain.groovy:64)
	at com.kms.katalon.core.webui.keyword.builtin.VerifyElementTextKeyword$_verifyElementText_closure1.doCall(VerifyElementTextKeyword.groovy:64)
	at com.kms.katalon.core.webui.keyword.builtin.VerifyElementTextKeyword$_verifyElementText_closure1.call(VerifyElementTextKeyword.groovy)
	at com.kms.katalon.core.webui.keyword.internal.WebUIKeywordMain.runKeyword(WebUIKeywordMain.groovy:20)
	at com.kms.katalon.core.webui.keyword.builtin.VerifyElementTextKeyword.verifyElementText(VerifyElementTextKeyword.groovy:72)
	at com.kms.katalon.core.webui.keyword.builtin.VerifyElementTextKeyword.execute(VerifyElementTextKeyword.groovy:40)
	at com.kms.katalon.core.keyword.internal.KeywordExecutor.executeKeywordForPlatform(KeywordExecutor.groovy:74)
	at com.kms.katalon.core.webui.keyword.WebUiBuiltInKeywords.verifyElementText(WebUiBuiltInKeywords.groovy:4749)
	at com.kms.katalon.core.webui.keyword.WebUiBuiltInKeywords$verifyElementText$4.call(Unknown Source)
	at 1. Add category with blank fields.run(1. Add category with blank fields:42)
	at com.kms.katalon.core.main.ScriptEngine.run(ScriptEngine.java:194)
	at com.kms.katalon.core.main.ScriptEngine.runScriptAsRawText(ScriptEngine.java:119)
	at com.kms.katalon.core.main.TestCaseExecutor.runScript(TestCaseExecutor.java:442)
	at com.kms.katalon.core.main.TestCaseExecutor.doExecute(TestCaseExecutor.java:433)
	at com.kms.katalon.core.main.TestCaseExecutor.processExecutionPhase(TestCaseExecutor.java:412)
	at com.kms.katalon.core.main.TestCaseExecutor.accessMainPhase(TestCaseExecutor.java:404)
	at com.kms.katalon.core.main.TestCaseExecutor.execute(TestCaseExecutor.java:281)
	at com.kms.katalon.core.main.TestSuiteExecutor.accessTestCaseMainPhase(TestSuiteExecutor.java:202)
	at com.kms.katalon.core.main.TestSuiteExecutor.accessTestSuiteMainPhase(TestSuiteExecutor.java:164)
	at com.kms.katalon.core.main.TestSuiteExecutor.execute(TestSuiteExecutor.java:105)
	at com.kms.katalon.core.main.TestCaseMain.startTestSuite(TestCaseMain.java:181)
	at com.kms.katalon.core.main.TestCaseMain$startTestSuite$0.call(Unknown Source)
	at TempTestSuite1642307295030.run(TempTestSuite1642307295030.groovy:36)
)
[[ATTACHMENT|E:\\MoodleTestByKatalon\\Reports\\20220116_112815\\Run all test cases\\20220116_112815\\1642310158311.png]]

2022-01-16 12:15:58 - [MESSAGE][FAILED] - Verify element text of test object 'Object Repository/NewCategory/Page_SiteTesting Add new category/div_Required' FAILED. (Root cause: com.kms.katalon.core.exception.StepFailedException: Verify element text of test object 'Object Repository/NewCategory/Page_SiteTesting Add new category/div_Required' FAILED.
	at com.kms.katalon.core.webui.keyword.internal.WebUIKeywordMain.stepFailed(WebUIKeywordMain.groovy:64)
	at com.kms.katalon.core.webui.keyword.internal.WebUIKeywordMain.runKeyword(WebUIKeywordMain.groovy:26)
	at com.kms.katalon.core.webui.keyword.builtin.VerifyElementTextKeyword.verifyElementText(VerifyElementTextKeyword.groovy:72)
	at com.kms.katalon.core.webui.keyword.builtin.VerifyElementTextKeyword.execute(VerifyElementTextKeyword.groovy:40)
	at com.kms.katalon.core.keyword.internal.KeywordExecutor.executeKeywordForPlatform(KeywordExecutor.groovy:74)
	at com.kms.katalon.core.webui.keyword.WebUiBuiltInKeywords.verifyElementText(WebUiBuiltInKeywords.groovy:4749)
	at com.kms.katalon.core.webui.keyword.WebUiBuiltInKeywords$verifyElementText$4.call(Unknown Source)
	at 1. Add category with blank fields.run(1. Add category with blank fields:42)
	at com.kms.katalon.core.main.ScriptEngine.run(ScriptEngine.java:194)
	at com.kms.katalon.core.main.ScriptEngine.runScriptAsRawText(ScriptEngine.java:119)
	at com.kms.katalon.core.main.TestCaseExecutor.runScript(TestCaseExecutor.java:442)
	at com.kms.katalon.core.main.TestCaseExecutor.doExecute(TestCaseExecutor.java:433)
	at com.kms.katalon.core.main.TestCaseExecutor.processExecutionPhase(TestCaseExecutor.java:412)
	at com.kms.katalon.core.main.TestCaseExecutor.accessMainPhase(TestCaseExecutor.java:404)
	at com.kms.katalon.core.main.TestCaseExecutor.execute(TestCaseExecutor.java:281)
	at com.kms.katalon.core.main.TestSuiteExecutor.accessTestCaseMainPhase(TestSuiteExecutor.java:202)
	at com.kms.katalon.core.main.TestSuiteExecutor.accessTestSuiteMainPhase(TestSuiteExecutor.java:164)
	at com.kms.katalon.core.main.TestSuiteExecutor.execute(TestSuiteExecutor.java:105)
	at com.kms.katalon.core.main.TestCaseMain.startTestSuite(TestCaseMain.java:181)
	at com.kms.katalon.core.main.TestCaseMain$startTestSuite$0.call(Unknown Source)
	at TempTestSuite1642307295030.run(TempTestSuite1642307295030.groovy:36)
Caused by: com.kms.katalon.core.exception.StepFailedException: com.kms.katalon.core.webui.exception.WebElementNotFoundException: Web element with id: 'Object Repository/NewCategory/Page_SiteTesting Add new category/div_Required' located by '//div[@id='id_error_name']' not found
	at com.kms.katalon.core.webui.keyword.internal.WebUIKeywordMain.stepFailed(WebUIKeywordMain.groovy:64)
	at com.kms.katalon.core.webui.keyword.builtin.VerifyElementTextKeyword$_verifyElementText_closure1.doCall(VerifyElementTextKeyword.groovy:64)
	at com.kms.katalon.core.webui.keyword.builtin.VerifyElementTextKeyword$_verifyElementText_closure1.call(VerifyElementTextKeyword.groovy)
	at com.kms.katalon.core.webui.keyword.internal.WebUIKeywordMain.runKeyword(WebUIKeywordMain.groovy:20)
	... 19 more
)
[[ATTACHMENT|E:\\MoodleTestByKatalon\\Reports\\20220116_112815\\Run all test cases\\20220116_112815\\1642310158426.png]]]]></system-out>
         <system-err><![CDATA[2022-01-16 12:15:07 - [TEST_CASE][FAILED] - Test Cases/NewCategory/1. Add category with blank fields: Test Cases/NewCategory/1. Add category with blank fields FAILED.
Reason:
com.kms.katalon.core.exception.StepFailedException: Verify element text of test object 'Object Repository/NewCategory/Page_SiteTesting Add new category/div_Required' FAILED.
	at com.kms.katalon.core.webui.keyword.internal.WebUIKeywordMain.stepFailed(WebUIKeywordMain.groovy:64)
	at com.kms.katalon.core.webui.keyword.internal.WebUIKeywordMain.runKeyword(WebUIKeywordMain.groovy:26)
	at com.kms.katalon.core.webui.keyword.builtin.VerifyElementTextKeyword.verifyElementText(VerifyElementTextKeyword.groovy:72)
	at com.kms.katalon.core.webui.keyword.builtin.VerifyElementTextKeyword.execute(VerifyElementTextKeyword.groovy:40)
	at com.kms.katalon.core.keyword.internal.KeywordExecutor.executeKeywordForPlatform(KeywordExecutor.groovy:74)
	at com.kms.katalon.core.webui.keyword.WebUiBuiltInKeywords.verifyElementText(WebUiBuiltInKeywords.groovy:4749)
	at com.kms.katalon.core.webui.keyword.WebUiBuiltInKeywords$verifyElementText$4.call(Unknown Source)
	at 1. Add category with blank fields.run(1. Add category with blank fields:42)
	at com.kms.katalon.core.main.ScriptEngine.run(ScriptEngine.java:194)
	at com.kms.katalon.core.main.ScriptEngine.runScriptAsRawText(ScriptEngine.java:119)
	at com.kms.katalon.core.main.TestCaseExecutor.runScript(TestCaseExecutor.java:442)
	at com.kms.katalon.core.main.TestCaseExecutor.doExecute(TestCaseExecutor.java:433)
	at com.kms.katalon.core.main.TestCaseExecutor.processExecutionPhase(TestCaseExecutor.java:412)
	at com.kms.katalon.core.main.TestCaseExecutor.accessMainPhase(TestCaseExecutor.java:404)
	at com.kms.katalon.core.main.TestCaseExecutor.execute(TestCaseExecutor.java:281)
	at com.kms.katalon.core.main.TestSuiteExecutor.accessTestCaseMainPhase(TestSuiteExecutor.java:202)
	at com.kms.katalon.core.main.TestSuiteExecutor.accessTestSuiteMainPhase(TestSuiteExecutor.java:164)
	at com.kms.katalon.core.main.TestSuiteExecutor.execute(TestSuiteExecutor.java:105)
	at com.kms.katalon.core.main.TestCaseMain.startTestSuite(TestCaseMain.java:181)
	at com.kms.katalon.core.main.TestCaseMain$startTestSuite$0.call(Unknown Source)
	at TempTestSuite1642307295030.run(TempTestSuite1642307295030.groovy:36)
Caused by: com.kms.katalon.core.exception.StepFailedException: com.kms.katalon.core.webui.exception.WebElementNotFoundException: Web element with id: 'Object Repository/NewCategory/Page_SiteTesting Add new category/div_Required' located by '//div[@id='id_error_name']' not found
	at com.kms.katalon.core.webui.keyword.internal.WebUIKeywordMain.stepFailed(WebUIKeywordMain.groovy:64)
	at com.kms.katalon.core.webui.keyword.builtin.VerifyElementTextKeyword$_verifyElementText_closure1.doCall(VerifyElementTextKeyword.groovy:64)
	at com.kms.katalon.core.webui.keyword.builtin.VerifyElementTextKeyword$_verifyElementText_closure1.call(VerifyElementTextKeyword.groovy)
	at com.kms.katalon.core.webui.keyword.internal.WebUIKeywordMain.runKeyword(WebUIKeywordMain.groovy:20)
	... 19 more]]></system-err>
      </testcase>
      <testcase name="Test Cases/NewCategory/2. Create successful" time="113.641" classname="Test Cases/NewCategory/2. Create successful" status="FAILED">
         <failure type="FAILED" message="Test Cases/NewCategory/2. Create successful FAILED.
Reason:
com.kms.katalon.core.exception.StepFailedException: Verify element text of test object 'Object Repository/NewCategory/Page_Course and category management/h2_Course and category management' FAILED.
	at com.kms.katalon.core.webui.keyword.internal.WebUIKeywordMain.stepFailed(WebUIKeywordMain.groovy:64)
	at com.kms.katalon.core.webui.keyword.internal.WebUIKeywordMain.runKeyword(WebUIKeywordMain.groovy:26)
	at com.kms.katalon.core.webui.keyword.builtin.VerifyElementTextKeyword.verifyElementText(VerifyElementTextKeyword.groovy:72)
	at com.kms.katalon.core.webui.keyword.builtin.VerifyElementTextKeyword.execute(VerifyElementTextKeyword.groovy:40)
	at com.kms.katalon.core.keyword.internal.KeywordExecutor.executeKeywordForPlatform(KeywordExecutor.groovy:74)
	at com.kms.katalon.core.webui.keyword.WebUiBuiltInKeywords.verifyElementText(WebUiBuiltInKeywords.groovy:4749)
	at com.kms.katalon.core.webui.keyword.WebUiBuiltInKeywords$verifyElementText$4.call(Unknown Source)
	at 2. Create successful.run(2. Create successful:48)
	at com.kms.katalon.core.main.ScriptEngine.run(ScriptEngine.java:194)
	at com.kms.katalon.core.main.ScriptEngine.runScriptAsRawText(ScriptEngine.java:119)
	at com.kms.katalon.core.main.TestCaseExecutor.runScript(TestCaseExecutor.java:442)
	at com.kms.katalon.core.main.TestCaseExecutor.doExecute(TestCaseExecutor.java:433)
	at com.kms.katalon.core.main.TestCaseExecutor.processExecutionPhase(TestCaseExecutor.java:412)
	at com.kms.katalon.core.main.TestCaseExecutor.accessMainPhase(TestCaseExecutor.java:404)
	at com.kms.katalon.core.main.TestCaseExecutor.execute(TestCaseExecutor.java:281)
	at com.kms.katalon.core.main.TestSuiteExecutor.accessTestCaseMainPhase(TestSuiteExecutor.java:202)
	at com.kms.katalon.core.main.TestSuiteExecutor.accessTestSuiteMainPhase(TestSuiteExecutor.java:164)
	at com.kms.katalon.core.main.TestSuiteExecutor.execute(TestSuiteExecutor.java:105)
	at com.kms.katalon.core.main.TestCaseMain.startTestSuite(TestCaseMain.java:181)
	at com.kms.katalon.core.main.TestCaseMain$startTestSuite$0.call(Unknown Source)
	at TempTestSuite1642307295030.run(TempTestSuite1642307295030.groovy:36)
Caused by: com.kms.katalon.core.exception.StepFailedException: com.kms.katalon.core.webui.exception.WebElementNotFoundException: Web element with id: 'Object Repository/NewCategory/Page_Course and category management/h2_Course and category management' located by '//section[@id='region-main']/div/div/h2' not found
	at com.kms.katalon.core.webui.keyword.internal.WebUIKeywordMain.stepFailed(WebUIKeywordMain.groovy:64)
	at com.kms.katalon.core.webui.keyword.builtin.VerifyElementTextKeyword$_verifyElementText_closure1.doCall(VerifyElementTextKeyword.groovy:64)
	at com.kms.katalon.core.webui.keyword.builtin.VerifyElementTextKeyword$_verifyElementText_closure1.call(VerifyElementTextKeyword.groovy)
	at com.kms.katalon.core.webui.keyword.internal.WebUIKeywordMain.runKeyword(WebUIKeywordMain.groovy:20)
	... 19 more
"/>
         <system-out><![CDATA[2022-01-16 12:15:58 - [TEST_CASE][FAILED] - Test Cases/NewCategory/2. Create successful: Test Cases/NewCategory/2. Create successful FAILED.
Reason:
com.kms.katalon.core.exception.StepFailedException: Verify element text of test object 'Object Repository/NewCategory/Page_Course and category management/h2_Course and category management' FAILED.
	at com.kms.katalon.core.webui.keyword.internal.WebUIKeywordMain.stepFailed(WebUIKeywordMain.groovy:64)
	at com.kms.katalon.core.webui.keyword.internal.WebUIKeywordMain.runKeyword(WebUIKeywordMain.groovy:26)
	at com.kms.katalon.core.webui.keyword.builtin.VerifyElementTextKeyword.verifyElementText(VerifyElementTextKeyword.groovy:72)
	at com.kms.katalon.core.webui.keyword.builtin.VerifyElementTextKeyword.execute(VerifyElementTextKeyword.groovy:40)
	at com.kms.katalon.core.keyword.internal.KeywordExecutor.executeKeywordForPlatform(KeywordExecutor.groovy:74)
	at com.kms.katalon.core.webui.keyword.WebUiBuiltInKeywords.verifyElementText(WebUiBuiltInKeywords.groovy:4749)
	at com.kms.katalon.core.webui.keyword.WebUiBuiltInKeywords$verifyElementText$4.call(Unknown Source)
	at 2. Create successful.run(2. Create successful:48)
	at com.kms.katalon.core.main.ScriptEngine.run(ScriptEngine.java:194)
	at com.kms.katalon.core.main.ScriptEngine.runScriptAsRawText(ScriptEngine.java:119)
	at com.kms.katalon.core.main.TestCaseExecutor.runScript(TestCaseExecutor.java:442)
	at com.kms.katalon.core.main.TestCaseExecutor.doExecute(TestCaseExecutor.java:433)
	at com.kms.katalon.core.main.TestCaseExecutor.processExecutionPhase(TestCaseExecutor.java:412)
	at com.kms.katalon.core.main.TestCaseExecutor.accessMainPhase(TestCaseExecutor.java:404)
	at com.kms.katalon.core.main.TestCaseExecutor.execute(TestCaseExecutor.java:281)
	at com.kms.katalon.core.main.TestSuiteExecutor.accessTestCaseMainPhase(TestSuiteExecutor.java:202)
	at com.kms.katalon.core.main.TestSuiteExecutor.accessTestSuiteMainPhase(TestSuiteExecutor.java:164)
	at com.kms.katalon.core.main.TestSuiteExecutor.execute(TestSuiteExecutor.java:105)
	at com.kms.katalon.core.main.TestCaseMain.startTestSuite(TestCaseMain.java:181)
	at com.kms.katalon.core.main.TestCaseMain$startTestSuite$0.call(Unknown Source)
	at TempTestSuite1642307295030.run(TempTestSuite1642307295030.groovy:36)
Caused by: com.kms.katalon.core.exception.StepFailedException: com.kms.katalon.core.webui.exception.WebElementNotFoundException: Web element with id: 'Object Repository/NewCategory/Page_Course and category management/h2_Course and category management' located by '//section[@id='region-main']/div/div/h2' not found
	at com.kms.katalon.core.webui.keyword.internal.WebUIKeywordMain.stepFailed(WebUIKeywordMain.groovy:64)
	at com.kms.katalon.core.webui.keyword.builtin.VerifyElementTextKeyword$_verifyElementText_closure1.doCall(VerifyElementTextKeyword.groovy:64)
	at com.kms.katalon.core.webui.keyword.builtin.VerifyElementTextKeyword$_verifyElementText_closure1.call(VerifyElementTextKeyword.groovy)
	at com.kms.katalon.core.webui.keyword.internal.WebUIKeywordMain.runKeyword(WebUIKeywordMain.groovy:20)
	... 19 more


2022-01-16 12:15:58 - [TEST_STEP][PASSED] - openBrowser(""): Browser is opened with url: ''

2022-01-16 12:15:58 - [MESSAGE][WARNING] - A browser is already opened. Closing browser and opening a new one

2022-01-16 12:15:59 - [MESSAGE][INFO] - Starting 'Edge Chromium' driver

2022-01-16 12:16:01 - [MESSAGE][INFO] - Action delay is set to 0 milliseconds

2022-01-16 12:16:02 - [MESSAGE][PASSED] - Browser is opened with url: ''

2022-01-16 12:16:02 - [TEST_STEP][PASSED] - navigateToUrl("http://localhost/"): Navigate to 'http://localhost/' successfully

2022-01-16 12:16:03 - [MESSAGE][PASSED] - Navigate to 'http://localhost/' successfully

2022-01-16 12:16:03 - [TEST_STEP][PASSED] - click(findTestObject("Object Repository/NewCategory/Page_Automation Testing Site/a_Log in")): Object: 'Object Repository/NewCategory/Page_Automation Testing Site/a_Log in' is clicked on

2022-01-16 12:16:04 - [MESSAGE][PASSED] - Object: 'Object Repository/NewCategory/Page_Automation Testing Site/a_Log in' is clicked on

2022-01-16 12:16:04 - [TEST_STEP][PASSED] - setText(findTestObject("Object Repository/NewCategory/Page_Automation Testing Site Log in to the site/input_Username_username"), "admin"): Text 'admin' is set on object 'Object Repository/NewCategory/Page_Automation Testing Site Log in to the site/input_Username_username'

2022-01-16 12:16:05 - [MESSAGE][PASSED] - Text 'admin' is set on object 'Object Repository/NewCategory/Page_Automation Testing Site Log in to the site/input_Username_username'

2022-01-16 12:16:05 - [TEST_STEP][PASSED] - setEncryptedText(findTestObject("Object Repository/NewCategory/Page_Automation Testing Site Log in to the site/input_Password_password"), "cnpXG5HhkrZpEXzNIGBMZQ=="): Text ****** has been set on object 'Object Repository/NewCategory/Page_Automation Testing Site Log in to the site/input_Password_password'

2022-01-16 12:16:05 - [MESSAGE][PASSED] - Text ****** has been set on object 'Object Repository/NewCategory/Page_Automation Testing Site Log in to the site/input_Password_password'

2022-01-16 12:16:05 - [TEST_STEP][PASSED] - click(findTestObject("Object Repository/NewCategory/Page_Automation Testing Site Log in to the site/button_Log in")): Object: 'Object Repository/NewCategory/Page_Automation Testing Site Log in to the site/button_Log in' is clicked on

2022-01-16 12:16:06 - [MESSAGE][PASSED] - Object: 'Object Repository/NewCategory/Page_Automation Testing Site Log in to the site/button_Log in' is clicked on

2022-01-16 12:16:06 - [TEST_STEP][PASSED] - click(findTestObject("Object Repository/NewCategory/Page_Dashboard/span_Site administration")): Object: 'Object Repository/NewCategory/Page_Dashboard/span_Site administration' is clicked on

2022-01-16 12:16:08 - [MESSAGE][PASSED] - Object: 'Object Repository/NewCategory/Page_Dashboard/span_Site administration' is clicked on

2022-01-16 12:16:08 - [TEST_STEP][PASSED] - click(findTestObject("Object Repository/NewCategory/Page_SiteTesting Administration Search/a_Courses")): Object: 'Object Repository/NewCategory/Page_SiteTesting Administration Search/a_Courses' is clicked on

2022-01-16 12:16:09 - [MESSAGE][PASSED] - Object: 'Object Repository/NewCategory/Page_SiteTesting Administration Search/a_Courses' is clicked on

2022-01-16 12:16:09 - [TEST_STEP][PASSED] - click(findTestObject("Object Repository/NewCategory/Page_SiteTesting Administration Search/a_Add a category")): Object: 'Object Repository/NewCategory/Page_SiteTesting Administration Search/a_Add a category' is clicked on

2022-01-16 12:16:11 - [MESSAGE][PASSED] - Object: 'Object Repository/NewCategory/Page_SiteTesting Administration Search/a_Add a category' is clicked on

2022-01-16 12:16:11 - [TEST_STEP][PASSED] - setText(findTestObject("Object Repository/NewCategory/Page_SiteTesting Add new category/input_Category name_name"), "test"): Text 'test' is set on object 'Object Repository/NewCategory/Page_SiteTesting Add new category/input_Category name_name'

2022-01-16 12:16:42 - [MESSAGE][INFO] - Unable to find the element located by 'By.xpath: //input[@id='id_name']'. Please recheck the objects properties to make sure the desired element is located. 

2022-01-16 12:16:42 - [MESSAGE][WARNING] - [SELF-HEALING] Failed to find element with id 'Object Repository/NewCategory/Page_SiteTesting Add new category/input_Category name_name'. Try using Self-healing.

2022-01-16 12:16:42 - [MESSAGE][INFO] - [SELF-HEALING] Failed Locator: '//input[@id='id_name']'.

2022-01-16 12:16:42 - [MESSAGE][INFO] - [SELF-HEALING] Failed Locator: '//div[@id='yui_3_17_2_1_1641438388612_520']/input'.

2022-01-16 12:16:43 - [MESSAGE][INFO] - [SELF-HEALING] Working Locator: '//div[2]/input'.

2022-01-16 12:16:43 - [MESSAGE][INFO] - [SELF-HEALING] Screenshot: E:/MoodleTestByKatalon/Reports/Self-healing/Object Repository/NewCategory/Page_SiteTesting Add new category/input_Category name_name_position.png

2022-01-16 12:16:43 - [MESSAGE][WARNING] - [SELF-HEALING] The current locator of test object 'Object Repository/NewCategory/Page_SiteTesting Add new category/input_Category name_name' was broken. Propose an alternative one: '//div[2]/input'.

2022-01-16 12:17:14 - [MESSAGE][INFO] - Unable to find the element located by 'By.xpath: //input[@id='id_name']'. Please recheck the objects properties to make sure the desired element is located. 

2022-01-16 12:17:14 - [MESSAGE][WARNING] - [SELF-HEALING] Failed to find element with id 'Object Repository/NewCategory/Page_SiteTesting Add new category/input_Category name_name'. Try using Self-healing.

2022-01-16 12:17:14 - [MESSAGE][WARNING] - [SELF-HEALING] The current locator of test object 'Object Repository/NewCategory/Page_SiteTesting Add new category/input_Category name_name' was broken. Propose an alternative one: '//div[2]/input'.

2022-01-16 12:17:15 - [MESSAGE][PASSED] - Text 'test' is set on object 'Object Repository/NewCategory/Page_SiteTesting Add new category/input_Category name_name'

2022-01-16 12:17:15 - [TEST_STEP][PASSED] - setText(findTestObject("Object Repository/NewCategory/Page_SiteTesting Add new category/input_Category ID number_idnumber"), "1234"): Text '1234' is set on object 'Object Repository/NewCategory/Page_SiteTesting Add new category/input_Category ID number_idnumber'

2022-01-16 12:17:15 - [MESSAGE][PASSED] - Text '1234' is set on object 'Object Repository/NewCategory/Page_SiteTesting Add new category/input_Category ID number_idnumber'

2022-01-16 12:17:15 - [TEST_STEP][PASSED] - click(findTestObject("Object Repository/NewCategory/Page_SiteTesting Add new category/input_Description_submitbutton")): Object: 'Object Repository/NewCategory/Page_SiteTesting Add new category/input_Description_submitbutton' is clicked on

2022-01-16 12:17:16 - [MESSAGE][PASSED] - Object: 'Object Repository/NewCategory/Page_SiteTesting Add new category/input_Description_submitbutton' is clicked on

2022-01-16 12:17:16 - [TEST_STEP][FAILED] - verifyElementText(findTestObject("Object Repository/NewCategory/Page_Course and category management/h2_Course and category management"), "Course and category management"): Verify element text of test object 'Object Repository/NewCategory/Page_Course and category management/h2_Course and category management' FAILED. (Root cause: com.kms.katalon.core.exception.StepFailedException: Verify element text of test object 'Object Repository/NewCategory/Page_Course and category management/h2_Course and category management' FAILED.
	at com.kms.katalon.core.webui.keyword.internal.WebUIKeywordMain.stepFailed(WebUIKeywordMain.groovy:64)
	at com.kms.katalon.core.webui.keyword.internal.WebUIKeywordMain.runKeyword(WebUIKeywordMain.groovy:26)
	at com.kms.katalon.core.webui.keyword.builtin.VerifyElementTextKeyword.verifyElementText(VerifyElementTextKeyword.groovy:72)
	at com.kms.katalon.core.webui.keyword.builtin.VerifyElementTextKeyword.execute(VerifyElementTextKeyword.groovy:40)
	at com.kms.katalon.core.keyword.internal.KeywordExecutor.executeKeywordForPlatform(KeywordExecutor.groovy:74)
	at com.kms.katalon.core.webui.keyword.WebUiBuiltInKeywords.verifyElementText(WebUiBuiltInKeywords.groovy:4749)
	at com.kms.katalon.core.webui.keyword.WebUiBuiltInKeywords$verifyElementText$4.call(Unknown Source)
	at 2. Create successful.run(2. Create successful:48)
	at com.kms.katalon.core.main.ScriptEngine.run(ScriptEngine.java:194)
	at com.kms.katalon.core.main.ScriptEngine.runScriptAsRawText(ScriptEngine.java:119)
	at com.kms.katalon.core.main.TestCaseExecutor.runScript(TestCaseExecutor.java:442)
	at com.kms.katalon.core.main.TestCaseExecutor.doExecute(TestCaseExecutor.java:433)
	at com.kms.katalon.core.main.TestCaseExecutor.processExecutionPhase(TestCaseExecutor.java:412)
	at com.kms.katalon.core.main.TestCaseExecutor.accessMainPhase(TestCaseExecutor.java:404)
	at com.kms.katalon.core.main.TestCaseExecutor.execute(TestCaseExecutor.java:281)
	at com.kms.katalon.core.main.TestSuiteExecutor.accessTestCaseMainPhase(TestSuiteExecutor.java:202)
	at com.kms.katalon.core.main.TestSuiteExecutor.accessTestSuiteMainPhase(TestSuiteExecutor.java:164)
	at com.kms.katalon.core.main.TestSuiteExecutor.execute(TestSuiteExecutor.java:105)
	at com.kms.katalon.core.main.TestCaseMain.startTestSuite(TestCaseMain.java:181)
	at com.kms.katalon.core.main.TestCaseMain$startTestSuite$0.call(Unknown Source)
	at TempTestSuite1642307295030.run(TempTestSuite1642307295030.groovy:36)
Caused by: com.kms.katalon.core.exception.StepFailedException: com.kms.katalon.core.webui.exception.WebElementNotFoundException: Web element with id: 'Object Repository/NewCategory/Page_Course and category management/h2_Course and category management' located by '//section[@id='region-main']/div/div/h2' not found
	at com.kms.katalon.core.webui.keyword.internal.WebUIKeywordMain.stepFailed(WebUIKeywordMain.groovy:64)
	at com.kms.katalon.core.webui.keyword.builtin.VerifyElementTextKeyword$_verifyElementText_closure1.doCall(VerifyElementTextKeyword.groovy:64)
	at com.kms.katalon.core.webui.keyword.builtin.VerifyElementTextKeyword$_verifyElementText_closure1.call(VerifyElementTextKeyword.groovy)
	at com.kms.katalon.core.webui.keyword.internal.WebUIKeywordMain.runKeyword(WebUIKeywordMain.groovy:20)
	... 19 more
)

2022-01-16 12:17:48 - [MESSAGE][INFO] - Unable to find the element located by 'By.xpath: //section[@id='region-main']/div/div/h2'. Please recheck the objects properties to make sure the desired element is located. 

2022-01-16 12:17:48 - [MESSAGE][WARNING] - [SELF-HEALING] Failed to find element with id 'Object Repository/NewCategory/Page_Course and category management/h2_Course and category management'. Try using Self-healing.

2022-01-16 12:17:48 - [MESSAGE][INFO] - [SELF-HEALING] Failed Locator: '//section[@id='region-main']/div/div/h2'.

2022-01-16 12:17:48 - [MESSAGE][INFO] - [SELF-HEALING] Failed Locator: '(.//*[normalize-space(text()) and normalize-space(.)='test'])[1]/following::h2[1]'.

2022-01-16 12:17:49 - [MESSAGE][INFO] - [SELF-HEALING] Failed Locator: '(.//*[normalize-space(text()) and normalize-space(.)='Manage courses and categories'])[1]/following::h2[1]'.

2022-01-16 12:17:49 - [MESSAGE][INFO] - [SELF-HEALING] Failed Locator: '(.//*[normalize-space(text()) and normalize-space(.)='Course categories and courses'])[2]/preceding::h2[1]'.

2022-01-16 12:17:49 - [MESSAGE][INFO] - [SELF-HEALING] Failed Locator: '//h2'.

2022-01-16 12:17:50 - [MESSAGE][INFO] - Unable to find the element located by 'By.xpath: //*[(text() = 'Course and category management' or . = 'Course and category management')]'. Please recheck the objects properties to make sure the desired element is located. 

2022-01-16 12:17:51 - [MESSAGE][INFO] - Unable to find the element located by 'By.cssSelector: h2'. Please recheck the objects properties to make sure the desired element is located. 

2022-01-16 12:17:52 - [MESSAGE][FAILED] - com.kms.katalon.core.webui.exception.WebElementNotFoundException: Web element with id: 'Object Repository/NewCategory/Page_Course and category management/h2_Course and category management' located by '//section[@id='region-main']/div/div/h2' not found (Root cause: com.kms.katalon.core.exception.StepFailedException: com.kms.katalon.core.webui.exception.WebElementNotFoundException: Web element with id: 'Object Repository/NewCategory/Page_Course and category management/h2_Course and category management' located by '//section[@id='region-main']/div/div/h2' not found
	at com.kms.katalon.core.webui.keyword.internal.WebUIKeywordMain.stepFailed(WebUIKeywordMain.groovy:64)
	at com.kms.katalon.core.webui.keyword.builtin.VerifyElementTextKeyword$_verifyElementText_closure1.doCall(VerifyElementTextKeyword.groovy:64)
	at com.kms.katalon.core.webui.keyword.builtin.VerifyElementTextKeyword$_verifyElementText_closure1.call(VerifyElementTextKeyword.groovy)
	at com.kms.katalon.core.webui.keyword.internal.WebUIKeywordMain.runKeyword(WebUIKeywordMain.groovy:20)
	at com.kms.katalon.core.webui.keyword.builtin.VerifyElementTextKeyword.verifyElementText(VerifyElementTextKeyword.groovy:72)
	at com.kms.katalon.core.webui.keyword.builtin.VerifyElementTextKeyword.execute(VerifyElementTextKeyword.groovy:40)
	at com.kms.katalon.core.keyword.internal.KeywordExecutor.executeKeywordForPlatform(KeywordExecutor.groovy:74)
	at com.kms.katalon.core.webui.keyword.WebUiBuiltInKeywords.verifyElementText(WebUiBuiltInKeywords.groovy:4749)
	at com.kms.katalon.core.webui.keyword.WebUiBuiltInKeywords$verifyElementText$4.call(Unknown Source)
	at 2. Create successful.run(2. Create successful:48)
	at com.kms.katalon.core.main.ScriptEngine.run(ScriptEngine.java:194)
	at com.kms.katalon.core.main.ScriptEngine.runScriptAsRawText(ScriptEngine.java:119)
	at com.kms.katalon.core.main.TestCaseExecutor.runScript(TestCaseExecutor.java:442)
	at com.kms.katalon.core.main.TestCaseExecutor.doExecute(TestCaseExecutor.java:433)
	at com.kms.katalon.core.main.TestCaseExecutor.processExecutionPhase(TestCaseExecutor.java:412)
	at com.kms.katalon.core.main.TestCaseExecutor.accessMainPhase(TestCaseExecutor.java:404)
	at com.kms.katalon.core.main.TestCaseExecutor.execute(TestCaseExecutor.java:281)
	at com.kms.katalon.core.main.TestSuiteExecutor.accessTestCaseMainPhase(TestSuiteExecutor.java:202)
	at com.kms.katalon.core.main.TestSuiteExecutor.accessTestSuiteMainPhase(TestSuiteExecutor.java:164)
	at com.kms.katalon.core.main.TestSuiteExecutor.execute(TestSuiteExecutor.java:105)
	at com.kms.katalon.core.main.TestCaseMain.startTestSuite(TestCaseMain.java:181)
	at com.kms.katalon.core.main.TestCaseMain$startTestSuite$0.call(Unknown Source)
	at TempTestSuite1642307295030.run(TempTestSuite1642307295030.groovy:36)
)
[[ATTACHMENT|E:\\MoodleTestByKatalon\\Reports\\20220116_112815\\Run all test cases\\20220116_112815\\1642310271940.png]]

2022-01-16 12:17:52 - [MESSAGE][FAILED] - Verify element text of test object 'Object Repository/NewCategory/Page_Course and category management/h2_Course and category management' FAILED. (Root cause: com.kms.katalon.core.exception.StepFailedException: Verify element text of test object 'Object Repository/NewCategory/Page_Course and category management/h2_Course and category management' FAILED.
	at com.kms.katalon.core.webui.keyword.internal.WebUIKeywordMain.stepFailed(WebUIKeywordMain.groovy:64)
	at com.kms.katalon.core.webui.keyword.internal.WebUIKeywordMain.runKeyword(WebUIKeywordMain.groovy:26)
	at com.kms.katalon.core.webui.keyword.builtin.VerifyElementTextKeyword.verifyElementText(VerifyElementTextKeyword.groovy:72)
	at com.kms.katalon.core.webui.keyword.builtin.VerifyElementTextKeyword.execute(VerifyElementTextKeyword.groovy:40)
	at com.kms.katalon.core.keyword.internal.KeywordExecutor.executeKeywordForPlatform(KeywordExecutor.groovy:74)
	at com.kms.katalon.core.webui.keyword.WebUiBuiltInKeywords.verifyElementText(WebUiBuiltInKeywords.groovy:4749)
	at com.kms.katalon.core.webui.keyword.WebUiBuiltInKeywords$verifyElementText$4.call(Unknown Source)
	at 2. Create successful.run(2. Create successful:48)
	at com.kms.katalon.core.main.ScriptEngine.run(ScriptEngine.java:194)
	at com.kms.katalon.core.main.ScriptEngine.runScriptAsRawText(ScriptEngine.java:119)
	at com.kms.katalon.core.main.TestCaseExecutor.runScript(TestCaseExecutor.java:442)
	at com.kms.katalon.core.main.TestCaseExecutor.doExecute(TestCaseExecutor.java:433)
	at com.kms.katalon.core.main.TestCaseExecutor.processExecutionPhase(TestCaseExecutor.java:412)
	at com.kms.katalon.core.main.TestCaseExecutor.accessMainPhase(TestCaseExecutor.java:404)
	at com.kms.katalon.core.main.TestCaseExecutor.execute(TestCaseExecutor.java:281)
	at com.kms.katalon.core.main.TestSuiteExecutor.accessTestCaseMainPhase(TestSuiteExecutor.java:202)
	at com.kms.katalon.core.main.TestSuiteExecutor.accessTestSuiteMainPhase(TestSuiteExecutor.java:164)
	at com.kms.katalon.core.main.TestSuiteExecutor.execute(TestSuiteExecutor.java:105)
	at com.kms.katalon.core.main.TestCaseMain.startTestSuite(TestCaseMain.java:181)
	at com.kms.katalon.core.main.TestCaseMain$startTestSuite$0.call(Unknown Source)
	at TempTestSuite1642307295030.run(TempTestSuite1642307295030.groovy:36)
Caused by: com.kms.katalon.core.exception.StepFailedException: com.kms.katalon.core.webui.exception.WebElementNotFoundException: Web element with id: 'Object Repository/NewCategory/Page_Course and category management/h2_Course and category management' located by '//section[@id='region-main']/div/div/h2' not found
	at com.kms.katalon.core.webui.keyword.internal.WebUIKeywordMain.stepFailed(WebUIKeywordMain.groovy:64)
	at com.kms.katalon.core.webui.keyword.builtin.VerifyElementTextKeyword$_verifyElementText_closure1.doCall(VerifyElementTextKeyword.groovy:64)
	at com.kms.katalon.core.webui.keyword.builtin.VerifyElementTextKeyword$_verifyElementText_closure1.call(VerifyElementTextKeyword.groovy)
	at com.kms.katalon.core.webui.keyword.internal.WebUIKeywordMain.runKeyword(WebUIKeywordMain.groovy:20)
	... 19 more
)
[[ATTACHMENT|E:\\MoodleTestByKatalon\\Reports\\20220116_112815\\Run all test cases\\20220116_112815\\1642310272076.png]]]]></system-out>
         <system-err><![CDATA[2022-01-16 12:15:58 - [TEST_CASE][FAILED] - Test Cases/NewCategory/2. Create successful: Test Cases/NewCategory/2. Create successful FAILED.
Reason:
com.kms.katalon.core.exception.StepFailedException: Verify element text of test object 'Object Repository/NewCategory/Page_Course and category management/h2_Course and category management' FAILED.
	at com.kms.katalon.core.webui.keyword.internal.WebUIKeywordMain.stepFailed(WebUIKeywordMain.groovy:64)
	at com.kms.katalon.core.webui.keyword.internal.WebUIKeywordMain.runKeyword(WebUIKeywordMain.groovy:26)
	at com.kms.katalon.core.webui.keyword.builtin.VerifyElementTextKeyword.verifyElementText(VerifyElementTextKeyword.groovy:72)
	at com.kms.katalon.core.webui.keyword.builtin.VerifyElementTextKeyword.execute(VerifyElementTextKeyword.groovy:40)
	at com.kms.katalon.core.keyword.internal.KeywordExecutor.executeKeywordForPlatform(KeywordExecutor.groovy:74)
	at com.kms.katalon.core.webui.keyword.WebUiBuiltInKeywords.verifyElementText(WebUiBuiltInKeywords.groovy:4749)
	at com.kms.katalon.core.webui.keyword.WebUiBuiltInKeywords$verifyElementText$4.call(Unknown Source)
	at 2. Create successful.run(2. Create successful:48)
	at com.kms.katalon.core.main.ScriptEngine.run(ScriptEngine.java:194)
	at com.kms.katalon.core.main.ScriptEngine.runScriptAsRawText(ScriptEngine.java:119)
	at com.kms.katalon.core.main.TestCaseExecutor.runScript(TestCaseExecutor.java:442)
	at com.kms.katalon.core.main.TestCaseExecutor.doExecute(TestCaseExecutor.java:433)
	at com.kms.katalon.core.main.TestCaseExecutor.processExecutionPhase(TestCaseExecutor.java:412)
	at com.kms.katalon.core.main.TestCaseExecutor.accessMainPhase(TestCaseExecutor.java:404)
	at com.kms.katalon.core.main.TestCaseExecutor.execute(TestCaseExecutor.java:281)
	at com.kms.katalon.core.main.TestSuiteExecutor.accessTestCaseMainPhase(TestSuiteExecutor.java:202)
	at com.kms.katalon.core.main.TestSuiteExecutor.accessTestSuiteMainPhase(TestSuiteExecutor.java:164)
	at com.kms.katalon.core.main.TestSuiteExecutor.execute(TestSuiteExecutor.java:105)
	at com.kms.katalon.core.main.TestCaseMain.startTestSuite(TestCaseMain.java:181)
	at com.kms.katalon.core.main.TestCaseMain$startTestSuite$0.call(Unknown Source)
	at TempTestSuite1642307295030.run(TempTestSuite1642307295030.groovy:36)
Caused by: com.kms.katalon.core.exception.StepFailedException: com.kms.katalon.core.webui.exception.WebElementNotFoundException: Web element with id: 'Object Repository/NewCategory/Page_Course and category management/h2_Course and category management' located by '//section[@id='region-main']/div/div/h2' not found
	at com.kms.katalon.core.webui.keyword.internal.WebUIKeywordMain.stepFailed(WebUIKeywordMain.groovy:64)
	at com.kms.katalon.core.webui.keyword.builtin.VerifyElementTextKeyword$_verifyElementText_closure1.doCall(VerifyElementTextKeyword.groovy:64)
	at com.kms.katalon.core.webui.keyword.builtin.VerifyElementTextKeyword$_verifyElementText_closure1.call(VerifyElementTextKeyword.groovy)
	at com.kms.katalon.core.webui.keyword.internal.WebUIKeywordMain.runKeyword(WebUIKeywordMain.groovy:20)
	... 19 more]]></system-err>
      </testcase>
      <testcase name="Test Cases/NewCategory/3. Duplicate ID" time="112.67" classname="Test Cases/NewCategory/3. Duplicate ID" status="FAILED">
         <failure type="FAILED" message="Test Cases/NewCategory/3. Duplicate ID FAILED.
Reason:
com.kms.katalon.core.exception.StepFailedException: Verify element text of test object 'Object Repository/NewCategory/Page_SiteTesting Add new category/div_ID number is already used for another category' FAILED.
	at com.kms.katalon.core.webui.keyword.internal.WebUIKeywordMain.stepFailed(WebUIKeywordMain.groovy:64)
	at com.kms.katalon.core.webui.keyword.internal.WebUIKeywordMain.runKeyword(WebUIKeywordMain.groovy:26)
	at com.kms.katalon.core.webui.keyword.builtin.VerifyElementTextKeyword.verifyElementText(VerifyElementTextKeyword.groovy:72)
	at com.kms.katalon.core.webui.keyword.builtin.VerifyElementTextKeyword.execute(VerifyElementTextKeyword.groovy:40)
	at com.kms.katalon.core.keyword.internal.KeywordExecutor.executeKeywordForPlatform(KeywordExecutor.groovy:74)
	at com.kms.katalon.core.webui.keyword.WebUiBuiltInKeywords.verifyElementText(WebUiBuiltInKeywords.groovy:4749)
	at com.kms.katalon.core.webui.keyword.WebUiBuiltInKeywords$verifyElementText$4.call(Unknown Source)
	at 3. Duplicate ID.run(3. Duplicate ID:48)
	at com.kms.katalon.core.main.ScriptEngine.run(ScriptEngine.java:194)
	at com.kms.katalon.core.main.ScriptEngine.runScriptAsRawText(ScriptEngine.java:119)
	at com.kms.katalon.core.main.TestCaseExecutor.runScript(TestCaseExecutor.java:442)
	at com.kms.katalon.core.main.TestCaseExecutor.doExecute(TestCaseExecutor.java:433)
	at com.kms.katalon.core.main.TestCaseExecutor.processExecutionPhase(TestCaseExecutor.java:412)
	at com.kms.katalon.core.main.TestCaseExecutor.accessMainPhase(TestCaseExecutor.java:404)
	at com.kms.katalon.core.main.TestCaseExecutor.execute(TestCaseExecutor.java:281)
	at com.kms.katalon.core.main.TestSuiteExecutor.accessTestCaseMainPhase(TestSuiteExecutor.java:202)
	at com.kms.katalon.core.main.TestSuiteExecutor.accessTestSuiteMainPhase(TestSuiteExecutor.java:164)
	at com.kms.katalon.core.main.TestSuiteExecutor.execute(TestSuiteExecutor.java:105)
	at com.kms.katalon.core.main.TestCaseMain.startTestSuite(TestCaseMain.java:181)
	at com.kms.katalon.core.main.TestCaseMain$startTestSuite$0.call(Unknown Source)
	at TempTestSuite1642307295030.run(TempTestSuite1642307295030.groovy:36)
Caused by: com.kms.katalon.core.exception.StepFailedException: com.kms.katalon.core.webui.exception.WebElementNotFoundException: Web element with id: 'Object Repository/NewCategory/Page_SiteTesting Add new category/div_ID number is already used for another category' located by '//div[@id='id_error_idnumber']' not found
	at com.kms.katalon.core.webui.keyword.internal.WebUIKeywordMain.stepFailed(WebUIKeywordMain.groovy:64)
	at com.kms.katalon.core.webui.keyword.builtin.VerifyElementTextKeyword$_verifyElementText_closure1.doCall(VerifyElementTextKeyword.groovy:64)
	at com.kms.katalon.core.webui.keyword.builtin.VerifyElementTextKeyword$_verifyElementText_closure1.call(VerifyElementTextKeyword.groovy)
	at com.kms.katalon.core.webui.keyword.internal.WebUIKeywordMain.runKeyword(WebUIKeywordMain.groovy:20)
	... 19 more
"/>
         <system-out><![CDATA[2022-01-16 12:17:52 - [TEST_CASE][FAILED] - Test Cases/NewCategory/3. Duplicate ID: Test Cases/NewCategory/3. Duplicate ID FAILED.
Reason:
com.kms.katalon.core.exception.StepFailedException: Verify element text of test object 'Object Repository/NewCategory/Page_SiteTesting Add new category/div_ID number is already used for another category' FAILED.
	at com.kms.katalon.core.webui.keyword.internal.WebUIKeywordMain.stepFailed(WebUIKeywordMain.groovy:64)
	at com.kms.katalon.core.webui.keyword.internal.WebUIKeywordMain.runKeyword(WebUIKeywordMain.groovy:26)
	at com.kms.katalon.core.webui.keyword.builtin.VerifyElementTextKeyword.verifyElementText(VerifyElementTextKeyword.groovy:72)
	at com.kms.katalon.core.webui.keyword.builtin.VerifyElementTextKeyword.execute(VerifyElementTextKeyword.groovy:40)
	at com.kms.katalon.core.keyword.internal.KeywordExecutor.executeKeywordForPlatform(KeywordExecutor.groovy:74)
	at com.kms.katalon.core.webui.keyword.WebUiBuiltInKeywords.verifyElementText(WebUiBuiltInKeywords.groovy:4749)
	at com.kms.katalon.core.webui.keyword.WebUiBuiltInKeywords$verifyElementText$4.call(Unknown Source)
	at 3. Duplicate ID.run(3. Duplicate ID:48)
	at com.kms.katalon.core.main.ScriptEngine.run(ScriptEngine.java:194)
	at com.kms.katalon.core.main.ScriptEngine.runScriptAsRawText(ScriptEngine.java:119)
	at com.kms.katalon.core.main.TestCaseExecutor.runScript(TestCaseExecutor.java:442)
	at com.kms.katalon.core.main.TestCaseExecutor.doExecute(TestCaseExecutor.java:433)
	at com.kms.katalon.core.main.TestCaseExecutor.processExecutionPhase(TestCaseExecutor.java:412)
	at com.kms.katalon.core.main.TestCaseExecutor.accessMainPhase(TestCaseExecutor.java:404)
	at com.kms.katalon.core.main.TestCaseExecutor.execute(TestCaseExecutor.java:281)
	at com.kms.katalon.core.main.TestSuiteExecutor.accessTestCaseMainPhase(TestSuiteExecutor.java:202)
	at com.kms.katalon.core.main.TestSuiteExecutor.accessTestSuiteMainPhase(TestSuiteExecutor.java:164)
	at com.kms.katalon.core.main.TestSuiteExecutor.execute(TestSuiteExecutor.java:105)
	at com.kms.katalon.core.main.TestCaseMain.startTestSuite(TestCaseMain.java:181)
	at com.kms.katalon.core.main.TestCaseMain$startTestSuite$0.call(Unknown Source)
	at TempTestSuite1642307295030.run(TempTestSuite1642307295030.groovy:36)
Caused by: com.kms.katalon.core.exception.StepFailedException: com.kms.katalon.core.webui.exception.WebElementNotFoundException: Web element with id: 'Object Repository/NewCategory/Page_SiteTesting Add new category/div_ID number is already used for another category' located by '//div[@id='id_error_idnumber']' not found
	at com.kms.katalon.core.webui.keyword.internal.WebUIKeywordMain.stepFailed(WebUIKeywordMain.groovy:64)
	at com.kms.katalon.core.webui.keyword.builtin.VerifyElementTextKeyword$_verifyElementText_closure1.doCall(VerifyElementTextKeyword.groovy:64)
	at com.kms.katalon.core.webui.keyword.builtin.VerifyElementTextKeyword$_verifyElementText_closure1.call(VerifyElementTextKeyword.groovy)
	at com.kms.katalon.core.webui.keyword.internal.WebUIKeywordMain.runKeyword(WebUIKeywordMain.groovy:20)
	... 19 more


2022-01-16 12:17:52 - [TEST_STEP][PASSED] - openBrowser(""): Browser is opened with url: ''

2022-01-16 12:17:52 - [MESSAGE][WARNING] - A browser is already opened. Closing browser and opening a new one

2022-01-16 12:17:53 - [MESSAGE][INFO] - Starting 'Edge Chromium' driver

2022-01-16 12:17:55 - [MESSAGE][INFO] - Action delay is set to 0 milliseconds

2022-01-16 12:17:56 - [MESSAGE][PASSED] - Browser is opened with url: ''

2022-01-16 12:17:56 - [TEST_STEP][PASSED] - navigateToUrl("http://localhost/"): Navigate to 'http://localhost/' successfully

2022-01-16 12:17:56 - [MESSAGE][PASSED] - Navigate to 'http://localhost/' successfully

2022-01-16 12:17:56 - [TEST_STEP][PASSED] - click(findTestObject("Object Repository/NewCategory/Page_Automation Testing Site/a_Log in")): Object: 'Object Repository/NewCategory/Page_Automation Testing Site/a_Log in' is clicked on

2022-01-16 12:17:57 - [MESSAGE][PASSED] - Object: 'Object Repository/NewCategory/Page_Automation Testing Site/a_Log in' is clicked on

2022-01-16 12:17:57 - [TEST_STEP][PASSED] - setText(findTestObject("Object Repository/NewCategory/Page_Automation Testing Site Log in to the site/input_Username_username"), "admin"): Text 'admin' is set on object 'Object Repository/NewCategory/Page_Automation Testing Site Log in to the site/input_Username_username'

2022-01-16 12:17:58 - [MESSAGE][PASSED] - Text 'admin' is set on object 'Object Repository/NewCategory/Page_Automation Testing Site Log in to the site/input_Username_username'

2022-01-16 12:17:58 - [TEST_STEP][PASSED] - setEncryptedText(findTestObject("Object Repository/NewCategory/Page_Automation Testing Site Log in to the site/input_Password_password"), "cnpXG5HhkrZpEXzNIGBMZQ=="): Text ****** has been set on object 'Object Repository/NewCategory/Page_Automation Testing Site Log in to the site/input_Password_password'

2022-01-16 12:17:58 - [MESSAGE][PASSED] - Text ****** has been set on object 'Object Repository/NewCategory/Page_Automation Testing Site Log in to the site/input_Password_password'

2022-01-16 12:17:58 - [TEST_STEP][PASSED] - click(findTestObject("Object Repository/NewCategory/Page_Automation Testing Site Log in to the site/button_Log in")): Object: 'Object Repository/NewCategory/Page_Automation Testing Site Log in to the site/button_Log in' is clicked on

2022-01-16 12:18:00 - [MESSAGE][PASSED] - Object: 'Object Repository/NewCategory/Page_Automation Testing Site Log in to the site/button_Log in' is clicked on

2022-01-16 12:18:00 - [TEST_STEP][PASSED] - click(findTestObject("Object Repository/NewCategory/Page_Dashboard/span_Site administration")): Object: 'Object Repository/NewCategory/Page_Dashboard/span_Site administration' is clicked on

2022-01-16 12:18:02 - [MESSAGE][PASSED] - Object: 'Object Repository/NewCategory/Page_Dashboard/span_Site administration' is clicked on

2022-01-16 12:18:02 - [TEST_STEP][PASSED] - click(findTestObject("Object Repository/NewCategory/Page_SiteTesting Administration Search/a_Courses")): Object: 'Object Repository/NewCategory/Page_SiteTesting Administration Search/a_Courses' is clicked on

2022-01-16 12:18:02 - [MESSAGE][PASSED] - Object: 'Object Repository/NewCategory/Page_SiteTesting Administration Search/a_Courses' is clicked on

2022-01-16 12:18:02 - [TEST_STEP][PASSED] - click(findTestObject("Object Repository/NewCategory/Page_SiteTesting Administration Search/a_Add a category")): Object: 'Object Repository/NewCategory/Page_SiteTesting Administration Search/a_Add a category' is clicked on

2022-01-16 12:18:03 - [MESSAGE][PASSED] - Object: 'Object Repository/NewCategory/Page_SiteTesting Administration Search/a_Add a category' is clicked on

2022-01-16 12:18:03 - [TEST_STEP][PASSED] - setText(findTestObject("Object Repository/NewCategory/Page_SiteTesting Add new category/input_Category name_name"), "test2"): Text 'test2' is set on object 'Object Repository/NewCategory/Page_SiteTesting Add new category/input_Category name_name'

2022-01-16 12:18:35 - [MESSAGE][INFO] - Unable to find the element located by 'By.xpath: //input[@id='id_name']'. Please recheck the objects properties to make sure the desired element is located. 

2022-01-16 12:18:35 - [MESSAGE][WARNING] - [SELF-HEALING] Failed to find element with id 'Object Repository/NewCategory/Page_SiteTesting Add new category/input_Category name_name'. Try using Self-healing.

2022-01-16 12:18:35 - [MESSAGE][WARNING] - [SELF-HEALING] The current locator of test object 'Object Repository/NewCategory/Page_SiteTesting Add new category/input_Category name_name' was broken. Propose an alternative one: '//div[2]/input'.

2022-01-16 12:19:06 - [MESSAGE][INFO] - Unable to find the element located by 'By.xpath: //input[@id='id_name']'. Please recheck the objects properties to make sure the desired element is located. 

2022-01-16 12:19:06 - [MESSAGE][WARNING] - [SELF-HEALING] Failed to find element with id 'Object Repository/NewCategory/Page_SiteTesting Add new category/input_Category name_name'. Try using Self-healing.

2022-01-16 12:19:07 - [MESSAGE][WARNING] - [SELF-HEALING] The current locator of test object 'Object Repository/NewCategory/Page_SiteTesting Add new category/input_Category name_name' was broken. Propose an alternative one: '//div[2]/input'.

2022-01-16 12:19:07 - [MESSAGE][PASSED] - Text 'test2' is set on object 'Object Repository/NewCategory/Page_SiteTesting Add new category/input_Category name_name'

2022-01-16 12:19:07 - [TEST_STEP][PASSED] - setText(findTestObject("Object Repository/NewCategory/Page_SiteTesting Add new category/input_Category ID number_idnumber"), "1234"): Text '1234' is set on object 'Object Repository/NewCategory/Page_SiteTesting Add new category/input_Category ID number_idnumber'

2022-01-16 12:19:07 - [MESSAGE][PASSED] - Text '1234' is set on object 'Object Repository/NewCategory/Page_SiteTesting Add new category/input_Category ID number_idnumber'

2022-01-16 12:19:07 - [TEST_STEP][PASSED] - click(findTestObject("Object Repository/NewCategory/Page_SiteTesting Add new category/input_Description_submitbutton")): Object: 'Object Repository/NewCategory/Page_SiteTesting Add new category/input_Description_submitbutton' is clicked on

2022-01-16 12:19:09 - [MESSAGE][PASSED] - Object: 'Object Repository/NewCategory/Page_SiteTesting Add new category/input_Description_submitbutton' is clicked on

2022-01-16 12:19:09 - [TEST_STEP][FAILED] - verifyElementText(findTestObject("Object Repository/NewCategory/Page_SiteTesting Add new category/div_ID number is already used for another category"), "ID number is already used for another category"): Verify element text of test object 'Object Repository/NewCategory/Page_SiteTesting Add new category/div_ID number is already used for another category' FAILED. (Root cause: com.kms.katalon.core.exception.StepFailedException: Verify element text of test object 'Object Repository/NewCategory/Page_SiteTesting Add new category/div_ID number is already used for another category' FAILED.
	at com.kms.katalon.core.webui.keyword.internal.WebUIKeywordMain.stepFailed(WebUIKeywordMain.groovy:64)
	at com.kms.katalon.core.webui.keyword.internal.WebUIKeywordMain.runKeyword(WebUIKeywordMain.groovy:26)
	at com.kms.katalon.core.webui.keyword.builtin.VerifyElementTextKeyword.verifyElementText(VerifyElementTextKeyword.groovy:72)
	at com.kms.katalon.core.webui.keyword.builtin.VerifyElementTextKeyword.execute(VerifyElementTextKeyword.groovy:40)
	at com.kms.katalon.core.keyword.internal.KeywordExecutor.executeKeywordForPlatform(KeywordExecutor.groovy:74)
	at com.kms.katalon.core.webui.keyword.WebUiBuiltInKeywords.verifyElementText(WebUiBuiltInKeywords.groovy:4749)
	at com.kms.katalon.core.webui.keyword.WebUiBuiltInKeywords$verifyElementText$4.call(Unknown Source)
	at 3. Duplicate ID.run(3. Duplicate ID:48)
	at com.kms.katalon.core.main.ScriptEngine.run(ScriptEngine.java:194)
	at com.kms.katalon.core.main.ScriptEngine.runScriptAsRawText(ScriptEngine.java:119)
	at com.kms.katalon.core.main.TestCaseExecutor.runScript(TestCaseExecutor.java:442)
	at com.kms.katalon.core.main.TestCaseExecutor.doExecute(TestCaseExecutor.java:433)
	at com.kms.katalon.core.main.TestCaseExecutor.processExecutionPhase(TestCaseExecutor.java:412)
	at com.kms.katalon.core.main.TestCaseExecutor.accessMainPhase(TestCaseExecutor.java:404)
	at com.kms.katalon.core.main.TestCaseExecutor.execute(TestCaseExecutor.java:281)
	at com.kms.katalon.core.main.TestSuiteExecutor.accessTestCaseMainPhase(TestSuiteExecutor.java:202)
	at com.kms.katalon.core.main.TestSuiteExecutor.accessTestSuiteMainPhase(TestSuiteExecutor.java:164)
	at com.kms.katalon.core.main.TestSuiteExecutor.execute(TestSuiteExecutor.java:105)
	at com.kms.katalon.core.main.TestCaseMain.startTestSuite(TestCaseMain.java:181)
	at com.kms.katalon.core.main.TestCaseMain$startTestSuite$0.call(Unknown Source)
	at TempTestSuite1642307295030.run(TempTestSuite1642307295030.groovy:36)
Caused by: com.kms.katalon.core.exception.StepFailedException: com.kms.katalon.core.webui.exception.WebElementNotFoundException: Web element with id: 'Object Repository/NewCategory/Page_SiteTesting Add new category/div_ID number is already used for another category' located by '//div[@id='id_error_idnumber']' not found
	at com.kms.katalon.core.webui.keyword.internal.WebUIKeywordMain.stepFailed(WebUIKeywordMain.groovy:64)
	at com.kms.katalon.core.webui.keyword.builtin.VerifyElementTextKeyword$_verifyElementText_closure1.doCall(VerifyElementTextKeyword.groovy:64)
	at com.kms.katalon.core.webui.keyword.builtin.VerifyElementTextKeyword$_verifyElementText_closure1.call(VerifyElementTextKeyword.groovy)
	at com.kms.katalon.core.webui.keyword.internal.WebUIKeywordMain.runKeyword(WebUIKeywordMain.groovy:20)
	... 19 more
)

2022-01-16 12:19:40 - [MESSAGE][INFO] - Unable to find the element located by 'By.xpath: //div[@id='id_error_idnumber']'. Please recheck the objects properties to make sure the desired element is located. 

2022-01-16 12:19:40 - [MESSAGE][WARNING] - [SELF-HEALING] Failed to find element with id 'Object Repository/NewCategory/Page_SiteTesting Add new category/div_ID number is already used for another category'. Try using Self-healing.

2022-01-16 12:19:40 - [MESSAGE][INFO] - [SELF-HEALING] Failed Locator: '//div[@id='id_error_idnumber']'.

2022-01-16 12:19:40 - [MESSAGE][INFO] - [SELF-HEALING] Failed Locator: '//div[@id='fitem_id_idnumber']/div[2]/div'.

2022-01-16 12:19:41 - [MESSAGE][INFO] - [SELF-HEALING] Failed Locator: '(.//*[normalize-space(text()) and normalize-space(.)='Category ID number'])[1]/following::div[3]'.

2022-01-16 12:19:41 - [MESSAGE][INFO] - [SELF-HEALING] Failed Locator: '(.//*[normalize-space(text()) and normalize-space(.)='Category name'])[1]/following::div[9]'.

2022-01-16 12:19:41 - [MESSAGE][INFO] - [SELF-HEALING] Failed Locator: '(.//*[normalize-space(text()) and normalize-space(.)='Description'])[1]/preceding::div[1]'.

2022-01-16 12:19:42 - [MESSAGE][INFO] - [SELF-HEALING] Failed Locator: '//*/text()[normalize-space(.)='ID number is already used for another category']/parent::*'.

2022-01-16 12:19:42 - [MESSAGE][INFO] - [SELF-HEALING] Working Locator: '//div[4]/div[2]/div'.

2022-01-16 12:19:42 - [MESSAGE][ERROR] - [SELF-HEALING] Cannot save screenshot to: E:\MoodleTestByKatalon\Reports\Self-healing, reason: unknown error: unhandled inspector error: {"code":-32000,"message":"Cannot take screenshot with 0 width."}
  (Session info: MicrosoftEdge=97.0.1072.62)
Build info: version: '3.141.59', revision: 'e82be7d358', time: '2018-11-14T08:25:53'
System info: host: 'LAPTOP-O4I5TINJ', ip: '192.168.11.1', os.name: 'Windows 10', os.arch: 'amd64', os.version: '10.0', java.version: '1.8.0_282'
Driver info: com.kms.katalon.selenium.driver.CEdgeDriver
Capabilities {acceptInsecureCerts: false, browserName: msedge, browserVersion: 97.0.1072.62, javascriptEnabled: true, ms:edgeOptions: {debuggerAddress: localhost:54288}, msedge: {msedgedriverVersion: 97.0.1072.55 (ce3bf33648805..., userDataDir: C:\Users\ASUS\AppData\Local...}, networkConnectionEnabled: false, pageLoadStrategy: normal, platform: WINDOWS, platformName: WINDOWS, proxy: Proxy(), setWindowRect: true, strictFileInteractability: false, timeouts: {implicit: 0, pageLoad: 300000, script: 30000}, unhandledPromptBehavior: dismiss and notify, webauthn:extension:credBlob: true, webauthn:extension:largeBlob: true, webauthn:virtualAuthenticators: true}
Session ID: 7869586a1347b4a72c162d690ac943ce.

2022-01-16 12:19:42 - [MESSAGE][ERROR] - [SELF-HEALING] Cannot save screenshot to: E:\MoodleTestByKatalon\Reports\Self-healing, reason: unknown error: unhandled inspector error: {"code":-32000,"message":"Cannot take screenshot with 0 width."}
  (Session info: MicrosoftEdge=97.0.1072.62)
Build info: version: '3.141.59', revision: 'e82be7d358', time: '2018-11-14T08:25:53'
System info: host: 'LAPTOP-O4I5TINJ', ip: '192.168.11.1', os.name: 'Windows 10', os.arch: 'amd64', os.version: '10.0', java.version: '1.8.0_282'
Driver info: com.kms.katalon.selenium.driver.CEdgeDriver
Capabilities {acceptInsecureCerts: false, browserName: msedge, browserVersion: 97.0.1072.62, javascriptEnabled: true, ms:edgeOptions: {debuggerAddress: localhost:54288}, msedge: {msedgedriverVersion: 97.0.1072.55 (ce3bf33648805..., userDataDir: C:\Users\ASUS\AppData\Local...}, networkConnectionEnabled: false, pageLoadStrategy: normal, platform: WINDOWS, platformName: WINDOWS, proxy: Proxy(), setWindowRect: true, strictFileInteractability: false, timeouts: {implicit: 0, pageLoad: 300000, script: 30000}, unhandledPromptBehavior: dismiss and notify, webauthn:extension:credBlob: true, webauthn:extension:largeBlob: true, webauthn:virtualAuthenticators: true}
Session ID: 7869586a1347b4a72c162d690ac943ce.

2022-01-16 12:19:42 - [MESSAGE][WARNING] - [SELF-HEALING] 'other' is different type of Path

2022-01-16 12:19:43 - [MESSAGE][INFO] - Unable to find the element located by 'By.xpath: //*[@id = 'id_error_idnumber' and (text() = '
            ID number is already used for another category
        ' or . = '
            ID number is already used for another category
        ')]'. Please recheck the objects properties to make sure the desired element is located. 

2022-01-16 12:19:44 - [MESSAGE][INFO] - Unable to find the element located by 'By.cssSelector: #id_error_idnumber'. Please recheck the objects properties to make sure the desired element is located. 

2022-01-16 12:19:44 - [MESSAGE][FAILED] - com.kms.katalon.core.webui.exception.WebElementNotFoundException: Web element with id: 'Object Repository/NewCategory/Page_SiteTesting Add new category/div_ID number is already used for another category' located by '//div[@id='id_error_idnumber']' not found (Root cause: com.kms.katalon.core.exception.StepFailedException: com.kms.katalon.core.webui.exception.WebElementNotFoundException: Web element with id: 'Object Repository/NewCategory/Page_SiteTesting Add new category/div_ID number is already used for another category' located by '//div[@id='id_error_idnumber']' not found
	at com.kms.katalon.core.webui.keyword.internal.WebUIKeywordMain.stepFailed(WebUIKeywordMain.groovy:64)
	at com.kms.katalon.core.webui.keyword.builtin.VerifyElementTextKeyword$_verifyElementText_closure1.doCall(VerifyElementTextKeyword.groovy:64)
	at com.kms.katalon.core.webui.keyword.builtin.VerifyElementTextKeyword$_verifyElementText_closure1.call(VerifyElementTextKeyword.groovy)
	at com.kms.katalon.core.webui.keyword.internal.WebUIKeywordMain.runKeyword(WebUIKeywordMain.groovy:20)
	at com.kms.katalon.core.webui.keyword.builtin.VerifyElementTextKeyword.verifyElementText(VerifyElementTextKeyword.groovy:72)
	at com.kms.katalon.core.webui.keyword.builtin.VerifyElementTextKeyword.execute(VerifyElementTextKeyword.groovy:40)
	at com.kms.katalon.core.keyword.internal.KeywordExecutor.executeKeywordForPlatform(KeywordExecutor.groovy:74)
	at com.kms.katalon.core.webui.keyword.WebUiBuiltInKeywords.verifyElementText(WebUiBuiltInKeywords.groovy:4749)
	at com.kms.katalon.core.webui.keyword.WebUiBuiltInKeywords$verifyElementText$4.call(Unknown Source)
	at 3. Duplicate ID.run(3. Duplicate ID:48)
	at com.kms.katalon.core.main.ScriptEngine.run(ScriptEngine.java:194)
	at com.kms.katalon.core.main.ScriptEngine.runScriptAsRawText(ScriptEngine.java:119)
	at com.kms.katalon.core.main.TestCaseExecutor.runScript(TestCaseExecutor.java:442)
	at com.kms.katalon.core.main.TestCaseExecutor.doExecute(TestCaseExecutor.java:433)
	at com.kms.katalon.core.main.TestCaseExecutor.processExecutionPhase(TestCaseExecutor.java:412)
	at com.kms.katalon.core.main.TestCaseExecutor.accessMainPhase(TestCaseExecutor.java:404)
	at com.kms.katalon.core.main.TestCaseExecutor.execute(TestCaseExecutor.java:281)
	at com.kms.katalon.core.main.TestSuiteExecutor.accessTestCaseMainPhase(TestSuiteExecutor.java:202)
	at com.kms.katalon.core.main.TestSuiteExecutor.accessTestSuiteMainPhase(TestSuiteExecutor.java:164)
	at com.kms.katalon.core.main.TestSuiteExecutor.execute(TestSuiteExecutor.java:105)
	at com.kms.katalon.core.main.TestCaseMain.startTestSuite(TestCaseMain.java:181)
	at com.kms.katalon.core.main.TestCaseMain$startTestSuite$0.call(Unknown Source)
	at TempTestSuite1642307295030.run(TempTestSuite1642307295030.groovy:36)
)
[[ATTACHMENT|E:\\MoodleTestByKatalon\\Reports\\20220116_112815\\Run all test cases\\20220116_112815\\1642310384631.png]]

2022-01-16 12:19:44 - [MESSAGE][FAILED] - Verify element text of test object 'Object Repository/NewCategory/Page_SiteTesting Add new category/div_ID number is already used for another category' FAILED. (Root cause: com.kms.katalon.core.exception.StepFailedException: Verify element text of test object 'Object Repository/NewCategory/Page_SiteTesting Add new category/div_ID number is already used for another category' FAILED.
	at com.kms.katalon.core.webui.keyword.internal.WebUIKeywordMain.stepFailed(WebUIKeywordMain.groovy:64)
	at com.kms.katalon.core.webui.keyword.internal.WebUIKeywordMain.runKeyword(WebUIKeywordMain.groovy:26)
	at com.kms.katalon.core.webui.keyword.builtin.VerifyElementTextKeyword.verifyElementText(VerifyElementTextKeyword.groovy:72)
	at com.kms.katalon.core.webui.keyword.builtin.VerifyElementTextKeyword.execute(VerifyElementTextKeyword.groovy:40)
	at com.kms.katalon.core.keyword.internal.KeywordExecutor.executeKeywordForPlatform(KeywordExecutor.groovy:74)
	at com.kms.katalon.core.webui.keyword.WebUiBuiltInKeywords.verifyElementText(WebUiBuiltInKeywords.groovy:4749)
	at com.kms.katalon.core.webui.keyword.WebUiBuiltInKeywords$verifyElementText$4.call(Unknown Source)
	at 3. Duplicate ID.run(3. Duplicate ID:48)
	at com.kms.katalon.core.main.ScriptEngine.run(ScriptEngine.java:194)
	at com.kms.katalon.core.main.ScriptEngine.runScriptAsRawText(ScriptEngine.java:119)
	at com.kms.katalon.core.main.TestCaseExecutor.runScript(TestCaseExecutor.java:442)
	at com.kms.katalon.core.main.TestCaseExecutor.doExecute(TestCaseExecutor.java:433)
	at com.kms.katalon.core.main.TestCaseExecutor.processExecutionPhase(TestCaseExecutor.java:412)
	at com.kms.katalon.core.main.TestCaseExecutor.accessMainPhase(TestCaseExecutor.java:404)
	at com.kms.katalon.core.main.TestCaseExecutor.execute(TestCaseExecutor.java:281)
	at com.kms.katalon.core.main.TestSuiteExecutor.accessTestCaseMainPhase(TestSuiteExecutor.java:202)
	at com.kms.katalon.core.main.TestSuiteExecutor.accessTestSuiteMainPhase(TestSuiteExecutor.java:164)
	at com.kms.katalon.core.main.TestSuiteExecutor.execute(TestSuiteExecutor.java:105)
	at com.kms.katalon.core.main.TestCaseMain.startTestSuite(TestCaseMain.java:181)
	at com.kms.katalon.core.main.TestCaseMain$startTestSuite$0.call(Unknown Source)
	at TempTestSuite1642307295030.run(TempTestSuite1642307295030.groovy:36)
Caused by: com.kms.katalon.core.exception.StepFailedException: com.kms.katalon.core.webui.exception.WebElementNotFoundException: Web element with id: 'Object Repository/NewCategory/Page_SiteTesting Add new category/div_ID number is already used for another category' located by '//div[@id='id_error_idnumber']' not found
	at com.kms.katalon.core.webui.keyword.internal.WebUIKeywordMain.stepFailed(WebUIKeywordMain.groovy:64)
	at com.kms.katalon.core.webui.keyword.builtin.VerifyElementTextKeyword$_verifyElementText_closure1.doCall(VerifyElementTextKeyword.groovy:64)
	at com.kms.katalon.core.webui.keyword.builtin.VerifyElementTextKeyword$_verifyElementText_closure1.call(VerifyElementTextKeyword.groovy)
	at com.kms.katalon.core.webui.keyword.internal.WebUIKeywordMain.runKeyword(WebUIKeywordMain.groovy:20)
	... 19 more
)
[[ATTACHMENT|E:\\MoodleTestByKatalon\\Reports\\20220116_112815\\Run all test cases\\20220116_112815\\1642310384744.png]]]]></system-out>
         <system-err><![CDATA[2022-01-16 12:17:52 - [TEST_CASE][FAILED] - Test Cases/NewCategory/3. Duplicate ID: Test Cases/NewCategory/3. Duplicate ID FAILED.
Reason:
com.kms.katalon.core.exception.StepFailedException: Verify element text of test object 'Object Repository/NewCategory/Page_SiteTesting Add new category/div_ID number is already used for another category' FAILED.
	at com.kms.katalon.core.webui.keyword.internal.WebUIKeywordMain.stepFailed(WebUIKeywordMain.groovy:64)
	at com.kms.katalon.core.webui.keyword.internal.WebUIKeywordMain.runKeyword(WebUIKeywordMain.groovy:26)
	at com.kms.katalon.core.webui.keyword.builtin.VerifyElementTextKeyword.verifyElementText(VerifyElementTextKeyword.groovy:72)
	at com.kms.katalon.core.webui.keyword.builtin.VerifyElementTextKeyword.execute(VerifyElementTextKeyword.groovy:40)
	at com.kms.katalon.core.keyword.internal.KeywordExecutor.executeKeywordForPlatform(KeywordExecutor.groovy:74)
	at com.kms.katalon.core.webui.keyword.WebUiBuiltInKeywords.verifyElementText(WebUiBuiltInKeywords.groovy:4749)
	at com.kms.katalon.core.webui.keyword.WebUiBuiltInKeywords$verifyElementText$4.call(Unknown Source)
	at 3. Duplicate ID.run(3. Duplicate ID:48)
	at com.kms.katalon.core.main.ScriptEngine.run(ScriptEngine.java:194)
	at com.kms.katalon.core.main.ScriptEngine.runScriptAsRawText(ScriptEngine.java:119)
	at com.kms.katalon.core.main.TestCaseExecutor.runScript(TestCaseExecutor.java:442)
	at com.kms.katalon.core.main.TestCaseExecutor.doExecute(TestCaseExecutor.java:433)
	at com.kms.katalon.core.main.TestCaseExecutor.processExecutionPhase(TestCaseExecutor.java:412)
	at com.kms.katalon.core.main.TestCaseExecutor.accessMainPhase(TestCaseExecutor.java:404)
	at com.kms.katalon.core.main.TestCaseExecutor.execute(TestCaseExecutor.java:281)
	at com.kms.katalon.core.main.TestSuiteExecutor.accessTestCaseMainPhase(TestSuiteExecutor.java:202)
	at com.kms.katalon.core.main.TestSuiteExecutor.accessTestSuiteMainPhase(TestSuiteExecutor.java:164)
	at com.kms.katalon.core.main.TestSuiteExecutor.execute(TestSuiteExecutor.java:105)
	at com.kms.katalon.core.main.TestCaseMain.startTestSuite(TestCaseMain.java:181)
	at com.kms.katalon.core.main.TestCaseMain$startTestSuite$0.call(Unknown Source)
	at TempTestSuite1642307295030.run(TempTestSuite1642307295030.groovy:36)
Caused by: com.kms.katalon.core.exception.StepFailedException: com.kms.katalon.core.webui.exception.WebElementNotFoundException: Web element with id: 'Object Repository/NewCategory/Page_SiteTesting Add new category/div_ID number is already used for another category' located by '//div[@id='id_error_idnumber']' not found
	at com.kms.katalon.core.webui.keyword.internal.WebUIKeywordMain.stepFailed(WebUIKeywordMain.groovy:64)
	at com.kms.katalon.core.webui.keyword.builtin.VerifyElementTextKeyword$_verifyElementText_closure1.doCall(VerifyElementTextKeyword.groovy:64)
	at com.kms.katalon.core.webui.keyword.builtin.VerifyElementTextKeyword$_verifyElementText_closure1.call(VerifyElementTextKeyword.groovy)
	at com.kms.katalon.core.webui.keyword.internal.WebUIKeywordMain.runKeyword(WebUIKeywordMain.groovy:20)
	... 19 more]]></system-err>
      </testcase>
      <testcase name="Test Cases/NewCourse/1. Create new course without enter any input field" time="14.468" classname="Test Cases/NewCourse/1. Create new course without enter any input field" status="PASSED">
         <system-out><![CDATA[2022-01-16 12:19:44 - [TEST_CASE][PASSED] - Test Cases/NewCourse/1. Create new course without enter any input field: Test Cases/NewCourse/1. Create new course without enter any input field

2022-01-16 12:19:45 - [TEST_STEP][PASSED] - openBrowser(""): Browser is opened with url: ''

2022-01-16 12:19:45 - [MESSAGE][WARNING] - A browser is already opened. Closing browser and opening a new one

2022-01-16 12:19:46 - [MESSAGE][INFO] - Starting 'Edge Chromium' driver

2022-01-16 12:19:48 - [MESSAGE][INFO] - Action delay is set to 0 milliseconds

2022-01-16 12:19:49 - [MESSAGE][PASSED] - Browser is opened with url: ''

2022-01-16 12:19:49 - [TEST_STEP][PASSED] - navigateToUrl("http://localhost/"): Navigate to 'http://localhost/' successfully

2022-01-16 12:19:49 - [MESSAGE][PASSED] - Navigate to 'http://localhost/' successfully

2022-01-16 12:19:49 - [TEST_STEP][PASSED] - click(findTestObject("NewCourse/Page_Automation Testing Site/a_Log in")): Object: 'Object Repository/NewCourse/Page_Automation Testing Site/a_Log in' is clicked on

2022-01-16 12:19:50 - [MESSAGE][PASSED] - Object: 'Object Repository/NewCourse/Page_Automation Testing Site/a_Log in' is clicked on

2022-01-16 12:19:50 - [TEST_STEP][PASSED] - setText(findTestObject("NewCourse/Page_Automation Testing Site Log in to the site/input_Username_username"), "admin"): Text 'admin' is set on object 'Object Repository/NewCourse/Page_Automation Testing Site Log in to the site/input_Username_username'

2022-01-16 12:19:51 - [MESSAGE][PASSED] - Text 'admin' is set on object 'Object Repository/NewCourse/Page_Automation Testing Site Log in to the site/input_Username_username'

2022-01-16 12:19:51 - [TEST_STEP][PASSED] - setEncryptedText(findTestObject("NewCourse/Page_Automation Testing Site Log in to the site/input_Password_password"), "cnpXG5HhkrZpEXzNIGBMZQ=="): Text ****** has been set on object 'Object Repository/NewCourse/Page_Automation Testing Site Log in to the site/input_Password_password'

2022-01-16 12:19:51 - [MESSAGE][PASSED] - Text ****** has been set on object 'Object Repository/NewCourse/Page_Automation Testing Site Log in to the site/input_Password_password'

2022-01-16 12:19:51 - [TEST_STEP][PASSED] - click(findTestObject("NewCourse/Page_Automation Testing Site Log in to the site/button_Log in")): Object: 'Object Repository/NewCourse/Page_Automation Testing Site Log in to the site/button_Log in' is clicked on

2022-01-16 12:19:52 - [MESSAGE][PASSED] - Object: 'Object Repository/NewCourse/Page_Automation Testing Site Log in to the site/button_Log in' is clicked on

2022-01-16 12:19:52 - [TEST_STEP][PASSED] - click(findTestObject("NewCourse/Page_Dashboard/span_Site administration")): Object: 'Object Repository/NewCourse/Page_Dashboard/span_Site administration' is clicked on

2022-01-16 12:19:54 - [MESSAGE][PASSED] - Object: 'Object Repository/NewCourse/Page_Dashboard/span_Site administration' is clicked on

2022-01-16 12:19:54 - [TEST_STEP][PASSED] - click(findTestObject("NewCourse/Page_SiteTesting Administration Search/a_Courses")): Object: 'Object Repository/NewCourse/Page_SiteTesting Administration Search/a_Courses' is clicked on

2022-01-16 12:19:55 - [MESSAGE][PASSED] - Object: 'Object Repository/NewCourse/Page_SiteTesting Administration Search/a_Courses' is clicked on

2022-01-16 12:19:55 - [TEST_STEP][PASSED] - click(findTestObject("NewCourse/Page_SiteTesting Administration Search/a_Add a new course")): Object: 'Object Repository/NewCourse/Page_SiteTesting Administration Search/a_Add a new course' is clicked on

2022-01-16 12:19:56 - [MESSAGE][PASSED] - Object: 'Object Repository/NewCourse/Page_SiteTesting Administration Search/a_Add a new course' is clicked on

2022-01-16 12:19:56 - [TEST_STEP][PASSED] - click(findTestObject("NewCourse/Page_SiteTesting Add a new course/input__saveanddisplay")): Object: 'Object Repository/NewCourse/Page_SiteTesting Add a new course/input__saveanddisplay' is clicked on

2022-01-16 12:19:57 - [MESSAGE][PASSED] - Object: 'Object Repository/NewCourse/Page_SiteTesting Add a new course/input__saveanddisplay' is clicked on

2022-01-16 12:19:57 - [TEST_STEP][PASSED] - verifyElementText(findTestObject("NewCourse/Page_SiteTesting Add a new course/div_- Missing full name"), "- Missing full name"): Actual text and expected text of test object 'Object Repository/NewCourse/Page_SiteTesting Add a new course/div_- Missing full name' are matched.

2022-01-16 12:19:58 - [MESSAGE][PASSED] - Actual text and expected text of test object 'Object Repository/NewCourse/Page_SiteTesting Add a new course/div_- Missing full name' are matched.

2022-01-16 12:19:58 - [TEST_STEP][PASSED] - closeBrowser(STOP_ON_FAILURE): Browser is closed

2022-01-16 12:19:59 - [MESSAGE][PASSED] - Browser is closed]]></system-out>
         <system-err><![CDATA[]]></system-err>
      </testcase>
      <testcase name="Test Cases/NewCourse/2. NewCourseWithCorrectData" time="18.843" classname="Test Cases/NewCourse/2. NewCourseWithCorrectData" status="PASSED">
         <system-out><![CDATA[2022-01-16 12:19:59 - [TEST_CASE][PASSED] - Test Cases/NewCourse/2. NewCourseWithCorrectData: Test Cases/NewCourse/2. NewCourseWithCorrectData

2022-01-16 12:19:59 - [TEST_STEP][PASSED] - openBrowser(""): Browser is opened with url: ''

2022-01-16 12:19:59 - [MESSAGE][INFO] - Starting 'Edge Chromium' driver

2022-01-16 12:20:01 - [MESSAGE][INFO] - Action delay is set to 0 milliseconds

2022-01-16 12:20:02 - [MESSAGE][PASSED] - Browser is opened with url: ''

2022-01-16 12:20:02 - [TEST_STEP][PASSED] - navigateToUrl("http://localhost/"): Navigate to 'http://localhost/' successfully

2022-01-16 12:20:03 - [MESSAGE][PASSED] - Navigate to 'http://localhost/' successfully

2022-01-16 12:20:03 - [TEST_STEP][PASSED] - click(findTestObject("NewCourse/Page_Automation Testing Site (1)/div_You are not logged in. (Log in)")): Object: 'Object Repository/NewCourse/Page_Automation Testing Site (1)/div_You are not logged in. (Log in)' is clicked on

2022-01-16 12:20:03 - [MESSAGE][PASSED] - Object: 'Object Repository/NewCourse/Page_Automation Testing Site (1)/div_You are not logged in. (Log in)' is clicked on

2022-01-16 12:20:03 - [TEST_STEP][PASSED] - click(findTestObject("NewCourse/Page_Automation Testing Site (1)/a_Log in")): Object: 'Object Repository/NewCourse/Page_Automation Testing Site (1)/a_Log in' is clicked on

2022-01-16 12:20:04 - [MESSAGE][PASSED] - Object: 'Object Repository/NewCourse/Page_Automation Testing Site (1)/a_Log in' is clicked on

2022-01-16 12:20:04 - [TEST_STEP][PASSED] - setText(findTestObject("NewCourse/Page_Automation Testing Site Log in to the site (1)/input_Username_username"), "admin"): Text 'admin' is set on object 'Object Repository/NewCourse/Page_Automation Testing Site Log in to the site (1)/input_Username_username'

2022-01-16 12:20:05 - [MESSAGE][PASSED] - Text 'admin' is set on object 'Object Repository/NewCourse/Page_Automation Testing Site Log in to the site (1)/input_Username_username'

2022-01-16 12:20:05 - [TEST_STEP][PASSED] - setEncryptedText(findTestObject("NewCourse/Page_Automation Testing Site Log in to the site (1)/input_Password_password"), "cnpXG5HhkrZpEXzNIGBMZQ=="): Text ****** has been set on object 'Object Repository/NewCourse/Page_Automation Testing Site Log in to the site (1)/input_Password_password'

2022-01-16 12:20:05 - [MESSAGE][PASSED] - Text ****** has been set on object 'Object Repository/NewCourse/Page_Automation Testing Site Log in to the site (1)/input_Password_password'

2022-01-16 12:20:05 - [TEST_STEP][PASSED] - click(findTestObject("NewCourse/Page_Automation Testing Site Log in to the site (1)/button_Log in")): Object: 'Object Repository/NewCourse/Page_Automation Testing Site Log in to the site (1)/button_Log in' is clicked on

2022-01-16 12:20:06 - [MESSAGE][PASSED] - Object: 'Object Repository/NewCourse/Page_Automation Testing Site Log in to the site (1)/button_Log in' is clicked on

2022-01-16 12:20:06 - [TEST_STEP][PASSED] - click(findTestObject("NewCourse/Page_Dashboard (1)/span_Site administration")): Object: 'Object Repository/NewCourse/Page_Dashboard (1)/span_Site administration' is clicked on

2022-01-16 12:20:08 - [MESSAGE][PASSED] - Object: 'Object Repository/NewCourse/Page_Dashboard (1)/span_Site administration' is clicked on

2022-01-16 12:20:08 - [TEST_STEP][PASSED] - click(findTestObject("NewCourse/Page_SiteTesting Administration Search (1)/a_Courses")): Object: 'Object Repository/NewCourse/Page_SiteTesting Administration Search (1)/a_Courses' is clicked on

2022-01-16 12:20:09 - [MESSAGE][PASSED] - Object: 'Object Repository/NewCourse/Page_SiteTesting Administration Search (1)/a_Courses' is clicked on

2022-01-16 12:20:09 - [TEST_STEP][PASSED] - click(findTestObject("NewCourse/Page_SiteTesting Administration Search (1)/a_Add a new course")): Object: 'Object Repository/NewCourse/Page_SiteTesting Administration Search (1)/a_Add a new course' is clicked on

2022-01-16 12:20:11 - [MESSAGE][PASSED] - Object: 'Object Repository/NewCourse/Page_SiteTesting Administration Search (1)/a_Add a new course' is clicked on

2022-01-16 12:20:11 - [TEST_STEP][PASSED] - setText(findTestObject("NewCourse/Page_SiteTesting Add a new course (1)/input_Course full name_fullname"), "Init Course"): Text 'Init Course' is set on object 'Object Repository/NewCourse/Page_SiteTesting Add a new course (1)/input_Course full name_fullname'

2022-01-16 12:20:12 - [MESSAGE][PASSED] - Text 'Init Course' is set on object 'Object Repository/NewCourse/Page_SiteTesting Add a new course (1)/input_Course full name_fullname'

2022-01-16 12:20:12 - [TEST_STEP][PASSED] - setText(findTestObject("NewCourse/Page_SiteTesting Add a new course (1)/input_Course short name_shortname"), "test"): Text 'test' is set on object 'Object Repository/NewCourse/Page_SiteTesting Add a new course (1)/input_Course short name_shortname'

2022-01-16 12:20:13 - [MESSAGE][PASSED] - Text 'test' is set on object 'Object Repository/NewCourse/Page_SiteTesting Add a new course (1)/input_Course short name_shortname'

2022-01-16 12:20:13 - [TEST_STEP][PASSED] - setText(findTestObject("Object Repository/NewCourse/Page_SiteTesting Add a new course/input_Course ID number_idnumber"), "123"): Text '123' is set on object 'Object Repository/NewCourse/Page_SiteTesting Add a new course/input_Course ID number_idnumber'

2022-01-16 12:20:14 - [MESSAGE][PASSED] - Text '123' is set on object 'Object Repository/NewCourse/Page_SiteTesting Add a new course/input_Course ID number_idnumber'

2022-01-16 12:20:14 - [TEST_STEP][PASSED] - click(findTestObject("NewCourse/Page_SiteTesting Add a new course (1)/input__saveanddisplay")): Object: 'Object Repository/NewCourse/Page_SiteTesting Add a new course (1)/input__saveanddisplay' is clicked on

2022-01-16 12:20:16 - [MESSAGE][PASSED] - Object: 'Object Repository/NewCourse/Page_SiteTesting Add a new course (1)/input__saveanddisplay' is clicked on

2022-01-16 12:20:16 - [TEST_STEP][PASSED] - verifyTextPresent("Init Course", false): Text 'Init Course' is present on page 

2022-01-16 12:20:17 - [MESSAGE][PASSED] - Text 'Init Course' is present on page 

2022-01-16 12:20:17 - [TEST_STEP][PASSED] - closeBrowser(STOP_ON_FAILURE): Browser is closed

2022-01-16 12:20:18 - [MESSAGE][PASSED] - Browser is closed]]></system-out>
         <system-err><![CDATA[]]></system-err>
      </testcase>
      <testcase name="Test Cases/NewCourse/3. Duplicate Short Name" time="20.238" classname="Test Cases/NewCourse/3. Duplicate Short Name" status="PASSED">
         <system-out><![CDATA[2022-01-16 12:20:18 - [TEST_CASE][PASSED] - Test Cases/NewCourse/3. Duplicate Short Name: Test Cases/NewCourse/3. Duplicate Short Name

2022-01-16 12:20:18 - [TEST_STEP][PASSED] - openBrowser(""): Browser is opened with url: ''

2022-01-16 12:20:18 - [MESSAGE][INFO] - Starting 'Edge Chromium' driver

2022-01-16 12:20:20 - [MESSAGE][INFO] - Action delay is set to 0 milliseconds

2022-01-16 12:20:21 - [MESSAGE][PASSED] - Browser is opened with url: ''

2022-01-16 12:20:21 - [TEST_STEP][PASSED] - navigateToUrl("http://localhost/"): Navigate to 'http://localhost/' successfully

2022-01-16 12:20:22 - [MESSAGE][PASSED] - Navigate to 'http://localhost/' successfully

2022-01-16 12:20:22 - [TEST_STEP][PASSED] - click(findTestObject("Object Repository/NewCourse/Page_Automation Testing Site/a_Log in")): Object: 'Object Repository/NewCourse/Page_Automation Testing Site/a_Log in' is clicked on

2022-01-16 12:20:23 - [MESSAGE][PASSED] - Object: 'Object Repository/NewCourse/Page_Automation Testing Site/a_Log in' is clicked on

2022-01-16 12:20:23 - [TEST_STEP][PASSED] - setText(findTestObject("Object Repository/NewCourse/Page_Automation Testing Site Log in to the site/input_Username_username"), "admin"): Text 'admin' is set on object 'Object Repository/NewCourse/Page_Automation Testing Site Log in to the site/input_Username_username'

2022-01-16 12:20:24 - [MESSAGE][PASSED] - Text 'admin' is set on object 'Object Repository/NewCourse/Page_Automation Testing Site Log in to the site/input_Username_username'

2022-01-16 12:20:24 - [TEST_STEP][PASSED] - setEncryptedText(findTestObject("Object Repository/NewCourse/Page_Automation Testing Site Log in to the site/input_Password_password"), "cnpXG5HhkrZpEXzNIGBMZQ=="): Text ****** has been set on object 'Object Repository/NewCourse/Page_Automation Testing Site Log in to the site/input_Password_password'

2022-01-16 12:20:24 - [MESSAGE][PASSED] - Text ****** has been set on object 'Object Repository/NewCourse/Page_Automation Testing Site Log in to the site/input_Password_password'

2022-01-16 12:20:24 - [TEST_STEP][PASSED] - click(findTestObject("Object Repository/NewCourse/Page_Automation Testing Site Log in to the site/button_Log in")): Object: 'Object Repository/NewCourse/Page_Automation Testing Site Log in to the site/button_Log in' is clicked on

2022-01-16 12:20:26 - [MESSAGE][PASSED] - Object: 'Object Repository/NewCourse/Page_Automation Testing Site Log in to the site/button_Log in' is clicked on

2022-01-16 12:20:26 - [TEST_STEP][PASSED] - click(findTestObject("Object Repository/NewCourse/Page_Dashboard/span_Site administration")): Object: 'Object Repository/NewCourse/Page_Dashboard/span_Site administration' is clicked on

2022-01-16 12:20:29 - [MESSAGE][PASSED] - Object: 'Object Repository/NewCourse/Page_Dashboard/span_Site administration' is clicked on

2022-01-16 12:20:29 - [TEST_STEP][PASSED] - click(findTestObject("Object Repository/NewCourse/Page_SiteTesting Administration Search/a_Courses")): Object: 'Object Repository/NewCourse/Page_SiteTesting Administration Search/a_Courses' is clicked on

2022-01-16 12:20:29 - [MESSAGE][PASSED] - Object: 'Object Repository/NewCourse/Page_SiteTesting Administration Search/a_Courses' is clicked on

2022-01-16 12:20:29 - [TEST_STEP][PASSED] - click(findTestObject("Object Repository/NewCourse/Page_SiteTesting Administration Search/a_Add a new course")): Object: 'Object Repository/NewCourse/Page_SiteTesting Administration Search/a_Add a new course' is clicked on

2022-01-16 12:20:31 - [MESSAGE][PASSED] - Object: 'Object Repository/NewCourse/Page_SiteTesting Administration Search/a_Add a new course' is clicked on

2022-01-16 12:20:31 - [TEST_STEP][PASSED] - setText(findTestObject("Object Repository/NewCourse/Page_SiteTesting Add a new course/input_Course full name_fullname"), "Test2"): Text 'Test2' is set on object 'Object Repository/NewCourse/Page_SiteTesting Add a new course/input_Course full name_fullname'

2022-01-16 12:20:33 - [MESSAGE][PASSED] - Text 'Test2' is set on object 'Object Repository/NewCourse/Page_SiteTesting Add a new course/input_Course full name_fullname'

2022-01-16 12:20:33 - [TEST_STEP][PASSED] - setText(findTestObject("Object Repository/NewCourse/Page_SiteTesting Add a new course/input_Course short name_shortname"), "test"): Text 'test' is set on object 'Object Repository/NewCourse/Page_SiteTesting Add a new course/input_Course short name_shortname'

2022-01-16 12:20:33 - [MESSAGE][PASSED] - Text 'test' is set on object 'Object Repository/NewCourse/Page_SiteTesting Add a new course/input_Course short name_shortname'

2022-01-16 12:20:33 - [TEST_STEP][PASSED] - click(findTestObject("Object Repository/NewCourse/Page_SiteTesting Add a new course/input__saveanddisplay")): Object: 'Object Repository/NewCourse/Page_SiteTesting Add a new course/input__saveanddisplay' is clicked on

2022-01-16 12:20:36 - [MESSAGE][PASSED] - Object: 'Object Repository/NewCourse/Page_SiteTesting Add a new course/input__saveanddisplay' is clicked on

2022-01-16 12:20:36 - [TEST_STEP][PASSED] - verifyElementText(findTestObject("Object Repository/NewCourse/Page_SiteTesting Add a new course/div_Short name is already used for another _823d7b"), "Short name is already used for another course (Init Course)"): Actual text and expected text of test object 'Object Repository/NewCourse/Page_SiteTesting Add a new course/div_Short name is already used for another _823d7b' are matched.

2022-01-16 12:20:37 - [MESSAGE][PASSED] - Actual text and expected text of test object 'Object Repository/NewCourse/Page_SiteTesting Add a new course/div_Short name is already used for another _823d7b' are matched.

2022-01-16 12:20:37 - [TEST_STEP][PASSED] - closeBrowser(): Browser is closed

2022-01-16 12:20:38 - [MESSAGE][PASSED] - Browser is closed]]></system-out>
         <system-err><![CDATA[]]></system-err>
      </testcase>
      <testcase name="Test Cases/NewCourse/4. Start day greater than end day" time="24.332" classname="Test Cases/NewCourse/4. Start day greater than end day" status="PASSED">
         <system-out><![CDATA[2022-01-16 12:20:38 - [TEST_CASE][PASSED] - Test Cases/NewCourse/4. Start day greater than end day: Test Cases/NewCourse/4. Start day greater than end day

2022-01-16 12:20:38 - [TEST_STEP][PASSED] - openBrowser(""): Browser is opened with url: ''

2022-01-16 12:20:38 - [MESSAGE][INFO] - Starting 'Edge Chromium' driver

2022-01-16 12:20:40 - [MESSAGE][INFO] - Action delay is set to 0 milliseconds

2022-01-16 12:20:41 - [MESSAGE][PASSED] - Browser is opened with url: ''

2022-01-16 12:20:41 - [TEST_STEP][PASSED] - navigateToUrl("http://localhost/"): Navigate to 'http://localhost/' successfully

2022-01-16 12:20:42 - [MESSAGE][PASSED] - Navigate to 'http://localhost/' successfully

2022-01-16 12:20:42 - [TEST_STEP][PASSED] - click(findTestObject("Object Repository/NewCourse/Page_Automation Testing Site/a_Log in")): Object: 'Object Repository/NewCourse/Page_Automation Testing Site/a_Log in' is clicked on

2022-01-16 12:20:43 - [MESSAGE][PASSED] - Object: 'Object Repository/NewCourse/Page_Automation Testing Site/a_Log in' is clicked on

2022-01-16 12:20:43 - [TEST_STEP][PASSED] - setText(findTestObject("Object Repository/NewCourse/Page_Automation Testing Site Log in to the site/input_Username_username"), "admin"): Text 'admin' is set on object 'Object Repository/NewCourse/Page_Automation Testing Site Log in to the site/input_Username_username'

2022-01-16 12:20:44 - [MESSAGE][PASSED] - Text 'admin' is set on object 'Object Repository/NewCourse/Page_Automation Testing Site Log in to the site/input_Username_username'

2022-01-16 12:20:44 - [TEST_STEP][PASSED] - setEncryptedText(findTestObject("Object Repository/NewCourse/Page_Automation Testing Site Log in to the site/input_Password_password"), "cnpXG5HhkrZpEXzNIGBMZQ=="): Text ****** has been set on object 'Object Repository/NewCourse/Page_Automation Testing Site Log in to the site/input_Password_password'

2022-01-16 12:20:45 - [MESSAGE][PASSED] - Text ****** has been set on object 'Object Repository/NewCourse/Page_Automation Testing Site Log in to the site/input_Password_password'

2022-01-16 12:20:45 - [TEST_STEP][PASSED] - click(findTestObject("Object Repository/NewCourse/Page_Automation Testing Site Log in to the site/button_Log in")): Object: 'Object Repository/NewCourse/Page_Automation Testing Site Log in to the site/button_Log in' is clicked on

2022-01-16 12:20:46 - [MESSAGE][PASSED] - Object: 'Object Repository/NewCourse/Page_Automation Testing Site Log in to the site/button_Log in' is clicked on

2022-01-16 12:20:46 - [TEST_STEP][PASSED] - click(findTestObject("Object Repository/NewCourse/Page_Dashboard/span_Site administration")): Object: 'Object Repository/NewCourse/Page_Dashboard/span_Site administration' is clicked on

2022-01-16 12:20:49 - [MESSAGE][PASSED] - Object: 'Object Repository/NewCourse/Page_Dashboard/span_Site administration' is clicked on

2022-01-16 12:20:49 - [TEST_STEP][PASSED] - click(findTestObject("Object Repository/NewCourse/Page_SiteTesting Administration Search/a_Courses")): Object: 'Object Repository/NewCourse/Page_SiteTesting Administration Search/a_Courses' is clicked on

2022-01-16 12:20:49 - [MESSAGE][PASSED] - Object: 'Object Repository/NewCourse/Page_SiteTesting Administration Search/a_Courses' is clicked on

2022-01-16 12:20:49 - [TEST_STEP][PASSED] - click(findTestObject("Object Repository/NewCourse/Page_SiteTesting Administration Search/a_Add a new course")): Object: 'Object Repository/NewCourse/Page_SiteTesting Administration Search/a_Add a new course' is clicked on

2022-01-16 12:20:51 - [MESSAGE][PASSED] - Object: 'Object Repository/NewCourse/Page_SiteTesting Administration Search/a_Add a new course' is clicked on

2022-01-16 12:20:51 - [TEST_STEP][PASSED] - setText(findTestObject("Object Repository/NewCourse/Page_SiteTesting Add a new course/input_Course full name_fullname"), "testtime123"): Text 'testtime123' is set on object 'Object Repository/NewCourse/Page_SiteTesting Add a new course/input_Course full name_fullname'

2022-01-16 12:20:52 - [MESSAGE][PASSED] - Text 'testtime123' is set on object 'Object Repository/NewCourse/Page_SiteTesting Add a new course/input_Course full name_fullname'

2022-01-16 12:20:52 - [TEST_STEP][PASSED] - setText(findTestObject("Object Repository/NewCourse/Page_SiteTesting Add a new course/input_Course short name_shortname"), "time"): Text 'time' is set on object 'Object Repository/NewCourse/Page_SiteTesting Add a new course/input_Course short name_shortname'

2022-01-16 12:20:53 - [MESSAGE][PASSED] - Text 'time' is set on object 'Object Repository/NewCourse/Page_SiteTesting Add a new course/input_Course short name_shortname'

2022-01-16 12:20:53 - [TEST_STEP][PASSED] - selectOptionByValue(findTestObject("Object Repository/NewCourse/Page_SiteTesting Add a new course/select_1900        1901        1902        _6405c9"), "2017", true): All options with value '2017' are selected in object 'Object Repository/NewCourse/Page_SiteTesting Add a new course/select_1900        1901        1902        _6405c9'  using regular expression

2022-01-16 12:20:59 - [MESSAGE][PASSED] - All options with value '2017' are selected in object 'Object Repository/NewCourse/Page_SiteTesting Add a new course/select_1900        1901        1902        _6405c9'  using regular expression

2022-01-16 12:20:59 - [TEST_STEP][PASSED] - click(findTestObject("Object Repository/NewCourse/Page_SiteTesting Add a new course/input_tag_test2_saveanddisplay")): Object: 'Object Repository/NewCourse/Page_SiteTesting Add a new course/input_tag_test2_saveanddisplay' is clicked on

2022-01-16 12:21:00 - [MESSAGE][PASSED] - Object: 'Object Repository/NewCourse/Page_SiteTesting Add a new course/input_tag_test2_saveanddisplay' is clicked on

2022-01-16 12:21:00 - [TEST_STEP][PASSED] - verifyElementText(findTestObject("Object Repository/NewCourse/Page_SiteTesting Add a new course/div_The course end date must be after the s_271b34"), "The course end date must be after the start date."): Actual text and expected text of test object 'Object Repository/NewCourse/Page_SiteTesting Add a new course/div_The course end date must be after the s_271b34' are matched.

2022-01-16 12:21:01 - [MESSAGE][PASSED] - Actual text and expected text of test object 'Object Repository/NewCourse/Page_SiteTesting Add a new course/div_The course end date must be after the s_271b34' are matched.

2022-01-16 12:21:01 - [TEST_STEP][PASSED] - closeBrowser(STOP_ON_FAILURE): Browser is closed

2022-01-16 12:21:02 - [MESSAGE][PASSED] - Browser is closed]]></system-out>
         <system-err><![CDATA[]]></system-err>
      </testcase>
      <testcase name="Test Cases/NewCourse/5. Duplicate ID" time="21.272" classname="Test Cases/NewCourse/5. Duplicate ID" status="PASSED">
         <system-out><![CDATA[2022-01-16 12:21:02 - [TEST_CASE][PASSED] - Test Cases/NewCourse/5. Duplicate ID: Test Cases/NewCourse/5. Duplicate ID

2022-01-16 12:21:03 - [TEST_STEP][PASSED] - openBrowser(""): Browser is opened with url: ''

2022-01-16 12:21:03 - [MESSAGE][INFO] - Starting 'Edge Chromium' driver

2022-01-16 12:21:05 - [MESSAGE][INFO] - Action delay is set to 0 milliseconds

2022-01-16 12:21:06 - [MESSAGE][PASSED] - Browser is opened with url: ''

2022-01-16 12:21:06 - [TEST_STEP][PASSED] - navigateToUrl("http://localhost/"): Navigate to 'http://localhost/' successfully

2022-01-16 12:21:07 - [MESSAGE][PASSED] - Navigate to 'http://localhost/' successfully

2022-01-16 12:21:07 - [TEST_STEP][PASSED] - click(findTestObject("Object Repository/NewCourse/Page_Automation Testing Site/a_Log in")): Object: 'Object Repository/NewCourse/Page_Automation Testing Site/a_Log in' is clicked on

2022-01-16 12:21:08 - [MESSAGE][PASSED] - Object: 'Object Repository/NewCourse/Page_Automation Testing Site/a_Log in' is clicked on

2022-01-16 12:21:08 - [TEST_STEP][PASSED] - setText(findTestObject("Object Repository/NewCourse/Page_Automation Testing Site Log in to the site/input_Username_username"), "admin"): Text 'admin' is set on object 'Object Repository/NewCourse/Page_Automation Testing Site Log in to the site/input_Username_username'

2022-01-16 12:21:09 - [MESSAGE][PASSED] - Text 'admin' is set on object 'Object Repository/NewCourse/Page_Automation Testing Site Log in to the site/input_Username_username'

2022-01-16 12:21:09 - [TEST_STEP][PASSED] - setEncryptedText(findTestObject("Object Repository/NewCourse/Page_Automation Testing Site Log in to the site/input_Password_password"), "cnpXG5HhkrZpEXzNIGBMZQ=="): Text ****** has been set on object 'Object Repository/NewCourse/Page_Automation Testing Site Log in to the site/input_Password_password'

2022-01-16 12:21:09 - [MESSAGE][PASSED] - Text ****** has been set on object 'Object Repository/NewCourse/Page_Automation Testing Site Log in to the site/input_Password_password'

2022-01-16 12:21:09 - [TEST_STEP][PASSED] - click(findTestObject("Object Repository/NewCourse/Page_Automation Testing Site Log in to the site/button_Log in")): Object: 'Object Repository/NewCourse/Page_Automation Testing Site Log in to the site/button_Log in' is clicked on

2022-01-16 12:21:11 - [MESSAGE][PASSED] - Object: 'Object Repository/NewCourse/Page_Automation Testing Site Log in to the site/button_Log in' is clicked on

2022-01-16 12:21:11 - [TEST_STEP][PASSED] - click(findTestObject("Object Repository/NewCourse/Page_Dashboard/span_Site administration")): Object: 'Object Repository/NewCourse/Page_Dashboard/span_Site administration' is clicked on

2022-01-16 12:21:13 - [MESSAGE][PASSED] - Object: 'Object Repository/NewCourse/Page_Dashboard/span_Site administration' is clicked on

2022-01-16 12:21:13 - [TEST_STEP][PASSED] - click(findTestObject("Object Repository/NewCourse/Page_SiteTesting Administration Search/a_Courses")): Object: 'Object Repository/NewCourse/Page_SiteTesting Administration Search/a_Courses' is clicked on

2022-01-16 12:21:14 - [MESSAGE][PASSED] - Object: 'Object Repository/NewCourse/Page_SiteTesting Administration Search/a_Courses' is clicked on

2022-01-16 12:21:14 - [TEST_STEP][PASSED] - click(findTestObject("Object Repository/NewCourse/Page_SiteTesting Administration Search/a_Add a new course")): Object: 'Object Repository/NewCourse/Page_SiteTesting Administration Search/a_Add a new course' is clicked on

2022-01-16 12:21:16 - [MESSAGE][PASSED] - Object: 'Object Repository/NewCourse/Page_SiteTesting Administration Search/a_Add a new course' is clicked on

2022-01-16 12:21:16 - [TEST_STEP][PASSED] - setText(findTestObject("Object Repository/NewCourse/Page_SiteTesting Add a new course/input_Course full name_fullname"), "testsetsetsets"): Text 'testsetsetsets' is set on object 'Object Repository/NewCourse/Page_SiteTesting Add a new course/input_Course full name_fullname'

2022-01-16 12:21:17 - [MESSAGE][PASSED] - Text 'testsetsetsets' is set on object 'Object Repository/NewCourse/Page_SiteTesting Add a new course/input_Course full name_fullname'

2022-01-16 12:21:17 - [TEST_STEP][PASSED] - setText(findTestObject("Object Repository/NewCourse/Page_SiteTesting Add a new course/input_Course short name_shortname"), "rgergrte"): Text 'rgergrte' is set on object 'Object Repository/NewCourse/Page_SiteTesting Add a new course/input_Course short name_shortname'

2022-01-16 12:21:18 - [MESSAGE][PASSED] - Text 'rgergrte' is set on object 'Object Repository/NewCourse/Page_SiteTesting Add a new course/input_Course short name_shortname'

2022-01-16 12:21:18 - [TEST_STEP][PASSED] - setText(findTestObject("Object Repository/NewCourse/Page_SiteTesting Add a new course/input_Course ID number_idnumber"), "123"): Text '123' is set on object 'Object Repository/NewCourse/Page_SiteTesting Add a new course/input_Course ID number_idnumber'

2022-01-16 12:21:19 - [MESSAGE][PASSED] - Text '123' is set on object 'Object Repository/NewCourse/Page_SiteTesting Add a new course/input_Course ID number_idnumber'

2022-01-16 12:21:19 - [TEST_STEP][PASSED] - click(findTestObject("Object Repository/NewCourse/Page_SiteTesting Add a new course/input_tag_test2_saveanddisplay")): Object: 'Object Repository/NewCourse/Page_SiteTesting Add a new course/input_tag_test2_saveanddisplay' is clicked on

2022-01-16 12:21:21 - [MESSAGE][PASSED] - Object: 'Object Repository/NewCourse/Page_SiteTesting Add a new course/input_tag_test2_saveanddisplay' is clicked on

2022-01-16 12:21:21 - [TEST_STEP][PASSED] - verifyTextPresent("ID number is already used for another course (Init Course)", false): Text 'ID number is already used for another course (Init Course)' is present on page 

2022-01-16 12:21:23 - [MESSAGE][PASSED] - Text 'ID number is already used for another course (Init Course)' is present on page 

2022-01-16 12:21:23 - [TEST_STEP][PASSED] - closeBrowser(STOP_ON_FAILURE): Browser is closed

2022-01-16 12:21:24 - [MESSAGE][PASSED] - Browser is closed]]></system-out>
         <system-err><![CDATA[]]></system-err>
      </testcase>
      <testcase name="Test Cases/NewTag/1. Create New Tag Success" time="20.527" classname="Test Cases/NewTag/1. Create New Tag Success" status="PASSED">
         <system-out><![CDATA[2022-01-16 12:21:24 - [TEST_CASE][PASSED] - Test Cases/NewTag/1. Create New Tag Success: Test Cases/NewTag/1. Create New Tag Success

2022-01-16 12:21:24 - [TEST_STEP][PASSED] - openBrowser(""): Browser is opened with url: ''

2022-01-16 12:21:24 - [MESSAGE][INFO] - Starting 'Edge Chromium' driver

2022-01-16 12:21:26 - [MESSAGE][INFO] - Action delay is set to 0 milliseconds

2022-01-16 12:21:27 - [MESSAGE][PASSED] - Browser is opened with url: ''

2022-01-16 12:21:27 - [TEST_STEP][PASSED] - navigateToUrl("http://localhost/"): Navigate to 'http://localhost/' successfully

2022-01-16 12:21:28 - [MESSAGE][PASSED] - Navigate to 'http://localhost/' successfully

2022-01-16 12:21:28 - [TEST_STEP][PASSED] - click(findTestObject("Object Repository/NewTag/Page_Automation Testing Site/a_Log in")): Object: 'Object Repository/NewTag/Page_Automation Testing Site/a_Log in' is clicked on

2022-01-16 12:21:29 - [MESSAGE][PASSED] - Object: 'Object Repository/NewTag/Page_Automation Testing Site/a_Log in' is clicked on

2022-01-16 12:21:29 - [TEST_STEP][PASSED] - setText(findTestObject("Object Repository/NewTag/Page_Automation Testing Site Log in to the site/input_Username_username"), "admin"): Text 'admin' is set on object 'Object Repository/NewTag/Page_Automation Testing Site Log in to the site/input_Username_username'

2022-01-16 12:21:30 - [MESSAGE][PASSED] - Text 'admin' is set on object 'Object Repository/NewTag/Page_Automation Testing Site Log in to the site/input_Username_username'

2022-01-16 12:21:30 - [TEST_STEP][PASSED] - setEncryptedText(findTestObject("Object Repository/NewTag/Page_Automation Testing Site Log in to the site/input_Password_password"), "cnpXG5HhkrZpEXzNIGBMZQ=="): Text ****** has been set on object 'Object Repository/NewTag/Page_Automation Testing Site Log in to the site/input_Password_password'

2022-01-16 12:21:30 - [MESSAGE][PASSED] - Text ****** has been set on object 'Object Repository/NewTag/Page_Automation Testing Site Log in to the site/input_Password_password'

2022-01-16 12:21:30 - [TEST_STEP][PASSED] - click(findTestObject("Object Repository/NewTag/Page_Automation Testing Site Log in to the site/button_Log in")): Object: 'Object Repository/NewTag/Page_Automation Testing Site Log in to the site/button_Log in' is clicked on

2022-01-16 12:21:32 - [MESSAGE][PASSED] - Object: 'Object Repository/NewTag/Page_Automation Testing Site Log in to the site/button_Log in' is clicked on

2022-01-16 12:21:32 - [TEST_STEP][PASSED] - click(findTestObject("Object Repository/NewTag/Page_Dashboard/span_Site administration")): Object: 'Object Repository/NewTag/Page_Dashboard/span_Site administration' is clicked on

2022-01-16 12:21:34 - [MESSAGE][PASSED] - Object: 'Object Repository/NewTag/Page_Dashboard/span_Site administration' is clicked on

2022-01-16 12:21:34 - [TEST_STEP][PASSED] - click(findTestObject("Object Repository/NewTag/Page_SiteTesting Administration Search/a_Courses")): Object: 'Object Repository/NewTag/Page_SiteTesting Administration Search/a_Courses' is clicked on

2022-01-16 12:21:35 - [MESSAGE][PASSED] - Object: 'Object Repository/NewTag/Page_SiteTesting Administration Search/a_Courses' is clicked on

2022-01-16 12:21:35 - [TEST_STEP][PASSED] - click(findTestObject("Object Repository/NewTag/Page_SiteTesting Administration Search/a_Add a new course")): Object: 'Object Repository/NewTag/Page_SiteTesting Administration Search/a_Add a new course' is clicked on

2022-01-16 12:21:36 - [MESSAGE][PASSED] - Object: 'Object Repository/NewTag/Page_SiteTesting Administration Search/a_Add a new course' is clicked on

2022-01-16 12:21:36 - [TEST_STEP][PASSED] - click(findTestObject("Object Repository/NewTag/Page_SiteTesting Add a new course/a_Tags")): Object: 'Object Repository/NewTag/Page_SiteTesting Add a new course/a_Tags' is clicked on

2022-01-16 12:21:37 - [MESSAGE][PASSED] - Object: 'Object Repository/NewTag/Page_SiteTesting Add a new course/a_Tags' is clicked on

2022-01-16 12:21:37 - [TEST_STEP][PASSED] - click(findTestObject("Object Repository/NewTag/Page_SiteTesting Add a new course/a_Manage standard tags")): Object: 'Object Repository/NewTag/Page_SiteTesting Add a new course/a_Manage standard tags' is clicked on

2022-01-16 12:21:39 - [MESSAGE][PASSED] - Object: 'Object Repository/NewTag/Page_SiteTesting Add a new course/a_Manage standard tags' is clicked on

2022-01-16 12:21:39 - [TEST_STEP][PASSED] - click(findTestObject("Object Repository/NewTag/Page_SiteTesting Administration Appearance _4a852d/a_Add standard tags")): Object: 'Object Repository/NewTag/Page_SiteTesting Administration Appearance _4a852d/a_Add standard tags' is clicked on

2022-01-16 12:21:39 - [MESSAGE][PASSED] - Object: 'Object Repository/NewTag/Page_SiteTesting Administration Appearance _4a852d/a_Add standard tags' is clicked on

2022-01-16 12:21:39 - [TEST_STEP][PASSED] - setText(findTestObject("Object Repository/NewTag/Page_SiteTesting Administration Appearance _4a852d/input_Enter comma-separated list of new tag_204365"), "Testewt"): Text 'Testewt' is set on object 'Object Repository/NewTag/Page_SiteTesting Administration Appearance _4a852d/input_Enter comma-separated list of new tag_204365'

2022-01-16 12:21:41 - [MESSAGE][PASSED] - Text 'Testewt' is set on object 'Object Repository/NewTag/Page_SiteTesting Administration Appearance _4a852d/input_Enter comma-separated list of new tag_204365'

2022-01-16 12:21:41 - [TEST_STEP][PASSED] - click(findTestObject("Object Repository/NewTag/Page_SiteTesting Administration Appearance _4a852d/button_Continue")): Object: 'Object Repository/NewTag/Page_SiteTesting Administration Appearance _4a852d/button_Continue' is clicked on

2022-01-16 12:21:42 - [MESSAGE][PASSED] - Object: 'Object Repository/NewTag/Page_SiteTesting Administration Appearance _4a852d/button_Continue' is clicked on

2022-01-16 12:21:42 - [TEST_STEP][PASSED] - rightClick(findTestObject("Object Repository/NewTag/Page_SiteTesting Administration Appearance _4a852d/section_Standard tag(s) added              _2e64ca")): Object: 'Object Repository/NewTag/Page_SiteTesting Administration Appearance _4a852d/section_Standard tag(s) added              _2e64ca' is right clicked on

2022-01-16 12:21:43 - [MESSAGE][PASSED] - Object: 'Object Repository/NewTag/Page_SiteTesting Administration Appearance _4a852d/section_Standard tag(s) added              _2e64ca' is right clicked on

2022-01-16 12:21:43 - [TEST_STEP][PASSED] - verifyElementPresent(findTestObject("Object Repository/NewTag/Page_SiteTesting Administration Appearance _4a852d/div_Standard tag(s) added"), 0): Object 'Object Repository/NewTag/Page_SiteTesting Administration Appearance _4a852d/div_Standard tag(s) added' is present

2022-01-16 12:21:43 - [MESSAGE][WARNING] - Timeout '0' is invalid. Using default page load timeout: '30'

2022-01-16 12:21:43 - [MESSAGE][PASSED] - Object 'Object Repository/NewTag/Page_SiteTesting Administration Appearance _4a852d/div_Standard tag(s) added' is present

2022-01-16 12:21:43 - [TEST_STEP][PASSED] - closeBrowser(STOP_ON_FAILURE): Browser is closed

2022-01-16 12:21:44 - [MESSAGE][PASSED] - Browser is closed]]></system-out>
         <system-err><![CDATA[]]></system-err>
      </testcase>
      <testcase name="Test Cases/NewTag/2. Create new tag with blank field" time="18.196" classname="Test Cases/NewTag/2. Create new tag with blank field" status="PASSED">
         <system-out><![CDATA[2022-01-16 12:21:44 - [TEST_CASE][PASSED] - Test Cases/NewTag/2. Create new tag with blank field: Test Cases/NewTag/2. Create new tag with blank field

2022-01-16 12:21:44 - [TEST_STEP][PASSED] - openBrowser(""): Browser is opened with url: ''

2022-01-16 12:21:44 - [MESSAGE][INFO] - Starting 'Edge Chromium' driver

2022-01-16 12:21:47 - [MESSAGE][INFO] - Action delay is set to 0 milliseconds

2022-01-16 12:21:47 - [MESSAGE][PASSED] - Browser is opened with url: ''

2022-01-16 12:21:47 - [TEST_STEP][PASSED] - navigateToUrl("http://localhost/"): Navigate to 'http://localhost/' successfully

2022-01-16 12:21:48 - [MESSAGE][PASSED] - Navigate to 'http://localhost/' successfully

2022-01-16 12:21:48 - [TEST_STEP][PASSED] - click(findTestObject("Object Repository/NewTag/Page_Automation Testing Site/a_Log in")): Object: 'Object Repository/NewTag/Page_Automation Testing Site/a_Log in' is clicked on

2022-01-16 12:21:49 - [MESSAGE][PASSED] - Object: 'Object Repository/NewTag/Page_Automation Testing Site/a_Log in' is clicked on

2022-01-16 12:21:49 - [TEST_STEP][PASSED] - setText(findTestObject("Object Repository/NewTag/Page_Automation Testing Site Log in to the site/input_Username_username"), "admin"): Text 'admin' is set on object 'Object Repository/NewTag/Page_Automation Testing Site Log in to the site/input_Username_username'

2022-01-16 12:21:50 - [MESSAGE][PASSED] - Text 'admin' is set on object 'Object Repository/NewTag/Page_Automation Testing Site Log in to the site/input_Username_username'

2022-01-16 12:21:50 - [TEST_STEP][PASSED] - setEncryptedText(findTestObject("Object Repository/NewTag/Page_Automation Testing Site Log in to the site/input_Password_password"), "cnpXG5HhkrZpEXzNIGBMZQ=="): Text ****** has been set on object 'Object Repository/NewTag/Page_Automation Testing Site Log in to the site/input_Password_password'

2022-01-16 12:21:51 - [MESSAGE][PASSED] - Text ****** has been set on object 'Object Repository/NewTag/Page_Automation Testing Site Log in to the site/input_Password_password'

2022-01-16 12:21:51 - [TEST_STEP][PASSED] - click(findTestObject("Object Repository/NewTag/Page_Automation Testing Site Log in to the site/button_Log in")): Object: 'Object Repository/NewTag/Page_Automation Testing Site Log in to the site/button_Log in' is clicked on

2022-01-16 12:21:52 - [MESSAGE][PASSED] - Object: 'Object Repository/NewTag/Page_Automation Testing Site Log in to the site/button_Log in' is clicked on

2022-01-16 12:21:52 - [TEST_STEP][PASSED] - click(findTestObject("Object Repository/NewTag/Page_Dashboard/span_Site administration")): Object: 'Object Repository/NewTag/Page_Dashboard/span_Site administration' is clicked on

2022-01-16 12:21:54 - [MESSAGE][PASSED] - Object: 'Object Repository/NewTag/Page_Dashboard/span_Site administration' is clicked on

2022-01-16 12:21:54 - [TEST_STEP][PASSED] - click(findTestObject("Object Repository/NewTag/Page_SiteTesting Administration Search/a_Courses")): Object: 'Object Repository/NewTag/Page_SiteTesting Administration Search/a_Courses' is clicked on

2022-01-16 12:21:55 - [MESSAGE][PASSED] - Object: 'Object Repository/NewTag/Page_SiteTesting Administration Search/a_Courses' is clicked on

2022-01-16 12:21:55 - [TEST_STEP][PASSED] - click(findTestObject("Object Repository/NewTag/Page_SiteTesting Administration Search/a_Add a new course")): Object: 'Object Repository/NewTag/Page_SiteTesting Administration Search/a_Add a new course' is clicked on

2022-01-16 12:21:57 - [MESSAGE][PASSED] - Object: 'Object Repository/NewTag/Page_SiteTesting Administration Search/a_Add a new course' is clicked on

2022-01-16 12:21:57 - [TEST_STEP][PASSED] - click(findTestObject("Object Repository/NewTag/Page_SiteTesting Add a new course/a_Tags")): Object: 'Object Repository/NewTag/Page_SiteTesting Add a new course/a_Tags' is clicked on

2022-01-16 12:21:58 - [MESSAGE][PASSED] - Object: 'Object Repository/NewTag/Page_SiteTesting Add a new course/a_Tags' is clicked on

2022-01-16 12:21:58 - [TEST_STEP][PASSED] - click(findTestObject("Object Repository/NewTag/Page_SiteTesting Add a new course/a_Manage standard tags")): Object: 'Object Repository/NewTag/Page_SiteTesting Add a new course/a_Manage standard tags' is clicked on

2022-01-16 12:21:59 - [MESSAGE][PASSED] - Object: 'Object Repository/NewTag/Page_SiteTesting Add a new course/a_Manage standard tags' is clicked on

2022-01-16 12:21:59 - [TEST_STEP][PASSED] - click(findTestObject("Object Repository/NewTag/Page_SiteTesting Administration Appearance _4a852d/a_Add standard tags")): Object: 'Object Repository/NewTag/Page_SiteTesting Administration Appearance _4a852d/a_Add standard tags' is clicked on

2022-01-16 12:22:00 - [MESSAGE][PASSED] - Object: 'Object Repository/NewTag/Page_SiteTesting Administration Appearance _4a852d/a_Add standard tags' is clicked on

2022-01-16 12:22:00 - [TEST_STEP][PASSED] - click(findTestObject("Object Repository/NewTag/Page_SiteTesting Administration Appearance _4a852d/button_Continue")): Object: 'Object Repository/NewTag/Page_SiteTesting Administration Appearance _4a852d/button_Continue' is clicked on

2022-01-16 12:22:01 - [MESSAGE][PASSED] - Object: 'Object Repository/NewTag/Page_SiteTesting Administration Appearance _4a852d/button_Continue' is clicked on

2022-01-16 12:22:01 - [TEST_STEP][PASSED] - verifyElementText(findTestObject("Object Repository/NewTag/Page_SiteTesting Administration Appearance _4a852d/div_Required"), "Required"): Actual text and expected text of test object 'Object Repository/NewTag/Page_SiteTesting Administration Appearance _4a852d/div_Required' are matched.

2022-01-16 12:22:01 - [MESSAGE][PASSED] - Actual text and expected text of test object 'Object Repository/NewTag/Page_SiteTesting Administration Appearance _4a852d/div_Required' are matched.

2022-01-16 12:22:01 - [TEST_STEP][PASSED] - closeBrowser(STOP_ON_FAILURE): Browser is closed

2022-01-16 12:22:02 - [MESSAGE][PASSED] - Browser is closed]]></system-out>
         <system-err><![CDATA[]]></system-err>
      </testcase>
      <testcase name="Test Cases/Role Giáo Viên/1. Tạo thông báo mới với dữ liệu trống" time="14.607" classname="Test Cases/Role Giáo Viên/1. Tạo thông báo mới với dữ liệu trống" status="PASSED">
         <system-out><![CDATA[2022-01-16 12:22:02 - [TEST_CASE][PASSED] - Test Cases/Role Giáo Viên/1. Tạo thông báo mới với dữ liệu trống: Test Cases/Role Giáo Viên/1. Tạo thông báo mới với dữ liệu trống

2022-01-16 12:22:03 - [TEST_STEP][PASSED] - openBrowser(""): Browser is opened with url: ''

2022-01-16 12:22:03 - [MESSAGE][INFO] - Starting 'Edge Chromium' driver

2022-01-16 12:22:05 - [MESSAGE][INFO] - Action delay is set to 0 milliseconds

2022-01-16 12:22:06 - [MESSAGE][PASSED] - Browser is opened with url: ''

2022-01-16 12:22:06 - [TEST_STEP][PASSED] - navigateToUrl("http://localhost/"): Navigate to 'http://localhost/' successfully

2022-01-16 12:22:07 - [MESSAGE][PASSED] - Navigate to 'http://localhost/' successfully

2022-01-16 12:22:07 - [TEST_STEP][PASSED] - click(findTestObject("Object Repository/Tạo thông báo mới với dữ liệu trống/Page_Automation Testing Site/a_Log in")): Object: 'Object Repository/Tạo thông báo mới với dữ liệu trống/Page_Automation Testing Site/a_Log in' is clicked on

2022-01-16 12:22:08 - [MESSAGE][PASSED] - Object: 'Object Repository/Tạo thông báo mới với dữ liệu trống/Page_Automation Testing Site/a_Log in' is clicked on

2022-01-16 12:22:08 - [TEST_STEP][PASSED] - setText(findTestObject("Object Repository/Tạo thông báo mới với dữ liệu trống/Page_Automation Testing Site Log in to the site/input_Username_username"), "admin"): Text 'admin' is set on object 'Object Repository/Tạo thông báo mới với dữ liệu trống/Page_Automation Testing Site Log in to the site/input_Username_username'

2022-01-16 12:22:08 - [MESSAGE][PASSED] - Text 'admin' is set on object 'Object Repository/Tạo thông báo mới với dữ liệu trống/Page_Automation Testing Site Log in to the site/input_Username_username'

2022-01-16 12:22:08 - [TEST_STEP][PASSED] - setEncryptedText(findTestObject("Object Repository/Tạo thông báo mới với dữ liệu trống/Page_Automation Testing Site Log in to the site/input_Password_password"), "cnpXG5HhkrZpEXzNIGBMZQ=="): Text ****** has been set on object 'Object Repository/Tạo thông báo mới với dữ liệu trống/Page_Automation Testing Site Log in to the site/input_Password_password'

2022-01-16 12:22:09 - [MESSAGE][PASSED] - Text ****** has been set on object 'Object Repository/Tạo thông báo mới với dữ liệu trống/Page_Automation Testing Site Log in to the site/input_Password_password'

2022-01-16 12:22:09 - [TEST_STEP][PASSED] - click(findTestObject("Object Repository/Tạo thông báo mới với dữ liệu trống/Page_Automation Testing Site Log in to the site/button_Log in")): Object: 'Object Repository/Tạo thông báo mới với dữ liệu trống/Page_Automation Testing Site Log in to the site/button_Log in' is clicked on

2022-01-16 12:22:10 - [MESSAGE][PASSED] - Object: 'Object Repository/Tạo thông báo mới với dữ liệu trống/Page_Automation Testing Site Log in to the site/button_Log in' is clicked on

2022-01-16 12:22:10 - [TEST_STEP][PASSED] - click(findTestObject("Object Repository/Tạo thông báo mới với dữ liệu trống/Page_Dashboard/span_Site home")): Object: 'Object Repository/Tạo thông báo mới với dữ liệu trống/Page_Dashboard/span_Site home' is clicked on

2022-01-16 12:22:13 - [MESSAGE][PASSED] - Object: 'Object Repository/Tạo thông báo mới với dữ liệu trống/Page_Dashboard/span_Site home' is clicked on

2022-01-16 12:22:13 - [TEST_STEP][PASSED] - click(findTestObject("Object Repository/Tạo thông báo mới với dữ liệu trống/Page_Automation Testing Site/a_Init Course")): Object: 'Object Repository/Tạo thông báo mới với dữ liệu trống/Page_Automation Testing Site/a_Init Course' is clicked on

2022-01-16 12:22:14 - [MESSAGE][PASSED] - Object: 'Object Repository/Tạo thông báo mới với dữ liệu trống/Page_Automation Testing Site/a_Init Course' is clicked on

2022-01-16 12:22:14 - [TEST_STEP][PASSED] - click(findTestObject("Object Repository/Tạo thông báo mới với dữ liệu trống/Page_Course Init Course/span_Announcements Forum")): Object: 'Object Repository/Tạo thông báo mới với dữ liệu trống/Page_Course Init Course/span_Announcements Forum' is clicked on

2022-01-16 12:22:15 - [MESSAGE][PASSED] - Object: 'Object Repository/Tạo thông báo mới với dữ liệu trống/Page_Course Init Course/span_Announcements Forum' is clicked on

2022-01-16 12:22:15 - [TEST_STEP][PASSED] - click(findTestObject("Object Repository/Tạo thông báo mới với dữ liệu trống/Page_Announcements/a_Add a new topic")): Object: 'Object Repository/Tạo thông báo mới với dữ liệu trống/Page_Announcements/a_Add a new topic' is clicked on

2022-01-16 12:22:16 - [MESSAGE][PASSED] - Object: 'Object Repository/Tạo thông báo mới với dữ liệu trống/Page_Announcements/a_Add a new topic' is clicked on

2022-01-16 12:22:16 - [TEST_STEP][PASSED] - click(findTestObject("Object Repository/Tạo thông báo mới với dữ liệu trống/Page_Announcements/input_Message_submitbutton")): Object: 'Object Repository/Tạo thông báo mới với dữ liệu trống/Page_Announcements/input_Message_submitbutton' is clicked on

2022-01-16 12:22:16 - [MESSAGE][PASSED] - Object: 'Object Repository/Tạo thông báo mới với dữ liệu trống/Page_Announcements/input_Message_submitbutton' is clicked on

2022-01-16 12:22:16 - [TEST_STEP][PASSED] - verifyTextPresent("- Required", false): Text '- Required' is present on page 

2022-01-16 12:22:17 - [MESSAGE][PASSED] - Text '- Required' is present on page]]></system-out>
         <system-err><![CDATA[]]></system-err>
      </testcase>
      <testcase name="Test Cases/Role Giáo Viên/2. Tạo thông báo mới với đầy đủ dữ liệu" time="19.221" classname="Test Cases/Role Giáo Viên/2. Tạo thông báo mới với đầy đủ dữ liệu" status="PASSED">
         <system-out><![CDATA[2022-01-16 12:22:17 - [TEST_CASE][PASSED] - Test Cases/Role Giáo Viên/2. Tạo thông báo mới với đầy đủ dữ liệu: Test Cases/Role Giáo Viên/2. Tạo thông báo mới với đầy đủ dữ liệu

2022-01-16 12:22:17 - [TEST_STEP][PASSED] - openBrowser(""): Browser is opened with url: ''

2022-01-16 12:22:17 - [MESSAGE][WARNING] - A browser is already opened. Closing browser and opening a new one

2022-01-16 12:22:18 - [MESSAGE][INFO] - Starting 'Edge Chromium' driver

2022-01-16 12:22:20 - [MESSAGE][INFO] - Action delay is set to 0 milliseconds

2022-01-16 12:22:21 - [MESSAGE][PASSED] - Browser is opened with url: ''

2022-01-16 12:22:21 - [TEST_STEP][PASSED] - navigateToUrl("http://localhost/"): Navigate to 'http://localhost/' successfully

2022-01-16 12:22:22 - [MESSAGE][PASSED] - Navigate to 'http://localhost/' successfully

2022-01-16 12:22:22 - [TEST_STEP][PASSED] - click(findTestObject("Object Repository/Tạo thông báo mới với dữ liệu đúng/Page_Automation Testing Site/a_Log in")): Object: 'Object Repository/Tạo thông báo mới với dữ liệu đúng/Page_Automation Testing Site/a_Log in' is clicked on

2022-01-16 12:22:23 - [MESSAGE][PASSED] - Object: 'Object Repository/Tạo thông báo mới với dữ liệu đúng/Page_Automation Testing Site/a_Log in' is clicked on

2022-01-16 12:22:23 - [TEST_STEP][PASSED] - setText(findTestObject("Object Repository/Tạo thông báo mới với dữ liệu đúng/Page_Automation Testing Site Log in to the site/input_Username_username"), "admin"): Text 'admin' is set on object 'Object Repository/Tạo thông báo mới với dữ liệu đúng/Page_Automation Testing Site Log in to the site/input_Username_username'

2022-01-16 12:22:23 - [MESSAGE][PASSED] - Text 'admin' is set on object 'Object Repository/Tạo thông báo mới với dữ liệu đúng/Page_Automation Testing Site Log in to the site/input_Username_username'

2022-01-16 12:22:23 - [TEST_STEP][PASSED] - setEncryptedText(findTestObject("Object Repository/Tạo thông báo mới với dữ liệu đúng/Page_Automation Testing Site Log in to the site/input_Password_password"), "cnpXG5HhkrZpEXzNIGBMZQ=="): Text ****** has been set on object 'Object Repository/Tạo thông báo mới với dữ liệu đúng/Page_Automation Testing Site Log in to the site/input_Password_password'

2022-01-16 12:22:24 - [MESSAGE][PASSED] - Text ****** has been set on object 'Object Repository/Tạo thông báo mới với dữ liệu đúng/Page_Automation Testing Site Log in to the site/input_Password_password'

2022-01-16 12:22:24 - [TEST_STEP][PASSED] - click(findTestObject("Object Repository/Tạo thông báo mới với dữ liệu đúng/Page_Automation Testing Site Log in to the site/button_Log in")): Object: 'Object Repository/Tạo thông báo mới với dữ liệu đúng/Page_Automation Testing Site Log in to the site/button_Log in' is clicked on

2022-01-16 12:22:25 - [MESSAGE][PASSED] - Object: 'Object Repository/Tạo thông báo mới với dữ liệu đúng/Page_Automation Testing Site Log in to the site/button_Log in' is clicked on

2022-01-16 12:22:25 - [TEST_STEP][PASSED] - click(findTestObject("Object Repository/Tạo thông báo mới với dữ liệu đúng/Page_Dashboard/span_Site home")): Object: 'Object Repository/Tạo thông báo mới với dữ liệu đúng/Page_Dashboard/span_Site home' is clicked on

2022-01-16 12:22:27 - [MESSAGE][PASSED] - Object: 'Object Repository/Tạo thông báo mới với dữ liệu đúng/Page_Dashboard/span_Site home' is clicked on

2022-01-16 12:22:27 - [TEST_STEP][PASSED] - click(findTestObject("Object Repository/Tạo thông báo mới với dữ liệu đúng/Page_Automation Testing Site/a_Init Course")): Object: 'Object Repository/Tạo thông báo mới với dữ liệu đúng/Page_Automation Testing Site/a_Init Course' is clicked on

2022-01-16 12:22:28 - [MESSAGE][PASSED] - Object: 'Object Repository/Tạo thông báo mới với dữ liệu đúng/Page_Automation Testing Site/a_Init Course' is clicked on

2022-01-16 12:22:28 - [TEST_STEP][PASSED] - click(findTestObject("Object Repository/Tạo thông báo mới với dữ liệu đúng/Page_Course Init Course/span_Announcements Forum")): Object: 'Object Repository/Tạo thông báo mới với dữ liệu đúng/Page_Course Init Course/span_Announcements Forum' is clicked on

2022-01-16 12:22:30 - [MESSAGE][PASSED] - Object: 'Object Repository/Tạo thông báo mới với dữ liệu đúng/Page_Course Init Course/span_Announcements Forum' is clicked on

2022-01-16 12:22:30 - [TEST_STEP][PASSED] - click(findTestObject("Object Repository/Tạo thông báo mới với dữ liệu đúng/Page_Announcements/a_Add a new topic")): Object: 'Object Repository/Tạo thông báo mới với dữ liệu đúng/Page_Announcements/a_Add a new topic' is clicked on

2022-01-16 12:22:31 - [MESSAGE][PASSED] - Object: 'Object Repository/Tạo thông báo mới với dữ liệu đúng/Page_Announcements/a_Add a new topic' is clicked on

2022-01-16 12:22:31 - [TEST_STEP][PASSED] - setText(findTestObject("Object Repository/Tạo thông báo mới với dữ liệu đúng/Page_Announcements/input_Subject_subject"), "Test announce"): Text 'Test announce' is set on object 'Object Repository/Tạo thông báo mới với dữ liệu đúng/Page_Announcements/input_Subject_subject'

2022-01-16 12:22:32 - [MESSAGE][PASSED] - Text 'Test announce' is set on object 'Object Repository/Tạo thông báo mới với dữ liệu đúng/Page_Announcements/input_Subject_subject'

2022-01-16 12:22:32 - [TEST_STEP][PASSED] - setText(findTestObject("Object Repository/Tạo thông báo mới với dữ liệu đúng/Page_Announcements/div_test content"), "<p dir="ltr" style="text-align: left;">test content</p>"): Text '<p dir="ltr" style="text-align: left;">test content</p>' is set on object 'Object Repository/Tạo thông báo mới với dữ liệu đúng/Page_Announcements/div_test content'

2022-01-16 12:22:33 - [MESSAGE][PASSED] - Text '<p dir="ltr" style="text-align: left;">test content</p>' is set on object 'Object Repository/Tạo thông báo mới với dữ liệu đúng/Page_Announcements/div_test content'

2022-01-16 12:22:33 - [TEST_STEP][PASSED] - click(findTestObject("Object Repository/Tạo thông báo mới với dữ liệu đúng/Page_Announcements/input_Message_submitbutton")): Object: 'Object Repository/Tạo thông báo mới với dữ liệu đúng/Page_Announcements/input_Message_submitbutton' is clicked on

2022-01-16 12:22:35 - [MESSAGE][PASSED] - Object: 'Object Repository/Tạo thông báo mới với dữ liệu đúng/Page_Announcements/input_Message_submitbutton' is clicked on

2022-01-16 12:22:35 - [TEST_STEP][PASSED] - verifyElementText(findTestObject("Object Repository/Tạo thông báo mới với dữ liệu đúng/Page_Announcements/p_Your post was successfully added"), "Your post was successfully added."): Actual text and expected text of test object 'Object Repository/Tạo thông báo mới với dữ liệu đúng/Page_Announcements/p_Your post was successfully added' are matched.

2022-01-16 12:22:35 - [MESSAGE][PASSED] - Actual text and expected text of test object 'Object Repository/Tạo thông báo mới với dữ liệu đúng/Page_Announcements/p_Your post was successfully added' are matched.

2022-01-16 12:22:35 - [TEST_STEP][PASSED] - closeBrowser(): Browser is closed

2022-01-16 12:22:36 - [MESSAGE][PASSED] - Browser is closed]]></system-out>
         <system-err><![CDATA[]]></system-err>
      </testcase>
      <testcase name="Test Cases/Role Giáo Viên/3. Tạo bài tập mới với dữ liệu rỗng" time="48.744" classname="Test Cases/Role Giáo Viên/3. Tạo bài tập mới với dữ liệu rỗng" status="PASSED">
         <system-out><![CDATA[2022-01-16 12:22:36 - [TEST_CASE][PASSED] - Test Cases/Role Giáo Viên/3. Tạo bài tập mới với dữ liệu rỗng: Test Cases/Role Giáo Viên/3. Tạo bài tập mới với dữ liệu rỗng

2022-01-16 12:22:36 - [TEST_STEP][PASSED] - openBrowser(""): Browser is opened with url: ''

2022-01-16 12:22:36 - [MESSAGE][INFO] - Starting 'Edge Chromium' driver

2022-01-16 12:22:39 - [MESSAGE][INFO] - Action delay is set to 0 milliseconds

2022-01-16 12:22:39 - [MESSAGE][PASSED] - Browser is opened with url: ''

2022-01-16 12:22:39 - [TEST_STEP][PASSED] - navigateToUrl("http://localhost/"): Navigate to 'http://localhost/' successfully

2022-01-16 12:22:40 - [MESSAGE][PASSED] - Navigate to 'http://localhost/' successfully

2022-01-16 12:22:40 - [TEST_STEP][PASSED] - click(findTestObject("Object Repository/Tạo bài tập mới với dữ liệu rỗng/Page_Automation Testing Site/a_Log in")): Object: 'Object Repository/Tạo bài tập mới với dữ liệu rỗng/Page_Automation Testing Site/a_Log in' is clicked on

2022-01-16 12:22:41 - [MESSAGE][PASSED] - Object: 'Object Repository/Tạo bài tập mới với dữ liệu rỗng/Page_Automation Testing Site/a_Log in' is clicked on

2022-01-16 12:22:41 - [TEST_STEP][PASSED] - setText(findTestObject("Object Repository/Tạo bài tập mới với dữ liệu rỗng/Page_Automation Testing Site Log in to the site/input_Username_username"), "admin"): Text 'admin' is set on object 'Object Repository/Tạo bài tập mới với dữ liệu rỗng/Page_Automation Testing Site Log in to the site/input_Username_username'

2022-01-16 12:22:42 - [MESSAGE][PASSED] - Text 'admin' is set on object 'Object Repository/Tạo bài tập mới với dữ liệu rỗng/Page_Automation Testing Site Log in to the site/input_Username_username'

2022-01-16 12:22:42 - [TEST_STEP][PASSED] - setEncryptedText(findTestObject("Object Repository/Tạo bài tập mới với dữ liệu rỗng/Page_Automation Testing Site Log in to the site/input_Password_password"), "cnpXG5HhkrZpEXzNIGBMZQ=="): Text ****** has been set on object 'Object Repository/Tạo bài tập mới với dữ liệu rỗng/Page_Automation Testing Site Log in to the site/input_Password_password'

2022-01-16 12:22:42 - [MESSAGE][PASSED] - Text ****** has been set on object 'Object Repository/Tạo bài tập mới với dữ liệu rỗng/Page_Automation Testing Site Log in to the site/input_Password_password'

2022-01-16 12:22:42 - [TEST_STEP][PASSED] - click(findTestObject("Object Repository/Tạo bài tập mới với dữ liệu rỗng/Page_Automation Testing Site Log in to the site/button_Log in")): Object: 'Object Repository/Tạo bài tập mới với dữ liệu rỗng/Page_Automation Testing Site Log in to the site/button_Log in' is clicked on

2022-01-16 12:22:44 - [MESSAGE][PASSED] - Object: 'Object Repository/Tạo bài tập mới với dữ liệu rỗng/Page_Automation Testing Site Log in to the site/button_Log in' is clicked on

2022-01-16 12:22:44 - [TEST_STEP][PASSED] - click(findTestObject("Object Repository/Tạo bài tập mới với dữ liệu rỗng/Page_Dashboard/span_Site home")): Object: 'Object Repository/Tạo bài tập mới với dữ liệu rỗng/Page_Dashboard/span_Site home' is clicked on

2022-01-16 12:22:46 - [MESSAGE][PASSED] - Object: 'Object Repository/Tạo bài tập mới với dữ liệu rỗng/Page_Dashboard/span_Site home' is clicked on

2022-01-16 12:22:46 - [TEST_STEP][PASSED] - click(findTestObject("Object Repository/Tạo bài tập mới với dữ liệu rỗng/Page_Automation Testing Site/a_Init Course")): Object: 'Object Repository/Tạo bài tập mới với dữ liệu rỗng/Page_Automation Testing Site/a_Init Course' is clicked on

2022-01-16 12:22:47 - [MESSAGE][PASSED] - Object: 'Object Repository/Tạo bài tập mới với dữ liệu rỗng/Page_Automation Testing Site/a_Init Course' is clicked on

2022-01-16 12:22:47 - [TEST_STEP][PASSED] - click(findTestObject("Object Repository/Tạo bài tập mới với dữ liệu rỗng/Page_Course Init Course/button_Turn editing on")): Object: 'Object Repository/Tạo bài tập mới với dữ liệu rỗng/Page_Course Init Course/button_Turn editing on' is clicked on

2022-01-16 12:22:49 - [MESSAGE][PASSED] - Object: 'Object Repository/Tạo bài tập mới với dữ liệu rỗng/Page_Course Init Course/button_Turn editing on' is clicked on

2022-01-16 12:22:49 - [TEST_STEP][PASSED] - click(findTestObject("Object Repository/Tạo bài tập mới với dữ liệu rỗng/Page_Course Init Course/span_Add an activity or resource")): Object: 'Object Repository/Tạo bài tập mới với dữ liệu rỗng/Page_Course Init Course/span_Add an activity or resource' is clicked on

2022-01-16 12:22:49 - [MESSAGE][PASSED] - Object: 'Object Repository/Tạo bài tập mới với dữ liệu rỗng/Page_Course Init Course/span_Add an activity or resource' is clicked on

2022-01-16 12:22:49 - [TEST_STEP][PASSED] - click(findTestObject("Object Repository/Tạo bài tập mới với dữ liệu rỗng/Page_Course Init Course/img_Recommended_icon icon")): Object: 'Object Repository/Tạo bài tập mới với dữ liệu rỗng/Page_Course Init Course/img_Recommended_icon icon' is clicked on

2022-01-16 12:23:21 - [MESSAGE][INFO] - Unable to find the element located by 'By.xpath: //*[@class = 'icon icon' and @src = 'http://localhost/theme/image.php/boost/assign/1641197589/icon']'. Please recheck the objects properties to make sure the desired element is located. 

2022-01-16 12:23:21 - [MESSAGE][WARNING] - [SELF-HEALING] Failed to find element with id 'Object Repository/Tạo bài tập mới với dữ liệu rỗng/Page_Course Init Course/img_Recommended_icon icon'. Try using Self-healing.

2022-01-16 12:23:21 - [MESSAGE][WARNING] - [SELF-HEALING] The current locator of test object 'Object Repository/Tạo bài tập mới với dữ liệu rỗng/Page_Course Init Course/img_Recommended_icon icon' was broken. Propose an alternative one: '//div[@id='all-4']/div/div/div/a/div/img'.

2022-01-16 12:23:22 - [MESSAGE][PASSED] - Object: 'Object Repository/Tạo bài tập mới với dữ liệu rỗng/Page_Course Init Course/img_Recommended_icon icon' is clicked on

2022-01-16 12:23:22 - [TEST_STEP][PASSED] - click(findTestObject("Object Repository/Tạo bài tập mới với dữ liệu rỗng/Page_Editing Assignment/input_Upon activity completion_submitbutton")): Object: 'Object Repository/Tạo bài tập mới với dữ liệu rỗng/Page_Editing Assignment/input_Upon activity completion_submitbutton' is clicked on

2022-01-16 12:23:23 - [MESSAGE][PASSED] - Object: 'Object Repository/Tạo bài tập mới với dữ liệu rỗng/Page_Editing Assignment/input_Upon activity completion_submitbutton' is clicked on

2022-01-16 12:23:23 - [TEST_STEP][PASSED] - verifyElementText(findTestObject("Object Repository/Tạo bài tập mới với dữ liệu rỗng/Page_Editing Assignment/div_- You must supply a value here"), "- You must supply a value here."): Actual text and expected text of test object 'Object Repository/Tạo bài tập mới với dữ liệu rỗng/Page_Editing Assignment/div_- You must supply a value here' are matched.

2022-01-16 12:23:24 - [MESSAGE][PASSED] - Actual text and expected text of test object 'Object Repository/Tạo bài tập mới với dữ liệu rỗng/Page_Editing Assignment/div_- You must supply a value here' are matched.

2022-01-16 12:23:24 - [TEST_STEP][PASSED] - closeBrowser(): Browser is closed

2022-01-16 12:23:25 - [MESSAGE][PASSED] - Browser is closed]]></system-out>
         <system-err><![CDATA[]]></system-err>
      </testcase>
      <testcase name="Test Cases/Role Giáo Viên/4. Tạo bài tập mới với dữ liệu đúng" time="48.094" classname="Test Cases/Role Giáo Viên/4. Tạo bài tập mới với dữ liệu đúng" status="PASSED">
         <system-out><![CDATA[2022-01-16 12:23:25 - [TEST_CASE][PASSED] - Test Cases/Role Giáo Viên/4. Tạo bài tập mới với dữ liệu đúng: Test Cases/Role Giáo Viên/4. Tạo bài tập mới với dữ liệu đúng

2022-01-16 12:23:25 - [TEST_STEP][PASSED] - openBrowser(""): Browser is opened with url: ''

2022-01-16 12:23:25 - [MESSAGE][INFO] - Starting 'Edge Chromium' driver

2022-01-16 12:23:27 - [MESSAGE][INFO] - Action delay is set to 0 milliseconds

2022-01-16 12:23:28 - [MESSAGE][PASSED] - Browser is opened with url: ''

2022-01-16 12:23:28 - [TEST_STEP][PASSED] - navigateToUrl("http://localhost/"): Navigate to 'http://localhost/' successfully

2022-01-16 12:23:29 - [MESSAGE][PASSED] - Navigate to 'http://localhost/' successfully

2022-01-16 12:23:29 - [TEST_STEP][PASSED] - click(findTestObject("Object Repository/Tạo bài tập mới với dữ liệu đúng/Page_Automation Testing Site/a_Log in")): Object: 'Object Repository/Tạo bài tập mới với dữ liệu đúng/Page_Automation Testing Site/a_Log in' is clicked on

2022-01-16 12:23:29 - [MESSAGE][PASSED] - Object: 'Object Repository/Tạo bài tập mới với dữ liệu đúng/Page_Automation Testing Site/a_Log in' is clicked on

2022-01-16 12:23:29 - [TEST_STEP][PASSED] - setText(findTestObject("Object Repository/Tạo bài tập mới với dữ liệu đúng/Page_Automation Testing Site Log in to the site/input_Username_username"), "admin"): Text 'admin' is set on object 'Object Repository/Tạo bài tập mới với dữ liệu đúng/Page_Automation Testing Site Log in to the site/input_Username_username'

2022-01-16 12:23:30 - [MESSAGE][PASSED] - Text 'admin' is set on object 'Object Repository/Tạo bài tập mới với dữ liệu đúng/Page_Automation Testing Site Log in to the site/input_Username_username'

2022-01-16 12:23:30 - [TEST_STEP][PASSED] - setEncryptedText(findTestObject("Object Repository/Tạo bài tập mới với dữ liệu đúng/Page_Automation Testing Site Log in to the site/input_Password_password"), "cnpXG5HhkrZpEXzNIGBMZQ=="): Text ****** has been set on object 'Object Repository/Tạo bài tập mới với dữ liệu đúng/Page_Automation Testing Site Log in to the site/input_Password_password'

2022-01-16 12:23:31 - [MESSAGE][PASSED] - Text ****** has been set on object 'Object Repository/Tạo bài tập mới với dữ liệu đúng/Page_Automation Testing Site Log in to the site/input_Password_password'

2022-01-16 12:23:31 - [TEST_STEP][PASSED] - click(findTestObject("Object Repository/Tạo bài tập mới với dữ liệu đúng/Page_Automation Testing Site Log in to the site/button_Log in")): Object: 'Object Repository/Tạo bài tập mới với dữ liệu đúng/Page_Automation Testing Site Log in to the site/button_Log in' is clicked on

2022-01-16 12:23:32 - [MESSAGE][PASSED] - Object: 'Object Repository/Tạo bài tập mới với dữ liệu đúng/Page_Automation Testing Site Log in to the site/button_Log in' is clicked on

2022-01-16 12:23:32 - [TEST_STEP][PASSED] - click(findTestObject("Object Repository/Tạo bài tập mới với dữ liệu đúng/Page_Dashboard/span_Site home")): Object: 'Object Repository/Tạo bài tập mới với dữ liệu đúng/Page_Dashboard/span_Site home' is clicked on

2022-01-16 12:23:33 - [MESSAGE][PASSED] - Object: 'Object Repository/Tạo bài tập mới với dữ liệu đúng/Page_Dashboard/span_Site home' is clicked on

2022-01-16 12:23:33 - [TEST_STEP][PASSED] - click(findTestObject("Object Repository/Tạo bài tập mới với dữ liệu đúng/Page_Automation Testing Site/a_Init Course")): Object: 'Object Repository/Tạo bài tập mới với dữ liệu đúng/Page_Automation Testing Site/a_Init Course' is clicked on

2022-01-16 12:23:34 - [MESSAGE][PASSED] - Object: 'Object Repository/Tạo bài tập mới với dữ liệu đúng/Page_Automation Testing Site/a_Init Course' is clicked on

2022-01-16 12:23:34 - [TEST_STEP][PASSED] - click(findTestObject("Object Repository/Tạo bài tập mới với dữ liệu đúng/Page_Course Init Course/button_Turn editing on")): Object: 'Object Repository/Tạo bài tập mới với dữ liệu đúng/Page_Course Init Course/button_Turn editing on' is clicked on

2022-01-16 12:23:35 - [MESSAGE][PASSED] - Object: 'Object Repository/Tạo bài tập mới với dữ liệu đúng/Page_Course Init Course/button_Turn editing on' is clicked on

2022-01-16 12:23:35 - [TEST_STEP][PASSED] - click(findTestObject("Object Repository/Tạo bài tập mới với dữ liệu đúng/Page_Course Init Course/span_Add an activity or resource")): Object: 'Object Repository/Tạo bài tập mới với dữ liệu đúng/Page_Course Init Course/span_Add an activity or resource' is clicked on

2022-01-16 12:23:36 - [MESSAGE][PASSED] - Object: 'Object Repository/Tạo bài tập mới với dữ liệu đúng/Page_Course Init Course/span_Add an activity or resource' is clicked on

2022-01-16 12:23:36 - [TEST_STEP][PASSED] - click(findTestObject("Object Repository/Tạo bài tập mới với dữ liệu đúng/Page_Course Init Course/img_Recommended_icon icon")): Object: 'Object Repository/Tạo bài tập mới với dữ liệu đúng/Page_Course Init Course/img_Recommended_icon icon' is clicked on

2022-01-16 12:24:08 - [MESSAGE][INFO] - Unable to find the element located by 'By.xpath: //*[@class = 'icon icon' and @src = 'http://localhost/theme/image.php/boost/assign/1641197589/icon']'. Please recheck the objects properties to make sure the desired element is located. 

2022-01-16 12:24:08 - [MESSAGE][WARNING] - [SELF-HEALING] Failed to find element with id 'Object Repository/Tạo bài tập mới với dữ liệu đúng/Page_Course Init Course/img_Recommended_icon icon'. Try using Self-healing.

2022-01-16 12:24:08 - [MESSAGE][WARNING] - [SELF-HEALING] The current locator of test object 'Object Repository/Tạo bài tập mới với dữ liệu đúng/Page_Course Init Course/img_Recommended_icon icon' was broken. Propose an alternative one: '//div[@id='all-4']/div/div/div/a/div/img'.

2022-01-16 12:24:09 - [MESSAGE][PASSED] - Object: 'Object Repository/Tạo bài tập mới với dữ liệu đúng/Page_Course Init Course/img_Recommended_icon icon' is clicked on

2022-01-16 12:24:09 - [TEST_STEP][PASSED] - setText(findTestObject("Object Repository/Tạo bài tập mới với dữ liệu đúng/Page_Editing Assignment/input_Assignment name_name"), "Bài taapkj mới"): Text 'Bài taapkj mới' is set on object 'Object Repository/Tạo bài tập mới với dữ liệu đúng/Page_Editing Assignment/input_Assignment name_name'

2022-01-16 12:24:10 - [MESSAGE][PASSED] - Text 'Bài taapkj mới' is set on object 'Object Repository/Tạo bài tập mới với dữ liệu đúng/Page_Editing Assignment/input_Assignment name_name'

2022-01-16 12:24:10 - [TEST_STEP][PASSED] - click(findTestObject("Object Repository/Tạo bài tập mới với dữ liệu đúng/Page_Editing Assignment/input_Upon activity completion_submitbutton")): Object: 'Object Repository/Tạo bài tập mới với dữ liệu đúng/Page_Editing Assignment/input_Upon activity completion_submitbutton' is clicked on

2022-01-16 12:24:11 - [MESSAGE][PASSED] - Object: 'Object Repository/Tạo bài tập mới với dữ liệu đúng/Page_Editing Assignment/input_Upon activity completion_submitbutton' is clicked on

2022-01-16 12:24:11 - [TEST_STEP][PASSED] - verifyElementText(findTestObject("Object Repository/Tạo bài tập mới với dữ liệu đúng/Page_init Bi taapkj mi/h2_Bi taapkj mi"), "Bài taapkj mới"): Actual text and expected text of test object 'Object Repository/Tạo bài tập mới với dữ liệu đúng/Page_init Bi taapkj mi/h2_Bi taapkj mi' are matched.

2022-01-16 12:24:12 - [MESSAGE][PASSED] - Actual text and expected text of test object 'Object Repository/Tạo bài tập mới với dữ liệu đúng/Page_init Bi taapkj mi/h2_Bi taapkj mi' are matched.

2022-01-16 12:24:12 - [TEST_STEP][PASSED] - closeBrowser(): Browser is closed

2022-01-16 12:24:13 - [MESSAGE][PASSED] - Browser is closed]]></system-out>
         <system-err><![CDATA[]]></system-err>
      </testcase>
      <testcase name="Test Cases/Role Giáo Viên/5. Tạo bài tập mới với ngày open lớn hơn due day" time="52.902" classname="Test Cases/Role Giáo Viên/5. Tạo bài tập mới với ngày open lớn hơn due day" status="PASSED">
         <system-out><![CDATA[2022-01-16 12:24:13 - [TEST_CASE][PASSED] - Test Cases/Role Giáo Viên/5. Tạo bài tập mới với ngày open lớn hơn due day: Test Cases/Role Giáo Viên/5. Tạo bài tập mới với ngày open lớn hơn due day

2022-01-16 12:24:13 - [TEST_STEP][PASSED] - openBrowser(""): Browser is opened with url: ''

2022-01-16 12:24:13 - [MESSAGE][INFO] - Starting 'Edge Chromium' driver

2022-01-16 12:24:15 - [MESSAGE][INFO] - Action delay is set to 0 milliseconds

2022-01-16 12:24:16 - [MESSAGE][PASSED] - Browser is opened with url: ''

2022-01-16 12:24:16 - [TEST_STEP][PASSED] - navigateToUrl("http://localhost/"): Navigate to 'http://localhost/' successfully

2022-01-16 12:24:17 - [MESSAGE][PASSED] - Navigate to 'http://localhost/' successfully

2022-01-16 12:24:17 - [TEST_STEP][PASSED] - click(findTestObject("Object Repository/Tạo bài tập mới với ngày open lớn hơn due date/Page_Automation Testing Site/a_Log in")): Object: 'Object Repository/Tạo bài tập mới với ngày open lớn hơn due date/Page_Automation Testing Site/a_Log in' is clicked on

2022-01-16 12:24:18 - [MESSAGE][PASSED] - Object: 'Object Repository/Tạo bài tập mới với ngày open lớn hơn due date/Page_Automation Testing Site/a_Log in' is clicked on

2022-01-16 12:24:18 - [TEST_STEP][PASSED] - setText(findTestObject("Object Repository/Tạo bài tập mới với ngày open lớn hơn due date/Page_Automation Testing Site Log in to the site/input_Username_username"), "admin"): Text 'admin' is set on object 'Object Repository/Tạo bài tập mới với ngày open lớn hơn due date/Page_Automation Testing Site Log in to the site/input_Username_username'

2022-01-16 12:24:19 - [MESSAGE][PASSED] - Text 'admin' is set on object 'Object Repository/Tạo bài tập mới với ngày open lớn hơn due date/Page_Automation Testing Site Log in to the site/input_Username_username'

2022-01-16 12:24:19 - [TEST_STEP][PASSED] - setEncryptedText(findTestObject("Object Repository/Tạo bài tập mới với ngày open lớn hơn due date/Page_Automation Testing Site Log in to the site/input_Password_password"), "cnpXG5HhkrZpEXzNIGBMZQ=="): Text ****** has been set on object 'Object Repository/Tạo bài tập mới với ngày open lớn hơn due date/Page_Automation Testing Site Log in to the site/input_Password_password'

2022-01-16 12:24:19 - [MESSAGE][PASSED] - Text ****** has been set on object 'Object Repository/Tạo bài tập mới với ngày open lớn hơn due date/Page_Automation Testing Site Log in to the site/input_Password_password'

2022-01-16 12:24:19 - [TEST_STEP][PASSED] - click(findTestObject("Object Repository/Tạo bài tập mới với ngày open lớn hơn due date/Page_Automation Testing Site Log in to the site/button_Log in")): Object: 'Object Repository/Tạo bài tập mới với ngày open lớn hơn due date/Page_Automation Testing Site Log in to the site/button_Log in' is clicked on

2022-01-16 12:24:21 - [MESSAGE][PASSED] - Object: 'Object Repository/Tạo bài tập mới với ngày open lớn hơn due date/Page_Automation Testing Site Log in to the site/button_Log in' is clicked on

2022-01-16 12:24:21 - [TEST_STEP][PASSED] - click(findTestObject("Object Repository/Tạo bài tập mới với ngày open lớn hơn due date/Page_Dashboard/span_Site home")): Object: 'Object Repository/Tạo bài tập mới với ngày open lớn hơn due date/Page_Dashboard/span_Site home' is clicked on

2022-01-16 12:24:23 - [MESSAGE][PASSED] - Object: 'Object Repository/Tạo bài tập mới với ngày open lớn hơn due date/Page_Dashboard/span_Site home' is clicked on

2022-01-16 12:24:23 - [TEST_STEP][PASSED] - click(findTestObject("Object Repository/Tạo bài tập mới với ngày open lớn hơn due date/Page_Automation Testing Site/a_Init Course")): Object: 'Object Repository/Tạo bài tập mới với ngày open lớn hơn due date/Page_Automation Testing Site/a_Init Course' is clicked on

2022-01-16 12:24:24 - [MESSAGE][PASSED] - Object: 'Object Repository/Tạo bài tập mới với ngày open lớn hơn due date/Page_Automation Testing Site/a_Init Course' is clicked on

2022-01-16 12:24:24 - [TEST_STEP][PASSED] - click(findTestObject("Object Repository/Tạo bài tập mới với ngày open lớn hơn due date/Page_Course Init Course/button_Turn editing on")): Object: 'Object Repository/Tạo bài tập mới với ngày open lớn hơn due date/Page_Course Init Course/button_Turn editing on' is clicked on

2022-01-16 12:24:25 - [MESSAGE][PASSED] - Object: 'Object Repository/Tạo bài tập mới với ngày open lớn hơn due date/Page_Course Init Course/button_Turn editing on' is clicked on

2022-01-16 12:24:25 - [TEST_STEP][PASSED] - click(findTestObject("Object Repository/Tạo bài tập mới với ngày open lớn hơn due date/Page_Course Init Course/span_Add an activity or resource")): Object: 'Object Repository/Tạo bài tập mới với ngày open lớn hơn due date/Page_Course Init Course/span_Add an activity or resource' is clicked on

2022-01-16 12:24:26 - [MESSAGE][PASSED] - Object: 'Object Repository/Tạo bài tập mới với ngày open lớn hơn due date/Page_Course Init Course/span_Add an activity or resource' is clicked on

2022-01-16 12:24:26 - [TEST_STEP][PASSED] - click(findTestObject("Object Repository/Tạo bài tập mới với ngày open lớn hơn due date/Page_Course Init Course/img_Recommended_icon icon")): Object: 'Object Repository/Tạo bài tập mới với ngày open lớn hơn due date/Page_Course Init Course/img_Recommended_icon icon' is clicked on

2022-01-16 12:24:58 - [MESSAGE][INFO] - Unable to find the element located by 'By.xpath: //*[@class = 'icon icon' and @src = 'http://localhost/theme/image.php/boost/assign/1641197589/icon']'. Please recheck the objects properties to make sure the desired element is located. 

2022-01-16 12:24:58 - [MESSAGE][WARNING] - [SELF-HEALING] Failed to find element with id 'Object Repository/Tạo bài tập mới với ngày open lớn hơn due date/Page_Course Init Course/img_Recommended_icon icon'. Try using Self-healing.

2022-01-16 12:24:58 - [MESSAGE][WARNING] - [SELF-HEALING] The current locator of test object 'Object Repository/Tạo bài tập mới với ngày open lớn hơn due date/Page_Course Init Course/img_Recommended_icon icon' was broken. Propose an alternative one: '//div[@id='all-4']/div/div/div/a/div/img'.

2022-01-16 12:24:59 - [MESSAGE][PASSED] - Object: 'Object Repository/Tạo bài tập mới với ngày open lớn hơn due date/Page_Course Init Course/img_Recommended_icon icon' is clicked on

2022-01-16 12:24:59 - [TEST_STEP][PASSED] - setText(findTestObject("Object Repository/Tạo bài tập mới với ngày open lớn hơn due date/Page_Editing Assignment/input_Assignment name_name"), "test"): Text 'test' is set on object 'Object Repository/Tạo bài tập mới với ngày open lớn hơn due date/Page_Editing Assignment/input_Assignment name_name'

2022-01-16 12:25:00 - [MESSAGE][PASSED] - Text 'test' is set on object 'Object Repository/Tạo bài tập mới với ngày open lớn hơn due date/Page_Editing Assignment/input_Assignment name_name'

2022-01-16 12:25:00 - [TEST_STEP][PASSED] - selectOptionByValue(findTestObject("Object Repository/Tạo bài tập mới với ngày open lớn hơn due date/Page_Editing Assignment/select_1        2        3        4        _45ea30"), "28", true): All options with value '28' are selected in object 'Object Repository/Tạo bài tập mới với ngày open lớn hơn due date/Page_Editing Assignment/select_1        2        3        4        _45ea30'  using regular expression

2022-01-16 12:25:02 - [MESSAGE][PASSED] - All options with value '28' are selected in object 'Object Repository/Tạo bài tập mới với ngày open lớn hơn due date/Page_Editing Assignment/select_1        2        3        4        _45ea30'  using regular expression

2022-01-16 12:25:02 - [TEST_STEP][PASSED] - click(findTestObject("Object Repository/Tạo bài tập mới với ngày open lớn hơn due date/Page_Editing Assignment/input_Upon activity completion_submitbutton")): Object: 'Object Repository/Tạo bài tập mới với ngày open lớn hơn due date/Page_Editing Assignment/input_Upon activity completion_submitbutton' is clicked on

2022-01-16 12:25:04 - [MESSAGE][PASSED] - Object: 'Object Repository/Tạo bài tập mới với ngày open lớn hơn due date/Page_Editing Assignment/input_Upon activity completion_submitbutton' is clicked on

2022-01-16 12:25:04 - [TEST_STEP][PASSED] - verifyElementText(findTestObject("Object Repository/Tạo bài tập mới với ngày open lớn hơn due date/Page_Editing Assignment/div_Due date cannot be earlier than the all_eaad69"), "Due date cannot be earlier than the allow submissions from date."): Actual text and expected text of test object 'Object Repository/Tạo bài tập mới với ngày open lớn hơn due date/Page_Editing Assignment/div_Due date cannot be earlier than the all_eaad69' are matched.

2022-01-16 12:25:05 - [MESSAGE][PASSED] - Actual text and expected text of test object 'Object Repository/Tạo bài tập mới với ngày open lớn hơn due date/Page_Editing Assignment/div_Due date cannot be earlier than the all_eaad69' are matched.

2022-01-16 12:25:05 - [TEST_STEP][PASSED] - closeBrowser(): Browser is closed

2022-01-16 12:25:06 - [MESSAGE][PASSED] - Browser is closed]]></system-out>
         <system-err><![CDATA[]]></system-err>
      </testcase>
      <testcase name="Test Cases/Role Giáo Viên/6. Chuyển đổi mode" time="15.35" classname="Test Cases/Role Giáo Viên/6. Chuyển đổi mode" status="PASSED">
         <system-out><![CDATA[2022-01-16 12:25:06 - [TEST_CASE][PASSED] - Test Cases/Role Giáo Viên/6. Chuyển đổi mode: Test Cases/Role Giáo Viên/6. Chuyển đổi mode

2022-01-16 12:25:06 - [TEST_STEP][PASSED] - openBrowser(""): Browser is opened with url: ''

2022-01-16 12:25:06 - [MESSAGE][INFO] - Starting 'Edge Chromium' driver

2022-01-16 12:25:08 - [MESSAGE][INFO] - Action delay is set to 0 milliseconds

2022-01-16 12:25:09 - [MESSAGE][PASSED] - Browser is opened with url: ''

2022-01-16 12:25:09 - [TEST_STEP][PASSED] - navigateToUrl("http://localhost/"): Navigate to 'http://localhost/' successfully

2022-01-16 12:25:10 - [MESSAGE][PASSED] - Navigate to 'http://localhost/' successfully

2022-01-16 12:25:10 - [TEST_STEP][PASSED] - click(findTestObject("Object Repository/Chuyển đổi mode/Page_Automation Testing Site/a_Log in")): Object: 'Object Repository/Chuyển đổi mode/Page_Automation Testing Site/a_Log in' is clicked on

2022-01-16 12:25:11 - [MESSAGE][PASSED] - Object: 'Object Repository/Chuyển đổi mode/Page_Automation Testing Site/a_Log in' is clicked on

2022-01-16 12:25:11 - [TEST_STEP][PASSED] - setText(findTestObject("Object Repository/Chuyển đổi mode/Page_Automation Testing Site Log in to the site/input_Username_username"), "admin"): Text 'admin' is set on object 'Object Repository/Chuyển đổi mode/Page_Automation Testing Site Log in to the site/input_Username_username'

2022-01-16 12:25:11 - [MESSAGE][PASSED] - Text 'admin' is set on object 'Object Repository/Chuyển đổi mode/Page_Automation Testing Site Log in to the site/input_Username_username'

2022-01-16 12:25:11 - [TEST_STEP][PASSED] - setEncryptedText(findTestObject("Object Repository/Chuyển đổi mode/Page_Automation Testing Site Log in to the site/input_Password_password"), "cnpXG5HhkrZpEXzNIGBMZQ=="): Text ****** has been set on object 'Object Repository/Chuyển đổi mode/Page_Automation Testing Site Log in to the site/input_Password_password'

2022-01-16 12:25:12 - [MESSAGE][PASSED] - Text ****** has been set on object 'Object Repository/Chuyển đổi mode/Page_Automation Testing Site Log in to the site/input_Password_password'

2022-01-16 12:25:12 - [TEST_STEP][PASSED] - click(findTestObject("Object Repository/Chuyển đổi mode/Page_Automation Testing Site Log in to the site/button_Log in")): Object: 'Object Repository/Chuyển đổi mode/Page_Automation Testing Site Log in to the site/button_Log in' is clicked on

2022-01-16 12:25:14 - [MESSAGE][PASSED] - Object: 'Object Repository/Chuyển đổi mode/Page_Automation Testing Site Log in to the site/button_Log in' is clicked on

2022-01-16 12:25:14 - [TEST_STEP][PASSED] - click(findTestObject("Object Repository/Chuyển đổi mode/Page_Dashboard/span_Site home")): Object: 'Object Repository/Chuyển đổi mode/Page_Dashboard/span_Site home' is clicked on

2022-01-16 12:25:16 - [MESSAGE][PASSED] - Object: 'Object Repository/Chuyển đổi mode/Page_Dashboard/span_Site home' is clicked on

2022-01-16 12:25:16 - [TEST_STEP][PASSED] - click(findTestObject("Object Repository/Chuyển đổi mode/Page_Automation Testing Site/a_Init Course")): Object: 'Object Repository/Chuyển đổi mode/Page_Automation Testing Site/a_Init Course' is clicked on

2022-01-16 12:25:17 - [MESSAGE][PASSED] - Object: 'Object Repository/Chuyển đổi mode/Page_Automation Testing Site/a_Init Course' is clicked on

2022-01-16 12:25:17 - [TEST_STEP][PASSED] - click(findTestObject("Object Repository/Chuyển đổi mode/Page_Course Init Course/button_Turn editing on")): Object: 'Object Repository/Chuyển đổi mode/Page_Course Init Course/button_Turn editing on' is clicked on

2022-01-16 12:25:19 - [MESSAGE][PASSED] - Object: 'Object Repository/Chuyển đổi mode/Page_Course Init Course/button_Turn editing on' is clicked on

2022-01-16 12:25:19 - [TEST_STEP][PASSED] - verifyElementText(findTestObject("Object Repository/Chuyển đổi mode/Page_Course Init Course/a_Edit"), "Edit"): Actual text and expected text of test object 'Object Repository/Chuyển đổi mode/Page_Course Init Course/a_Edit' are matched.

2022-01-16 12:25:20 - [MESSAGE][PASSED] - Actual text and expected text of test object 'Object Repository/Chuyển đổi mode/Page_Course Init Course/a_Edit' are matched.

2022-01-16 12:25:20 - [TEST_STEP][PASSED] - closeBrowser(): Browser is closed

2022-01-16 12:25:21 - [MESSAGE][PASSED] - Browser is closed]]></system-out>
         <system-err><![CDATA[]]></system-err>
      </testcase>
      <testcase name="Test Cases/Role Giáo Viên/7. Tạo quiz" time="49.982" classname="Test Cases/Role Giáo Viên/7. Tạo quiz" status="PASSED">
         <system-out><![CDATA[2022-01-16 12:25:21 - [TEST_CASE][PASSED] - Test Cases/Role Giáo Viên/7. Tạo quiz: Test Cases/Role Giáo Viên/7. Tạo quiz

2022-01-16 12:25:21 - [TEST_STEP][PASSED] - openBrowser(""): Browser is opened with url: ''

2022-01-16 12:25:21 - [MESSAGE][INFO] - Starting 'Edge Chromium' driver

2022-01-16 12:25:24 - [MESSAGE][INFO] - Action delay is set to 0 milliseconds

2022-01-16 12:25:25 - [MESSAGE][PASSED] - Browser is opened with url: ''

2022-01-16 12:25:25 - [TEST_STEP][PASSED] - navigateToUrl("http://localhost/"): Navigate to 'http://localhost/' successfully

2022-01-16 12:25:26 - [MESSAGE][PASSED] - Navigate to 'http://localhost/' successfully

2022-01-16 12:25:26 - [TEST_STEP][PASSED] - click(findTestObject("Object Repository/Tạo quiz/Page_Automation Testing Site/a_Log in")): Object: 'Object Repository/Tạo quiz/Page_Automation Testing Site/a_Log in' is clicked on

2022-01-16 12:25:27 - [MESSAGE][PASSED] - Object: 'Object Repository/Tạo quiz/Page_Automation Testing Site/a_Log in' is clicked on

2022-01-16 12:25:27 - [TEST_STEP][PASSED] - setText(findTestObject("Object Repository/Tạo quiz/Page_Automation Testing Site Log in to the site/input_Username_username"), "admin"): Text 'admin' is set on object 'Object Repository/Tạo quiz/Page_Automation Testing Site Log in to the site/input_Username_username'

2022-01-16 12:25:28 - [MESSAGE][PASSED] - Text 'admin' is set on object 'Object Repository/Tạo quiz/Page_Automation Testing Site Log in to the site/input_Username_username'

2022-01-16 12:25:28 - [TEST_STEP][PASSED] - setEncryptedText(findTestObject("Object Repository/Tạo quiz/Page_Automation Testing Site Log in to the site/input_Password_password"), "cnpXG5HhkrZpEXzNIGBMZQ=="): Text ****** has been set on object 'Object Repository/Tạo quiz/Page_Automation Testing Site Log in to the site/input_Password_password'

2022-01-16 12:25:28 - [MESSAGE][PASSED] - Text ****** has been set on object 'Object Repository/Tạo quiz/Page_Automation Testing Site Log in to the site/input_Password_password'

2022-01-16 12:25:28 - [TEST_STEP][PASSED] - click(findTestObject("Object Repository/Tạo quiz/Page_Automation Testing Site Log in to the site/button_Log in")): Object: 'Object Repository/Tạo quiz/Page_Automation Testing Site Log in to the site/button_Log in' is clicked on

2022-01-16 12:25:30 - [MESSAGE][PASSED] - Object: 'Object Repository/Tạo quiz/Page_Automation Testing Site Log in to the site/button_Log in' is clicked on

2022-01-16 12:25:30 - [TEST_STEP][PASSED] - click(findTestObject("Object Repository/Tạo quiz/Page_Dashboard/span_Site home")): Object: 'Object Repository/Tạo quiz/Page_Dashboard/span_Site home' is clicked on

2022-01-16 12:25:31 - [MESSAGE][PASSED] - Object: 'Object Repository/Tạo quiz/Page_Dashboard/span_Site home' is clicked on

2022-01-16 12:25:31 - [TEST_STEP][PASSED] - click(findTestObject("Object Repository/Tạo quiz/Page_Automation Testing Site/a_Init Course")): Object: 'Object Repository/Tạo quiz/Page_Automation Testing Site/a_Init Course' is clicked on

2022-01-16 12:25:32 - [MESSAGE][PASSED] - Object: 'Object Repository/Tạo quiz/Page_Automation Testing Site/a_Init Course' is clicked on

2022-01-16 12:25:32 - [TEST_STEP][PASSED] - click(findTestObject("Object Repository/Tạo quiz/Page_Course Init Course/button_Turn editing on")): Object: 'Object Repository/Tạo quiz/Page_Course Init Course/button_Turn editing on' is clicked on

2022-01-16 12:25:33 - [MESSAGE][PASSED] - Object: 'Object Repository/Tạo quiz/Page_Course Init Course/button_Turn editing on' is clicked on

2022-01-16 12:25:33 - [TEST_STEP][PASSED] - click(findTestObject("Object Repository/Tạo quiz/Page_Course Init Course/span_Add an activity or resource")): Object: 'Object Repository/Tạo quiz/Page_Course Init Course/span_Add an activity or resource' is clicked on

2022-01-16 12:25:34 - [MESSAGE][PASSED] - Object: 'Object Repository/Tạo quiz/Page_Course Init Course/span_Add an activity or resource' is clicked on

2022-01-16 12:25:34 - [TEST_STEP][PASSED] - click(findTestObject("Object Repository/Tạo quiz/Page_Course Init Course/img_Information about the Page activity_icon icon")): Object: 'Object Repository/Tạo quiz/Page_Course Init Course/img_Information about the Page activity_icon icon' is clicked on

2022-01-16 12:26:06 - [MESSAGE][INFO] - Unable to find the element located by 'By.xpath: //*[@class = 'icon icon' and @src = 'http://localhost/theme/image.php/boost/quiz/1641197589/icon']'. Please recheck the objects properties to make sure the desired element is located. 

2022-01-16 12:26:06 - [MESSAGE][WARNING] - [SELF-HEALING] Failed to find element with id 'Object Repository/Tạo quiz/Page_Course Init Course/img_Information about the Page activity_icon icon'. Try using Self-healing.

2022-01-16 12:26:06 - [MESSAGE][WARNING] - [SELF-HEALING] The current locator of test object 'Object Repository/Tạo quiz/Page_Course Init Course/img_Information about the Page activity_icon icon' was broken. Propose an alternative one: '//div[@id='all-4']/div/div[17]/div/a/div/img'.

2022-01-16 12:26:08 - [MESSAGE][PASSED] - Object: 'Object Repository/Tạo quiz/Page_Course Init Course/img_Information about the Page activity_icon icon' is clicked on

2022-01-16 12:26:08 - [TEST_STEP][PASSED] - setText(findTestObject("Object Repository/Tạo quiz/Page_Editing Quiz/input_Name_name"), "tsesst"): Text 'tsesst' is set on object 'Object Repository/Tạo quiz/Page_Editing Quiz/input_Name_name'

2022-01-16 12:26:09 - [MESSAGE][PASSED] - Text 'tsesst' is set on object 'Object Repository/Tạo quiz/Page_Editing Quiz/input_Name_name'

2022-01-16 12:26:09 - [TEST_STEP][PASSED] - click(findTestObject("Object Repository/Tạo quiz/Page_Editing Quiz/input_Upon activity completion_submitbutton2")): Object: 'Object Repository/Tạo quiz/Page_Editing Quiz/input_Upon activity completion_submitbutton2' is clicked on

2022-01-16 12:26:10 - [MESSAGE][PASSED] - Object: 'Object Repository/Tạo quiz/Page_Editing Quiz/input_Upon activity completion_submitbutton2' is clicked on

2022-01-16 12:26:10 - [TEST_STEP][PASSED] - verifyTextPresent("tsesst", false): Text 'tsesst' is present on page 

2022-01-16 12:26:11 - [MESSAGE][PASSED] - Text 'tsesst' is present on page]]></system-out>
         <system-err><![CDATA[]]></system-err>
      </testcase>
      <testcase name="Test Cases/Xóa tài khoản/Xóa hết tài khoản đã tạo" time="50.037" classname="Test Cases/Xóa tài khoản/Xóa hết tài khoản đã tạo" status="PASSED">
         <system-out><![CDATA[2022-01-16 12:26:11 - [TEST_CASE][PASSED] - Test Cases/Xóa tài khoản/Xóa hết tài khoản đã tạo: Test Cases/Xóa tài khoản/Xóa hết tài khoản đã tạo

2022-01-16 12:26:11 - [TEST_STEP][PASSED] - callTestCase(findTestCase("Kiểm tra thẻ Site Administration/Đăng nhập thành công"), [:], STOP_ON_FAILURE): Call Test Case 'Test Cases/Kiểm tra thẻ Site Administration/Đăng nhập thành công' successfully

2022-01-16 12:26:11 - [TEST_CASE][PASSED] - Test Cases/Kiểm tra thẻ Site Administration/Đăng nhập thành công: Test Cases/Kiểm tra thẻ Site Administration/Đăng nhập thành công

2022-01-16 12:26:11 - [TEST_STEP][PASSED] - openBrowser(""): Browser is opened with url: ''

2022-01-16 12:26:11 - [MESSAGE][WARNING] - A browser is already opened. Closing browser and opening a new one

2022-01-16 12:26:12 - [MESSAGE][INFO] - Starting 'Edge Chromium' driver

2022-01-16 12:26:15 - [MESSAGE][INFO] - Action delay is set to 0 milliseconds

2022-01-16 12:26:15 - [MESSAGE][PASSED] - Browser is opened with url: ''

2022-01-16 12:26:15 - [TEST_STEP][PASSED] - navigateToUrl("http://localhost/"): Navigate to 'http://localhost/' successfully

2022-01-16 12:26:16 - [MESSAGE][PASSED] - Navigate to 'http://localhost/' successfully

2022-01-16 12:26:16 - [TEST_STEP][PASSED] - click(findTestObject("Object Repository/LoginObject/Page_Automation Testing Site/a_Log in")): Object: 'Object Repository/LoginObject/Page_Automation Testing Site/a_Log in' is clicked on

2022-01-16 12:26:17 - [MESSAGE][PASSED] - Object: 'Object Repository/LoginObject/Page_Automation Testing Site/a_Log in' is clicked on

2022-01-16 12:26:17 - [TEST_STEP][PASSED] - setText(findTestObject("Object Repository/LoginObject/Page_Automation Testing Site Log in to the site/input_Username_username"), "admin"): Text 'admin' is set on object 'Object Repository/LoginObject/Page_Automation Testing Site Log in to the site/input_Username_username'

2022-01-16 12:26:18 - [MESSAGE][PASSED] - Text 'admin' is set on object 'Object Repository/LoginObject/Page_Automation Testing Site Log in to the site/input_Username_username'

2022-01-16 12:26:18 - [TEST_STEP][PASSED] - setEncryptedText(findTestObject("Object Repository/LoginObject/Page_Automation Testing Site Log in to the site/input_Password_password"), "cnpXG5HhkrZpEXzNIGBMZQ=="): Text ****** has been set on object 'Object Repository/LoginObject/Page_Automation Testing Site Log in to the site/input_Password_password'

2022-01-16 12:26:18 - [MESSAGE][PASSED] - Text ****** has been set on object 'Object Repository/LoginObject/Page_Automation Testing Site Log in to the site/input_Password_password'

2022-01-16 12:26:18 - [TEST_STEP][PASSED] - click(findTestObject("Object Repository/LoginObject/Page_Automation Testing Site Log in to the site/button_Log in")): Object: 'Object Repository/LoginObject/Page_Automation Testing Site Log in to the site/button_Log in' is clicked on

2022-01-16 12:26:20 - [MESSAGE][PASSED] - Object: 'Object Repository/LoginObject/Page_Automation Testing Site Log in to the site/button_Log in' is clicked on

2022-01-16 12:26:20 - [TEST_STEP][PASSED] - verifyElementText(findTestObject("Object Repository/LoginObject/Page_Dashboard/span_Site administration"), "Site administration"): Actual text and expected text of test object 'Object Repository/LoginObject/Page_Dashboard/span_Site administration' are matched.

2022-01-16 12:26:23 - [MESSAGE][PASSED] - Actual text and expected text of test object 'Object Repository/LoginObject/Page_Dashboard/span_Site administration' are matched.

2022-01-16 12:26:23 - [MESSAGE][PASSED] - Call Test Case 'Test Cases/Kiểm tra thẻ Site Administration/Đăng nhập thành công' successfully

2022-01-16 12:26:23 - [TEST_STEP][PASSED] - click(findTestObject("Object Repository/AddANewUserObject/Page_Dashboard/span_Site administration")): Object: 'Object Repository/AddANewUserObject/Page_Dashboard/span_Site administration' is clicked on

2022-01-16 12:26:25 - [MESSAGE][PASSED] - Object: 'Object Repository/AddANewUserObject/Page_Dashboard/span_Site administration' is clicked on

2022-01-16 12:26:25 - [TEST_STEP][PASSED] - navigateToUrl("http://localhost/admin/search.php"): Navigate to 'http://localhost/admin/search.php' successfully

2022-01-16 12:26:27 - [MESSAGE][PASSED] - Navigate to 'http://localhost/admin/search.php' successfully

2022-01-16 12:26:27 - [TEST_STEP][PASSED] - click(findTestObject("Object Repository/DeleteAnAccount/Page_SiteTesting Administration Search/a_Users")): Object: 'Object Repository/DeleteAnAccount/Page_SiteTesting Administration Search/a_Users' is clicked on

2022-01-16 12:26:27 - [MESSAGE][PASSED] - Object: 'Object Repository/DeleteAnAccount/Page_SiteTesting Administration Search/a_Users' is clicked on

2022-01-16 12:26:27 - [TEST_STEP][PASSED] - click(findTestObject("Object Repository/DeleteAnAccount/Page_SiteTesting Administration Search/a_Browse list of users")): Object: 'Object Repository/DeleteAnAccount/Page_SiteTesting Administration Search/a_Browse list of users' is clicked on

2022-01-16 12:26:30 - [MESSAGE][PASSED] - Object: 'Object Repository/DeleteAnAccount/Page_SiteTesting Administration Search/a_Browse list of users' is clicked on

2022-01-16 12:26:30 - [TEST_STEP][PASSED] - navigateToUrl("http://localhost/admin/user.php"): Navigate to 'http://localhost/admin/user.php' successfully

2022-01-16 12:26:32 - [MESSAGE][PASSED] - Navigate to 'http://localhost/admin/user.php' successfully

2022-01-16 12:26:32 - [TEST_STEP][PASSED] - while (true): null

2022-01-16 12:26:32 - [TEST_STEP][PASSED] - if (waitForElementVisible(findTestObject("Object Repository/DeleteAllObject/Page_SiteTesting Administration Users Accou_36dc4d/i_Never_icon fa fa-trash fa-fw"), 1, OPTIONAL) == false): Object 'Object Repository/DeleteAllObject/Page_SiteTesting Administration Users Accou_36dc4d/i_Never_icon fa fa-trash fa-fw' is visible

2022-01-16 12:26:32 - [MESSAGE][PASSED] - Object 'Object Repository/DeleteAllObject/Page_SiteTesting Administration Users Accou_36dc4d/i_Never_icon fa fa-trash fa-fw' is visible

2022-01-16 12:26:32 - [TEST_STEP][PASSED] - click(findTestObject("Object Repository/DeleteAllObject/Page_SiteTesting Administration Users Accou_36dc4d/i_Never_icon fa fa-trash fa-fw")): Object: 'Object Repository/DeleteAllObject/Page_SiteTesting Administration Users Accou_36dc4d/i_Never_icon fa fa-trash fa-fw' is clicked on

2022-01-16 12:26:34 - [MESSAGE][PASSED] - Object: 'Object Repository/DeleteAllObject/Page_SiteTesting Administration Users Accou_36dc4d/i_Never_icon fa fa-trash fa-fw' is clicked on

2022-01-16 12:26:34 - [TEST_STEP][PASSED] - click(findTestObject("Object Repository/DeleteAllObject/Page_SiteTesting Administration Users Accou_36dc4d/button_Delete")): Object: 'Object Repository/DeleteAllObject/Page_SiteTesting Administration Users Accou_36dc4d/button_Delete' is clicked on

2022-01-16 12:26:37 - [MESSAGE][PASSED] - Object: 'Object Repository/DeleteAllObject/Page_SiteTesting Administration Users Accou_36dc4d/button_Delete' is clicked on

2022-01-16 12:26:37 - [TEST_STEP][PASSED] - navigateToUrl("http://localhost/admin/user.php?sort=name&dir=ASC&perpage=30&page=0&delete=57&sesskey=OUmxCxziON"): Navigate to 'http://localhost/admin/user.php?sort=name&dir=ASC&perpage=30&page=0&delete=57&sesskey=OUmxCxziON' successfully

2022-01-16 12:26:38 - [MESSAGE][PASSED] - Navigate to 'http://localhost/admin/user.php?sort=name&dir=ASC&perpage=30&page=0&delete=57&sesskey=OUmxCxziON' successfully

2022-01-16 12:26:38 - [TEST_STEP][PASSED] - if (waitForElementVisible(findTestObject("Object Repository/DeleteAllObject/Page_SiteTesting Administration Users Accou_36dc4d/i_Never_icon fa fa-trash fa-fw"), 1, OPTIONAL) == false): Object 'Object Repository/DeleteAllObject/Page_SiteTesting Administration Users Accou_36dc4d/i_Never_icon fa fa-trash fa-fw' is visible

2022-01-16 12:26:39 - [MESSAGE][PASSED] - Object 'Object Repository/DeleteAllObject/Page_SiteTesting Administration Users Accou_36dc4d/i_Never_icon fa fa-trash fa-fw' is visible

2022-01-16 12:26:39 - [TEST_STEP][PASSED] - click(findTestObject("Object Repository/DeleteAllObject/Page_SiteTesting Administration Users Accou_36dc4d/i_Never_icon fa fa-trash fa-fw")): Object: 'Object Repository/DeleteAllObject/Page_SiteTesting Administration Users Accou_36dc4d/i_Never_icon fa fa-trash fa-fw' is clicked on

2022-01-16 12:26:40 - [MESSAGE][PASSED] - Object: 'Object Repository/DeleteAllObject/Page_SiteTesting Administration Users Accou_36dc4d/i_Never_icon fa fa-trash fa-fw' is clicked on

2022-01-16 12:26:40 - [TEST_STEP][PASSED] - click(findTestObject("Object Repository/DeleteAllObject/Page_SiteTesting Administration Users Accou_36dc4d/button_Delete")): Object: 'Object Repository/DeleteAllObject/Page_SiteTesting Administration Users Accou_36dc4d/button_Delete' is clicked on

2022-01-16 12:26:42 - [MESSAGE][PASSED] - Object: 'Object Repository/DeleteAllObject/Page_SiteTesting Administration Users Accou_36dc4d/button_Delete' is clicked on

2022-01-16 12:26:42 - [TEST_STEP][PASSED] - navigateToUrl("http://localhost/admin/user.php?sort=name&dir=ASC&perpage=30&page=0&delete=57&sesskey=OUmxCxziON"): Navigate to 'http://localhost/admin/user.php?sort=name&dir=ASC&perpage=30&page=0&delete=57&sesskey=OUmxCxziON' successfully

2022-01-16 12:26:42 - [MESSAGE][PASSED] - Navigate to 'http://localhost/admin/user.php?sort=name&dir=ASC&perpage=30&page=0&delete=57&sesskey=OUmxCxziON' successfully

2022-01-16 12:26:42 - [TEST_STEP][PASSED] - if (waitForElementVisible(findTestObject("Object Repository/DeleteAllObject/Page_SiteTesting Administration Users Accou_36dc4d/i_Never_icon fa fa-trash fa-fw"), 1, OPTIONAL) == false): Object 'Object Repository/DeleteAllObject/Page_SiteTesting Administration Users Accou_36dc4d/i_Never_icon fa fa-trash fa-fw' is visible

2022-01-16 12:26:43 - [MESSAGE][PASSED] - Object 'Object Repository/DeleteAllObject/Page_SiteTesting Administration Users Accou_36dc4d/i_Never_icon fa fa-trash fa-fw' is visible

2022-01-16 12:26:43 - [TEST_STEP][PASSED] - click(findTestObject("Object Repository/DeleteAllObject/Page_SiteTesting Administration Users Accou_36dc4d/i_Never_icon fa fa-trash fa-fw")): Object: 'Object Repository/DeleteAllObject/Page_SiteTesting Administration Users Accou_36dc4d/i_Never_icon fa fa-trash fa-fw' is clicked on

2022-01-16 12:26:44 - [MESSAGE][PASSED] - Object: 'Object Repository/DeleteAllObject/Page_SiteTesting Administration Users Accou_36dc4d/i_Never_icon fa fa-trash fa-fw' is clicked on

2022-01-16 12:26:44 - [TEST_STEP][PASSED] - click(findTestObject("Object Repository/DeleteAllObject/Page_SiteTesting Administration Users Accou_36dc4d/button_Delete")): Object: 'Object Repository/DeleteAllObject/Page_SiteTesting Administration Users Accou_36dc4d/button_Delete' is clicked on

2022-01-16 12:26:46 - [MESSAGE][PASSED] - Object: 'Object Repository/DeleteAllObject/Page_SiteTesting Administration Users Accou_36dc4d/button_Delete' is clicked on

2022-01-16 12:26:46 - [TEST_STEP][PASSED] - navigateToUrl("http://localhost/admin/user.php?sort=name&dir=ASC&perpage=30&page=0&delete=57&sesskey=OUmxCxziON"): Navigate to 'http://localhost/admin/user.php?sort=name&dir=ASC&perpage=30&page=0&delete=57&sesskey=OUmxCxziON' successfully

2022-01-16 12:26:46 - [MESSAGE][PASSED] - Navigate to 'http://localhost/admin/user.php?sort=name&dir=ASC&perpage=30&page=0&delete=57&sesskey=OUmxCxziON' successfully

2022-01-16 12:26:46 - [TEST_STEP][PASSED] - if (waitForElementVisible(findTestObject("Object Repository/DeleteAllObject/Page_SiteTesting Administration Users Accou_36dc4d/i_Never_icon fa fa-trash fa-fw"), 1, OPTIONAL) == false): Object 'Object Repository/DeleteAllObject/Page_SiteTesting Administration Users Accou_36dc4d/i_Never_icon fa fa-trash fa-fw' is visible

2022-01-16 12:26:47 - [MESSAGE][PASSED] - Object 'Object Repository/DeleteAllObject/Page_SiteTesting Administration Users Accou_36dc4d/i_Never_icon fa fa-trash fa-fw' is visible

2022-01-16 12:26:47 - [TEST_STEP][PASSED] - click(findTestObject("Object Repository/DeleteAllObject/Page_SiteTesting Administration Users Accou_36dc4d/i_Never_icon fa fa-trash fa-fw")): Object: 'Object Repository/DeleteAllObject/Page_SiteTesting Administration Users Accou_36dc4d/i_Never_icon fa fa-trash fa-fw' is clicked on

2022-01-16 12:26:48 - [MESSAGE][PASSED] - Object: 'Object Repository/DeleteAllObject/Page_SiteTesting Administration Users Accou_36dc4d/i_Never_icon fa fa-trash fa-fw' is clicked on

2022-01-16 12:26:48 - [TEST_STEP][PASSED] - click(findTestObject("Object Repository/DeleteAllObject/Page_SiteTesting Administration Users Accou_36dc4d/button_Delete")): Object: 'Object Repository/DeleteAllObject/Page_SiteTesting Administration Users Accou_36dc4d/button_Delete' is clicked on

2022-01-16 12:26:49 - [MESSAGE][PASSED] - Object: 'Object Repository/DeleteAllObject/Page_SiteTesting Administration Users Accou_36dc4d/button_Delete' is clicked on

2022-01-16 12:26:49 - [TEST_STEP][PASSED] - navigateToUrl("http://localhost/admin/user.php?sort=name&dir=ASC&perpage=30&page=0&delete=57&sesskey=OUmxCxziON"): Navigate to 'http://localhost/admin/user.php?sort=name&dir=ASC&perpage=30&page=0&delete=57&sesskey=OUmxCxziON' successfully

2022-01-16 12:26:50 - [MESSAGE][PASSED] - Navigate to 'http://localhost/admin/user.php?sort=name&dir=ASC&perpage=30&page=0&delete=57&sesskey=OUmxCxziON' successfully

2022-01-16 12:26:50 - [TEST_STEP][PASSED] - if (waitForElementVisible(findTestObject("Object Repository/DeleteAllObject/Page_SiteTesting Administration Users Accou_36dc4d/i_Never_icon fa fa-trash fa-fw"), 1, OPTIONAL) == false): null

2022-01-16 12:26:52 - [MESSAGE][INFO] - Unable to find the element located by 'By.xpath: //i[@class = 'icon fa fa-trash fa-fw ' and @title = 'Delete']'. Please recheck the objects properties to make sure the desired element is located. 

2022-01-16 12:26:52 - [MESSAGE][WARNING] - [SELF-HEALING] Failed to find element with id 'Object Repository/DeleteAllObject/Page_SiteTesting Administration Users Accou_36dc4d/i_Never_icon fa fa-trash fa-fw'. Try using Self-healing.

2022-01-16 12:26:53 - [MESSAGE][INFO] - Unable to find the element located by 'By.xpath: //a[@id='yui_3_17_2_1_1641381882105_554']/i'. Please recheck the objects properties to make sure the desired element is located. 

2022-01-16 12:26:54 - [MESSAGE][INFO] - [SELF-HEALING] Failed Locator: '//a[@id='yui_3_17_2_1_1641381882105_554']/i'.

2022-01-16 12:26:54 - [MESSAGE][INFO] - [SELF-HEALING] Failed Locator: '//tr[4]/td[6]/a/i'.

2022-01-16 12:26:54 - [MESSAGE][INFO] - [SELF-HEALING] Failed Locator: '//a[@id='yui_3_17_2_1_1641381882105_554']/i'.

2022-01-16 12:26:55 - [MESSAGE][INFO] - [SELF-HEALING] Failed Locator: '//tr[4]/td[6]/a/i'.

2022-01-16 12:26:56 - [MESSAGE][INFO] - Unable to find the element located by 'By.cssSelector: '. Please recheck the objects properties to make sure the desired element is located. 

2022-01-16 12:26:56 - [MESSAGE][WARNING] - Web element with id: 'Object Repository/DeleteAllObject/Page_SiteTesting Administration Users Accou_36dc4d/i_Never_icon fa fa-trash fa-fw' located by '//i[@class = 'icon fa fa-trash fa-fw ' and @title = 'Delete']' not found

2022-01-16 12:26:56 - [TEST_STEP][PASSED] - break: null

2022-01-16 12:26:56 - [TEST_STEP][PASSED] - if (waitForElementVisible(findTestObject("Object Repository/DeleteAllObject/Page_SiteTesting Administration Users Accou_36dc4d/i_Never_icon fa fa-trash fa-fw"), 1, OPTIONAL) == true): Web element with id: 'Object Repository/DeleteAllObject/Page_SiteTesting Administration Users Accou_36dc4d/i_Never_icon fa fa-trash fa-fw' located by '//i[@class = 'icon fa fa-trash fa-fw ' and @title = 'Delete']' not found

2022-01-16 12:26:58 - [MESSAGE][INFO] - Unable to find the element located by 'By.xpath: //i[@class = 'icon fa fa-trash fa-fw ' and @title = 'Delete']'. Please recheck the objects properties to make sure the desired element is located. 

2022-01-16 12:26:58 - [MESSAGE][WARNING] - [SELF-HEALING] Failed to find element with id 'Object Repository/DeleteAllObject/Page_SiteTesting Administration Users Accou_36dc4d/i_Never_icon fa fa-trash fa-fw'. Try using Self-healing.

2022-01-16 12:26:59 - [MESSAGE][INFO] - Unable to find the element located by 'By.xpath: //a[@id='yui_3_17_2_1_1641381882105_554']/i'. Please recheck the objects properties to make sure the desired element is located. 

2022-01-16 12:26:59 - [MESSAGE][INFO] - [SELF-HEALING] Failed Locator: '//a[@id='yui_3_17_2_1_1641381882105_554']/i'.

2022-01-16 12:26:59 - [MESSAGE][INFO] - [SELF-HEALING] Failed Locator: '//tr[4]/td[6]/a/i'.

2022-01-16 12:27:00 - [MESSAGE][INFO] - [SELF-HEALING] Failed Locator: '//a[@id='yui_3_17_2_1_1641381882105_554']/i'.

2022-01-16 12:27:00 - [MESSAGE][INFO] - [SELF-HEALING] Failed Locator: '//tr[4]/td[6]/a/i'.

2022-01-16 12:27:01 - [MESSAGE][INFO] - Unable to find the element located by 'By.cssSelector: '. Please recheck the objects properties to make sure the desired element is located. 

2022-01-16 12:27:01 - [MESSAGE][WARNING] - Web element with id: 'Object Repository/DeleteAllObject/Page_SiteTesting Administration Users Accou_36dc4d/i_Never_icon fa fa-trash fa-fw' located by '//i[@class = 'icon fa fa-trash fa-fw ' and @title = 'Delete']' not found]]></system-out>
         <system-err><![CDATA[]]></system-err>
      </testcase>
      <system-out><![CDATA[2022-01-16 11:28:30 - [TEST_SUITE][FAILED] - Run all test cases: Test Cases/Student/5. Submit/1. Mask Done FAILED.
Reason:
com.kms.katalon.core.exception.StepFailedException: Unable to click on object 'Object Repository/Page_cntn assignment test/button_Done'
	at com.kms.katalon.core.webui.keyword.internal.WebUIKeywordMain.stepFailed(WebUIKeywordMain.groovy:64)
	at com.kms.katalon.core.webui.keyword.internal.WebUIKeywordMain.runKeyword(WebUIKeywordMain.groovy:26)
	at com.kms.katalon.core.webui.keyword.builtin.ClickKeyword.click(ClickKeyword.groovy:74)
	at com.kms.katalon.core.webui.keyword.builtin.ClickKeyword.execute(ClickKeyword.groovy:40)
	at com.kms.katalon.core.keyword.internal.KeywordExecutor.executeKeywordForPlatform(KeywordExecutor.groovy:74)
	at com.kms.katalon.core.webui.keyword.WebUiBuiltInKeywords.click(WebUiBuiltInKeywords.groovy:620)
	at com.kms.katalon.core.webui.keyword.WebUiBuiltInKeywords$click$1.call(Unknown Source)
	at 1. Mask Done.run(1. Mask Done:26)
	at com.kms.katalon.core.main.ScriptEngine.run(ScriptEngine.java:194)
	at com.kms.katalon.core.main.ScriptEngine.runScriptAsRawText(ScriptEngine.java:119)
	at com.kms.katalon.core.main.TestCaseExecutor.runScript(TestCaseExecutor.java:442)
	at com.kms.katalon.core.main.TestCaseExecutor.doExecute(TestCaseExecutor.java:433)
	at com.kms.katalon.core.main.TestCaseExecutor.processExecutionPhase(TestCaseExecutor.java:412)
	at com.kms.katalon.core.main.TestCaseExecutor.accessMainPhase(TestCaseExecutor.java:404)
	at com.kms.katalon.core.main.TestCaseExecutor.execute(TestCaseExecutor.java:281)
	at com.kms.katalon.core.main.TestSuiteExecutor.accessTestCaseMainPhase(TestSuiteExecutor.java:202)
	at com.kms.katalon.core.main.TestSuiteExecutor.accessTestSuiteMainPhase(TestSuiteExecutor.java:164)
	at com.kms.katalon.core.main.TestSuiteExecutor.execute(TestSuiteExecutor.java:105)
	at com.kms.katalon.core.main.TestCaseMain.startTestSuite(TestCaseMain.java:181)
	at com.kms.katalon.core.main.TestCaseMain$startTestSuite$0.call(Unknown Source)
	at TempTestSuite1642307295030.run(TempTestSuite1642307295030.groovy:36)
Caused by: org.openqa.selenium.ElementClickInterceptedException: element click intercepted: Element <button class="btn btn-outline-secondary" data-action="toggle-manual-completion" id="yui_3_17_2_1_1642308382910_39">...</button> is not clickable at point (353, 350). Other element would receive the click: <div class="yui3-widget-mask" style="position: fixed; width: 100%; height: 100%; top: 0px; left: 0px; z-index: 1041;"></div>
  (Session info: MicrosoftEdge=97.0.1072.62)
Build info: version: '3.141.59', revision: 'e82be7d358', time: '2018-11-14T08:25:53'
System info: host: 'LAPTOP-O4I5TINJ', ip: '192.168.11.1', os.name: 'Windows 10', os.arch: 'amd64', os.version: '10.0', java.version: '1.8.0_282'
Driver info: com.kms.katalon.selenium.driver.CEdgeDriver
Capabilities {acceptInsecureCerts: false, browserName: msedge, browserVersion: 97.0.1072.62, javascriptEnabled: true, ms:edgeOptions: {debuggerAddress: localhost:60010}, msedge: {msedgedriverVersion: 97.0.1072.55 (ce3bf33648805..., userDataDir: C:\Users\ASUS\AppData\Local...}, networkConnectionEnabled: false, pageLoadStrategy: normal, platform: WINDOWS, platformName: WINDOWS, proxy: Proxy(), setWindowRect: true, strictFileInteractability: false, timeouts: {implicit: 0, pageLoad: 300000, script: 30000}, unhandledPromptBehavior: dismiss and notify, webauthn:extension:credBlob: true, webauthn:extension:largeBlob: true, webauthn:virtualAuthenticators: true}
Session ID: 8d068f4037f5608558727d6bd9d4bfaa
	at org.openqa.selenium.remote.http.W3CHttpResponseCodec.createException(W3CHttpResponseCodec.java:187)
	at org.openqa.selenium.remote.http.W3CHttpResponseCodec.decode(W3CHttpResponseCodec.java:122)
	at org.openqa.selenium.remote.http.W3CHttpResponseCodec.decode(W3CHttpResponseCodec.java:49)
	at org.openqa.selenium.remote.HttpCommandExecutor.execute(HttpCommandExecutor.java:158)
	at org.openqa.selenium.remote.service.DriverCommandExecutor.execute(DriverCommandExecutor.java:83)
	at org.openqa.selenium.remote.RemoteWebDriver.execute(RemoteWebDriver.java:552)
	at com.kms.katalon.selenium.driver.CEdgeDriver.execute(CEdgeDriver.java:20)
	at org.openqa.selenium.remote.RemoteWebElement.execute(RemoteWebElement.java:285)
	at org.openqa.selenium.remote.RemoteWebElement.click(RemoteWebElement.java:84)
	at org.openqa.selenium.support.events.EventFiringWebDriver$EventFiringWebElement.lambda$new$0(EventFiringWebDriver.java:404)
	at com.sun.proxy.$Proxy11.click(Unknown Source)
	at org.openqa.selenium.support.events.EventFiringWebDriver$EventFiringWebElement.click(EventFiringWebDriver.java:417)
	at org.openqa.selenium.WebElement$click.call(Unknown Source)
	at com.kms.katalon.core.webui.keyword.builtin.ClickKeyword.clickUntilSuccessWithTimeout(ClickKeyword.groovy:81)
	at com.kms.katalon.core.webui.keyword.builtin.ClickKeyword.clickUntilSuccessWithTimeout(ClickKeyword.groovy)
	at com.kms.katalon.core.webui.keyword.builtin.ClickKeyword$_click_closure1.doCall(ClickKeyword.groovy:67)
	at com.kms.katalon.core.webui.keyword.builtin.ClickKeyword$_click_closure1.call(ClickKeyword.groovy)
	at com.kms.katalon.core.webui.keyword.internal.WebUIKeywordMain.runKeyword(WebUIKeywordMain.groovy:20)
	... 19 more]]></system-out>
      <system-err><![CDATA[2022-01-16 11:28:30 - [TEST_SUITE][FAILED] - Run all test cases: Test Cases/Student/5. Submit/1. Mask Done FAILED.
Reason:
com.kms.katalon.core.exception.StepFailedException: Unable to click on object 'Object Repository/Page_cntn assignment test/button_Done'
	at com.kms.katalon.core.webui.keyword.internal.WebUIKeywordMain.stepFailed(WebUIKeywordMain.groovy:64)
	at com.kms.katalon.core.webui.keyword.internal.WebUIKeywordMain.runKeyword(WebUIKeywordMain.groovy:26)
	at com.kms.katalon.core.webui.keyword.builtin.ClickKeyword.click(ClickKeyword.groovy:74)
	at com.kms.katalon.core.webui.keyword.builtin.ClickKeyword.execute(ClickKeyword.groovy:40)
	at com.kms.katalon.core.keyword.internal.KeywordExecutor.executeKeywordForPlatform(KeywordExecutor.groovy:74)
	at com.kms.katalon.core.webui.keyword.WebUiBuiltInKeywords.click(WebUiBuiltInKeywords.groovy:620)
	at com.kms.katalon.core.webui.keyword.WebUiBuiltInKeywords$click$1.call(Unknown Source)
	at 1. Mask Done.run(1. Mask Done:26)
	at com.kms.katalon.core.main.ScriptEngine.run(ScriptEngine.java:194)
	at com.kms.katalon.core.main.ScriptEngine.runScriptAsRawText(ScriptEngine.java:119)
	at com.kms.katalon.core.main.TestCaseExecutor.runScript(TestCaseExecutor.java:442)
	at com.kms.katalon.core.main.TestCaseExecutor.doExecute(TestCaseExecutor.java:433)
	at com.kms.katalon.core.main.TestCaseExecutor.processExecutionPhase(TestCaseExecutor.java:412)
	at com.kms.katalon.core.main.TestCaseExecutor.accessMainPhase(TestCaseExecutor.java:404)
	at com.kms.katalon.core.main.TestCaseExecutor.execute(TestCaseExecutor.java:281)
	at com.kms.katalon.core.main.TestSuiteExecutor.accessTestCaseMainPhase(TestSuiteExecutor.java:202)
	at com.kms.katalon.core.main.TestSuiteExecutor.accessTestSuiteMainPhase(TestSuiteExecutor.java:164)
	at com.kms.katalon.core.main.TestSuiteExecutor.execute(TestSuiteExecutor.java:105)
	at com.kms.katalon.core.main.TestCaseMain.startTestSuite(TestCaseMain.java:181)
	at com.kms.katalon.core.main.TestCaseMain$startTestSuite$0.call(Unknown Source)
	at TempTestSuite1642307295030.run(TempTestSuite1642307295030.groovy:36)
Caused by: org.openqa.selenium.ElementClickInterceptedException: element click intercepted: Element <button class="btn btn-outline-secondary" data-action="toggle-manual-completion" id="yui_3_17_2_1_1642308382910_39">...</button> is not clickable at point (353, 350). Other element would receive the click: <div class="yui3-widget-mask" style="position: fixed; width: 100%; height: 100%; top: 0px; left: 0px; z-index: 1041;"></div>
  (Session info: MicrosoftEdge=97.0.1072.62)
Build info: version: '3.141.59', revision: 'e82be7d358', time: '2018-11-14T08:25:53'
System info: host: 'LAPTOP-O4I5TINJ', ip: '192.168.11.1', os.name: 'Windows 10', os.arch: 'amd64', os.version: '10.0', java.version: '1.8.0_282'
Driver info: com.kms.katalon.selenium.driver.CEdgeDriver
Capabilities {acceptInsecureCerts: false, browserName: msedge, browserVersion: 97.0.1072.62, javascriptEnabled: true, ms:edgeOptions: {debuggerAddress: localhost:60010}, msedge: {msedgedriverVersion: 97.0.1072.55 (ce3bf33648805..., userDataDir: C:\Users\ASUS\AppData\Local...}, networkConnectionEnabled: false, pageLoadStrategy: normal, platform: WINDOWS, platformName: WINDOWS, proxy: Proxy(), setWindowRect: true, strictFileInteractability: false, timeouts: {implicit: 0, pageLoad: 300000, script: 30000}, unhandledPromptBehavior: dismiss and notify, webauthn:extension:credBlob: true, webauthn:extension:largeBlob: true, webauthn:virtualAuthenticators: true}
Session ID: 8d068f4037f5608558727d6bd9d4bfaa
	at org.openqa.selenium.remote.http.W3CHttpResponseCodec.createException(W3CHttpResponseCodec.java:187)
	at org.openqa.selenium.remote.http.W3CHttpResponseCodec.decode(W3CHttpResponseCodec.java:122)
	at org.openqa.selenium.remote.http.W3CHttpResponseCodec.decode(W3CHttpResponseCodec.java:49)
	at org.openqa.selenium.remote.HttpCommandExecutor.execute(HttpCommandExecutor.java:158)
	at org.openqa.selenium.remote.service.DriverCommandExecutor.execute(DriverCommandExecutor.java:83)
	at org.openqa.selenium.remote.RemoteWebDriver.execute(RemoteWebDriver.java:552)
	at com.kms.katalon.selenium.driver.CEdgeDriver.execute(CEdgeDriver.java:20)
	at org.openqa.selenium.remote.RemoteWebElement.execute(RemoteWebElement.java:285)
	at org.openqa.selenium.remote.RemoteWebElement.click(RemoteWebElement.java:84)
	at org.openqa.selenium.support.events.EventFiringWebDriver$EventFiringWebElement.lambda$new$0(EventFiringWebDriver.java:404)
	at com.sun.proxy.$Proxy11.click(Unknown Source)
	at org.openqa.selenium.support.events.EventFiringWebDriver$EventFiringWebElement.click(EventFiringWebDriver.java:417)
	at org.openqa.selenium.WebElement$click.call(Unknown Source)
	at com.kms.katalon.core.webui.keyword.builtin.ClickKeyword.clickUntilSuccessWithTimeout(ClickKeyword.groovy:81)
	at com.kms.katalon.core.webui.keyword.builtin.ClickKeyword.clickUntilSuccessWithTimeout(ClickKeyword.groovy)
	at com.kms.katalon.core.webui.keyword.builtin.ClickKeyword$_click_closure1.doCall(ClickKeyword.groovy:67)
	at com.kms.katalon.core.webui.keyword.builtin.ClickKeyword$_click_closure1.call(ClickKeyword.groovy)
	at com.kms.katalon.core.webui.keyword.internal.WebUIKeywordMain.runKeyword(WebUIKeywordMain.groovy:20)
	... 19 more]]></system-err>
   </testsuite>
</testsuites>
