<?xml version="1.0" encoding="UTF-8"?>
<testsuites name="Run all test cases" time="1760.062" tests="30" failures="5" errors="0">
   <testsuite name="Run all test cases" tests="30" failures="5" errors="0" time="1760.062" skipped="0" timestamp="2022-01-15 18:36:08" hostname="ASUS - LAPTOP-O4I5TINJ" id="Test Suites/Run all test cases">
      <properties>
         <property name="deviceName" value=""/>
         <property name="devicePlatform" value=""/>
         <property name="logFolder" value="E:\\MoodleTestByKatalon\\Reports\\20220115_183556\\Run all test cases\\20220115_183556"/>
         <property name="logFiles" value="E:\\MoodleTestByKatalon\\Reports\\20220115_183556\\Run all test cases\\20220115_183556\\execution0.log"/>
         <property name="attachments" value="E:\\MoodleTestByKatalon\\Reports\\20220115_183556\\Run all test cases\\20220115_183556\\1642247904600.png, E:\\MoodleTestByKatalon\\Reports\\20220115_183556\\Run all test cases\\20220115_183556\\1642247904703.png, E:\\MoodleTestByKatalon\\Reports\\20220115_183556\\Run all test cases\\20220115_183556\\1642247961725.png, E:\\MoodleTestByKatalon\\Reports\\20220115_183556\\Run all test cases\\20220115_183556\\1642248038603.png, E:\\MoodleTestByKatalon\\Reports\\20220115_183556\\Run all test cases\\20220115_183556\\1642248038712.png, E:\\MoodleTestByKatalon\\Reports\\20220115_183556\\Run all test cases\\20220115_183556\\1642248109450.png, E:\\MoodleTestByKatalon\\Reports\\20220115_183556\\Run all test cases\\20220115_183556\\1642248109559.png, E:\\MoodleTestByKatalon\\Reports\\20220115_183556\\Run all test cases\\20220115_183556\\1642248212709.png"/>
         <property name="hostName" value="ASUS - LAPTOP-O4I5TINJ"/>
         <property name="os" value="Windows 10 64bit"/>
         <property name="katalonVersion" value="8.2.0.208"/>
         <property name="browser" value="Edge Chromium 97"/>
         <property name="hostAddress" value="192.168.11.1"/>
         <property name="sessionId" value="5390e62c09bcef02a91f132d679c5018"/>
         <property name="seleniumVersion" value="3.141.59"/>
         <property name="proxyInformation" value="ProxyInformation { proxyOption=NO_PROXY, proxyServerType=HTTP, username=, password=********, proxyServerAddress=, proxyServerPort=0, executionList=&quot;&quot;, isApplyToDesiredCapabilities=true }"/>
         <property name="platform" value="Windows 10"/>
      </properties>
      <testcase name="Test Cases/Phần thiết lập khác/Tạo Course tên là Sample Course For Permission" time="17.628" classname="Test Cases/Phần thiết lập khác/Tạo Course tên là Sample Course For Permission" status="PASSED">
         <system-out><![CDATA[2022-01-15 18:36:08 - [TEST_CASE][PASSED] - Test Cases/Phần thiết lập khác/Tạo Course tên là Sample Course For Permission: Test Cases/Phần thiết lập khác/Tạo Course tên là Sample Course For Permission

2022-01-15 18:36:09 - [TEST_STEP][PASSED] - callTestCase(findTestCase("Kiểm tra thẻ Site Administration/Đăng nhập thành công"), [:], STOP_ON_FAILURE): Call Test Case 'Test Cases/Kiểm tra thẻ Site Administration/Đăng nhập thành công' successfully

2022-01-15 18:36:09 - [TEST_CASE][PASSED] - Test Cases/Kiểm tra thẻ Site Administration/Đăng nhập thành công: Test Cases/Kiểm tra thẻ Site Administration/Đăng nhập thành công

2022-01-15 18:36:09 - [TEST_STEP][PASSED] - openBrowser(""): Browser is opened with url: ''

2022-01-15 18:36:09 - [MESSAGE][INFO] - Starting 'Edge Chromium' driver

2022-01-15 18:36:12 - [MESSAGE][INFO] - Action delay is set to 0 milliseconds

2022-01-15 18:36:13 - [MESSAGE][PASSED] - Browser is opened with url: ''

2022-01-15 18:36:13 - [TEST_STEP][PASSED] - navigateToUrl("http://localhost/"): Navigate to 'http://localhost/' successfully

2022-01-15 18:36:14 - [MESSAGE][PASSED] - Navigate to 'http://localhost/' successfully

2022-01-15 18:36:14 - [TEST_STEP][PASSED] - click(findTestObject("Object Repository/LoginObject/Page_Automation Testing Site/a_Log in")): Object: 'Object Repository/LoginObject/Page_Automation Testing Site/a_Log in' is clicked on

2022-01-15 18:36:15 - [MESSAGE][PASSED] - Object: 'Object Repository/LoginObject/Page_Automation Testing Site/a_Log in' is clicked on

2022-01-15 18:36:15 - [TEST_STEP][PASSED] - setText(findTestObject("Object Repository/LoginObject/Page_Automation Testing Site Log in to the site/input_Username_username"), "admin"): Text 'admin' is set on object 'Object Repository/LoginObject/Page_Automation Testing Site Log in to the site/input_Username_username'

2022-01-15 18:36:16 - [MESSAGE][PASSED] - Text 'admin' is set on object 'Object Repository/LoginObject/Page_Automation Testing Site Log in to the site/input_Username_username'

2022-01-15 18:36:16 - [TEST_STEP][PASSED] - setEncryptedText(findTestObject("Object Repository/LoginObject/Page_Automation Testing Site Log in to the site/input_Password_password"), "cnpXG5HhkrZpEXzNIGBMZQ=="): Text ****** has been set on object 'Object Repository/LoginObject/Page_Automation Testing Site Log in to the site/input_Password_password'

2022-01-15 18:36:16 - [MESSAGE][PASSED] - Text ****** has been set on object 'Object Repository/LoginObject/Page_Automation Testing Site Log in to the site/input_Password_password'

2022-01-15 18:36:16 - [TEST_STEP][PASSED] - click(findTestObject("Object Repository/LoginObject/Page_Automation Testing Site Log in to the site/button_Log in")): Object: 'Object Repository/LoginObject/Page_Automation Testing Site Log in to the site/button_Log in' is clicked on

2022-01-15 18:36:17 - [MESSAGE][PASSED] - Object: 'Object Repository/LoginObject/Page_Automation Testing Site Log in to the site/button_Log in' is clicked on

2022-01-15 18:36:17 - [TEST_STEP][PASSED] - verifyElementText(findTestObject("Object Repository/LoginObject/Page_Dashboard/span_Site administration"), "Site administration"): Actual text and expected text of test object 'Object Repository/LoginObject/Page_Dashboard/span_Site administration' are matched.

2022-01-15 18:36:19 - [MESSAGE][PASSED] - Actual text and expected text of test object 'Object Repository/LoginObject/Page_Dashboard/span_Site administration' are matched.

2022-01-15 18:36:19 - [MESSAGE][PASSED] - Call Test Case 'Test Cases/Kiểm tra thẻ Site Administration/Đăng nhập thành công' successfully

2022-01-15 18:36:19 - [TEST_STEP][PASSED] - click(findTestObject("Object Repository/AddSampleCourse/Page_Dashboard/span_Site home")): Object: 'Object Repository/AddSampleCourse/Page_Dashboard/span_Site home' is clicked on

2022-01-15 18:36:20 - [MESSAGE][PASSED] - Object: 'Object Repository/AddSampleCourse/Page_Dashboard/span_Site home' is clicked on

2022-01-15 18:36:20 - [TEST_STEP][PASSED] - if (verifyTextPresent("Sample Course For Permission", false, OPTIONAL) == true): Text 'Sample Course For Permission' is not present on page  (Root cause: com.kms.katalon.core.exception.StepFailedException: Text 'Sample Course For Permission' is not present on page 
	at com.kms.katalon.core.webui.keyword.internal.WebUIKeywordMain.stepFailed(WebUIKeywordMain.groovy:64)
	at com.kms.katalon.core.webui.keyword.builtin.VerifyTextPresentKeyword$_verifyTextPresent_closure1.doCall(VerifyTextPresentKeyword.groovy:79)
	at com.kms.katalon.core.webui.keyword.builtin.VerifyTextPresentKeyword$_verifyTextPresent_closure1.call(VerifyTextPresentKeyword.groovy)
	at com.kms.katalon.core.webui.keyword.internal.WebUIKeywordMain.runKeyword(WebUIKeywordMain.groovy:20)
	at com.kms.katalon.core.webui.keyword.builtin.VerifyTextPresentKeyword.verifyTextPresent(VerifyTextPresentKeyword.groovy:83)
	at com.kms.katalon.core.webui.keyword.builtin.VerifyTextPresentKeyword.execute(VerifyTextPresentKeyword.groovy:68)
	at com.kms.katalon.core.keyword.internal.KeywordExecutor.executeKeywordForPlatform(KeywordExecutor.groovy:74)
	at com.kms.katalon.core.webui.keyword.WebUiBuiltInKeywords.verifyTextPresent(WebUiBuiltInKeywords.groovy:1707)
	at com.kms.katalon.core.webui.keyword.WebUiBuiltInKeywords$verifyTextPresent$5.call(Unknown Source)
	at Tạo Course tên là Sample Course For Permission.run(Tạo Course tên là Sample Course For Permission:27)
	at com.kms.katalon.core.main.ScriptEngine.run(ScriptEngine.java:194)
	at com.kms.katalon.core.main.ScriptEngine.runScriptAsRawText(ScriptEngine.java:119)
	at com.kms.katalon.core.main.TestCaseExecutor.runScript(TestCaseExecutor.java:442)
	at com.kms.katalon.core.main.TestCaseExecutor.doExecute(TestCaseExecutor.java:433)
	at com.kms.katalon.core.main.TestCaseExecutor.processExecutionPhase(TestCaseExecutor.java:412)
	at com.kms.katalon.core.main.TestCaseExecutor.accessMainPhase(TestCaseExecutor.java:404)
	at com.kms.katalon.core.main.TestCaseExecutor.execute(TestCaseExecutor.java:281)
	at com.kms.katalon.core.main.TestSuiteExecutor.accessTestCaseMainPhase(TestSuiteExecutor.java:202)
	at com.kms.katalon.core.main.TestSuiteExecutor.accessTestSuiteMainPhase(TestSuiteExecutor.java:164)
	at com.kms.katalon.core.main.TestSuiteExecutor.execute(TestSuiteExecutor.java:105)
	at com.kms.katalon.core.main.TestCaseMain.startTestSuite(TestCaseMain.java:181)
	at com.kms.katalon.core.main.TestCaseMain$startTestSuite$0.call(Unknown Source)
	at TempTestSuite1642246556726.run(TempTestSuite1642246556726.groovy:36)
)

2022-01-15 18:36:20 - [MESSAGE][WARNING] - Text 'Sample Course For Permission' is not present on page  (Root cause: com.kms.katalon.core.exception.StepFailedException: Text 'Sample Course For Permission' is not present on page 
	at com.kms.katalon.core.webui.keyword.internal.WebUIKeywordMain.stepFailed(WebUIKeywordMain.groovy:64)
	at com.kms.katalon.core.webui.keyword.builtin.VerifyTextPresentKeyword$_verifyTextPresent_closure1.doCall(VerifyTextPresentKeyword.groovy:79)
	at com.kms.katalon.core.webui.keyword.builtin.VerifyTextPresentKeyword$_verifyTextPresent_closure1.call(VerifyTextPresentKeyword.groovy)
	at com.kms.katalon.core.webui.keyword.internal.WebUIKeywordMain.runKeyword(WebUIKeywordMain.groovy:20)
	at com.kms.katalon.core.webui.keyword.builtin.VerifyTextPresentKeyword.verifyTextPresent(VerifyTextPresentKeyword.groovy:83)
	at com.kms.katalon.core.webui.keyword.builtin.VerifyTextPresentKeyword.execute(VerifyTextPresentKeyword.groovy:68)
	at com.kms.katalon.core.keyword.internal.KeywordExecutor.executeKeywordForPlatform(KeywordExecutor.groovy:74)
	at com.kms.katalon.core.webui.keyword.WebUiBuiltInKeywords.verifyTextPresent(WebUiBuiltInKeywords.groovy:1707)
	at com.kms.katalon.core.webui.keyword.WebUiBuiltInKeywords$verifyTextPresent$5.call(Unknown Source)
	at Tạo Course tên là Sample Course For Permission.run(Tạo Course tên là Sample Course For Permission:27)
	at com.kms.katalon.core.main.ScriptEngine.run(ScriptEngine.java:194)
	at com.kms.katalon.core.main.ScriptEngine.runScriptAsRawText(ScriptEngine.java:119)
	at com.kms.katalon.core.main.TestCaseExecutor.runScript(TestCaseExecutor.java:442)
	at com.kms.katalon.core.main.TestCaseExecutor.doExecute(TestCaseExecutor.java:433)
	at com.kms.katalon.core.main.TestCaseExecutor.processExecutionPhase(TestCaseExecutor.java:412)
	at com.kms.katalon.core.main.TestCaseExecutor.accessMainPhase(TestCaseExecutor.java:404)
	at com.kms.katalon.core.main.TestCaseExecutor.execute(TestCaseExecutor.java:281)
	at com.kms.katalon.core.main.TestSuiteExecutor.accessTestCaseMainPhase(TestSuiteExecutor.java:202)
	at com.kms.katalon.core.main.TestSuiteExecutor.accessTestSuiteMainPhase(TestSuiteExecutor.java:164)
	at com.kms.katalon.core.main.TestSuiteExecutor.execute(TestSuiteExecutor.java:105)
	at com.kms.katalon.core.main.TestCaseMain.startTestSuite(TestCaseMain.java:181)
	at com.kms.katalon.core.main.TestCaseMain$startTestSuite$0.call(Unknown Source)
	at TempTestSuite1642246556726.run(TempTestSuite1642246556726.groovy:36)
)

2022-01-15 18:36:20 - [TEST_STEP][PASSED] - else: Text 'Sample Course For Permission' is present on page 

2022-01-15 18:36:20 - [TEST_STEP][PASSED] - click(findTestObject("Object Repository/AddSampleCourse/Page_Automation Testing Site/button_Add a new course")): Object: 'Object Repository/AddSampleCourse/Page_Automation Testing Site/button_Add a new course' is clicked on

2022-01-15 18:36:22 - [MESSAGE][PASSED] - Object: 'Object Repository/AddSampleCourse/Page_Automation Testing Site/button_Add a new course' is clicked on

2022-01-15 18:36:22 - [TEST_STEP][PASSED] - setText(findTestObject("Object Repository/AddSampleCourse/Page_SiteTesting Add a new course/input_Course full name_fullname"), "Sample Course For Permission"): Text 'Sample Course For Permission' is set on object 'Object Repository/AddSampleCourse/Page_SiteTesting Add a new course/input_Course full name_fullname'

2022-01-15 18:36:23 - [MESSAGE][PASSED] - Text 'Sample Course For Permission' is set on object 'Object Repository/AddSampleCourse/Page_SiteTesting Add a new course/input_Course full name_fullname'

2022-01-15 18:36:23 - [TEST_STEP][PASSED] - setText(findTestObject("Object Repository/AddSampleCourse/Page_SiteTesting Add a new course/input_Course short name_shortname"), "SampleC"): Text 'SampleC' is set on object 'Object Repository/AddSampleCourse/Page_SiteTesting Add a new course/input_Course short name_shortname'

2022-01-15 18:36:24 - [MESSAGE][PASSED] - Text 'SampleC' is set on object 'Object Repository/AddSampleCourse/Page_SiteTesting Add a new course/input_Course short name_shortname'

2022-01-15 18:36:24 - [TEST_STEP][PASSED] - click(findTestObject("Object Repository/AddSampleCourse/Page_SiteTesting Add a new course/input__saveandreturn")): Object: 'Object Repository/AddSampleCourse/Page_SiteTesting Add a new course/input__saveandreturn' is clicked on

2022-01-15 18:36:25 - [MESSAGE][PASSED] - Object: 'Object Repository/AddSampleCourse/Page_SiteTesting Add a new course/input__saveandreturn' is clicked on

2022-01-15 18:36:25 - [TEST_STEP][PASSED] - verifyTextPresent("Sample Course For Permission", false): Text 'Sample Course For Permission' is present on page 

2022-01-15 18:36:26 - [MESSAGE][PASSED] - Text 'Sample Course For Permission' is present on page]]></system-out>
         <system-err><![CDATA[]]></system-err>
      </testcase>
      <testcase name="Test Cases/Student/0. Setup student env" time="158.64" classname="Test Cases/Student/0. Setup student env" status="PASSED">
         <system-out><![CDATA[2022-01-15 18:36:26 - [TEST_CASE][PASSED] - Test Cases/Student/0. Setup student env: Test Cases/Student/0. Setup student env

2022-01-15 18:36:26 - [TEST_STEP][PASSED] - openBrowser(""): Browser is opened with url: ''

2022-01-15 18:36:26 - [MESSAGE][WARNING] - A browser is already opened. Closing browser and opening a new one

2022-01-15 18:36:27 - [MESSAGE][INFO] - Starting 'Edge Chromium' driver

2022-01-15 18:36:29 - [MESSAGE][INFO] - Action delay is set to 0 milliseconds

2022-01-15 18:36:30 - [MESSAGE][PASSED] - Browser is opened with url: ''

2022-01-15 18:36:30 - [TEST_STEP][PASSED] - navigateToUrl("http://localhost/"): Navigate to 'http://localhost/' successfully

2022-01-15 18:36:31 - [MESSAGE][PASSED] - Navigate to 'http://localhost/' successfully

2022-01-15 18:36:31 - [TEST_STEP][PASSED] - click(findTestObject("Object Repository/Page_Automation Testing Site/a_Log in")): Object: 'Object Repository/Page_Automation Testing Site/a_Log in' is clicked on

2022-01-15 18:36:31 - [MESSAGE][PASSED] - Object: 'Object Repository/Page_Automation Testing Site/a_Log in' is clicked on

2022-01-15 18:36:31 - [TEST_STEP][PASSED] - setText(findTestObject("Object Repository/Page_Automation Testing Site Log in to the site/input_Username_username"), "admin"): Text 'admin' is set on object 'Object Repository/Page_Automation Testing Site Log in to the site/input_Username_username'

2022-01-15 18:36:32 - [MESSAGE][PASSED] - Text 'admin' is set on object 'Object Repository/Page_Automation Testing Site Log in to the site/input_Username_username'

2022-01-15 18:36:32 - [TEST_STEP][PASSED] - setEncryptedText(findTestObject("Object Repository/Page_Automation Testing Site Log in to the site/input_Password_password"), "cnpXG5HhkrZpEXzNIGBMZQ=="): Text ****** has been set on object 'Object Repository/Page_Automation Testing Site Log in to the site/input_Password_password'

2022-01-15 18:36:32 - [MESSAGE][PASSED] - Text ****** has been set on object 'Object Repository/Page_Automation Testing Site Log in to the site/input_Password_password'

2022-01-15 18:36:32 - [TEST_STEP][PASSED] - click(findTestObject("Object Repository/Page_Automation Testing Site Log in to the site/button_Log in")): Object: 'Object Repository/Page_Automation Testing Site Log in to the site/button_Log in' is clicked on

2022-01-15 18:36:34 - [MESSAGE][PASSED] - Object: 'Object Repository/Page_Automation Testing Site Log in to the site/button_Log in' is clicked on

2022-01-15 18:36:34 - [TEST_STEP][PASSED] - click(findTestObject("Object Repository/Page_Course and category management/span_Site administration")): Object: 'Object Repository/Page_Course and category management/span_Site administration' is clicked on

2022-01-15 18:36:35 - [MESSAGE][PASSED] - Object: 'Object Repository/Page_Course and category management/span_Site administration' is clicked on

2022-01-15 18:36:35 - [TEST_STEP][PASSED] - click(findTestObject("Object Repository/Page_SiteTesting Administration Search/a_Courses")): Object: 'Object Repository/Page_SiteTesting Administration Search/a_Courses' is clicked on

2022-01-15 18:36:36 - [MESSAGE][PASSED] - Object: 'Object Repository/Page_SiteTesting Administration Search/a_Courses' is clicked on

2022-01-15 18:36:36 - [TEST_STEP][PASSED] - click(findTestObject("Object Repository/Page_SiteTesting Administration Search/a_Manage courses and categories")): Object: 'Object Repository/Page_SiteTesting Administration Search/a_Manage courses and categories' is clicked on

2022-01-15 18:36:37 - [MESSAGE][PASSED] - Object: 'Object Repository/Page_SiteTesting Administration Search/a_Manage courses and categories' is clicked on

2022-01-15 18:36:37 - [TEST_STEP][PASSED] - click(findTestObject("Object Repository/Page_Course and category management/a_Create new course")): Object: 'Object Repository/Page_Course and category management/a_Create new course' is clicked on

2022-01-15 18:37:08 - [MESSAGE][INFO] - Unable to find the element located by 'By.xpath: //div[@id='yui_3_17_2_1_1642147506792_57']/div/div/a'. Please recheck the objects properties to make sure the desired element is located. 

2022-01-15 18:37:08 - [MESSAGE][WARNING] - [SELF-HEALING] Failed to find element with id 'Object Repository/Page_Course and category management/a_Create new course'. Try using Self-healing.

2022-01-15 18:37:08 - [MESSAGE][WARNING] - [SELF-HEALING] The current locator of test object 'Object Repository/Page_Course and category management/a_Create new course' was broken. Propose an alternative one: '//a[contains(text(),'Create new course')]'.

2022-01-15 18:37:09 - [MESSAGE][PASSED] - Object: 'Object Repository/Page_Course and category management/a_Create new course' is clicked on

2022-01-15 18:37:09 - [TEST_STEP][PASSED] - setText(findTestObject("Object Repository/Page_SiteTesting Add a new course/input_Course full name_fullname"), "CNTN"): Text 'CNTN' is set on object 'Object Repository/Page_SiteTesting Add a new course/input_Course full name_fullname'

2022-01-15 18:37:10 - [MESSAGE][PASSED] - Text 'CNTN' is set on object 'Object Repository/Page_SiteTesting Add a new course/input_Course full name_fullname'

2022-01-15 18:37:10 - [TEST_STEP][PASSED] - setText(findTestObject("Object Repository/Page_SiteTesting Add a new course/input_Course short name_shortname"), "cntn"): Text 'cntn' is set on object 'Object Repository/Page_SiteTesting Add a new course/input_Course short name_shortname'

2022-01-15 18:37:11 - [MESSAGE][PASSED] - Text 'cntn' is set on object 'Object Repository/Page_SiteTesting Add a new course/input_Course short name_shortname'

2022-01-15 18:37:11 - [TEST_STEP][PASSED] - click(findTestObject("Object Repository/Page_SiteTesting Add a new course/input__saveanddisplay")): Object: 'Object Repository/Page_SiteTesting Add a new course/input__saveanddisplay' is clicked on

2022-01-15 18:37:13 - [MESSAGE][PASSED] - Object: 'Object Repository/Page_SiteTesting Add a new course/input__saveanddisplay' is clicked on

2022-01-15 18:37:13 - [TEST_STEP][PASSED] - click(findTestObject("Object Repository/Page_Grades View/span_General")): Object: 'Object Repository/Page_Grades View/span_General' is clicked on

2022-01-15 18:37:13 - [MESSAGE][PASSED] - Object: 'Object Repository/Page_Grades View/span_General' is clicked on

2022-01-15 18:37:13 - [TEST_STEP][PASSED] - scrollToPosition(0, 0): Browser is scrolled to position x = 0, y = 0

2022-01-15 18:37:13 - [MESSAGE][PASSED] - Browser is scrolled to position x = 0, y = 0

2022-01-15 18:37:13 - [TEST_STEP][PASSED] - click(findTestObject("Object Repository/Page_Course CNTN/button_Turn editing on")): Object: 'Object Repository/Page_Course CNTN/button_Turn editing on' is clicked on

2022-01-15 18:37:14 - [MESSAGE][PASSED] - Object: 'Object Repository/Page_Course CNTN/button_Turn editing on' is clicked on

2022-01-15 18:37:14 - [TEST_STEP][PASSED] - click(findTestObject("Object Repository/Page_Course CNTN/span_Add an activity or resource")): Object: 'Object Repository/Page_Course CNTN/span_Add an activity or resource' is clicked on

2022-01-15 18:37:15 - [MESSAGE][PASSED] - Object: 'Object Repository/Page_Course CNTN/span_Add an activity or resource' is clicked on

2022-01-15 18:37:15 - [TEST_STEP][PASSED] - click(findTestObject("Object Repository/Page_Course CNTN/div_Assignment")): Object: 'Object Repository/Page_Course CNTN/div_Assignment' is clicked on

2022-01-15 18:37:46 - [MESSAGE][INFO] - Unable to find the element located by 'By.xpath: //div[@id='all-6']/div/div/div/a/div[2]'. Please recheck the objects properties to make sure the desired element is located. 

2022-01-15 18:37:46 - [MESSAGE][WARNING] - [SELF-HEALING] Failed to find element with id 'Object Repository/Page_Course CNTN/div_Assignment'. Try using Self-healing.

2022-01-15 18:37:47 - [MESSAGE][WARNING] - [SELF-HEALING] The current locator of test object 'Object Repository/Page_Course CNTN/div_Assignment' was broken. Propose an alternative one: '(.//*[normalize-space(text()) and normalize-space(.)='Recommended'])[1]/following::div[9]'.

2022-01-15 18:37:48 - [MESSAGE][PASSED] - Object: 'Object Repository/Page_Course CNTN/div_Assignment' is clicked on

2022-01-15 18:37:48 - [TEST_STEP][PASSED] - setText(findTestObject("Object Repository/Page_Editing Assignment/input_Assignment name_name"), "assignment test"): Text 'assignment test' is set on object 'Object Repository/Page_Editing Assignment/input_Assignment name_name'

2022-01-15 18:37:49 - [MESSAGE][PASSED] - Text 'assignment test' is set on object 'Object Repository/Page_Editing Assignment/input_Assignment name_name'

2022-01-15 18:37:49 - [TEST_STEP][PASSED] - click(findTestObject("Object Repository/Page_Editing Assignment/input_File submissions_assignsubmission_fil_19d1d4")): Object: 'Object Repository/Page_Editing Assignment/input_File submissions_assignsubmission_fil_19d1d4' is clicked on

2022-01-15 18:37:50 - [MESSAGE][PASSED] - Object: 'Object Repository/Page_Editing Assignment/input_File submissions_assignsubmission_fil_19d1d4' is clicked on

2022-01-15 18:37:50 - [TEST_STEP][PASSED] - click(findTestObject("Object Repository/Page_Editing Assignment/input_Online text_assignsubmission_onlinete_900d47")): Object: 'Object Repository/Page_Editing Assignment/input_Online text_assignsubmission_onlinete_900d47' is clicked on

2022-01-15 18:37:50 - [MESSAGE][PASSED] - Object: 'Object Repository/Page_Editing Assignment/input_Online text_assignsubmission_onlinete_900d47' is clicked on

2022-01-15 18:37:50 - [TEST_STEP][PASSED] - click(findTestObject("Object Repository/Page_Editing Assignment/input_Upon activity completion_submitbutton2")): Object: 'Object Repository/Page_Editing Assignment/input_Upon activity completion_submitbutton2' is clicked on

2022-01-15 18:37:51 - [MESSAGE][PASSED] - Object: 'Object Repository/Page_Editing Assignment/input_Upon activity completion_submitbutton2' is clicked on

2022-01-15 18:37:51 - [TEST_STEP][PASSED] - click(findTestObject("Object Repository/Page_Course CNTN/span_Add an activity or resource_1")): Object: 'Object Repository/Page_Course CNTN/span_Add an activity or resource_1' is clicked on

2022-01-15 18:38:23 - [MESSAGE][INFO] - Unable to find the element located by 'By.xpath: //span[@id='yui_3_17_2_1_1642138852412_644']'. Please recheck the objects properties to make sure the desired element is located. 

2022-01-15 18:38:23 - [MESSAGE][WARNING] - [SELF-HEALING] Failed to find element with id 'Object Repository/Page_Course CNTN/span_Add an activity or resource_1'. Try using Self-healing.

2022-01-15 18:38:23 - [MESSAGE][WARNING] - [SELF-HEALING] The current locator of test object 'Object Repository/Page_Course CNTN/span_Add an activity or resource_1' was broken. Propose an alternative one: '(.//*[normalize-space(text()) and normalize-space(.)='Add file(s) here'])[1]/following::span[1]'.

2022-01-15 18:38:23 - [MESSAGE][PASSED] - Object: 'Object Repository/Page_Course CNTN/span_Add an activity or resource_1' is clicked on

2022-01-15 18:38:23 - [TEST_STEP][PASSED] - click(findTestObject("Object Repository/Page_Course CNTN/div_Chat")): Object: 'Object Repository/Page_Course CNTN/div_Chat' is clicked on

2022-01-15 18:38:25 - [MESSAGE][PASSED] - Object: 'Object Repository/Page_Course CNTN/div_Chat' is clicked on

2022-01-15 18:38:25 - [TEST_STEP][PASSED] - setText(findTestObject("Object Repository/Page_Editing Chat/input_Name of this chat room_name"), "chat test"): Text 'chat test' is set on object 'Object Repository/Page_Editing Chat/input_Name of this chat room_name'

2022-01-15 18:38:26 - [MESSAGE][PASSED] - Text 'chat test' is set on object 'Object Repository/Page_Editing Chat/input_Name of this chat room_name'

2022-01-15 18:38:26 - [TEST_STEP][PASSED] - click(findTestObject("Object Repository/Page_Editing Chat/input_Upon activity completion_submitbutton2")): Object: 'Object Repository/Page_Editing Chat/input_Upon activity completion_submitbutton2' is clicked on

2022-01-15 18:38:27 - [MESSAGE][PASSED] - Object: 'Object Repository/Page_Editing Chat/input_Upon activity completion_submitbutton2' is clicked on

2022-01-15 18:38:27 - [TEST_STEP][PASSED] - click(findTestObject("Object Repository/Page_Course CNTN/span_Add an activity or resource_1_2_3")): Object: 'Object Repository/Page_Course CNTN/span_Add an activity or resource_1_2_3' is clicked on

2022-01-15 18:38:59 - [MESSAGE][INFO] - Unable to find the element located by 'By.xpath: //span[@id='yui_3_17_2_1_1642147556110_611']'. Please recheck the objects properties to make sure the desired element is located. 

2022-01-15 18:38:59 - [MESSAGE][WARNING] - [SELF-HEALING] Failed to find element with id 'Object Repository/Page_Course CNTN/span_Add an activity or resource_1_2_3'. Try using Self-healing.

2022-01-15 18:38:59 - [MESSAGE][WARNING] - [SELF-HEALING] The current locator of test object 'Object Repository/Page_Course CNTN/span_Add an activity or resource_1_2_3' was broken. Propose an alternative one: '(.//*[normalize-space(text()) and normalize-space(.)='Add file(s) here'])[1]/following::span[1]'.

2022-01-15 18:38:59 - [MESSAGE][PASSED] - Object: 'Object Repository/Page_Course CNTN/span_Add an activity or resource_1_2_3' is clicked on

2022-01-15 18:38:59 - [TEST_STEP][PASSED] - click(findTestObject("Object Repository/Page_Course CNTN/div_Forum")): Object: 'Object Repository/Page_Course CNTN/div_Forum' is clicked on

2022-01-15 18:39:01 - [MESSAGE][PASSED] - Object: 'Object Repository/Page_Course CNTN/div_Forum' is clicked on

2022-01-15 18:39:01 - [TEST_STEP][PASSED] - setText(findTestObject("Object Repository/Page_Editing Forum/input_Forum name_name"), "forum test"): Text 'forum test' is set on object 'Object Repository/Page_Editing Forum/input_Forum name_name'

2022-01-15 18:39:02 - [MESSAGE][PASSED] - Text 'forum test' is set on object 'Object Repository/Page_Editing Forum/input_Forum name_name'

2022-01-15 18:39:02 - [TEST_STEP][PASSED] - click(findTestObject("Object Repository/Page_Editing Forum/input_Upon activity completion_submitbutton2")): Object: 'Object Repository/Page_Editing Forum/input_Upon activity completion_submitbutton2' is clicked on

2022-01-15 18:39:04 - [MESSAGE][PASSED] - Object: 'Object Repository/Page_Editing Forum/input_Upon activity completion_submitbutton2' is clicked on

2022-01-15 18:39:04 - [TEST_STEP][PASSED] - closeBrowser(): Browser is closed

2022-01-15 18:39:04 - [MESSAGE][PASSED] - Browser is closed]]></system-out>
         <system-err><![CDATA[]]></system-err>
      </testcase>
      <testcase name="Test Cases/Student/1. Join class" time="147.098" classname="Test Cases/Student/1. Join class" status="PASSED">
         <system-out><![CDATA[2022-01-15 18:39:04 - [TEST_CASE][PASSED] - Test Cases/Student/1. Join class: Test Cases/Student/1. Join class

2022-01-15 18:39:05 - [TEST_STEP][PASSED] - openBrowser(""): Browser is opened with url: ''

2022-01-15 18:39:05 - [MESSAGE][INFO] - Starting 'Edge Chromium' driver

2022-01-15 18:39:07 - [MESSAGE][INFO] - Action delay is set to 0 milliseconds

2022-01-15 18:39:08 - [MESSAGE][PASSED] - Browser is opened with url: ''

2022-01-15 18:39:08 - [TEST_STEP][PASSED] - navigateToUrl("http://localhost/"): Navigate to 'http://localhost/' successfully

2022-01-15 18:39:08 - [MESSAGE][PASSED] - Navigate to 'http://localhost/' successfully

2022-01-15 18:39:08 - [TEST_STEP][PASSED] - click(findTestObject("Object Repository/Page_Automation Testing Site/a_Log in")): Object: 'Object Repository/Page_Automation Testing Site/a_Log in' is clicked on

2022-01-15 18:39:09 - [MESSAGE][PASSED] - Object: 'Object Repository/Page_Automation Testing Site/a_Log in' is clicked on

2022-01-15 18:39:09 - [TEST_STEP][PASSED] - setText(findTestObject("Object Repository/Page_Automation Testing Site Log in to the site/input_Username_username"), "admin"): Text 'admin' is set on object 'Object Repository/Page_Automation Testing Site Log in to the site/input_Username_username'

2022-01-15 18:39:10 - [MESSAGE][PASSED] - Text 'admin' is set on object 'Object Repository/Page_Automation Testing Site Log in to the site/input_Username_username'

2022-01-15 18:39:10 - [TEST_STEP][PASSED] - setEncryptedText(findTestObject("Object Repository/Page_Automation Testing Site Log in to the site/input_Password_password"), "cnpXG5HhkrZpEXzNIGBMZQ=="): Text ****** has been set on object 'Object Repository/Page_Automation Testing Site Log in to the site/input_Password_password'

2022-01-15 18:39:10 - [MESSAGE][PASSED] - Text ****** has been set on object 'Object Repository/Page_Automation Testing Site Log in to the site/input_Password_password'

2022-01-15 18:39:10 - [TEST_STEP][PASSED] - click(findTestObject("Object Repository/Page_Automation Testing Site Log in to the site/button_Log in")): Object: 'Object Repository/Page_Automation Testing Site Log in to the site/button_Log in' is clicked on

2022-01-15 18:39:12 - [MESSAGE][PASSED] - Object: 'Object Repository/Page_Automation Testing Site Log in to the site/button_Log in' is clicked on

2022-01-15 18:39:12 - [TEST_STEP][PASSED] - click(findTestObject("Object Repository/Page_Dashboard/span_Site administration")): Object: 'Object Repository/Page_Dashboard/span_Site administration' is clicked on

2022-01-15 18:39:13 - [MESSAGE][PASSED] - Object: 'Object Repository/Page_Dashboard/span_Site administration' is clicked on

2022-01-15 18:39:13 - [TEST_STEP][PASSED] - click(findTestObject("Object Repository/Page_SiteTesting Administration Search/a_Users")): Object: 'Object Repository/Page_SiteTesting Administration Search/a_Users' is clicked on

2022-01-15 18:39:14 - [MESSAGE][PASSED] - Object: 'Object Repository/Page_SiteTesting Administration Search/a_Users' is clicked on

2022-01-15 18:39:14 - [TEST_STEP][PASSED] - click(findTestObject("Object Repository/Page_SiteTesting Administration Search/a_Add a new user")): Object: 'Object Repository/Page_SiteTesting Administration Search/a_Add a new user' is clicked on

2022-01-15 18:39:15 - [MESSAGE][PASSED] - Object: 'Object Repository/Page_SiteTesting Administration Search/a_Add a new user' is clicked on

2022-01-15 18:39:15 - [TEST_STEP][PASSED] - setText(findTestObject("Object Repository/Page_SiteTesting Administration Users Accou_a8eb60/input_Username_username"), "student"): Text 'student' is set on object 'Object Repository/Page_SiteTesting Administration Users Accou_a8eb60/input_Username_username'

2022-01-15 18:39:17 - [MESSAGE][PASSED] - Text 'student' is set on object 'Object Repository/Page_SiteTesting Administration Users Accou_a8eb60/input_Username_username'

2022-01-15 18:39:17 - [TEST_STEP][PASSED] - click(findTestObject("Object Repository/Page_SiteTesting Administration Users Accou_a8eb60/em_Click to enter text")): Object: 'Object Repository/Page_SiteTesting Administration Users Accou_a8eb60/em_Click to enter text' is clicked on

2022-01-15 18:39:48 - [MESSAGE][INFO] - Unable to find the element located by 'By.xpath: //a[@id='yui_3_17_2_1_1642121855075_766']/span/span/em'. Please recheck the objects properties to make sure the desired element is located. 

2022-01-15 18:39:48 - [MESSAGE][WARNING] - [SELF-HEALING] Failed to find element with id 'Object Repository/Page_SiteTesting Administration Users Accou_a8eb60/em_Click to enter text'. Try using Self-healing.

2022-01-15 18:39:48 - [MESSAGE][WARNING] - [SELF-HEALING] The current locator of test object 'Object Repository/Page_SiteTesting Administration Users Accou_a8eb60/em_Click to enter text' was broken. Propose an alternative one: '(.//*[normalize-space(text()) and normalize-space(.)='New password'])[1]/following::em[1]'.

2022-01-15 18:39:48 - [MESSAGE][PASSED] - Object: 'Object Repository/Page_SiteTesting Administration Users Accou_a8eb60/em_Click to enter text' is clicked on

2022-01-15 18:39:48 - [TEST_STEP][PASSED] - setEncryptedText(findTestObject("Object Repository/Page_SiteTesting Administration Users Accou_a8eb60/input_New password_newpassword"), "cnpXG5HhkrZpEXzNIGBMZQ=="): Text ****** has been set on object 'Object Repository/Page_SiteTesting Administration Users Accou_a8eb60/input_New password_newpassword'

2022-01-15 18:39:49 - [MESSAGE][PASSED] - Text ****** has been set on object 'Object Repository/Page_SiteTesting Administration Users Accou_a8eb60/input_New password_newpassword'

2022-01-15 18:39:49 - [TEST_STEP][PASSED] - setText(findTestObject("Object Repository/Page_SiteTesting Administration Users Accou_a8eb60/input_First name_firstname"), "a"): Text 'a' is set on object 'Object Repository/Page_SiteTesting Administration Users Accou_a8eb60/input_First name_firstname'

2022-01-15 18:39:50 - [MESSAGE][PASSED] - Text 'a' is set on object 'Object Repository/Page_SiteTesting Administration Users Accou_a8eb60/input_First name_firstname'

2022-01-15 18:39:50 - [TEST_STEP][PASSED] - setText(findTestObject("Object Repository/Page_SiteTesting Administration Users Accou_a8eb60/input_Surname_lastname"), "b"): Text 'b' is set on object 'Object Repository/Page_SiteTesting Administration Users Accou_a8eb60/input_Surname_lastname'

2022-01-15 18:39:51 - [MESSAGE][PASSED] - Text 'b' is set on object 'Object Repository/Page_SiteTesting Administration Users Accou_a8eb60/input_Surname_lastname'

2022-01-15 18:39:51 - [TEST_STEP][PASSED] - setText(findTestObject("Object Repository/Page_SiteTesting Administration Users Accou_a8eb60/input_Email address_email"), "c@gmail.com"): Text 'c@gmail.com' is set on object 'Object Repository/Page_SiteTesting Administration Users Accou_a8eb60/input_Email address_email'

2022-01-15 18:39:51 - [MESSAGE][PASSED] - Text 'c@gmail.com' is set on object 'Object Repository/Page_SiteTesting Administration Users Accou_a8eb60/input_Email address_email'

2022-01-15 18:39:51 - [TEST_STEP][PASSED] - click(findTestObject("Object Repository/Page_SiteTesting Administration Users Accou_a8eb60/input_Address_submitbutton")): Object: 'Object Repository/Page_SiteTesting Administration Users Accou_a8eb60/input_Address_submitbutton' is clicked on

2022-01-15 18:39:53 - [MESSAGE][PASSED] - Object: 'Object Repository/Page_SiteTesting Administration Users Accou_a8eb60/input_Address_submitbutton' is clicked on

2022-01-15 18:39:53 - [TEST_STEP][PASSED] - click(findTestObject("Object Repository/Page_SiteTesting Administration Search/span_Site home")): Object: 'Object Repository/Page_SiteTesting Administration Search/span_Site home' is clicked on

2022-01-15 18:39:54 - [MESSAGE][PASSED] - Object: 'Object Repository/Page_SiteTesting Administration Search/span_Site home' is clicked on

2022-01-15 18:39:54 - [TEST_STEP][PASSED] - click(findTestObject("Object Repository/Page_Automation Testing Site/a_CNTN")): Object: 'Object Repository/Page_Automation Testing Site/a_CNTN' is clicked on

2022-01-15 18:39:55 - [MESSAGE][PASSED] - Object: 'Object Repository/Page_Automation Testing Site/a_CNTN' is clicked on

2022-01-15 18:39:55 - [TEST_STEP][PASSED] - click(findTestObject("Object Repository/Page_Course CNTN/span_Participants")): Object: 'Object Repository/Page_Course CNTN/span_Participants' is clicked on

2022-01-15 18:39:55 - [MESSAGE][PASSED] - Object: 'Object Repository/Page_Course CNTN/span_Participants' is clicked on

2022-01-15 18:39:55 - [TEST_STEP][PASSED] - click(findTestObject("Object Repository/Page_cntn Participants/input_Participants_btn btn-secondary my-1")): Object: 'Object Repository/Page_cntn Participants/input_Participants_btn btn-secondary my-1' is clicked on

2022-01-15 18:39:56 - [MESSAGE][PASSED] - Object: 'Object Repository/Page_cntn Participants/input_Participants_btn btn-secondary my-1' is clicked on

2022-01-15 18:39:56 - [TEST_STEP][PASSED] - click(findTestObject("Object Repository/Page_cntn Participants/span_")): Object: 'Object Repository/Page_cntn Participants/span_' is clicked on

2022-01-15 18:40:27 - [MESSAGE][INFO] - Unable to find the element located by 'By.xpath: //span[@id='form_autocomplete_downarrow-1642122004951']'. Please recheck the objects properties to make sure the desired element is located. 

2022-01-15 18:40:27 - [MESSAGE][WARNING] - [SELF-HEALING] Failed to find element with id 'Object Repository/Page_cntn Participants/span_'. Try using Self-healing.

2022-01-15 18:40:27 - [MESSAGE][WARNING] - [SELF-HEALING] The current locator of test object 'Object Repository/Page_cntn Participants/span_' was broken. Propose an alternative one: '//div[@id='fitem_id_userlist']/div[2]/div[3]/span'.

2022-01-15 18:40:27 - [MESSAGE][PASSED] - Object: 'Object Repository/Page_cntn Participants/span_' is clicked on

2022-01-15 18:40:27 - [TEST_STEP][PASSED] - click(findTestObject("Object Repository/Page_cntn Participants/small_cgmail.com")): Object: 'Object Repository/Page_cntn Participants/small_cgmail.com' is clicked on

2022-01-15 18:40:59 - [MESSAGE][INFO] - Unable to find the element located by 'By.xpath: //li[@id='form_autocomplete_suggestions-1642122004951-0']/span/span[2]/small'. Please recheck the objects properties to make sure the desired element is located. 

2022-01-15 18:40:59 - [MESSAGE][WARNING] - [SELF-HEALING] Failed to find element with id 'Object Repository/Page_cntn Participants/small_cgmail.com'. Try using Self-healing.

2022-01-15 18:40:59 - [MESSAGE][WARNING] - [SELF-HEALING] The current locator of test object 'Object Repository/Page_cntn Participants/small_cgmail.com' was broken. Propose an alternative one: '(.//*[normalize-space(text()) and normalize-space(.)='a b'])[2]/following::small[1]'.

2022-01-15 18:40:59 - [MESSAGE][PASSED] - Object: 'Object Repository/Page_cntn Participants/small_cgmail.com' is clicked on

2022-01-15 18:40:59 - [TEST_STEP][PASSED] - click(findTestObject("Object Repository/Page_cntn Participants/button_Enrol users")): Object: 'Object Repository/Page_cntn Participants/button_Enrol users' is clicked on

2022-01-15 18:41:30 - [MESSAGE][INFO] - Unable to find the element located by 'By.xpath: //button[@id='yui_3_17_2_1_1642122004793_252']'. Please recheck the objects properties to make sure the desired element is located. 

2022-01-15 18:41:30 - [MESSAGE][WARNING] - [SELF-HEALING] Failed to find element with id 'Object Repository/Page_cntn Participants/button_Enrol users'. Try using Self-healing.

2022-01-15 18:41:31 - [MESSAGE][WARNING] - [SELF-HEALING] The current locator of test object 'Object Repository/Page_cntn Participants/button_Enrol users' was broken. Propose an alternative one: '(.//*[normalize-space(text()) and normalize-space(.)='Minute'])[1]/following::button[1]'.

2022-01-15 18:41:31 - [MESSAGE][PASSED] - Object: 'Object Repository/Page_cntn Participants/button_Enrol users' is clicked on

2022-01-15 18:41:31 - [TEST_STEP][PASSED] - closeBrowser(): Browser is closed

2022-01-15 18:41:32 - [MESSAGE][PASSED] - Browser is closed]]></system-out>
         <system-err><![CDATA[]]></system-err>
      </testcase>
      <testcase name="Test Cases/Student/3. Calendar/1. create calendar event" time="75.552" classname="Test Cases/Student/3. Calendar/1. create calendar event" status="PASSED">
         <system-out><![CDATA[2022-01-15 18:41:32 - [TEST_CASE][PASSED] - Test Cases/Student/3. Calendar/1. create calendar event: Test Cases/Student/3. Calendar/1. create calendar event

2022-01-15 18:41:32 - [TEST_STEP][PASSED] - callTestCase(findTestCase("Student/2. Login as student"), [:], STOP_ON_FAILURE): Call Test Case 'Test Cases/Student/2. Login as student' successfully

2022-01-15 18:41:32 - [TEST_CASE][PASSED] - Test Cases/Student/2. Login as student: Test Cases/Student/2. Login as student

2022-01-15 18:41:32 - [TEST_STEP][PASSED] - openBrowser(""): Browser is opened with url: ''

2022-01-15 18:41:32 - [MESSAGE][INFO] - Starting 'Edge Chromium' driver

2022-01-15 18:41:34 - [MESSAGE][INFO] - Action delay is set to 0 milliseconds

2022-01-15 18:41:35 - [MESSAGE][PASSED] - Browser is opened with url: ''

2022-01-15 18:41:35 - [TEST_STEP][PASSED] - navigateToUrl("http://localhost/"): Navigate to 'http://localhost/' successfully

2022-01-15 18:41:36 - [MESSAGE][PASSED] - Navigate to 'http://localhost/' successfully

2022-01-15 18:41:36 - [TEST_STEP][PASSED] - click(findTestObject("Object Repository/Page_Automation Testing Site/a_Log in")): Object: 'Object Repository/Page_Automation Testing Site/a_Log in' is clicked on

2022-01-15 18:41:36 - [MESSAGE][PASSED] - Object: 'Object Repository/Page_Automation Testing Site/a_Log in' is clicked on

2022-01-15 18:41:36 - [TEST_STEP][PASSED] - setText(findTestObject("Object Repository/Page_Automation Testing Site Log in to the site/input_Username_username"), "student"): Text 'student' is set on object 'Object Repository/Page_Automation Testing Site Log in to the site/input_Username_username'

2022-01-15 18:41:37 - [MESSAGE][PASSED] - Text 'student' is set on object 'Object Repository/Page_Automation Testing Site Log in to the site/input_Username_username'

2022-01-15 18:41:37 - [TEST_STEP][PASSED] - setEncryptedText(findTestObject("Object Repository/Page_Automation Testing Site Log in to the site/input_Password_password"), "cnpXG5HhkrZpEXzNIGBMZQ=="): Text ****** has been set on object 'Object Repository/Page_Automation Testing Site Log in to the site/input_Password_password'

2022-01-15 18:41:38 - [MESSAGE][PASSED] - Text ****** has been set on object 'Object Repository/Page_Automation Testing Site Log in to the site/input_Password_password'

2022-01-15 18:41:38 - [TEST_STEP][PASSED] - click(findTestObject("Object Repository/Page_Automation Testing Site Log in to the site/button_Log in")): Object: 'Object Repository/Page_Automation Testing Site Log in to the site/button_Log in' is clicked on

2022-01-15 18:41:39 - [MESSAGE][PASSED] - Object: 'Object Repository/Page_Automation Testing Site Log in to the site/button_Log in' is clicked on

2022-01-15 18:41:39 - [TEST_STEP][PASSED] - click(findTestObject("Object Repository/Page_Dashboard/span_Site home")): Object: 'Object Repository/Page_Dashboard/span_Site home' is clicked on

2022-01-15 18:42:10 - [MESSAGE][INFO] - Unable to find the element located by 'By.xpath: '. Please recheck the objects properties to make sure the desired element is located. 

2022-01-15 18:42:10 - [MESSAGE][WARNING] - [SELF-HEALING] Failed to find element with id 'Object Repository/Page_Dashboard/span_Site home'. Try using Self-healing.

2022-01-15 18:42:10 - [MESSAGE][WARNING] - [SELF-HEALING] The current locator of test object 'Object Repository/Page_Dashboard/span_Site home' was broken. Propose an alternative one: '//div[@id='nav-drawer']/nav/ul/li[2]/a/div/div/span[2]'.

2022-01-15 18:42:11 - [MESSAGE][PASSED] - Object: 'Object Repository/Page_Dashboard/span_Site home' is clicked on

2022-01-15 18:42:11 - [TEST_STEP][PASSED] - click(findTestObject("Object Repository/Page_Automation Testing Site/a_CNTN")): Object: 'Object Repository/Page_Automation Testing Site/a_CNTN' is clicked on

2022-01-15 18:42:11 - [MESSAGE][PASSED] - Object: 'Object Repository/Page_Automation Testing Site/a_CNTN' is clicked on

2022-01-15 18:42:11 - [MESSAGE][INFO] - 

2022-01-15 18:42:11 - [MESSAGE][INFO] - ===================== Self-healing Report ====================

2022-01-15 18:42:11 - [MESSAGE][INFO] - One of the failed test object locators has been recovered by Self-healing. Please refer to the Self-healing Insights tab for more details.

2022-01-15 18:42:11 - [MESSAGE][INFO] - To learn more about Self-healing, please read https://docs.katalon.com/katalon-studio/docs/self-healing.html

2022-01-15 18:42:11 - [MESSAGE][INFO] - ==============================================================

2022-01-15 18:42:11 - [MESSAGE][PASSED] - Call Test Case 'Test Cases/Student/2. Login as student' successfully

2022-01-15 18:42:11 - [TEST_STEP][PASSED] - navigateToUrl("http://localhost/calendar/view.php?view=month"): Navigate to 'http://localhost/calendar/view.php?view=month' successfully

2022-01-15 18:42:12 - [MESSAGE][PASSED] - Navigate to 'http://localhost/calendar/view.php?view=month' successfully

2022-01-15 18:42:12 - [TEST_STEP][PASSED] - click(findTestObject("Object Repository/Page_SiteTesting Calendar Detailed month vi_90ebed/button_New event")): Object: 'Object Repository/Page_SiteTesting Calendar Detailed month vi_90ebed/button_New event' is clicked on

2022-01-15 18:42:13 - [MESSAGE][PASSED] - Object: 'Object Repository/Page_SiteTesting Calendar Detailed month vi_90ebed/button_New event' is clicked on

2022-01-15 18:42:13 - [TEST_STEP][PASSED] - setText(findTestObject("Object Repository/Page_SiteTesting Calendar Detailed month vi_90ebed/input_Event title_name"), "new"): Text 'new' is set on object 'Object Repository/Page_SiteTesting Calendar Detailed month vi_90ebed/input_Event title_name'

2022-01-15 18:42:14 - [MESSAGE][PASSED] - Text 'new' is set on object 'Object Repository/Page_SiteTesting Calendar Detailed month vi_90ebed/input_Event title_name'

2022-01-15 18:42:14 - [TEST_STEP][PASSED] - click(findTestObject("Object Repository/Page_SiteTesting Calendar Detailed month vi_90ebed/button_Save")): Object: 'Object Repository/Page_SiteTesting Calendar Detailed month vi_90ebed/button_Save' is clicked on

2022-01-15 18:42:46 - [MESSAGE][INFO] - Unable to find the element located by 'By.xpath: //button[@type = 'button' and @class = 'btn btn-primary' and @data-action = 'save' and (text() = '

            Save
            
                
                
                
            
        ' or . = '

            Save
            
                
                
                
            
        ')]'. Please recheck the objects properties to make sure the desired element is located. 

2022-01-15 18:42:46 - [MESSAGE][WARNING] - [SELF-HEALING] Failed to find element with id 'Object Repository/Page_SiteTesting Calendar Detailed month vi_90ebed/button_Save'. Try using Self-healing.

2022-01-15 18:42:46 - [MESSAGE][WARNING] - [SELF-HEALING] The current locator of test object 'Object Repository/Page_SiteTesting Calendar Detailed month vi_90ebed/button_Save' was broken. Propose an alternative one: '(.//*[normalize-space(text()) and normalize-space(.)='Repeat weekly, creating altogether'])[1]/following::button[1]'.

2022-01-15 18:42:46 - [MESSAGE][PASSED] - Object: 'Object Repository/Page_SiteTesting Calendar Detailed month vi_90ebed/button_Save' is clicked on

2022-01-15 18:42:46 - [TEST_STEP][PASSED] - closeBrowser(): Browser is closed

2022-01-15 18:42:47 - [MESSAGE][PASSED] - Browser is closed]]></system-out>
         <system-err><![CDATA[]]></system-err>
      </testcase>
      <testcase name="Test Cases/Student/3. Calendar/3. create calendar empty title" time="74.102" classname="Test Cases/Student/3. Calendar/3. create calendar empty title" status="PASSED">
         <system-out><![CDATA[2022-01-15 18:42:47 - [TEST_CASE][PASSED] - Test Cases/Student/3. Calendar/3. create calendar empty title: Test Cases/Student/3. Calendar/3. create calendar empty title

2022-01-15 18:42:47 - [TEST_STEP][PASSED] - callTestCase(findTestCase("Student/2. Login as student"), [:], STOP_ON_FAILURE): Call Test Case 'Test Cases/Student/2. Login as student' successfully

2022-01-15 18:42:47 - [TEST_CASE][PASSED] - Test Cases/Student/2. Login as student: Test Cases/Student/2. Login as student

2022-01-15 18:42:47 - [TEST_STEP][PASSED] - openBrowser(""): Browser is opened with url: ''

2022-01-15 18:42:47 - [MESSAGE][INFO] - Starting 'Edge Chromium' driver

2022-01-15 18:42:50 - [MESSAGE][INFO] - Action delay is set to 0 milliseconds

2022-01-15 18:42:50 - [MESSAGE][PASSED] - Browser is opened with url: ''

2022-01-15 18:42:50 - [TEST_STEP][PASSED] - navigateToUrl("http://localhost/"): Navigate to 'http://localhost/' successfully

2022-01-15 18:42:51 - [MESSAGE][PASSED] - Navigate to 'http://localhost/' successfully

2022-01-15 18:42:51 - [TEST_STEP][PASSED] - click(findTestObject("Object Repository/Page_Automation Testing Site/a_Log in")): Object: 'Object Repository/Page_Automation Testing Site/a_Log in' is clicked on

2022-01-15 18:42:52 - [MESSAGE][PASSED] - Object: 'Object Repository/Page_Automation Testing Site/a_Log in' is clicked on

2022-01-15 18:42:52 - [TEST_STEP][PASSED] - setText(findTestObject("Object Repository/Page_Automation Testing Site Log in to the site/input_Username_username"), "student"): Text 'student' is set on object 'Object Repository/Page_Automation Testing Site Log in to the site/input_Username_username'

2022-01-15 18:42:53 - [MESSAGE][PASSED] - Text 'student' is set on object 'Object Repository/Page_Automation Testing Site Log in to the site/input_Username_username'

2022-01-15 18:42:53 - [TEST_STEP][PASSED] - setEncryptedText(findTestObject("Object Repository/Page_Automation Testing Site Log in to the site/input_Password_password"), "cnpXG5HhkrZpEXzNIGBMZQ=="): Text ****** has been set on object 'Object Repository/Page_Automation Testing Site Log in to the site/input_Password_password'

2022-01-15 18:42:53 - [MESSAGE][PASSED] - Text ****** has been set on object 'Object Repository/Page_Automation Testing Site Log in to the site/input_Password_password'

2022-01-15 18:42:53 - [TEST_STEP][PASSED] - click(findTestObject("Object Repository/Page_Automation Testing Site Log in to the site/button_Log in")): Object: 'Object Repository/Page_Automation Testing Site Log in to the site/button_Log in' is clicked on

2022-01-15 18:42:54 - [MESSAGE][PASSED] - Object: 'Object Repository/Page_Automation Testing Site Log in to the site/button_Log in' is clicked on

2022-01-15 18:42:54 - [TEST_STEP][PASSED] - click(findTestObject("Object Repository/Page_Dashboard/span_Site home")): Object: 'Object Repository/Page_Dashboard/span_Site home' is clicked on

2022-01-15 18:43:26 - [MESSAGE][INFO] - Unable to find the element located by 'By.xpath: '. Please recheck the objects properties to make sure the desired element is located. 

2022-01-15 18:43:26 - [MESSAGE][WARNING] - [SELF-HEALING] Failed to find element with id 'Object Repository/Page_Dashboard/span_Site home'. Try using Self-healing.

2022-01-15 18:43:26 - [MESSAGE][WARNING] - [SELF-HEALING] The current locator of test object 'Object Repository/Page_Dashboard/span_Site home' was broken. Propose an alternative one: '//div[@id='nav-drawer']/nav/ul/li[2]/a/div/div/span[2]'.

2022-01-15 18:43:26 - [MESSAGE][PASSED] - Object: 'Object Repository/Page_Dashboard/span_Site home' is clicked on

2022-01-15 18:43:26 - [TEST_STEP][PASSED] - click(findTestObject("Object Repository/Page_Automation Testing Site/a_CNTN")): Object: 'Object Repository/Page_Automation Testing Site/a_CNTN' is clicked on

2022-01-15 18:43:27 - [MESSAGE][PASSED] - Object: 'Object Repository/Page_Automation Testing Site/a_CNTN' is clicked on

2022-01-15 18:43:27 - [MESSAGE][INFO] - 

2022-01-15 18:43:27 - [MESSAGE][INFO] - ===================== Self-healing Report ====================

2022-01-15 18:43:27 - [MESSAGE][INFO] - One of the failed test object locators has been recovered by Self-healing. Please refer to the Self-healing Insights tab for more details.

2022-01-15 18:43:27 - [MESSAGE][INFO] - To learn more about Self-healing, please read https://docs.katalon.com/katalon-studio/docs/self-healing.html

2022-01-15 18:43:27 - [MESSAGE][INFO] - ==============================================================

2022-01-15 18:43:27 - [MESSAGE][PASSED] - Call Test Case 'Test Cases/Student/2. Login as student' successfully

2022-01-15 18:43:27 - [TEST_STEP][PASSED] - navigateToUrl("http://localhost/calendar/view.php?view=month"): Navigate to 'http://localhost/calendar/view.php?view=month' successfully

2022-01-15 18:43:27 - [MESSAGE][PASSED] - Navigate to 'http://localhost/calendar/view.php?view=month' successfully

2022-01-15 18:43:27 - [TEST_STEP][PASSED] - click(findTestObject("Object Repository/Page_SiteTesting Calendar Detailed month vi_90ebed/button_New event")): Object: 'Object Repository/Page_SiteTesting Calendar Detailed month vi_90ebed/button_New event' is clicked on

2022-01-15 18:43:28 - [MESSAGE][PASSED] - Object: 'Object Repository/Page_SiteTesting Calendar Detailed month vi_90ebed/button_New event' is clicked on

2022-01-15 18:43:28 - [TEST_STEP][PASSED] - click(findTestObject("Object Repository/Page_SiteTesting Calendar Detailed month vi_90ebed/button_Save")): Object: 'Object Repository/Page_SiteTesting Calendar Detailed month vi_90ebed/button_Save' is clicked on

2022-01-15 18:43:59 - [MESSAGE][INFO] - Unable to find the element located by 'By.xpath: //button[@type = 'button' and @class = 'btn btn-primary' and @data-action = 'save' and (text() = '

            Save
            
                
                
                
            
        ' or . = '

            Save
            
                
                
                
            
        ')]'. Please recheck the objects properties to make sure the desired element is located. 

2022-01-15 18:43:59 - [MESSAGE][WARNING] - [SELF-HEALING] Failed to find element with id 'Object Repository/Page_SiteTesting Calendar Detailed month vi_90ebed/button_Save'. Try using Self-healing.

2022-01-15 18:44:00 - [MESSAGE][WARNING] - [SELF-HEALING] The current locator of test object 'Object Repository/Page_SiteTesting Calendar Detailed month vi_90ebed/button_Save' was broken. Propose an alternative one: '(.//*[normalize-space(text()) and normalize-space(.)='Repeat weekly, creating altogether'])[1]/following::button[1]'.

2022-01-15 18:44:00 - [MESSAGE][PASSED] - Object: 'Object Repository/Page_SiteTesting Calendar Detailed month vi_90ebed/button_Save' is clicked on

2022-01-15 18:44:00 - [TEST_STEP][PASSED] - verifyElementText(findTestObject("Object Repository/Page_SiteTesting Calendar Detailed month vi_90ebed/div_- Required"), "- Required"): Actual text and expected text of test object 'Object Repository/Page_SiteTesting Calendar Detailed month vi_90ebed/div_- Required' are matched.

2022-01-15 18:44:00 - [MESSAGE][PASSED] - Actual text and expected text of test object 'Object Repository/Page_SiteTesting Calendar Detailed month vi_90ebed/div_- Required' are matched.

2022-01-15 18:44:00 - [TEST_STEP][PASSED] - closeBrowser(): Browser is closed

2022-01-15 18:44:01 - [MESSAGE][PASSED] - Browser is closed]]></system-out>
         <system-err><![CDATA[]]></system-err>
      </testcase>
      <testcase name="Test Cases/Student/3. Calendar/4. create calendar with invaid date" time="109.247" classname="Test Cases/Student/3. Calendar/4. create calendar with invaid date" status="PASSED">
         <system-out><![CDATA[2022-01-15 18:44:01 - [TEST_CASE][PASSED] - Test Cases/Student/3. Calendar/4. create calendar with invaid date: Test Cases/Student/3. Calendar/4. create calendar with invaid date

2022-01-15 18:44:01 - [TEST_STEP][PASSED] - callTestCase(findTestCase("Student/2. Login as student"), [:], STOP_ON_FAILURE): Call Test Case 'Test Cases/Student/2. Login as student' successfully

2022-01-15 18:44:01 - [TEST_CASE][PASSED] - Test Cases/Student/2. Login as student: Test Cases/Student/2. Login as student

2022-01-15 18:44:01 - [TEST_STEP][PASSED] - openBrowser(""): Browser is opened with url: ''

2022-01-15 18:44:01 - [MESSAGE][INFO] - Starting 'Edge Chromium' driver

2022-01-15 18:44:04 - [MESSAGE][INFO] - Action delay is set to 0 milliseconds

2022-01-15 18:44:04 - [MESSAGE][PASSED] - Browser is opened with url: ''

2022-01-15 18:44:04 - [TEST_STEP][PASSED] - navigateToUrl("http://localhost/"): Navigate to 'http://localhost/' successfully

2022-01-15 18:44:05 - [MESSAGE][PASSED] - Navigate to 'http://localhost/' successfully

2022-01-15 18:44:05 - [TEST_STEP][PASSED] - click(findTestObject("Object Repository/Page_Automation Testing Site/a_Log in")): Object: 'Object Repository/Page_Automation Testing Site/a_Log in' is clicked on

2022-01-15 18:44:06 - [MESSAGE][PASSED] - Object: 'Object Repository/Page_Automation Testing Site/a_Log in' is clicked on

2022-01-15 18:44:06 - [TEST_STEP][PASSED] - setText(findTestObject("Object Repository/Page_Automation Testing Site Log in to the site/input_Username_username"), "student"): Text 'student' is set on object 'Object Repository/Page_Automation Testing Site Log in to the site/input_Username_username'

2022-01-15 18:44:07 - [MESSAGE][PASSED] - Text 'student' is set on object 'Object Repository/Page_Automation Testing Site Log in to the site/input_Username_username'

2022-01-15 18:44:07 - [TEST_STEP][PASSED] - setEncryptedText(findTestObject("Object Repository/Page_Automation Testing Site Log in to the site/input_Password_password"), "cnpXG5HhkrZpEXzNIGBMZQ=="): Text ****** has been set on object 'Object Repository/Page_Automation Testing Site Log in to the site/input_Password_password'

2022-01-15 18:44:07 - [MESSAGE][PASSED] - Text ****** has been set on object 'Object Repository/Page_Automation Testing Site Log in to the site/input_Password_password'

2022-01-15 18:44:07 - [TEST_STEP][PASSED] - click(findTestObject("Object Repository/Page_Automation Testing Site Log in to the site/button_Log in")): Object: 'Object Repository/Page_Automation Testing Site Log in to the site/button_Log in' is clicked on

2022-01-15 18:44:08 - [MESSAGE][PASSED] - Object: 'Object Repository/Page_Automation Testing Site Log in to the site/button_Log in' is clicked on

2022-01-15 18:44:08 - [TEST_STEP][PASSED] - click(findTestObject("Object Repository/Page_Dashboard/span_Site home")): Object: 'Object Repository/Page_Dashboard/span_Site home' is clicked on

2022-01-15 18:44:40 - [MESSAGE][INFO] - Unable to find the element located by 'By.xpath: '. Please recheck the objects properties to make sure the desired element is located. 

2022-01-15 18:44:40 - [MESSAGE][WARNING] - [SELF-HEALING] Failed to find element with id 'Object Repository/Page_Dashboard/span_Site home'. Try using Self-healing.

2022-01-15 18:44:40 - [MESSAGE][WARNING] - [SELF-HEALING] The current locator of test object 'Object Repository/Page_Dashboard/span_Site home' was broken. Propose an alternative one: '//div[@id='nav-drawer']/nav/ul/li[2]/a/div/div/span[2]'.

2022-01-15 18:44:40 - [MESSAGE][PASSED] - Object: 'Object Repository/Page_Dashboard/span_Site home' is clicked on

2022-01-15 18:44:40 - [TEST_STEP][PASSED] - click(findTestObject("Object Repository/Page_Automation Testing Site/a_CNTN")): Object: 'Object Repository/Page_Automation Testing Site/a_CNTN' is clicked on

2022-01-15 18:44:41 - [MESSAGE][PASSED] - Object: 'Object Repository/Page_Automation Testing Site/a_CNTN' is clicked on

2022-01-15 18:44:41 - [MESSAGE][INFO] - 

2022-01-15 18:44:41 - [MESSAGE][INFO] - ===================== Self-healing Report ====================

2022-01-15 18:44:41 - [MESSAGE][INFO] - One of the failed test object locators has been recovered by Self-healing. Please refer to the Self-healing Insights tab for more details.

2022-01-15 18:44:41 - [MESSAGE][INFO] - To learn more about Self-healing, please read https://docs.katalon.com/katalon-studio/docs/self-healing.html

2022-01-15 18:44:41 - [MESSAGE][INFO] - ==============================================================

2022-01-15 18:44:41 - [MESSAGE][PASSED] - Call Test Case 'Test Cases/Student/2. Login as student' successfully

2022-01-15 18:44:41 - [TEST_STEP][PASSED] - navigateToUrl("http://localhost/calendar/view.php?view=month"): Navigate to 'http://localhost/calendar/view.php?view=month' successfully

2022-01-15 18:44:41 - [MESSAGE][PASSED] - Navigate to 'http://localhost/calendar/view.php?view=month' successfully

2022-01-15 18:44:41 - [TEST_STEP][PASSED] - click(findTestObject("Object Repository/Page_SiteTesting Calendar Detailed month vi_90ebed/button_New event")): Object: 'Object Repository/Page_SiteTesting Calendar Detailed month vi_90ebed/button_New event' is clicked on

2022-01-15 18:44:42 - [MESSAGE][PASSED] - Object: 'Object Repository/Page_SiteTesting Calendar Detailed month vi_90ebed/button_New event' is clicked on

2022-01-15 18:44:42 - [TEST_STEP][PASSED] - click(findTestObject("Object Repository/Page_SiteTesting Calendar Detailed month vi_90ebed/a_Show more")): Object: 'Object Repository/Page_SiteTesting Calendar Detailed month vi_90ebed/a_Show more' is clicked on

2022-01-15 18:45:13 - [MESSAGE][INFO] - Unable to find the element located by 'By.xpath: //*[@href = '#' and @class = 'moreless-toggler' and @aria-expanded = 'false' and @role = 'button' and @id = 'yui_3_17_2_1_1641262406973_609' and (text() = 'Show more...' or . = 'Show more...')]'. Please recheck the objects properties to make sure the desired element is located. 

2022-01-15 18:45:13 - [MESSAGE][WARNING] - [SELF-HEALING] Failed to find element with id 'Object Repository/Page_SiteTesting Calendar Detailed month vi_90ebed/a_Show more'. Try using Self-healing.

2022-01-15 18:45:14 - [MESSAGE][WARNING] - [SELF-HEALING] The current locator of test object 'Object Repository/Page_SiteTesting Calendar Detailed month vi_90ebed/a_Show more' was broken. Propose an alternative one: '//a[contains(text(),'Show more...')]'.

2022-01-15 18:45:14 - [MESSAGE][PASSED] - Object: 'Object Repository/Page_SiteTesting Calendar Detailed month vi_90ebed/a_Show more' is clicked on

2022-01-15 18:45:14 - [TEST_STEP][PASSED] - click(findTestObject("Object Repository/Page_SiteTesting Calendar Detailed month vi_90ebed/label_Until")): Object: 'Object Repository/Page_SiteTesting Calendar Detailed month vi_90ebed/label_Until' is clicked on

2022-01-15 18:45:14 - [MESSAGE][PASSED] - Object: 'Object Repository/Page_SiteTesting Calendar Detailed month vi_90ebed/label_Until' is clicked on

2022-01-15 18:45:14 - [TEST_STEP][PASSED] - selectOptionByValue(findTestObject("Object Repository/Page_SiteTesting Calendar Detailed month vi_90ebed/select_1        2        3        4        _45ea30_1"), "3", true): All options with value '3' are selected in object 'Object Repository/Page_SiteTesting Calendar Detailed month vi_90ebed/select_1        2        3        4        _45ea30_1'  using regular expression

2022-01-15 18:45:16 - [MESSAGE][PASSED] - All options with value '3' are selected in object 'Object Repository/Page_SiteTesting Calendar Detailed month vi_90ebed/select_1        2        3        4        _45ea30_1'  using regular expression

2022-01-15 18:45:16 - [TEST_STEP][PASSED] - setText(findTestObject("Object Repository/Page_SiteTesting Calendar Detailed month vi_90ebed/input_Event title_name"), "new"): Text 'new' is set on object 'Object Repository/Page_SiteTesting Calendar Detailed month vi_90ebed/input_Event title_name'

2022-01-15 18:45:17 - [MESSAGE][PASSED] - Text 'new' is set on object 'Object Repository/Page_SiteTesting Calendar Detailed month vi_90ebed/input_Event title_name'

2022-01-15 18:45:17 - [TEST_STEP][PASSED] - click(findTestObject("Object Repository/Page_SiteTesting Calendar Detailed month vi_90ebed/button_Save_1")): Object: 'Object Repository/Page_SiteTesting Calendar Detailed month vi_90ebed/button_Save_1' is clicked on

2022-01-15 18:45:48 - [MESSAGE][INFO] - Unable to find the element located by 'By.xpath: //button[@type = 'button' and @class = 'btn btn-primary' and @data-action = 'save' and (text() = '

            Save
            
                
                
                
            
        ' or . = '

            Save
            
                
                
                
            
        ')]'. Please recheck the objects properties to make sure the desired element is located. 

2022-01-15 18:45:48 - [MESSAGE][WARNING] - [SELF-HEALING] Failed to find element with id 'Object Repository/Page_SiteTesting Calendar Detailed month vi_90ebed/button_Save_1'. Try using Self-healing.

2022-01-15 18:45:48 - [MESSAGE][WARNING] - [SELF-HEALING] The current locator of test object 'Object Repository/Page_SiteTesting Calendar Detailed month vi_90ebed/button_Save_1' was broken. Propose an alternative one: '(.//*[normalize-space(text()) and normalize-space(.)='Repeat weekly, creating altogether'])[1]/following::button[1]'.

2022-01-15 18:45:48 - [MESSAGE][PASSED] - Object: 'Object Repository/Page_SiteTesting Calendar Detailed month vi_90ebed/button_Save_1' is clicked on

2022-01-15 18:45:48 - [TEST_STEP][PASSED] - verifyElementText(findTestObject("Object Repository/Page_SiteTesting Calendar Detailed month vi_90ebed/div_The date and time you selected for dura_28074d"), "The date and time you selected for duration until is before the start time of the event. Please correct this before proceeding."): Actual text and expected text of test object 'Object Repository/Page_SiteTesting Calendar Detailed month vi_90ebed/div_The date and time you selected for dura_28074d' are matched.

2022-01-15 18:45:50 - [MESSAGE][PASSED] - Actual text and expected text of test object 'Object Repository/Page_SiteTesting Calendar Detailed month vi_90ebed/div_The date and time you selected for dura_28074d' are matched.

2022-01-15 18:45:50 - [TEST_STEP][PASSED] - closeBrowser(): Browser is closed

2022-01-15 18:45:50 - [MESSAGE][PASSED] - Browser is closed]]></system-out>
         <system-err><![CDATA[]]></system-err>
      </testcase>
      <testcase name="Test Cases/Student/4. Comment/2. Add comment" time="230.308" classname="Test Cases/Student/4. Comment/2. Add comment" status="PASSED">
         <system-out><![CDATA[2022-01-15 18:45:50 - [TEST_CASE][PASSED] - Test Cases/Student/4. Comment/2. Add comment: Test Cases/Student/4. Comment/2. Add comment

2022-01-15 18:45:51 - [TEST_STEP][PASSED] - callTestCase(findTestCase("Student/2. Login as student"), [:], STOP_ON_FAILURE): Call Test Case 'Test Cases/Student/2. Login as student' successfully

2022-01-15 18:45:51 - [TEST_CASE][PASSED] - Test Cases/Student/2. Login as student: Test Cases/Student/2. Login as student

2022-01-15 18:45:51 - [TEST_STEP][PASSED] - openBrowser(""): Browser is opened with url: ''

2022-01-15 18:45:51 - [MESSAGE][INFO] - Starting 'Edge Chromium' driver

2022-01-15 18:45:53 - [MESSAGE][INFO] - Action delay is set to 0 milliseconds

2022-01-15 18:45:54 - [MESSAGE][PASSED] - Browser is opened with url: ''

2022-01-15 18:45:54 - [TEST_STEP][PASSED] - navigateToUrl("http://localhost/"): Navigate to 'http://localhost/' successfully

2022-01-15 18:45:54 - [MESSAGE][PASSED] - Navigate to 'http://localhost/' successfully

2022-01-15 18:45:54 - [TEST_STEP][PASSED] - click(findTestObject("Object Repository/Page_Automation Testing Site/a_Log in")): Object: 'Object Repository/Page_Automation Testing Site/a_Log in' is clicked on

2022-01-15 18:45:55 - [MESSAGE][PASSED] - Object: 'Object Repository/Page_Automation Testing Site/a_Log in' is clicked on

2022-01-15 18:45:55 - [TEST_STEP][PASSED] - setText(findTestObject("Object Repository/Page_Automation Testing Site Log in to the site/input_Username_username"), "student"): Text 'student' is set on object 'Object Repository/Page_Automation Testing Site Log in to the site/input_Username_username'

2022-01-15 18:45:56 - [MESSAGE][PASSED] - Text 'student' is set on object 'Object Repository/Page_Automation Testing Site Log in to the site/input_Username_username'

2022-01-15 18:45:56 - [TEST_STEP][PASSED] - setEncryptedText(findTestObject("Object Repository/Page_Automation Testing Site Log in to the site/input_Password_password"), "cnpXG5HhkrZpEXzNIGBMZQ=="): Text ****** has been set on object 'Object Repository/Page_Automation Testing Site Log in to the site/input_Password_password'

2022-01-15 18:45:56 - [MESSAGE][PASSED] - Text ****** has been set on object 'Object Repository/Page_Automation Testing Site Log in to the site/input_Password_password'

2022-01-15 18:45:56 - [TEST_STEP][PASSED] - click(findTestObject("Object Repository/Page_Automation Testing Site Log in to the site/button_Log in")): Object: 'Object Repository/Page_Automation Testing Site Log in to the site/button_Log in' is clicked on

2022-01-15 18:45:58 - [MESSAGE][PASSED] - Object: 'Object Repository/Page_Automation Testing Site Log in to the site/button_Log in' is clicked on

2022-01-15 18:45:58 - [TEST_STEP][PASSED] - click(findTestObject("Object Repository/Page_Dashboard/span_Site home")): Object: 'Object Repository/Page_Dashboard/span_Site home' is clicked on

2022-01-15 18:46:29 - [MESSAGE][INFO] - Unable to find the element located by 'By.xpath: '. Please recheck the objects properties to make sure the desired element is located. 

2022-01-15 18:46:29 - [MESSAGE][WARNING] - [SELF-HEALING] Failed to find element with id 'Object Repository/Page_Dashboard/span_Site home'. Try using Self-healing.

2022-01-15 18:46:29 - [MESSAGE][WARNING] - [SELF-HEALING] The current locator of test object 'Object Repository/Page_Dashboard/span_Site home' was broken. Propose an alternative one: '//div[@id='nav-drawer']/nav/ul/li[2]/a/div/div/span[2]'.

2022-01-15 18:46:30 - [MESSAGE][PASSED] - Object: 'Object Repository/Page_Dashboard/span_Site home' is clicked on

2022-01-15 18:46:30 - [TEST_STEP][PASSED] - click(findTestObject("Object Repository/Page_Automation Testing Site/a_CNTN")): Object: 'Object Repository/Page_Automation Testing Site/a_CNTN' is clicked on

2022-01-15 18:46:30 - [MESSAGE][PASSED] - Object: 'Object Repository/Page_Automation Testing Site/a_CNTN' is clicked on

2022-01-15 18:46:30 - [MESSAGE][INFO] - 

2022-01-15 18:46:30 - [MESSAGE][INFO] - ===================== Self-healing Report ====================

2022-01-15 18:46:30 - [MESSAGE][INFO] - One of the failed test object locators has been recovered by Self-healing. Please refer to the Self-healing Insights tab for more details.

2022-01-15 18:46:30 - [MESSAGE][INFO] - To learn more about Self-healing, please read https://docs.katalon.com/katalon-studio/docs/self-healing.html

2022-01-15 18:46:30 - [MESSAGE][INFO] - ==============================================================

2022-01-15 18:46:30 - [MESSAGE][PASSED] - Call Test Case 'Test Cases/Student/2. Login as student' successfully

2022-01-15 18:46:30 - [TEST_STEP][PASSED] - click(findTestObject("Object Repository/Page_Course CNTN/span_assignment test")): Object: 'Object Repository/Page_Course CNTN/span_assignment test' is clicked on

2022-01-15 18:47:01 - [MESSAGE][INFO] - Unable to find the element located by 'By.xpath: //li[@id='module-13']/div/div/div[2]/div/a/span'. Please recheck the objects properties to make sure the desired element is located. 

2022-01-15 18:47:01 - [MESSAGE][WARNING] - [SELF-HEALING] Failed to find element with id 'Object Repository/Page_Course CNTN/span_assignment test'. Try using Self-healing.

2022-01-15 18:47:02 - [MESSAGE][WARNING] - [SELF-HEALING] The current locator of test object 'Object Repository/Page_Course CNTN/span_assignment test' was broken. Propose an alternative one: '(.//*[normalize-space(text()) and normalize-space(.)='Forum'])[1]/following::span[1]'.

2022-01-15 18:47:02 - [MESSAGE][PASSED] - Object: 'Object Repository/Page_Course CNTN/span_assignment test' is clicked on

2022-01-15 18:47:02 - [TEST_STEP][PASSED] - click(findTestObject("Object Repository/Page_cntn assignment test/span_Comments (0)")): Object: 'Object Repository/Page_cntn assignment test/span_Comments (0)' is clicked on

2022-01-15 18:47:33 - [MESSAGE][INFO] - Unable to find the element located by 'By.xpath: //span[@id='comment-link-text-61e0d7219f79b']'. Please recheck the objects properties to make sure the desired element is located. 

2022-01-15 18:47:33 - [MESSAGE][WARNING] - [SELF-HEALING] Failed to find element with id 'Object Repository/Page_cntn assignment test/span_Comments (0)'. Try using Self-healing.

2022-01-15 18:47:34 - [MESSAGE][WARNING] - [SELF-HEALING] The current locator of test object 'Object Repository/Page_cntn assignment test/span_Comments (0)' was broken. Propose an alternative one: '(.//*[normalize-space(text()) and normalize-space(.)='Show comments'])[1]/following::span[1]'.

2022-01-15 18:47:34 - [MESSAGE][PASSED] - Object: 'Object Repository/Page_cntn assignment test/span_Comments (0)' is clicked on

2022-01-15 18:47:34 - [TEST_STEP][PASSED] - setText(findTestObject("Object Repository/Page_cntn assignment test/textarea_Comments (0)_content"), "test"): Text 'test' is set on object 'Object Repository/Page_cntn assignment test/textarea_Comments (0)_content'

2022-01-15 18:48:05 - [MESSAGE][INFO] - Unable to find the element located by 'By.xpath: //textarea[@id='dlg-content-61e0d7219f79b']'. Please recheck the objects properties to make sure the desired element is located. 

2022-01-15 18:48:05 - [MESSAGE][WARNING] - [SELF-HEALING] Failed to find element with id 'Object Repository/Page_cntn assignment test/textarea_Comments (0)_content'. Try using Self-healing.

2022-01-15 18:48:05 - [MESSAGE][WARNING] - [SELF-HEALING] The current locator of test object 'Object Repository/Page_cntn assignment test/textarea_Comments (0)_content' was broken. Propose an alternative one: '//textarea'.

2022-01-15 18:48:36 - [MESSAGE][INFO] - Unable to find the element located by 'By.xpath: //textarea[@id='dlg-content-61e0d7219f79b']'. Please recheck the objects properties to make sure the desired element is located. 

2022-01-15 18:48:36 - [MESSAGE][WARNING] - [SELF-HEALING] Failed to find element with id 'Object Repository/Page_cntn assignment test/textarea_Comments (0)_content'. Try using Self-healing.

2022-01-15 18:48:37 - [MESSAGE][WARNING] - [SELF-HEALING] The current locator of test object 'Object Repository/Page_cntn assignment test/textarea_Comments (0)_content' was broken. Propose an alternative one: '//textarea'.

2022-01-15 18:48:37 - [MESSAGE][PASSED] - Text 'test' is set on object 'Object Repository/Page_cntn assignment test/textarea_Comments (0)_content'

2022-01-15 18:48:37 - [TEST_STEP][PASSED] - click(findTestObject("Object Repository/Page_cntn assignment test/a_Save comment")): Object: 'Object Repository/Page_cntn assignment test/a_Save comment' is clicked on

2022-01-15 18:49:08 - [MESSAGE][INFO] - Unable to find the element located by 'By.xpath: //a[@id='comment-action-post-61e0d7219f79b']'. Please recheck the objects properties to make sure the desired element is located. 

2022-01-15 18:49:08 - [MESSAGE][WARNING] - [SELF-HEALING] Failed to find element with id 'Object Repository/Page_cntn assignment test/a_Save comment'. Try using Self-healing.

2022-01-15 18:49:08 - [MESSAGE][WARNING] - [SELF-HEALING] The current locator of test object 'Object Repository/Page_cntn assignment test/a_Save comment' was broken. Propose an alternative one: '//a[contains(text(),'Save comment')]'.

2022-01-15 18:49:08 - [MESSAGE][PASSED] - Object: 'Object Repository/Page_cntn assignment test/a_Save comment' is clicked on

2022-01-15 18:49:08 - [TEST_STEP][PASSED] - verifyElementText(findTestObject("Object Repository/Page_cntn assignment test/div_test"), "test"): Actual text and expected text of test object 'Object Repository/Page_cntn assignment test/div_test' are matched.

2022-01-15 18:49:40 - [MESSAGE][INFO] - Unable to find the element located by 'By.xpath: //li[@id='comment-3-61e0d6b2c515d']/div/div[2]/div[2]/div'. Please recheck the objects properties to make sure the desired element is located. 

2022-01-15 18:49:40 - [MESSAGE][WARNING] - [SELF-HEALING] Failed to find element with id 'Object Repository/Page_cntn assignment test/div_test'. Try using Self-healing.

2022-01-15 18:49:40 - [MESSAGE][WARNING] - [SELF-HEALING] The current locator of test object 'Object Repository/Page_cntn assignment test/div_test' was broken. Propose an alternative one: '(.//*[normalize-space(text()) and normalize-space(.)='a b'])[2]/following::div[4]'.

2022-01-15 18:49:40 - [MESSAGE][PASSED] - Actual text and expected text of test object 'Object Repository/Page_cntn assignment test/div_test' are matched.

2022-01-15 18:49:40 - [TEST_STEP][PASSED] - closeBrowser(): Browser is closed

2022-01-15 18:49:41 - [MESSAGE][PASSED] - Browser is closed]]></system-out>
         <system-err><![CDATA[]]></system-err>
      </testcase>
      <testcase name="Test Cases/Student/5. Submit/1. Mask Done" time="135.826" classname="Test Cases/Student/5. Submit/1. Mask Done" status="PASSED">
         <system-out><![CDATA[2022-01-15 18:49:41 - [TEST_CASE][PASSED] - Test Cases/Student/5. Submit/1. Mask Done: Test Cases/Student/5. Submit/1. Mask Done

2022-01-15 18:49:41 - [TEST_STEP][PASSED] - callTestCase(findTestCase("Student/2. Login as student"), [:], STOP_ON_FAILURE): Call Test Case 'Test Cases/Student/2. Login as student' successfully

2022-01-15 18:49:41 - [TEST_CASE][PASSED] - Test Cases/Student/2. Login as student: Test Cases/Student/2. Login as student

2022-01-15 18:49:41 - [TEST_STEP][PASSED] - openBrowser(""): Browser is opened with url: ''

2022-01-15 18:49:41 - [MESSAGE][INFO] - Starting 'Edge Chromium' driver

2022-01-15 18:49:43 - [MESSAGE][INFO] - Action delay is set to 0 milliseconds

2022-01-15 18:49:44 - [MESSAGE][PASSED] - Browser is opened with url: ''

2022-01-15 18:49:44 - [TEST_STEP][PASSED] - navigateToUrl("http://localhost/"): Navigate to 'http://localhost/' successfully

2022-01-15 18:49:44 - [MESSAGE][PASSED] - Navigate to 'http://localhost/' successfully

2022-01-15 18:49:44 - [TEST_STEP][PASSED] - click(findTestObject("Object Repository/Page_Automation Testing Site/a_Log in")): Object: 'Object Repository/Page_Automation Testing Site/a_Log in' is clicked on

2022-01-15 18:49:45 - [MESSAGE][PASSED] - Object: 'Object Repository/Page_Automation Testing Site/a_Log in' is clicked on

2022-01-15 18:49:45 - [TEST_STEP][PASSED] - setText(findTestObject("Object Repository/Page_Automation Testing Site Log in to the site/input_Username_username"), "student"): Text 'student' is set on object 'Object Repository/Page_Automation Testing Site Log in to the site/input_Username_username'

2022-01-15 18:49:46 - [MESSAGE][PASSED] - Text 'student' is set on object 'Object Repository/Page_Automation Testing Site Log in to the site/input_Username_username'

2022-01-15 18:49:46 - [TEST_STEP][PASSED] - setEncryptedText(findTestObject("Object Repository/Page_Automation Testing Site Log in to the site/input_Password_password"), "cnpXG5HhkrZpEXzNIGBMZQ=="): Text ****** has been set on object 'Object Repository/Page_Automation Testing Site Log in to the site/input_Password_password'

2022-01-15 18:49:46 - [MESSAGE][PASSED] - Text ****** has been set on object 'Object Repository/Page_Automation Testing Site Log in to the site/input_Password_password'

2022-01-15 18:49:46 - [TEST_STEP][PASSED] - click(findTestObject("Object Repository/Page_Automation Testing Site Log in to the site/button_Log in")): Object: 'Object Repository/Page_Automation Testing Site Log in to the site/button_Log in' is clicked on

2022-01-15 18:49:48 - [MESSAGE][PASSED] - Object: 'Object Repository/Page_Automation Testing Site Log in to the site/button_Log in' is clicked on

2022-01-15 18:49:48 - [TEST_STEP][PASSED] - click(findTestObject("Object Repository/Page_Dashboard/span_Site home")): Object: 'Object Repository/Page_Dashboard/span_Site home' is clicked on

2022-01-15 18:50:19 - [MESSAGE][INFO] - Unable to find the element located by 'By.xpath: '. Please recheck the objects properties to make sure the desired element is located. 

2022-01-15 18:50:19 - [MESSAGE][WARNING] - [SELF-HEALING] Failed to find element with id 'Object Repository/Page_Dashboard/span_Site home'. Try using Self-healing.

2022-01-15 18:50:19 - [MESSAGE][WARNING] - [SELF-HEALING] The current locator of test object 'Object Repository/Page_Dashboard/span_Site home' was broken. Propose an alternative one: '//div[@id='nav-drawer']/nav/ul/li[2]/a/div/div/span[2]'.

2022-01-15 18:50:20 - [MESSAGE][PASSED] - Object: 'Object Repository/Page_Dashboard/span_Site home' is clicked on

2022-01-15 18:50:20 - [TEST_STEP][PASSED] - click(findTestObject("Object Repository/Page_Automation Testing Site/a_CNTN")): Object: 'Object Repository/Page_Automation Testing Site/a_CNTN' is clicked on

2022-01-15 18:50:20 - [MESSAGE][PASSED] - Object: 'Object Repository/Page_Automation Testing Site/a_CNTN' is clicked on

2022-01-15 18:50:20 - [MESSAGE][INFO] - 

2022-01-15 18:50:20 - [MESSAGE][INFO] - ===================== Self-healing Report ====================

2022-01-15 18:50:20 - [MESSAGE][INFO] - One of the failed test object locators has been recovered by Self-healing. Please refer to the Self-healing Insights tab for more details.

2022-01-15 18:50:20 - [MESSAGE][INFO] - To learn more about Self-healing, please read https://docs.katalon.com/katalon-studio/docs/self-healing.html

2022-01-15 18:50:20 - [MESSAGE][INFO] - ==============================================================

2022-01-15 18:50:20 - [MESSAGE][PASSED] - Call Test Case 'Test Cases/Student/2. Login as student' successfully

2022-01-15 18:50:20 - [TEST_STEP][PASSED] - click(findTestObject("Object Repository/Page_Course CNTN/span_assignment test")): Object: 'Object Repository/Page_Course CNTN/span_assignment test' is clicked on

2022-01-15 18:50:51 - [MESSAGE][INFO] - Unable to find the element located by 'By.xpath: //li[@id='module-13']/div/div/div[2]/div/a/span'. Please recheck the objects properties to make sure the desired element is located. 

2022-01-15 18:50:51 - [MESSAGE][WARNING] - [SELF-HEALING] Failed to find element with id 'Object Repository/Page_Course CNTN/span_assignment test'. Try using Self-healing.

2022-01-15 18:50:52 - [MESSAGE][WARNING] - [SELF-HEALING] The current locator of test object 'Object Repository/Page_Course CNTN/span_assignment test' was broken. Propose an alternative one: '(.//*[normalize-space(text()) and normalize-space(.)='Forum'])[1]/following::span[1]'.

2022-01-15 18:50:52 - [MESSAGE][PASSED] - Object: 'Object Repository/Page_Course CNTN/span_assignment test' is clicked on

2022-01-15 18:50:52 - [TEST_STEP][PASSED] - click(findTestObject("Object Repository/Page_cntn assignment test/button_Mark as done")): Object: 'Object Repository/Page_cntn assignment test/button_Mark as done' is clicked on

2022-01-15 18:50:53 - [MESSAGE][PASSED] - Object: 'Object Repository/Page_cntn assignment test/button_Mark as done' is clicked on

2022-01-15 18:50:53 - [TEST_STEP][PASSED] - click(findTestObject("Object Repository/Page_cntn assignment test/button_Done")): Object: 'Object Repository/Page_cntn assignment test/button_Done' is clicked on

2022-01-15 18:51:24 - [MESSAGE][INFO] - Unable to find the element located by 'By.xpath: //button[@id='yui_3_17_2_1_1642122361242_63']'. Please recheck the objects properties to make sure the desired element is located. 

2022-01-15 18:51:24 - [MESSAGE][WARNING] - [SELF-HEALING] Failed to find element with id 'Object Repository/Page_cntn assignment test/button_Done'. Try using Self-healing.

2022-01-15 18:51:24 - [MESSAGE][WARNING] - [SELF-HEALING] The current locator of test object 'Object Repository/Page_cntn assignment test/button_Done' was broken. Propose an alternative one: '//div[2]/button'.

2022-01-15 18:51:24 - [MESSAGE][PASSED] - Object: 'Object Repository/Page_cntn assignment test/button_Done' is clicked on

2022-01-15 18:51:24 - [TEST_STEP][PASSED] - verifyElementText(findTestObject("Object Repository/Page_cntn assignment test/button_Mark as done_1"), "Mark as done"): Actual text and expected text of test object 'Object Repository/Page_cntn assignment test/button_Mark as done_1' are matched.

2022-01-15 18:51:55 - [MESSAGE][INFO] - Unable to find the element located by 'By.xpath: //button[@id='yui_3_17_2_1_1642122361242_74']'. Please recheck the objects properties to make sure the desired element is located. 

2022-01-15 18:51:55 - [MESSAGE][WARNING] - [SELF-HEALING] Failed to find element with id 'Object Repository/Page_cntn assignment test/button_Mark as done_1'. Try using Self-healing.

2022-01-15 18:51:56 - [MESSAGE][WARNING] - [SELF-HEALING] The current locator of test object 'Object Repository/Page_cntn assignment test/button_Mark as done_1' was broken. Propose an alternative one: '//div[2]/button'.

2022-01-15 18:51:56 - [MESSAGE][PASSED] - Actual text and expected text of test object 'Object Repository/Page_cntn assignment test/button_Mark as done_1' are matched.

2022-01-15 18:51:56 - [TEST_STEP][PASSED] - closeBrowser(): Browser is closed

2022-01-15 18:51:57 - [MESSAGE][PASSED] - Browser is closed]]></system-out>
         <system-err><![CDATA[]]></system-err>
      </testcase>
      <testcase name="Test Cases/Student/5. Submit/2. Submit empty text" time="106.013" classname="Test Cases/Student/5. Submit/2. Submit empty text" status="PASSED">
         <system-out><![CDATA[2022-01-15 18:51:57 - [TEST_CASE][PASSED] - Test Cases/Student/5. Submit/2. Submit empty text: Test Cases/Student/5. Submit/2. Submit empty text

2022-01-15 18:51:57 - [TEST_STEP][PASSED] - callTestCase(findTestCase("Student/2. Login as student"), [:], STOP_ON_FAILURE): Call Test Case 'Test Cases/Student/2. Login as student' successfully

2022-01-15 18:51:57 - [TEST_CASE][PASSED] - Test Cases/Student/2. Login as student: Test Cases/Student/2. Login as student

2022-01-15 18:51:57 - [TEST_STEP][PASSED] - openBrowser(""): Browser is opened with url: ''

2022-01-15 18:51:57 - [MESSAGE][INFO] - Starting 'Edge Chromium' driver

2022-01-15 18:51:59 - [MESSAGE][INFO] - Action delay is set to 0 milliseconds

2022-01-15 18:52:00 - [MESSAGE][PASSED] - Browser is opened with url: ''

2022-01-15 18:52:00 - [TEST_STEP][PASSED] - navigateToUrl("http://localhost/"): Navigate to 'http://localhost/' successfully

2022-01-15 18:52:00 - [MESSAGE][PASSED] - Navigate to 'http://localhost/' successfully

2022-01-15 18:52:00 - [TEST_STEP][PASSED] - click(findTestObject("Object Repository/Page_Automation Testing Site/a_Log in")): Object: 'Object Repository/Page_Automation Testing Site/a_Log in' is clicked on

2022-01-15 18:52:01 - [MESSAGE][PASSED] - Object: 'Object Repository/Page_Automation Testing Site/a_Log in' is clicked on

2022-01-15 18:52:01 - [TEST_STEP][PASSED] - setText(findTestObject("Object Repository/Page_Automation Testing Site Log in to the site/input_Username_username"), "student"): Text 'student' is set on object 'Object Repository/Page_Automation Testing Site Log in to the site/input_Username_username'

2022-01-15 18:52:02 - [MESSAGE][PASSED] - Text 'student' is set on object 'Object Repository/Page_Automation Testing Site Log in to the site/input_Username_username'

2022-01-15 18:52:02 - [TEST_STEP][PASSED] - setEncryptedText(findTestObject("Object Repository/Page_Automation Testing Site Log in to the site/input_Password_password"), "cnpXG5HhkrZpEXzNIGBMZQ=="): Text ****** has been set on object 'Object Repository/Page_Automation Testing Site Log in to the site/input_Password_password'

2022-01-15 18:52:02 - [MESSAGE][PASSED] - Text ****** has been set on object 'Object Repository/Page_Automation Testing Site Log in to the site/input_Password_password'

2022-01-15 18:52:02 - [TEST_STEP][PASSED] - click(findTestObject("Object Repository/Page_Automation Testing Site Log in to the site/button_Log in")): Object: 'Object Repository/Page_Automation Testing Site Log in to the site/button_Log in' is clicked on

2022-01-15 18:52:03 - [MESSAGE][PASSED] - Object: 'Object Repository/Page_Automation Testing Site Log in to the site/button_Log in' is clicked on

2022-01-15 18:52:03 - [TEST_STEP][PASSED] - click(findTestObject("Object Repository/Page_Dashboard/span_Site home")): Object: 'Object Repository/Page_Dashboard/span_Site home' is clicked on

2022-01-15 18:52:35 - [MESSAGE][INFO] - Unable to find the element located by 'By.xpath: '. Please recheck the objects properties to make sure the desired element is located. 

2022-01-15 18:52:35 - [MESSAGE][WARNING] - [SELF-HEALING] Failed to find element with id 'Object Repository/Page_Dashboard/span_Site home'. Try using Self-healing.

2022-01-15 18:52:35 - [MESSAGE][WARNING] - [SELF-HEALING] The current locator of test object 'Object Repository/Page_Dashboard/span_Site home' was broken. Propose an alternative one: '//div[@id='nav-drawer']/nav/ul/li[2]/a/div/div/span[2]'.

2022-01-15 18:52:35 - [MESSAGE][PASSED] - Object: 'Object Repository/Page_Dashboard/span_Site home' is clicked on

2022-01-15 18:52:35 - [TEST_STEP][PASSED] - click(findTestObject("Object Repository/Page_Automation Testing Site/a_CNTN")): Object: 'Object Repository/Page_Automation Testing Site/a_CNTN' is clicked on

2022-01-15 18:52:36 - [MESSAGE][PASSED] - Object: 'Object Repository/Page_Automation Testing Site/a_CNTN' is clicked on

2022-01-15 18:52:36 - [MESSAGE][INFO] - 

2022-01-15 18:52:36 - [MESSAGE][INFO] - ===================== Self-healing Report ====================

2022-01-15 18:52:36 - [MESSAGE][INFO] - One of the failed test object locators has been recovered by Self-healing. Please refer to the Self-healing Insights tab for more details.

2022-01-15 18:52:36 - [MESSAGE][INFO] - To learn more about Self-healing, please read https://docs.katalon.com/katalon-studio/docs/self-healing.html

2022-01-15 18:52:36 - [MESSAGE][INFO] - ==============================================================

2022-01-15 18:52:36 - [MESSAGE][PASSED] - Call Test Case 'Test Cases/Student/2. Login as student' successfully

2022-01-15 18:52:36 - [TEST_STEP][PASSED] - click(findTestObject("Object Repository/Page_Course CNTN/span_assignment test")): Object: 'Object Repository/Page_Course CNTN/span_assignment test' is clicked on

2022-01-15 18:53:07 - [MESSAGE][INFO] - Unable to find the element located by 'By.xpath: //li[@id='module-13']/div/div/div[2]/div/a/span'. Please recheck the objects properties to make sure the desired element is located. 

2022-01-15 18:53:07 - [MESSAGE][WARNING] - [SELF-HEALING] Failed to find element with id 'Object Repository/Page_Course CNTN/span_assignment test'. Try using Self-healing.

2022-01-15 18:53:07 - [MESSAGE][WARNING] - [SELF-HEALING] The current locator of test object 'Object Repository/Page_Course CNTN/span_assignment test' was broken. Propose an alternative one: '(.//*[normalize-space(text()) and normalize-space(.)='Forum'])[1]/following::span[1]'.

2022-01-15 18:53:08 - [MESSAGE][PASSED] - Object: 'Object Repository/Page_Course CNTN/span_assignment test' is clicked on

2022-01-15 18:53:08 - [TEST_STEP][PASSED] - click(findTestObject("Object Repository/Page_cntn assignment test/button_Add submission")): Object: 'Object Repository/Page_cntn assignment test/button_Add submission' is clicked on

2022-01-15 18:53:39 - [MESSAGE][INFO] - Unable to find the element located by 'By.xpath: //button[@id='single_button61e0d28ae8c4015']'. Please recheck the objects properties to make sure the desired element is located. 

2022-01-15 18:53:39 - [MESSAGE][WARNING] - [SELF-HEALING] Failed to find element with id 'Object Repository/Page_cntn assignment test/button_Add submission'. Try using Self-healing.

2022-01-15 18:53:39 - [MESSAGE][WARNING] - [SELF-HEALING] The current locator of test object 'Object Repository/Page_cntn assignment test/button_Add submission' was broken. Propose an alternative one: '//form/button'.

2022-01-15 18:53:40 - [MESSAGE][PASSED] - Object: 'Object Repository/Page_cntn assignment test/button_Add submission' is clicked on

2022-01-15 18:53:40 - [TEST_STEP][PASSED] - click(findTestObject("Object Repository/Page_cntn assignment test - Edit submission/input_Online text_submitbutton")): Object: 'Object Repository/Page_cntn assignment test - Edit submission/input_Online text_submitbutton' is clicked on

2022-01-15 18:53:41 - [MESSAGE][PASSED] - Object: 'Object Repository/Page_cntn assignment test - Edit submission/input_Online text_submitbutton' is clicked on

2022-01-15 18:53:41 - [TEST_STEP][PASSED] - verifyElementPresent(findTestObject("Object Repository/Page_cntn assignment test - Edit submission/div_Nothing was submitted"), 0): Object 'Object Repository/Page_cntn assignment test - Edit submission/div_Nothing was submitted' is present

2022-01-15 18:53:41 - [MESSAGE][WARNING] - Timeout '0' is invalid. Using default page load timeout: '30'

2022-01-15 18:53:42 - [MESSAGE][PASSED] - Object 'Object Repository/Page_cntn assignment test - Edit submission/div_Nothing was submitted' is present

2022-01-15 18:53:42 - [TEST_STEP][PASSED] - closeBrowser(): Browser is closed

2022-01-15 18:53:43 - [MESSAGE][PASSED] - Browser is closed]]></system-out>
         <system-err><![CDATA[]]></system-err>
      </testcase>
      <testcase name="Test Cases/Student/5. Submit/3. Submit" time="109.22" classname="Test Cases/Student/5. Submit/3. Submit" status="PASSED">
         <system-out><![CDATA[2022-01-15 18:53:43 - [TEST_CASE][PASSED] - Test Cases/Student/5. Submit/3. Submit: Test Cases/Student/5. Submit/3. Submit

2022-01-15 18:53:43 - [TEST_STEP][PASSED] - callTestCase(findTestCase("Student/2. Login as student"), [:], STOP_ON_FAILURE): Call Test Case 'Test Cases/Student/2. Login as student' successfully

2022-01-15 18:53:43 - [TEST_CASE][PASSED] - Test Cases/Student/2. Login as student: Test Cases/Student/2. Login as student

2022-01-15 18:53:43 - [TEST_STEP][PASSED] - openBrowser(""): Browser is opened with url: ''

2022-01-15 18:53:43 - [MESSAGE][INFO] - Starting 'Edge Chromium' driver

2022-01-15 18:53:45 - [MESSAGE][INFO] - Action delay is set to 0 milliseconds

2022-01-15 18:53:46 - [MESSAGE][PASSED] - Browser is opened with url: ''

2022-01-15 18:53:46 - [TEST_STEP][PASSED] - navigateToUrl("http://localhost/"): Navigate to 'http://localhost/' successfully

2022-01-15 18:53:46 - [MESSAGE][PASSED] - Navigate to 'http://localhost/' successfully

2022-01-15 18:53:46 - [TEST_STEP][PASSED] - click(findTestObject("Object Repository/Page_Automation Testing Site/a_Log in")): Object: 'Object Repository/Page_Automation Testing Site/a_Log in' is clicked on

2022-01-15 18:53:47 - [MESSAGE][PASSED] - Object: 'Object Repository/Page_Automation Testing Site/a_Log in' is clicked on

2022-01-15 18:53:47 - [TEST_STEP][PASSED] - setText(findTestObject("Object Repository/Page_Automation Testing Site Log in to the site/input_Username_username"), "student"): Text 'student' is set on object 'Object Repository/Page_Automation Testing Site Log in to the site/input_Username_username'

2022-01-15 18:53:48 - [MESSAGE][PASSED] - Text 'student' is set on object 'Object Repository/Page_Automation Testing Site Log in to the site/input_Username_username'

2022-01-15 18:53:48 - [TEST_STEP][PASSED] - setEncryptedText(findTestObject("Object Repository/Page_Automation Testing Site Log in to the site/input_Password_password"), "cnpXG5HhkrZpEXzNIGBMZQ=="): Text ****** has been set on object 'Object Repository/Page_Automation Testing Site Log in to the site/input_Password_password'

2022-01-15 18:53:48 - [MESSAGE][PASSED] - Text ****** has been set on object 'Object Repository/Page_Automation Testing Site Log in to the site/input_Password_password'

2022-01-15 18:53:48 - [TEST_STEP][PASSED] - click(findTestObject("Object Repository/Page_Automation Testing Site Log in to the site/button_Log in")): Object: 'Object Repository/Page_Automation Testing Site Log in to the site/button_Log in' is clicked on

2022-01-15 18:53:49 - [MESSAGE][PASSED] - Object: 'Object Repository/Page_Automation Testing Site Log in to the site/button_Log in' is clicked on

2022-01-15 18:53:49 - [TEST_STEP][PASSED] - click(findTestObject("Object Repository/Page_Dashboard/span_Site home")): Object: 'Object Repository/Page_Dashboard/span_Site home' is clicked on

2022-01-15 18:54:21 - [MESSAGE][INFO] - Unable to find the element located by 'By.xpath: '. Please recheck the objects properties to make sure the desired element is located. 

2022-01-15 18:54:21 - [MESSAGE][WARNING] - [SELF-HEALING] Failed to find element with id 'Object Repository/Page_Dashboard/span_Site home'. Try using Self-healing.

2022-01-15 18:54:21 - [MESSAGE][WARNING] - [SELF-HEALING] The current locator of test object 'Object Repository/Page_Dashboard/span_Site home' was broken. Propose an alternative one: '//div[@id='nav-drawer']/nav/ul/li[2]/a/div/div/span[2]'.

2022-01-15 18:54:21 - [MESSAGE][PASSED] - Object: 'Object Repository/Page_Dashboard/span_Site home' is clicked on

2022-01-15 18:54:21 - [TEST_STEP][PASSED] - click(findTestObject("Object Repository/Page_Automation Testing Site/a_CNTN")): Object: 'Object Repository/Page_Automation Testing Site/a_CNTN' is clicked on

2022-01-15 18:54:22 - [MESSAGE][PASSED] - Object: 'Object Repository/Page_Automation Testing Site/a_CNTN' is clicked on

2022-01-15 18:54:22 - [MESSAGE][INFO] - 

2022-01-15 18:54:22 - [MESSAGE][INFO] - ===================== Self-healing Report ====================

2022-01-15 18:54:22 - [MESSAGE][INFO] - One of the failed test object locators has been recovered by Self-healing. Please refer to the Self-healing Insights tab for more details.

2022-01-15 18:54:22 - [MESSAGE][INFO] - To learn more about Self-healing, please read https://docs.katalon.com/katalon-studio/docs/self-healing.html

2022-01-15 18:54:22 - [MESSAGE][INFO] - ==============================================================

2022-01-15 18:54:22 - [MESSAGE][PASSED] - Call Test Case 'Test Cases/Student/2. Login as student' successfully

2022-01-15 18:54:22 - [TEST_STEP][PASSED] - click(findTestObject("Object Repository/Page_Course CNTN/span_assignment test")): Object: 'Object Repository/Page_Course CNTN/span_assignment test' is clicked on

2022-01-15 18:54:53 - [MESSAGE][INFO] - Unable to find the element located by 'By.xpath: //li[@id='module-13']/div/div/div[2]/div/a/span'. Please recheck the objects properties to make sure the desired element is located. 

2022-01-15 18:54:53 - [MESSAGE][WARNING] - [SELF-HEALING] Failed to find element with id 'Object Repository/Page_Course CNTN/span_assignment test'. Try using Self-healing.

2022-01-15 18:54:53 - [MESSAGE][WARNING] - [SELF-HEALING] The current locator of test object 'Object Repository/Page_Course CNTN/span_assignment test' was broken. Propose an alternative one: '(.//*[normalize-space(text()) and normalize-space(.)='Forum'])[1]/following::span[1]'.

2022-01-15 18:54:54 - [MESSAGE][PASSED] - Object: 'Object Repository/Page_Course CNTN/span_assignment test' is clicked on

2022-01-15 18:54:54 - [TEST_STEP][PASSED] - click(findTestObject("Object Repository/Page_cntn assignment test/button_Add submission")): Object: 'Object Repository/Page_cntn assignment test/button_Add submission' is clicked on

2022-01-15 18:55:25 - [MESSAGE][INFO] - Unable to find the element located by 'By.xpath: //button[@id='single_button61e0d28ae8c4015']'. Please recheck the objects properties to make sure the desired element is located. 

2022-01-15 18:55:25 - [MESSAGE][WARNING] - [SELF-HEALING] Failed to find element with id 'Object Repository/Page_cntn assignment test/button_Add submission'. Try using Self-healing.

2022-01-15 18:55:25 - [MESSAGE][WARNING] - [SELF-HEALING] The current locator of test object 'Object Repository/Page_cntn assignment test/button_Add submission' was broken. Propose an alternative one: '//form/button'.

2022-01-15 18:55:26 - [MESSAGE][PASSED] - Object: 'Object Repository/Page_cntn assignment test/button_Add submission' is clicked on

2022-01-15 18:55:26 - [TEST_STEP][PASSED] - setText(findTestObject("Object Repository/Page_cntn assignment test - Edit submission/div_Online text_id_onlinetext_editoreditable"), "<p dir="ltr" style="text-align: left;"><ul id="yui_3_17_2_1_1642123027625_540"><li id="yui_3_17_2_1_1642123027625_539"><br id="yui_3_17_2_1_1642123027625_541"></li></ul></p>"): Text '<p dir="ltr" style="text-align: left;"><ul id="yui_3_17_2_1_1642123027625_540"><li id="yui_3_17_2_1_1642123027625_539"><br id="yui_3_17_2_1_1642123027625_541"></li></ul></p>' is set on object 'Object Repository/Page_cntn assignment test - Edit submission/div_Online text_id_onlinetext_editoreditable'

2022-01-15 18:55:28 - [MESSAGE][PASSED] - Text '<p dir="ltr" style="text-align: left;"><ul id="yui_3_17_2_1_1642123027625_540"><li id="yui_3_17_2_1_1642123027625_539"><br id="yui_3_17_2_1_1642123027625_541"></li></ul></p>' is set on object 'Object Repository/Page_cntn assignment test - Edit submission/div_Online text_id_onlinetext_editoreditable'

2022-01-15 18:55:28 - [TEST_STEP][PASSED] - click(findTestObject("Object Repository/Page_cntn assignment test - Edit submission/input_Draft saved_submitbutton")): Object: 'Object Repository/Page_cntn assignment test - Edit submission/input_Draft saved_submitbutton' is clicked on

2022-01-15 18:55:31 - [MESSAGE][PASSED] - Object: 'Object Repository/Page_cntn assignment test - Edit submission/input_Draft saved_submitbutton' is clicked on

2022-01-15 18:55:31 - [TEST_STEP][PASSED] - closeBrowser(): Browser is closed

2022-01-15 18:55:32 - [MESSAGE][PASSED] - Browser is closed]]></system-out>
         <system-err><![CDATA[]]></system-err>
      </testcase>
      <testcase name="Test Cases/Student/5. Submit/4. Remove submittion" time="136.768" classname="Test Cases/Student/5. Submit/4. Remove submittion" status="PASSED">
         <system-out><![CDATA[2022-01-15 18:55:32 - [TEST_CASE][PASSED] - Test Cases/Student/5. Submit/4. Remove submittion: Test Cases/Student/5. Submit/4. Remove submittion

2022-01-15 18:55:32 - [TEST_STEP][PASSED] - callTestCase(findTestCase("Student/2. Login as student"), [:], STOP_ON_FAILURE): Call Test Case 'Test Cases/Student/2. Login as student' successfully

2022-01-15 18:55:32 - [TEST_CASE][PASSED] - Test Cases/Student/2. Login as student: Test Cases/Student/2. Login as student

2022-01-15 18:55:32 - [TEST_STEP][PASSED] - openBrowser(""): Browser is opened with url: ''

2022-01-15 18:55:32 - [MESSAGE][INFO] - Starting 'Edge Chromium' driver

2022-01-15 18:55:34 - [MESSAGE][INFO] - Action delay is set to 0 milliseconds

2022-01-15 18:55:35 - [MESSAGE][PASSED] - Browser is opened with url: ''

2022-01-15 18:55:35 - [TEST_STEP][PASSED] - navigateToUrl("http://localhost/"): Navigate to 'http://localhost/' successfully

2022-01-15 18:55:36 - [MESSAGE][PASSED] - Navigate to 'http://localhost/' successfully

2022-01-15 18:55:36 - [TEST_STEP][PASSED] - click(findTestObject("Object Repository/Page_Automation Testing Site/a_Log in")): Object: 'Object Repository/Page_Automation Testing Site/a_Log in' is clicked on

2022-01-15 18:55:36 - [MESSAGE][PASSED] - Object: 'Object Repository/Page_Automation Testing Site/a_Log in' is clicked on

2022-01-15 18:55:36 - [TEST_STEP][PASSED] - setText(findTestObject("Object Repository/Page_Automation Testing Site Log in to the site/input_Username_username"), "student"): Text 'student' is set on object 'Object Repository/Page_Automation Testing Site Log in to the site/input_Username_username'

2022-01-15 18:55:37 - [MESSAGE][PASSED] - Text 'student' is set on object 'Object Repository/Page_Automation Testing Site Log in to the site/input_Username_username'

2022-01-15 18:55:37 - [TEST_STEP][PASSED] - setEncryptedText(findTestObject("Object Repository/Page_Automation Testing Site Log in to the site/input_Password_password"), "cnpXG5HhkrZpEXzNIGBMZQ=="): Text ****** has been set on object 'Object Repository/Page_Automation Testing Site Log in to the site/input_Password_password'

2022-01-15 18:55:38 - [MESSAGE][PASSED] - Text ****** has been set on object 'Object Repository/Page_Automation Testing Site Log in to the site/input_Password_password'

2022-01-15 18:55:38 - [TEST_STEP][PASSED] - click(findTestObject("Object Repository/Page_Automation Testing Site Log in to the site/button_Log in")): Object: 'Object Repository/Page_Automation Testing Site Log in to the site/button_Log in' is clicked on

2022-01-15 18:55:39 - [MESSAGE][PASSED] - Object: 'Object Repository/Page_Automation Testing Site Log in to the site/button_Log in' is clicked on

2022-01-15 18:55:39 - [TEST_STEP][PASSED] - click(findTestObject("Object Repository/Page_Dashboard/span_Site home")): Object: 'Object Repository/Page_Dashboard/span_Site home' is clicked on

2022-01-15 18:56:10 - [MESSAGE][INFO] - Unable to find the element located by 'By.xpath: '. Please recheck the objects properties to make sure the desired element is located. 

2022-01-15 18:56:10 - [MESSAGE][WARNING] - [SELF-HEALING] Failed to find element with id 'Object Repository/Page_Dashboard/span_Site home'. Try using Self-healing.

2022-01-15 18:56:10 - [MESSAGE][WARNING] - [SELF-HEALING] The current locator of test object 'Object Repository/Page_Dashboard/span_Site home' was broken. Propose an alternative one: '//div[@id='nav-drawer']/nav/ul/li[2]/a/div/div/span[2]'.

2022-01-15 18:56:11 - [MESSAGE][PASSED] - Object: 'Object Repository/Page_Dashboard/span_Site home' is clicked on

2022-01-15 18:56:11 - [TEST_STEP][PASSED] - click(findTestObject("Object Repository/Page_Automation Testing Site/a_CNTN")): Object: 'Object Repository/Page_Automation Testing Site/a_CNTN' is clicked on

2022-01-15 18:56:11 - [MESSAGE][PASSED] - Object: 'Object Repository/Page_Automation Testing Site/a_CNTN' is clicked on

2022-01-15 18:56:11 - [MESSAGE][INFO] - 

2022-01-15 18:56:11 - [MESSAGE][INFO] - ===================== Self-healing Report ====================

2022-01-15 18:56:11 - [MESSAGE][INFO] - One of the failed test object locators has been recovered by Self-healing. Please refer to the Self-healing Insights tab for more details.

2022-01-15 18:56:11 - [MESSAGE][INFO] - To learn more about Self-healing, please read https://docs.katalon.com/katalon-studio/docs/self-healing.html

2022-01-15 18:56:11 - [MESSAGE][INFO] - ==============================================================

2022-01-15 18:56:11 - [MESSAGE][PASSED] - Call Test Case 'Test Cases/Student/2. Login as student' successfully

2022-01-15 18:56:11 - [TEST_STEP][PASSED] - click(findTestObject("Object Repository/Page_Course CNTN/span_assignment test")): Object: 'Object Repository/Page_Course CNTN/span_assignment test' is clicked on

2022-01-15 18:56:43 - [MESSAGE][INFO] - Unable to find the element located by 'By.xpath: //li[@id='module-13']/div/div/div[2]/div/a/span'. Please recheck the objects properties to make sure the desired element is located. 

2022-01-15 18:56:43 - [MESSAGE][WARNING] - [SELF-HEALING] Failed to find element with id 'Object Repository/Page_Course CNTN/span_assignment test'. Try using Self-healing.

2022-01-15 18:56:43 - [MESSAGE][WARNING] - [SELF-HEALING] The current locator of test object 'Object Repository/Page_Course CNTN/span_assignment test' was broken. Propose an alternative one: '(.//*[normalize-space(text()) and normalize-space(.)='Forum'])[1]/following::span[1]'.

2022-01-15 18:56:43 - [MESSAGE][PASSED] - Object: 'Object Repository/Page_Course CNTN/span_assignment test' is clicked on

2022-01-15 18:56:43 - [TEST_STEP][PASSED] - click(findTestObject("Object Repository/Page_cntn assignment test/button_Remove submission")): Object: 'Object Repository/Page_cntn assignment test/button_Remove submission' is clicked on

2022-01-15 18:57:15 - [MESSAGE][INFO] - Unable to find the element located by 'By.xpath: //button[@id='single_button61e0d0d10be4a18']'. Please recheck the objects properties to make sure the desired element is located. 

2022-01-15 18:57:15 - [MESSAGE][WARNING] - [SELF-HEALING] Failed to find element with id 'Object Repository/Page_cntn assignment test/button_Remove submission'. Try using Self-healing.

2022-01-15 18:57:15 - [MESSAGE][WARNING] - [SELF-HEALING] The current locator of test object 'Object Repository/Page_cntn assignment test/button_Remove submission' was broken. Propose an alternative one: '//section[@id='region-main']/div/div[3]/div[2]/div[2]/form/button'.

2022-01-15 18:57:15 - [MESSAGE][PASSED] - Object: 'Object Repository/Page_cntn assignment test/button_Remove submission' is clicked on

2022-01-15 18:57:15 - [TEST_STEP][PASSED] - click(findTestObject("Object Repository/Page_cntn assignment test/button_Continue")): Object: 'Object Repository/Page_cntn assignment test/button_Continue' is clicked on

2022-01-15 18:57:46 - [MESSAGE][INFO] - Unable to find the element located by 'By.xpath: //button[@id='single_button61e0d0d82a84914']'. Please recheck the objects properties to make sure the desired element is located. 

2022-01-15 18:57:46 - [MESSAGE][WARNING] - [SELF-HEALING] Failed to find element with id 'Object Repository/Page_cntn assignment test/button_Continue'. Try using Self-healing.

2022-01-15 18:57:47 - [MESSAGE][WARNING] - [SELF-HEALING] The current locator of test object 'Object Repository/Page_cntn assignment test/button_Continue' was broken. Propose an alternative one: '//div[@id='modal-footer']/div/div/form/button'.

2022-01-15 18:57:47 - [MESSAGE][PASSED] - Object: 'Object Repository/Page_cntn assignment test/button_Continue' is clicked on

2022-01-15 18:57:47 - [TEST_STEP][PASSED] - verifyElementText(findTestObject("Object Repository/Page_cntn assignment test/td_-"), "-"): Actual text and expected text of test object 'Object Repository/Page_cntn assignment test/td_-' are matched.

2022-01-15 18:57:48 - [MESSAGE][PASSED] - Actual text and expected text of test object 'Object Repository/Page_cntn assignment test/td_-' are matched.

2022-01-15 18:57:48 - [TEST_STEP][PASSED] - closeBrowser(): Browser is closed

2022-01-15 18:57:49 - [MESSAGE][PASSED] - Browser is closed]]></system-out>
         <system-err><![CDATA[]]></system-err>
      </testcase>
      <testcase name="Test Cases/Kiểm tra thẻ Site Administration/Đăng nhập dưới quyền Ẩn danh" time="35.696" classname="Test Cases/Kiểm tra thẻ Site Administration/Đăng nhập dưới quyền Ẩn danh" status="FAILED">
         <failure type="FAILED" message="Test Cases/Kiểm tra thẻ Site Administration/Đăng nhập dưới quyền Ẩn danh FAILED.
Reason:
com.kms.katalon.core.exception.StepFailedException: Unable to verify object 'Object Repository/AnonymousSignIn/Page_Automation Testing Site Log in to the site/button_Log in as a guest' is present
	at com.kms.katalon.core.webui.keyword.internal.WebUIKeywordMain.stepFailed(WebUIKeywordMain.groovy:64)
	at com.kms.katalon.core.webui.keyword.internal.WebUIKeywordMain.runKeyword(WebUIKeywordMain.groovy:26)
	at com.kms.katalon.core.webui.keyword.builtin.VerifyElementPresentKeyword.verifyElementPresent(VerifyElementPresentKeyword.groovy:92)
	at com.kms.katalon.core.webui.keyword.builtin.VerifyElementPresentKeyword.execute(VerifyElementPresentKeyword.groovy:68)
	at com.kms.katalon.core.keyword.internal.KeywordExecutor.executeKeywordForPlatform(KeywordExecutor.groovy:74)
	at com.kms.katalon.core.webui.keyword.WebUiBuiltInKeywords.verifyElementPresent(WebUiBuiltInKeywords.groovy:1464)
	at com.kms.katalon.core.webui.keyword.WebUiBuiltInKeywords$verifyElementPresent$10.call(Unknown Source)
	at Đăng nhập dưới quyền Ẩn danh.run(Đăng nhập dưới quyền Ẩn danh:26)
	at com.kms.katalon.core.main.ScriptEngine.run(ScriptEngine.java:194)
	at com.kms.katalon.core.main.ScriptEngine.runScriptAsRawText(ScriptEngine.java:119)
	at com.kms.katalon.core.main.TestCaseExecutor.runScript(TestCaseExecutor.java:442)
	at com.kms.katalon.core.main.TestCaseExecutor.doExecute(TestCaseExecutor.java:433)
	at com.kms.katalon.core.main.TestCaseExecutor.processExecutionPhase(TestCaseExecutor.java:412)
	at com.kms.katalon.core.main.TestCaseExecutor.accessMainPhase(TestCaseExecutor.java:404)
	at com.kms.katalon.core.main.TestCaseExecutor.execute(TestCaseExecutor.java:281)
	at com.kms.katalon.core.main.TestSuiteExecutor.accessTestCaseMainPhase(TestSuiteExecutor.java:202)
	at com.kms.katalon.core.main.TestSuiteExecutor.accessTestSuiteMainPhase(TestSuiteExecutor.java:164)
	at com.kms.katalon.core.main.TestSuiteExecutor.execute(TestSuiteExecutor.java:105)
	at com.kms.katalon.core.main.TestCaseMain.startTestSuite(TestCaseMain.java:181)
	at com.kms.katalon.core.main.TestCaseMain$startTestSuite$0.call(Unknown Source)
	at TempTestSuite1642246556726.run(TempTestSuite1642246556726.groovy:36)
Caused by: com.kms.katalon.core.exception.StepFailedException: com.kms.katalon.core.webui.exception.WebElementNotFoundException: Web element with id: 'Object Repository/AnonymousSignIn/Page_Automation Testing Site Log in to the site/button_Log in as a guest' located by '(//button[@type='submit'])[2]' not found
	at com.kms.katalon.core.webui.keyword.internal.WebUIKeywordMain.stepFailed(WebUIKeywordMain.groovy:64)
	at com.kms.katalon.core.webui.keyword.builtin.VerifyElementPresentKeyword$_verifyElementPresent_closure1.doCall(VerifyElementPresentKeyword.groovy:85)
	at com.kms.katalon.core.webui.keyword.builtin.VerifyElementPresentKeyword$_verifyElementPresent_closure1.call(VerifyElementPresentKeyword.groovy)
	at com.kms.katalon.core.webui.keyword.internal.WebUIKeywordMain.runKeyword(WebUIKeywordMain.groovy:20)
	... 19 more
"/>
         <system-out><![CDATA[2022-01-15 18:57:49 - [TEST_CASE][FAILED] - Test Cases/Kiểm tra thẻ Site Administration/Đăng nhập dưới quyền Ẩn danh: Test Cases/Kiểm tra thẻ Site Administration/Đăng nhập dưới quyền Ẩn danh FAILED.
Reason:
com.kms.katalon.core.exception.StepFailedException: Unable to verify object 'Object Repository/AnonymousSignIn/Page_Automation Testing Site Log in to the site/button_Log in as a guest' is present
	at com.kms.katalon.core.webui.keyword.internal.WebUIKeywordMain.stepFailed(WebUIKeywordMain.groovy:64)
	at com.kms.katalon.core.webui.keyword.internal.WebUIKeywordMain.runKeyword(WebUIKeywordMain.groovy:26)
	at com.kms.katalon.core.webui.keyword.builtin.VerifyElementPresentKeyword.verifyElementPresent(VerifyElementPresentKeyword.groovy:92)
	at com.kms.katalon.core.webui.keyword.builtin.VerifyElementPresentKeyword.execute(VerifyElementPresentKeyword.groovy:68)
	at com.kms.katalon.core.keyword.internal.KeywordExecutor.executeKeywordForPlatform(KeywordExecutor.groovy:74)
	at com.kms.katalon.core.webui.keyword.WebUiBuiltInKeywords.verifyElementPresent(WebUiBuiltInKeywords.groovy:1464)
	at com.kms.katalon.core.webui.keyword.WebUiBuiltInKeywords$verifyElementPresent$10.call(Unknown Source)
	at Đăng nhập dưới quyền Ẩn danh.run(Đăng nhập dưới quyền Ẩn danh:26)
	at com.kms.katalon.core.main.ScriptEngine.run(ScriptEngine.java:194)
	at com.kms.katalon.core.main.ScriptEngine.runScriptAsRawText(ScriptEngine.java:119)
	at com.kms.katalon.core.main.TestCaseExecutor.runScript(TestCaseExecutor.java:442)
	at com.kms.katalon.core.main.TestCaseExecutor.doExecute(TestCaseExecutor.java:433)
	at com.kms.katalon.core.main.TestCaseExecutor.processExecutionPhase(TestCaseExecutor.java:412)
	at com.kms.katalon.core.main.TestCaseExecutor.accessMainPhase(TestCaseExecutor.java:404)
	at com.kms.katalon.core.main.TestCaseExecutor.execute(TestCaseExecutor.java:281)
	at com.kms.katalon.core.main.TestSuiteExecutor.accessTestCaseMainPhase(TestSuiteExecutor.java:202)
	at com.kms.katalon.core.main.TestSuiteExecutor.accessTestSuiteMainPhase(TestSuiteExecutor.java:164)
	at com.kms.katalon.core.main.TestSuiteExecutor.execute(TestSuiteExecutor.java:105)
	at com.kms.katalon.core.main.TestCaseMain.startTestSuite(TestCaseMain.java:181)
	at com.kms.katalon.core.main.TestCaseMain$startTestSuite$0.call(Unknown Source)
	at TempTestSuite1642246556726.run(TempTestSuite1642246556726.groovy:36)
Caused by: com.kms.katalon.core.exception.StepFailedException: com.kms.katalon.core.webui.exception.WebElementNotFoundException: Web element with id: 'Object Repository/AnonymousSignIn/Page_Automation Testing Site Log in to the site/button_Log in as a guest' located by '(//button[@type='submit'])[2]' not found
	at com.kms.katalon.core.webui.keyword.internal.WebUIKeywordMain.stepFailed(WebUIKeywordMain.groovy:64)
	at com.kms.katalon.core.webui.keyword.builtin.VerifyElementPresentKeyword$_verifyElementPresent_closure1.doCall(VerifyElementPresentKeyword.groovy:85)
	at com.kms.katalon.core.webui.keyword.builtin.VerifyElementPresentKeyword$_verifyElementPresent_closure1.call(VerifyElementPresentKeyword.groovy)
	at com.kms.katalon.core.webui.keyword.internal.WebUIKeywordMain.runKeyword(WebUIKeywordMain.groovy:20)
	... 19 more


2022-01-15 18:57:49 - [TEST_STEP][PASSED] - openBrowser(""): Browser is opened with url: ''

2022-01-15 18:57:49 - [MESSAGE][INFO] - Starting 'Edge Chromium' driver

2022-01-15 18:57:51 - [MESSAGE][INFO] - Action delay is set to 0 milliseconds

2022-01-15 18:57:52 - [MESSAGE][PASSED] - Browser is opened with url: ''

2022-01-15 18:57:52 - [TEST_STEP][PASSED] - navigateToUrl("http://localhost/"): Navigate to 'http://localhost/' successfully

2022-01-15 18:57:52 - [MESSAGE][PASSED] - Navigate to 'http://localhost/' successfully

2022-01-15 18:57:52 - [TEST_STEP][PASSED] - click(findTestObject("Object Repository/AnonymousSignIn/Page_Automation Testing Site/a_Log in")): Object: 'Object Repository/AnonymousSignIn/Page_Automation Testing Site/a_Log in' is clicked on

2022-01-15 18:57:53 - [MESSAGE][PASSED] - Object: 'Object Repository/AnonymousSignIn/Page_Automation Testing Site/a_Log in' is clicked on

2022-01-15 18:57:53 - [TEST_STEP][FAILED] - verifyElementPresent(findTestObject("Object Repository/AnonymousSignIn/Page_Automation Testing Site Log in to the site/button_Log in as a guest"), 0): Unable to verify object 'Object Repository/AnonymousSignIn/Page_Automation Testing Site Log in to the site/button_Log in as a guest' is present (Root cause: com.kms.katalon.core.exception.StepFailedException: Unable to verify object 'Object Repository/AnonymousSignIn/Page_Automation Testing Site Log in to the site/button_Log in as a guest' is present
	at com.kms.katalon.core.webui.keyword.internal.WebUIKeywordMain.stepFailed(WebUIKeywordMain.groovy:64)
	at com.kms.katalon.core.webui.keyword.internal.WebUIKeywordMain.runKeyword(WebUIKeywordMain.groovy:26)
	at com.kms.katalon.core.webui.keyword.builtin.VerifyElementPresentKeyword.verifyElementPresent(VerifyElementPresentKeyword.groovy:92)
	at com.kms.katalon.core.webui.keyword.builtin.VerifyElementPresentKeyword.execute(VerifyElementPresentKeyword.groovy:68)
	at com.kms.katalon.core.keyword.internal.KeywordExecutor.executeKeywordForPlatform(KeywordExecutor.groovy:74)
	at com.kms.katalon.core.webui.keyword.WebUiBuiltInKeywords.verifyElementPresent(WebUiBuiltInKeywords.groovy:1464)
	at com.kms.katalon.core.webui.keyword.WebUiBuiltInKeywords$verifyElementPresent$10.call(Unknown Source)
	at Đăng nhập dưới quyền Ẩn danh.run(Đăng nhập dưới quyền Ẩn danh:26)
	at com.kms.katalon.core.main.ScriptEngine.run(ScriptEngine.java:194)
	at com.kms.katalon.core.main.ScriptEngine.runScriptAsRawText(ScriptEngine.java:119)
	at com.kms.katalon.core.main.TestCaseExecutor.runScript(TestCaseExecutor.java:442)
	at com.kms.katalon.core.main.TestCaseExecutor.doExecute(TestCaseExecutor.java:433)
	at com.kms.katalon.core.main.TestCaseExecutor.processExecutionPhase(TestCaseExecutor.java:412)
	at com.kms.katalon.core.main.TestCaseExecutor.accessMainPhase(TestCaseExecutor.java:404)
	at com.kms.katalon.core.main.TestCaseExecutor.execute(TestCaseExecutor.java:281)
	at com.kms.katalon.core.main.TestSuiteExecutor.accessTestCaseMainPhase(TestSuiteExecutor.java:202)
	at com.kms.katalon.core.main.TestSuiteExecutor.accessTestSuiteMainPhase(TestSuiteExecutor.java:164)
	at com.kms.katalon.core.main.TestSuiteExecutor.execute(TestSuiteExecutor.java:105)
	at com.kms.katalon.core.main.TestCaseMain.startTestSuite(TestCaseMain.java:181)
	at com.kms.katalon.core.main.TestCaseMain$startTestSuite$0.call(Unknown Source)
	at TempTestSuite1642246556726.run(TempTestSuite1642246556726.groovy:36)
Caused by: com.kms.katalon.core.exception.StepFailedException: com.kms.katalon.core.webui.exception.WebElementNotFoundException: Web element with id: 'Object Repository/AnonymousSignIn/Page_Automation Testing Site Log in to the site/button_Log in as a guest' located by '(//button[@type='submit'])[2]' not found
	at com.kms.katalon.core.webui.keyword.internal.WebUIKeywordMain.stepFailed(WebUIKeywordMain.groovy:64)
	at com.kms.katalon.core.webui.keyword.builtin.VerifyElementPresentKeyword$_verifyElementPresent_closure1.doCall(VerifyElementPresentKeyword.groovy:85)
	at com.kms.katalon.core.webui.keyword.builtin.VerifyElementPresentKeyword$_verifyElementPresent_closure1.call(VerifyElementPresentKeyword.groovy)
	at com.kms.katalon.core.webui.keyword.internal.WebUIKeywordMain.runKeyword(WebUIKeywordMain.groovy:20)
	... 19 more
)

2022-01-15 18:57:53 - [MESSAGE][WARNING] - Timeout '0' is invalid. Using default page load timeout: '30'

2022-01-15 18:58:24 - [MESSAGE][INFO] - Unable to find the element located by 'By.xpath: (//button[@type='submit'])[2]'. Please recheck the objects properties to make sure the desired element is located. 

2022-01-15 18:58:24 - [MESSAGE][FAILED] - com.kms.katalon.core.webui.exception.WebElementNotFoundException: Web element with id: 'Object Repository/AnonymousSignIn/Page_Automation Testing Site Log in to the site/button_Log in as a guest' located by '(//button[@type='submit'])[2]' not found (Root cause: com.kms.katalon.core.exception.StepFailedException: com.kms.katalon.core.webui.exception.WebElementNotFoundException: Web element with id: 'Object Repository/AnonymousSignIn/Page_Automation Testing Site Log in to the site/button_Log in as a guest' located by '(//button[@type='submit'])[2]' not found
	at com.kms.katalon.core.webui.keyword.internal.WebUIKeywordMain.stepFailed(WebUIKeywordMain.groovy:64)
	at com.kms.katalon.core.webui.keyword.builtin.VerifyElementPresentKeyword$_verifyElementPresent_closure1.doCall(VerifyElementPresentKeyword.groovy:85)
	at com.kms.katalon.core.webui.keyword.builtin.VerifyElementPresentKeyword$_verifyElementPresent_closure1.call(VerifyElementPresentKeyword.groovy)
	at com.kms.katalon.core.webui.keyword.internal.WebUIKeywordMain.runKeyword(WebUIKeywordMain.groovy:20)
	at com.kms.katalon.core.webui.keyword.builtin.VerifyElementPresentKeyword.verifyElementPresent(VerifyElementPresentKeyword.groovy:92)
	at com.kms.katalon.core.webui.keyword.builtin.VerifyElementPresentKeyword.execute(VerifyElementPresentKeyword.groovy:68)
	at com.kms.katalon.core.keyword.internal.KeywordExecutor.executeKeywordForPlatform(KeywordExecutor.groovy:74)
	at com.kms.katalon.core.webui.keyword.WebUiBuiltInKeywords.verifyElementPresent(WebUiBuiltInKeywords.groovy:1464)
	at com.kms.katalon.core.webui.keyword.WebUiBuiltInKeywords$verifyElementPresent$10.call(Unknown Source)
	at Đăng nhập dưới quyền Ẩn danh.run(Đăng nhập dưới quyền Ẩn danh:26)
	at com.kms.katalon.core.main.ScriptEngine.run(ScriptEngine.java:194)
	at com.kms.katalon.core.main.ScriptEngine.runScriptAsRawText(ScriptEngine.java:119)
	at com.kms.katalon.core.main.TestCaseExecutor.runScript(TestCaseExecutor.java:442)
	at com.kms.katalon.core.main.TestCaseExecutor.doExecute(TestCaseExecutor.java:433)
	at com.kms.katalon.core.main.TestCaseExecutor.processExecutionPhase(TestCaseExecutor.java:412)
	at com.kms.katalon.core.main.TestCaseExecutor.accessMainPhase(TestCaseExecutor.java:404)
	at com.kms.katalon.core.main.TestCaseExecutor.execute(TestCaseExecutor.java:281)
	at com.kms.katalon.core.main.TestSuiteExecutor.accessTestCaseMainPhase(TestSuiteExecutor.java:202)
	at com.kms.katalon.core.main.TestSuiteExecutor.accessTestSuiteMainPhase(TestSuiteExecutor.java:164)
	at com.kms.katalon.core.main.TestSuiteExecutor.execute(TestSuiteExecutor.java:105)
	at com.kms.katalon.core.main.TestCaseMain.startTestSuite(TestCaseMain.java:181)
	at com.kms.katalon.core.main.TestCaseMain$startTestSuite$0.call(Unknown Source)
	at TempTestSuite1642246556726.run(TempTestSuite1642246556726.groovy:36)
)
[[ATTACHMENT|E:\\MoodleTestByKatalon\\Reports\\20220115_183556\\Run all test cases\\20220115_183556\\1642247904600.png]]

2022-01-15 18:58:24 - [MESSAGE][FAILED] - Unable to verify object 'Object Repository/AnonymousSignIn/Page_Automation Testing Site Log in to the site/button_Log in as a guest' is present (Root cause: com.kms.katalon.core.exception.StepFailedException: Unable to verify object 'Object Repository/AnonymousSignIn/Page_Automation Testing Site Log in to the site/button_Log in as a guest' is present
	at com.kms.katalon.core.webui.keyword.internal.WebUIKeywordMain.stepFailed(WebUIKeywordMain.groovy:64)
	at com.kms.katalon.core.webui.keyword.internal.WebUIKeywordMain.runKeyword(WebUIKeywordMain.groovy:26)
	at com.kms.katalon.core.webui.keyword.builtin.VerifyElementPresentKeyword.verifyElementPresent(VerifyElementPresentKeyword.groovy:92)
	at com.kms.katalon.core.webui.keyword.builtin.VerifyElementPresentKeyword.execute(VerifyElementPresentKeyword.groovy:68)
	at com.kms.katalon.core.keyword.internal.KeywordExecutor.executeKeywordForPlatform(KeywordExecutor.groovy:74)
	at com.kms.katalon.core.webui.keyword.WebUiBuiltInKeywords.verifyElementPresent(WebUiBuiltInKeywords.groovy:1464)
	at com.kms.katalon.core.webui.keyword.WebUiBuiltInKeywords$verifyElementPresent$10.call(Unknown Source)
	at Đăng nhập dưới quyền Ẩn danh.run(Đăng nhập dưới quyền Ẩn danh:26)
	at com.kms.katalon.core.main.ScriptEngine.run(ScriptEngine.java:194)
	at com.kms.katalon.core.main.ScriptEngine.runScriptAsRawText(ScriptEngine.java:119)
	at com.kms.katalon.core.main.TestCaseExecutor.runScript(TestCaseExecutor.java:442)
	at com.kms.katalon.core.main.TestCaseExecutor.doExecute(TestCaseExecutor.java:433)
	at com.kms.katalon.core.main.TestCaseExecutor.processExecutionPhase(TestCaseExecutor.java:412)
	at com.kms.katalon.core.main.TestCaseExecutor.accessMainPhase(TestCaseExecutor.java:404)
	at com.kms.katalon.core.main.TestCaseExecutor.execute(TestCaseExecutor.java:281)
	at com.kms.katalon.core.main.TestSuiteExecutor.accessTestCaseMainPhase(TestSuiteExecutor.java:202)
	at com.kms.katalon.core.main.TestSuiteExecutor.accessTestSuiteMainPhase(TestSuiteExecutor.java:164)
	at com.kms.katalon.core.main.TestSuiteExecutor.execute(TestSuiteExecutor.java:105)
	at com.kms.katalon.core.main.TestCaseMain.startTestSuite(TestCaseMain.java:181)
	at com.kms.katalon.core.main.TestCaseMain$startTestSuite$0.call(Unknown Source)
	at TempTestSuite1642246556726.run(TempTestSuite1642246556726.groovy:36)
Caused by: com.kms.katalon.core.exception.StepFailedException: com.kms.katalon.core.webui.exception.WebElementNotFoundException: Web element with id: 'Object Repository/AnonymousSignIn/Page_Automation Testing Site Log in to the site/button_Log in as a guest' located by '(//button[@type='submit'])[2]' not found
	at com.kms.katalon.core.webui.keyword.internal.WebUIKeywordMain.stepFailed(WebUIKeywordMain.groovy:64)
	at com.kms.katalon.core.webui.keyword.builtin.VerifyElementPresentKeyword$_verifyElementPresent_closure1.doCall(VerifyElementPresentKeyword.groovy:85)
	at com.kms.katalon.core.webui.keyword.builtin.VerifyElementPresentKeyword$_verifyElementPresent_closure1.call(VerifyElementPresentKeyword.groovy)
	at com.kms.katalon.core.webui.keyword.internal.WebUIKeywordMain.runKeyword(WebUIKeywordMain.groovy:20)
	... 19 more
)
[[ATTACHMENT|E:\\MoodleTestByKatalon\\Reports\\20220115_183556\\Run all test cases\\20220115_183556\\1642247904703.png]]]]></system-out>
         <system-err><![CDATA[2022-01-15 18:57:49 - [TEST_CASE][FAILED] - Test Cases/Kiểm tra thẻ Site Administration/Đăng nhập dưới quyền Ẩn danh: Test Cases/Kiểm tra thẻ Site Administration/Đăng nhập dưới quyền Ẩn danh FAILED.
Reason:
com.kms.katalon.core.exception.StepFailedException: Unable to verify object 'Object Repository/AnonymousSignIn/Page_Automation Testing Site Log in to the site/button_Log in as a guest' is present
	at com.kms.katalon.core.webui.keyword.internal.WebUIKeywordMain.stepFailed(WebUIKeywordMain.groovy:64)
	at com.kms.katalon.core.webui.keyword.internal.WebUIKeywordMain.runKeyword(WebUIKeywordMain.groovy:26)
	at com.kms.katalon.core.webui.keyword.builtin.VerifyElementPresentKeyword.verifyElementPresent(VerifyElementPresentKeyword.groovy:92)
	at com.kms.katalon.core.webui.keyword.builtin.VerifyElementPresentKeyword.execute(VerifyElementPresentKeyword.groovy:68)
	at com.kms.katalon.core.keyword.internal.KeywordExecutor.executeKeywordForPlatform(KeywordExecutor.groovy:74)
	at com.kms.katalon.core.webui.keyword.WebUiBuiltInKeywords.verifyElementPresent(WebUiBuiltInKeywords.groovy:1464)
	at com.kms.katalon.core.webui.keyword.WebUiBuiltInKeywords$verifyElementPresent$10.call(Unknown Source)
	at Đăng nhập dưới quyền Ẩn danh.run(Đăng nhập dưới quyền Ẩn danh:26)
	at com.kms.katalon.core.main.ScriptEngine.run(ScriptEngine.java:194)
	at com.kms.katalon.core.main.ScriptEngine.runScriptAsRawText(ScriptEngine.java:119)
	at com.kms.katalon.core.main.TestCaseExecutor.runScript(TestCaseExecutor.java:442)
	at com.kms.katalon.core.main.TestCaseExecutor.doExecute(TestCaseExecutor.java:433)
	at com.kms.katalon.core.main.TestCaseExecutor.processExecutionPhase(TestCaseExecutor.java:412)
	at com.kms.katalon.core.main.TestCaseExecutor.accessMainPhase(TestCaseExecutor.java:404)
	at com.kms.katalon.core.main.TestCaseExecutor.execute(TestCaseExecutor.java:281)
	at com.kms.katalon.core.main.TestSuiteExecutor.accessTestCaseMainPhase(TestSuiteExecutor.java:202)
	at com.kms.katalon.core.main.TestSuiteExecutor.accessTestSuiteMainPhase(TestSuiteExecutor.java:164)
	at com.kms.katalon.core.main.TestSuiteExecutor.execute(TestSuiteExecutor.java:105)
	at com.kms.katalon.core.main.TestCaseMain.startTestSuite(TestCaseMain.java:181)
	at com.kms.katalon.core.main.TestCaseMain$startTestSuite$0.call(Unknown Source)
	at TempTestSuite1642246556726.run(TempTestSuite1642246556726.groovy:36)
Caused by: com.kms.katalon.core.exception.StepFailedException: com.kms.katalon.core.webui.exception.WebElementNotFoundException: Web element with id: 'Object Repository/AnonymousSignIn/Page_Automation Testing Site Log in to the site/button_Log in as a guest' located by '(//button[@type='submit'])[2]' not found
	at com.kms.katalon.core.webui.keyword.internal.WebUIKeywordMain.stepFailed(WebUIKeywordMain.groovy:64)
	at com.kms.katalon.core.webui.keyword.builtin.VerifyElementPresentKeyword$_verifyElementPresent_closure1.doCall(VerifyElementPresentKeyword.groovy:85)
	at com.kms.katalon.core.webui.keyword.builtin.VerifyElementPresentKeyword$_verifyElementPresent_closure1.call(VerifyElementPresentKeyword.groovy)
	at com.kms.katalon.core.webui.keyword.internal.WebUIKeywordMain.runKeyword(WebUIKeywordMain.groovy:20)
	... 19 more]]></system-err>
      </testcase>
      <testcase name="Test Cases/Kiểm tra thẻ Site Administration/Đăng nhập thất bại" time="8.215" classname="Test Cases/Kiểm tra thẻ Site Administration/Đăng nhập thất bại" status="PASSED">
         <system-out><![CDATA[2022-01-15 18:58:24 - [TEST_CASE][PASSED] - Test Cases/Kiểm tra thẻ Site Administration/Đăng nhập thất bại: Test Cases/Kiểm tra thẻ Site Administration/Đăng nhập thất bại

2022-01-15 18:58:24 - [TEST_STEP][PASSED] - openBrowser(""): Browser is opened with url: ''

2022-01-15 18:58:24 - [MESSAGE][WARNING] - A browser is already opened. Closing browser and opening a new one

2022-01-15 18:58:25 - [MESSAGE][INFO] - Starting 'Edge Chromium' driver

2022-01-15 18:58:28 - [MESSAGE][INFO] - Action delay is set to 0 milliseconds

2022-01-15 18:58:28 - [MESSAGE][PASSED] - Browser is opened with url: ''

2022-01-15 18:58:28 - [TEST_STEP][PASSED] - navigateToUrl("http://localhost/"): Navigate to 'http://localhost/' successfully

2022-01-15 18:58:29 - [MESSAGE][PASSED] - Navigate to 'http://localhost/' successfully

2022-01-15 18:58:29 - [TEST_STEP][PASSED] - click(findTestObject("Object Repository/LoginFailedObject/Page_Automation Testing Site/a_Log in")): Object: 'Object Repository/LoginFailedObject/Page_Automation Testing Site/a_Log in' is clicked on

2022-01-15 18:58:29 - [MESSAGE][PASSED] - Object: 'Object Repository/LoginFailedObject/Page_Automation Testing Site/a_Log in' is clicked on

2022-01-15 18:58:29 - [TEST_STEP][PASSED] - setText(findTestObject("Object Repository/LoginFailedObject/Page_Automation Testing Site Log in to the site/input_Username_username"), "admin"): Text 'admin' is set on object 'Object Repository/LoginFailedObject/Page_Automation Testing Site Log in to the site/input_Username_username'

2022-01-15 18:58:30 - [MESSAGE][PASSED] - Text 'admin' is set on object 'Object Repository/LoginFailedObject/Page_Automation Testing Site Log in to the site/input_Username_username'

2022-01-15 18:58:30 - [TEST_STEP][PASSED] - setEncryptedText(findTestObject("Object Repository/LoginFailedObject/Page_Automation Testing Site Log in to the site/input_Password_password"), "RAIVpflpDOg="): Text ****** has been set on object 'Object Repository/LoginFailedObject/Page_Automation Testing Site Log in to the site/input_Password_password'

2022-01-15 18:58:31 - [MESSAGE][PASSED] - Text ****** has been set on object 'Object Repository/LoginFailedObject/Page_Automation Testing Site Log in to the site/input_Password_password'

2022-01-15 18:58:31 - [TEST_STEP][PASSED] - click(findTestObject("Object Repository/LoginFailedObject/Page_Automation Testing Site Log in to the site/button_Log in")): Object: 'Object Repository/LoginFailedObject/Page_Automation Testing Site Log in to the site/button_Log in' is clicked on

2022-01-15 18:58:31 - [MESSAGE][PASSED] - Object: 'Object Repository/LoginFailedObject/Page_Automation Testing Site Log in to the site/button_Log in' is clicked on

2022-01-15 18:58:31 - [TEST_STEP][PASSED] - verifyElementPresent(findTestObject("Object Repository/LoginFailedObject/Page_Automation Testing Site Log in to the site/div_Invalid login, please try again"), 0): Object 'Object Repository/LoginFailedObject/Page_Automation Testing Site Log in to the site/div_Invalid login, please try again' is present

2022-01-15 18:58:31 - [MESSAGE][WARNING] - Timeout '0' is invalid. Using default page load timeout: '30'

2022-01-15 18:58:32 - [MESSAGE][PASSED] - Object 'Object Repository/LoginFailedObject/Page_Automation Testing Site Log in to the site/div_Invalid login, please try again' is present

2022-01-15 18:58:32 - [TEST_STEP][PASSED] - closeBrowser(): Browser is closed

2022-01-15 18:58:33 - [MESSAGE][PASSED] - Browser is closed]]></system-out>
         <system-err><![CDATA[]]></system-err>
      </testcase>
      <testcase name="Test Cases/Kiểm tra thẻ Site Administration/Đăng nhập thành công" time="7.663" classname="Test Cases/Kiểm tra thẻ Site Administration/Đăng nhập thành công" status="PASSED">
         <system-out><![CDATA[2022-01-15 18:58:33 - [TEST_CASE][PASSED] - Test Cases/Kiểm tra thẻ Site Administration/Đăng nhập thành công: Test Cases/Kiểm tra thẻ Site Administration/Đăng nhập thành công

2022-01-15 18:58:33 - [TEST_STEP][PASSED] - openBrowser(""): Browser is opened with url: ''

2022-01-15 18:58:33 - [MESSAGE][INFO] - Starting 'Edge Chromium' driver

2022-01-15 18:58:35 - [MESSAGE][INFO] - Action delay is set to 0 milliseconds

2022-01-15 18:58:35 - [MESSAGE][PASSED] - Browser is opened with url: ''

2022-01-15 18:58:35 - [TEST_STEP][PASSED] - navigateToUrl("http://localhost/"): Navigate to 'http://localhost/' successfully

2022-01-15 18:58:36 - [MESSAGE][PASSED] - Navigate to 'http://localhost/' successfully

2022-01-15 18:58:36 - [TEST_STEP][PASSED] - click(findTestObject("Object Repository/LoginObject/Page_Automation Testing Site/a_Log in")): Object: 'Object Repository/LoginObject/Page_Automation Testing Site/a_Log in' is clicked on

2022-01-15 18:58:37 - [MESSAGE][PASSED] - Object: 'Object Repository/LoginObject/Page_Automation Testing Site/a_Log in' is clicked on

2022-01-15 18:58:37 - [TEST_STEP][PASSED] - setText(findTestObject("Object Repository/LoginObject/Page_Automation Testing Site Log in to the site/input_Username_username"), "admin"): Text 'admin' is set on object 'Object Repository/LoginObject/Page_Automation Testing Site Log in to the site/input_Username_username'

2022-01-15 18:58:38 - [MESSAGE][PASSED] - Text 'admin' is set on object 'Object Repository/LoginObject/Page_Automation Testing Site Log in to the site/input_Username_username'

2022-01-15 18:58:38 - [TEST_STEP][PASSED] - setEncryptedText(findTestObject("Object Repository/LoginObject/Page_Automation Testing Site Log in to the site/input_Password_password"), "cnpXG5HhkrZpEXzNIGBMZQ=="): Text ****** has been set on object 'Object Repository/LoginObject/Page_Automation Testing Site Log in to the site/input_Password_password'

2022-01-15 18:58:38 - [MESSAGE][PASSED] - Text ****** has been set on object 'Object Repository/LoginObject/Page_Automation Testing Site Log in to the site/input_Password_password'

2022-01-15 18:58:38 - [TEST_STEP][PASSED] - click(findTestObject("Object Repository/LoginObject/Page_Automation Testing Site Log in to the site/button_Log in")): Object: 'Object Repository/LoginObject/Page_Automation Testing Site Log in to the site/button_Log in' is clicked on

2022-01-15 18:58:39 - [MESSAGE][PASSED] - Object: 'Object Repository/LoginObject/Page_Automation Testing Site Log in to the site/button_Log in' is clicked on

2022-01-15 18:58:39 - [TEST_STEP][PASSED] - verifyElementText(findTestObject("Object Repository/LoginObject/Page_Dashboard/span_Site administration"), "Site administration"): Actual text and expected text of test object 'Object Repository/LoginObject/Page_Dashboard/span_Site administration' are matched.

2022-01-15 18:58:40 - [MESSAGE][PASSED] - Actual text and expected text of test object 'Object Repository/LoginObject/Page_Dashboard/span_Site administration' are matched.]]></system-out>
         <system-err><![CDATA[]]></system-err>
      </testcase>
      <testcase name="Test Cases/Phần thiết lập khác/Kiểm tra sự hiện diện của tính năng tin nhắn" time="41.201" classname="Test Cases/Phần thiết lập khác/Kiểm tra sự hiện diện của tính năng tin nhắn" status="FAILED">
         <failure type="FAILED" message="Test Cases/Phần thiết lập khác/Kiểm tra sự hiện diện của tính năng tin nhắn FAILED.
Reason:
com.kms.katalon.core.exception.StepFailedException: Unable to verify text 'Contacts' is present 
	at com.kms.katalon.core.webui.keyword.internal.WebUIKeywordMain.stepFailed(WebUIKeywordMain.groovy:64)
	at com.kms.katalon.core.webui.keyword.internal.WebUIKeywordMain.runKeyword(WebUIKeywordMain.groovy:26)
	at com.kms.katalon.core.webui.keyword.builtin.VerifyTextPresentKeyword.verifyTextPresent(VerifyTextPresentKeyword.groovy:83)
	at com.kms.katalon.core.webui.keyword.builtin.VerifyTextPresentKeyword.execute(VerifyTextPresentKeyword.groovy:68)
	at com.kms.katalon.core.keyword.internal.KeywordExecutor.executeKeywordForPlatform(KeywordExecutor.groovy:74)
	at com.kms.katalon.core.webui.keyword.WebUiBuiltInKeywords.verifyTextPresent(WebUiBuiltInKeywords.groovy:1723)
	at com.kms.katalon.core.webui.keyword.WebUiBuiltInKeywords$verifyTextPresent$6.call(Unknown Source)
	at Kiểm tra sự hiện diện của tính năng tin nhắn.run(Kiểm tra sự hiện diện của tính năng tin nhắn:24)
	at com.kms.katalon.core.main.ScriptEngine.run(ScriptEngine.java:194)
	at com.kms.katalon.core.main.ScriptEngine.runScriptAsRawText(ScriptEngine.java:119)
	at com.kms.katalon.core.main.TestCaseExecutor.runScript(TestCaseExecutor.java:442)
	at com.kms.katalon.core.main.TestCaseExecutor.doExecute(TestCaseExecutor.java:433)
	at com.kms.katalon.core.main.TestCaseExecutor.processExecutionPhase(TestCaseExecutor.java:412)
	at com.kms.katalon.core.main.TestCaseExecutor.accessMainPhase(TestCaseExecutor.java:404)
	at com.kms.katalon.core.main.TestCaseExecutor.execute(TestCaseExecutor.java:281)
	at com.kms.katalon.core.main.TestSuiteExecutor.accessTestCaseMainPhase(TestSuiteExecutor.java:202)
	at com.kms.katalon.core.main.TestSuiteExecutor.accessTestSuiteMainPhase(TestSuiteExecutor.java:164)
	at com.kms.katalon.core.main.TestSuiteExecutor.execute(TestSuiteExecutor.java:105)
	at com.kms.katalon.core.main.TestCaseMain.startTestSuite(TestCaseMain.java:181)
	at com.kms.katalon.core.main.TestCaseMain$startTestSuite$0.call(Unknown Source)
	at TempTestSuite1642246556726.run(TempTestSuite1642246556726.groovy:36)
Caused by: com.kms.katalon.core.exception.StepFailedException: Text 'Contacts' is not present on page 
	at com.kms.katalon.core.webui.keyword.internal.WebUIKeywordMain.stepFailed(WebUIKeywordMain.groovy:64)
	at com.kms.katalon.core.webui.keyword.builtin.VerifyTextPresentKeyword$_verifyTextPresent_closure1.doCall(VerifyTextPresentKeyword.groovy:79)
	at com.kms.katalon.core.webui.keyword.builtin.VerifyTextPresentKeyword$_verifyTextPresent_closure1.call(VerifyTextPresentKeyword.groovy)
	at com.kms.katalon.core.webui.keyword.internal.WebUIKeywordMain.runKeyword(WebUIKeywordMain.groovy:20)
	... 19 more
"/>
         <system-out><![CDATA[2022-01-15 18:58:40 - [TEST_CASE][FAILED] - Test Cases/Phần thiết lập khác/Kiểm tra sự hiện diện của tính năng tin nhắn: Test Cases/Phần thiết lập khác/Kiểm tra sự hiện diện của tính năng tin nhắn FAILED.
Reason:
com.kms.katalon.core.exception.StepFailedException: Unable to verify text 'Contacts' is present 
	at com.kms.katalon.core.webui.keyword.internal.WebUIKeywordMain.stepFailed(WebUIKeywordMain.groovy:64)
	at com.kms.katalon.core.webui.keyword.internal.WebUIKeywordMain.runKeyword(WebUIKeywordMain.groovy:26)
	at com.kms.katalon.core.webui.keyword.builtin.VerifyTextPresentKeyword.verifyTextPresent(VerifyTextPresentKeyword.groovy:83)
	at com.kms.katalon.core.webui.keyword.builtin.VerifyTextPresentKeyword.execute(VerifyTextPresentKeyword.groovy:68)
	at com.kms.katalon.core.keyword.internal.KeywordExecutor.executeKeywordForPlatform(KeywordExecutor.groovy:74)
	at com.kms.katalon.core.webui.keyword.WebUiBuiltInKeywords.verifyTextPresent(WebUiBuiltInKeywords.groovy:1723)
	at com.kms.katalon.core.webui.keyword.WebUiBuiltInKeywords$verifyTextPresent$6.call(Unknown Source)
	at Kiểm tra sự hiện diện của tính năng tin nhắn.run(Kiểm tra sự hiện diện của tính năng tin nhắn:24)
	at com.kms.katalon.core.main.ScriptEngine.run(ScriptEngine.java:194)
	at com.kms.katalon.core.main.ScriptEngine.runScriptAsRawText(ScriptEngine.java:119)
	at com.kms.katalon.core.main.TestCaseExecutor.runScript(TestCaseExecutor.java:442)
	at com.kms.katalon.core.main.TestCaseExecutor.doExecute(TestCaseExecutor.java:433)
	at com.kms.katalon.core.main.TestCaseExecutor.processExecutionPhase(TestCaseExecutor.java:412)
	at com.kms.katalon.core.main.TestCaseExecutor.accessMainPhase(TestCaseExecutor.java:404)
	at com.kms.katalon.core.main.TestCaseExecutor.execute(TestCaseExecutor.java:281)
	at com.kms.katalon.core.main.TestSuiteExecutor.accessTestCaseMainPhase(TestSuiteExecutor.java:202)
	at com.kms.katalon.core.main.TestSuiteExecutor.accessTestSuiteMainPhase(TestSuiteExecutor.java:164)
	at com.kms.katalon.core.main.TestSuiteExecutor.execute(TestSuiteExecutor.java:105)
	at com.kms.katalon.core.main.TestCaseMain.startTestSuite(TestCaseMain.java:181)
	at com.kms.katalon.core.main.TestCaseMain$startTestSuite$0.call(Unknown Source)
	at TempTestSuite1642246556726.run(TempTestSuite1642246556726.groovy:36)
Caused by: com.kms.katalon.core.exception.StepFailedException: Text 'Contacts' is not present on page 
	at com.kms.katalon.core.webui.keyword.internal.WebUIKeywordMain.stepFailed(WebUIKeywordMain.groovy:64)
	at com.kms.katalon.core.webui.keyword.builtin.VerifyTextPresentKeyword$_verifyTextPresent_closure1.doCall(VerifyTextPresentKeyword.groovy:79)
	at com.kms.katalon.core.webui.keyword.builtin.VerifyTextPresentKeyword$_verifyTextPresent_closure1.call(VerifyTextPresentKeyword.groovy)
	at com.kms.katalon.core.webui.keyword.internal.WebUIKeywordMain.runKeyword(WebUIKeywordMain.groovy:20)
	... 19 more


2022-01-15 18:58:40 - [TEST_STEP][PASSED] - callTestCase(findTestCase("Kiểm tra thẻ Site Administration/Đăng nhập thành công"), [:], STOP_ON_FAILURE): Call Test Case 'Test Cases/Kiểm tra thẻ Site Administration/Đăng nhập thành công' successfully

2022-01-15 18:58:40 - [TEST_CASE][PASSED] - Test Cases/Kiểm tra thẻ Site Administration/Đăng nhập thành công: Test Cases/Kiểm tra thẻ Site Administration/Đăng nhập thành công

2022-01-15 18:58:40 - [TEST_STEP][PASSED] - openBrowser(""): Browser is opened with url: ''

2022-01-15 18:58:40 - [MESSAGE][WARNING] - A browser is already opened. Closing browser and opening a new one

2022-01-15 18:58:41 - [MESSAGE][INFO] - Starting 'Edge Chromium' driver

2022-01-15 18:58:43 - [MESSAGE][INFO] - Action delay is set to 0 milliseconds

2022-01-15 18:58:44 - [MESSAGE][PASSED] - Browser is opened with url: ''

2022-01-15 18:58:44 - [TEST_STEP][PASSED] - navigateToUrl("http://localhost/"): Navigate to 'http://localhost/' successfully

2022-01-15 18:58:45 - [MESSAGE][PASSED] - Navigate to 'http://localhost/' successfully

2022-01-15 18:58:45 - [TEST_STEP][PASSED] - click(findTestObject("Object Repository/LoginObject/Page_Automation Testing Site/a_Log in")): Object: 'Object Repository/LoginObject/Page_Automation Testing Site/a_Log in' is clicked on

2022-01-15 18:58:45 - [MESSAGE][PASSED] - Object: 'Object Repository/LoginObject/Page_Automation Testing Site/a_Log in' is clicked on

2022-01-15 18:58:45 - [TEST_STEP][PASSED] - setText(findTestObject("Object Repository/LoginObject/Page_Automation Testing Site Log in to the site/input_Username_username"), "admin"): Text 'admin' is set on object 'Object Repository/LoginObject/Page_Automation Testing Site Log in to the site/input_Username_username'

2022-01-15 18:58:46 - [MESSAGE][PASSED] - Text 'admin' is set on object 'Object Repository/LoginObject/Page_Automation Testing Site Log in to the site/input_Username_username'

2022-01-15 18:58:46 - [TEST_STEP][PASSED] - setEncryptedText(findTestObject("Object Repository/LoginObject/Page_Automation Testing Site Log in to the site/input_Password_password"), "cnpXG5HhkrZpEXzNIGBMZQ=="): Text ****** has been set on object 'Object Repository/LoginObject/Page_Automation Testing Site Log in to the site/input_Password_password'

2022-01-15 18:58:47 - [MESSAGE][PASSED] - Text ****** has been set on object 'Object Repository/LoginObject/Page_Automation Testing Site Log in to the site/input_Password_password'

2022-01-15 18:58:47 - [TEST_STEP][PASSED] - click(findTestObject("Object Repository/LoginObject/Page_Automation Testing Site Log in to the site/button_Log in")): Object: 'Object Repository/LoginObject/Page_Automation Testing Site Log in to the site/button_Log in' is clicked on

2022-01-15 18:58:48 - [MESSAGE][PASSED] - Object: 'Object Repository/LoginObject/Page_Automation Testing Site Log in to the site/button_Log in' is clicked on

2022-01-15 18:58:48 - [TEST_STEP][PASSED] - verifyElementText(findTestObject("Object Repository/LoginObject/Page_Dashboard/span_Site administration"), "Site administration"): Actual text and expected text of test object 'Object Repository/LoginObject/Page_Dashboard/span_Site administration' are matched.

2022-01-15 18:58:49 - [MESSAGE][PASSED] - Actual text and expected text of test object 'Object Repository/LoginObject/Page_Dashboard/span_Site administration' are matched.

2022-01-15 18:58:49 - [MESSAGE][PASSED] - Call Test Case 'Test Cases/Kiểm tra thẻ Site Administration/Đăng nhập thành công' successfully

2022-01-15 18:58:49 - [TEST_STEP][PASSED] - click(findTestObject("Object Repository/CheckMessageVisible/Page_Dashboard/i_See all_icon fa fa-comment fa-fw")): Object: 'Object Repository/CheckMessageVisible/Page_Dashboard/i_See all_icon fa fa-comment fa-fw' is clicked on

2022-01-15 18:59:20 - [MESSAGE][INFO] - Unable to find the element located by 'By.xpath: //*[@class = 'icon fa fa-comment fa-fw ' and @title = 'Toggle messaging drawer']'. Please recheck the objects properties to make sure the desired element is located. 

2022-01-15 18:59:20 - [MESSAGE][WARNING] - [SELF-HEALING] Failed to find element with id 'Object Repository/CheckMessageVisible/Page_Dashboard/i_See all_icon fa fa-comment fa-fw'. Try using Self-healing.

2022-01-15 18:59:20 - [MESSAGE][WARNING] - [SELF-HEALING] The current locator of test object 'Object Repository/CheckMessageVisible/Page_Dashboard/i_See all_icon fa fa-comment fa-fw' was broken. Propose an alternative one: '//div[2]/a/i'.

2022-01-15 18:59:21 - [MESSAGE][PASSED] - Object: 'Object Repository/CheckMessageVisible/Page_Dashboard/i_See all_icon fa fa-comment fa-fw' is clicked on

2022-01-15 18:59:21 - [TEST_STEP][FAILED] - verifyTextPresent("Contacts", false): Unable to verify text 'Contacts' is present  (Root cause: com.kms.katalon.core.exception.StepFailedException: Unable to verify text 'Contacts' is present 
	at com.kms.katalon.core.webui.keyword.internal.WebUIKeywordMain.stepFailed(WebUIKeywordMain.groovy:64)
	at com.kms.katalon.core.webui.keyword.internal.WebUIKeywordMain.runKeyword(WebUIKeywordMain.groovy:26)
	at com.kms.katalon.core.webui.keyword.builtin.VerifyTextPresentKeyword.verifyTextPresent(VerifyTextPresentKeyword.groovy:83)
	at com.kms.katalon.core.webui.keyword.builtin.VerifyTextPresentKeyword.execute(VerifyTextPresentKeyword.groovy:68)
	at com.kms.katalon.core.keyword.internal.KeywordExecutor.executeKeywordForPlatform(KeywordExecutor.groovy:74)
	at com.kms.katalon.core.webui.keyword.WebUiBuiltInKeywords.verifyTextPresent(WebUiBuiltInKeywords.groovy:1723)
	at com.kms.katalon.core.webui.keyword.WebUiBuiltInKeywords$verifyTextPresent$6.call(Unknown Source)
	at Kiểm tra sự hiện diện của tính năng tin nhắn.run(Kiểm tra sự hiện diện của tính năng tin nhắn:24)
	at com.kms.katalon.core.main.ScriptEngine.run(ScriptEngine.java:194)
	at com.kms.katalon.core.main.ScriptEngine.runScriptAsRawText(ScriptEngine.java:119)
	at com.kms.katalon.core.main.TestCaseExecutor.runScript(TestCaseExecutor.java:442)
	at com.kms.katalon.core.main.TestCaseExecutor.doExecute(TestCaseExecutor.java:433)
	at com.kms.katalon.core.main.TestCaseExecutor.processExecutionPhase(TestCaseExecutor.java:412)
	at com.kms.katalon.core.main.TestCaseExecutor.accessMainPhase(TestCaseExecutor.java:404)
	at com.kms.katalon.core.main.TestCaseExecutor.execute(TestCaseExecutor.java:281)
	at com.kms.katalon.core.main.TestSuiteExecutor.accessTestCaseMainPhase(TestSuiteExecutor.java:202)
	at com.kms.katalon.core.main.TestSuiteExecutor.accessTestSuiteMainPhase(TestSuiteExecutor.java:164)
	at com.kms.katalon.core.main.TestSuiteExecutor.execute(TestSuiteExecutor.java:105)
	at com.kms.katalon.core.main.TestCaseMain.startTestSuite(TestCaseMain.java:181)
	at com.kms.katalon.core.main.TestCaseMain$startTestSuite$0.call(Unknown Source)
	at TempTestSuite1642246556726.run(TempTestSuite1642246556726.groovy:36)
Caused by: com.kms.katalon.core.exception.StepFailedException: Text 'Contacts' is not present on page 
	at com.kms.katalon.core.webui.keyword.internal.WebUIKeywordMain.stepFailed(WebUIKeywordMain.groovy:64)
	at com.kms.katalon.core.webui.keyword.builtin.VerifyTextPresentKeyword$_verifyTextPresent_closure1.doCall(VerifyTextPresentKeyword.groovy:79)
	at com.kms.katalon.core.webui.keyword.builtin.VerifyTextPresentKeyword$_verifyTextPresent_closure1.call(VerifyTextPresentKeyword.groovy)
	at com.kms.katalon.core.webui.keyword.internal.WebUIKeywordMain.runKeyword(WebUIKeywordMain.groovy:20)
	... 19 more
)

2022-01-15 18:59:21 - [MESSAGE][FAILED] - Text 'Contacts' is not present on page  (Root cause: com.kms.katalon.core.exception.StepFailedException: Text 'Contacts' is not present on page 
	at com.kms.katalon.core.webui.keyword.internal.WebUIKeywordMain.stepFailed(WebUIKeywordMain.groovy:64)
	at com.kms.katalon.core.webui.keyword.builtin.VerifyTextPresentKeyword$_verifyTextPresent_closure1.doCall(VerifyTextPresentKeyword.groovy:79)
	at com.kms.katalon.core.webui.keyword.builtin.VerifyTextPresentKeyword$_verifyTextPresent_closure1.call(VerifyTextPresentKeyword.groovy)
	at com.kms.katalon.core.webui.keyword.internal.WebUIKeywordMain.runKeyword(WebUIKeywordMain.groovy:20)
	at com.kms.katalon.core.webui.keyword.builtin.VerifyTextPresentKeyword.verifyTextPresent(VerifyTextPresentKeyword.groovy:83)
	at com.kms.katalon.core.webui.keyword.builtin.VerifyTextPresentKeyword.execute(VerifyTextPresentKeyword.groovy:68)
	at com.kms.katalon.core.keyword.internal.KeywordExecutor.executeKeywordForPlatform(KeywordExecutor.groovy:74)
	at com.kms.katalon.core.webui.keyword.WebUiBuiltInKeywords.verifyTextPresent(WebUiBuiltInKeywords.groovy:1723)
	at com.kms.katalon.core.webui.keyword.WebUiBuiltInKeywords$verifyTextPresent$6.call(Unknown Source)
	at Kiểm tra sự hiện diện của tính năng tin nhắn.run(Kiểm tra sự hiện diện của tính năng tin nhắn:24)
	at com.kms.katalon.core.main.ScriptEngine.run(ScriptEngine.java:194)
	at com.kms.katalon.core.main.ScriptEngine.runScriptAsRawText(ScriptEngine.java:119)
	at com.kms.katalon.core.main.TestCaseExecutor.runScript(TestCaseExecutor.java:442)
	at com.kms.katalon.core.main.TestCaseExecutor.doExecute(TestCaseExecutor.java:433)
	at com.kms.katalon.core.main.TestCaseExecutor.processExecutionPhase(TestCaseExecutor.java:412)
	at com.kms.katalon.core.main.TestCaseExecutor.accessMainPhase(TestCaseExecutor.java:404)
	at com.kms.katalon.core.main.TestCaseExecutor.execute(TestCaseExecutor.java:281)
	at com.kms.katalon.core.main.TestSuiteExecutor.accessTestCaseMainPhase(TestSuiteExecutor.java:202)
	at com.kms.katalon.core.main.TestSuiteExecutor.accessTestSuiteMainPhase(TestSuiteExecutor.java:164)
	at com.kms.katalon.core.main.TestSuiteExecutor.execute(TestSuiteExecutor.java:105)
	at com.kms.katalon.core.main.TestCaseMain.startTestSuite(TestCaseMain.java:181)
	at com.kms.katalon.core.main.TestCaseMain$startTestSuite$0.call(Unknown Source)
	at TempTestSuite1642246556726.run(TempTestSuite1642246556726.groovy:36)
)

2022-01-15 18:59:21 - [MESSAGE][FAILED] - Unable to verify text 'Contacts' is present  (Root cause: com.kms.katalon.core.exception.StepFailedException: Unable to verify text 'Contacts' is present 
	at com.kms.katalon.core.webui.keyword.internal.WebUIKeywordMain.stepFailed(WebUIKeywordMain.groovy:64)
	at com.kms.katalon.core.webui.keyword.internal.WebUIKeywordMain.runKeyword(WebUIKeywordMain.groovy:26)
	at com.kms.katalon.core.webui.keyword.builtin.VerifyTextPresentKeyword.verifyTextPresent(VerifyTextPresentKeyword.groovy:83)
	at com.kms.katalon.core.webui.keyword.builtin.VerifyTextPresentKeyword.execute(VerifyTextPresentKeyword.groovy:68)
	at com.kms.katalon.core.keyword.internal.KeywordExecutor.executeKeywordForPlatform(KeywordExecutor.groovy:74)
	at com.kms.katalon.core.webui.keyword.WebUiBuiltInKeywords.verifyTextPresent(WebUiBuiltInKeywords.groovy:1723)
	at com.kms.katalon.core.webui.keyword.WebUiBuiltInKeywords$verifyTextPresent$6.call(Unknown Source)
	at Kiểm tra sự hiện diện của tính năng tin nhắn.run(Kiểm tra sự hiện diện của tính năng tin nhắn:24)
	at com.kms.katalon.core.main.ScriptEngine.run(ScriptEngine.java:194)
	at com.kms.katalon.core.main.ScriptEngine.runScriptAsRawText(ScriptEngine.java:119)
	at com.kms.katalon.core.main.TestCaseExecutor.runScript(TestCaseExecutor.java:442)
	at com.kms.katalon.core.main.TestCaseExecutor.doExecute(TestCaseExecutor.java:433)
	at com.kms.katalon.core.main.TestCaseExecutor.processExecutionPhase(TestCaseExecutor.java:412)
	at com.kms.katalon.core.main.TestCaseExecutor.accessMainPhase(TestCaseExecutor.java:404)
	at com.kms.katalon.core.main.TestCaseExecutor.execute(TestCaseExecutor.java:281)
	at com.kms.katalon.core.main.TestSuiteExecutor.accessTestCaseMainPhase(TestSuiteExecutor.java:202)
	at com.kms.katalon.core.main.TestSuiteExecutor.accessTestSuiteMainPhase(TestSuiteExecutor.java:164)
	at com.kms.katalon.core.main.TestSuiteExecutor.execute(TestSuiteExecutor.java:105)
	at com.kms.katalon.core.main.TestCaseMain.startTestSuite(TestCaseMain.java:181)
	at com.kms.katalon.core.main.TestCaseMain$startTestSuite$0.call(Unknown Source)
	at TempTestSuite1642246556726.run(TempTestSuite1642246556726.groovy:36)
Caused by: com.kms.katalon.core.exception.StepFailedException: Text 'Contacts' is not present on page 
	at com.kms.katalon.core.webui.keyword.internal.WebUIKeywordMain.stepFailed(WebUIKeywordMain.groovy:64)
	at com.kms.katalon.core.webui.keyword.builtin.VerifyTextPresentKeyword$_verifyTextPresent_closure1.doCall(VerifyTextPresentKeyword.groovy:79)
	at com.kms.katalon.core.webui.keyword.builtin.VerifyTextPresentKeyword$_verifyTextPresent_closure1.call(VerifyTextPresentKeyword.groovy)
	at com.kms.katalon.core.webui.keyword.internal.WebUIKeywordMain.runKeyword(WebUIKeywordMain.groovy:20)
	... 19 more
)
[[ATTACHMENT|E:\\MoodleTestByKatalon\\Reports\\20220115_183556\\Run all test cases\\20220115_183556\\1642247961725.png]]]]></system-out>
         <system-err><![CDATA[2022-01-15 18:58:40 - [TEST_CASE][FAILED] - Test Cases/Phần thiết lập khác/Kiểm tra sự hiện diện của tính năng tin nhắn: Test Cases/Phần thiết lập khác/Kiểm tra sự hiện diện của tính năng tin nhắn FAILED.
Reason:
com.kms.katalon.core.exception.StepFailedException: Unable to verify text 'Contacts' is present 
	at com.kms.katalon.core.webui.keyword.internal.WebUIKeywordMain.stepFailed(WebUIKeywordMain.groovy:64)
	at com.kms.katalon.core.webui.keyword.internal.WebUIKeywordMain.runKeyword(WebUIKeywordMain.groovy:26)
	at com.kms.katalon.core.webui.keyword.builtin.VerifyTextPresentKeyword.verifyTextPresent(VerifyTextPresentKeyword.groovy:83)
	at com.kms.katalon.core.webui.keyword.builtin.VerifyTextPresentKeyword.execute(VerifyTextPresentKeyword.groovy:68)
	at com.kms.katalon.core.keyword.internal.KeywordExecutor.executeKeywordForPlatform(KeywordExecutor.groovy:74)
	at com.kms.katalon.core.webui.keyword.WebUiBuiltInKeywords.verifyTextPresent(WebUiBuiltInKeywords.groovy:1723)
	at com.kms.katalon.core.webui.keyword.WebUiBuiltInKeywords$verifyTextPresent$6.call(Unknown Source)
	at Kiểm tra sự hiện diện của tính năng tin nhắn.run(Kiểm tra sự hiện diện của tính năng tin nhắn:24)
	at com.kms.katalon.core.main.ScriptEngine.run(ScriptEngine.java:194)
	at com.kms.katalon.core.main.ScriptEngine.runScriptAsRawText(ScriptEngine.java:119)
	at com.kms.katalon.core.main.TestCaseExecutor.runScript(TestCaseExecutor.java:442)
	at com.kms.katalon.core.main.TestCaseExecutor.doExecute(TestCaseExecutor.java:433)
	at com.kms.katalon.core.main.TestCaseExecutor.processExecutionPhase(TestCaseExecutor.java:412)
	at com.kms.katalon.core.main.TestCaseExecutor.accessMainPhase(TestCaseExecutor.java:404)
	at com.kms.katalon.core.main.TestCaseExecutor.execute(TestCaseExecutor.java:281)
	at com.kms.katalon.core.main.TestSuiteExecutor.accessTestCaseMainPhase(TestSuiteExecutor.java:202)
	at com.kms.katalon.core.main.TestSuiteExecutor.accessTestSuiteMainPhase(TestSuiteExecutor.java:164)
	at com.kms.katalon.core.main.TestSuiteExecutor.execute(TestSuiteExecutor.java:105)
	at com.kms.katalon.core.main.TestCaseMain.startTestSuite(TestCaseMain.java:181)
	at com.kms.katalon.core.main.TestCaseMain$startTestSuite$0.call(Unknown Source)
	at TempTestSuite1642246556726.run(TempTestSuite1642246556726.groovy:36)
Caused by: com.kms.katalon.core.exception.StepFailedException: Text 'Contacts' is not present on page 
	at com.kms.katalon.core.webui.keyword.internal.WebUIKeywordMain.stepFailed(WebUIKeywordMain.groovy:64)
	at com.kms.katalon.core.webui.keyword.builtin.VerifyTextPresentKeyword$_verifyTextPresent_closure1.doCall(VerifyTextPresentKeyword.groovy:79)
	at com.kms.katalon.core.webui.keyword.builtin.VerifyTextPresentKeyword$_verifyTextPresent_closure1.call(VerifyTextPresentKeyword.groovy)
	at com.kms.katalon.core.webui.keyword.internal.WebUIKeywordMain.runKeyword(WebUIKeywordMain.groovy:20)
	... 19 more]]></system-err>
      </testcase>
      <testcase name="Test Cases/Phần thiết lập khác/Kiểm tra việc tạo và xóa một Cohort" time="18.411" classname="Test Cases/Phần thiết lập khác/Kiểm tra việc tạo và xóa một Cohort" status="PASSED">
         <system-out><![CDATA[2022-01-15 18:59:21 - [TEST_CASE][PASSED] - Test Cases/Phần thiết lập khác/Kiểm tra việc tạo và xóa một Cohort: Test Cases/Phần thiết lập khác/Kiểm tra việc tạo và xóa một Cohort

2022-01-15 18:59:22 - [TEST_STEP][PASSED] - callTestCase(findTestCase("Kiểm tra thẻ Site Administration/Đăng nhập thành công"), [:], STOP_ON_FAILURE): Call Test Case 'Test Cases/Kiểm tra thẻ Site Administration/Đăng nhập thành công' successfully

2022-01-15 18:59:22 - [TEST_CASE][PASSED] - Test Cases/Kiểm tra thẻ Site Administration/Đăng nhập thành công: Test Cases/Kiểm tra thẻ Site Administration/Đăng nhập thành công

2022-01-15 18:59:22 - [TEST_STEP][PASSED] - openBrowser(""): Browser is opened with url: ''

2022-01-15 18:59:22 - [MESSAGE][WARNING] - A browser is already opened. Closing browser and opening a new one

2022-01-15 18:59:22 - [MESSAGE][INFO] - Starting 'Edge Chromium' driver

2022-01-15 18:59:25 - [MESSAGE][INFO] - Action delay is set to 0 milliseconds

2022-01-15 18:59:25 - [MESSAGE][PASSED] - Browser is opened with url: ''

2022-01-15 18:59:25 - [TEST_STEP][PASSED] - navigateToUrl("http://localhost/"): Navigate to 'http://localhost/' successfully

2022-01-15 18:59:26 - [MESSAGE][PASSED] - Navigate to 'http://localhost/' successfully

2022-01-15 18:59:26 - [TEST_STEP][PASSED] - click(findTestObject("Object Repository/LoginObject/Page_Automation Testing Site/a_Log in")): Object: 'Object Repository/LoginObject/Page_Automation Testing Site/a_Log in' is clicked on

2022-01-15 18:59:27 - [MESSAGE][PASSED] - Object: 'Object Repository/LoginObject/Page_Automation Testing Site/a_Log in' is clicked on

2022-01-15 18:59:27 - [TEST_STEP][PASSED] - setText(findTestObject("Object Repository/LoginObject/Page_Automation Testing Site Log in to the site/input_Username_username"), "admin"): Text 'admin' is set on object 'Object Repository/LoginObject/Page_Automation Testing Site Log in to the site/input_Username_username'

2022-01-15 18:59:28 - [MESSAGE][PASSED] - Text 'admin' is set on object 'Object Repository/LoginObject/Page_Automation Testing Site Log in to the site/input_Username_username'

2022-01-15 18:59:28 - [TEST_STEP][PASSED] - setEncryptedText(findTestObject("Object Repository/LoginObject/Page_Automation Testing Site Log in to the site/input_Password_password"), "cnpXG5HhkrZpEXzNIGBMZQ=="): Text ****** has been set on object 'Object Repository/LoginObject/Page_Automation Testing Site Log in to the site/input_Password_password'

2022-01-15 18:59:28 - [MESSAGE][PASSED] - Text ****** has been set on object 'Object Repository/LoginObject/Page_Automation Testing Site Log in to the site/input_Password_password'

2022-01-15 18:59:28 - [TEST_STEP][PASSED] - click(findTestObject("Object Repository/LoginObject/Page_Automation Testing Site Log in to the site/button_Log in")): Object: 'Object Repository/LoginObject/Page_Automation Testing Site Log in to the site/button_Log in' is clicked on

2022-01-15 18:59:29 - [MESSAGE][PASSED] - Object: 'Object Repository/LoginObject/Page_Automation Testing Site Log in to the site/button_Log in' is clicked on

2022-01-15 18:59:29 - [TEST_STEP][PASSED] - verifyElementText(findTestObject("Object Repository/LoginObject/Page_Dashboard/span_Site administration"), "Site administration"): Actual text and expected text of test object 'Object Repository/LoginObject/Page_Dashboard/span_Site administration' are matched.

2022-01-15 18:59:30 - [MESSAGE][PASSED] - Actual text and expected text of test object 'Object Repository/LoginObject/Page_Dashboard/span_Site administration' are matched.

2022-01-15 18:59:30 - [MESSAGE][PASSED] - Call Test Case 'Test Cases/Kiểm tra thẻ Site Administration/Đăng nhập thành công' successfully

2022-01-15 18:59:30 - [TEST_STEP][PASSED] - click(findTestObject("Object Repository/AddANewUserObject/Page_Dashboard/span_Site administration")): Object: 'Object Repository/AddANewUserObject/Page_Dashboard/span_Site administration' is clicked on

2022-01-15 18:59:31 - [MESSAGE][PASSED] - Object: 'Object Repository/AddANewUserObject/Page_Dashboard/span_Site administration' is clicked on

2022-01-15 18:59:31 - [TEST_STEP][PASSED] - navigateToUrl("http://localhost/admin/search.php"): Navigate to 'http://localhost/admin/search.php' successfully

2022-01-15 18:59:32 - [MESSAGE][PASSED] - Navigate to 'http://localhost/admin/search.php' successfully

2022-01-15 18:59:32 - [TEST_STEP][PASSED] - click(findTestObject("Object Repository/AddCohort/Page_SiteTesting Administration Search/a_Users")): Object: 'Object Repository/AddCohort/Page_SiteTesting Administration Search/a_Users' is clicked on

2022-01-15 18:59:32 - [MESSAGE][PASSED] - Object: 'Object Repository/AddCohort/Page_SiteTesting Administration Search/a_Users' is clicked on

2022-01-15 18:59:32 - [TEST_STEP][PASSED] - click(findTestObject("Object Repository/AddCohort/Page_SiteTesting Administration Search/a_Cohorts")): Object: 'Object Repository/AddCohort/Page_SiteTesting Administration Search/a_Cohorts' is clicked on

2022-01-15 18:59:33 - [MESSAGE][PASSED] - Object: 'Object Repository/AddCohort/Page_SiteTesting Administration Search/a_Cohorts' is clicked on

2022-01-15 18:59:33 - [TEST_STEP][PASSED] - click(findTestObject("Object Repository/AddCohort/Page_SiteTesting Administration Users Accou_c8a473/a_Add new cohort")): Object: 'Object Repository/AddCohort/Page_SiteTesting Administration Users Accou_c8a473/a_Add new cohort' is clicked on

2022-01-15 18:59:34 - [MESSAGE][PASSED] - Object: 'Object Repository/AddCohort/Page_SiteTesting Administration Users Accou_c8a473/a_Add new cohort' is clicked on

2022-01-15 18:59:34 - [TEST_STEP][PASSED] - setText(findTestObject("Object Repository/AddCohort/Page_Add new cohort/input_Name_name"), "Cohort1"): Text 'Cohort1' is set on object 'Object Repository/AddCohort/Page_Add new cohort/input_Name_name'

2022-01-15 18:59:36 - [MESSAGE][PASSED] - Text 'Cohort1' is set on object 'Object Repository/AddCohort/Page_Add new cohort/input_Name_name'

2022-01-15 18:59:36 - [TEST_STEP][PASSED] - click(findTestObject("Object Repository/AddCohort/Page_Add new cohort/input_Description_submitbutton")): Object: 'Object Repository/AddCohort/Page_Add new cohort/input_Description_submitbutton' is clicked on

2022-01-15 18:59:37 - [MESSAGE][PASSED] - Object: 'Object Repository/AddCohort/Page_Add new cohort/input_Description_submitbutton' is clicked on

2022-01-15 18:59:37 - [TEST_STEP][PASSED] - verifyTextPresent("Cohort1", false): Text 'Cohort1' is present on page 

2022-01-15 18:59:37 - [MESSAGE][PASSED] - Text 'Cohort1' is present on page 

2022-01-15 18:59:37 - [TEST_STEP][PASSED] - click(findTestObject("Object Repository/AddCohort/Page_SiteTesting Administration Users Accou_c8a473/i_Created manually_icon fa fa-trash fa-fw")): Object: 'Object Repository/AddCohort/Page_SiteTesting Administration Users Accou_c8a473/i_Created manually_icon fa fa-trash fa-fw' is clicked on

2022-01-15 18:59:38 - [MESSAGE][PASSED] - Object: 'Object Repository/AddCohort/Page_SiteTesting Administration Users Accou_c8a473/i_Created manually_icon fa fa-trash fa-fw' is clicked on

2022-01-15 18:59:38 - [TEST_STEP][PASSED] - verifyElementText(findTestObject("Object Repository/AddCohort/Page_Delete cohort/p_Do you really want to delete cohort Cohort1"), "Do you really want to delete cohort 'Cohort1'?"): Actual text and expected text of test object 'Object Repository/AddCohort/Page_Delete cohort/p_Do you really want to delete cohort Cohort1' are matched.

2022-01-15 18:59:39 - [MESSAGE][PASSED] - Actual text and expected text of test object 'Object Repository/AddCohort/Page_Delete cohort/p_Do you really want to delete cohort Cohort1' are matched.

2022-01-15 18:59:39 - [TEST_STEP][PASSED] - click(findTestObject("Object Repository/AddCohort/Page_Delete cohort/button_Continue")): Object: 'Object Repository/AddCohort/Page_Delete cohort/button_Continue' is clicked on

2022-01-15 18:59:39 - [MESSAGE][PASSED] - Object: 'Object Repository/AddCohort/Page_Delete cohort/button_Continue' is clicked on

2022-01-15 18:59:39 - [TEST_STEP][PASSED] - navigateToUrl("http://localhost/cohort/index.php?page=0&contextid=1"): Navigate to 'http://localhost/cohort/index.php?page=0&contextid=1' successfully

2022-01-15 18:59:40 - [MESSAGE][PASSED] - Navigate to 'http://localhost/cohort/index.php?page=0&contextid=1' successfully]]></system-out>
         <system-err><![CDATA[]]></system-err>
      </testcase>
      <testcase name="Test Cases/Tạo 1 User mới/Điền không đầy đủ thông tin bắt buộc" time="17.725" classname="Test Cases/Tạo 1 User mới/Điền không đầy đủ thông tin bắt buộc" status="PASSED">
         <system-out><![CDATA[2022-01-15 18:59:40 - [TEST_CASE][PASSED] - Test Cases/Tạo 1 User mới/Điền không đầy đủ thông tin bắt buộc: Test Cases/Tạo 1 User mới/Điền không đầy đủ thông tin bắt buộc

2022-01-15 18:59:40 - [TEST_STEP][PASSED] - callTestCase(findTestCase("Kiểm tra thẻ Site Administration/Đăng nhập thành công"), [:], STOP_ON_FAILURE): Call Test Case 'Test Cases/Kiểm tra thẻ Site Administration/Đăng nhập thành công' successfully

2022-01-15 18:59:40 - [TEST_CASE][PASSED] - Test Cases/Kiểm tra thẻ Site Administration/Đăng nhập thành công: Test Cases/Kiểm tra thẻ Site Administration/Đăng nhập thành công

2022-01-15 18:59:40 - [TEST_STEP][PASSED] - openBrowser(""): Browser is opened with url: ''

2022-01-15 18:59:40 - [MESSAGE][WARNING] - A browser is already opened. Closing browser and opening a new one

2022-01-15 18:59:41 - [MESSAGE][INFO] - Starting 'Edge Chromium' driver

2022-01-15 18:59:43 - [MESSAGE][INFO] - Action delay is set to 0 milliseconds

2022-01-15 18:59:44 - [MESSAGE][PASSED] - Browser is opened with url: ''

2022-01-15 18:59:44 - [TEST_STEP][PASSED] - navigateToUrl("http://localhost/"): Navigate to 'http://localhost/' successfully

2022-01-15 18:59:44 - [MESSAGE][PASSED] - Navigate to 'http://localhost/' successfully

2022-01-15 18:59:44 - [TEST_STEP][PASSED] - click(findTestObject("Object Repository/LoginObject/Page_Automation Testing Site/a_Log in")): Object: 'Object Repository/LoginObject/Page_Automation Testing Site/a_Log in' is clicked on

2022-01-15 18:59:45 - [MESSAGE][PASSED] - Object: 'Object Repository/LoginObject/Page_Automation Testing Site/a_Log in' is clicked on

2022-01-15 18:59:45 - [TEST_STEP][PASSED] - setText(findTestObject("Object Repository/LoginObject/Page_Automation Testing Site Log in to the site/input_Username_username"), "admin"): Text 'admin' is set on object 'Object Repository/LoginObject/Page_Automation Testing Site Log in to the site/input_Username_username'

2022-01-15 18:59:46 - [MESSAGE][PASSED] - Text 'admin' is set on object 'Object Repository/LoginObject/Page_Automation Testing Site Log in to the site/input_Username_username'

2022-01-15 18:59:46 - [TEST_STEP][PASSED] - setEncryptedText(findTestObject("Object Repository/LoginObject/Page_Automation Testing Site Log in to the site/input_Password_password"), "cnpXG5HhkrZpEXzNIGBMZQ=="): Text ****** has been set on object 'Object Repository/LoginObject/Page_Automation Testing Site Log in to the site/input_Password_password'

2022-01-15 18:59:46 - [MESSAGE][PASSED] - Text ****** has been set on object 'Object Repository/LoginObject/Page_Automation Testing Site Log in to the site/input_Password_password'

2022-01-15 18:59:46 - [TEST_STEP][PASSED] - click(findTestObject("Object Repository/LoginObject/Page_Automation Testing Site Log in to the site/button_Log in")): Object: 'Object Repository/LoginObject/Page_Automation Testing Site Log in to the site/button_Log in' is clicked on

2022-01-15 18:59:47 - [MESSAGE][PASSED] - Object: 'Object Repository/LoginObject/Page_Automation Testing Site Log in to the site/button_Log in' is clicked on

2022-01-15 18:59:47 - [TEST_STEP][PASSED] - verifyElementText(findTestObject("Object Repository/LoginObject/Page_Dashboard/span_Site administration"), "Site administration"): Actual text and expected text of test object 'Object Repository/LoginObject/Page_Dashboard/span_Site administration' are matched.

2022-01-15 18:59:49 - [MESSAGE][PASSED] - Actual text and expected text of test object 'Object Repository/LoginObject/Page_Dashboard/span_Site administration' are matched.

2022-01-15 18:59:49 - [MESSAGE][PASSED] - Call Test Case 'Test Cases/Kiểm tra thẻ Site Administration/Đăng nhập thành công' successfully

2022-01-15 18:59:49 - [TEST_STEP][PASSED] - click(findTestObject("Object Repository/AddANewUserObject/Page_Dashboard/span_Site administration")): Object: 'Object Repository/AddANewUserObject/Page_Dashboard/span_Site administration' is clicked on

2022-01-15 18:59:50 - [MESSAGE][PASSED] - Object: 'Object Repository/AddANewUserObject/Page_Dashboard/span_Site administration' is clicked on

2022-01-15 18:59:50 - [TEST_STEP][PASSED] - navigateToUrl("http://localhost/admin/search.php"): Navigate to 'http://localhost/admin/search.php' successfully

2022-01-15 18:59:50 - [MESSAGE][PASSED] - Navigate to 'http://localhost/admin/search.php' successfully

2022-01-15 18:59:50 - [TEST_STEP][PASSED] - click(findTestObject("Object Repository/AddANewUserObject/Page_SiteTesting Administration Search/a_Users")): Object: 'Object Repository/AddANewUserObject/Page_SiteTesting Administration Search/a_Users' is clicked on

2022-01-15 18:59:51 - [MESSAGE][PASSED] - Object: 'Object Repository/AddANewUserObject/Page_SiteTesting Administration Search/a_Users' is clicked on

2022-01-15 18:59:51 - [TEST_STEP][PASSED] - click(findTestObject("Object Repository/AddANewUserObject/Page_SiteTesting Administration Search/a_Add a new user")): Object: 'Object Repository/AddANewUserObject/Page_SiteTesting Administration Search/a_Add a new user' is clicked on

2022-01-15 18:59:52 - [MESSAGE][PASSED] - Object: 'Object Repository/AddANewUserObject/Page_SiteTesting Administration Search/a_Add a new user' is clicked on

2022-01-15 18:59:52 - [TEST_STEP][PASSED] - setText(findTestObject("Object Repository/AddANewUserObject/Page_SiteTesting Administration Users Accou_a8eb60/input_Username_username"), "testing_redundant"): Text 'testing_redundant' is set on object 'Object Repository/AddANewUserObject/Page_SiteTesting Administration Users Accou_a8eb60/input_Username_username'

2022-01-15 18:59:54 - [MESSAGE][PASSED] - Text 'testing_redundant' is set on object 'Object Repository/AddANewUserObject/Page_SiteTesting Administration Users Accou_a8eb60/input_Username_username'

2022-01-15 18:59:54 - [TEST_STEP][PASSED] - click(findTestObject("Object Repository/AddANewUserObject/Page_SiteTesting Administration Users Accou_a8eb60/em_Click to enter text")): Object: 'Object Repository/AddANewUserObject/Page_SiteTesting Administration Users Accou_a8eb60/em_Click to enter text' is clicked on

2022-01-15 18:59:54 - [MESSAGE][PASSED] - Object: 'Object Repository/AddANewUserObject/Page_SiteTesting Administration Users Accou_a8eb60/em_Click to enter text' is clicked on

2022-01-15 18:59:54 - [TEST_STEP][PASSED] - setEncryptedText(findTestObject("Object Repository/AddANewUserObject/Page_SiteTesting Administration Users Accou_a8eb60/input_New password_newpassword"), "cnpXG5HhkrZpEXzNIGBMZQ=="): Text ****** has been set on object 'Object Repository/AddANewUserObject/Page_SiteTesting Administration Users Accou_a8eb60/input_New password_newpassword'

2022-01-15 18:59:55 - [MESSAGE][PASSED] - Text ****** has been set on object 'Object Repository/AddANewUserObject/Page_SiteTesting Administration Users Accou_a8eb60/input_New password_newpassword'

2022-01-15 18:59:55 - [TEST_STEP][PASSED] - setText(findTestObject("Object Repository/AddANewUserObject/Page_SiteTesting Administration Users Accou_a8eb60/input_First name_firstname"), "Quang"): Text 'Quang' is set on object 'Object Repository/AddANewUserObject/Page_SiteTesting Administration Users Accou_a8eb60/input_First name_firstname'

2022-01-15 18:59:55 - [MESSAGE][PASSED] - Text 'Quang' is set on object 'Object Repository/AddANewUserObject/Page_SiteTesting Administration Users Accou_a8eb60/input_First name_firstname'

2022-01-15 18:59:55 - [TEST_STEP][PASSED] - setText(findTestObject("Object Repository/AddANewUserObject/Page_SiteTesting Administration Users Accou_a8eb60/input_Email address_email"), "testing_redundant@gmail.com"): Text 'testing_redundant@gmail.com' is set on object 'Object Repository/AddANewUserObject/Page_SiteTesting Administration Users Accou_a8eb60/input_Email address_email'

2022-01-15 18:59:56 - [MESSAGE][PASSED] - Text 'testing_redundant@gmail.com' is set on object 'Object Repository/AddANewUserObject/Page_SiteTesting Administration Users Accou_a8eb60/input_Email address_email'

2022-01-15 18:59:56 - [TEST_STEP][PASSED] - click(findTestObject("Object Repository/AddANewUserObject/Page_SiteTesting Administration Users Accou_a8eb60/input_Address_submitbutton")): Object: 'Object Repository/AddANewUserObject/Page_SiteTesting Administration Users Accou_a8eb60/input_Address_submitbutton' is clicked on

2022-01-15 18:59:57 - [MESSAGE][PASSED] - Object: 'Object Repository/AddANewUserObject/Page_SiteTesting Administration Users Accou_a8eb60/input_Address_submitbutton' is clicked on

2022-01-15 18:59:57 - [TEST_STEP][PASSED] - verifyElementText(findTestObject("Object Repository/AddANewUserObject/Page_SiteTesting Administration Users Accou_a8eb60/div_- Missing surname"), "- Missing surname"): Actual text and expected text of test object 'Object Repository/AddANewUserObject/Page_SiteTesting Administration Users Accou_a8eb60/div_- Missing surname' are matched.

2022-01-15 18:59:58 - [MESSAGE][PASSED] - Actual text and expected text of test object 'Object Repository/AddANewUserObject/Page_SiteTesting Administration Users Accou_a8eb60/div_- Missing surname' are matched.]]></system-out>
         <system-err><![CDATA[]]></system-err>
      </testcase>
      <testcase name="Test Cases/Tạo 1 User mới/Điền mật khẩu yếu" time="20.525" classname="Test Cases/Tạo 1 User mới/Điền mật khẩu yếu" status="PASSED">
         <system-out><![CDATA[2022-01-15 18:59:58 - [TEST_CASE][PASSED] - Test Cases/Tạo 1 User mới/Điền mật khẩu yếu: Test Cases/Tạo 1 User mới/Điền mật khẩu yếu

2022-01-15 18:59:58 - [TEST_STEP][PASSED] - callTestCase(findTestCase("Kiểm tra thẻ Site Administration/Đăng nhập thành công"), [:], STOP_ON_FAILURE): Call Test Case 'Test Cases/Kiểm tra thẻ Site Administration/Đăng nhập thành công' successfully

2022-01-15 18:59:58 - [TEST_CASE][PASSED] - Test Cases/Kiểm tra thẻ Site Administration/Đăng nhập thành công: Test Cases/Kiểm tra thẻ Site Administration/Đăng nhập thành công

2022-01-15 18:59:58 - [TEST_STEP][PASSED] - openBrowser(""): Browser is opened with url: ''

2022-01-15 18:59:58 - [MESSAGE][WARNING] - A browser is already opened. Closing browser and opening a new one

2022-01-15 18:59:59 - [MESSAGE][INFO] - Starting 'Edge Chromium' driver

2022-01-15 19:00:01 - [MESSAGE][INFO] - Action delay is set to 0 milliseconds

2022-01-15 19:00:02 - [MESSAGE][PASSED] - Browser is opened with url: ''

2022-01-15 19:00:02 - [TEST_STEP][PASSED] - navigateToUrl("http://localhost/"): Navigate to 'http://localhost/' successfully

2022-01-15 19:00:02 - [MESSAGE][PASSED] - Navigate to 'http://localhost/' successfully

2022-01-15 19:00:02 - [TEST_STEP][PASSED] - click(findTestObject("Object Repository/LoginObject/Page_Automation Testing Site/a_Log in")): Object: 'Object Repository/LoginObject/Page_Automation Testing Site/a_Log in' is clicked on

2022-01-15 19:00:03 - [MESSAGE][PASSED] - Object: 'Object Repository/LoginObject/Page_Automation Testing Site/a_Log in' is clicked on

2022-01-15 19:00:03 - [TEST_STEP][PASSED] - setText(findTestObject("Object Repository/LoginObject/Page_Automation Testing Site Log in to the site/input_Username_username"), "admin"): Text 'admin' is set on object 'Object Repository/LoginObject/Page_Automation Testing Site Log in to the site/input_Username_username'

2022-01-15 19:00:04 - [MESSAGE][PASSED] - Text 'admin' is set on object 'Object Repository/LoginObject/Page_Automation Testing Site Log in to the site/input_Username_username'

2022-01-15 19:00:04 - [TEST_STEP][PASSED] - setEncryptedText(findTestObject("Object Repository/LoginObject/Page_Automation Testing Site Log in to the site/input_Password_password"), "cnpXG5HhkrZpEXzNIGBMZQ=="): Text ****** has been set on object 'Object Repository/LoginObject/Page_Automation Testing Site Log in to the site/input_Password_password'

2022-01-15 19:00:04 - [MESSAGE][PASSED] - Text ****** has been set on object 'Object Repository/LoginObject/Page_Automation Testing Site Log in to the site/input_Password_password'

2022-01-15 19:00:04 - [TEST_STEP][PASSED] - click(findTestObject("Object Repository/LoginObject/Page_Automation Testing Site Log in to the site/button_Log in")): Object: 'Object Repository/LoginObject/Page_Automation Testing Site Log in to the site/button_Log in' is clicked on

2022-01-15 19:00:05 - [MESSAGE][PASSED] - Object: 'Object Repository/LoginObject/Page_Automation Testing Site Log in to the site/button_Log in' is clicked on

2022-01-15 19:00:05 - [TEST_STEP][PASSED] - verifyElementText(findTestObject("Object Repository/LoginObject/Page_Dashboard/span_Site administration"), "Site administration"): Actual text and expected text of test object 'Object Repository/LoginObject/Page_Dashboard/span_Site administration' are matched.

2022-01-15 19:00:07 - [MESSAGE][PASSED] - Actual text and expected text of test object 'Object Repository/LoginObject/Page_Dashboard/span_Site administration' are matched.

2022-01-15 19:00:07 - [MESSAGE][PASSED] - Call Test Case 'Test Cases/Kiểm tra thẻ Site Administration/Đăng nhập thành công' successfully

2022-01-15 19:00:07 - [TEST_STEP][PASSED] - click(findTestObject("Object Repository/AddANewUserObject/Page_Dashboard/span_Site administration")): Object: 'Object Repository/AddANewUserObject/Page_Dashboard/span_Site administration' is clicked on

2022-01-15 19:00:08 - [MESSAGE][PASSED] - Object: 'Object Repository/AddANewUserObject/Page_Dashboard/span_Site administration' is clicked on

2022-01-15 19:00:08 - [TEST_STEP][PASSED] - navigateToUrl("http://localhost/admin/search.php"): Navigate to 'http://localhost/admin/search.php' successfully

2022-01-15 19:00:08 - [MESSAGE][PASSED] - Navigate to 'http://localhost/admin/search.php' successfully

2022-01-15 19:00:08 - [TEST_STEP][PASSED] - click(findTestObject("Object Repository/AddANewUserObject/Page_SiteTesting Administration Search/a_Users")): Object: 'Object Repository/AddANewUserObject/Page_SiteTesting Administration Search/a_Users' is clicked on

2022-01-15 19:00:09 - [MESSAGE][PASSED] - Object: 'Object Repository/AddANewUserObject/Page_SiteTesting Administration Search/a_Users' is clicked on

2022-01-15 19:00:09 - [TEST_STEP][PASSED] - click(findTestObject("Object Repository/AddANewUserObject/Page_SiteTesting Administration Search/a_Add a new user")): Object: 'Object Repository/AddANewUserObject/Page_SiteTesting Administration Search/a_Add a new user' is clicked on

2022-01-15 19:00:10 - [MESSAGE][PASSED] - Object: 'Object Repository/AddANewUserObject/Page_SiteTesting Administration Search/a_Add a new user' is clicked on

2022-01-15 19:00:10 - [TEST_STEP][PASSED] - setText(findTestObject("Object Repository/WeakPasswordObject/Page_SiteTesting Administration Users Accou_a8eb60/input_Username_username"), "testing_weak_pass"): Text 'testing_weak_pass' is set on object 'Object Repository/WeakPasswordObject/Page_SiteTesting Administration Users Accou_a8eb60/input_Username_username'

2022-01-15 19:00:12 - [MESSAGE][PASSED] - Text 'testing_weak_pass' is set on object 'Object Repository/WeakPasswordObject/Page_SiteTesting Administration Users Accou_a8eb60/input_Username_username'

2022-01-15 19:00:12 - [TEST_STEP][PASSED] - setText(findTestObject("Object Repository/WeakPasswordObject/Page_SiteTesting Administration Users Accou_a8eb60/input_First name_firstname"), "Quang"): Text 'Quang' is set on object 'Object Repository/WeakPasswordObject/Page_SiteTesting Administration Users Accou_a8eb60/input_First name_firstname'

2022-01-15 19:00:13 - [MESSAGE][PASSED] - Text 'Quang' is set on object 'Object Repository/WeakPasswordObject/Page_SiteTesting Administration Users Accou_a8eb60/input_First name_firstname'

2022-01-15 19:00:13 - [TEST_STEP][PASSED] - setText(findTestObject("Object Repository/WeakPasswordObject/Page_SiteTesting Administration Users Accou_a8eb60/input_Surname_lastname"), "Le6"): Text 'Le6' is set on object 'Object Repository/WeakPasswordObject/Page_SiteTesting Administration Users Accou_a8eb60/input_Surname_lastname'

2022-01-15 19:00:13 - [MESSAGE][PASSED] - Text 'Le6' is set on object 'Object Repository/WeakPasswordObject/Page_SiteTesting Administration Users Accou_a8eb60/input_Surname_lastname'

2022-01-15 19:00:13 - [TEST_STEP][PASSED] - setText(findTestObject("Object Repository/WeakPasswordObject/Page_SiteTesting Administration Users Accou_a8eb60/input_Email address_email"), "testing_weak_pass@gmail.com"): Text 'testing_weak_pass@gmail.com' is set on object 'Object Repository/WeakPasswordObject/Page_SiteTesting Administration Users Accou_a8eb60/input_Email address_email'

2022-01-15 19:00:14 - [MESSAGE][PASSED] - Text 'testing_weak_pass@gmail.com' is set on object 'Object Repository/WeakPasswordObject/Page_SiteTesting Administration Users Accou_a8eb60/input_Email address_email'

2022-01-15 19:00:14 - [TEST_STEP][PASSED] - click(findTestObject("Object Repository/AddANewUserObject/Page_SiteTesting Administration Users Accou_a8eb60/em_Click to enter text")): Object: 'Object Repository/AddANewUserObject/Page_SiteTesting Administration Users Accou_a8eb60/em_Click to enter text' is clicked on

2022-01-15 19:00:15 - [MESSAGE][PASSED] - Object: 'Object Repository/AddANewUserObject/Page_SiteTesting Administration Users Accou_a8eb60/em_Click to enter text' is clicked on

2022-01-15 19:00:15 - [TEST_STEP][PASSED] - setEncryptedText(findTestObject("Object Repository/WeakPasswordObject/Page_SiteTesting Administration Users Accou_a8eb60/input_New password_newpassword"), "RigbBhfdqOBGNlJIWM1ClA=="): Text ****** has been set on object 'Object Repository/WeakPasswordObject/Page_SiteTesting Administration Users Accou_a8eb60/input_New password_newpassword'

2022-01-15 19:00:15 - [MESSAGE][PASSED] - Text ****** has been set on object 'Object Repository/WeakPasswordObject/Page_SiteTesting Administration Users Accou_a8eb60/input_New password_newpassword'

2022-01-15 19:00:15 - [TEST_STEP][PASSED] - click(findTestObject("Object Repository/AddANewUserObject/Page_SiteTesting Administration Users Accou_a8eb60/input_Address_submitbutton")): Object: 'Object Repository/AddANewUserObject/Page_SiteTesting Administration Users Accou_a8eb60/input_Address_submitbutton' is clicked on

2022-01-15 19:00:17 - [MESSAGE][PASSED] - Object: 'Object Repository/AddANewUserObject/Page_SiteTesting Administration Users Accou_a8eb60/input_Address_submitbutton' is clicked on

2022-01-15 19:00:17 - [TEST_STEP][PASSED] - verifyTextPresent("The password must have at least 1 special character(s) such as as *, -, or #.", false): Text 'The password must have at least 1 special character(s) such as as *, -, or #.' is present on page 

2022-01-15 19:00:18 - [MESSAGE][PASSED] - Text 'The password must have at least 1 special character(s) such as as *, -, or #.' is present on page]]></system-out>
         <system-err><![CDATA[]]></system-err>
      </testcase>
      <testcase name="Test Cases/Tạo 1 User mới/Điền sai định dạng email" time="20.275" classname="Test Cases/Tạo 1 User mới/Điền sai định dạng email" status="FAILED">
         <failure type="FAILED" message="Test Cases/Tạo 1 User mới/Điền sai định dạng email FAILED.
Reason:
com.kms.katalon.core.exception.StepFailedException: Verify element text of test object 'Object Repository/AddANewUserObject/Page_SiteTesting Administration Users Accou_a8eb60/div_Invalid email address' FAILED.
	at com.kms.katalon.core.webui.keyword.internal.WebUIKeywordMain.stepFailed(WebUIKeywordMain.groovy:64)
	at com.kms.katalon.core.webui.keyword.internal.WebUIKeywordMain.runKeyword(WebUIKeywordMain.groovy:26)
	at com.kms.katalon.core.webui.keyword.builtin.VerifyElementTextKeyword.verifyElementText(VerifyElementTextKeyword.groovy:72)
	at com.kms.katalon.core.webui.keyword.builtin.VerifyElementTextKeyword.execute(VerifyElementTextKeyword.groovy:40)
	at com.kms.katalon.core.keyword.internal.KeywordExecutor.executeKeywordForPlatform(KeywordExecutor.groovy:74)
	at com.kms.katalon.core.webui.keyword.WebUiBuiltInKeywords.verifyElementText(WebUiBuiltInKeywords.groovy:4749)
	at com.kms.katalon.core.webui.keyword.WebUiBuiltInKeywords$verifyElementText$4.call(Unknown Source)
	at Điền sai định dạng email.run(Điền sai định dạng email:49)
	at com.kms.katalon.core.main.ScriptEngine.run(ScriptEngine.java:194)
	at com.kms.katalon.core.main.ScriptEngine.runScriptAsRawText(ScriptEngine.java:119)
	at com.kms.katalon.core.main.TestCaseExecutor.runScript(TestCaseExecutor.java:442)
	at com.kms.katalon.core.main.TestCaseExecutor.doExecute(TestCaseExecutor.java:433)
	at com.kms.katalon.core.main.TestCaseExecutor.processExecutionPhase(TestCaseExecutor.java:412)
	at com.kms.katalon.core.main.TestCaseExecutor.accessMainPhase(TestCaseExecutor.java:404)
	at com.kms.katalon.core.main.TestCaseExecutor.execute(TestCaseExecutor.java:281)
	at com.kms.katalon.core.main.TestSuiteExecutor.accessTestCaseMainPhase(TestSuiteExecutor.java:202)
	at com.kms.katalon.core.main.TestSuiteExecutor.accessTestSuiteMainPhase(TestSuiteExecutor.java:164)
	at com.kms.katalon.core.main.TestSuiteExecutor.execute(TestSuiteExecutor.java:105)
	at com.kms.katalon.core.main.TestCaseMain.startTestSuite(TestCaseMain.java:181)
	at com.kms.katalon.core.main.TestCaseMain$startTestSuite$0.call(Unknown Source)
	at TempTestSuite1642246556726.run(TempTestSuite1642246556726.groovy:36)
Caused by: com.kms.katalon.core.exception.StepFailedException: Actual text 'get_string('invalidemail')' and expected text 'Invalid email address' of test object 'Object Repository/AddANewUserObject/Page_SiteTesting Administration Users Accou_a8eb60/div_Invalid email address' are NOT matched.
	at com.kms.katalon.core.webui.keyword.internal.WebUIKeywordMain.stepFailed(WebUIKeywordMain.groovy:64)
	at com.kms.katalon.core.webui.keyword.builtin.VerifyElementTextKeyword$_verifyElementText_closure1.doCall(VerifyElementTextKeyword.groovy:57)
	at com.kms.katalon.core.webui.keyword.builtin.VerifyElementTextKeyword$_verifyElementText_closure1.call(VerifyElementTextKeyword.groovy)
	at com.kms.katalon.core.webui.keyword.internal.WebUIKeywordMain.runKeyword(WebUIKeywordMain.groovy:20)
	... 19 more
"/>
         <system-out><![CDATA[2022-01-15 19:00:18 - [TEST_CASE][FAILED] - Test Cases/Tạo 1 User mới/Điền sai định dạng email: Test Cases/Tạo 1 User mới/Điền sai định dạng email FAILED.
Reason:
com.kms.katalon.core.exception.StepFailedException: Verify element text of test object 'Object Repository/AddANewUserObject/Page_SiteTesting Administration Users Accou_a8eb60/div_Invalid email address' FAILED.
	at com.kms.katalon.core.webui.keyword.internal.WebUIKeywordMain.stepFailed(WebUIKeywordMain.groovy:64)
	at com.kms.katalon.core.webui.keyword.internal.WebUIKeywordMain.runKeyword(WebUIKeywordMain.groovy:26)
	at com.kms.katalon.core.webui.keyword.builtin.VerifyElementTextKeyword.verifyElementText(VerifyElementTextKeyword.groovy:72)
	at com.kms.katalon.core.webui.keyword.builtin.VerifyElementTextKeyword.execute(VerifyElementTextKeyword.groovy:40)
	at com.kms.katalon.core.keyword.internal.KeywordExecutor.executeKeywordForPlatform(KeywordExecutor.groovy:74)
	at com.kms.katalon.core.webui.keyword.WebUiBuiltInKeywords.verifyElementText(WebUiBuiltInKeywords.groovy:4749)
	at com.kms.katalon.core.webui.keyword.WebUiBuiltInKeywords$verifyElementText$4.call(Unknown Source)
	at Điền sai định dạng email.run(Điền sai định dạng email:49)
	at com.kms.katalon.core.main.ScriptEngine.run(ScriptEngine.java:194)
	at com.kms.katalon.core.main.ScriptEngine.runScriptAsRawText(ScriptEngine.java:119)
	at com.kms.katalon.core.main.TestCaseExecutor.runScript(TestCaseExecutor.java:442)
	at com.kms.katalon.core.main.TestCaseExecutor.doExecute(TestCaseExecutor.java:433)
	at com.kms.katalon.core.main.TestCaseExecutor.processExecutionPhase(TestCaseExecutor.java:412)
	at com.kms.katalon.core.main.TestCaseExecutor.accessMainPhase(TestCaseExecutor.java:404)
	at com.kms.katalon.core.main.TestCaseExecutor.execute(TestCaseExecutor.java:281)
	at com.kms.katalon.core.main.TestSuiteExecutor.accessTestCaseMainPhase(TestSuiteExecutor.java:202)
	at com.kms.katalon.core.main.TestSuiteExecutor.accessTestSuiteMainPhase(TestSuiteExecutor.java:164)
	at com.kms.katalon.core.main.TestSuiteExecutor.execute(TestSuiteExecutor.java:105)
	at com.kms.katalon.core.main.TestCaseMain.startTestSuite(TestCaseMain.java:181)
	at com.kms.katalon.core.main.TestCaseMain$startTestSuite$0.call(Unknown Source)
	at TempTestSuite1642246556726.run(TempTestSuite1642246556726.groovy:36)
Caused by: com.kms.katalon.core.exception.StepFailedException: Actual text 'get_string('invalidemail')' and expected text 'Invalid email address' of test object 'Object Repository/AddANewUserObject/Page_SiteTesting Administration Users Accou_a8eb60/div_Invalid email address' are NOT matched.
	at com.kms.katalon.core.webui.keyword.internal.WebUIKeywordMain.stepFailed(WebUIKeywordMain.groovy:64)
	at com.kms.katalon.core.webui.keyword.builtin.VerifyElementTextKeyword$_verifyElementText_closure1.doCall(VerifyElementTextKeyword.groovy:57)
	at com.kms.katalon.core.webui.keyword.builtin.VerifyElementTextKeyword$_verifyElementText_closure1.call(VerifyElementTextKeyword.groovy)
	at com.kms.katalon.core.webui.keyword.internal.WebUIKeywordMain.runKeyword(WebUIKeywordMain.groovy:20)
	... 19 more


2022-01-15 19:00:18 - [TEST_STEP][PASSED] - callTestCase(findTestCase("Kiểm tra thẻ Site Administration/Đăng nhập thành công"), [:], STOP_ON_FAILURE): Call Test Case 'Test Cases/Kiểm tra thẻ Site Administration/Đăng nhập thành công' successfully

2022-01-15 19:00:18 - [TEST_CASE][PASSED] - Test Cases/Kiểm tra thẻ Site Administration/Đăng nhập thành công: Test Cases/Kiểm tra thẻ Site Administration/Đăng nhập thành công

2022-01-15 19:00:18 - [TEST_STEP][PASSED] - openBrowser(""): Browser is opened with url: ''

2022-01-15 19:00:18 - [MESSAGE][WARNING] - A browser is already opened. Closing browser and opening a new one

2022-01-15 19:00:19 - [MESSAGE][INFO] - Starting 'Edge Chromium' driver

2022-01-15 19:00:21 - [MESSAGE][INFO] - Action delay is set to 0 milliseconds

2022-01-15 19:00:22 - [MESSAGE][PASSED] - Browser is opened with url: ''

2022-01-15 19:00:22 - [TEST_STEP][PASSED] - navigateToUrl("http://localhost/"): Navigate to 'http://localhost/' successfully

2022-01-15 19:00:23 - [MESSAGE][PASSED] - Navigate to 'http://localhost/' successfully

2022-01-15 19:00:23 - [TEST_STEP][PASSED] - click(findTestObject("Object Repository/LoginObject/Page_Automation Testing Site/a_Log in")): Object: 'Object Repository/LoginObject/Page_Automation Testing Site/a_Log in' is clicked on

2022-01-15 19:00:23 - [MESSAGE][PASSED] - Object: 'Object Repository/LoginObject/Page_Automation Testing Site/a_Log in' is clicked on

2022-01-15 19:00:23 - [TEST_STEP][PASSED] - setText(findTestObject("Object Repository/LoginObject/Page_Automation Testing Site Log in to the site/input_Username_username"), "admin"): Text 'admin' is set on object 'Object Repository/LoginObject/Page_Automation Testing Site Log in to the site/input_Username_username'

2022-01-15 19:00:24 - [MESSAGE][PASSED] - Text 'admin' is set on object 'Object Repository/LoginObject/Page_Automation Testing Site Log in to the site/input_Username_username'

2022-01-15 19:00:24 - [TEST_STEP][PASSED] - setEncryptedText(findTestObject("Object Repository/LoginObject/Page_Automation Testing Site Log in to the site/input_Password_password"), "cnpXG5HhkrZpEXzNIGBMZQ=="): Text ****** has been set on object 'Object Repository/LoginObject/Page_Automation Testing Site Log in to the site/input_Password_password'

2022-01-15 19:00:25 - [MESSAGE][PASSED] - Text ****** has been set on object 'Object Repository/LoginObject/Page_Automation Testing Site Log in to the site/input_Password_password'

2022-01-15 19:00:25 - [TEST_STEP][PASSED] - click(findTestObject("Object Repository/LoginObject/Page_Automation Testing Site Log in to the site/button_Log in")): Object: 'Object Repository/LoginObject/Page_Automation Testing Site Log in to the site/button_Log in' is clicked on

2022-01-15 19:00:26 - [MESSAGE][PASSED] - Object: 'Object Repository/LoginObject/Page_Automation Testing Site Log in to the site/button_Log in' is clicked on

2022-01-15 19:00:26 - [TEST_STEP][PASSED] - verifyElementText(findTestObject("Object Repository/LoginObject/Page_Dashboard/span_Site administration"), "Site administration"): Actual text and expected text of test object 'Object Repository/LoginObject/Page_Dashboard/span_Site administration' are matched.

2022-01-15 19:00:27 - [MESSAGE][PASSED] - Actual text and expected text of test object 'Object Repository/LoginObject/Page_Dashboard/span_Site administration' are matched.

2022-01-15 19:00:27 - [MESSAGE][PASSED] - Call Test Case 'Test Cases/Kiểm tra thẻ Site Administration/Đăng nhập thành công' successfully

2022-01-15 19:00:27 - [TEST_STEP][PASSED] - click(findTestObject("Object Repository/AddANewUserObject/Page_Dashboard/span_Site administration")): Object: 'Object Repository/AddANewUserObject/Page_Dashboard/span_Site administration' is clicked on

2022-01-15 19:00:28 - [MESSAGE][PASSED] - Object: 'Object Repository/AddANewUserObject/Page_Dashboard/span_Site administration' is clicked on

2022-01-15 19:00:28 - [TEST_STEP][PASSED] - navigateToUrl("http://localhost/admin/search.php"): Navigate to 'http://localhost/admin/search.php' successfully

2022-01-15 19:00:29 - [MESSAGE][PASSED] - Navigate to 'http://localhost/admin/search.php' successfully

2022-01-15 19:00:29 - [TEST_STEP][PASSED] - click(findTestObject("Object Repository/AddANewUserObject/Page_SiteTesting Administration Search/a_Users")): Object: 'Object Repository/AddANewUserObject/Page_SiteTesting Administration Search/a_Users' is clicked on

2022-01-15 19:00:30 - [MESSAGE][PASSED] - Object: 'Object Repository/AddANewUserObject/Page_SiteTesting Administration Search/a_Users' is clicked on

2022-01-15 19:00:30 - [TEST_STEP][PASSED] - click(findTestObject("Object Repository/AddANewUserObject/Page_SiteTesting Administration Search/a_Add a new user")): Object: 'Object Repository/AddANewUserObject/Page_SiteTesting Administration Search/a_Add a new user' is clicked on

2022-01-15 19:00:31 - [MESSAGE][PASSED] - Object: 'Object Repository/AddANewUserObject/Page_SiteTesting Administration Search/a_Add a new user' is clicked on

2022-01-15 19:00:31 - [TEST_STEP][PASSED] - setText(findTestObject("Object Repository/AddANewUserObject/Page_SiteTesting Administration Users Accou_a8eb60/input_Username_username"), "testing_wrong_email"): Text 'testing_wrong_email' is set on object 'Object Repository/AddANewUserObject/Page_SiteTesting Administration Users Accou_a8eb60/input_Username_username'

2022-01-15 19:00:32 - [MESSAGE][PASSED] - Text 'testing_wrong_email' is set on object 'Object Repository/AddANewUserObject/Page_SiteTesting Administration Users Accou_a8eb60/input_Username_username'

2022-01-15 19:00:32 - [TEST_STEP][PASSED] - click(findTestObject("Object Repository/AddANewUserObject/Page_SiteTesting Administration Users Accou_a8eb60/em_Click to enter text")): Object: 'Object Repository/AddANewUserObject/Page_SiteTesting Administration Users Accou_a8eb60/em_Click to enter text' is clicked on

2022-01-15 19:00:33 - [MESSAGE][PASSED] - Object: 'Object Repository/AddANewUserObject/Page_SiteTesting Administration Users Accou_a8eb60/em_Click to enter text' is clicked on

2022-01-15 19:00:33 - [TEST_STEP][PASSED] - setEncryptedText(findTestObject("Object Repository/AddANewUserObject/Page_SiteTesting Administration Users Accou_a8eb60/input_New password_newpassword"), "cnpXG5HhkrZpEXzNIGBMZQ=="): Text ****** has been set on object 'Object Repository/AddANewUserObject/Page_SiteTesting Administration Users Accou_a8eb60/input_New password_newpassword'

2022-01-15 19:00:33 - [MESSAGE][PASSED] - Text ****** has been set on object 'Object Repository/AddANewUserObject/Page_SiteTesting Administration Users Accou_a8eb60/input_New password_newpassword'

2022-01-15 19:00:33 - [TEST_STEP][PASSED] - setText(findTestObject("Object Repository/AddANewUserObject/Page_SiteTesting Administration Users Accou_a8eb60/input_First name_firstname"), "Quang"): Text 'Quang' is set on object 'Object Repository/AddANewUserObject/Page_SiteTesting Administration Users Accou_a8eb60/input_First name_firstname'

2022-01-15 19:00:34 - [MESSAGE][PASSED] - Text 'Quang' is set on object 'Object Repository/AddANewUserObject/Page_SiteTesting Administration Users Accou_a8eb60/input_First name_firstname'

2022-01-15 19:00:34 - [TEST_STEP][PASSED] - setText(findTestObject("Object Repository/AddANewUserObject/Page_SiteTesting Administration Users Accou_a8eb60/input_Surname_lastname"), "Le2"): Text 'Le2' is set on object 'Object Repository/AddANewUserObject/Page_SiteTesting Administration Users Accou_a8eb60/input_Surname_lastname'

2022-01-15 19:00:35 - [MESSAGE][PASSED] - Text 'Le2' is set on object 'Object Repository/AddANewUserObject/Page_SiteTesting Administration Users Accou_a8eb60/input_Surname_lastname'

2022-01-15 19:00:35 - [TEST_STEP][PASSED] - setText(findTestObject("Object Repository/AddANewUserObject/Page_SiteTesting Administration Users Accou_a8eb60/input_Email address_email"), "testing_wrong_email"): Text 'testing_wrong_email' is set on object 'Object Repository/AddANewUserObject/Page_SiteTesting Administration Users Accou_a8eb60/input_Email address_email'

2022-01-15 19:00:36 - [MESSAGE][PASSED] - Text 'testing_wrong_email' is set on object 'Object Repository/AddANewUserObject/Page_SiteTesting Administration Users Accou_a8eb60/input_Email address_email'

2022-01-15 19:00:36 - [TEST_STEP][PASSED] - click(findTestObject("Object Repository/AddANewUserObject/Page_SiteTesting Administration Users Accou_a8eb60/input_Address_submitbutton")): Object: 'Object Repository/AddANewUserObject/Page_SiteTesting Administration Users Accou_a8eb60/input_Address_submitbutton' is clicked on

2022-01-15 19:00:37 - [MESSAGE][PASSED] - Object: 'Object Repository/AddANewUserObject/Page_SiteTesting Administration Users Accou_a8eb60/input_Address_submitbutton' is clicked on

2022-01-15 19:00:37 - [TEST_STEP][FAILED] - verifyElementText(findTestObject("Object Repository/AddANewUserObject/Page_SiteTesting Administration Users Accou_a8eb60/div_Invalid email address"), "Invalid email address"): Verify element text of test object 'Object Repository/AddANewUserObject/Page_SiteTesting Administration Users Accou_a8eb60/div_Invalid email address' FAILED. (Root cause: com.kms.katalon.core.exception.StepFailedException: Verify element text of test object 'Object Repository/AddANewUserObject/Page_SiteTesting Administration Users Accou_a8eb60/div_Invalid email address' FAILED.
	at com.kms.katalon.core.webui.keyword.internal.WebUIKeywordMain.stepFailed(WebUIKeywordMain.groovy:64)
	at com.kms.katalon.core.webui.keyword.internal.WebUIKeywordMain.runKeyword(WebUIKeywordMain.groovy:26)
	at com.kms.katalon.core.webui.keyword.builtin.VerifyElementTextKeyword.verifyElementText(VerifyElementTextKeyword.groovy:72)
	at com.kms.katalon.core.webui.keyword.builtin.VerifyElementTextKeyword.execute(VerifyElementTextKeyword.groovy:40)
	at com.kms.katalon.core.keyword.internal.KeywordExecutor.executeKeywordForPlatform(KeywordExecutor.groovy:74)
	at com.kms.katalon.core.webui.keyword.WebUiBuiltInKeywords.verifyElementText(WebUiBuiltInKeywords.groovy:4749)
	at com.kms.katalon.core.webui.keyword.WebUiBuiltInKeywords$verifyElementText$4.call(Unknown Source)
	at Điền sai định dạng email.run(Điền sai định dạng email:49)
	at com.kms.katalon.core.main.ScriptEngine.run(ScriptEngine.java:194)
	at com.kms.katalon.core.main.ScriptEngine.runScriptAsRawText(ScriptEngine.java:119)
	at com.kms.katalon.core.main.TestCaseExecutor.runScript(TestCaseExecutor.java:442)
	at com.kms.katalon.core.main.TestCaseExecutor.doExecute(TestCaseExecutor.java:433)
	at com.kms.katalon.core.main.TestCaseExecutor.processExecutionPhase(TestCaseExecutor.java:412)
	at com.kms.katalon.core.main.TestCaseExecutor.accessMainPhase(TestCaseExecutor.java:404)
	at com.kms.katalon.core.main.TestCaseExecutor.execute(TestCaseExecutor.java:281)
	at com.kms.katalon.core.main.TestSuiteExecutor.accessTestCaseMainPhase(TestSuiteExecutor.java:202)
	at com.kms.katalon.core.main.TestSuiteExecutor.accessTestSuiteMainPhase(TestSuiteExecutor.java:164)
	at com.kms.katalon.core.main.TestSuiteExecutor.execute(TestSuiteExecutor.java:105)
	at com.kms.katalon.core.main.TestCaseMain.startTestSuite(TestCaseMain.java:181)
	at com.kms.katalon.core.main.TestCaseMain$startTestSuite$0.call(Unknown Source)
	at TempTestSuite1642246556726.run(TempTestSuite1642246556726.groovy:36)
Caused by: com.kms.katalon.core.exception.StepFailedException: Actual text 'get_string('invalidemail')' and expected text 'Invalid email address' of test object 'Object Repository/AddANewUserObject/Page_SiteTesting Administration Users Accou_a8eb60/div_Invalid email address' are NOT matched.
	at com.kms.katalon.core.webui.keyword.internal.WebUIKeywordMain.stepFailed(WebUIKeywordMain.groovy:64)
	at com.kms.katalon.core.webui.keyword.builtin.VerifyElementTextKeyword$_verifyElementText_closure1.doCall(VerifyElementTextKeyword.groovy:57)
	at com.kms.katalon.core.webui.keyword.builtin.VerifyElementTextKeyword$_verifyElementText_closure1.call(VerifyElementTextKeyword.groovy)
	at com.kms.katalon.core.webui.keyword.internal.WebUIKeywordMain.runKeyword(WebUIKeywordMain.groovy:20)
	... 19 more
)

2022-01-15 19:00:38 - [MESSAGE][FAILED] - Actual text 'get_string('invalidemail')' and expected text 'Invalid email address' of test object 'Object Repository/AddANewUserObject/Page_SiteTesting Administration Users Accou_a8eb60/div_Invalid email address' are NOT matched. (Root cause: com.kms.katalon.core.exception.StepFailedException: Actual text 'get_string('invalidemail')' and expected text 'Invalid email address' of test object 'Object Repository/AddANewUserObject/Page_SiteTesting Administration Users Accou_a8eb60/div_Invalid email address' are NOT matched.
	at com.kms.katalon.core.webui.keyword.internal.WebUIKeywordMain.stepFailed(WebUIKeywordMain.groovy:64)
	at com.kms.katalon.core.webui.keyword.builtin.VerifyElementTextKeyword$_verifyElementText_closure1.doCall(VerifyElementTextKeyword.groovy:57)
	at com.kms.katalon.core.webui.keyword.builtin.VerifyElementTextKeyword$_verifyElementText_closure1.call(VerifyElementTextKeyword.groovy)
	at com.kms.katalon.core.webui.keyword.internal.WebUIKeywordMain.runKeyword(WebUIKeywordMain.groovy:20)
	at com.kms.katalon.core.webui.keyword.builtin.VerifyElementTextKeyword.verifyElementText(VerifyElementTextKeyword.groovy:72)
	at com.kms.katalon.core.webui.keyword.builtin.VerifyElementTextKeyword.execute(VerifyElementTextKeyword.groovy:40)
	at com.kms.katalon.core.keyword.internal.KeywordExecutor.executeKeywordForPlatform(KeywordExecutor.groovy:74)
	at com.kms.katalon.core.webui.keyword.WebUiBuiltInKeywords.verifyElementText(WebUiBuiltInKeywords.groovy:4749)
	at com.kms.katalon.core.webui.keyword.WebUiBuiltInKeywords$verifyElementText$4.call(Unknown Source)
	at Điền sai định dạng email.run(Điền sai định dạng email:49)
	at com.kms.katalon.core.main.ScriptEngine.run(ScriptEngine.java:194)
	at com.kms.katalon.core.main.ScriptEngine.runScriptAsRawText(ScriptEngine.java:119)
	at com.kms.katalon.core.main.TestCaseExecutor.runScript(TestCaseExecutor.java:442)
	at com.kms.katalon.core.main.TestCaseExecutor.doExecute(TestCaseExecutor.java:433)
	at com.kms.katalon.core.main.TestCaseExecutor.processExecutionPhase(TestCaseExecutor.java:412)
	at com.kms.katalon.core.main.TestCaseExecutor.accessMainPhase(TestCaseExecutor.java:404)
	at com.kms.katalon.core.main.TestCaseExecutor.execute(TestCaseExecutor.java:281)
	at com.kms.katalon.core.main.TestSuiteExecutor.accessTestCaseMainPhase(TestSuiteExecutor.java:202)
	at com.kms.katalon.core.main.TestSuiteExecutor.accessTestSuiteMainPhase(TestSuiteExecutor.java:164)
	at com.kms.katalon.core.main.TestSuiteExecutor.execute(TestSuiteExecutor.java:105)
	at com.kms.katalon.core.main.TestCaseMain.startTestSuite(TestCaseMain.java:181)
	at com.kms.katalon.core.main.TestCaseMain$startTestSuite$0.call(Unknown Source)
	at TempTestSuite1642246556726.run(TempTestSuite1642246556726.groovy:36)
)
[[ATTACHMENT|E:\\MoodleTestByKatalon\\Reports\\20220115_183556\\Run all test cases\\20220115_183556\\1642248038603.png]]

2022-01-15 19:00:38 - [MESSAGE][FAILED] - Verify element text of test object 'Object Repository/AddANewUserObject/Page_SiteTesting Administration Users Accou_a8eb60/div_Invalid email address' FAILED. (Root cause: com.kms.katalon.core.exception.StepFailedException: Verify element text of test object 'Object Repository/AddANewUserObject/Page_SiteTesting Administration Users Accou_a8eb60/div_Invalid email address' FAILED.
	at com.kms.katalon.core.webui.keyword.internal.WebUIKeywordMain.stepFailed(WebUIKeywordMain.groovy:64)
	at com.kms.katalon.core.webui.keyword.internal.WebUIKeywordMain.runKeyword(WebUIKeywordMain.groovy:26)
	at com.kms.katalon.core.webui.keyword.builtin.VerifyElementTextKeyword.verifyElementText(VerifyElementTextKeyword.groovy:72)
	at com.kms.katalon.core.webui.keyword.builtin.VerifyElementTextKeyword.execute(VerifyElementTextKeyword.groovy:40)
	at com.kms.katalon.core.keyword.internal.KeywordExecutor.executeKeywordForPlatform(KeywordExecutor.groovy:74)
	at com.kms.katalon.core.webui.keyword.WebUiBuiltInKeywords.verifyElementText(WebUiBuiltInKeywords.groovy:4749)
	at com.kms.katalon.core.webui.keyword.WebUiBuiltInKeywords$verifyElementText$4.call(Unknown Source)
	at Điền sai định dạng email.run(Điền sai định dạng email:49)
	at com.kms.katalon.core.main.ScriptEngine.run(ScriptEngine.java:194)
	at com.kms.katalon.core.main.ScriptEngine.runScriptAsRawText(ScriptEngine.java:119)
	at com.kms.katalon.core.main.TestCaseExecutor.runScript(TestCaseExecutor.java:442)
	at com.kms.katalon.core.main.TestCaseExecutor.doExecute(TestCaseExecutor.java:433)
	at com.kms.katalon.core.main.TestCaseExecutor.processExecutionPhase(TestCaseExecutor.java:412)
	at com.kms.katalon.core.main.TestCaseExecutor.accessMainPhase(TestCaseExecutor.java:404)
	at com.kms.katalon.core.main.TestCaseExecutor.execute(TestCaseExecutor.java:281)
	at com.kms.katalon.core.main.TestSuiteExecutor.accessTestCaseMainPhase(TestSuiteExecutor.java:202)
	at com.kms.katalon.core.main.TestSuiteExecutor.accessTestSuiteMainPhase(TestSuiteExecutor.java:164)
	at com.kms.katalon.core.main.TestSuiteExecutor.execute(TestSuiteExecutor.java:105)
	at com.kms.katalon.core.main.TestCaseMain.startTestSuite(TestCaseMain.java:181)
	at com.kms.katalon.core.main.TestCaseMain$startTestSuite$0.call(Unknown Source)
	at TempTestSuite1642246556726.run(TempTestSuite1642246556726.groovy:36)
Caused by: com.kms.katalon.core.exception.StepFailedException: Actual text 'get_string('invalidemail')' and expected text 'Invalid email address' of test object 'Object Repository/AddANewUserObject/Page_SiteTesting Administration Users Accou_a8eb60/div_Invalid email address' are NOT matched.
	at com.kms.katalon.core.webui.keyword.internal.WebUIKeywordMain.stepFailed(WebUIKeywordMain.groovy:64)
	at com.kms.katalon.core.webui.keyword.builtin.VerifyElementTextKeyword$_verifyElementText_closure1.doCall(VerifyElementTextKeyword.groovy:57)
	at com.kms.katalon.core.webui.keyword.builtin.VerifyElementTextKeyword$_verifyElementText_closure1.call(VerifyElementTextKeyword.groovy)
	at com.kms.katalon.core.webui.keyword.internal.WebUIKeywordMain.runKeyword(WebUIKeywordMain.groovy:20)
	... 19 more
)
[[ATTACHMENT|E:\\MoodleTestByKatalon\\Reports\\20220115_183556\\Run all test cases\\20220115_183556\\1642248038712.png]]]]></system-out>
         <system-err><![CDATA[2022-01-15 19:00:18 - [TEST_CASE][FAILED] - Test Cases/Tạo 1 User mới/Điền sai định dạng email: Test Cases/Tạo 1 User mới/Điền sai định dạng email FAILED.
Reason:
com.kms.katalon.core.exception.StepFailedException: Verify element text of test object 'Object Repository/AddANewUserObject/Page_SiteTesting Administration Users Accou_a8eb60/div_Invalid email address' FAILED.
	at com.kms.katalon.core.webui.keyword.internal.WebUIKeywordMain.stepFailed(WebUIKeywordMain.groovy:64)
	at com.kms.katalon.core.webui.keyword.internal.WebUIKeywordMain.runKeyword(WebUIKeywordMain.groovy:26)
	at com.kms.katalon.core.webui.keyword.builtin.VerifyElementTextKeyword.verifyElementText(VerifyElementTextKeyword.groovy:72)
	at com.kms.katalon.core.webui.keyword.builtin.VerifyElementTextKeyword.execute(VerifyElementTextKeyword.groovy:40)
	at com.kms.katalon.core.keyword.internal.KeywordExecutor.executeKeywordForPlatform(KeywordExecutor.groovy:74)
	at com.kms.katalon.core.webui.keyword.WebUiBuiltInKeywords.verifyElementText(WebUiBuiltInKeywords.groovy:4749)
	at com.kms.katalon.core.webui.keyword.WebUiBuiltInKeywords$verifyElementText$4.call(Unknown Source)
	at Điền sai định dạng email.run(Điền sai định dạng email:49)
	at com.kms.katalon.core.main.ScriptEngine.run(ScriptEngine.java:194)
	at com.kms.katalon.core.main.ScriptEngine.runScriptAsRawText(ScriptEngine.java:119)
	at com.kms.katalon.core.main.TestCaseExecutor.runScript(TestCaseExecutor.java:442)
	at com.kms.katalon.core.main.TestCaseExecutor.doExecute(TestCaseExecutor.java:433)
	at com.kms.katalon.core.main.TestCaseExecutor.processExecutionPhase(TestCaseExecutor.java:412)
	at com.kms.katalon.core.main.TestCaseExecutor.accessMainPhase(TestCaseExecutor.java:404)
	at com.kms.katalon.core.main.TestCaseExecutor.execute(TestCaseExecutor.java:281)
	at com.kms.katalon.core.main.TestSuiteExecutor.accessTestCaseMainPhase(TestSuiteExecutor.java:202)
	at com.kms.katalon.core.main.TestSuiteExecutor.accessTestSuiteMainPhase(TestSuiteExecutor.java:164)
	at com.kms.katalon.core.main.TestSuiteExecutor.execute(TestSuiteExecutor.java:105)
	at com.kms.katalon.core.main.TestCaseMain.startTestSuite(TestCaseMain.java:181)
	at com.kms.katalon.core.main.TestCaseMain$startTestSuite$0.call(Unknown Source)
	at TempTestSuite1642246556726.run(TempTestSuite1642246556726.groovy:36)
Caused by: com.kms.katalon.core.exception.StepFailedException: Actual text 'get_string('invalidemail')' and expected text 'Invalid email address' of test object 'Object Repository/AddANewUserObject/Page_SiteTesting Administration Users Accou_a8eb60/div_Invalid email address' are NOT matched.
	at com.kms.katalon.core.webui.keyword.internal.WebUIKeywordMain.stepFailed(WebUIKeywordMain.groovy:64)
	at com.kms.katalon.core.webui.keyword.builtin.VerifyElementTextKeyword$_verifyElementText_closure1.doCall(VerifyElementTextKeyword.groovy:57)
	at com.kms.katalon.core.webui.keyword.builtin.VerifyElementTextKeyword$_verifyElementText_closure1.call(VerifyElementTextKeyword.groovy)
	at com.kms.katalon.core.webui.keyword.internal.WebUIKeywordMain.runKeyword(WebUIKeywordMain.groovy:20)
	... 19 more]]></system-err>
      </testcase>
      <testcase name="Test Cases/Tạo 1 User mới/Điền đầy đủ thông tin bắt buộc" time="20.373" classname="Test Cases/Tạo 1 User mới/Điền đầy đủ thông tin bắt buộc" status="PASSED">
         <system-out><![CDATA[2022-01-15 19:00:38 - [TEST_CASE][PASSED] - Test Cases/Tạo 1 User mới/Điền đầy đủ thông tin bắt buộc: Test Cases/Tạo 1 User mới/Điền đầy đủ thông tin bắt buộc

2022-01-15 19:00:38 - [TEST_STEP][PASSED] - callTestCase(findTestCase("Kiểm tra thẻ Site Administration/Đăng nhập thành công"), [:], STOP_ON_FAILURE): Call Test Case 'Test Cases/Kiểm tra thẻ Site Administration/Đăng nhập thành công' successfully

2022-01-15 19:00:39 - [TEST_CASE][PASSED] - Test Cases/Kiểm tra thẻ Site Administration/Đăng nhập thành công: Test Cases/Kiểm tra thẻ Site Administration/Đăng nhập thành công

2022-01-15 19:00:39 - [TEST_STEP][PASSED] - openBrowser(""): Browser is opened with url: ''

2022-01-15 19:00:39 - [MESSAGE][WARNING] - A browser is already opened. Closing browser and opening a new one

2022-01-15 19:00:39 - [MESSAGE][INFO] - Starting 'Edge Chromium' driver

2022-01-15 19:00:42 - [MESSAGE][INFO] - Action delay is set to 0 milliseconds

2022-01-15 19:00:42 - [MESSAGE][PASSED] - Browser is opened with url: ''

2022-01-15 19:00:42 - [TEST_STEP][PASSED] - navigateToUrl("http://localhost/"): Navigate to 'http://localhost/' successfully

2022-01-15 19:00:43 - [MESSAGE][PASSED] - Navigate to 'http://localhost/' successfully

2022-01-15 19:00:43 - [TEST_STEP][PASSED] - click(findTestObject("Object Repository/LoginObject/Page_Automation Testing Site/a_Log in")): Object: 'Object Repository/LoginObject/Page_Automation Testing Site/a_Log in' is clicked on

2022-01-15 19:00:44 - [MESSAGE][PASSED] - Object: 'Object Repository/LoginObject/Page_Automation Testing Site/a_Log in' is clicked on

2022-01-15 19:00:44 - [TEST_STEP][PASSED] - setText(findTestObject("Object Repository/LoginObject/Page_Automation Testing Site Log in to the site/input_Username_username"), "admin"): Text 'admin' is set on object 'Object Repository/LoginObject/Page_Automation Testing Site Log in to the site/input_Username_username'

2022-01-15 19:00:45 - [MESSAGE][PASSED] - Text 'admin' is set on object 'Object Repository/LoginObject/Page_Automation Testing Site Log in to the site/input_Username_username'

2022-01-15 19:00:45 - [TEST_STEP][PASSED] - setEncryptedText(findTestObject("Object Repository/LoginObject/Page_Automation Testing Site Log in to the site/input_Password_password"), "cnpXG5HhkrZpEXzNIGBMZQ=="): Text ****** has been set on object 'Object Repository/LoginObject/Page_Automation Testing Site Log in to the site/input_Password_password'

2022-01-15 19:00:45 - [MESSAGE][PASSED] - Text ****** has been set on object 'Object Repository/LoginObject/Page_Automation Testing Site Log in to the site/input_Password_password'

2022-01-15 19:00:45 - [TEST_STEP][PASSED] - click(findTestObject("Object Repository/LoginObject/Page_Automation Testing Site Log in to the site/button_Log in")): Object: 'Object Repository/LoginObject/Page_Automation Testing Site Log in to the site/button_Log in' is clicked on

2022-01-15 19:00:46 - [MESSAGE][PASSED] - Object: 'Object Repository/LoginObject/Page_Automation Testing Site Log in to the site/button_Log in' is clicked on

2022-01-15 19:00:46 - [TEST_STEP][PASSED] - verifyElementText(findTestObject("Object Repository/LoginObject/Page_Dashboard/span_Site administration"), "Site administration"): Actual text and expected text of test object 'Object Repository/LoginObject/Page_Dashboard/span_Site administration' are matched.

2022-01-15 19:00:48 - [MESSAGE][PASSED] - Actual text and expected text of test object 'Object Repository/LoginObject/Page_Dashboard/span_Site administration' are matched.

2022-01-15 19:00:48 - [MESSAGE][PASSED] - Call Test Case 'Test Cases/Kiểm tra thẻ Site Administration/Đăng nhập thành công' successfully

2022-01-15 19:00:48 - [TEST_STEP][PASSED] - click(findTestObject("Object Repository/AddANewUserObject/Page_Dashboard/span_Site administration")): Object: 'Object Repository/AddANewUserObject/Page_Dashboard/span_Site administration' is clicked on

2022-01-15 19:00:49 - [MESSAGE][PASSED] - Object: 'Object Repository/AddANewUserObject/Page_Dashboard/span_Site administration' is clicked on

2022-01-15 19:00:49 - [TEST_STEP][PASSED] - navigateToUrl("http://localhost/admin/search.php"): Navigate to 'http://localhost/admin/search.php' successfully

2022-01-15 19:00:50 - [MESSAGE][PASSED] - Navigate to 'http://localhost/admin/search.php' successfully

2022-01-15 19:00:50 - [TEST_STEP][PASSED] - click(findTestObject("Object Repository/AddANewUserObject/Page_SiteTesting Administration Search/a_Users")): Object: 'Object Repository/AddANewUserObject/Page_SiteTesting Administration Search/a_Users' is clicked on

2022-01-15 19:00:50 - [MESSAGE][PASSED] - Object: 'Object Repository/AddANewUserObject/Page_SiteTesting Administration Search/a_Users' is clicked on

2022-01-15 19:00:50 - [TEST_STEP][PASSED] - click(findTestObject("Object Repository/AddANewUserObject/Page_SiteTesting Administration Search/a_Add a new user")): Object: 'Object Repository/AddANewUserObject/Page_SiteTesting Administration Search/a_Add a new user' is clicked on

2022-01-15 19:00:52 - [MESSAGE][PASSED] - Object: 'Object Repository/AddANewUserObject/Page_SiteTesting Administration Search/a_Add a new user' is clicked on

2022-01-15 19:00:52 - [TEST_STEP][PASSED] - setText(findTestObject("Object Repository/AddANewUserObject/Page_SiteTesting Administration Users Accou_a8eb60/input_Username_username"), "testing"): Text 'testing' is set on object 'Object Repository/AddANewUserObject/Page_SiteTesting Administration Users Accou_a8eb60/input_Username_username'

2022-01-15 19:00:53 - [MESSAGE][PASSED] - Text 'testing' is set on object 'Object Repository/AddANewUserObject/Page_SiteTesting Administration Users Accou_a8eb60/input_Username_username'

2022-01-15 19:00:53 - [TEST_STEP][PASSED] - click(findTestObject("Object Repository/AddANewUserObject/Page_SiteTesting Administration Users Accou_a8eb60/em_Click to enter text")): Object: 'Object Repository/AddANewUserObject/Page_SiteTesting Administration Users Accou_a8eb60/em_Click to enter text' is clicked on

2022-01-15 19:00:54 - [MESSAGE][PASSED] - Object: 'Object Repository/AddANewUserObject/Page_SiteTesting Administration Users Accou_a8eb60/em_Click to enter text' is clicked on

2022-01-15 19:00:54 - [TEST_STEP][PASSED] - setEncryptedText(findTestObject("Object Repository/AddANewUserObject/Page_SiteTesting Administration Users Accou_a8eb60/input_New password_newpassword"), "cnpXG5HhkrZpEXzNIGBMZQ=="): Text ****** has been set on object 'Object Repository/AddANewUserObject/Page_SiteTesting Administration Users Accou_a8eb60/input_New password_newpassword'

2022-01-15 19:00:54 - [MESSAGE][PASSED] - Text ****** has been set on object 'Object Repository/AddANewUserObject/Page_SiteTesting Administration Users Accou_a8eb60/input_New password_newpassword'

2022-01-15 19:00:54 - [TEST_STEP][PASSED] - setText(findTestObject("Object Repository/AddANewUserObject/Page_SiteTesting Administration Users Accou_a8eb60/input_First name_firstname"), "Quang"): Text 'Quang' is set on object 'Object Repository/AddANewUserObject/Page_SiteTesting Administration Users Accou_a8eb60/input_First name_firstname'

2022-01-15 19:00:55 - [MESSAGE][PASSED] - Text 'Quang' is set on object 'Object Repository/AddANewUserObject/Page_SiteTesting Administration Users Accou_a8eb60/input_First name_firstname'

2022-01-15 19:00:55 - [TEST_STEP][PASSED] - setText(findTestObject("Object Repository/AddANewUserObject/Page_SiteTesting Administration Users Accou_a8eb60/input_Surname_lastname"), "Le1"): Text 'Le1' is set on object 'Object Repository/AddANewUserObject/Page_SiteTesting Administration Users Accou_a8eb60/input_Surname_lastname'

2022-01-15 19:00:56 - [MESSAGE][PASSED] - Text 'Le1' is set on object 'Object Repository/AddANewUserObject/Page_SiteTesting Administration Users Accou_a8eb60/input_Surname_lastname'

2022-01-15 19:00:56 - [TEST_STEP][PASSED] - setText(findTestObject("Object Repository/AddANewUserObject/Page_SiteTesting Administration Users Accou_a8eb60/input_Email address_email"), "testing@gmail.com"): Text 'testing@gmail.com' is set on object 'Object Repository/AddANewUserObject/Page_SiteTesting Administration Users Accou_a8eb60/input_Email address_email'

2022-01-15 19:00:57 - [MESSAGE][PASSED] - Text 'testing@gmail.com' is set on object 'Object Repository/AddANewUserObject/Page_SiteTesting Administration Users Accou_a8eb60/input_Email address_email'

2022-01-15 19:00:57 - [TEST_STEP][PASSED] - click(findTestObject("Object Repository/AddANewUserObject/Page_SiteTesting Administration Users Accou_a8eb60/input_Address_submitbutton")): Object: 'Object Repository/AddANewUserObject/Page_SiteTesting Administration Users Accou_a8eb60/input_Address_submitbutton' is clicked on

2022-01-15 19:00:58 - [MESSAGE][PASSED] - Object: 'Object Repository/AddANewUserObject/Page_SiteTesting Administration Users Accou_a8eb60/input_Address_submitbutton' is clicked on

2022-01-15 19:00:58 - [TEST_STEP][PASSED] - verifyElementText(findTestObject("Object Repository/AddANewUserObject/Page_SiteTesting Administration Users Accou_36dc4d/td_testinggmail.com"), "testing@gmail.com"): Actual text and expected text of test object 'Object Repository/AddANewUserObject/Page_SiteTesting Administration Users Accou_36dc4d/td_testinggmail.com' are matched.

2022-01-15 19:00:59 - [MESSAGE][PASSED] - Actual text and expected text of test object 'Object Repository/AddANewUserObject/Page_SiteTesting Administration Users Accou_36dc4d/td_testinggmail.com' are matched.]]></system-out>
         <system-err><![CDATA[]]></system-err>
      </testcase>
      <testcase name="Test Cases/Tạo 1 User mới/Test 1 vài trường optional khác" time="24.814" classname="Test Cases/Tạo 1 User mới/Test 1 vài trường optional khác" status="PASSED">
         <system-out><![CDATA[2022-01-15 19:00:59 - [TEST_CASE][PASSED] - Test Cases/Tạo 1 User mới/Test 1 vài trường optional khác: Test Cases/Tạo 1 User mới/Test 1 vài trường optional khác

2022-01-15 19:00:59 - [TEST_STEP][PASSED] - callTestCase(findTestCase("Kiểm tra thẻ Site Administration/Đăng nhập thành công"), [:], STOP_ON_FAILURE): Call Test Case 'Test Cases/Kiểm tra thẻ Site Administration/Đăng nhập thành công' successfully

2022-01-15 19:00:59 - [TEST_CASE][PASSED] - Test Cases/Kiểm tra thẻ Site Administration/Đăng nhập thành công: Test Cases/Kiểm tra thẻ Site Administration/Đăng nhập thành công

2022-01-15 19:00:59 - [TEST_STEP][PASSED] - openBrowser(""): Browser is opened with url: ''

2022-01-15 19:00:59 - [MESSAGE][WARNING] - A browser is already opened. Closing browser and opening a new one

2022-01-15 19:01:00 - [MESSAGE][INFO] - Starting 'Edge Chromium' driver

2022-01-15 19:01:02 - [MESSAGE][INFO] - Action delay is set to 0 milliseconds

2022-01-15 19:01:03 - [MESSAGE][PASSED] - Browser is opened with url: ''

2022-01-15 19:01:03 - [TEST_STEP][PASSED] - navigateToUrl("http://localhost/"): Navigate to 'http://localhost/' successfully

2022-01-15 19:01:03 - [MESSAGE][PASSED] - Navigate to 'http://localhost/' successfully

2022-01-15 19:01:03 - [TEST_STEP][PASSED] - click(findTestObject("Object Repository/LoginObject/Page_Automation Testing Site/a_Log in")): Object: 'Object Repository/LoginObject/Page_Automation Testing Site/a_Log in' is clicked on

2022-01-15 19:01:04 - [MESSAGE][PASSED] - Object: 'Object Repository/LoginObject/Page_Automation Testing Site/a_Log in' is clicked on

2022-01-15 19:01:04 - [TEST_STEP][PASSED] - setText(findTestObject("Object Repository/LoginObject/Page_Automation Testing Site Log in to the site/input_Username_username"), "admin"): Text 'admin' is set on object 'Object Repository/LoginObject/Page_Automation Testing Site Log in to the site/input_Username_username'

2022-01-15 19:01:05 - [MESSAGE][PASSED] - Text 'admin' is set on object 'Object Repository/LoginObject/Page_Automation Testing Site Log in to the site/input_Username_username'

2022-01-15 19:01:05 - [TEST_STEP][PASSED] - setEncryptedText(findTestObject("Object Repository/LoginObject/Page_Automation Testing Site Log in to the site/input_Password_password"), "cnpXG5HhkrZpEXzNIGBMZQ=="): Text ****** has been set on object 'Object Repository/LoginObject/Page_Automation Testing Site Log in to the site/input_Password_password'

2022-01-15 19:01:05 - [MESSAGE][PASSED] - Text ****** has been set on object 'Object Repository/LoginObject/Page_Automation Testing Site Log in to the site/input_Password_password'

2022-01-15 19:01:05 - [TEST_STEP][PASSED] - click(findTestObject("Object Repository/LoginObject/Page_Automation Testing Site Log in to the site/button_Log in")): Object: 'Object Repository/LoginObject/Page_Automation Testing Site Log in to the site/button_Log in' is clicked on

2022-01-15 19:01:07 - [MESSAGE][PASSED] - Object: 'Object Repository/LoginObject/Page_Automation Testing Site Log in to the site/button_Log in' is clicked on

2022-01-15 19:01:07 - [TEST_STEP][PASSED] - verifyElementText(findTestObject("Object Repository/LoginObject/Page_Dashboard/span_Site administration"), "Site administration"): Actual text and expected text of test object 'Object Repository/LoginObject/Page_Dashboard/span_Site administration' are matched.

2022-01-15 19:01:08 - [MESSAGE][PASSED] - Actual text and expected text of test object 'Object Repository/LoginObject/Page_Dashboard/span_Site administration' are matched.

2022-01-15 19:01:08 - [MESSAGE][PASSED] - Call Test Case 'Test Cases/Kiểm tra thẻ Site Administration/Đăng nhập thành công' successfully

2022-01-15 19:01:08 - [TEST_STEP][PASSED] - click(findTestObject("Object Repository/AddANewUserObject/Page_Dashboard/span_Site administration")): Object: 'Object Repository/AddANewUserObject/Page_Dashboard/span_Site administration' is clicked on

2022-01-15 19:01:09 - [MESSAGE][PASSED] - Object: 'Object Repository/AddANewUserObject/Page_Dashboard/span_Site administration' is clicked on

2022-01-15 19:01:09 - [TEST_STEP][PASSED] - navigateToUrl("http://localhost/admin/search.php"): Navigate to 'http://localhost/admin/search.php' successfully

2022-01-15 19:01:10 - [MESSAGE][PASSED] - Navigate to 'http://localhost/admin/search.php' successfully

2022-01-15 19:01:10 - [TEST_STEP][PASSED] - click(findTestObject("Object Repository/AddANewUserObject/Page_SiteTesting Administration Search/a_Users")): Object: 'Object Repository/AddANewUserObject/Page_SiteTesting Administration Search/a_Users' is clicked on

2022-01-15 19:01:10 - [MESSAGE][PASSED] - Object: 'Object Repository/AddANewUserObject/Page_SiteTesting Administration Search/a_Users' is clicked on

2022-01-15 19:01:10 - [TEST_STEP][PASSED] - click(findTestObject("Object Repository/AddANewUserObject/Page_SiteTesting Administration Search/a_Add a new user")): Object: 'Object Repository/AddANewUserObject/Page_SiteTesting Administration Search/a_Add a new user' is clicked on

2022-01-15 19:01:12 - [MESSAGE][PASSED] - Object: 'Object Repository/AddANewUserObject/Page_SiteTesting Administration Search/a_Add a new user' is clicked on

2022-01-15 19:01:12 - [TEST_STEP][PASSED] - setText(findTestObject("Object Repository/OptionalUserFormObject/Page_SiteTesting Administration Users Accou_a8eb60/input_Username_username"), "testing_description"): Text 'testing_description' is set on object 'Object Repository/OptionalUserFormObject/Page_SiteTesting Administration Users Accou_a8eb60/input_Username_username'

2022-01-15 19:01:13 - [MESSAGE][PASSED] - Text 'testing_description' is set on object 'Object Repository/OptionalUserFormObject/Page_SiteTesting Administration Users Accou_a8eb60/input_Username_username'

2022-01-15 19:01:13 - [TEST_STEP][PASSED] - click(findTestObject("Object Repository/OptionalUserFormObject/Page_SiteTesting Administration Users Accou_a8eb60/em_Click to enter text")): Object: 'Object Repository/OptionalUserFormObject/Page_SiteTesting Administration Users Accou_a8eb60/em_Click to enter text' is clicked on

2022-01-15 19:01:13 - [MESSAGE][PASSED] - Object: 'Object Repository/OptionalUserFormObject/Page_SiteTesting Administration Users Accou_a8eb60/em_Click to enter text' is clicked on

2022-01-15 19:01:13 - [TEST_STEP][PASSED] - setEncryptedText(findTestObject("Object Repository/OptionalUserFormObject/Page_SiteTesting Administration Users Accou_a8eb60/input_New password_newpassword"), "cnpXG5HhkrZpEXzNIGBMZQ=="): Text ****** has been set on object 'Object Repository/OptionalUserFormObject/Page_SiteTesting Administration Users Accou_a8eb60/input_New password_newpassword'

2022-01-15 19:01:14 - [MESSAGE][PASSED] - Text ****** has been set on object 'Object Repository/OptionalUserFormObject/Page_SiteTesting Administration Users Accou_a8eb60/input_New password_newpassword'

2022-01-15 19:01:14 - [TEST_STEP][PASSED] - setText(findTestObject("Object Repository/OptionalUserFormObject/Page_SiteTesting Administration Users Accou_a8eb60/input_First name_firstname"), "Quang"): Text 'Quang' is set on object 'Object Repository/OptionalUserFormObject/Page_SiteTesting Administration Users Accou_a8eb60/input_First name_firstname'

2022-01-15 19:01:15 - [MESSAGE][PASSED] - Text 'Quang' is set on object 'Object Repository/OptionalUserFormObject/Page_SiteTesting Administration Users Accou_a8eb60/input_First name_firstname'

2022-01-15 19:01:15 - [TEST_STEP][PASSED] - setText(findTestObject("Object Repository/OptionalUserFormObject/Page_SiteTesting Administration Users Accou_a8eb60/input_Surname_lastname"), "Le5"): Text 'Le5' is set on object 'Object Repository/OptionalUserFormObject/Page_SiteTesting Administration Users Accou_a8eb60/input_Surname_lastname'

2022-01-15 19:01:16 - [MESSAGE][PASSED] - Text 'Le5' is set on object 'Object Repository/OptionalUserFormObject/Page_SiteTesting Administration Users Accou_a8eb60/input_Surname_lastname'

2022-01-15 19:01:16 - [TEST_STEP][PASSED] - setText(findTestObject("Object Repository/OptionalUserFormObject/Page_SiteTesting Administration Users Accou_a8eb60/input_Email address_email"), "testing_description@gmail.com"): Text 'testing_description@gmail.com' is set on object 'Object Repository/OptionalUserFormObject/Page_SiteTesting Administration Users Accou_a8eb60/input_Email address_email'

2022-01-15 19:01:17 - [MESSAGE][PASSED] - Text 'testing_description@gmail.com' is set on object 'Object Repository/OptionalUserFormObject/Page_SiteTesting Administration Users Accou_a8eb60/input_Email address_email'

2022-01-15 19:01:17 - [TEST_STEP][PASSED] - click(findTestObject("Object Repository/OptionalUserFormObject/Page_SiteTesting Administration Users Accou_a8eb60/a_Additional names")): Object: 'Object Repository/OptionalUserFormObject/Page_SiteTesting Administration Users Accou_a8eb60/a_Additional names' is clicked on

2022-01-15 19:01:17 - [MESSAGE][PASSED] - Object: 'Object Repository/OptionalUserFormObject/Page_SiteTesting Administration Users Accou_a8eb60/a_Additional names' is clicked on

2022-01-15 19:01:17 - [TEST_STEP][PASSED] - setText(findTestObject("Object Repository/OptionalUserFormObject/Page_SiteTesting Administration Users Accou_a8eb60/input_First name - phonetic_firstnamephonetic"), "Quang"): Text 'Quang' is set on object 'Object Repository/OptionalUserFormObject/Page_SiteTesting Administration Users Accou_a8eb60/input_First name - phonetic_firstnamephonetic'

2022-01-15 19:01:18 - [MESSAGE][PASSED] - Text 'Quang' is set on object 'Object Repository/OptionalUserFormObject/Page_SiteTesting Administration Users Accou_a8eb60/input_First name - phonetic_firstnamephonetic'

2022-01-15 19:01:18 - [TEST_STEP][PASSED] - setText(findTestObject("Object Repository/OptionalUserFormObject/Page_SiteTesting Administration Users Accou_a8eb60/input_Surname - phonetic_lastnamephonetic"), "Le"): Text 'Le' is set on object 'Object Repository/OptionalUserFormObject/Page_SiteTesting Administration Users Accou_a8eb60/input_Surname - phonetic_lastnamephonetic'

2022-01-15 19:01:19 - [MESSAGE][PASSED] - Text 'Le' is set on object 'Object Repository/OptionalUserFormObject/Page_SiteTesting Administration Users Accou_a8eb60/input_Surname - phonetic_lastnamephonetic'

2022-01-15 19:01:19 - [TEST_STEP][PASSED] - setText(findTestObject("Object Repository/OptionalUserFormObject/Page_SiteTesting Administration Users Accou_a8eb60/input_Middle name_middlename"), "Nhat"): Text 'Nhat' is set on object 'Object Repository/OptionalUserFormObject/Page_SiteTesting Administration Users Accou_a8eb60/input_Middle name_middlename'

2022-01-15 19:01:19 - [MESSAGE][PASSED] - Text 'Nhat' is set on object 'Object Repository/OptionalUserFormObject/Page_SiteTesting Administration Users Accou_a8eb60/input_Middle name_middlename'

2022-01-15 19:01:19 - [TEST_STEP][PASSED] - click(findTestObject("Object Repository/OptionalUserFormObject/Page_SiteTesting Administration Users Accou_a8eb60/a_Optional_1")): Object: 'Object Repository/OptionalUserFormObject/Page_SiteTesting Administration Users Accou_a8eb60/a_Optional_1' is clicked on

2022-01-15 19:01:20 - [MESSAGE][PASSED] - Object: 'Object Repository/OptionalUserFormObject/Page_SiteTesting Administration Users Accou_a8eb60/a_Optional_1' is clicked on

2022-01-15 19:01:20 - [TEST_STEP][PASSED] - setText(findTestObject("Object Repository/OptionalUserFormObject/Page_SiteTesting Administration Users Accou_a8eb60/input_Phone_phone1"), "0123456789"): Text '0123456789' is set on object 'Object Repository/OptionalUserFormObject/Page_SiteTesting Administration Users Accou_a8eb60/input_Phone_phone1'

2022-01-15 19:01:21 - [MESSAGE][PASSED] - Text '0123456789' is set on object 'Object Repository/OptionalUserFormObject/Page_SiteTesting Administration Users Accou_a8eb60/input_Phone_phone1'

2022-01-15 19:01:21 - [TEST_STEP][PASSED] - setText(findTestObject("Object Repository/OptionalUserFormObject/Page_SiteTesting Administration Users Accou_a8eb60/input_ID number_idnumber"), "1000"): Text '1000' is set on object 'Object Repository/OptionalUserFormObject/Page_SiteTesting Administration Users Accou_a8eb60/input_ID number_idnumber'

2022-01-15 19:01:22 - [MESSAGE][PASSED] - Text '1000' is set on object 'Object Repository/OptionalUserFormObject/Page_SiteTesting Administration Users Accou_a8eb60/input_ID number_idnumber'

2022-01-15 19:01:22 - [TEST_STEP][PASSED] - click(findTestObject("Object Repository/OptionalUserFormObject/Page_SiteTesting Administration Users Accou_a8eb60/input_Address_submitbutton")): Object: 'Object Repository/OptionalUserFormObject/Page_SiteTesting Administration Users Accou_a8eb60/input_Address_submitbutton' is clicked on

2022-01-15 19:01:23 - [MESSAGE][PASSED] - Object: 'Object Repository/OptionalUserFormObject/Page_SiteTesting Administration Users Accou_a8eb60/input_Address_submitbutton' is clicked on

2022-01-15 19:01:23 - [TEST_STEP][PASSED] - navigateToUrl("http://localhost/admin/user.php"): Navigate to 'http://localhost/admin/user.php' successfully

2022-01-15 19:01:24 - [MESSAGE][PASSED] - Navigate to 'http://localhost/admin/user.php' successfully]]></system-out>
         <system-err><![CDATA[]]></system-err>
      </testcase>
      <testcase name="Test Cases/Tạo 1 User mới/Kiểm tra việc tài khoản bị ban sau khi chọn Suspended account" time="25.656" classname="Test Cases/Tạo 1 User mới/Kiểm tra việc tài khoản bị ban sau khi chọn Suspended account" status="FAILED">
         <failure type="FAILED" message="Test Cases/Tạo 1 User mới/Kiểm tra việc tài khoản bị ban sau khi chọn Suspended account FAILED.
Reason:
com.kms.katalon.core.exception.StepFailedException: Verify element text of test object 'Object Repository/AddSuspendedUserAccount/Page_Automation Testing Site Log in to the site/div_Invalid login, please try again' FAILED.
	at com.kms.katalon.core.webui.keyword.internal.WebUIKeywordMain.stepFailed(WebUIKeywordMain.groovy:64)
	at com.kms.katalon.core.webui.keyword.internal.WebUIKeywordMain.runKeyword(WebUIKeywordMain.groovy:26)
	at com.kms.katalon.core.webui.keyword.builtin.VerifyElementTextKeyword.verifyElementText(VerifyElementTextKeyword.groovy:72)
	at com.kms.katalon.core.webui.keyword.builtin.VerifyElementTextKeyword.execute(VerifyElementTextKeyword.groovy:40)
	at com.kms.katalon.core.keyword.internal.KeywordExecutor.executeKeywordForPlatform(KeywordExecutor.groovy:74)
	at com.kms.katalon.core.webui.keyword.WebUiBuiltInKeywords.verifyElementText(WebUiBuiltInKeywords.groovy:4749)
	at com.kms.katalon.core.webui.keyword.WebUiBuiltInKeywords$verifyElementText$4.call(Unknown Source)
	at Kiểm tra việc tài khoản bị ban sau khi chọn Suspended account.run(Kiểm tra việc tài khoản bị ban sau khi chọn Suspended account:69)
	at com.kms.katalon.core.main.ScriptEngine.run(ScriptEngine.java:194)
	at com.kms.katalon.core.main.ScriptEngine.runScriptAsRawText(ScriptEngine.java:119)
	at com.kms.katalon.core.main.TestCaseExecutor.runScript(TestCaseExecutor.java:442)
	at com.kms.katalon.core.main.TestCaseExecutor.doExecute(TestCaseExecutor.java:433)
	at com.kms.katalon.core.main.TestCaseExecutor.processExecutionPhase(TestCaseExecutor.java:412)
	at com.kms.katalon.core.main.TestCaseExecutor.accessMainPhase(TestCaseExecutor.java:404)
	at com.kms.katalon.core.main.TestCaseExecutor.execute(TestCaseExecutor.java:281)
	at com.kms.katalon.core.main.TestSuiteExecutor.accessTestCaseMainPhase(TestSuiteExecutor.java:202)
	at com.kms.katalon.core.main.TestSuiteExecutor.accessTestSuiteMainPhase(TestSuiteExecutor.java:164)
	at com.kms.katalon.core.main.TestSuiteExecutor.execute(TestSuiteExecutor.java:105)
	at com.kms.katalon.core.main.TestCaseMain.startTestSuite(TestCaseMain.java:181)
	at com.kms.katalon.core.main.TestCaseMain$startTestSuite$0.call(Unknown Source)
	at TempTestSuite1642246556726.run(TempTestSuite1642246556726.groovy:36)
Caused by: com.kms.katalon.core.exception.StepFailedException: Actual text 'Try again' and expected text 'Invalid login, please try again' of test object 'Object Repository/AddSuspendedUserAccount/Page_Automation Testing Site Log in to the site/div_Invalid login, please try again' are NOT matched.
	at com.kms.katalon.core.webui.keyword.internal.WebUIKeywordMain.stepFailed(WebUIKeywordMain.groovy:64)
	at com.kms.katalon.core.webui.keyword.builtin.VerifyElementTextKeyword$_verifyElementText_closure1.doCall(VerifyElementTextKeyword.groovy:57)
	at com.kms.katalon.core.webui.keyword.builtin.VerifyElementTextKeyword$_verifyElementText_closure1.call(VerifyElementTextKeyword.groovy)
	at com.kms.katalon.core.webui.keyword.internal.WebUIKeywordMain.runKeyword(WebUIKeywordMain.groovy:20)
	... 19 more
"/>
         <system-out><![CDATA[2022-01-15 19:01:24 - [TEST_CASE][FAILED] - Test Cases/Tạo 1 User mới/Kiểm tra việc tài khoản bị ban sau khi chọn Suspended account: Test Cases/Tạo 1 User mới/Kiểm tra việc tài khoản bị ban sau khi chọn Suspended account FAILED.
Reason:
com.kms.katalon.core.exception.StepFailedException: Verify element text of test object 'Object Repository/AddSuspendedUserAccount/Page_Automation Testing Site Log in to the site/div_Invalid login, please try again' FAILED.
	at com.kms.katalon.core.webui.keyword.internal.WebUIKeywordMain.stepFailed(WebUIKeywordMain.groovy:64)
	at com.kms.katalon.core.webui.keyword.internal.WebUIKeywordMain.runKeyword(WebUIKeywordMain.groovy:26)
	at com.kms.katalon.core.webui.keyword.builtin.VerifyElementTextKeyword.verifyElementText(VerifyElementTextKeyword.groovy:72)
	at com.kms.katalon.core.webui.keyword.builtin.VerifyElementTextKeyword.execute(VerifyElementTextKeyword.groovy:40)
	at com.kms.katalon.core.keyword.internal.KeywordExecutor.executeKeywordForPlatform(KeywordExecutor.groovy:74)
	at com.kms.katalon.core.webui.keyword.WebUiBuiltInKeywords.verifyElementText(WebUiBuiltInKeywords.groovy:4749)
	at com.kms.katalon.core.webui.keyword.WebUiBuiltInKeywords$verifyElementText$4.call(Unknown Source)
	at Kiểm tra việc tài khoản bị ban sau khi chọn Suspended account.run(Kiểm tra việc tài khoản bị ban sau khi chọn Suspended account:69)
	at com.kms.katalon.core.main.ScriptEngine.run(ScriptEngine.java:194)
	at com.kms.katalon.core.main.ScriptEngine.runScriptAsRawText(ScriptEngine.java:119)
	at com.kms.katalon.core.main.TestCaseExecutor.runScript(TestCaseExecutor.java:442)
	at com.kms.katalon.core.main.TestCaseExecutor.doExecute(TestCaseExecutor.java:433)
	at com.kms.katalon.core.main.TestCaseExecutor.processExecutionPhase(TestCaseExecutor.java:412)
	at com.kms.katalon.core.main.TestCaseExecutor.accessMainPhase(TestCaseExecutor.java:404)
	at com.kms.katalon.core.main.TestCaseExecutor.execute(TestCaseExecutor.java:281)
	at com.kms.katalon.core.main.TestSuiteExecutor.accessTestCaseMainPhase(TestSuiteExecutor.java:202)
	at com.kms.katalon.core.main.TestSuiteExecutor.accessTestSuiteMainPhase(TestSuiteExecutor.java:164)
	at com.kms.katalon.core.main.TestSuiteExecutor.execute(TestSuiteExecutor.java:105)
	at com.kms.katalon.core.main.TestCaseMain.startTestSuite(TestCaseMain.java:181)
	at com.kms.katalon.core.main.TestCaseMain$startTestSuite$0.call(Unknown Source)
	at TempTestSuite1642246556726.run(TempTestSuite1642246556726.groovy:36)
Caused by: com.kms.katalon.core.exception.StepFailedException: Actual text 'Try again' and expected text 'Invalid login, please try again' of test object 'Object Repository/AddSuspendedUserAccount/Page_Automation Testing Site Log in to the site/div_Invalid login, please try again' are NOT matched.
	at com.kms.katalon.core.webui.keyword.internal.WebUIKeywordMain.stepFailed(WebUIKeywordMain.groovy:64)
	at com.kms.katalon.core.webui.keyword.builtin.VerifyElementTextKeyword$_verifyElementText_closure1.doCall(VerifyElementTextKeyword.groovy:57)
	at com.kms.katalon.core.webui.keyword.builtin.VerifyElementTextKeyword$_verifyElementText_closure1.call(VerifyElementTextKeyword.groovy)
	at com.kms.katalon.core.webui.keyword.internal.WebUIKeywordMain.runKeyword(WebUIKeywordMain.groovy:20)
	... 19 more


2022-01-15 19:01:24 - [TEST_STEP][PASSED] - callTestCase(findTestCase("Kiểm tra thẻ Site Administration/Đăng nhập thành công"), [:], STOP_ON_FAILURE): Call Test Case 'Test Cases/Kiểm tra thẻ Site Administration/Đăng nhập thành công' successfully

2022-01-15 19:01:24 - [TEST_CASE][PASSED] - Test Cases/Kiểm tra thẻ Site Administration/Đăng nhập thành công: Test Cases/Kiểm tra thẻ Site Administration/Đăng nhập thành công

2022-01-15 19:01:24 - [TEST_STEP][PASSED] - openBrowser(""): Browser is opened with url: ''

2022-01-15 19:01:24 - [MESSAGE][WARNING] - A browser is already opened. Closing browser and opening a new one

2022-01-15 19:01:25 - [MESSAGE][INFO] - Starting 'Edge Chromium' driver

2022-01-15 19:01:27 - [MESSAGE][INFO] - Action delay is set to 0 milliseconds

2022-01-15 19:01:28 - [MESSAGE][PASSED] - Browser is opened with url: ''

2022-01-15 19:01:28 - [TEST_STEP][PASSED] - navigateToUrl("http://localhost/"): Navigate to 'http://localhost/' successfully

2022-01-15 19:01:28 - [MESSAGE][PASSED] - Navigate to 'http://localhost/' successfully

2022-01-15 19:01:28 - [TEST_STEP][PASSED] - click(findTestObject("Object Repository/LoginObject/Page_Automation Testing Site/a_Log in")): Object: 'Object Repository/LoginObject/Page_Automation Testing Site/a_Log in' is clicked on

2022-01-15 19:01:29 - [MESSAGE][PASSED] - Object: 'Object Repository/LoginObject/Page_Automation Testing Site/a_Log in' is clicked on

2022-01-15 19:01:29 - [TEST_STEP][PASSED] - setText(findTestObject("Object Repository/LoginObject/Page_Automation Testing Site Log in to the site/input_Username_username"), "admin"): Text 'admin' is set on object 'Object Repository/LoginObject/Page_Automation Testing Site Log in to the site/input_Username_username'

2022-01-15 19:01:30 - [MESSAGE][PASSED] - Text 'admin' is set on object 'Object Repository/LoginObject/Page_Automation Testing Site Log in to the site/input_Username_username'

2022-01-15 19:01:30 - [TEST_STEP][PASSED] - setEncryptedText(findTestObject("Object Repository/LoginObject/Page_Automation Testing Site Log in to the site/input_Password_password"), "cnpXG5HhkrZpEXzNIGBMZQ=="): Text ****** has been set on object 'Object Repository/LoginObject/Page_Automation Testing Site Log in to the site/input_Password_password'

2022-01-15 19:01:30 - [MESSAGE][PASSED] - Text ****** has been set on object 'Object Repository/LoginObject/Page_Automation Testing Site Log in to the site/input_Password_password'

2022-01-15 19:01:30 - [TEST_STEP][PASSED] - click(findTestObject("Object Repository/LoginObject/Page_Automation Testing Site Log in to the site/button_Log in")): Object: 'Object Repository/LoginObject/Page_Automation Testing Site Log in to the site/button_Log in' is clicked on

2022-01-15 19:01:32 - [MESSAGE][PASSED] - Object: 'Object Repository/LoginObject/Page_Automation Testing Site Log in to the site/button_Log in' is clicked on

2022-01-15 19:01:32 - [TEST_STEP][PASSED] - verifyElementText(findTestObject("Object Repository/LoginObject/Page_Dashboard/span_Site administration"), "Site administration"): Actual text and expected text of test object 'Object Repository/LoginObject/Page_Dashboard/span_Site administration' are matched.

2022-01-15 19:01:33 - [MESSAGE][PASSED] - Actual text and expected text of test object 'Object Repository/LoginObject/Page_Dashboard/span_Site administration' are matched.

2022-01-15 19:01:33 - [MESSAGE][PASSED] - Call Test Case 'Test Cases/Kiểm tra thẻ Site Administration/Đăng nhập thành công' successfully

2022-01-15 19:01:33 - [TEST_STEP][PASSED] - click(findTestObject("Object Repository/AddANewUserObject/Page_Dashboard/span_Site administration")): Object: 'Object Repository/AddANewUserObject/Page_Dashboard/span_Site administration' is clicked on

2022-01-15 19:01:34 - [MESSAGE][PASSED] - Object: 'Object Repository/AddANewUserObject/Page_Dashboard/span_Site administration' is clicked on

2022-01-15 19:01:34 - [TEST_STEP][PASSED] - navigateToUrl("http://localhost/admin/search.php"): Navigate to 'http://localhost/admin/search.php' successfully

2022-01-15 19:01:35 - [MESSAGE][PASSED] - Navigate to 'http://localhost/admin/search.php' successfully

2022-01-15 19:01:35 - [TEST_STEP][PASSED] - click(findTestObject("Object Repository/AddSuspendedUserAccount/Page_SiteTesting Administration Search/a_Users")): Object: 'Object Repository/AddSuspendedUserAccount/Page_SiteTesting Administration Search/a_Users' is clicked on

2022-01-15 19:01:36 - [MESSAGE][PASSED] - Object: 'Object Repository/AddSuspendedUserAccount/Page_SiteTesting Administration Search/a_Users' is clicked on

2022-01-15 19:01:36 - [TEST_STEP][PASSED] - click(findTestObject("Object Repository/AddSuspendedUserAccount/Page_SiteTesting Administration Search/a_Add a new user")): Object: 'Object Repository/AddSuspendedUserAccount/Page_SiteTesting Administration Search/a_Add a new user' is clicked on

2022-01-15 19:01:37 - [MESSAGE][PASSED] - Object: 'Object Repository/AddSuspendedUserAccount/Page_SiteTesting Administration Search/a_Add a new user' is clicked on

2022-01-15 19:01:37 - [TEST_STEP][PASSED] - setText(findTestObject("Object Repository/AddSuspendedUserAccount/Page_SiteTesting Administration Users Accou_a8eb60/input_Username_username"), "testing_ban"): Text 'testing_ban' is set on object 'Object Repository/AddSuspendedUserAccount/Page_SiteTesting Administration Users Accou_a8eb60/input_Username_username'

2022-01-15 19:01:38 - [MESSAGE][PASSED] - Text 'testing_ban' is set on object 'Object Repository/AddSuspendedUserAccount/Page_SiteTesting Administration Users Accou_a8eb60/input_Username_username'

2022-01-15 19:01:38 - [TEST_STEP][PASSED] - click(findTestObject("Object Repository/AddSuspendedUserAccount/Page_SiteTesting Administration Users Accou_a8eb60/input_Choose an authentication method_suspended")): Object: 'Object Repository/AddSuspendedUserAccount/Page_SiteTesting Administration Users Accou_a8eb60/input_Choose an authentication method_suspended' is clicked on

2022-01-15 19:01:39 - [MESSAGE][PASSED] - Object: 'Object Repository/AddSuspendedUserAccount/Page_SiteTesting Administration Users Accou_a8eb60/input_Choose an authentication method_suspended' is clicked on

2022-01-15 19:01:39 - [TEST_STEP][PASSED] - click(findTestObject("Object Repository/AddSuspendedUserAccount/Page_SiteTesting Administration Users Accou_a8eb60/em_Click to enter text")): Object: 'Object Repository/AddSuspendedUserAccount/Page_SiteTesting Administration Users Accou_a8eb60/em_Click to enter text' is clicked on

2022-01-15 19:01:39 - [MESSAGE][PASSED] - Object: 'Object Repository/AddSuspendedUserAccount/Page_SiteTesting Administration Users Accou_a8eb60/em_Click to enter text' is clicked on

2022-01-15 19:01:39 - [TEST_STEP][PASSED] - setEncryptedText(findTestObject("Object Repository/AddSuspendedUserAccount/Page_SiteTesting Administration Users Accou_a8eb60/input_New password_newpassword"), "cnpXG5HhkrZpEXzNIGBMZQ=="): Text ****** has been set on object 'Object Repository/AddSuspendedUserAccount/Page_SiteTesting Administration Users Accou_a8eb60/input_New password_newpassword'

2022-01-15 19:01:40 - [MESSAGE][PASSED] - Text ****** has been set on object 'Object Repository/AddSuspendedUserAccount/Page_SiteTesting Administration Users Accou_a8eb60/input_New password_newpassword'

2022-01-15 19:01:40 - [TEST_STEP][PASSED] - setText(findTestObject("Object Repository/AddSuspendedUserAccount/Page_SiteTesting Administration Users Accou_a8eb60/input_First name_firstname"), "Quang"): Text 'Quang' is set on object 'Object Repository/AddSuspendedUserAccount/Page_SiteTesting Administration Users Accou_a8eb60/input_First name_firstname'

2022-01-15 19:01:41 - [MESSAGE][PASSED] - Text 'Quang' is set on object 'Object Repository/AddSuspendedUserAccount/Page_SiteTesting Administration Users Accou_a8eb60/input_First name_firstname'

2022-01-15 19:01:41 - [TEST_STEP][PASSED] - setText(findTestObject("Object Repository/AddSuspendedUserAccount/Page_SiteTesting Administration Users Accou_a8eb60/input_Surname_lastname"), "Le4"): Text 'Le4' is set on object 'Object Repository/AddSuspendedUserAccount/Page_SiteTesting Administration Users Accou_a8eb60/input_Surname_lastname'

2022-01-15 19:01:42 - [MESSAGE][PASSED] - Text 'Le4' is set on object 'Object Repository/AddSuspendedUserAccount/Page_SiteTesting Administration Users Accou_a8eb60/input_Surname_lastname'

2022-01-15 19:01:42 - [TEST_STEP][PASSED] - setText(findTestObject("Object Repository/AddSuspendedUserAccount/Page_SiteTesting Administration Users Accou_a8eb60/input_Email address_email"), "testing_ban@gmail.com"): Text 'testing_ban@gmail.com' is set on object 'Object Repository/AddSuspendedUserAccount/Page_SiteTesting Administration Users Accou_a8eb60/input_Email address_email'

2022-01-15 19:01:43 - [MESSAGE][PASSED] - Text 'testing_ban@gmail.com' is set on object 'Object Repository/AddSuspendedUserAccount/Page_SiteTesting Administration Users Accou_a8eb60/input_Email address_email'

2022-01-15 19:01:43 - [TEST_STEP][PASSED] - click(findTestObject("Object Repository/AddSuspendedUserAccount/Page_SiteTesting Administration Users Accou_a8eb60/input_Address_submitbutton")): Object: 'Object Repository/AddSuspendedUserAccount/Page_SiteTesting Administration Users Accou_a8eb60/input_Address_submitbutton' is clicked on

2022-01-15 19:01:44 - [MESSAGE][PASSED] - Object: 'Object Repository/AddSuspendedUserAccount/Page_SiteTesting Administration Users Accou_a8eb60/input_Address_submitbutton' is clicked on

2022-01-15 19:01:44 - [TEST_STEP][PASSED] - navigateToUrl("http://localhost/admin/user.php"): Navigate to 'http://localhost/admin/user.php' successfully

2022-01-15 19:01:45 - [MESSAGE][PASSED] - Navigate to 'http://localhost/admin/user.php' successfully

2022-01-15 19:01:45 - [TEST_STEP][PASSED] - click(findTestObject("Object Repository/AddSuspendedUserAccount/Page_SiteTesting Administration Users Accou_36dc4d/a_Quang Le")): Object: 'Object Repository/AddSuspendedUserAccount/Page_SiteTesting Administration Users Accou_36dc4d/a_Quang Le' is clicked on

2022-01-15 19:01:45 - [MESSAGE][PASSED] - Object: 'Object Repository/AddSuspendedUserAccount/Page_SiteTesting Administration Users Accou_36dc4d/a_Quang Le' is clicked on

2022-01-15 19:01:45 - [TEST_STEP][PASSED] - click(findTestObject("Object Repository/AddSuspendedUserAccount/Page_SiteTesting Administration Users Accou_36dc4d/span_Log out")): Object: 'Object Repository/AddSuspendedUserAccount/Page_SiteTesting Administration Users Accou_36dc4d/span_Log out' is clicked on

2022-01-15 19:01:46 - [MESSAGE][PASSED] - Object: 'Object Repository/AddSuspendedUserAccount/Page_SiteTesting Administration Users Accou_36dc4d/span_Log out' is clicked on

2022-01-15 19:01:46 - [TEST_STEP][PASSED] - navigateToUrl("http://localhost/"): Navigate to 'http://localhost/' successfully

2022-01-15 19:01:46 - [MESSAGE][PASSED] - Navigate to 'http://localhost/' successfully

2022-01-15 19:01:46 - [TEST_STEP][PASSED] - click(findTestObject("Object Repository/AddSuspendedUserAccount/Page_Automation Testing Site/a_Log in")): Object: 'Object Repository/AddSuspendedUserAccount/Page_Automation Testing Site/a_Log in' is clicked on

2022-01-15 19:01:47 - [MESSAGE][PASSED] - Object: 'Object Repository/AddSuspendedUserAccount/Page_Automation Testing Site/a_Log in' is clicked on

2022-01-15 19:01:47 - [TEST_STEP][PASSED] - setText(findTestObject("Object Repository/AddSuspendedUserAccount/Page_Automation Testing Site Log in to the site/input_Username_username"), "testing_ban"): Text 'testing_ban' is set on object 'Object Repository/AddSuspendedUserAccount/Page_Automation Testing Site Log in to the site/input_Username_username'

2022-01-15 19:01:48 - [MESSAGE][PASSED] - Text 'testing_ban' is set on object 'Object Repository/AddSuspendedUserAccount/Page_Automation Testing Site Log in to the site/input_Username_username'

2022-01-15 19:01:48 - [TEST_STEP][PASSED] - setEncryptedText(findTestObject("Object Repository/AddSuspendedUserAccount/Page_Automation Testing Site Log in to the site/input_Password_password"), "cnpXG5HhkrZpEXzNIGBMZQ=="): Text ****** has been set on object 'Object Repository/AddSuspendedUserAccount/Page_Automation Testing Site Log in to the site/input_Password_password'

2022-01-15 19:01:48 - [MESSAGE][PASSED] - Text ****** has been set on object 'Object Repository/AddSuspendedUserAccount/Page_Automation Testing Site Log in to the site/input_Password_password'

2022-01-15 19:01:48 - [TEST_STEP][PASSED] - click(findTestObject("Object Repository/AddSuspendedUserAccount/Page_Automation Testing Site Log in to the site/button_Log in")): Object: 'Object Repository/AddSuspendedUserAccount/Page_Automation Testing Site Log in to the site/button_Log in' is clicked on

2022-01-15 19:01:48 - [MESSAGE][PASSED] - Object: 'Object Repository/AddSuspendedUserAccount/Page_Automation Testing Site Log in to the site/button_Log in' is clicked on

2022-01-15 19:01:48 - [TEST_STEP][FAILED] - verifyElementText(findTestObject("Object Repository/AddSuspendedUserAccount/Page_Automation Testing Site Log in to the site/div_Invalid login, please try again"), "Invalid login, please try again"): Verify element text of test object 'Object Repository/AddSuspendedUserAccount/Page_Automation Testing Site Log in to the site/div_Invalid login, please try again' FAILED. (Root cause: com.kms.katalon.core.exception.StepFailedException: Verify element text of test object 'Object Repository/AddSuspendedUserAccount/Page_Automation Testing Site Log in to the site/div_Invalid login, please try again' FAILED.
	at com.kms.katalon.core.webui.keyword.internal.WebUIKeywordMain.stepFailed(WebUIKeywordMain.groovy:64)
	at com.kms.katalon.core.webui.keyword.internal.WebUIKeywordMain.runKeyword(WebUIKeywordMain.groovy:26)
	at com.kms.katalon.core.webui.keyword.builtin.VerifyElementTextKeyword.verifyElementText(VerifyElementTextKeyword.groovy:72)
	at com.kms.katalon.core.webui.keyword.builtin.VerifyElementTextKeyword.execute(VerifyElementTextKeyword.groovy:40)
	at com.kms.katalon.core.keyword.internal.KeywordExecutor.executeKeywordForPlatform(KeywordExecutor.groovy:74)
	at com.kms.katalon.core.webui.keyword.WebUiBuiltInKeywords.verifyElementText(WebUiBuiltInKeywords.groovy:4749)
	at com.kms.katalon.core.webui.keyword.WebUiBuiltInKeywords$verifyElementText$4.call(Unknown Source)
	at Kiểm tra việc tài khoản bị ban sau khi chọn Suspended account.run(Kiểm tra việc tài khoản bị ban sau khi chọn Suspended account:69)
	at com.kms.katalon.core.main.ScriptEngine.run(ScriptEngine.java:194)
	at com.kms.katalon.core.main.ScriptEngine.runScriptAsRawText(ScriptEngine.java:119)
	at com.kms.katalon.core.main.TestCaseExecutor.runScript(TestCaseExecutor.java:442)
	at com.kms.katalon.core.main.TestCaseExecutor.doExecute(TestCaseExecutor.java:433)
	at com.kms.katalon.core.main.TestCaseExecutor.processExecutionPhase(TestCaseExecutor.java:412)
	at com.kms.katalon.core.main.TestCaseExecutor.accessMainPhase(TestCaseExecutor.java:404)
	at com.kms.katalon.core.main.TestCaseExecutor.execute(TestCaseExecutor.java:281)
	at com.kms.katalon.core.main.TestSuiteExecutor.accessTestCaseMainPhase(TestSuiteExecutor.java:202)
	at com.kms.katalon.core.main.TestSuiteExecutor.accessTestSuiteMainPhase(TestSuiteExecutor.java:164)
	at com.kms.katalon.core.main.TestSuiteExecutor.execute(TestSuiteExecutor.java:105)
	at com.kms.katalon.core.main.TestCaseMain.startTestSuite(TestCaseMain.java:181)
	at com.kms.katalon.core.main.TestCaseMain$startTestSuite$0.call(Unknown Source)
	at TempTestSuite1642246556726.run(TempTestSuite1642246556726.groovy:36)
Caused by: com.kms.katalon.core.exception.StepFailedException: Actual text 'Try again' and expected text 'Invalid login, please try again' of test object 'Object Repository/AddSuspendedUserAccount/Page_Automation Testing Site Log in to the site/div_Invalid login, please try again' are NOT matched.
	at com.kms.katalon.core.webui.keyword.internal.WebUIKeywordMain.stepFailed(WebUIKeywordMain.groovy:64)
	at com.kms.katalon.core.webui.keyword.builtin.VerifyElementTextKeyword$_verifyElementText_closure1.doCall(VerifyElementTextKeyword.groovy:57)
	at com.kms.katalon.core.webui.keyword.builtin.VerifyElementTextKeyword$_verifyElementText_closure1.call(VerifyElementTextKeyword.groovy)
	at com.kms.katalon.core.webui.keyword.internal.WebUIKeywordMain.runKeyword(WebUIKeywordMain.groovy:20)
	... 19 more
)

2022-01-15 19:01:49 - [MESSAGE][FAILED] - Actual text 'Try again' and expected text 'Invalid login, please try again' of test object 'Object Repository/AddSuspendedUserAccount/Page_Automation Testing Site Log in to the site/div_Invalid login, please try again' are NOT matched. (Root cause: com.kms.katalon.core.exception.StepFailedException: Actual text 'Try again' and expected text 'Invalid login, please try again' of test object 'Object Repository/AddSuspendedUserAccount/Page_Automation Testing Site Log in to the site/div_Invalid login, please try again' are NOT matched.
	at com.kms.katalon.core.webui.keyword.internal.WebUIKeywordMain.stepFailed(WebUIKeywordMain.groovy:64)
	at com.kms.katalon.core.webui.keyword.builtin.VerifyElementTextKeyword$_verifyElementText_closure1.doCall(VerifyElementTextKeyword.groovy:57)
	at com.kms.katalon.core.webui.keyword.builtin.VerifyElementTextKeyword$_verifyElementText_closure1.call(VerifyElementTextKeyword.groovy)
	at com.kms.katalon.core.webui.keyword.internal.WebUIKeywordMain.runKeyword(WebUIKeywordMain.groovy:20)
	at com.kms.katalon.core.webui.keyword.builtin.VerifyElementTextKeyword.verifyElementText(VerifyElementTextKeyword.groovy:72)
	at com.kms.katalon.core.webui.keyword.builtin.VerifyElementTextKeyword.execute(VerifyElementTextKeyword.groovy:40)
	at com.kms.katalon.core.keyword.internal.KeywordExecutor.executeKeywordForPlatform(KeywordExecutor.groovy:74)
	at com.kms.katalon.core.webui.keyword.WebUiBuiltInKeywords.verifyElementText(WebUiBuiltInKeywords.groovy:4749)
	at com.kms.katalon.core.webui.keyword.WebUiBuiltInKeywords$verifyElementText$4.call(Unknown Source)
	at Kiểm tra việc tài khoản bị ban sau khi chọn Suspended account.run(Kiểm tra việc tài khoản bị ban sau khi chọn Suspended account:69)
	at com.kms.katalon.core.main.ScriptEngine.run(ScriptEngine.java:194)
	at com.kms.katalon.core.main.ScriptEngine.runScriptAsRawText(ScriptEngine.java:119)
	at com.kms.katalon.core.main.TestCaseExecutor.runScript(TestCaseExecutor.java:442)
	at com.kms.katalon.core.main.TestCaseExecutor.doExecute(TestCaseExecutor.java:433)
	at com.kms.katalon.core.main.TestCaseExecutor.processExecutionPhase(TestCaseExecutor.java:412)
	at com.kms.katalon.core.main.TestCaseExecutor.accessMainPhase(TestCaseExecutor.java:404)
	at com.kms.katalon.core.main.TestCaseExecutor.execute(TestCaseExecutor.java:281)
	at com.kms.katalon.core.main.TestSuiteExecutor.accessTestCaseMainPhase(TestSuiteExecutor.java:202)
	at com.kms.katalon.core.main.TestSuiteExecutor.accessTestSuiteMainPhase(TestSuiteExecutor.java:164)
	at com.kms.katalon.core.main.TestSuiteExecutor.execute(TestSuiteExecutor.java:105)
	at com.kms.katalon.core.main.TestCaseMain.startTestSuite(TestCaseMain.java:181)
	at com.kms.katalon.core.main.TestCaseMain$startTestSuite$0.call(Unknown Source)
	at TempTestSuite1642246556726.run(TempTestSuite1642246556726.groovy:36)
)
[[ATTACHMENT|E:\\MoodleTestByKatalon\\Reports\\20220115_183556\\Run all test cases\\20220115_183556\\1642248109450.png]]

2022-01-15 19:01:49 - [MESSAGE][FAILED] - Verify element text of test object 'Object Repository/AddSuspendedUserAccount/Page_Automation Testing Site Log in to the site/div_Invalid login, please try again' FAILED. (Root cause: com.kms.katalon.core.exception.StepFailedException: Verify element text of test object 'Object Repository/AddSuspendedUserAccount/Page_Automation Testing Site Log in to the site/div_Invalid login, please try again' FAILED.
	at com.kms.katalon.core.webui.keyword.internal.WebUIKeywordMain.stepFailed(WebUIKeywordMain.groovy:64)
	at com.kms.katalon.core.webui.keyword.internal.WebUIKeywordMain.runKeyword(WebUIKeywordMain.groovy:26)
	at com.kms.katalon.core.webui.keyword.builtin.VerifyElementTextKeyword.verifyElementText(VerifyElementTextKeyword.groovy:72)
	at com.kms.katalon.core.webui.keyword.builtin.VerifyElementTextKeyword.execute(VerifyElementTextKeyword.groovy:40)
	at com.kms.katalon.core.keyword.internal.KeywordExecutor.executeKeywordForPlatform(KeywordExecutor.groovy:74)
	at com.kms.katalon.core.webui.keyword.WebUiBuiltInKeywords.verifyElementText(WebUiBuiltInKeywords.groovy:4749)
	at com.kms.katalon.core.webui.keyword.WebUiBuiltInKeywords$verifyElementText$4.call(Unknown Source)
	at Kiểm tra việc tài khoản bị ban sau khi chọn Suspended account.run(Kiểm tra việc tài khoản bị ban sau khi chọn Suspended account:69)
	at com.kms.katalon.core.main.ScriptEngine.run(ScriptEngine.java:194)
	at com.kms.katalon.core.main.ScriptEngine.runScriptAsRawText(ScriptEngine.java:119)
	at com.kms.katalon.core.main.TestCaseExecutor.runScript(TestCaseExecutor.java:442)
	at com.kms.katalon.core.main.TestCaseExecutor.doExecute(TestCaseExecutor.java:433)
	at com.kms.katalon.core.main.TestCaseExecutor.processExecutionPhase(TestCaseExecutor.java:412)
	at com.kms.katalon.core.main.TestCaseExecutor.accessMainPhase(TestCaseExecutor.java:404)
	at com.kms.katalon.core.main.TestCaseExecutor.execute(TestCaseExecutor.java:281)
	at com.kms.katalon.core.main.TestSuiteExecutor.accessTestCaseMainPhase(TestSuiteExecutor.java:202)
	at com.kms.katalon.core.main.TestSuiteExecutor.accessTestSuiteMainPhase(TestSuiteExecutor.java:164)
	at com.kms.katalon.core.main.TestSuiteExecutor.execute(TestSuiteExecutor.java:105)
	at com.kms.katalon.core.main.TestCaseMain.startTestSuite(TestCaseMain.java:181)
	at com.kms.katalon.core.main.TestCaseMain$startTestSuite$0.call(Unknown Source)
	at TempTestSuite1642246556726.run(TempTestSuite1642246556726.groovy:36)
Caused by: com.kms.katalon.core.exception.StepFailedException: Actual text 'Try again' and expected text 'Invalid login, please try again' of test object 'Object Repository/AddSuspendedUserAccount/Page_Automation Testing Site Log in to the site/div_Invalid login, please try again' are NOT matched.
	at com.kms.katalon.core.webui.keyword.internal.WebUIKeywordMain.stepFailed(WebUIKeywordMain.groovy:64)
	at com.kms.katalon.core.webui.keyword.builtin.VerifyElementTextKeyword$_verifyElementText_closure1.doCall(VerifyElementTextKeyword.groovy:57)
	at com.kms.katalon.core.webui.keyword.builtin.VerifyElementTextKeyword$_verifyElementText_closure1.call(VerifyElementTextKeyword.groovy)
	at com.kms.katalon.core.webui.keyword.internal.WebUIKeywordMain.runKeyword(WebUIKeywordMain.groovy:20)
	... 19 more
)
[[ATTACHMENT|E:\\MoodleTestByKatalon\\Reports\\20220115_183556\\Run all test cases\\20220115_183556\\1642248109559.png]]]]></system-out>
         <system-err><![CDATA[2022-01-15 19:01:24 - [TEST_CASE][FAILED] - Test Cases/Tạo 1 User mới/Kiểm tra việc tài khoản bị ban sau khi chọn Suspended account: Test Cases/Tạo 1 User mới/Kiểm tra việc tài khoản bị ban sau khi chọn Suspended account FAILED.
Reason:
com.kms.katalon.core.exception.StepFailedException: Verify element text of test object 'Object Repository/AddSuspendedUserAccount/Page_Automation Testing Site Log in to the site/div_Invalid login, please try again' FAILED.
	at com.kms.katalon.core.webui.keyword.internal.WebUIKeywordMain.stepFailed(WebUIKeywordMain.groovy:64)
	at com.kms.katalon.core.webui.keyword.internal.WebUIKeywordMain.runKeyword(WebUIKeywordMain.groovy:26)
	at com.kms.katalon.core.webui.keyword.builtin.VerifyElementTextKeyword.verifyElementText(VerifyElementTextKeyword.groovy:72)
	at com.kms.katalon.core.webui.keyword.builtin.VerifyElementTextKeyword.execute(VerifyElementTextKeyword.groovy:40)
	at com.kms.katalon.core.keyword.internal.KeywordExecutor.executeKeywordForPlatform(KeywordExecutor.groovy:74)
	at com.kms.katalon.core.webui.keyword.WebUiBuiltInKeywords.verifyElementText(WebUiBuiltInKeywords.groovy:4749)
	at com.kms.katalon.core.webui.keyword.WebUiBuiltInKeywords$verifyElementText$4.call(Unknown Source)
	at Kiểm tra việc tài khoản bị ban sau khi chọn Suspended account.run(Kiểm tra việc tài khoản bị ban sau khi chọn Suspended account:69)
	at com.kms.katalon.core.main.ScriptEngine.run(ScriptEngine.java:194)
	at com.kms.katalon.core.main.ScriptEngine.runScriptAsRawText(ScriptEngine.java:119)
	at com.kms.katalon.core.main.TestCaseExecutor.runScript(TestCaseExecutor.java:442)
	at com.kms.katalon.core.main.TestCaseExecutor.doExecute(TestCaseExecutor.java:433)
	at com.kms.katalon.core.main.TestCaseExecutor.processExecutionPhase(TestCaseExecutor.java:412)
	at com.kms.katalon.core.main.TestCaseExecutor.accessMainPhase(TestCaseExecutor.java:404)
	at com.kms.katalon.core.main.TestCaseExecutor.execute(TestCaseExecutor.java:281)
	at com.kms.katalon.core.main.TestSuiteExecutor.accessTestCaseMainPhase(TestSuiteExecutor.java:202)
	at com.kms.katalon.core.main.TestSuiteExecutor.accessTestSuiteMainPhase(TestSuiteExecutor.java:164)
	at com.kms.katalon.core.main.TestSuiteExecutor.execute(TestSuiteExecutor.java:105)
	at com.kms.katalon.core.main.TestCaseMain.startTestSuite(TestCaseMain.java:181)
	at com.kms.katalon.core.main.TestCaseMain$startTestSuite$0.call(Unknown Source)
	at TempTestSuite1642246556726.run(TempTestSuite1642246556726.groovy:36)
Caused by: com.kms.katalon.core.exception.StepFailedException: Actual text 'Try again' and expected text 'Invalid login, please try again' of test object 'Object Repository/AddSuspendedUserAccount/Page_Automation Testing Site Log in to the site/div_Invalid login, please try again' are NOT matched.
	at com.kms.katalon.core.webui.keyword.internal.WebUIKeywordMain.stepFailed(WebUIKeywordMain.groovy:64)
	at com.kms.katalon.core.webui.keyword.builtin.VerifyElementTextKeyword$_verifyElementText_closure1.doCall(VerifyElementTextKeyword.groovy:57)
	at com.kms.katalon.core.webui.keyword.builtin.VerifyElementTextKeyword$_verifyElementText_closure1.call(VerifyElementTextKeyword.groovy)
	at com.kms.katalon.core.webui.keyword.internal.WebUIKeywordMain.runKeyword(WebUIKeywordMain.groovy:20)
	... 19 more]]></system-err>
      </testcase>
      <testcase name="Test Cases/Tạo 1 User mới/Kiểm tra việc gán quyền thành công trong 1 course" time="18.516" classname="Test Cases/Tạo 1 User mới/Kiểm tra việc gán quyền thành công trong 1 course" status="PASSED">
         <system-out><![CDATA[2022-01-15 19:01:49 - [TEST_CASE][PASSED] - Test Cases/Tạo 1 User mới/Kiểm tra việc gán quyền thành công trong 1 course: Test Cases/Tạo 1 User mới/Kiểm tra việc gán quyền thành công trong 1 course

2022-01-15 19:01:49 - [TEST_STEP][PASSED] - callTestCase(findTestCase("Kiểm tra thẻ Site Administration/Đăng nhập thành công"), [:], STOP_ON_FAILURE): Call Test Case 'Test Cases/Kiểm tra thẻ Site Administration/Đăng nhập thành công' successfully

2022-01-15 19:01:49 - [TEST_CASE][PASSED] - Test Cases/Kiểm tra thẻ Site Administration/Đăng nhập thành công: Test Cases/Kiểm tra thẻ Site Administration/Đăng nhập thành công

2022-01-15 19:01:49 - [TEST_STEP][PASSED] - openBrowser(""): Browser is opened with url: ''

2022-01-15 19:01:49 - [MESSAGE][WARNING] - A browser is already opened. Closing browser and opening a new one

2022-01-15 19:01:50 - [MESSAGE][INFO] - Starting 'Edge Chromium' driver

2022-01-15 19:01:52 - [MESSAGE][INFO] - Action delay is set to 0 milliseconds

2022-01-15 19:01:53 - [MESSAGE][PASSED] - Browser is opened with url: ''

2022-01-15 19:01:53 - [TEST_STEP][PASSED] - navigateToUrl("http://localhost/"): Navigate to 'http://localhost/' successfully

2022-01-15 19:01:54 - [MESSAGE][PASSED] - Navigate to 'http://localhost/' successfully

2022-01-15 19:01:54 - [TEST_STEP][PASSED] - click(findTestObject("Object Repository/LoginObject/Page_Automation Testing Site/a_Log in")): Object: 'Object Repository/LoginObject/Page_Automation Testing Site/a_Log in' is clicked on

2022-01-15 19:01:55 - [MESSAGE][PASSED] - Object: 'Object Repository/LoginObject/Page_Automation Testing Site/a_Log in' is clicked on

2022-01-15 19:01:55 - [TEST_STEP][PASSED] - setText(findTestObject("Object Repository/LoginObject/Page_Automation Testing Site Log in to the site/input_Username_username"), "admin"): Text 'admin' is set on object 'Object Repository/LoginObject/Page_Automation Testing Site Log in to the site/input_Username_username'

2022-01-15 19:01:56 - [MESSAGE][PASSED] - Text 'admin' is set on object 'Object Repository/LoginObject/Page_Automation Testing Site Log in to the site/input_Username_username'

2022-01-15 19:01:56 - [TEST_STEP][PASSED] - setEncryptedText(findTestObject("Object Repository/LoginObject/Page_Automation Testing Site Log in to the site/input_Password_password"), "cnpXG5HhkrZpEXzNIGBMZQ=="): Text ****** has been set on object 'Object Repository/LoginObject/Page_Automation Testing Site Log in to the site/input_Password_password'

2022-01-15 19:01:56 - [MESSAGE][PASSED] - Text ****** has been set on object 'Object Repository/LoginObject/Page_Automation Testing Site Log in to the site/input_Password_password'

2022-01-15 19:01:56 - [TEST_STEP][PASSED] - click(findTestObject("Object Repository/LoginObject/Page_Automation Testing Site Log in to the site/button_Log in")): Object: 'Object Repository/LoginObject/Page_Automation Testing Site Log in to the site/button_Log in' is clicked on

2022-01-15 19:01:57 - [MESSAGE][PASSED] - Object: 'Object Repository/LoginObject/Page_Automation Testing Site Log in to the site/button_Log in' is clicked on

2022-01-15 19:01:57 - [TEST_STEP][PASSED] - verifyElementText(findTestObject("Object Repository/LoginObject/Page_Dashboard/span_Site administration"), "Site administration"): Actual text and expected text of test object 'Object Repository/LoginObject/Page_Dashboard/span_Site administration' are matched.

2022-01-15 19:01:59 - [MESSAGE][PASSED] - Actual text and expected text of test object 'Object Repository/LoginObject/Page_Dashboard/span_Site administration' are matched.

2022-01-15 19:01:59 - [MESSAGE][PASSED] - Call Test Case 'Test Cases/Kiểm tra thẻ Site Administration/Đăng nhập thành công' successfully

2022-01-15 19:01:59 - [TEST_STEP][PASSED] - click(findTestObject("Object Repository/AddToCourseObj/Page_Dashboard/span_Site home")): Object: 'Object Repository/AddToCourseObj/Page_Dashboard/span_Site home' is clicked on

2022-01-15 19:02:00 - [MESSAGE][PASSED] - Object: 'Object Repository/AddToCourseObj/Page_Dashboard/span_Site home' is clicked on

2022-01-15 19:02:00 - [TEST_STEP][PASSED] - click(findTestObject("Object Repository/AddToCourseObj/Page_Automation Testing Site/a_Sample Course For Permission")): Object: 'Object Repository/AddToCourseObj/Page_Automation Testing Site/a_Sample Course For Permission' is clicked on

2022-01-15 19:02:01 - [MESSAGE][PASSED] - Object: 'Object Repository/AddToCourseObj/Page_Automation Testing Site/a_Sample Course For Permission' is clicked on

2022-01-15 19:02:01 - [TEST_STEP][PASSED] - click(findTestObject("Object Repository/AddToCourseObj/Page_Course Sample Course For Permission/span_Participants")): Object: 'Object Repository/AddToCourseObj/Page_Course Sample Course For Permission/span_Participants' is clicked on

2022-01-15 19:02:02 - [MESSAGE][PASSED] - Object: 'Object Repository/AddToCourseObj/Page_Course Sample Course For Permission/span_Participants' is clicked on

2022-01-15 19:02:02 - [TEST_STEP][PASSED] - click(findTestObject("Object Repository/AddToCourseObj/Page_SampleC Participants/input_With selected users_btn btn-secondary my-1")): Object: 'Object Repository/AddToCourseObj/Page_SampleC Participants/input_With selected users_btn btn-secondary my-1' is clicked on

2022-01-15 19:02:02 - [MESSAGE][PASSED] - Object: 'Object Repository/AddToCourseObj/Page_SampleC Participants/input_With selected users_btn btn-secondary my-1' is clicked on

2022-01-15 19:02:02 - [TEST_STEP][PASSED] - selectOptionByValue(findTestObject("Object Repository/AddToCourseObj/Page_SampleC Participants/select_Manager            Teacher          _ffc00f"), "4", true): All options with value '4' are selected in object 'Object Repository/AddToCourseObj/Page_SampleC Participants/select_Manager            Teacher          _ffc00f'  using regular expression

2022-01-15 19:02:04 - [MESSAGE][PASSED] - All options with value '4' are selected in object 'Object Repository/AddToCourseObj/Page_SampleC Participants/select_Manager            Teacher          _ffc00f'  using regular expression

2022-01-15 19:02:04 - [TEST_STEP][PASSED] - click(findTestObject("Object Repository/AddToCourseObj/Page_SampleC Participants/span_")): Object: 'Object Repository/AddToCourseObj/Page_SampleC Participants/span_' is clicked on

2022-01-15 19:02:05 - [MESSAGE][PASSED] - Object: 'Object Repository/AddToCourseObj/Page_SampleC Participants/span_' is clicked on

2022-01-15 19:02:05 - [TEST_STEP][PASSED] - click(findTestObject("Object Repository/AddToCourseObj/Page_SampleC Participants/li_Quang Le1    testinggmail.com")): Object: 'Object Repository/AddToCourseObj/Page_SampleC Participants/li_Quang Le1    testinggmail.com' is clicked on

2022-01-15 19:02:06 - [MESSAGE][PASSED] - Object: 'Object Repository/AddToCourseObj/Page_SampleC Participants/li_Quang Le1    testinggmail.com' is clicked on

2022-01-15 19:02:06 - [TEST_STEP][PASSED] - click(findTestObject("Object Repository/AddToCourseObj/Page_SampleC Participants/button_Enrol users")): Object: 'Object Repository/AddToCourseObj/Page_SampleC Participants/button_Enrol users' is clicked on

2022-01-15 19:02:07 - [MESSAGE][PASSED] - Object: 'Object Repository/AddToCourseObj/Page_SampleC Participants/button_Enrol users' is clicked on

2022-01-15 19:02:07 - [TEST_STEP][PASSED] - verifyTextPresent("testing@gmail.com", false): Text 'testing@gmail.com' is present on page 

2022-01-15 19:02:08 - [MESSAGE][PASSED] - Text 'testing@gmail.com' is present on page]]></system-out>
         <system-err><![CDATA[]]></system-err>
      </testcase>
      <testcase name="Test Cases/Phần thiết lập khác/Test bộ lọc trong User của Moodle" time="84.624" classname="Test Cases/Phần thiết lập khác/Test bộ lọc trong User của Moodle" status="FAILED">
         <failure type="FAILED" message="Test Cases/Phần thiết lập khác/Test bộ lọc trong User của Moodle FAILED.
Reason:
com.kms.katalon.core.exception.StepFailedException: Unable to click on object 'Object Repository/TestFilter/Page_SiteTesting Administration Users Accou_36dc4d/input_concat(Email address starts with , , _fe21c5'
	at com.kms.katalon.core.webui.keyword.internal.WebUIKeywordMain.stepFailed(WebUIKeywordMain.groovy:64)
	at com.kms.katalon.core.webui.keyword.internal.WebUIKeywordMain.runKeyword(WebUIKeywordMain.groovy:26)
	at com.kms.katalon.core.webui.keyword.builtin.ClickKeyword.click(ClickKeyword.groovy:74)
	at com.kms.katalon.core.webui.keyword.builtin.ClickKeyword.execute(ClickKeyword.groovy:40)
	at com.kms.katalon.core.keyword.internal.KeywordExecutor.executeKeywordForPlatform(KeywordExecutor.groovy:74)
	at com.kms.katalon.core.webui.keyword.WebUiBuiltInKeywords.click(WebUiBuiltInKeywords.groovy:620)
	at com.kms.katalon.core.webui.keyword.WebUiBuiltInKeywords$click$1.call(Unknown Source)
	at Test bộ lọc trong User của Moodle.run(Test bộ lọc trong User của Moodle:45)
	at com.kms.katalon.core.main.ScriptEngine.run(ScriptEngine.java:194)
	at com.kms.katalon.core.main.ScriptEngine.runScriptAsRawText(ScriptEngine.java:119)
	at com.kms.katalon.core.main.TestCaseExecutor.runScript(TestCaseExecutor.java:442)
	at com.kms.katalon.core.main.TestCaseExecutor.doExecute(TestCaseExecutor.java:433)
	at com.kms.katalon.core.main.TestCaseExecutor.processExecutionPhase(TestCaseExecutor.java:412)
	at com.kms.katalon.core.main.TestCaseExecutor.accessMainPhase(TestCaseExecutor.java:404)
	at com.kms.katalon.core.main.TestCaseExecutor.execute(TestCaseExecutor.java:281)
	at com.kms.katalon.core.main.TestSuiteExecutor.accessTestCaseMainPhase(TestSuiteExecutor.java:202)
	at com.kms.katalon.core.main.TestSuiteExecutor.accessTestSuiteMainPhase(TestSuiteExecutor.java:164)
	at com.kms.katalon.core.main.TestSuiteExecutor.execute(TestSuiteExecutor.java:105)
	at com.kms.katalon.core.main.TestCaseMain.startTestSuite(TestCaseMain.java:181)
	at com.kms.katalon.core.main.TestCaseMain$startTestSuite$0.call(Unknown Source)
	at TempTestSuite1642246556726.run(TempTestSuite1642246556726.groovy:36)
Caused by: com.kms.katalon.core.webui.exception.WebElementNotFoundException: Web element with id: 'Object Repository/TestFilter/Page_SiteTesting Administration Users Accou_36dc4d/input_concat(Email address starts with , , _fe21c5' located by '//input[@id='id_removeall']' not found
	at com.kms.katalon.core.webui.common.WebUiCommonHelper.findWebElement(WebUiCommonHelper.java:1368)
	at com.kms.katalon.core.webui.keyword.internal.WebUIAbstractKeyword.findWebElement(WebUIAbstractKeyword.groovy:27)
	at com.kms.katalon.core.webui.keyword.builtin.ClickKeyword$_click_closure1.doCall(ClickKeyword.groovy:65)
	at com.kms.katalon.core.webui.keyword.builtin.ClickKeyword$_click_closure1.call(ClickKeyword.groovy)
	at com.kms.katalon.core.webui.keyword.internal.WebUIKeywordMain.runKeyword(WebUIKeywordMain.groovy:20)
	... 19 more
"/>
         <system-out><![CDATA[2022-01-15 19:02:08 - [TEST_CASE][FAILED] - Test Cases/Phần thiết lập khác/Test bộ lọc trong User của Moodle: Test Cases/Phần thiết lập khác/Test bộ lọc trong User của Moodle FAILED.
Reason:
com.kms.katalon.core.exception.StepFailedException: Unable to click on object 'Object Repository/TestFilter/Page_SiteTesting Administration Users Accou_36dc4d/input_concat(Email address starts with , , _fe21c5'
	at com.kms.katalon.core.webui.keyword.internal.WebUIKeywordMain.stepFailed(WebUIKeywordMain.groovy:64)
	at com.kms.katalon.core.webui.keyword.internal.WebUIKeywordMain.runKeyword(WebUIKeywordMain.groovy:26)
	at com.kms.katalon.core.webui.keyword.builtin.ClickKeyword.click(ClickKeyword.groovy:74)
	at com.kms.katalon.core.webui.keyword.builtin.ClickKeyword.execute(ClickKeyword.groovy:40)
	at com.kms.katalon.core.keyword.internal.KeywordExecutor.executeKeywordForPlatform(KeywordExecutor.groovy:74)
	at com.kms.katalon.core.webui.keyword.WebUiBuiltInKeywords.click(WebUiBuiltInKeywords.groovy:620)
	at com.kms.katalon.core.webui.keyword.WebUiBuiltInKeywords$click$1.call(Unknown Source)
	at Test bộ lọc trong User của Moodle.run(Test bộ lọc trong User của Moodle:45)
	at com.kms.katalon.core.main.ScriptEngine.run(ScriptEngine.java:194)
	at com.kms.katalon.core.main.ScriptEngine.runScriptAsRawText(ScriptEngine.java:119)
	at com.kms.katalon.core.main.TestCaseExecutor.runScript(TestCaseExecutor.java:442)
	at com.kms.katalon.core.main.TestCaseExecutor.doExecute(TestCaseExecutor.java:433)
	at com.kms.katalon.core.main.TestCaseExecutor.processExecutionPhase(TestCaseExecutor.java:412)
	at com.kms.katalon.core.main.TestCaseExecutor.accessMainPhase(TestCaseExecutor.java:404)
	at com.kms.katalon.core.main.TestCaseExecutor.execute(TestCaseExecutor.java:281)
	at com.kms.katalon.core.main.TestSuiteExecutor.accessTestCaseMainPhase(TestSuiteExecutor.java:202)
	at com.kms.katalon.core.main.TestSuiteExecutor.accessTestSuiteMainPhase(TestSuiteExecutor.java:164)
	at com.kms.katalon.core.main.TestSuiteExecutor.execute(TestSuiteExecutor.java:105)
	at com.kms.katalon.core.main.TestCaseMain.startTestSuite(TestCaseMain.java:181)
	at com.kms.katalon.core.main.TestCaseMain$startTestSuite$0.call(Unknown Source)
	at TempTestSuite1642246556726.run(TempTestSuite1642246556726.groovy:36)
Caused by: com.kms.katalon.core.webui.exception.WebElementNotFoundException: Web element with id: 'Object Repository/TestFilter/Page_SiteTesting Administration Users Accou_36dc4d/input_concat(Email address starts with , , _fe21c5' located by '//input[@id='id_removeall']' not found
	at com.kms.katalon.core.webui.common.WebUiCommonHelper.findWebElement(WebUiCommonHelper.java:1368)
	at com.kms.katalon.core.webui.keyword.internal.WebUIAbstractKeyword.findWebElement(WebUIAbstractKeyword.groovy:27)
	at com.kms.katalon.core.webui.keyword.builtin.ClickKeyword$_click_closure1.doCall(ClickKeyword.groovy:65)
	at com.kms.katalon.core.webui.keyword.builtin.ClickKeyword$_click_closure1.call(ClickKeyword.groovy)
	at com.kms.katalon.core.webui.keyword.internal.WebUIKeywordMain.runKeyword(WebUIKeywordMain.groovy:20)
	... 19 more


2022-01-15 19:02:08 - [TEST_STEP][PASSED] - callTestCase(findTestCase("Kiểm tra thẻ Site Administration/Đăng nhập thành công"), [:], STOP_ON_FAILURE): Call Test Case 'Test Cases/Kiểm tra thẻ Site Administration/Đăng nhập thành công' successfully

2022-01-15 19:02:08 - [TEST_CASE][PASSED] - Test Cases/Kiểm tra thẻ Site Administration/Đăng nhập thành công: Test Cases/Kiểm tra thẻ Site Administration/Đăng nhập thành công

2022-01-15 19:02:08 - [TEST_STEP][PASSED] - openBrowser(""): Browser is opened with url: ''

2022-01-15 19:02:08 - [MESSAGE][WARNING] - A browser is already opened. Closing browser and opening a new one

2022-01-15 19:02:09 - [MESSAGE][INFO] - Starting 'Edge Chromium' driver

2022-01-15 19:02:11 - [MESSAGE][INFO] - Action delay is set to 0 milliseconds

2022-01-15 19:02:12 - [MESSAGE][PASSED] - Browser is opened with url: ''

2022-01-15 19:02:12 - [TEST_STEP][PASSED] - navigateToUrl("http://localhost/"): Navigate to 'http://localhost/' successfully

2022-01-15 19:02:12 - [MESSAGE][PASSED] - Navigate to 'http://localhost/' successfully

2022-01-15 19:02:12 - [TEST_STEP][PASSED] - click(findTestObject("Object Repository/LoginObject/Page_Automation Testing Site/a_Log in")): Object: 'Object Repository/LoginObject/Page_Automation Testing Site/a_Log in' is clicked on

2022-01-15 19:02:13 - [MESSAGE][PASSED] - Object: 'Object Repository/LoginObject/Page_Automation Testing Site/a_Log in' is clicked on

2022-01-15 19:02:13 - [TEST_STEP][PASSED] - setText(findTestObject("Object Repository/LoginObject/Page_Automation Testing Site Log in to the site/input_Username_username"), "admin"): Text 'admin' is set on object 'Object Repository/LoginObject/Page_Automation Testing Site Log in to the site/input_Username_username'

2022-01-15 19:02:14 - [MESSAGE][PASSED] - Text 'admin' is set on object 'Object Repository/LoginObject/Page_Automation Testing Site Log in to the site/input_Username_username'

2022-01-15 19:02:14 - [TEST_STEP][PASSED] - setEncryptedText(findTestObject("Object Repository/LoginObject/Page_Automation Testing Site Log in to the site/input_Password_password"), "cnpXG5HhkrZpEXzNIGBMZQ=="): Text ****** has been set on object 'Object Repository/LoginObject/Page_Automation Testing Site Log in to the site/input_Password_password'

2022-01-15 19:02:14 - [MESSAGE][PASSED] - Text ****** has been set on object 'Object Repository/LoginObject/Page_Automation Testing Site Log in to the site/input_Password_password'

2022-01-15 19:02:14 - [TEST_STEP][PASSED] - click(findTestObject("Object Repository/LoginObject/Page_Automation Testing Site Log in to the site/button_Log in")): Object: 'Object Repository/LoginObject/Page_Automation Testing Site Log in to the site/button_Log in' is clicked on

2022-01-15 19:02:15 - [MESSAGE][PASSED] - Object: 'Object Repository/LoginObject/Page_Automation Testing Site Log in to the site/button_Log in' is clicked on

2022-01-15 19:02:15 - [TEST_STEP][PASSED] - verifyElementText(findTestObject("Object Repository/LoginObject/Page_Dashboard/span_Site administration"), "Site administration"): Actual text and expected text of test object 'Object Repository/LoginObject/Page_Dashboard/span_Site administration' are matched.

2022-01-15 19:02:17 - [MESSAGE][PASSED] - Actual text and expected text of test object 'Object Repository/LoginObject/Page_Dashboard/span_Site administration' are matched.

2022-01-15 19:02:17 - [MESSAGE][PASSED] - Call Test Case 'Test Cases/Kiểm tra thẻ Site Administration/Đăng nhập thành công' successfully

2022-01-15 19:02:17 - [TEST_STEP][PASSED] - click(findTestObject("Object Repository/TestFilter/Page_Dashboard/span_Site administration")): Object: 'Object Repository/TestFilter/Page_Dashboard/span_Site administration' is clicked on

2022-01-15 19:02:18 - [MESSAGE][PASSED] - Object: 'Object Repository/TestFilter/Page_Dashboard/span_Site administration' is clicked on

2022-01-15 19:02:18 - [TEST_STEP][PASSED] - navigateToUrl("http://localhost/admin/search.php"): Navigate to 'http://localhost/admin/search.php' successfully

2022-01-15 19:02:19 - [MESSAGE][PASSED] - Navigate to 'http://localhost/admin/search.php' successfully

2022-01-15 19:02:19 - [TEST_STEP][PASSED] - click(findTestObject("Object Repository/TestFilter/Page_SiteTesting Administration Search/a_Users")): Object: 'Object Repository/TestFilter/Page_SiteTesting Administration Search/a_Users' is clicked on

2022-01-15 19:02:19 - [MESSAGE][PASSED] - Object: 'Object Repository/TestFilter/Page_SiteTesting Administration Search/a_Users' is clicked on

2022-01-15 19:02:19 - [TEST_STEP][PASSED] - click(findTestObject("Object Repository/TestFilter/Page_SiteTesting Administration Search/a_Browse list of users")): Object: 'Object Repository/TestFilter/Page_SiteTesting Administration Search/a_Browse list of users' is clicked on

2022-01-15 19:02:21 - [MESSAGE][PASSED] - Object: 'Object Repository/TestFilter/Page_SiteTesting Administration Search/a_Browse list of users' is clicked on

2022-01-15 19:02:21 - [TEST_STEP][PASSED] - click(findTestObject("Object Repository/TestFilter/Page_SiteTesting Administration Users Accou_36dc4d/a_Show more")): Object: 'Object Repository/TestFilter/Page_SiteTesting Administration Users Accou_36dc4d/a_Show more' is clicked on

2022-01-15 19:02:21 - [MESSAGE][PASSED] - Object: 'Object Repository/TestFilter/Page_SiteTesting Administration Users Accou_36dc4d/a_Show more' is clicked on

2022-01-15 19:02:21 - [TEST_STEP][PASSED] - setText(findTestObject("Object Repository/TestFilter/Page_SiteTesting Administration Users Accou_36dc4d/input_User full name value_realname"), "Quang"): Text 'Quang' is set on object 'Object Repository/TestFilter/Page_SiteTesting Administration Users Accou_36dc4d/input_User full name value_realname'

2022-01-15 19:02:22 - [MESSAGE][PASSED] - Text 'Quang' is set on object 'Object Repository/TestFilter/Page_SiteTesting Administration Users Accou_36dc4d/input_User full name value_realname'

2022-01-15 19:02:22 - [TEST_STEP][PASSED] - selectOptionByValue(findTestObject("Object Repository/TestFilter/Page_SiteTesting Administration Users Accou_36dc4d/select_contains        doesnt contain      _4edb1a"), "3", true): All options with value '3' are selected in object 'Object Repository/TestFilter/Page_SiteTesting Administration Users Accou_36dc4d/select_contains        doesnt contain      _4edb1a'  using regular expression

2022-01-15 19:02:23 - [MESSAGE][PASSED] - All options with value '3' are selected in object 'Object Repository/TestFilter/Page_SiteTesting Administration Users Accou_36dc4d/select_contains        doesnt contain      _4edb1a'  using regular expression

2022-01-15 19:02:23 - [TEST_STEP][PASSED] - setText(findTestObject("Object Repository/TestFilter/Page_SiteTesting Administration Users Accou_36dc4d/input_Email address value_email"), "testing_des"): Text 'testing_des' is set on object 'Object Repository/TestFilter/Page_SiteTesting Administration Users Accou_36dc4d/input_Email address value_email'

2022-01-15 19:02:24 - [MESSAGE][PASSED] - Text 'testing_des' is set on object 'Object Repository/TestFilter/Page_SiteTesting Administration Users Accou_36dc4d/input_Email address value_email'

2022-01-15 19:02:24 - [TEST_STEP][PASSED] - click(findTestObject("Object Repository/TestFilter/Page_SiteTesting Administration Users Accou_36dc4d/input_Last IP address value_addfilter")): Object: 'Object Repository/TestFilter/Page_SiteTesting Administration Users Accou_36dc4d/input_Last IP address value_addfilter' is clicked on

2022-01-15 19:02:55 - [MESSAGE][INFO] - Unable to find the element located by 'By.xpath: //input[@id='id_addfilter']'. Please recheck the objects properties to make sure the desired element is located. 

2022-01-15 19:02:55 - [MESSAGE][WARNING] - [SELF-HEALING] Failed to find element with id 'Object Repository/TestFilter/Page_SiteTesting Administration Users Accou_36dc4d/input_Last IP address value_addfilter'. Try using Self-healing.

2022-01-15 19:02:56 - [MESSAGE][WARNING] - [SELF-HEALING] The current locator of test object 'Object Repository/TestFilter/Page_SiteTesting Administration Users Accou_36dc4d/input_Last IP address value_addfilter' was broken. Propose an alternative one: '//div[4]/div[2]/fieldset/div/div/span/input'.

2022-01-15 19:02:56 - [MESSAGE][PASSED] - Object: 'Object Repository/TestFilter/Page_SiteTesting Administration Users Accou_36dc4d/input_Last IP address value_addfilter' is clicked on

2022-01-15 19:02:56 - [TEST_STEP][PASSED] - verifyTextPresent("testing_description@gmail.com", false): Text 'testing_description@gmail.com' is present on page 

2022-01-15 19:02:57 - [MESSAGE][PASSED] - Text 'testing_description@gmail.com' is present on page 

2022-01-15 19:02:57 - [TEST_STEP][FAILED] - click(findTestObject("Object Repository/TestFilter/Page_SiteTesting Administration Users Accou_36dc4d/input_concat(Email address starts with , , _fe21c5")): Unable to click on object 'Object Repository/TestFilter/Page_SiteTesting Administration Users Accou_36dc4d/input_concat(Email address starts with , , _fe21c5' (Root cause: com.kms.katalon.core.exception.StepFailedException: Unable to click on object 'Object Repository/TestFilter/Page_SiteTesting Administration Users Accou_36dc4d/input_concat(Email address starts with , , _fe21c5'
	at com.kms.katalon.core.webui.keyword.internal.WebUIKeywordMain.stepFailed(WebUIKeywordMain.groovy:64)
	at com.kms.katalon.core.webui.keyword.internal.WebUIKeywordMain.runKeyword(WebUIKeywordMain.groovy:26)
	at com.kms.katalon.core.webui.keyword.builtin.ClickKeyword.click(ClickKeyword.groovy:74)
	at com.kms.katalon.core.webui.keyword.builtin.ClickKeyword.execute(ClickKeyword.groovy:40)
	at com.kms.katalon.core.keyword.internal.KeywordExecutor.executeKeywordForPlatform(KeywordExecutor.groovy:74)
	at com.kms.katalon.core.webui.keyword.WebUiBuiltInKeywords.click(WebUiBuiltInKeywords.groovy:620)
	at com.kms.katalon.core.webui.keyword.WebUiBuiltInKeywords$click$1.call(Unknown Source)
	at Test bộ lọc trong User của Moodle.run(Test bộ lọc trong User của Moodle:45)
	at com.kms.katalon.core.main.ScriptEngine.run(ScriptEngine.java:194)
	at com.kms.katalon.core.main.ScriptEngine.runScriptAsRawText(ScriptEngine.java:119)
	at com.kms.katalon.core.main.TestCaseExecutor.runScript(TestCaseExecutor.java:442)
	at com.kms.katalon.core.main.TestCaseExecutor.doExecute(TestCaseExecutor.java:433)
	at com.kms.katalon.core.main.TestCaseExecutor.processExecutionPhase(TestCaseExecutor.java:412)
	at com.kms.katalon.core.main.TestCaseExecutor.accessMainPhase(TestCaseExecutor.java:404)
	at com.kms.katalon.core.main.TestCaseExecutor.execute(TestCaseExecutor.java:281)
	at com.kms.katalon.core.main.TestSuiteExecutor.accessTestCaseMainPhase(TestSuiteExecutor.java:202)
	at com.kms.katalon.core.main.TestSuiteExecutor.accessTestSuiteMainPhase(TestSuiteExecutor.java:164)
	at com.kms.katalon.core.main.TestSuiteExecutor.execute(TestSuiteExecutor.java:105)
	at com.kms.katalon.core.main.TestCaseMain.startTestSuite(TestCaseMain.java:181)
	at com.kms.katalon.core.main.TestCaseMain$startTestSuite$0.call(Unknown Source)
	at TempTestSuite1642246556726.run(TempTestSuite1642246556726.groovy:36)
Caused by: com.kms.katalon.core.webui.exception.WebElementNotFoundException: Web element with id: 'Object Repository/TestFilter/Page_SiteTesting Administration Users Accou_36dc4d/input_concat(Email address starts with , , _fe21c5' located by '//input[@id='id_removeall']' not found
	at com.kms.katalon.core.webui.common.WebUiCommonHelper.findWebElement(WebUiCommonHelper.java:1368)
	at com.kms.katalon.core.webui.keyword.internal.WebUIAbstractKeyword.findWebElement(WebUIAbstractKeyword.groovy:27)
	at com.kms.katalon.core.webui.keyword.builtin.ClickKeyword$_click_closure1.doCall(ClickKeyword.groovy:65)
	at com.kms.katalon.core.webui.keyword.builtin.ClickKeyword$_click_closure1.call(ClickKeyword.groovy)
	at com.kms.katalon.core.webui.keyword.internal.WebUIKeywordMain.runKeyword(WebUIKeywordMain.groovy:20)
	at com.kms.katalon.core.webui.keyword.builtin.ClickKeyword.click(ClickKeyword.groovy:74)
	at com.kms.katalon.core.webui.keyword.builtin.ClickKeyword.execute(ClickKeyword.groovy:40)
	at com.kms.katalon.core.keyword.internal.KeywordExecutor.executeKeywordForPlatform(KeywordExecutor.groovy:74)
	at com.kms.katalon.core.webui.keyword.WebUiBuiltInKeywords.click(WebUiBuiltInKeywords.groovy:620)
	at com.kms.katalon.core.webui.keyword.WebUiBuiltInKeywords$click$1.call(Unknown Source)
	at Script1641949664159.run(Script1641949664159.groovy:45)
	... 13 more
)

2022-01-15 19:03:28 - [MESSAGE][INFO] - Unable to find the element located by 'By.xpath: //input[@id='id_removeall']'. Please recheck the objects properties to make sure the desired element is located. 

2022-01-15 19:03:28 - [MESSAGE][WARNING] - [SELF-HEALING] Failed to find element with id 'Object Repository/TestFilter/Page_SiteTesting Administration Users Accou_36dc4d/input_concat(Email address starts with , , _fe21c5'. Try using Self-healing.

2022-01-15 19:03:28 - [MESSAGE][INFO] - [SELF-HEALING] Failed Locator: '//input[@id='id_removeall']'.

2022-01-15 19:03:29 - [MESSAGE][INFO] - [SELF-HEALING] Failed Locator: '//span[@id='yui_3_17_2_1_1641950409776_571']/input'.

2022-01-15 19:03:29 - [MESSAGE][INFO] - [SELF-HEALING] Failed Locator: '//fieldset/div/div[3]/div[2]/fieldset/div/div[2]/span/input'.

2022-01-15 19:03:29 - [MESSAGE][INFO] - [SELF-HEALING] Failed Locator: '//input[@id='id_removeall']'.

2022-01-15 19:03:30 - [MESSAGE][INFO] - [SELF-HEALING] Failed Locator: '//span[@id='yui_3_17_2_1_1641950409776_571']/input'.

2022-01-15 19:03:30 - [MESSAGE][INFO] - [SELF-HEALING] Failed Locator: '//fieldset/div/div[3]/div[2]/fieldset/div/div[2]/span/input'.

2022-01-15 19:03:31 - [MESSAGE][INFO] - Unable to find the element located by 'By.xpath: //*[@type = 'submit' and @name = 'removeall' and @id = 'id_removeall']'. Please recheck the objects properties to make sure the desired element is located. 

2022-01-15 19:03:32 - [MESSAGE][INFO] - Unable to find the element located by 'By.cssSelector: #id_removeall'. Please recheck the objects properties to make sure the desired element is located. 

2022-01-15 19:03:32 - [MESSAGE][FAILED] - Unable to click on object 'Object Repository/TestFilter/Page_SiteTesting Administration Users Accou_36dc4d/input_concat(Email address starts with , , _fe21c5' (Root cause: com.kms.katalon.core.exception.StepFailedException: Unable to click on object 'Object Repository/TestFilter/Page_SiteTesting Administration Users Accou_36dc4d/input_concat(Email address starts with , , _fe21c5'
	at com.kms.katalon.core.webui.keyword.internal.WebUIKeywordMain.stepFailed(WebUIKeywordMain.groovy:64)
	at com.kms.katalon.core.webui.keyword.internal.WebUIKeywordMain.runKeyword(WebUIKeywordMain.groovy:26)
	at com.kms.katalon.core.webui.keyword.builtin.ClickKeyword.click(ClickKeyword.groovy:74)
	at com.kms.katalon.core.webui.keyword.builtin.ClickKeyword.execute(ClickKeyword.groovy:40)
	at com.kms.katalon.core.keyword.internal.KeywordExecutor.executeKeywordForPlatform(KeywordExecutor.groovy:74)
	at com.kms.katalon.core.webui.keyword.WebUiBuiltInKeywords.click(WebUiBuiltInKeywords.groovy:620)
	at com.kms.katalon.core.webui.keyword.WebUiBuiltInKeywords$click$1.call(Unknown Source)
	at Test bộ lọc trong User của Moodle.run(Test bộ lọc trong User của Moodle:45)
	at com.kms.katalon.core.main.ScriptEngine.run(ScriptEngine.java:194)
	at com.kms.katalon.core.main.ScriptEngine.runScriptAsRawText(ScriptEngine.java:119)
	at com.kms.katalon.core.main.TestCaseExecutor.runScript(TestCaseExecutor.java:442)
	at com.kms.katalon.core.main.TestCaseExecutor.doExecute(TestCaseExecutor.java:433)
	at com.kms.katalon.core.main.TestCaseExecutor.processExecutionPhase(TestCaseExecutor.java:412)
	at com.kms.katalon.core.main.TestCaseExecutor.accessMainPhase(TestCaseExecutor.java:404)
	at com.kms.katalon.core.main.TestCaseExecutor.execute(TestCaseExecutor.java:281)
	at com.kms.katalon.core.main.TestSuiteExecutor.accessTestCaseMainPhase(TestSuiteExecutor.java:202)
	at com.kms.katalon.core.main.TestSuiteExecutor.accessTestSuiteMainPhase(TestSuiteExecutor.java:164)
	at com.kms.katalon.core.main.TestSuiteExecutor.execute(TestSuiteExecutor.java:105)
	at com.kms.katalon.core.main.TestCaseMain.startTestSuite(TestCaseMain.java:181)
	at com.kms.katalon.core.main.TestCaseMain$startTestSuite$0.call(Unknown Source)
	at TempTestSuite1642246556726.run(TempTestSuite1642246556726.groovy:36)
Caused by: com.kms.katalon.core.webui.exception.WebElementNotFoundException: Web element with id: 'Object Repository/TestFilter/Page_SiteTesting Administration Users Accou_36dc4d/input_concat(Email address starts with , , _fe21c5' located by '//input[@id='id_removeall']' not found
	at com.kms.katalon.core.webui.common.WebUiCommonHelper.findWebElement(WebUiCommonHelper.java:1368)
	at com.kms.katalon.core.webui.keyword.internal.WebUIAbstractKeyword.findWebElement(WebUIAbstractKeyword.groovy:27)
	at com.kms.katalon.core.webui.keyword.builtin.ClickKeyword$_click_closure1.doCall(ClickKeyword.groovy:65)
	at com.kms.katalon.core.webui.keyword.builtin.ClickKeyword$_click_closure1.call(ClickKeyword.groovy)
	at com.kms.katalon.core.webui.keyword.internal.WebUIKeywordMain.runKeyword(WebUIKeywordMain.groovy:20)
	at com.kms.katalon.core.webui.keyword.builtin.ClickKeyword.click(ClickKeyword.groovy:74)
	at com.kms.katalon.core.webui.keyword.builtin.ClickKeyword.execute(ClickKeyword.groovy:40)
	at com.kms.katalon.core.keyword.internal.KeywordExecutor.executeKeywordForPlatform(KeywordExecutor.groovy:74)
	at com.kms.katalon.core.webui.keyword.WebUiBuiltInKeywords.click(WebUiBuiltInKeywords.groovy:620)
	at com.kms.katalon.core.webui.keyword.WebUiBuiltInKeywords$click$1.call(Unknown Source)
	at Script1641949664159.run(Script1641949664159.groovy:45)
	... 13 more
)
[[ATTACHMENT|E:\\MoodleTestByKatalon\\Reports\\20220115_183556\\Run all test cases\\20220115_183556\\1642248212709.png]]]]></system-out>
         <system-err><![CDATA[2022-01-15 19:02:08 - [TEST_CASE][FAILED] - Test Cases/Phần thiết lập khác/Test bộ lọc trong User của Moodle: Test Cases/Phần thiết lập khác/Test bộ lọc trong User của Moodle FAILED.
Reason:
com.kms.katalon.core.exception.StepFailedException: Unable to click on object 'Object Repository/TestFilter/Page_SiteTesting Administration Users Accou_36dc4d/input_concat(Email address starts with , , _fe21c5'
	at com.kms.katalon.core.webui.keyword.internal.WebUIKeywordMain.stepFailed(WebUIKeywordMain.groovy:64)
	at com.kms.katalon.core.webui.keyword.internal.WebUIKeywordMain.runKeyword(WebUIKeywordMain.groovy:26)
	at com.kms.katalon.core.webui.keyword.builtin.ClickKeyword.click(ClickKeyword.groovy:74)
	at com.kms.katalon.core.webui.keyword.builtin.ClickKeyword.execute(ClickKeyword.groovy:40)
	at com.kms.katalon.core.keyword.internal.KeywordExecutor.executeKeywordForPlatform(KeywordExecutor.groovy:74)
	at com.kms.katalon.core.webui.keyword.WebUiBuiltInKeywords.click(WebUiBuiltInKeywords.groovy:620)
	at com.kms.katalon.core.webui.keyword.WebUiBuiltInKeywords$click$1.call(Unknown Source)
	at Test bộ lọc trong User của Moodle.run(Test bộ lọc trong User của Moodle:45)
	at com.kms.katalon.core.main.ScriptEngine.run(ScriptEngine.java:194)
	at com.kms.katalon.core.main.ScriptEngine.runScriptAsRawText(ScriptEngine.java:119)
	at com.kms.katalon.core.main.TestCaseExecutor.runScript(TestCaseExecutor.java:442)
	at com.kms.katalon.core.main.TestCaseExecutor.doExecute(TestCaseExecutor.java:433)
	at com.kms.katalon.core.main.TestCaseExecutor.processExecutionPhase(TestCaseExecutor.java:412)
	at com.kms.katalon.core.main.TestCaseExecutor.accessMainPhase(TestCaseExecutor.java:404)
	at com.kms.katalon.core.main.TestCaseExecutor.execute(TestCaseExecutor.java:281)
	at com.kms.katalon.core.main.TestSuiteExecutor.accessTestCaseMainPhase(TestSuiteExecutor.java:202)
	at com.kms.katalon.core.main.TestSuiteExecutor.accessTestSuiteMainPhase(TestSuiteExecutor.java:164)
	at com.kms.katalon.core.main.TestSuiteExecutor.execute(TestSuiteExecutor.java:105)
	at com.kms.katalon.core.main.TestCaseMain.startTestSuite(TestCaseMain.java:181)
	at com.kms.katalon.core.main.TestCaseMain$startTestSuite$0.call(Unknown Source)
	at TempTestSuite1642246556726.run(TempTestSuite1642246556726.groovy:36)
Caused by: com.kms.katalon.core.webui.exception.WebElementNotFoundException: Web element with id: 'Object Repository/TestFilter/Page_SiteTesting Administration Users Accou_36dc4d/input_concat(Email address starts with , , _fe21c5' located by '//input[@id='id_removeall']' not found
	at com.kms.katalon.core.webui.common.WebUiCommonHelper.findWebElement(WebUiCommonHelper.java:1368)
	at com.kms.katalon.core.webui.keyword.internal.WebUIAbstractKeyword.findWebElement(WebUIAbstractKeyword.groovy:27)
	at com.kms.katalon.core.webui.keyword.builtin.ClickKeyword$_click_closure1.doCall(ClickKeyword.groovy:65)
	at com.kms.katalon.core.webui.keyword.builtin.ClickKeyword$_click_closure1.call(ClickKeyword.groovy)
	at com.kms.katalon.core.webui.keyword.internal.WebUIKeywordMain.runKeyword(WebUIKeywordMain.groovy:20)
	... 19 more]]></system-err>
      </testcase>
      <testcase name="Test Cases/NewCategory/1. Add category with blank fields" time="14.84" classname="Test Cases/NewCategory/1. Add category with blank fields" status="PASSED">
         <system-out><![CDATA[2022-01-15 19:03:32 - [TEST_CASE][PASSED] - Test Cases/NewCategory/1. Add category with blank fields: Test Cases/NewCategory/1. Add category with blank fields

2022-01-15 19:03:32 - [TEST_STEP][PASSED] - openBrowser(""): Browser is opened with url: ''

2022-01-15 19:03:32 - [MESSAGE][WARNING] - A browser is already opened. Closing browser and opening a new one

2022-01-15 19:03:33 - [MESSAGE][INFO] - Starting 'Edge Chromium' driver

2022-01-15 19:03:35 - [MESSAGE][INFO] - Action delay is set to 0 milliseconds

2022-01-15 19:03:36 - [MESSAGE][PASSED] - Browser is opened with url: ''

2022-01-15 19:03:36 - [TEST_STEP][PASSED] - navigateToUrl("http://localhost/"): Navigate to 'http://localhost/' successfully

2022-01-15 19:03:37 - [MESSAGE][PASSED] - Navigate to 'http://localhost/' successfully

2022-01-15 19:03:37 - [TEST_STEP][PASSED] - click(findTestObject("Object Repository/NewCategory/Page_Automation Testing Site/a_Log in")): Object: 'Object Repository/NewCategory/Page_Automation Testing Site/a_Log in' is clicked on

2022-01-15 19:03:38 - [MESSAGE][PASSED] - Object: 'Object Repository/NewCategory/Page_Automation Testing Site/a_Log in' is clicked on

2022-01-15 19:03:38 - [TEST_STEP][PASSED] - setText(findTestObject("Object Repository/NewCategory/Page_Automation Testing Site Log in to the site/input_Username_username"), "admin"): Text 'admin' is set on object 'Object Repository/NewCategory/Page_Automation Testing Site Log in to the site/input_Username_username'

2022-01-15 19:03:39 - [MESSAGE][PASSED] - Text 'admin' is set on object 'Object Repository/NewCategory/Page_Automation Testing Site Log in to the site/input_Username_username'

2022-01-15 19:03:39 - [TEST_STEP][PASSED] - setEncryptedText(findTestObject("Object Repository/NewCategory/Page_Automation Testing Site Log in to the site/input_Password_password"), "cnpXG5HhkrZpEXzNIGBMZQ=="): Text ****** has been set on object 'Object Repository/NewCategory/Page_Automation Testing Site Log in to the site/input_Password_password'

2022-01-15 19:03:39 - [MESSAGE][PASSED] - Text ****** has been set on object 'Object Repository/NewCategory/Page_Automation Testing Site Log in to the site/input_Password_password'

2022-01-15 19:03:39 - [TEST_STEP][PASSED] - click(findTestObject("Object Repository/NewCategory/Page_Automation Testing Site Log in to the site/button_Log in")): Object: 'Object Repository/NewCategory/Page_Automation Testing Site Log in to the site/button_Log in' is clicked on

2022-01-15 19:03:40 - [MESSAGE][PASSED] - Object: 'Object Repository/NewCategory/Page_Automation Testing Site Log in to the site/button_Log in' is clicked on

2022-01-15 19:03:40 - [TEST_STEP][PASSED] - click(findTestObject("Object Repository/NewCategory/Page_Dashboard/span_Site administration")): Object: 'Object Repository/NewCategory/Page_Dashboard/span_Site administration' is clicked on

2022-01-15 19:03:42 - [MESSAGE][PASSED] - Object: 'Object Repository/NewCategory/Page_Dashboard/span_Site administration' is clicked on

2022-01-15 19:03:42 - [TEST_STEP][PASSED] - click(findTestObject("Object Repository/NewCategory/Page_SiteTesting Administration Search/a_Courses")): Object: 'Object Repository/NewCategory/Page_SiteTesting Administration Search/a_Courses' is clicked on

2022-01-15 19:03:43 - [MESSAGE][PASSED] - Object: 'Object Repository/NewCategory/Page_SiteTesting Administration Search/a_Courses' is clicked on

2022-01-15 19:03:43 - [TEST_STEP][PASSED] - click(findTestObject("Object Repository/NewCategory/Page_SiteTesting Administration Search/a_Add a category")): Object: 'Object Repository/NewCategory/Page_SiteTesting Administration Search/a_Add a category' is clicked on

2022-01-15 19:03:44 - [MESSAGE][PASSED] - Object: 'Object Repository/NewCategory/Page_SiteTesting Administration Search/a_Add a category' is clicked on

2022-01-15 19:03:44 - [TEST_STEP][PASSED] - click(findTestObject("Object Repository/NewCategory/Page_SiteTesting Add new category/input_Description_submitbutton")): Object: 'Object Repository/NewCategory/Page_SiteTesting Add new category/input_Description_submitbutton' is clicked on

2022-01-15 19:03:45 - [MESSAGE][PASSED] - Object: 'Object Repository/NewCategory/Page_SiteTesting Add new category/input_Description_submitbutton' is clicked on

2022-01-15 19:03:45 - [TEST_STEP][PASSED] - verifyElementText(findTestObject("Object Repository/NewCategory/Page_SiteTesting Add new category/div_Required"), "Required"): Actual text and expected text of test object 'Object Repository/NewCategory/Page_SiteTesting Add new category/div_Required' are matched.

2022-01-15 19:03:46 - [MESSAGE][PASSED] - Actual text and expected text of test object 'Object Repository/NewCategory/Page_SiteTesting Add new category/div_Required' are matched.

2022-01-15 19:03:46 - [TEST_STEP][PASSED] - closeBrowser(STOP_ON_FAILURE): Browser is closed

2022-01-15 19:03:47 - [MESSAGE][PASSED] - Browser is closed]]></system-out>
         <system-err><![CDATA[]]></system-err>
      </testcase>
      <testcase name="Test Cases/NewCategory/2. Create successful" time="15.129" classname="Test Cases/NewCategory/2. Create successful" status="PASSED">
         <system-out><![CDATA[2022-01-15 19:03:47 - [TEST_CASE][PASSED] - Test Cases/NewCategory/2. Create successful: Test Cases/NewCategory/2. Create successful

2022-01-15 19:03:47 - [TEST_STEP][PASSED] - openBrowser(""): Browser is opened with url: ''

2022-01-15 19:03:47 - [MESSAGE][INFO] - Starting 'Edge Chromium' driver

2022-01-15 19:03:50 - [MESSAGE][INFO] - Action delay is set to 0 milliseconds

2022-01-15 19:03:50 - [MESSAGE][PASSED] - Browser is opened with url: ''

2022-01-15 19:03:50 - [TEST_STEP][PASSED] - navigateToUrl("http://localhost/"): Navigate to 'http://localhost/' successfully

2022-01-15 19:03:51 - [MESSAGE][PASSED] - Navigate to 'http://localhost/' successfully

2022-01-15 19:03:51 - [TEST_STEP][PASSED] - click(findTestObject("Object Repository/NewCategory/Page_Automation Testing Site/a_Log in")): Object: 'Object Repository/NewCategory/Page_Automation Testing Site/a_Log in' is clicked on

2022-01-15 19:03:52 - [MESSAGE][PASSED] - Object: 'Object Repository/NewCategory/Page_Automation Testing Site/a_Log in' is clicked on

2022-01-15 19:03:52 - [TEST_STEP][PASSED] - setText(findTestObject("Object Repository/NewCategory/Page_Automation Testing Site Log in to the site/input_Username_username"), "admin"): Text 'admin' is set on object 'Object Repository/NewCategory/Page_Automation Testing Site Log in to the site/input_Username_username'

2022-01-15 19:03:52 - [MESSAGE][PASSED] - Text 'admin' is set on object 'Object Repository/NewCategory/Page_Automation Testing Site Log in to the site/input_Username_username'

2022-01-15 19:03:52 - [TEST_STEP][PASSED] - setEncryptedText(findTestObject("Object Repository/NewCategory/Page_Automation Testing Site Log in to the site/input_Password_password"), "cnpXG5HhkrZpEXzNIGBMZQ=="): Text ****** has been set on object 'Object Repository/NewCategory/Page_Automation Testing Site Log in to the site/input_Password_password'

2022-01-15 19:03:53 - [MESSAGE][PASSED] - Text ****** has been set on object 'Object Repository/NewCategory/Page_Automation Testing Site Log in to the site/input_Password_password'

2022-01-15 19:03:53 - [TEST_STEP][PASSED] - click(findTestObject("Object Repository/NewCategory/Page_Automation Testing Site Log in to the site/button_Log in")): Object: 'Object Repository/NewCategory/Page_Automation Testing Site Log in to the site/button_Log in' is clicked on

2022-01-15 19:03:54 - [MESSAGE][PASSED] - Object: 'Object Repository/NewCategory/Page_Automation Testing Site Log in to the site/button_Log in' is clicked on

2022-01-15 19:03:54 - [TEST_STEP][PASSED] - click(findTestObject("Object Repository/NewCategory/Page_Dashboard/span_Site administration")): Object: 'Object Repository/NewCategory/Page_Dashboard/span_Site administration' is clicked on

2022-01-15 19:03:56 - [MESSAGE][PASSED] - Object: 'Object Repository/NewCategory/Page_Dashboard/span_Site administration' is clicked on

2022-01-15 19:03:56 - [TEST_STEP][PASSED] - click(findTestObject("Object Repository/NewCategory/Page_SiteTesting Administration Search/a_Courses")): Object: 'Object Repository/NewCategory/Page_SiteTesting Administration Search/a_Courses' is clicked on

2022-01-15 19:03:56 - [MESSAGE][PASSED] - Object: 'Object Repository/NewCategory/Page_SiteTesting Administration Search/a_Courses' is clicked on

2022-01-15 19:03:56 - [TEST_STEP][PASSED] - click(findTestObject("Object Repository/NewCategory/Page_SiteTesting Administration Search/a_Add a category")): Object: 'Object Repository/NewCategory/Page_SiteTesting Administration Search/a_Add a category' is clicked on

2022-01-15 19:03:58 - [MESSAGE][PASSED] - Object: 'Object Repository/NewCategory/Page_SiteTesting Administration Search/a_Add a category' is clicked on

2022-01-15 19:03:58 - [TEST_STEP][PASSED] - setText(findTestObject("Object Repository/NewCategory/Page_SiteTesting Add new category/input_Category name_name"), "test"): Text 'test' is set on object 'Object Repository/NewCategory/Page_SiteTesting Add new category/input_Category name_name'

2022-01-15 19:03:59 - [MESSAGE][PASSED] - Text 'test' is set on object 'Object Repository/NewCategory/Page_SiteTesting Add new category/input_Category name_name'

2022-01-15 19:03:59 - [TEST_STEP][PASSED] - setText(findTestObject("Object Repository/NewCategory/Page_SiteTesting Add new category/input_Category ID number_idnumber"), "1234"): Text '1234' is set on object 'Object Repository/NewCategory/Page_SiteTesting Add new category/input_Category ID number_idnumber'

2022-01-15 19:04:00 - [MESSAGE][PASSED] - Text '1234' is set on object 'Object Repository/NewCategory/Page_SiteTesting Add new category/input_Category ID number_idnumber'

2022-01-15 19:04:00 - [TEST_STEP][PASSED] - click(findTestObject("Object Repository/NewCategory/Page_SiteTesting Add new category/input_Description_submitbutton")): Object: 'Object Repository/NewCategory/Page_SiteTesting Add new category/input_Description_submitbutton' is clicked on

2022-01-15 19:04:01 - [MESSAGE][PASSED] - Object: 'Object Repository/NewCategory/Page_SiteTesting Add new category/input_Description_submitbutton' is clicked on

2022-01-15 19:04:01 - [TEST_STEP][PASSED] - verifyElementText(findTestObject("Object Repository/NewCategory/Page_Course and category management/h2_Course and category management"), "Course and category management"): Actual text and expected text of test object 'Object Repository/NewCategory/Page_Course and category management/h2_Course and category management' are matched.

2022-01-15 19:04:02 - [MESSAGE][PASSED] - Actual text and expected text of test object 'Object Repository/NewCategory/Page_Course and category management/h2_Course and category management' are matched.

2022-01-15 19:04:02 - [TEST_STEP][PASSED] - closeBrowser(STOP_ON_FAILURE): Browser is closed

2022-01-15 19:04:02 - [MESSAGE][PASSED] - Browser is closed]]></system-out>
         <system-err><![CDATA[]]></system-err>
      </testcase>
      <testcase name="Test Cases/NewCategory/3. Duplicate ID" time="15.915" classname="Test Cases/NewCategory/3. Duplicate ID" status="PASSED">
         <system-out><![CDATA[2022-01-15 19:04:02 - [TEST_CASE][PASSED] - Test Cases/NewCategory/3. Duplicate ID: Test Cases/NewCategory/3. Duplicate ID

2022-01-15 19:04:02 - [TEST_STEP][PASSED] - openBrowser(""): Browser is opened with url: ''

2022-01-15 19:04:02 - [MESSAGE][INFO] - Starting 'Edge Chromium' driver

2022-01-15 19:04:05 - [MESSAGE][INFO] - Action delay is set to 0 milliseconds

2022-01-15 19:04:06 - [MESSAGE][PASSED] - Browser is opened with url: ''

2022-01-15 19:04:06 - [TEST_STEP][PASSED] - navigateToUrl("http://localhost/"): Navigate to 'http://localhost/' successfully

2022-01-15 19:04:06 - [MESSAGE][PASSED] - Navigate to 'http://localhost/' successfully

2022-01-15 19:04:06 - [TEST_STEP][PASSED] - click(findTestObject("Object Repository/NewCategory/Page_Automation Testing Site/a_Log in")): Object: 'Object Repository/NewCategory/Page_Automation Testing Site/a_Log in' is clicked on

2022-01-15 19:04:07 - [MESSAGE][PASSED] - Object: 'Object Repository/NewCategory/Page_Automation Testing Site/a_Log in' is clicked on

2022-01-15 19:04:07 - [TEST_STEP][PASSED] - setText(findTestObject("Object Repository/NewCategory/Page_Automation Testing Site Log in to the site/input_Username_username"), "admin"): Text 'admin' is set on object 'Object Repository/NewCategory/Page_Automation Testing Site Log in to the site/input_Username_username'

2022-01-15 19:04:08 - [MESSAGE][PASSED] - Text 'admin' is set on object 'Object Repository/NewCategory/Page_Automation Testing Site Log in to the site/input_Username_username'

2022-01-15 19:04:08 - [TEST_STEP][PASSED] - setEncryptedText(findTestObject("Object Repository/NewCategory/Page_Automation Testing Site Log in to the site/input_Password_password"), "cnpXG5HhkrZpEXzNIGBMZQ=="): Text ****** has been set on object 'Object Repository/NewCategory/Page_Automation Testing Site Log in to the site/input_Password_password'

2022-01-15 19:04:08 - [MESSAGE][PASSED] - Text ****** has been set on object 'Object Repository/NewCategory/Page_Automation Testing Site Log in to the site/input_Password_password'

2022-01-15 19:04:08 - [TEST_STEP][PASSED] - click(findTestObject("Object Repository/NewCategory/Page_Automation Testing Site Log in to the site/button_Log in")): Object: 'Object Repository/NewCategory/Page_Automation Testing Site Log in to the site/button_Log in' is clicked on

2022-01-15 19:04:09 - [MESSAGE][PASSED] - Object: 'Object Repository/NewCategory/Page_Automation Testing Site Log in to the site/button_Log in' is clicked on

2022-01-15 19:04:09 - [TEST_STEP][PASSED] - click(findTestObject("Object Repository/NewCategory/Page_Dashboard/span_Site administration")): Object: 'Object Repository/NewCategory/Page_Dashboard/span_Site administration' is clicked on

2022-01-15 19:04:11 - [MESSAGE][PASSED] - Object: 'Object Repository/NewCategory/Page_Dashboard/span_Site administration' is clicked on

2022-01-15 19:04:11 - [TEST_STEP][PASSED] - click(findTestObject("Object Repository/NewCategory/Page_SiteTesting Administration Search/a_Courses")): Object: 'Object Repository/NewCategory/Page_SiteTesting Administration Search/a_Courses' is clicked on

2022-01-15 19:04:12 - [MESSAGE][PASSED] - Object: 'Object Repository/NewCategory/Page_SiteTesting Administration Search/a_Courses' is clicked on

2022-01-15 19:04:12 - [TEST_STEP][PASSED] - click(findTestObject("Object Repository/NewCategory/Page_SiteTesting Administration Search/a_Add a category")): Object: 'Object Repository/NewCategory/Page_SiteTesting Administration Search/a_Add a category' is clicked on

2022-01-15 19:04:13 - [MESSAGE][PASSED] - Object: 'Object Repository/NewCategory/Page_SiteTesting Administration Search/a_Add a category' is clicked on

2022-01-15 19:04:13 - [TEST_STEP][PASSED] - setText(findTestObject("Object Repository/NewCategory/Page_SiteTesting Add new category/input_Category name_name"), "test2"): Text 'test2' is set on object 'Object Repository/NewCategory/Page_SiteTesting Add new category/input_Category name_name'

2022-01-15 19:04:14 - [MESSAGE][PASSED] - Text 'test2' is set on object 'Object Repository/NewCategory/Page_SiteTesting Add new category/input_Category name_name'

2022-01-15 19:04:14 - [TEST_STEP][PASSED] - setText(findTestObject("Object Repository/NewCategory/Page_SiteTesting Add new category/input_Category ID number_idnumber"), "1234"): Text '1234' is set on object 'Object Repository/NewCategory/Page_SiteTesting Add new category/input_Category ID number_idnumber'

2022-01-15 19:04:15 - [MESSAGE][PASSED] - Text '1234' is set on object 'Object Repository/NewCategory/Page_SiteTesting Add new category/input_Category ID number_idnumber'

2022-01-15 19:04:15 - [TEST_STEP][PASSED] - click(findTestObject("Object Repository/NewCategory/Page_SiteTesting Add new category/input_Description_submitbutton")): Object: 'Object Repository/NewCategory/Page_SiteTesting Add new category/input_Description_submitbutton' is clicked on

2022-01-15 19:04:16 - [MESSAGE][PASSED] - Object: 'Object Repository/NewCategory/Page_SiteTesting Add new category/input_Description_submitbutton' is clicked on

2022-01-15 19:04:16 - [TEST_STEP][PASSED] - verifyElementText(findTestObject("Object Repository/NewCategory/Page_SiteTesting Add new category/div_ID number is already used for another category"), "ID number is already used for another category"): Actual text and expected text of test object 'Object Repository/NewCategory/Page_SiteTesting Add new category/div_ID number is already used for another category' are matched.

2022-01-15 19:04:17 - [MESSAGE][PASSED] - Actual text and expected text of test object 'Object Repository/NewCategory/Page_SiteTesting Add new category/div_ID number is already used for another category' are matched.

2022-01-15 19:04:17 - [TEST_STEP][PASSED] - closeBrowser(STOP_ON_FAILURE): Browser is closed

2022-01-15 19:04:18 - [MESSAGE][PASSED] - Browser is closed]]></system-out>
         <system-err><![CDATA[]]></system-err>
      </testcase>
      <testcase name="Test Cases/NewCourse/1. Create new course without enter any input field" time="13.498" classname="Test Cases/NewCourse/1. Create new course without enter any input field" status="PASSED">
         <system-out><![CDATA[2022-01-15 19:04:18 - [TEST_CASE][PASSED] - Test Cases/NewCourse/1. Create new course without enter any input field: Test Cases/NewCourse/1. Create new course without enter any input field

2022-01-15 19:04:18 - [TEST_STEP][PASSED] - openBrowser(""): Browser is opened with url: ''

2022-01-15 19:04:18 - [MESSAGE][INFO] - Starting 'Edge Chromium' driver

2022-01-15 19:04:21 - [MESSAGE][INFO] - Action delay is set to 0 milliseconds

2022-01-15 19:04:21 - [MESSAGE][PASSED] - Browser is opened with url: ''

2022-01-15 19:04:21 - [TEST_STEP][PASSED] - navigateToUrl("http://localhost/"): Navigate to 'http://localhost/' successfully

2022-01-15 19:04:22 - [MESSAGE][PASSED] - Navigate to 'http://localhost/' successfully

2022-01-15 19:04:22 - [TEST_STEP][PASSED] - click(findTestObject("NewCourse/Page_Automation Testing Site/a_Log in")): Object: 'Object Repository/NewCourse/Page_Automation Testing Site/a_Log in' is clicked on

2022-01-15 19:04:23 - [MESSAGE][PASSED] - Object: 'Object Repository/NewCourse/Page_Automation Testing Site/a_Log in' is clicked on

2022-01-15 19:04:23 - [TEST_STEP][PASSED] - setText(findTestObject("NewCourse/Page_Automation Testing Site Log in to the site/input_Username_username"), "admin"): Text 'admin' is set on object 'Object Repository/NewCourse/Page_Automation Testing Site Log in to the site/input_Username_username'

2022-01-15 19:04:24 - [MESSAGE][PASSED] - Text 'admin' is set on object 'Object Repository/NewCourse/Page_Automation Testing Site Log in to the site/input_Username_username'

2022-01-15 19:04:24 - [TEST_STEP][PASSED] - setEncryptedText(findTestObject("NewCourse/Page_Automation Testing Site Log in to the site/input_Password_password"), "cnpXG5HhkrZpEXzNIGBMZQ=="): Text ****** has been set on object 'Object Repository/NewCourse/Page_Automation Testing Site Log in to the site/input_Password_password'

2022-01-15 19:04:24 - [MESSAGE][PASSED] - Text ****** has been set on object 'Object Repository/NewCourse/Page_Automation Testing Site Log in to the site/input_Password_password'

2022-01-15 19:04:24 - [TEST_STEP][PASSED] - click(findTestObject("NewCourse/Page_Automation Testing Site Log in to the site/button_Log in")): Object: 'Object Repository/NewCourse/Page_Automation Testing Site Log in to the site/button_Log in' is clicked on

2022-01-15 19:04:25 - [MESSAGE][PASSED] - Object: 'Object Repository/NewCourse/Page_Automation Testing Site Log in to the site/button_Log in' is clicked on

2022-01-15 19:04:25 - [TEST_STEP][PASSED] - click(findTestObject("NewCourse/Page_Dashboard/span_Site administration")): Object: 'Object Repository/NewCourse/Page_Dashboard/span_Site administration' is clicked on

2022-01-15 19:04:27 - [MESSAGE][PASSED] - Object: 'Object Repository/NewCourse/Page_Dashboard/span_Site administration' is clicked on

2022-01-15 19:04:27 - [TEST_STEP][PASSED] - click(findTestObject("NewCourse/Page_SiteTesting Administration Search/a_Courses")): Object: 'Object Repository/NewCourse/Page_SiteTesting Administration Search/a_Courses' is clicked on

2022-01-15 19:04:28 - [MESSAGE][PASSED] - Object: 'Object Repository/NewCourse/Page_SiteTesting Administration Search/a_Courses' is clicked on

2022-01-15 19:04:28 - [TEST_STEP][PASSED] - click(findTestObject("NewCourse/Page_SiteTesting Administration Search/a_Add a new course")): Object: 'Object Repository/NewCourse/Page_SiteTesting Administration Search/a_Add a new course' is clicked on

2022-01-15 19:04:29 - [MESSAGE][PASSED] - Object: 'Object Repository/NewCourse/Page_SiteTesting Administration Search/a_Add a new course' is clicked on

2022-01-15 19:04:29 - [TEST_STEP][PASSED] - click(findTestObject("NewCourse/Page_SiteTesting Add a new course/input__saveanddisplay")): Object: 'Object Repository/NewCourse/Page_SiteTesting Add a new course/input__saveanddisplay' is clicked on

2022-01-15 19:04:30 - [MESSAGE][PASSED] - Object: 'Object Repository/NewCourse/Page_SiteTesting Add a new course/input__saveanddisplay' is clicked on

2022-01-15 19:04:30 - [TEST_STEP][PASSED] - verifyElementText(findTestObject("NewCourse/Page_SiteTesting Add a new course/div_- Missing full name"), "- Missing full name"): Actual text and expected text of test object 'Object Repository/NewCourse/Page_SiteTesting Add a new course/div_- Missing full name' are matched.

2022-01-15 19:04:31 - [MESSAGE][PASSED] - Actual text and expected text of test object 'Object Repository/NewCourse/Page_SiteTesting Add a new course/div_- Missing full name' are matched.

2022-01-15 19:04:31 - [TEST_STEP][PASSED] - closeBrowser(STOP_ON_FAILURE): Browser is closed

2022-01-15 19:04:32 - [MESSAGE][PASSED] - Browser is closed]]></system-out>
         <system-err><![CDATA[]]></system-err>
      </testcase>
      <testcase name="Test Cases/NewCourse/2. NewCourseWithCorrectData" time="17.927" classname="Test Cases/NewCourse/2. NewCourseWithCorrectData" status="PASSED">
         <system-out><![CDATA[2022-01-15 19:04:32 - [TEST_CASE][PASSED] - Test Cases/NewCourse/2. NewCourseWithCorrectData: Test Cases/NewCourse/2. NewCourseWithCorrectData

2022-01-15 19:04:32 - [TEST_STEP][PASSED] - openBrowser(""): Browser is opened with url: ''

2022-01-15 19:04:32 - [MESSAGE][INFO] - Starting 'Edge Chromium' driver

2022-01-15 19:04:34 - [MESSAGE][INFO] - Action delay is set to 0 milliseconds

2022-01-15 19:04:35 - [MESSAGE][PASSED] - Browser is opened with url: ''

2022-01-15 19:04:35 - [TEST_STEP][PASSED] - navigateToUrl("http://localhost/"): Navigate to 'http://localhost/' successfully

2022-01-15 19:04:36 - [MESSAGE][PASSED] - Navigate to 'http://localhost/' successfully

2022-01-15 19:04:36 - [TEST_STEP][PASSED] - click(findTestObject("NewCourse/Page_Automation Testing Site (1)/div_You are not logged in. (Log in)")): Object: 'Object Repository/NewCourse/Page_Automation Testing Site (1)/div_You are not logged in. (Log in)' is clicked on

2022-01-15 19:04:36 - [MESSAGE][PASSED] - Object: 'Object Repository/NewCourse/Page_Automation Testing Site (1)/div_You are not logged in. (Log in)' is clicked on

2022-01-15 19:04:36 - [TEST_STEP][PASSED] - click(findTestObject("NewCourse/Page_Automation Testing Site (1)/a_Log in")): Object: 'Object Repository/NewCourse/Page_Automation Testing Site (1)/a_Log in' is clicked on

2022-01-15 19:04:37 - [MESSAGE][PASSED] - Object: 'Object Repository/NewCourse/Page_Automation Testing Site (1)/a_Log in' is clicked on

2022-01-15 19:04:37 - [TEST_STEP][PASSED] - setText(findTestObject("NewCourse/Page_Automation Testing Site Log in to the site (1)/input_Username_username"), "admin"): Text 'admin' is set on object 'Object Repository/NewCourse/Page_Automation Testing Site Log in to the site (1)/input_Username_username'

2022-01-15 19:04:38 - [MESSAGE][PASSED] - Text 'admin' is set on object 'Object Repository/NewCourse/Page_Automation Testing Site Log in to the site (1)/input_Username_username'

2022-01-15 19:04:38 - [TEST_STEP][PASSED] - setEncryptedText(findTestObject("NewCourse/Page_Automation Testing Site Log in to the site (1)/input_Password_password"), "cnpXG5HhkrZpEXzNIGBMZQ=="): Text ****** has been set on object 'Object Repository/NewCourse/Page_Automation Testing Site Log in to the site (1)/input_Password_password'

2022-01-15 19:04:38 - [MESSAGE][PASSED] - Text ****** has been set on object 'Object Repository/NewCourse/Page_Automation Testing Site Log in to the site (1)/input_Password_password'

2022-01-15 19:04:38 - [TEST_STEP][PASSED] - click(findTestObject("NewCourse/Page_Automation Testing Site Log in to the site (1)/button_Log in")): Object: 'Object Repository/NewCourse/Page_Automation Testing Site Log in to the site (1)/button_Log in' is clicked on

2022-01-15 19:04:39 - [MESSAGE][PASSED] - Object: 'Object Repository/NewCourse/Page_Automation Testing Site Log in to the site (1)/button_Log in' is clicked on

2022-01-15 19:04:39 - [TEST_STEP][PASSED] - click(findTestObject("NewCourse/Page_Dashboard (1)/span_Site administration")): Object: 'Object Repository/NewCourse/Page_Dashboard (1)/span_Site administration' is clicked on

2022-01-15 19:04:42 - [MESSAGE][PASSED] - Object: 'Object Repository/NewCourse/Page_Dashboard (1)/span_Site administration' is clicked on

2022-01-15 19:04:42 - [TEST_STEP][PASSED] - click(findTestObject("NewCourse/Page_SiteTesting Administration Search (1)/a_Courses")): Object: 'Object Repository/NewCourse/Page_SiteTesting Administration Search (1)/a_Courses' is clicked on

2022-01-15 19:04:42 - [MESSAGE][PASSED] - Object: 'Object Repository/NewCourse/Page_SiteTesting Administration Search (1)/a_Courses' is clicked on

2022-01-15 19:04:42 - [TEST_STEP][PASSED] - click(findTestObject("NewCourse/Page_SiteTesting Administration Search (1)/a_Add a new course")): Object: 'Object Repository/NewCourse/Page_SiteTesting Administration Search (1)/a_Add a new course' is clicked on

2022-01-15 19:04:44 - [MESSAGE][PASSED] - Object: 'Object Repository/NewCourse/Page_SiteTesting Administration Search (1)/a_Add a new course' is clicked on

2022-01-15 19:04:44 - [TEST_STEP][PASSED] - setText(findTestObject("NewCourse/Page_SiteTesting Add a new course (1)/input_Course full name_fullname"), "Init Course"): Text 'Init Course' is set on object 'Object Repository/NewCourse/Page_SiteTesting Add a new course (1)/input_Course full name_fullname'

2022-01-15 19:04:45 - [MESSAGE][PASSED] - Text 'Init Course' is set on object 'Object Repository/NewCourse/Page_SiteTesting Add a new course (1)/input_Course full name_fullname'

2022-01-15 19:04:45 - [TEST_STEP][PASSED] - setText(findTestObject("NewCourse/Page_SiteTesting Add a new course (1)/input_Course short name_shortname"), "test"): Text 'test' is set on object 'Object Repository/NewCourse/Page_SiteTesting Add a new course (1)/input_Course short name_shortname'

2022-01-15 19:04:46 - [MESSAGE][PASSED] - Text 'test' is set on object 'Object Repository/NewCourse/Page_SiteTesting Add a new course (1)/input_Course short name_shortname'

2022-01-15 19:04:46 - [TEST_STEP][PASSED] - setText(findTestObject("Object Repository/NewCourse/Page_SiteTesting Add a new course/input_Course ID number_idnumber"), "123"): Text '123' is set on object 'Object Repository/NewCourse/Page_SiteTesting Add a new course/input_Course ID number_idnumber'

2022-01-15 19:04:47 - [MESSAGE][PASSED] - Text '123' is set on object 'Object Repository/NewCourse/Page_SiteTesting Add a new course/input_Course ID number_idnumber'

2022-01-15 19:04:47 - [TEST_STEP][PASSED] - click(findTestObject("NewCourse/Page_SiteTesting Add a new course (1)/input__saveanddisplay")): Object: 'Object Repository/NewCourse/Page_SiteTesting Add a new course (1)/input__saveanddisplay' is clicked on

2022-01-15 19:04:48 - [MESSAGE][PASSED] - Object: 'Object Repository/NewCourse/Page_SiteTesting Add a new course (1)/input__saveanddisplay' is clicked on

2022-01-15 19:04:48 - [TEST_STEP][PASSED] - verifyTextPresent("Init Course", false): Text 'Init Course' is present on page 

2022-01-15 19:04:49 - [MESSAGE][PASSED] - Text 'Init Course' is present on page 

2022-01-15 19:04:49 - [TEST_STEP][PASSED] - closeBrowser(STOP_ON_FAILURE): Browser is closed

2022-01-15 19:04:50 - [MESSAGE][PASSED] - Browser is closed]]></system-out>
         <system-err><![CDATA[]]></system-err>
      </testcase>
      <testcase name="Test Cases/Xóa tài khoản/Xóa hết tài khoản đã tạo" time="38.266" classname="Test Cases/Xóa tài khoản/Xóa hết tài khoản đã tạo" status="PASSED">
         <system-out><![CDATA[2022-01-15 19:04:50 - [TEST_CASE][PASSED] - Test Cases/Xóa tài khoản/Xóa hết tài khoản đã tạo: Test Cases/Xóa tài khoản/Xóa hết tài khoản đã tạo

2022-01-15 19:04:50 - [TEST_STEP][PASSED] - callTestCase(findTestCase("Kiểm tra thẻ Site Administration/Đăng nhập thành công"), [:], STOP_ON_FAILURE): Call Test Case 'Test Cases/Kiểm tra thẻ Site Administration/Đăng nhập thành công' successfully

2022-01-15 19:04:50 - [TEST_CASE][PASSED] - Test Cases/Kiểm tra thẻ Site Administration/Đăng nhập thành công: Test Cases/Kiểm tra thẻ Site Administration/Đăng nhập thành công

2022-01-15 19:04:50 - [TEST_STEP][PASSED] - openBrowser(""): Browser is opened with url: ''

2022-01-15 19:04:50 - [MESSAGE][INFO] - Starting 'Edge Chromium' driver

2022-01-15 19:04:52 - [MESSAGE][INFO] - Action delay is set to 0 milliseconds

2022-01-15 19:04:53 - [MESSAGE][PASSED] - Browser is opened with url: ''

2022-01-15 19:04:53 - [TEST_STEP][PASSED] - navigateToUrl("http://localhost/"): Navigate to 'http://localhost/' successfully

2022-01-15 19:04:53 - [MESSAGE][PASSED] - Navigate to 'http://localhost/' successfully

2022-01-15 19:04:53 - [TEST_STEP][PASSED] - click(findTestObject("Object Repository/LoginObject/Page_Automation Testing Site/a_Log in")): Object: 'Object Repository/LoginObject/Page_Automation Testing Site/a_Log in' is clicked on

2022-01-15 19:04:54 - [MESSAGE][PASSED] - Object: 'Object Repository/LoginObject/Page_Automation Testing Site/a_Log in' is clicked on

2022-01-15 19:04:54 - [TEST_STEP][PASSED] - setText(findTestObject("Object Repository/LoginObject/Page_Automation Testing Site Log in to the site/input_Username_username"), "admin"): Text 'admin' is set on object 'Object Repository/LoginObject/Page_Automation Testing Site Log in to the site/input_Username_username'

2022-01-15 19:04:55 - [MESSAGE][PASSED] - Text 'admin' is set on object 'Object Repository/LoginObject/Page_Automation Testing Site Log in to the site/input_Username_username'

2022-01-15 19:04:55 - [TEST_STEP][PASSED] - setEncryptedText(findTestObject("Object Repository/LoginObject/Page_Automation Testing Site Log in to the site/input_Password_password"), "cnpXG5HhkrZpEXzNIGBMZQ=="): Text ****** has been set on object 'Object Repository/LoginObject/Page_Automation Testing Site Log in to the site/input_Password_password'

2022-01-15 19:04:56 - [MESSAGE][PASSED] - Text ****** has been set on object 'Object Repository/LoginObject/Page_Automation Testing Site Log in to the site/input_Password_password'

2022-01-15 19:04:56 - [TEST_STEP][PASSED] - click(findTestObject("Object Repository/LoginObject/Page_Automation Testing Site Log in to the site/button_Log in")): Object: 'Object Repository/LoginObject/Page_Automation Testing Site Log in to the site/button_Log in' is clicked on

2022-01-15 19:04:57 - [MESSAGE][PASSED] - Object: 'Object Repository/LoginObject/Page_Automation Testing Site Log in to the site/button_Log in' is clicked on

2022-01-15 19:04:57 - [TEST_STEP][PASSED] - verifyElementText(findTestObject("Object Repository/LoginObject/Page_Dashboard/span_Site administration"), "Site administration"): Actual text and expected text of test object 'Object Repository/LoginObject/Page_Dashboard/span_Site administration' are matched.

2022-01-15 19:04:58 - [MESSAGE][PASSED] - Actual text and expected text of test object 'Object Repository/LoginObject/Page_Dashboard/span_Site administration' are matched.

2022-01-15 19:04:58 - [MESSAGE][PASSED] - Call Test Case 'Test Cases/Kiểm tra thẻ Site Administration/Đăng nhập thành công' successfully

2022-01-15 19:04:58 - [TEST_STEP][PASSED] - click(findTestObject("Object Repository/AddANewUserObject/Page_Dashboard/span_Site administration")): Object: 'Object Repository/AddANewUserObject/Page_Dashboard/span_Site administration' is clicked on

2022-01-15 19:04:59 - [MESSAGE][PASSED] - Object: 'Object Repository/AddANewUserObject/Page_Dashboard/span_Site administration' is clicked on

2022-01-15 19:04:59 - [TEST_STEP][PASSED] - navigateToUrl("http://localhost/admin/search.php"): Navigate to 'http://localhost/admin/search.php' successfully

2022-01-15 19:05:00 - [MESSAGE][PASSED] - Navigate to 'http://localhost/admin/search.php' successfully

2022-01-15 19:05:00 - [TEST_STEP][PASSED] - click(findTestObject("Object Repository/DeleteAnAccount/Page_SiteTesting Administration Search/a_Users")): Object: 'Object Repository/DeleteAnAccount/Page_SiteTesting Administration Search/a_Users' is clicked on

2022-01-15 19:05:01 - [MESSAGE][PASSED] - Object: 'Object Repository/DeleteAnAccount/Page_SiteTesting Administration Search/a_Users' is clicked on

2022-01-15 19:05:01 - [TEST_STEP][PASSED] - click(findTestObject("Object Repository/DeleteAnAccount/Page_SiteTesting Administration Search/a_Browse list of users")): Object: 'Object Repository/DeleteAnAccount/Page_SiteTesting Administration Search/a_Browse list of users' is clicked on

2022-01-15 19:05:02 - [MESSAGE][PASSED] - Object: 'Object Repository/DeleteAnAccount/Page_SiteTesting Administration Search/a_Browse list of users' is clicked on

2022-01-15 19:05:02 - [TEST_STEP][PASSED] - navigateToUrl("http://localhost/admin/user.php"): Navigate to 'http://localhost/admin/user.php' successfully

2022-01-15 19:05:03 - [MESSAGE][PASSED] - Navigate to 'http://localhost/admin/user.php' successfully

2022-01-15 19:05:03 - [TEST_STEP][PASSED] - while (true): null

2022-01-15 19:05:03 - [TEST_STEP][PASSED] - if (waitForElementVisible(findTestObject("Object Repository/DeleteAllObject/Page_SiteTesting Administration Users Accou_36dc4d/i_Never_icon fa fa-trash fa-fw"), 1, OPTIONAL) == false): Object 'Object Repository/DeleteAllObject/Page_SiteTesting Administration Users Accou_36dc4d/i_Never_icon fa fa-trash fa-fw' is visible

2022-01-15 19:05:03 - [MESSAGE][PASSED] - Object 'Object Repository/DeleteAllObject/Page_SiteTesting Administration Users Accou_36dc4d/i_Never_icon fa fa-trash fa-fw' is visible

2022-01-15 19:05:03 - [TEST_STEP][PASSED] - click(findTestObject("Object Repository/DeleteAllObject/Page_SiteTesting Administration Users Accou_36dc4d/i_Never_icon fa fa-trash fa-fw")): Object: 'Object Repository/DeleteAllObject/Page_SiteTesting Administration Users Accou_36dc4d/i_Never_icon fa fa-trash fa-fw' is clicked on

2022-01-15 19:05:04 - [MESSAGE][PASSED] - Object: 'Object Repository/DeleteAllObject/Page_SiteTesting Administration Users Accou_36dc4d/i_Never_icon fa fa-trash fa-fw' is clicked on

2022-01-15 19:05:04 - [TEST_STEP][PASSED] - click(findTestObject("Object Repository/DeleteAllObject/Page_SiteTesting Administration Users Accou_36dc4d/button_Delete")): Object: 'Object Repository/DeleteAllObject/Page_SiteTesting Administration Users Accou_36dc4d/button_Delete' is clicked on

2022-01-15 19:05:06 - [MESSAGE][PASSED] - Object: 'Object Repository/DeleteAllObject/Page_SiteTesting Administration Users Accou_36dc4d/button_Delete' is clicked on

2022-01-15 19:05:06 - [TEST_STEP][PASSED] - navigateToUrl("http://localhost/admin/user.php?sort=name&dir=ASC&perpage=30&page=0&delete=57&sesskey=OUmxCxziON"): Navigate to 'http://localhost/admin/user.php?sort=name&dir=ASC&perpage=30&page=0&delete=57&sesskey=OUmxCxziON' successfully

2022-01-15 19:05:06 - [MESSAGE][PASSED] - Navigate to 'http://localhost/admin/user.php?sort=name&dir=ASC&perpage=30&page=0&delete=57&sesskey=OUmxCxziON' successfully

2022-01-15 19:05:06 - [TEST_STEP][PASSED] - if (waitForElementVisible(findTestObject("Object Repository/DeleteAllObject/Page_SiteTesting Administration Users Accou_36dc4d/i_Never_icon fa fa-trash fa-fw"), 1, OPTIONAL) == false): Object 'Object Repository/DeleteAllObject/Page_SiteTesting Administration Users Accou_36dc4d/i_Never_icon fa fa-trash fa-fw' is visible

2022-01-15 19:05:07 - [MESSAGE][PASSED] - Object 'Object Repository/DeleteAllObject/Page_SiteTesting Administration Users Accou_36dc4d/i_Never_icon fa fa-trash fa-fw' is visible

2022-01-15 19:05:07 - [TEST_STEP][PASSED] - click(findTestObject("Object Repository/DeleteAllObject/Page_SiteTesting Administration Users Accou_36dc4d/i_Never_icon fa fa-trash fa-fw")): Object: 'Object Repository/DeleteAllObject/Page_SiteTesting Administration Users Accou_36dc4d/i_Never_icon fa fa-trash fa-fw' is clicked on

2022-01-15 19:05:08 - [MESSAGE][PASSED] - Object: 'Object Repository/DeleteAllObject/Page_SiteTesting Administration Users Accou_36dc4d/i_Never_icon fa fa-trash fa-fw' is clicked on

2022-01-15 19:05:08 - [TEST_STEP][PASSED] - click(findTestObject("Object Repository/DeleteAllObject/Page_SiteTesting Administration Users Accou_36dc4d/button_Delete")): Object: 'Object Repository/DeleteAllObject/Page_SiteTesting Administration Users Accou_36dc4d/button_Delete' is clicked on

2022-01-15 19:05:09 - [MESSAGE][PASSED] - Object: 'Object Repository/DeleteAllObject/Page_SiteTesting Administration Users Accou_36dc4d/button_Delete' is clicked on

2022-01-15 19:05:09 - [TEST_STEP][PASSED] - navigateToUrl("http://localhost/admin/user.php?sort=name&dir=ASC&perpage=30&page=0&delete=57&sesskey=OUmxCxziON"): Navigate to 'http://localhost/admin/user.php?sort=name&dir=ASC&perpage=30&page=0&delete=57&sesskey=OUmxCxziON' successfully

2022-01-15 19:05:10 - [MESSAGE][PASSED] - Navigate to 'http://localhost/admin/user.php?sort=name&dir=ASC&perpage=30&page=0&delete=57&sesskey=OUmxCxziON' successfully

2022-01-15 19:05:10 - [TEST_STEP][PASSED] - if (waitForElementVisible(findTestObject("Object Repository/DeleteAllObject/Page_SiteTesting Administration Users Accou_36dc4d/i_Never_icon fa fa-trash fa-fw"), 1, OPTIONAL) == false): Object 'Object Repository/DeleteAllObject/Page_SiteTesting Administration Users Accou_36dc4d/i_Never_icon fa fa-trash fa-fw' is visible

2022-01-15 19:05:10 - [MESSAGE][PASSED] - Object 'Object Repository/DeleteAllObject/Page_SiteTesting Administration Users Accou_36dc4d/i_Never_icon fa fa-trash fa-fw' is visible

2022-01-15 19:05:10 - [TEST_STEP][PASSED] - click(findTestObject("Object Repository/DeleteAllObject/Page_SiteTesting Administration Users Accou_36dc4d/i_Never_icon fa fa-trash fa-fw")): Object: 'Object Repository/DeleteAllObject/Page_SiteTesting Administration Users Accou_36dc4d/i_Never_icon fa fa-trash fa-fw' is clicked on

2022-01-15 19:05:11 - [MESSAGE][PASSED] - Object: 'Object Repository/DeleteAllObject/Page_SiteTesting Administration Users Accou_36dc4d/i_Never_icon fa fa-trash fa-fw' is clicked on

2022-01-15 19:05:11 - [TEST_STEP][PASSED] - click(findTestObject("Object Repository/DeleteAllObject/Page_SiteTesting Administration Users Accou_36dc4d/button_Delete")): Object: 'Object Repository/DeleteAllObject/Page_SiteTesting Administration Users Accou_36dc4d/button_Delete' is clicked on

2022-01-15 19:05:13 - [MESSAGE][PASSED] - Object: 'Object Repository/DeleteAllObject/Page_SiteTesting Administration Users Accou_36dc4d/button_Delete' is clicked on

2022-01-15 19:05:13 - [TEST_STEP][PASSED] - navigateToUrl("http://localhost/admin/user.php?sort=name&dir=ASC&perpage=30&page=0&delete=57&sesskey=OUmxCxziON"): Navigate to 'http://localhost/admin/user.php?sort=name&dir=ASC&perpage=30&page=0&delete=57&sesskey=OUmxCxziON' successfully

2022-01-15 19:05:13 - [MESSAGE][PASSED] - Navigate to 'http://localhost/admin/user.php?sort=name&dir=ASC&perpage=30&page=0&delete=57&sesskey=OUmxCxziON' successfully

2022-01-15 19:05:13 - [TEST_STEP][PASSED] - if (waitForElementVisible(findTestObject("Object Repository/DeleteAllObject/Page_SiteTesting Administration Users Accou_36dc4d/i_Never_icon fa fa-trash fa-fw"), 1, OPTIONAL) == false): Object 'Object Repository/DeleteAllObject/Page_SiteTesting Administration Users Accou_36dc4d/i_Never_icon fa fa-trash fa-fw' is visible

2022-01-15 19:05:14 - [MESSAGE][PASSED] - Object 'Object Repository/DeleteAllObject/Page_SiteTesting Administration Users Accou_36dc4d/i_Never_icon fa fa-trash fa-fw' is visible

2022-01-15 19:05:14 - [TEST_STEP][PASSED] - click(findTestObject("Object Repository/DeleteAllObject/Page_SiteTesting Administration Users Accou_36dc4d/i_Never_icon fa fa-trash fa-fw")): Object: 'Object Repository/DeleteAllObject/Page_SiteTesting Administration Users Accou_36dc4d/i_Never_icon fa fa-trash fa-fw' is clicked on

2022-01-15 19:05:15 - [MESSAGE][PASSED] - Object: 'Object Repository/DeleteAllObject/Page_SiteTesting Administration Users Accou_36dc4d/i_Never_icon fa fa-trash fa-fw' is clicked on

2022-01-15 19:05:15 - [TEST_STEP][PASSED] - click(findTestObject("Object Repository/DeleteAllObject/Page_SiteTesting Administration Users Accou_36dc4d/button_Delete")): Object: 'Object Repository/DeleteAllObject/Page_SiteTesting Administration Users Accou_36dc4d/button_Delete' is clicked on

2022-01-15 19:05:16 - [MESSAGE][PASSED] - Object: 'Object Repository/DeleteAllObject/Page_SiteTesting Administration Users Accou_36dc4d/button_Delete' is clicked on

2022-01-15 19:05:16 - [TEST_STEP][PASSED] - navigateToUrl("http://localhost/admin/user.php?sort=name&dir=ASC&perpage=30&page=0&delete=57&sesskey=OUmxCxziON"): Navigate to 'http://localhost/admin/user.php?sort=name&dir=ASC&perpage=30&page=0&delete=57&sesskey=OUmxCxziON' successfully

2022-01-15 19:05:16 - [MESSAGE][PASSED] - Navigate to 'http://localhost/admin/user.php?sort=name&dir=ASC&perpage=30&page=0&delete=57&sesskey=OUmxCxziON' successfully

2022-01-15 19:05:16 - [TEST_STEP][PASSED] - if (waitForElementVisible(findTestObject("Object Repository/DeleteAllObject/Page_SiteTesting Administration Users Accou_36dc4d/i_Never_icon fa fa-trash fa-fw"), 1, OPTIONAL) == false): null

2022-01-15 19:05:19 - [MESSAGE][INFO] - Unable to find the element located by 'By.xpath: //i[@class = 'icon fa fa-trash fa-fw ' and @title = 'Delete']'. Please recheck the objects properties to make sure the desired element is located. 

2022-01-15 19:05:19 - [MESSAGE][WARNING] - [SELF-HEALING] Failed to find element with id 'Object Repository/DeleteAllObject/Page_SiteTesting Administration Users Accou_36dc4d/i_Never_icon fa fa-trash fa-fw'. Try using Self-healing.

2022-01-15 19:05:20 - [MESSAGE][INFO] - Unable to find the element located by 'By.xpath: //a[@id='yui_3_17_2_1_1641381882105_554']/i'. Please recheck the objects properties to make sure the desired element is located. 

2022-01-15 19:05:20 - [MESSAGE][INFO] - [SELF-HEALING] Failed Locator: '//a[@id='yui_3_17_2_1_1641381882105_554']/i'.

2022-01-15 19:05:20 - [MESSAGE][INFO] - [SELF-HEALING] Failed Locator: '//tr[4]/td[6]/a/i'.

2022-01-15 19:05:21 - [MESSAGE][INFO] - [SELF-HEALING] Failed Locator: '//a[@id='yui_3_17_2_1_1641381882105_554']/i'.

2022-01-15 19:05:21 - [MESSAGE][INFO] - [SELF-HEALING] Failed Locator: '//tr[4]/td[6]/a/i'.

2022-01-15 19:05:22 - [MESSAGE][INFO] - Unable to find the element located by 'By.cssSelector: '. Please recheck the objects properties to make sure the desired element is located. 

2022-01-15 19:05:22 - [MESSAGE][WARNING] - Web element with id: 'Object Repository/DeleteAllObject/Page_SiteTesting Administration Users Accou_36dc4d/i_Never_icon fa fa-trash fa-fw' located by '//i[@class = 'icon fa fa-trash fa-fw ' and @title = 'Delete']' not found

2022-01-15 19:05:22 - [TEST_STEP][PASSED] - break: null

2022-01-15 19:05:22 - [TEST_STEP][PASSED] - if (waitForElementVisible(findTestObject("Object Repository/DeleteAllObject/Page_SiteTesting Administration Users Accou_36dc4d/i_Never_icon fa fa-trash fa-fw"), 1, OPTIONAL) == true): Web element with id: 'Object Repository/DeleteAllObject/Page_SiteTesting Administration Users Accou_36dc4d/i_Never_icon fa fa-trash fa-fw' located by '//i[@class = 'icon fa fa-trash fa-fw ' and @title = 'Delete']' not found

2022-01-15 19:05:24 - [MESSAGE][INFO] - Unable to find the element located by 'By.xpath: //i[@class = 'icon fa fa-trash fa-fw ' and @title = 'Delete']'. Please recheck the objects properties to make sure the desired element is located. 

2022-01-15 19:05:24 - [MESSAGE][WARNING] - [SELF-HEALING] Failed to find element with id 'Object Repository/DeleteAllObject/Page_SiteTesting Administration Users Accou_36dc4d/i_Never_icon fa fa-trash fa-fw'. Try using Self-healing.

2022-01-15 19:05:26 - [MESSAGE][INFO] - Unable to find the element located by 'By.xpath: //a[@id='yui_3_17_2_1_1641381882105_554']/i'. Please recheck the objects properties to make sure the desired element is located. 

2022-01-15 19:05:26 - [MESSAGE][INFO] - [SELF-HEALING] Failed Locator: '//a[@id='yui_3_17_2_1_1641381882105_554']/i'.

2022-01-15 19:05:26 - [MESSAGE][INFO] - [SELF-HEALING] Failed Locator: '//tr[4]/td[6]/a/i'.

2022-01-15 19:05:26 - [MESSAGE][INFO] - [SELF-HEALING] Failed Locator: '//a[@id='yui_3_17_2_1_1641381882105_554']/i'.

2022-01-15 19:05:27 - [MESSAGE][INFO] - [SELF-HEALING] Failed Locator: '//tr[4]/td[6]/a/i'.

2022-01-15 19:05:28 - [MESSAGE][INFO] - Unable to find the element located by 'By.cssSelector: '. Please recheck the objects properties to make sure the desired element is located. 

2022-01-15 19:05:28 - [MESSAGE][WARNING] - Web element with id: 'Object Repository/DeleteAllObject/Page_SiteTesting Administration Users Accou_36dc4d/i_Never_icon fa fa-trash fa-fw' located by '//i[@class = 'icon fa fa-trash fa-fw ' and @title = 'Delete']' not found]]></system-out>
         <system-err><![CDATA[]]></system-err>
      </testcase>
      <system-out><![CDATA[2022-01-15 18:36:08 - [TEST_SUITE][FAILED] - Run all test cases: Test Cases/Kiểm tra thẻ Site Administration/Đăng nhập dưới quyền Ẩn danh FAILED.
Reason:
com.kms.katalon.core.exception.StepFailedException: Unable to verify object 'Object Repository/AnonymousSignIn/Page_Automation Testing Site Log in to the site/button_Log in as a guest' is present
	at com.kms.katalon.core.webui.keyword.internal.WebUIKeywordMain.stepFailed(WebUIKeywordMain.groovy:64)
	at com.kms.katalon.core.webui.keyword.internal.WebUIKeywordMain.runKeyword(WebUIKeywordMain.groovy:26)
	at com.kms.katalon.core.webui.keyword.builtin.VerifyElementPresentKeyword.verifyElementPresent(VerifyElementPresentKeyword.groovy:92)
	at com.kms.katalon.core.webui.keyword.builtin.VerifyElementPresentKeyword.execute(VerifyElementPresentKeyword.groovy:68)
	at com.kms.katalon.core.keyword.internal.KeywordExecutor.executeKeywordForPlatform(KeywordExecutor.groovy:74)
	at com.kms.katalon.core.webui.keyword.WebUiBuiltInKeywords.verifyElementPresent(WebUiBuiltInKeywords.groovy:1464)
	at com.kms.katalon.core.webui.keyword.WebUiBuiltInKeywords$verifyElementPresent$10.call(Unknown Source)
	at Đăng nhập dưới quyền Ẩn danh.run(Đăng nhập dưới quyền Ẩn danh:26)
	at com.kms.katalon.core.main.ScriptEngine.run(ScriptEngine.java:194)
	at com.kms.katalon.core.main.ScriptEngine.runScriptAsRawText(ScriptEngine.java:119)
	at com.kms.katalon.core.main.TestCaseExecutor.runScript(TestCaseExecutor.java:442)
	at com.kms.katalon.core.main.TestCaseExecutor.doExecute(TestCaseExecutor.java:433)
	at com.kms.katalon.core.main.TestCaseExecutor.processExecutionPhase(TestCaseExecutor.java:412)
	at com.kms.katalon.core.main.TestCaseExecutor.accessMainPhase(TestCaseExecutor.java:404)
	at com.kms.katalon.core.main.TestCaseExecutor.execute(TestCaseExecutor.java:281)
	at com.kms.katalon.core.main.TestSuiteExecutor.accessTestCaseMainPhase(TestSuiteExecutor.java:202)
	at com.kms.katalon.core.main.TestSuiteExecutor.accessTestSuiteMainPhase(TestSuiteExecutor.java:164)
	at com.kms.katalon.core.main.TestSuiteExecutor.execute(TestSuiteExecutor.java:105)
	at com.kms.katalon.core.main.TestCaseMain.startTestSuite(TestCaseMain.java:181)
	at com.kms.katalon.core.main.TestCaseMain$startTestSuite$0.call(Unknown Source)
	at TempTestSuite1642246556726.run(TempTestSuite1642246556726.groovy:36)
Caused by: com.kms.katalon.core.exception.StepFailedException: com.kms.katalon.core.webui.exception.WebElementNotFoundException: Web element with id: 'Object Repository/AnonymousSignIn/Page_Automation Testing Site Log in to the site/button_Log in as a guest' located by '(//button[@type='submit'])[2]' not found
	at com.kms.katalon.core.webui.keyword.internal.WebUIKeywordMain.stepFailed(WebUIKeywordMain.groovy:64)
	at com.kms.katalon.core.webui.keyword.builtin.VerifyElementPresentKeyword$_verifyElementPresent_closure1.doCall(VerifyElementPresentKeyword.groovy:85)
	at com.kms.katalon.core.webui.keyword.builtin.VerifyElementPresentKeyword$_verifyElementPresent_closure1.call(VerifyElementPresentKeyword.groovy)
	at com.kms.katalon.core.webui.keyword.internal.WebUIKeywordMain.runKeyword(WebUIKeywordMain.groovy:20)
	... 19 more]]></system-out>
      <system-err><![CDATA[2022-01-15 18:36:08 - [TEST_SUITE][FAILED] - Run all test cases: Test Cases/Kiểm tra thẻ Site Administration/Đăng nhập dưới quyền Ẩn danh FAILED.
Reason:
com.kms.katalon.core.exception.StepFailedException: Unable to verify object 'Object Repository/AnonymousSignIn/Page_Automation Testing Site Log in to the site/button_Log in as a guest' is present
	at com.kms.katalon.core.webui.keyword.internal.WebUIKeywordMain.stepFailed(WebUIKeywordMain.groovy:64)
	at com.kms.katalon.core.webui.keyword.internal.WebUIKeywordMain.runKeyword(WebUIKeywordMain.groovy:26)
	at com.kms.katalon.core.webui.keyword.builtin.VerifyElementPresentKeyword.verifyElementPresent(VerifyElementPresentKeyword.groovy:92)
	at com.kms.katalon.core.webui.keyword.builtin.VerifyElementPresentKeyword.execute(VerifyElementPresentKeyword.groovy:68)
	at com.kms.katalon.core.keyword.internal.KeywordExecutor.executeKeywordForPlatform(KeywordExecutor.groovy:74)
	at com.kms.katalon.core.webui.keyword.WebUiBuiltInKeywords.verifyElementPresent(WebUiBuiltInKeywords.groovy:1464)
	at com.kms.katalon.core.webui.keyword.WebUiBuiltInKeywords$verifyElementPresent$10.call(Unknown Source)
	at Đăng nhập dưới quyền Ẩn danh.run(Đăng nhập dưới quyền Ẩn danh:26)
	at com.kms.katalon.core.main.ScriptEngine.run(ScriptEngine.java:194)
	at com.kms.katalon.core.main.ScriptEngine.runScriptAsRawText(ScriptEngine.java:119)
	at com.kms.katalon.core.main.TestCaseExecutor.runScript(TestCaseExecutor.java:442)
	at com.kms.katalon.core.main.TestCaseExecutor.doExecute(TestCaseExecutor.java:433)
	at com.kms.katalon.core.main.TestCaseExecutor.processExecutionPhase(TestCaseExecutor.java:412)
	at com.kms.katalon.core.main.TestCaseExecutor.accessMainPhase(TestCaseExecutor.java:404)
	at com.kms.katalon.core.main.TestCaseExecutor.execute(TestCaseExecutor.java:281)
	at com.kms.katalon.core.main.TestSuiteExecutor.accessTestCaseMainPhase(TestSuiteExecutor.java:202)
	at com.kms.katalon.core.main.TestSuiteExecutor.accessTestSuiteMainPhase(TestSuiteExecutor.java:164)
	at com.kms.katalon.core.main.TestSuiteExecutor.execute(TestSuiteExecutor.java:105)
	at com.kms.katalon.core.main.TestCaseMain.startTestSuite(TestCaseMain.java:181)
	at com.kms.katalon.core.main.TestCaseMain$startTestSuite$0.call(Unknown Source)
	at TempTestSuite1642246556726.run(TempTestSuite1642246556726.groovy:36)
Caused by: com.kms.katalon.core.exception.StepFailedException: com.kms.katalon.core.webui.exception.WebElementNotFoundException: Web element with id: 'Object Repository/AnonymousSignIn/Page_Automation Testing Site Log in to the site/button_Log in as a guest' located by '(//button[@type='submit'])[2]' not found
	at com.kms.katalon.core.webui.keyword.internal.WebUIKeywordMain.stepFailed(WebUIKeywordMain.groovy:64)
	at com.kms.katalon.core.webui.keyword.builtin.VerifyElementPresentKeyword$_verifyElementPresent_closure1.doCall(VerifyElementPresentKeyword.groovy:85)
	at com.kms.katalon.core.webui.keyword.builtin.VerifyElementPresentKeyword$_verifyElementPresent_closure1.call(VerifyElementPresentKeyword.groovy)
	at com.kms.katalon.core.webui.keyword.internal.WebUIKeywordMain.runKeyword(WebUIKeywordMain.groovy:20)
	... 19 more]]></system-err>
   </testsuite>
</testsuites>
